[2026-03-23T10:03:34.613+0000] {processor.py:161} INFO - Started process (PID=72) to work on /opt/airflow/dags/our_first_dag.py
[2026-03-23T10:03:34.615+0000] {processor.py:830} INFO - Processing file /opt/airflow/dags/our_first_dag.py for tasks to queue
[2026-03-23T10:03:34.619+0000] {logging_mixin.py:188} INFO - [2026-03-23T10:03:34.618+0000] {dagbag.py:540} INFO - Filling up the DagBag from /opt/airflow/dags/our_first_dag.py
[2026-03-23T10:03:34.649+0000] {logging_mixin.py:188} INFO - [2026-03-23T10:03:34.648+0000] {dagbag.py:350} ERROR - Failed to import: /opt/airflow/dags/our_first_dag.py
Traceback (most recent call last):
  File "/home/airflow/.local/lib/python3.8/site-packages/airflow/models/dagbag.py", line 346, in parse
    loader.exec_module(new_module)
  File "<frozen importlib._bootstrap_external>", line 839, in exec_module
  File "<frozen importlib._bootstrap_external>", line 976, in get_code
  File "<frozen importlib._bootstrap_external>", line 906, in source_to_code
  File "<frozen importlib._bootstrap>", line 219, in _call_with_frames_removed
  File "/opt/airflow/dags/our_first_dag.py", line 15
    start_date=datetime(2025 , 7, 29, 2),
    ^
SyntaxError: invalid syntax
[2026-03-23T10:03:34.651+0000] {processor.py:842} WARNING - No viable dags retrieved from /opt/airflow/dags/our_first_dag.py
[2026-03-23T10:03:34.699+0000] {processor.py:183} INFO - Processing /opt/airflow/dags/our_first_dag.py took 0.094 seconds
[2026-03-23T10:03:47.779+0000] {processor.py:161} INFO - Started process (PID=79) to work on /opt/airflow/dags/our_first_dag.py
[2026-03-23T10:03:47.781+0000] {processor.py:830} INFO - Processing file /opt/airflow/dags/our_first_dag.py for tasks to queue
[2026-03-23T10:03:47.784+0000] {logging_mixin.py:188} INFO - [2026-03-23T10:03:47.783+0000] {dagbag.py:540} INFO - Filling up the DagBag from /opt/airflow/dags/our_first_dag.py
[2026-03-23T10:03:47.810+0000] {logging_mixin.py:188} INFO - [2026-03-23T10:03:47.808+0000] {dagbag.py:350} ERROR - Failed to import: /opt/airflow/dags/our_first_dag.py
Traceback (most recent call last):
  File "/home/airflow/.local/lib/python3.8/site-packages/airflow/models/dagbag.py", line 346, in parse
    loader.exec_module(new_module)
  File "<frozen importlib._bootstrap_external>", line 839, in exec_module
  File "<frozen importlib._bootstrap_external>", line 976, in get_code
  File "<frozen importlib._bootstrap_external>", line 906, in source_to_code
  File "<frozen importlib._bootstrap>", line 219, in _call_with_frames_removed
  File "/opt/airflow/dags/our_first_dag.py", line 15
    start_date=datetime(2025 , 7, 29, 2),
    ^
SyntaxError: invalid syntax
[2026-03-23T10:03:47.811+0000] {processor.py:842} WARNING - No viable dags retrieved from /opt/airflow/dags/our_first_dag.py
[2026-03-23T10:03:47.844+0000] {processor.py:183} INFO - Processing /opt/airflow/dags/our_first_dag.py took 0.069 seconds
[2026-03-23T10:04:03.977+0000] {processor.py:161} INFO - Started process (PID=80) to work on /opt/airflow/dags/our_first_dag.py
[2026-03-23T10:04:03.979+0000] {processor.py:830} INFO - Processing file /opt/airflow/dags/our_first_dag.py for tasks to queue
[2026-03-23T10:04:03.983+0000] {logging_mixin.py:188} INFO - [2026-03-23T10:04:03.982+0000] {dagbag.py:540} INFO - Filling up the DagBag from /opt/airflow/dags/our_first_dag.py
[2026-03-23T10:04:04.008+0000] {logging_mixin.py:188} INFO - [2026-03-23T10:04:04.007+0000] {dagbag.py:350} ERROR - Failed to import: /opt/airflow/dags/our_first_dag.py
Traceback (most recent call last):
  File "/home/airflow/.local/lib/python3.8/site-packages/airflow/models/dagbag.py", line 346, in parse
    loader.exec_module(new_module)
  File "<frozen importlib._bootstrap_external>", line 839, in exec_module
  File "<frozen importlib._bootstrap_external>", line 976, in get_code
  File "<frozen importlib._bootstrap_external>", line 906, in source_to_code
  File "<frozen importlib._bootstrap>", line 219, in _call_with_frames_removed
  File "/opt/airflow/dags/our_first_dag.py", line 15
    start_date=datetime(2025 , 7, 29, 2),
    ^
SyntaxError: invalid syntax
[2026-03-23T10:04:04.009+0000] {processor.py:842} WARNING - No viable dags retrieved from /opt/airflow/dags/our_first_dag.py
[2026-03-23T10:04:04.044+0000] {processor.py:183} INFO - Processing /opt/airflow/dags/our_first_dag.py took 0.071 seconds
[2026-03-23T10:04:34.329+0000] {processor.py:161} INFO - Started process (PID=87) to work on /opt/airflow/dags/our_first_dag.py
[2026-03-23T10:04:34.331+0000] {processor.py:830} INFO - Processing file /opt/airflow/dags/our_first_dag.py for tasks to queue
[2026-03-23T10:04:34.335+0000] {logging_mixin.py:188} INFO - [2026-03-23T10:04:34.334+0000] {dagbag.py:540} INFO - Filling up the DagBag from /opt/airflow/dags/our_first_dag.py
[2026-03-23T10:04:34.434+0000] {logging_mixin.py:188} INFO - [2026-03-23T10:04:34.432+0000] {dagbag.py:350} ERROR - Failed to import: /opt/airflow/dags/our_first_dag.py
Traceback (most recent call last):
  File "/home/airflow/.local/lib/python3.8/site-packages/airflow/models/dagbag.py", line 346, in parse
    loader.exec_module(new_module)
  File "<frozen importlib._bootstrap_external>", line 839, in exec_module
  File "<frozen importlib._bootstrap_external>", line 976, in get_code
  File "<frozen importlib._bootstrap_external>", line 906, in source_to_code
  File "<frozen importlib._bootstrap>", line 219, in _call_with_frames_removed
  File "/opt/airflow/dags/our_first_dag.py", line 15
    start_date=datetime(2025 , 7, 29, 2),
    ^
SyntaxError: invalid syntax
[2026-03-23T10:04:34.440+0000] {processor.py:842} WARNING - No viable dags retrieved from /opt/airflow/dags/our_first_dag.py
[2026-03-23T10:04:34.484+0000] {processor.py:183} INFO - Processing /opt/airflow/dags/our_first_dag.py took 0.164 seconds
[2026-03-23T10:05:04.675+0000] {processor.py:161} INFO - Started process (PID=94) to work on /opt/airflow/dags/our_first_dag.py
[2026-03-23T10:05:04.676+0000] {processor.py:830} INFO - Processing file /opt/airflow/dags/our_first_dag.py for tasks to queue
[2026-03-23T10:05:04.679+0000] {logging_mixin.py:188} INFO - [2026-03-23T10:05:04.678+0000] {dagbag.py:540} INFO - Filling up the DagBag from /opt/airflow/dags/our_first_dag.py
[2026-03-23T10:05:04.709+0000] {logging_mixin.py:188} INFO - [2026-03-23T10:05:04.708+0000] {dagbag.py:350} ERROR - Failed to import: /opt/airflow/dags/our_first_dag.py
Traceback (most recent call last):
  File "/home/airflow/.local/lib/python3.8/site-packages/airflow/models/dagbag.py", line 346, in parse
    loader.exec_module(new_module)
  File "<frozen importlib._bootstrap_external>", line 839, in exec_module
  File "<frozen importlib._bootstrap_external>", line 976, in get_code
  File "<frozen importlib._bootstrap_external>", line 906, in source_to_code
  File "<frozen importlib._bootstrap>", line 219, in _call_with_frames_removed
  File "/opt/airflow/dags/our_first_dag.py", line 15
    start_date=datetime(2025 , 7, 29, 2),
    ^
SyntaxError: invalid syntax
[2026-03-23T10:05:04.711+0000] {processor.py:842} WARNING - No viable dags retrieved from /opt/airflow/dags/our_first_dag.py
[2026-03-23T10:05:04.742+0000] {processor.py:183} INFO - Processing /opt/airflow/dags/our_first_dag.py took 0.072 seconds
[2026-03-23T10:05:35.008+0000] {processor.py:161} INFO - Started process (PID=101) to work on /opt/airflow/dags/our_first_dag.py
[2026-03-23T10:05:35.010+0000] {processor.py:830} INFO - Processing file /opt/airflow/dags/our_first_dag.py for tasks to queue
[2026-03-23T10:05:35.013+0000] {logging_mixin.py:188} INFO - [2026-03-23T10:05:35.013+0000] {dagbag.py:540} INFO - Filling up the DagBag from /opt/airflow/dags/our_first_dag.py
[2026-03-23T10:05:35.039+0000] {logging_mixin.py:188} INFO - [2026-03-23T10:05:35.037+0000] {dagbag.py:350} ERROR - Failed to import: /opt/airflow/dags/our_first_dag.py
Traceback (most recent call last):
  File "/home/airflow/.local/lib/python3.8/site-packages/airflow/models/dagbag.py", line 346, in parse
    loader.exec_module(new_module)
  File "<frozen importlib._bootstrap_external>", line 839, in exec_module
  File "<frozen importlib._bootstrap_external>", line 976, in get_code
  File "<frozen importlib._bootstrap_external>", line 906, in source_to_code
  File "<frozen importlib._bootstrap>", line 219, in _call_with_frames_removed
  File "/opt/airflow/dags/our_first_dag.py", line 15
    start_date=datetime(2025 , 7, 29, 2),
    ^
SyntaxError: invalid syntax
[2026-03-23T10:05:35.040+0000] {processor.py:842} WARNING - No viable dags retrieved from /opt/airflow/dags/our_first_dag.py
[2026-03-23T10:05:35.070+0000] {processor.py:183} INFO - Processing /opt/airflow/dags/our_first_dag.py took 0.066 seconds
[2026-03-23T10:06:05.252+0000] {processor.py:161} INFO - Started process (PID=108) to work on /opt/airflow/dags/our_first_dag.py
[2026-03-23T10:06:05.254+0000] {processor.py:830} INFO - Processing file /opt/airflow/dags/our_first_dag.py for tasks to queue
[2026-03-23T10:06:05.258+0000] {logging_mixin.py:188} INFO - [2026-03-23T10:06:05.257+0000] {dagbag.py:540} INFO - Filling up the DagBag from /opt/airflow/dags/our_first_dag.py
[2026-03-23T10:06:05.281+0000] {logging_mixin.py:188} INFO - [2026-03-23T10:06:05.280+0000] {dagbag.py:350} ERROR - Failed to import: /opt/airflow/dags/our_first_dag.py
Traceback (most recent call last):
  File "/home/airflow/.local/lib/python3.8/site-packages/airflow/models/dagbag.py", line 346, in parse
    loader.exec_module(new_module)
  File "<frozen importlib._bootstrap_external>", line 839, in exec_module
  File "<frozen importlib._bootstrap_external>", line 976, in get_code
  File "<frozen importlib._bootstrap_external>", line 906, in source_to_code
  File "<frozen importlib._bootstrap>", line 219, in _call_with_frames_removed
  File "/opt/airflow/dags/our_first_dag.py", line 15
    start_date=datetime(2025 , 7, 29, 2),
    ^
SyntaxError: invalid syntax
[2026-03-23T10:06:05.281+0000] {processor.py:842} WARNING - No viable dags retrieved from /opt/airflow/dags/our_first_dag.py
[2026-03-23T10:06:05.311+0000] {processor.py:183} INFO - Processing /opt/airflow/dags/our_first_dag.py took 0.063 seconds
[2026-03-23T10:06:30.504+0000] {processor.py:161} INFO - Started process (PID=115) to work on /opt/airflow/dags/our_first_dag.py
[2026-03-23T10:06:30.506+0000] {processor.py:830} INFO - Processing file /opt/airflow/dags/our_first_dag.py for tasks to queue
[2026-03-23T10:06:30.508+0000] {logging_mixin.py:188} INFO - [2026-03-23T10:06:30.508+0000] {dagbag.py:540} INFO - Filling up the DagBag from /opt/airflow/dags/our_first_dag.py
[2026-03-23T10:06:30.554+0000] {logging_mixin.py:188} INFO - [2026-03-23T10:06:30.547+0000] {dagbag.py:350} ERROR - Failed to import: /opt/airflow/dags/our_first_dag.py
Traceback (most recent call last):
  File "/home/airflow/.local/lib/python3.8/site-packages/airflow/models/dagbag.py", line 346, in parse
    loader.exec_module(new_module)
  File "<frozen importlib._bootstrap_external>", line 843, in exec_module
  File "<frozen importlib._bootstrap>", line 219, in _call_with_frames_removed
  File "/opt/airflow/dags/our_first_dag.py", line 8, in <module>
    'retry_delay': timedelta(minutes = 2)
NameError: name 'timedelta' is not defined
[2026-03-23T10:06:30.559+0000] {processor.py:842} WARNING - No viable dags retrieved from /opt/airflow/dags/our_first_dag.py
[2026-03-23T10:06:30.589+0000] {processor.py:183} INFO - Processing /opt/airflow/dags/our_first_dag.py took 0.088 seconds
[2026-03-23T10:07:00.754+0000] {processor.py:161} INFO - Started process (PID=122) to work on /opt/airflow/dags/our_first_dag.py
[2026-03-23T10:07:00.756+0000] {processor.py:830} INFO - Processing file /opt/airflow/dags/our_first_dag.py for tasks to queue
[2026-03-23T10:07:00.759+0000] {logging_mixin.py:188} INFO - [2026-03-23T10:07:00.758+0000] {dagbag.py:540} INFO - Filling up the DagBag from /opt/airflow/dags/our_first_dag.py
[2026-03-23T10:07:00.791+0000] {logging_mixin.py:188} INFO - [2026-03-23T10:07:00.783+0000] {dagbag.py:350} ERROR - Failed to import: /opt/airflow/dags/our_first_dag.py
Traceback (most recent call last):
  File "/home/airflow/.local/lib/python3.8/site-packages/airflow/models/dagbag.py", line 346, in parse
    loader.exec_module(new_module)
  File "<frozen importlib._bootstrap_external>", line 843, in exec_module
  File "<frozen importlib._bootstrap>", line 219, in _call_with_frames_removed
  File "/opt/airflow/dags/our_first_dag.py", line 8, in <module>
    'retry_delay': timedelta(minutes = 2)
NameError: name 'timedelta' is not defined
[2026-03-23T10:07:00.794+0000] {processor.py:842} WARNING - No viable dags retrieved from /opt/airflow/dags/our_first_dag.py
[2026-03-23T10:07:00.831+0000] {processor.py:183} INFO - Processing /opt/airflow/dags/our_first_dag.py took 0.081 seconds
[2026-03-23T10:07:31.080+0000] {processor.py:161} INFO - Started process (PID=129) to work on /opt/airflow/dags/our_first_dag.py
[2026-03-23T10:07:31.082+0000] {processor.py:830} INFO - Processing file /opt/airflow/dags/our_first_dag.py for tasks to queue
[2026-03-23T10:07:31.086+0000] {logging_mixin.py:188} INFO - [2026-03-23T10:07:31.085+0000] {dagbag.py:540} INFO - Filling up the DagBag from /opt/airflow/dags/our_first_dag.py
[2026-03-23T10:07:31.120+0000] {logging_mixin.py:188} INFO - [2026-03-23T10:07:31.113+0000] {dagbag.py:350} ERROR - Failed to import: /opt/airflow/dags/our_first_dag.py
Traceback (most recent call last):
  File "/home/airflow/.local/lib/python3.8/site-packages/airflow/models/dagbag.py", line 346, in parse
    loader.exec_module(new_module)
  File "<frozen importlib._bootstrap_external>", line 843, in exec_module
  File "<frozen importlib._bootstrap>", line 219, in _call_with_frames_removed
  File "/opt/airflow/dags/our_first_dag.py", line 8, in <module>
    'retry_delay': timedelta(minutes = 2)
NameError: name 'timedelta' is not defined
[2026-03-23T10:07:31.122+0000] {processor.py:842} WARNING - No viable dags retrieved from /opt/airflow/dags/our_first_dag.py
[2026-03-23T10:07:31.162+0000] {processor.py:183} INFO - Processing /opt/airflow/dags/our_first_dag.py took 0.088 seconds
[2026-03-23T10:08:01.335+0000] {processor.py:161} INFO - Started process (PID=136) to work on /opt/airflow/dags/our_first_dag.py
[2026-03-23T10:08:01.337+0000] {processor.py:830} INFO - Processing file /opt/airflow/dags/our_first_dag.py for tasks to queue
[2026-03-23T10:08:01.341+0000] {logging_mixin.py:188} INFO - [2026-03-23T10:08:01.340+0000] {dagbag.py:540} INFO - Filling up the DagBag from /opt/airflow/dags/our_first_dag.py
[2026-03-23T10:08:01.374+0000] {logging_mixin.py:188} INFO - [2026-03-23T10:08:01.367+0000] {dagbag.py:350} ERROR - Failed to import: /opt/airflow/dags/our_first_dag.py
Traceback (most recent call last):
  File "/home/airflow/.local/lib/python3.8/site-packages/airflow/models/dagbag.py", line 346, in parse
    loader.exec_module(new_module)
  File "<frozen importlib._bootstrap_external>", line 843, in exec_module
  File "<frozen importlib._bootstrap>", line 219, in _call_with_frames_removed
  File "/opt/airflow/dags/our_first_dag.py", line 8, in <module>
    'retry_delay': timedelta(minutes = 2)
NameError: name 'timedelta' is not defined
[2026-03-23T10:08:01.376+0000] {processor.py:842} WARNING - No viable dags retrieved from /opt/airflow/dags/our_first_dag.py
[2026-03-23T10:08:01.412+0000] {processor.py:183} INFO - Processing /opt/airflow/dags/our_first_dag.py took 0.084 seconds
[2026-03-23T10:08:31.690+0000] {processor.py:161} INFO - Started process (PID=143) to work on /opt/airflow/dags/our_first_dag.py
[2026-03-23T10:08:31.692+0000] {processor.py:830} INFO - Processing file /opt/airflow/dags/our_first_dag.py for tasks to queue
[2026-03-23T10:08:31.695+0000] {logging_mixin.py:188} INFO - [2026-03-23T10:08:31.695+0000] {dagbag.py:540} INFO - Filling up the DagBag from /opt/airflow/dags/our_first_dag.py
[2026-03-23T10:08:31.729+0000] {logging_mixin.py:188} INFO - [2026-03-23T10:08:31.721+0000] {dagbag.py:350} ERROR - Failed to import: /opt/airflow/dags/our_first_dag.py
Traceback (most recent call last):
  File "/home/airflow/.local/lib/python3.8/site-packages/airflow/models/dagbag.py", line 346, in parse
    loader.exec_module(new_module)
  File "<frozen importlib._bootstrap_external>", line 843, in exec_module
  File "<frozen importlib._bootstrap>", line 219, in _call_with_frames_removed
  File "/opt/airflow/dags/our_first_dag.py", line 8, in <module>
    'retry_delay': timedelta(minutes = 2)
NameError: name 'timedelta' is not defined
[2026-03-23T10:08:31.733+0000] {processor.py:842} WARNING - No viable dags retrieved from /opt/airflow/dags/our_first_dag.py
[2026-03-23T10:08:31.765+0000] {processor.py:183} INFO - Processing /opt/airflow/dags/our_first_dag.py took 0.079 seconds
[2026-03-23T10:08:37.823+0000] {processor.py:161} INFO - Started process (PID=150) to work on /opt/airflow/dags/our_first_dag.py
[2026-03-23T10:08:37.825+0000] {processor.py:830} INFO - Processing file /opt/airflow/dags/our_first_dag.py for tasks to queue
[2026-03-23T10:08:37.828+0000] {logging_mixin.py:188} INFO - [2026-03-23T10:08:37.827+0000] {dagbag.py:540} INFO - Filling up the DagBag from /opt/airflow/dags/our_first_dag.py
[2026-03-23T10:08:37.909+0000] {processor.py:840} INFO - DAG(s) 'our_first_dag' retrieved from /opt/airflow/dags/our_first_dag.py
[2026-03-23T10:08:38.269+0000] {logging_mixin.py:188} INFO - [2026-03-23T10:08:38.268+0000] {override.py:1769} INFO - Created Permission View: can read on DAG:our_first_dag
[2026-03-23T10:08:38.287+0000] {logging_mixin.py:188} INFO - [2026-03-23T10:08:38.287+0000] {override.py:1769} INFO - Created Permission View: can edit on DAG:our_first_dag
[2026-03-23T10:08:38.303+0000] {logging_mixin.py:188} INFO - [2026-03-23T10:08:38.302+0000] {override.py:1769} INFO - Created Permission View: can delete on DAG:our_first_dag
[2026-03-23T10:08:38.304+0000] {logging_mixin.py:188} INFO - [2026-03-23T10:08:38.304+0000] {dag.py:3047} INFO - Sync 1 DAGs
[2026-03-23T10:08:38.329+0000] {logging_mixin.py:188} INFO - [2026-03-23T10:08:38.329+0000] {dag.py:3069} INFO - Creating ORM DAG for our_first_dag
[2026-03-23T10:08:38.353+0000] {logging_mixin.py:188} INFO - [2026-03-23T10:08:38.353+0000] {dag.py:3834} INFO - Setting next_dagrun for our_first_dag to 2025-07-30 00:00:00+00:00, run_after=2025-07-31 00:00:00+00:00
[2026-03-23T10:08:38.396+0000] {processor.py:183} INFO - Processing /opt/airflow/dags/our_first_dag.py took 0.578 seconds
[2026-03-23T10:09:08.724+0000] {processor.py:161} INFO - Started process (PID=157) to work on /opt/airflow/dags/our_first_dag.py
[2026-03-23T10:09:08.728+0000] {processor.py:830} INFO - Processing file /opt/airflow/dags/our_first_dag.py for tasks to queue
[2026-03-23T10:09:08.731+0000] {logging_mixin.py:188} INFO - [2026-03-23T10:09:08.731+0000] {dagbag.py:540} INFO - Filling up the DagBag from /opt/airflow/dags/our_first_dag.py
[2026-03-23T10:09:08.786+0000] {processor.py:840} INFO - DAG(s) 'our_first_dag' retrieved from /opt/airflow/dags/our_first_dag.py
[2026-03-23T10:09:08.840+0000] {logging_mixin.py:188} INFO - [2026-03-23T10:09:08.839+0000] {dag.py:3047} INFO - Sync 1 DAGs
[2026-03-23T10:09:08.883+0000] {logging_mixin.py:188} INFO - [2026-03-23T10:09:08.882+0000] {dag.py:3834} INFO - Setting next_dagrun for our_first_dag to 2025-07-30 00:00:00+00:00, run_after=2025-07-31 00:00:00+00:00
[2026-03-23T10:09:08.922+0000] {processor.py:183} INFO - Processing /opt/airflow/dags/our_first_dag.py took 0.206 seconds
[2026-03-23T10:09:38.982+0000] {processor.py:161} INFO - Started process (PID=164) to work on /opt/airflow/dags/our_first_dag.py
[2026-03-23T10:09:38.983+0000] {processor.py:830} INFO - Processing file /opt/airflow/dags/our_first_dag.py for tasks to queue
[2026-03-23T10:09:38.986+0000] {logging_mixin.py:188} INFO - [2026-03-23T10:09:38.986+0000] {dagbag.py:540} INFO - Filling up the DagBag from /opt/airflow/dags/our_first_dag.py
[2026-03-23T10:09:39.024+0000] {processor.py:840} INFO - DAG(s) 'our_first_dag' retrieved from /opt/airflow/dags/our_first_dag.py
[2026-03-23T10:09:39.066+0000] {logging_mixin.py:188} INFO - [2026-03-23T10:09:39.066+0000] {dag.py:3047} INFO - Sync 1 DAGs
[2026-03-23T10:09:39.114+0000] {logging_mixin.py:188} INFO - [2026-03-23T10:09:39.114+0000] {dag.py:3834} INFO - Setting next_dagrun for our_first_dag to 2025-09-05 00:00:00+00:00, run_after=2025-09-06 00:00:00+00:00
[2026-03-23T10:09:39.151+0000] {processor.py:183} INFO - Processing /opt/airflow/dags/our_first_dag.py took 0.174 seconds
[2026-03-23T10:10:09.229+0000] {processor.py:161} INFO - Started process (PID=171) to work on /opt/airflow/dags/our_first_dag.py
[2026-03-23T10:10:09.231+0000] {processor.py:830} INFO - Processing file /opt/airflow/dags/our_first_dag.py for tasks to queue
[2026-03-23T10:10:09.236+0000] {logging_mixin.py:188} INFO - [2026-03-23T10:10:09.235+0000] {dagbag.py:540} INFO - Filling up the DagBag from /opt/airflow/dags/our_first_dag.py
[2026-03-23T10:10:09.271+0000] {processor.py:840} INFO - DAG(s) 'our_first_dag' retrieved from /opt/airflow/dags/our_first_dag.py
[2026-03-23T10:10:09.315+0000] {logging_mixin.py:188} INFO - [2026-03-23T10:10:09.315+0000] {dag.py:3047} INFO - Sync 1 DAGs
[2026-03-23T10:10:09.359+0000] {logging_mixin.py:188} INFO - [2026-03-23T10:10:09.358+0000] {dag.py:3834} INFO - Setting next_dagrun for our_first_dag to 2025-10-29 00:00:00+00:00, run_after=2025-10-30 00:00:00+00:00
[2026-03-23T10:10:09.398+0000] {processor.py:183} INFO - Processing /opt/airflow/dags/our_first_dag.py took 0.175 seconds
[2026-03-23T10:10:39.698+0000] {processor.py:161} INFO - Started process (PID=178) to work on /opt/airflow/dags/our_first_dag.py
[2026-03-23T10:10:39.700+0000] {processor.py:830} INFO - Processing file /opt/airflow/dags/our_first_dag.py for tasks to queue
[2026-03-23T10:10:39.704+0000] {logging_mixin.py:188} INFO - [2026-03-23T10:10:39.703+0000] {dagbag.py:540} INFO - Filling up the DagBag from /opt/airflow/dags/our_first_dag.py
[2026-03-23T10:10:39.750+0000] {processor.py:840} INFO - DAG(s) 'our_first_dag' retrieved from /opt/airflow/dags/our_first_dag.py
[2026-03-23T10:10:39.803+0000] {logging_mixin.py:188} INFO - [2026-03-23T10:10:39.802+0000] {dag.py:3047} INFO - Sync 1 DAGs
[2026-03-23T10:10:39.888+0000] {logging_mixin.py:188} INFO - [2026-03-23T10:10:39.881+0000] {dag.py:3834} INFO - Setting next_dagrun for our_first_dag to 2025-12-23 00:00:00+00:00, run_after=2025-12-24 00:00:00+00:00
[2026-03-23T10:10:39.970+0000] {processor.py:183} INFO - Processing /opt/airflow/dags/our_first_dag.py took 0.278 seconds
[2026-03-23T10:11:10.296+0000] {processor.py:161} INFO - Started process (PID=185) to work on /opt/airflow/dags/our_first_dag.py
[2026-03-23T10:11:10.298+0000] {processor.py:830} INFO - Processing file /opt/airflow/dags/our_first_dag.py for tasks to queue
[2026-03-23T10:11:10.302+0000] {logging_mixin.py:188} INFO - [2026-03-23T10:11:10.301+0000] {dagbag.py:540} INFO - Filling up the DagBag from /opt/airflow/dags/our_first_dag.py
[2026-03-23T10:11:10.339+0000] {processor.py:840} INFO - DAG(s) 'our_first_dag' retrieved from /opt/airflow/dags/our_first_dag.py
[2026-03-23T10:11:10.382+0000] {logging_mixin.py:188} INFO - [2026-03-23T10:11:10.382+0000] {dag.py:3047} INFO - Sync 1 DAGs
[2026-03-23T10:11:10.418+0000] {logging_mixin.py:188} INFO - [2026-03-23T10:11:10.418+0000] {dag.py:3834} INFO - Setting next_dagrun for our_first_dag to 2026-01-27 00:00:00+00:00, run_after=2026-01-28 00:00:00+00:00
[2026-03-23T10:11:10.453+0000] {processor.py:183} INFO - Processing /opt/airflow/dags/our_first_dag.py took 0.162 seconds
[2026-03-23T10:11:40.582+0000] {processor.py:161} INFO - Started process (PID=192) to work on /opt/airflow/dags/our_first_dag.py
[2026-03-23T10:11:40.593+0000] {processor.py:830} INFO - Processing file /opt/airflow/dags/our_first_dag.py for tasks to queue
[2026-03-23T10:11:40.597+0000] {logging_mixin.py:188} INFO - [2026-03-23T10:11:40.596+0000] {dagbag.py:540} INFO - Filling up the DagBag from /opt/airflow/dags/our_first_dag.py
[2026-03-23T10:11:40.651+0000] {processor.py:840} INFO - DAG(s) 'our_first_dag' retrieved from /opt/airflow/dags/our_first_dag.py
[2026-03-23T10:11:40.701+0000] {logging_mixin.py:188} INFO - [2026-03-23T10:11:40.701+0000] {dag.py:3047} INFO - Sync 1 DAGs
[2026-03-23T10:11:40.744+0000] {logging_mixin.py:188} INFO - [2026-03-23T10:11:40.743+0000] {dag.py:3834} INFO - Setting next_dagrun for our_first_dag to 2026-01-27 00:00:00+00:00, run_after=2026-01-28 00:00:00+00:00
[2026-03-23T10:11:40.784+0000] {processor.py:183} INFO - Processing /opt/airflow/dags/our_first_dag.py took 0.214 seconds
[2026-03-23T10:12:10.988+0000] {processor.py:161} INFO - Started process (PID=199) to work on /opt/airflow/dags/our_first_dag.py
[2026-03-23T10:12:10.990+0000] {processor.py:830} INFO - Processing file /opt/airflow/dags/our_first_dag.py for tasks to queue
[2026-03-23T10:12:10.997+0000] {logging_mixin.py:188} INFO - [2026-03-23T10:12:10.996+0000] {dagbag.py:540} INFO - Filling up the DagBag from /opt/airflow/dags/our_first_dag.py
[2026-03-23T10:12:11.041+0000] {processor.py:840} INFO - DAG(s) 'our_first_dag' retrieved from /opt/airflow/dags/our_first_dag.py
[2026-03-23T10:12:11.088+0000] {logging_mixin.py:188} INFO - [2026-03-23T10:12:11.087+0000] {dag.py:3047} INFO - Sync 1 DAGs
[2026-03-23T10:12:11.133+0000] {logging_mixin.py:188} INFO - [2026-03-23T10:12:11.133+0000] {dag.py:3834} INFO - Setting next_dagrun for our_first_dag to 2026-01-27 00:00:00+00:00, run_after=2026-01-28 00:00:00+00:00
[2026-03-23T10:12:11.177+0000] {processor.py:183} INFO - Processing /opt/airflow/dags/our_first_dag.py took 0.194 seconds
[2026-03-23T10:12:41.378+0000] {processor.py:161} INFO - Started process (PID=206) to work on /opt/airflow/dags/our_first_dag.py
[2026-03-23T10:12:41.380+0000] {processor.py:830} INFO - Processing file /opt/airflow/dags/our_first_dag.py for tasks to queue
[2026-03-23T10:12:41.383+0000] {logging_mixin.py:188} INFO - [2026-03-23T10:12:41.382+0000] {dagbag.py:540} INFO - Filling up the DagBag from /opt/airflow/dags/our_first_dag.py
[2026-03-23T10:12:41.422+0000] {processor.py:840} INFO - DAG(s) 'our_first_dag' retrieved from /opt/airflow/dags/our_first_dag.py
[2026-03-23T10:12:41.463+0000] {logging_mixin.py:188} INFO - [2026-03-23T10:12:41.463+0000] {dag.py:3047} INFO - Sync 1 DAGs
[2026-03-23T10:12:41.500+0000] {logging_mixin.py:188} INFO - [2026-03-23T10:12:41.499+0000] {dag.py:3834} INFO - Setting next_dagrun for our_first_dag to 2026-01-27 00:00:00+00:00, run_after=2026-01-28 00:00:00+00:00
[2026-03-23T10:12:41.534+0000] {processor.py:183} INFO - Processing /opt/airflow/dags/our_first_dag.py took 0.161 seconds
[2026-03-23T10:13:11.717+0000] {processor.py:161} INFO - Started process (PID=213) to work on /opt/airflow/dags/our_first_dag.py
[2026-03-23T10:13:11.719+0000] {processor.py:830} INFO - Processing file /opt/airflow/dags/our_first_dag.py for tasks to queue
[2026-03-23T10:13:11.723+0000] {logging_mixin.py:188} INFO - [2026-03-23T10:13:11.723+0000] {dagbag.py:540} INFO - Filling up the DagBag from /opt/airflow/dags/our_first_dag.py
[2026-03-23T10:13:11.771+0000] {processor.py:840} INFO - DAG(s) 'our_first_dag' retrieved from /opt/airflow/dags/our_first_dag.py
[2026-03-23T10:13:11.819+0000] {logging_mixin.py:188} INFO - [2026-03-23T10:13:11.818+0000] {dag.py:3047} INFO - Sync 1 DAGs
[2026-03-23T10:13:11.859+0000] {logging_mixin.py:188} INFO - [2026-03-23T10:13:11.858+0000] {dag.py:3834} INFO - Setting next_dagrun for our_first_dag to 2026-01-27 00:00:00+00:00, run_after=2026-01-28 00:00:00+00:00
[2026-03-23T10:13:11.897+0000] {processor.py:183} INFO - Processing /opt/airflow/dags/our_first_dag.py took 0.185 seconds
[2026-03-23T10:13:24.926+0000] {processor.py:161} INFO - Started process (PID=214) to work on /opt/airflow/dags/our_first_dag.py
[2026-03-23T10:13:24.928+0000] {processor.py:830} INFO - Processing file /opt/airflow/dags/our_first_dag.py for tasks to queue
[2026-03-23T10:13:24.930+0000] {logging_mixin.py:188} INFO - [2026-03-23T10:13:24.930+0000] {dagbag.py:540} INFO - Filling up the DagBag from /opt/airflow/dags/our_first_dag.py
[2026-03-23T10:13:24.991+0000] {processor.py:840} INFO - DAG(s) 'our_first_dag' retrieved from /opt/airflow/dags/our_first_dag.py
[2026-03-23T10:13:25.179+0000] {logging_mixin.py:188} INFO - [2026-03-23T10:13:25.179+0000] {dag.py:3047} INFO - Sync 1 DAGs
[2026-03-23T10:13:25.224+0000] {logging_mixin.py:188} INFO - [2026-03-23T10:13:25.223+0000] {dag.py:3834} INFO - Setting next_dagrun for our_first_dag to 2026-01-27 00:00:00+00:00, run_after=2026-01-28 00:00:00+00:00
[2026-03-23T10:13:25.278+0000] {processor.py:183} INFO - Processing /opt/airflow/dags/our_first_dag.py took 0.357 seconds
[2026-03-23T10:13:43.288+0000] {processor.py:161} INFO - Started process (PID=221) to work on /opt/airflow/dags/our_first_dag.py
[2026-03-23T10:13:43.290+0000] {processor.py:830} INFO - Processing file /opt/airflow/dags/our_first_dag.py for tasks to queue
[2026-03-23T10:13:43.295+0000] {logging_mixin.py:188} INFO - [2026-03-23T10:13:43.292+0000] {dagbag.py:540} INFO - Filling up the DagBag from /opt/airflow/dags/our_first_dag.py
[2026-03-23T10:13:43.359+0000] {processor.py:840} INFO - DAG(s) 'our_first_dag.V2' retrieved from /opt/airflow/dags/our_first_dag.py
[2026-03-23T10:13:43.551+0000] {logging_mixin.py:188} INFO - [2026-03-23T10:13:43.550+0000] {override.py:1769} INFO - Created Permission View: can read on DAG:our_first_dag.V2
[2026-03-23T10:13:43.574+0000] {logging_mixin.py:188} INFO - [2026-03-23T10:13:43.573+0000] {override.py:1769} INFO - Created Permission View: can edit on DAG:our_first_dag.V2
[2026-03-23T10:13:43.589+0000] {logging_mixin.py:188} INFO - [2026-03-23T10:13:43.588+0000] {override.py:1769} INFO - Created Permission View: can delete on DAG:our_first_dag.V2
[2026-03-23T10:13:43.590+0000] {logging_mixin.py:188} INFO - [2026-03-23T10:13:43.590+0000] {dag.py:3047} INFO - Sync 1 DAGs
[2026-03-23T10:13:43.612+0000] {logging_mixin.py:188} INFO - [2026-03-23T10:13:43.611+0000] {dag.py:3069} INFO - Creating ORM DAG for our_first_dag.V2
[2026-03-23T10:13:43.630+0000] {logging_mixin.py:188} INFO - [2026-03-23T10:13:43.630+0000] {dag.py:3834} INFO - Setting next_dagrun for our_first_dag.V2 to 2025-07-30 00:00:00+00:00, run_after=2025-07-31 00:00:00+00:00
[2026-03-23T10:13:43.665+0000] {processor.py:183} INFO - Processing /opt/airflow/dags/our_first_dag.py took 0.382 seconds
[2026-03-23T10:14:13.949+0000] {processor.py:161} INFO - Started process (PID=228) to work on /opt/airflow/dags/our_first_dag.py
[2026-03-23T10:14:13.951+0000] {processor.py:830} INFO - Processing file /opt/airflow/dags/our_first_dag.py for tasks to queue
[2026-03-23T10:14:13.956+0000] {logging_mixin.py:188} INFO - [2026-03-23T10:14:13.955+0000] {dagbag.py:540} INFO - Filling up the DagBag from /opt/airflow/dags/our_first_dag.py
[2026-03-23T10:14:13.999+0000] {processor.py:840} INFO - DAG(s) 'our_first_dag.V2' retrieved from /opt/airflow/dags/our_first_dag.py
[2026-03-23T10:14:14.051+0000] {logging_mixin.py:188} INFO - [2026-03-23T10:14:14.050+0000] {dag.py:3047} INFO - Sync 1 DAGs
[2026-03-23T10:14:14.086+0000] {logging_mixin.py:188} INFO - [2026-03-23T10:14:14.086+0000] {dag.py:3834} INFO - Setting next_dagrun for our_first_dag.V2 to 2025-07-30 00:00:00+00:00, run_after=2025-07-31 00:00:00+00:00
[2026-03-23T10:14:14.122+0000] {processor.py:183} INFO - Processing /opt/airflow/dags/our_first_dag.py took 0.178 seconds
[2026-03-23T10:14:44.228+0000] {processor.py:161} INFO - Started process (PID=285) to work on /opt/airflow/dags/our_first_dag.py
[2026-03-23T10:14:44.229+0000] {processor.py:830} INFO - Processing file /opt/airflow/dags/our_first_dag.py for tasks to queue
[2026-03-23T10:14:44.233+0000] {logging_mixin.py:188} INFO - [2026-03-23T10:14:44.232+0000] {dagbag.py:540} INFO - Filling up the DagBag from /opt/airflow/dags/our_first_dag.py
[2026-03-23T10:14:44.279+0000] {processor.py:840} INFO - DAG(s) 'our_first_dag.V2' retrieved from /opt/airflow/dags/our_first_dag.py
[2026-03-23T10:14:44.328+0000] {logging_mixin.py:188} INFO - [2026-03-23T10:14:44.328+0000] {dag.py:3047} INFO - Sync 1 DAGs
[2026-03-23T10:14:44.371+0000] {logging_mixin.py:188} INFO - [2026-03-23T10:14:44.370+0000] {dag.py:3834} INFO - Setting next_dagrun for our_first_dag.V2 to 2025-08-20 00:00:00+00:00, run_after=2025-08-21 00:00:00+00:00
[2026-03-23T10:14:44.407+0000] {processor.py:183} INFO - Processing /opt/airflow/dags/our_first_dag.py took 0.185 seconds
[2026-03-23T10:15:14.663+0000] {processor.py:161} INFO - Started process (PID=365) to work on /opt/airflow/dags/our_first_dag.py
[2026-03-23T10:15:14.665+0000] {processor.py:830} INFO - Processing file /opt/airflow/dags/our_first_dag.py for tasks to queue
[2026-03-23T10:15:14.668+0000] {logging_mixin.py:188} INFO - [2026-03-23T10:15:14.668+0000] {dagbag.py:540} INFO - Filling up the DagBag from /opt/airflow/dags/our_first_dag.py
[2026-03-23T10:15:14.712+0000] {processor.py:840} INFO - DAG(s) 'our_first_dag.V2' retrieved from /opt/airflow/dags/our_first_dag.py
[2026-03-23T10:15:14.758+0000] {logging_mixin.py:188} INFO - [2026-03-23T10:15:14.758+0000] {dag.py:3047} INFO - Sync 1 DAGs
[2026-03-23T10:15:14.810+0000] {logging_mixin.py:188} INFO - [2026-03-23T10:15:14.809+0000] {dag.py:3834} INFO - Setting next_dagrun for our_first_dag.V2 to 2025-09-26 00:00:00+00:00, run_after=2025-09-27 00:00:00+00:00
[2026-03-23T10:15:14.850+0000] {processor.py:183} INFO - Processing /opt/airflow/dags/our_first_dag.py took 0.193 seconds
[2026-03-23T10:15:44.934+0000] {processor.py:161} INFO - Started process (PID=472) to work on /opt/airflow/dags/our_first_dag.py
[2026-03-23T10:15:44.936+0000] {processor.py:830} INFO - Processing file /opt/airflow/dags/our_first_dag.py for tasks to queue
[2026-03-23T10:15:44.938+0000] {logging_mixin.py:188} INFO - [2026-03-23T10:15:44.937+0000] {dagbag.py:540} INFO - Filling up the DagBag from /opt/airflow/dags/our_first_dag.py
[2026-03-23T10:15:44.982+0000] {processor.py:840} INFO - DAG(s) 'our_first_dag.V2' retrieved from /opt/airflow/dags/our_first_dag.py
[2026-03-23T10:15:45.038+0000] {logging_mixin.py:188} INFO - [2026-03-23T10:15:45.037+0000] {dag.py:3047} INFO - Sync 1 DAGs
[2026-03-23T10:15:45.093+0000] {logging_mixin.py:188} INFO - [2026-03-23T10:15:45.093+0000] {dag.py:3834} INFO - Setting next_dagrun for our_first_dag.V2 to 2025-11-13 00:00:00+00:00, run_after=2025-11-14 00:00:00+00:00
[2026-03-23T10:15:45.146+0000] {processor.py:183} INFO - Processing /opt/airflow/dags/our_first_dag.py took 0.218 seconds
[2026-03-23T10:16:15.381+0000] {processor.py:161} INFO - Started process (PID=524) to work on /opt/airflow/dags/our_first_dag.py
[2026-03-23T10:16:15.383+0000] {processor.py:830} INFO - Processing file /opt/airflow/dags/our_first_dag.py for tasks to queue
[2026-03-23T10:16:15.386+0000] {logging_mixin.py:188} INFO - [2026-03-23T10:16:15.385+0000] {dagbag.py:540} INFO - Filling up the DagBag from /opt/airflow/dags/our_first_dag.py
[2026-03-23T10:16:15.429+0000] {processor.py:840} INFO - DAG(s) 'our_first_dag.V2' retrieved from /opt/airflow/dags/our_first_dag.py
[2026-03-23T10:16:15.484+0000] {logging_mixin.py:188} INFO - [2026-03-23T10:16:15.483+0000] {dag.py:3047} INFO - Sync 1 DAGs
[2026-03-23T10:16:15.529+0000] {logging_mixin.py:188} INFO - [2026-03-23T10:16:15.528+0000] {dag.py:3834} INFO - Setting next_dagrun for our_first_dag.V2 to 2025-12-02 00:00:00+00:00, run_after=2025-12-03 00:00:00+00:00
[2026-03-23T10:16:15.576+0000] {processor.py:183} INFO - Processing /opt/airflow/dags/our_first_dag.py took 0.200 seconds
[2026-03-23T10:16:45.754+0000] {processor.py:161} INFO - Started process (PID=531) to work on /opt/airflow/dags/our_first_dag.py
[2026-03-23T10:16:45.756+0000] {processor.py:830} INFO - Processing file /opt/airflow/dags/our_first_dag.py for tasks to queue
[2026-03-23T10:16:45.759+0000] {logging_mixin.py:188} INFO - [2026-03-23T10:16:45.758+0000] {dagbag.py:540} INFO - Filling up the DagBag from /opt/airflow/dags/our_first_dag.py
[2026-03-23T10:16:45.802+0000] {processor.py:840} INFO - DAG(s) 'our_first_dag.V2' retrieved from /opt/airflow/dags/our_first_dag.py
[2026-03-23T10:16:45.843+0000] {logging_mixin.py:188} INFO - [2026-03-23T10:16:45.843+0000] {dag.py:3047} INFO - Sync 1 DAGs
[2026-03-23T10:16:45.884+0000] {logging_mixin.py:188} INFO - [2026-03-23T10:16:45.883+0000] {dag.py:3834} INFO - Setting next_dagrun for our_first_dag.V2 to 2025-12-02 00:00:00+00:00, run_after=2025-12-03 00:00:00+00:00
[2026-03-23T10:16:45.929+0000] {processor.py:183} INFO - Processing /opt/airflow/dags/our_first_dag.py took 0.180 seconds
[2026-03-23T10:17:16.105+0000] {processor.py:161} INFO - Started process (PID=538) to work on /opt/airflow/dags/our_first_dag.py
[2026-03-23T10:17:16.108+0000] {processor.py:830} INFO - Processing file /opt/airflow/dags/our_first_dag.py for tasks to queue
[2026-03-23T10:17:16.110+0000] {logging_mixin.py:188} INFO - [2026-03-23T10:17:16.110+0000] {dagbag.py:540} INFO - Filling up the DagBag from /opt/airflow/dags/our_first_dag.py
[2026-03-23T10:17:16.155+0000] {processor.py:840} INFO - DAG(s) 'our_first_dag.V2' retrieved from /opt/airflow/dags/our_first_dag.py
[2026-03-23T10:17:16.210+0000] {logging_mixin.py:188} INFO - [2026-03-23T10:17:16.210+0000] {dag.py:3047} INFO - Sync 1 DAGs
[2026-03-23T10:17:16.268+0000] {logging_mixin.py:188} INFO - [2026-03-23T10:17:16.267+0000] {dag.py:3834} INFO - Setting next_dagrun for our_first_dag.V2 to 2025-12-02 00:00:00+00:00, run_after=2025-12-03 00:00:00+00:00
[2026-03-23T10:17:16.318+0000] {processor.py:183} INFO - Processing /opt/airflow/dags/our_first_dag.py took 0.221 seconds
[2026-03-23T10:17:46.424+0000] {processor.py:161} INFO - Started process (PID=545) to work on /opt/airflow/dags/our_first_dag.py
[2026-03-23T10:17:46.426+0000] {processor.py:830} INFO - Processing file /opt/airflow/dags/our_first_dag.py for tasks to queue
[2026-03-23T10:17:46.428+0000] {logging_mixin.py:188} INFO - [2026-03-23T10:17:46.427+0000] {dagbag.py:540} INFO - Filling up the DagBag from /opt/airflow/dags/our_first_dag.py
[2026-03-23T10:17:46.468+0000] {processor.py:840} INFO - DAG(s) 'our_first_dag.V2' retrieved from /opt/airflow/dags/our_first_dag.py
[2026-03-23T10:17:46.514+0000] {logging_mixin.py:188} INFO - [2026-03-23T10:17:46.514+0000] {dag.py:3047} INFO - Sync 1 DAGs
[2026-03-23T10:17:46.558+0000] {logging_mixin.py:188} INFO - [2026-03-23T10:17:46.557+0000] {dag.py:3834} INFO - Setting next_dagrun for our_first_dag.V2 to 2025-12-02 00:00:00+00:00, run_after=2025-12-03 00:00:00+00:00
[2026-03-23T10:17:46.591+0000] {processor.py:183} INFO - Processing /opt/airflow/dags/our_first_dag.py took 0.173 seconds
[2026-03-23T10:18:16.853+0000] {processor.py:161} INFO - Started process (PID=552) to work on /opt/airflow/dags/our_first_dag.py
[2026-03-23T10:18:16.855+0000] {processor.py:830} INFO - Processing file /opt/airflow/dags/our_first_dag.py for tasks to queue
[2026-03-23T10:18:16.859+0000] {logging_mixin.py:188} INFO - [2026-03-23T10:18:16.858+0000] {dagbag.py:540} INFO - Filling up the DagBag from /opt/airflow/dags/our_first_dag.py
[2026-03-23T10:18:16.908+0000] {processor.py:840} INFO - DAG(s) 'our_first_dag.V2' retrieved from /opt/airflow/dags/our_first_dag.py
[2026-03-23T10:18:16.949+0000] {logging_mixin.py:188} INFO - [2026-03-23T10:18:16.948+0000] {dag.py:3047} INFO - Sync 1 DAGs
[2026-03-23T10:18:17.006+0000] {logging_mixin.py:188} INFO - [2026-03-23T10:18:17.006+0000] {dag.py:3834} INFO - Setting next_dagrun for our_first_dag.V2 to 2025-12-02 00:00:00+00:00, run_after=2025-12-03 00:00:00+00:00
[2026-03-23T10:18:17.056+0000] {processor.py:183} INFO - Processing /opt/airflow/dags/our_first_dag.py took 0.209 seconds
[2026-03-23T10:18:47.150+0000] {processor.py:161} INFO - Started process (PID=559) to work on /opt/airflow/dags/our_first_dag.py
[2026-03-23T10:18:47.152+0000] {processor.py:830} INFO - Processing file /opt/airflow/dags/our_first_dag.py for tasks to queue
[2026-03-23T10:18:47.155+0000] {logging_mixin.py:188} INFO - [2026-03-23T10:18:47.154+0000] {dagbag.py:540} INFO - Filling up the DagBag from /opt/airflow/dags/our_first_dag.py
[2026-03-23T10:18:47.201+0000] {processor.py:840} INFO - DAG(s) 'our_first_dag.V2' retrieved from /opt/airflow/dags/our_first_dag.py
[2026-03-23T10:18:47.254+0000] {logging_mixin.py:188} INFO - [2026-03-23T10:18:47.254+0000] {dag.py:3047} INFO - Sync 1 DAGs
[2026-03-23T10:18:47.299+0000] {logging_mixin.py:188} INFO - [2026-03-23T10:18:47.299+0000] {dag.py:3834} INFO - Setting next_dagrun for our_first_dag.V2 to 2025-12-02 00:00:00+00:00, run_after=2025-12-03 00:00:00+00:00
[2026-03-23T10:18:47.340+0000] {processor.py:183} INFO - Processing /opt/airflow/dags/our_first_dag.py took 0.195 seconds
[2026-03-23T10:18:59.252+0000] {processor.py:161} INFO - Started process (PID=560) to work on /opt/airflow/dags/our_first_dag.py
[2026-03-23T10:18:59.254+0000] {processor.py:830} INFO - Processing file /opt/airflow/dags/our_first_dag.py for tasks to queue
[2026-03-23T10:18:59.258+0000] {logging_mixin.py:188} INFO - [2026-03-23T10:18:59.257+0000] {dagbag.py:540} INFO - Filling up the DagBag from /opt/airflow/dags/our_first_dag.py
[2026-03-23T10:18:59.338+0000] {processor.py:840} INFO - DAG(s) 'our_first_dag.V2' retrieved from /opt/airflow/dags/our_first_dag.py
[2026-03-23T10:18:59.567+0000] {logging_mixin.py:188} INFO - [2026-03-23T10:18:59.567+0000] {dag.py:3047} INFO - Sync 1 DAGs
[2026-03-23T10:18:59.659+0000] {logging_mixin.py:188} INFO - [2026-03-23T10:18:59.658+0000] {dag.py:3834} INFO - Setting next_dagrun for our_first_dag.V2 to 2025-12-02 00:00:00+00:00, run_after=2025-12-03 00:00:00+00:00
[2026-03-23T10:18:59.920+0000] {processor.py:183} INFO - Processing /opt/airflow/dags/our_first_dag.py took 0.675 seconds
[2026-03-23T10:19:05.574+0000] {processor.py:161} INFO - Started process (PID=561) to work on /opt/airflow/dags/our_first_dag.py
[2026-03-23T10:19:05.577+0000] {processor.py:830} INFO - Processing file /opt/airflow/dags/our_first_dag.py for tasks to queue
[2026-03-23T10:19:05.579+0000] {logging_mixin.py:188} INFO - [2026-03-23T10:19:05.578+0000] {dagbag.py:540} INFO - Filling up the DagBag from /opt/airflow/dags/our_first_dag.py
[2026-03-23T10:19:05.641+0000] {processor.py:840} INFO - DAG(s) 'our_first_dag.V3' retrieved from /opt/airflow/dags/our_first_dag.py
[2026-03-23T10:19:05.837+0000] {logging_mixin.py:188} INFO - [2026-03-23T10:19:05.835+0000] {override.py:1769} INFO - Created Permission View: can read on DAG:our_first_dag.V3
[2026-03-23T10:19:05.860+0000] {logging_mixin.py:188} INFO - [2026-03-23T10:19:05.859+0000] {override.py:1769} INFO - Created Permission View: can edit on DAG:our_first_dag.V3
[2026-03-23T10:19:05.878+0000] {logging_mixin.py:188} INFO - [2026-03-23T10:19:05.877+0000] {override.py:1769} INFO - Created Permission View: can delete on DAG:our_first_dag.V3
[2026-03-23T10:19:05.880+0000] {logging_mixin.py:188} INFO - [2026-03-23T10:19:05.880+0000] {dag.py:3047} INFO - Sync 1 DAGs
[2026-03-23T10:19:05.904+0000] {logging_mixin.py:188} INFO - [2026-03-23T10:19:05.903+0000] {dag.py:3069} INFO - Creating ORM DAG for our_first_dag.V3
[2026-03-23T10:19:05.925+0000] {logging_mixin.py:188} INFO - [2026-03-23T10:19:05.925+0000] {dag.py:3834} INFO - Setting next_dagrun for our_first_dag.V3 to 2025-07-30 00:00:00+00:00, run_after=2025-07-31 00:00:00+00:00
[2026-03-23T10:19:05.968+0000] {processor.py:183} INFO - Processing /opt/airflow/dags/our_first_dag.py took 0.400 seconds
[2026-03-23T10:19:36.275+0000] {processor.py:161} INFO - Started process (PID=664) to work on /opt/airflow/dags/our_first_dag.py
[2026-03-23T10:19:36.277+0000] {processor.py:830} INFO - Processing file /opt/airflow/dags/our_first_dag.py for tasks to queue
[2026-03-23T10:19:36.280+0000] {logging_mixin.py:188} INFO - [2026-03-23T10:19:36.279+0000] {dagbag.py:540} INFO - Filling up the DagBag from /opt/airflow/dags/our_first_dag.py
[2026-03-23T10:19:36.338+0000] {processor.py:840} INFO - DAG(s) 'our_first_dag.V3' retrieved from /opt/airflow/dags/our_first_dag.py
[2026-03-23T10:19:36.407+0000] {logging_mixin.py:188} INFO - [2026-03-23T10:19:36.406+0000] {dag.py:3047} INFO - Sync 1 DAGs
[2026-03-23T10:19:36.508+0000] {processor.py:183} INFO - Processing /opt/airflow/dags/our_first_dag.py took 0.240 seconds
[2026-03-23T10:20:06.802+0000] {processor.py:161} INFO - Started process (PID=682) to work on /opt/airflow/dags/our_first_dag.py
[2026-03-23T10:20:06.804+0000] {processor.py:830} INFO - Processing file /opt/airflow/dags/our_first_dag.py for tasks to queue
[2026-03-23T10:20:06.806+0000] {logging_mixin.py:188} INFO - [2026-03-23T10:20:06.806+0000] {dagbag.py:540} INFO - Filling up the DagBag from /opt/airflow/dags/our_first_dag.py
[2026-03-23T10:20:06.849+0000] {processor.py:840} INFO - DAG(s) 'our_first_dag.V3' retrieved from /opt/airflow/dags/our_first_dag.py
[2026-03-23T10:20:06.894+0000] {logging_mixin.py:188} INFO - [2026-03-23T10:20:06.893+0000] {dag.py:3047} INFO - Sync 1 DAGs
[2026-03-23T10:20:06.965+0000] {processor.py:183} INFO - Processing /opt/airflow/dags/our_first_dag.py took 0.168 seconds
[2026-03-23T10:20:37.225+0000] {processor.py:161} INFO - Started process (PID=689) to work on /opt/airflow/dags/our_first_dag.py
[2026-03-23T10:20:37.227+0000] {processor.py:830} INFO - Processing file /opt/airflow/dags/our_first_dag.py for tasks to queue
[2026-03-23T10:20:37.229+0000] {logging_mixin.py:188} INFO - [2026-03-23T10:20:37.229+0000] {dagbag.py:540} INFO - Filling up the DagBag from /opt/airflow/dags/our_first_dag.py
[2026-03-23T10:20:37.279+0000] {processor.py:840} INFO - DAG(s) 'our_first_dag.V3' retrieved from /opt/airflow/dags/our_first_dag.py
[2026-03-23T10:20:37.320+0000] {logging_mixin.py:188} INFO - [2026-03-23T10:20:37.319+0000] {dag.py:3047} INFO - Sync 1 DAGs
[2026-03-23T10:20:37.391+0000] {processor.py:183} INFO - Processing /opt/airflow/dags/our_first_dag.py took 0.170 seconds
[2026-03-23T10:21:07.597+0000] {processor.py:161} INFO - Started process (PID=696) to work on /opt/airflow/dags/our_first_dag.py
[2026-03-23T10:21:07.599+0000] {processor.py:830} INFO - Processing file /opt/airflow/dags/our_first_dag.py for tasks to queue
[2026-03-23T10:21:07.602+0000] {logging_mixin.py:188} INFO - [2026-03-23T10:21:07.601+0000] {dagbag.py:540} INFO - Filling up the DagBag from /opt/airflow/dags/our_first_dag.py
[2026-03-23T10:21:07.651+0000] {processor.py:840} INFO - DAG(s) 'our_first_dag.V3' retrieved from /opt/airflow/dags/our_first_dag.py
[2026-03-23T10:21:07.709+0000] {logging_mixin.py:188} INFO - [2026-03-23T10:21:07.708+0000] {dag.py:3047} INFO - Sync 1 DAGs
[2026-03-23T10:21:07.783+0000] {processor.py:183} INFO - Processing /opt/airflow/dags/our_first_dag.py took 0.193 seconds
[2026-03-23T10:21:37.987+0000] {processor.py:161} INFO - Started process (PID=719) to work on /opt/airflow/dags/our_first_dag.py
[2026-03-23T10:21:37.990+0000] {processor.py:830} INFO - Processing file /opt/airflow/dags/our_first_dag.py for tasks to queue
[2026-03-23T10:21:37.992+0000] {logging_mixin.py:188} INFO - [2026-03-23T10:21:37.992+0000] {dagbag.py:540} INFO - Filling up the DagBag from /opt/airflow/dags/our_first_dag.py
[2026-03-23T10:21:38.038+0000] {processor.py:840} INFO - DAG(s) 'our_first_dag.V3' retrieved from /opt/airflow/dags/our_first_dag.py
[2026-03-23T10:21:38.083+0000] {logging_mixin.py:188} INFO - [2026-03-23T10:21:38.082+0000] {dag.py:3047} INFO - Sync 1 DAGs
[2026-03-23T10:21:38.164+0000] {processor.py:183} INFO - Processing /opt/airflow/dags/our_first_dag.py took 0.181 seconds
[2026-03-23T10:22:08.435+0000] {processor.py:161} INFO - Started process (PID=736) to work on /opt/airflow/dags/our_first_dag.py
[2026-03-23T10:22:08.439+0000] {processor.py:830} INFO - Processing file /opt/airflow/dags/our_first_dag.py for tasks to queue
[2026-03-23T10:22:08.442+0000] {logging_mixin.py:188} INFO - [2026-03-23T10:22:08.441+0000] {dagbag.py:540} INFO - Filling up the DagBag from /opt/airflow/dags/our_first_dag.py
[2026-03-23T10:22:08.497+0000] {processor.py:840} INFO - DAG(s) 'our_first_dag.V3' retrieved from /opt/airflow/dags/our_first_dag.py
[2026-03-23T10:22:08.555+0000] {logging_mixin.py:188} INFO - [2026-03-23T10:22:08.554+0000] {dag.py:3047} INFO - Sync 1 DAGs
[2026-03-23T10:22:08.663+0000] {processor.py:183} INFO - Processing /opt/airflow/dags/our_first_dag.py took 0.239 seconds
[2026-03-23T10:22:20.545+0000] {processor.py:161} INFO - Started process (PID=737) to work on /opt/airflow/dags/our_first_dag.py
[2026-03-23T10:22:20.547+0000] {processor.py:830} INFO - Processing file /opt/airflow/dags/our_first_dag.py for tasks to queue
[2026-03-23T10:22:20.549+0000] {logging_mixin.py:188} INFO - [2026-03-23T10:22:20.548+0000] {dagbag.py:540} INFO - Filling up the DagBag from /opt/airflow/dags/our_first_dag.py
[2026-03-23T10:22:20.615+0000] {processor.py:840} INFO - DAG(s) 'our_first_dag.V4' retrieved from /opt/airflow/dags/our_first_dag.py
[2026-03-23T10:22:20.816+0000] {logging_mixin.py:188} INFO - [2026-03-23T10:22:20.815+0000] {override.py:1769} INFO - Created Permission View: can read on DAG:our_first_dag.V4
[2026-03-23T10:22:20.838+0000] {logging_mixin.py:188} INFO - [2026-03-23T10:22:20.837+0000] {override.py:1769} INFO - Created Permission View: can edit on DAG:our_first_dag.V4
[2026-03-23T10:22:20.855+0000] {logging_mixin.py:188} INFO - [2026-03-23T10:22:20.854+0000] {override.py:1769} INFO - Created Permission View: can delete on DAG:our_first_dag.V4
[2026-03-23T10:22:20.856+0000] {logging_mixin.py:188} INFO - [2026-03-23T10:22:20.856+0000] {dag.py:3047} INFO - Sync 1 DAGs
[2026-03-23T10:22:20.876+0000] {logging_mixin.py:188} INFO - [2026-03-23T10:22:20.876+0000] {dag.py:3069} INFO - Creating ORM DAG for our_first_dag.V4
[2026-03-23T10:22:20.902+0000] {logging_mixin.py:188} INFO - [2026-03-23T10:22:20.902+0000] {dag.py:3834} INFO - Setting next_dagrun for our_first_dag.V4 to 2025-07-30 00:00:00+00:00, run_after=2025-07-31 00:00:00+00:00
[2026-03-23T10:22:20.940+0000] {processor.py:183} INFO - Processing /opt/airflow/dags/our_first_dag.py took 0.401 seconds
[2026-03-23T10:22:51.127+0000] {processor.py:161} INFO - Started process (PID=815) to work on /opt/airflow/dags/our_first_dag.py
[2026-03-23T10:22:51.129+0000] {processor.py:830} INFO - Processing file /opt/airflow/dags/our_first_dag.py for tasks to queue
[2026-03-23T10:22:51.131+0000] {logging_mixin.py:188} INFO - [2026-03-23T10:22:51.130+0000] {dagbag.py:540} INFO - Filling up the DagBag from /opt/airflow/dags/our_first_dag.py
[2026-03-23T10:22:51.181+0000] {processor.py:840} INFO - DAG(s) 'our_first_dag.V4' retrieved from /opt/airflow/dags/our_first_dag.py
[2026-03-23T10:22:51.233+0000] {logging_mixin.py:188} INFO - [2026-03-23T10:22:51.232+0000] {dag.py:3047} INFO - Sync 1 DAGs
[2026-03-23T10:22:51.319+0000] {processor.py:183} INFO - Processing /opt/airflow/dags/our_first_dag.py took 0.198 seconds
[2026-03-23T10:23:21.488+0000] {processor.py:161} INFO - Started process (PID=822) to work on /opt/airflow/dags/our_first_dag.py
[2026-03-23T10:23:21.490+0000] {processor.py:830} INFO - Processing file /opt/airflow/dags/our_first_dag.py for tasks to queue
[2026-03-23T10:23:21.493+0000] {logging_mixin.py:188} INFO - [2026-03-23T10:23:21.492+0000] {dagbag.py:540} INFO - Filling up the DagBag from /opt/airflow/dags/our_first_dag.py
[2026-03-23T10:23:21.540+0000] {processor.py:840} INFO - DAG(s) 'our_first_dag.V4' retrieved from /opt/airflow/dags/our_first_dag.py
[2026-03-23T10:23:21.581+0000] {logging_mixin.py:188} INFO - [2026-03-23T10:23:21.581+0000] {dag.py:3047} INFO - Sync 1 DAGs
[2026-03-23T10:23:21.659+0000] {processor.py:183} INFO - Processing /opt/airflow/dags/our_first_dag.py took 0.176 seconds
[2026-03-23T10:23:51.904+0000] {processor.py:161} INFO - Started process (PID=829) to work on /opt/airflow/dags/our_first_dag.py
[2026-03-23T10:23:51.906+0000] {processor.py:830} INFO - Processing file /opt/airflow/dags/our_first_dag.py for tasks to queue
[2026-03-23T10:23:51.907+0000] {logging_mixin.py:188} INFO - [2026-03-23T10:23:51.907+0000] {dagbag.py:540} INFO - Filling up the DagBag from /opt/airflow/dags/our_first_dag.py
[2026-03-23T10:23:51.944+0000] {processor.py:840} INFO - DAG(s) 'our_first_dag.V4' retrieved from /opt/airflow/dags/our_first_dag.py
[2026-03-23T10:23:51.986+0000] {logging_mixin.py:188} INFO - [2026-03-23T10:23:51.986+0000] {dag.py:3047} INFO - Sync 1 DAGs
[2026-03-23T10:23:52.060+0000] {processor.py:183} INFO - Processing /opt/airflow/dags/our_first_dag.py took 0.160 seconds
