[2026-03-23T10:19:58.200+0000] {taskinstance.py:1979} INFO - Dependencies all met for dep_context=non-requeueable deps ti=<TaskInstance: our_first_dag.V3.thrid_task scheduled__2025-08-14T00:00:00+00:00 [queued]>
[2026-03-23T10:19:58.224+0000] {taskinstance.py:1979} INFO - Dependencies all met for dep_context=requeueable deps ti=<TaskInstance: our_first_dag.V3.thrid_task scheduled__2025-08-14T00:00:00+00:00 [queued]>
[2026-03-23T10:19:58.225+0000] {taskinstance.py:2193} INFO - Starting attempt 2 of 7
[2026-03-23T10:19:58.261+0000] {taskinstance.py:2217} INFO - Executing <Task(BashOperator): thrid_task> on 2025-08-14 00:00:00+00:00
[2026-03-23T10:19:58.273+0000] {standard_task_runner.py:60} INFO - Started process 1756 to run task
[2026-03-23T10:19:58.278+0000] {standard_task_runner.py:87} INFO - Running: ['***', 'tasks', 'run', 'our_first_dag.V3', 'thrid_task', 'scheduled__2025-08-14T00:00:00+00:00', '--job-id', '480', '--raw', '--subdir', 'DAGS_FOLDER/our_first_dag.py', '--cfg-path', '/tmp/tmpxcmm4hsd']
[2026-03-23T10:19:58.282+0000] {standard_task_runner.py:88} INFO - Job 480: Subtask thrid_task
[2026-03-23T10:19:58.418+0000] {task_command.py:423} INFO - Running <TaskInstance: our_first_dag.V3.thrid_task scheduled__2025-08-14T00:00:00+00:00 [running]> on host db60e85c4eb2
[2026-03-23T10:19:58.621+0000] {taskinstance.py:2513} INFO - Exporting env vars: AIRFLOW_CTX_DAG_OWNER='ninepongsapat' AIRFLOW_CTX_DAG_ID='our_first_dag.V3' AIRFLOW_CTX_TASK_ID='thrid_task' AIRFLOW_CTX_EXECUTION_DATE='2025-08-14T00:00:00+00:00' AIRFLOW_CTX_TRY_NUMBER='2' AIRFLOW_CTX_DAG_RUN_ID='scheduled__2025-08-14T00:00:00+00:00'
[2026-03-23T10:19:58.624+0000] {subprocess.py:63} INFO - Tmp dir root location: /tmp
[2026-03-23T10:19:58.626+0000] {subprocess.py:75} INFO - Running command: ['/usr/bin/bash', '-c', "echo hello, i'm task3 and will be running after task1 at the same time with task2"]
[2026-03-23T10:19:58.656+0000] {subprocess.py:86} INFO - Output:
[2026-03-23T10:19:58.659+0000] {subprocess.py:93} INFO - /usr/bin/bash: -c: line 1: unexpected EOF while looking for matching `''
[2026-03-23T10:19:58.661+0000] {subprocess.py:97} INFO - Command exited with return code 2
[2026-03-23T10:19:58.686+0000] {taskinstance.py:2731} ERROR - Task failed with exception
Traceback (most recent call last):
  File "/home/airflow/.local/lib/python3.8/site-packages/airflow/models/taskinstance.py", line 444, in _execute_task
    result = _execute_callable(context=context, **execute_callable_kwargs)
  File "/home/airflow/.local/lib/python3.8/site-packages/airflow/models/taskinstance.py", line 414, in _execute_callable
    return execute_callable(context=context, **execute_callable_kwargs)
  File "/home/airflow/.local/lib/python3.8/site-packages/airflow/operators/bash.py", line 212, in execute
    raise AirflowException(
airflow.exceptions.AirflowException: Bash command failed. The command returned a non-zero exit code 2.
[2026-03-23T10:19:58.695+0000] {taskinstance.py:1149} INFO - Marking task as UP_FOR_RETRY. dag_id=our_first_dag.V3, task_id=thrid_task, execution_date=20250814T000000, start_date=20260323T101958, end_date=20260323T101958
[2026-03-23T10:19:58.729+0000] {standard_task_runner.py:107} ERROR - Failed to execute job 480 for task thrid_task (Bash command failed. The command returned a non-zero exit code 2.; 1756)
[2026-03-23T10:19:58.775+0000] {local_task_job_runner.py:234} INFO - Task exited with return code 1
[2026-03-23T10:19:58.813+0000] {taskinstance.py:3312} INFO - 0 downstream tasks scheduled from follow-on schedule check
