[2026-03-23T03:21:13.952+0000] {processor.py:161} INFO - Started process (PID=66) to work on /home/airflow/.local/lib/python3.8/site-packages/airflow/example_dags/example_task_group.py
[2026-03-23T03:21:13.952+0000] {processor.py:830} INFO - Processing file /home/airflow/.local/lib/python3.8/site-packages/airflow/example_dags/example_task_group.py for tasks to queue
[2026-03-23T03:21:13.954+0000] {logging_mixin.py:188} INFO - [2026-03-23T03:21:13.954+0000] {dagbag.py:540} INFO - Filling up the DagBag from /home/airflow/.local/lib/python3.8/site-packages/airflow/example_dags/example_task_group.py
[2026-03-23T03:21:13.961+0000] {processor.py:840} INFO - DAG(s) 'example_task_group' retrieved from /home/airflow/.local/lib/python3.8/site-packages/airflow/example_dags/example_task_group.py
[2026-03-23T03:21:13.975+0000] {logging_mixin.py:188} INFO - [2026-03-23T03:21:13.975+0000] {dag.py:3047} INFO - Sync 1 DAGs
[2026-03-23T03:21:14.005+0000] {logging_mixin.py:188} INFO - [2026-03-23T03:21:14.005+0000] {dag.py:3834} INFO - Setting next_dagrun for example_task_group to 2026-03-22 00:00:00+00:00, run_after=2026-03-23 00:00:00+00:00
[2026-03-23T03:21:14.031+0000] {processor.py:183} INFO - Processing /home/airflow/.local/lib/python3.8/site-packages/airflow/example_dags/example_task_group.py took 0.083 seconds
[2026-03-23T03:21:44.333+0000] {processor.py:161} INFO - Started process (PID=121) to work on /home/airflow/.local/lib/python3.8/site-packages/airflow/example_dags/example_task_group.py
[2026-03-23T03:21:44.334+0000] {processor.py:830} INFO - Processing file /home/airflow/.local/lib/python3.8/site-packages/airflow/example_dags/example_task_group.py for tasks to queue
[2026-03-23T03:21:44.336+0000] {logging_mixin.py:188} INFO - [2026-03-23T03:21:44.335+0000] {dagbag.py:540} INFO - Filling up the DagBag from /home/airflow/.local/lib/python3.8/site-packages/airflow/example_dags/example_task_group.py
[2026-03-23T03:21:44.343+0000] {processor.py:840} INFO - DAG(s) 'example_task_group' retrieved from /home/airflow/.local/lib/python3.8/site-packages/airflow/example_dags/example_task_group.py
[2026-03-23T03:21:44.355+0000] {logging_mixin.py:188} INFO - [2026-03-23T03:21:44.354+0000] {dag.py:3047} INFO - Sync 1 DAGs
[2026-03-23T03:21:44.378+0000] {logging_mixin.py:188} INFO - [2026-03-23T03:21:44.378+0000] {dag.py:3834} INFO - Setting next_dagrun for example_task_group to 2026-03-22 00:00:00+00:00, run_after=2026-03-23 00:00:00+00:00
[2026-03-23T03:21:44.404+0000] {processor.py:183} INFO - Processing /home/airflow/.local/lib/python3.8/site-packages/airflow/example_dags/example_task_group.py took 0.074 seconds
[2026-03-23T03:22:15.407+0000] {processor.py:161} INFO - Started process (PID=176) to work on /home/airflow/.local/lib/python3.8/site-packages/airflow/example_dags/example_task_group.py
[2026-03-23T03:22:15.408+0000] {processor.py:830} INFO - Processing file /home/airflow/.local/lib/python3.8/site-packages/airflow/example_dags/example_task_group.py for tasks to queue
[2026-03-23T03:22:15.409+0000] {logging_mixin.py:188} INFO - [2026-03-23T03:22:15.409+0000] {dagbag.py:540} INFO - Filling up the DagBag from /home/airflow/.local/lib/python3.8/site-packages/airflow/example_dags/example_task_group.py
[2026-03-23T03:22:15.417+0000] {processor.py:840} INFO - DAG(s) 'example_task_group' retrieved from /home/airflow/.local/lib/python3.8/site-packages/airflow/example_dags/example_task_group.py
[2026-03-23T03:22:15.516+0000] {logging_mixin.py:188} INFO - [2026-03-23T03:22:15.515+0000] {dag.py:3047} INFO - Sync 1 DAGs
[2026-03-23T03:22:15.541+0000] {logging_mixin.py:188} INFO - [2026-03-23T03:22:15.541+0000] {dag.py:3834} INFO - Setting next_dagrun for example_task_group to 2026-03-22 00:00:00+00:00, run_after=2026-03-23 00:00:00+00:00
[2026-03-23T03:22:15.568+0000] {processor.py:183} INFO - Processing /home/airflow/.local/lib/python3.8/site-packages/airflow/example_dags/example_task_group.py took 0.164 seconds
[2026-03-23T03:22:45.951+0000] {processor.py:161} INFO - Started process (PID=231) to work on /home/airflow/.local/lib/python3.8/site-packages/airflow/example_dags/example_task_group.py
[2026-03-23T03:22:45.952+0000] {processor.py:830} INFO - Processing file /home/airflow/.local/lib/python3.8/site-packages/airflow/example_dags/example_task_group.py for tasks to queue
[2026-03-23T03:22:45.954+0000] {logging_mixin.py:188} INFO - [2026-03-23T03:22:45.953+0000] {dagbag.py:540} INFO - Filling up the DagBag from /home/airflow/.local/lib/python3.8/site-packages/airflow/example_dags/example_task_group.py
[2026-03-23T03:22:45.960+0000] {processor.py:840} INFO - DAG(s) 'example_task_group' retrieved from /home/airflow/.local/lib/python3.8/site-packages/airflow/example_dags/example_task_group.py
[2026-03-23T03:22:45.983+0000] {logging_mixin.py:188} INFO - [2026-03-23T03:22:45.982+0000] {dag.py:3047} INFO - Sync 1 DAGs
[2026-03-23T03:22:46.005+0000] {logging_mixin.py:188} INFO - [2026-03-23T03:22:46.005+0000] {dag.py:3834} INFO - Setting next_dagrun for example_task_group to 2026-03-22 00:00:00+00:00, run_after=2026-03-23 00:00:00+00:00
[2026-03-23T03:22:46.026+0000] {processor.py:183} INFO - Processing /home/airflow/.local/lib/python3.8/site-packages/airflow/example_dags/example_task_group.py took 0.079 seconds
[2026-03-23T03:23:16.152+0000] {processor.py:161} INFO - Started process (PID=286) to work on /home/airflow/.local/lib/python3.8/site-packages/airflow/example_dags/example_task_group.py
[2026-03-23T03:23:16.153+0000] {processor.py:830} INFO - Processing file /home/airflow/.local/lib/python3.8/site-packages/airflow/example_dags/example_task_group.py for tasks to queue
[2026-03-23T03:23:16.155+0000] {logging_mixin.py:188} INFO - [2026-03-23T03:23:16.155+0000] {dagbag.py:540} INFO - Filling up the DagBag from /home/airflow/.local/lib/python3.8/site-packages/airflow/example_dags/example_task_group.py
[2026-03-23T03:23:16.161+0000] {processor.py:840} INFO - DAG(s) 'example_task_group' retrieved from /home/airflow/.local/lib/python3.8/site-packages/airflow/example_dags/example_task_group.py
[2026-03-23T03:23:16.184+0000] {logging_mixin.py:188} INFO - [2026-03-23T03:23:16.184+0000] {dag.py:3047} INFO - Sync 1 DAGs
[2026-03-23T03:23:16.207+0000] {logging_mixin.py:188} INFO - [2026-03-23T03:23:16.207+0000] {dag.py:3834} INFO - Setting next_dagrun for example_task_group to 2026-03-22 00:00:00+00:00, run_after=2026-03-23 00:00:00+00:00
[2026-03-23T03:23:16.227+0000] {processor.py:183} INFO - Processing /home/airflow/.local/lib/python3.8/site-packages/airflow/example_dags/example_task_group.py took 0.078 seconds
[2026-03-23T03:25:08.307+0000] {processor.py:161} INFO - Started process (PID=66) to work on /home/airflow/.local/lib/python3.8/site-packages/airflow/example_dags/example_task_group.py
[2026-03-23T03:25:08.308+0000] {processor.py:830} INFO - Processing file /home/airflow/.local/lib/python3.8/site-packages/airflow/example_dags/example_task_group.py for tasks to queue
[2026-03-23T03:25:08.310+0000] {logging_mixin.py:188} INFO - [2026-03-23T03:25:08.309+0000] {dagbag.py:540} INFO - Filling up the DagBag from /home/airflow/.local/lib/python3.8/site-packages/airflow/example_dags/example_task_group.py
[2026-03-23T03:25:08.318+0000] {processor.py:840} INFO - DAG(s) 'example_task_group' retrieved from /home/airflow/.local/lib/python3.8/site-packages/airflow/example_dags/example_task_group.py
[2026-03-23T03:25:08.336+0000] {logging_mixin.py:188} INFO - [2026-03-23T03:25:08.335+0000] {dag.py:3047} INFO - Sync 1 DAGs
[2026-03-23T03:25:08.368+0000] {logging_mixin.py:188} INFO - [2026-03-23T03:25:08.367+0000] {dag.py:3834} INFO - Setting next_dagrun for example_task_group to 2026-03-22 00:00:00+00:00, run_after=2026-03-23 00:00:00+00:00
[2026-03-23T03:25:08.404+0000] {processor.py:183} INFO - Processing /home/airflow/.local/lib/python3.8/site-packages/airflow/example_dags/example_task_group.py took 0.100 seconds
[2026-03-23T03:25:39.262+0000] {processor.py:161} INFO - Started process (PID=121) to work on /home/airflow/.local/lib/python3.8/site-packages/airflow/example_dags/example_task_group.py
[2026-03-23T03:25:39.264+0000] {processor.py:830} INFO - Processing file /home/airflow/.local/lib/python3.8/site-packages/airflow/example_dags/example_task_group.py for tasks to queue
[2026-03-23T03:25:39.266+0000] {logging_mixin.py:188} INFO - [2026-03-23T03:25:39.265+0000] {dagbag.py:540} INFO - Filling up the DagBag from /home/airflow/.local/lib/python3.8/site-packages/airflow/example_dags/example_task_group.py
[2026-03-23T03:25:39.273+0000] {processor.py:840} INFO - DAG(s) 'example_task_group' retrieved from /home/airflow/.local/lib/python3.8/site-packages/airflow/example_dags/example_task_group.py
[2026-03-23T03:25:39.399+0000] {logging_mixin.py:188} INFO - [2026-03-23T03:25:39.398+0000] {dag.py:3047} INFO - Sync 1 DAGs
[2026-03-23T03:25:39.422+0000] {logging_mixin.py:188} INFO - [2026-03-23T03:25:39.422+0000] {dag.py:3834} INFO - Setting next_dagrun for example_task_group to 2026-03-22 00:00:00+00:00, run_after=2026-03-23 00:00:00+00:00
[2026-03-23T03:25:39.449+0000] {processor.py:183} INFO - Processing /home/airflow/.local/lib/python3.8/site-packages/airflow/example_dags/example_task_group.py took 0.190 seconds
[2026-03-23T03:26:09.594+0000] {processor.py:161} INFO - Started process (PID=176) to work on /home/airflow/.local/lib/python3.8/site-packages/airflow/example_dags/example_task_group.py
[2026-03-23T03:26:09.595+0000] {processor.py:830} INFO - Processing file /home/airflow/.local/lib/python3.8/site-packages/airflow/example_dags/example_task_group.py for tasks to queue
[2026-03-23T03:26:09.598+0000] {logging_mixin.py:188} INFO - [2026-03-23T03:26:09.597+0000] {dagbag.py:540} INFO - Filling up the DagBag from /home/airflow/.local/lib/python3.8/site-packages/airflow/example_dags/example_task_group.py
[2026-03-23T03:26:09.606+0000] {processor.py:840} INFO - DAG(s) 'example_task_group' retrieved from /home/airflow/.local/lib/python3.8/site-packages/airflow/example_dags/example_task_group.py
[2026-03-23T03:26:09.632+0000] {logging_mixin.py:188} INFO - [2026-03-23T03:26:09.631+0000] {dag.py:3047} INFO - Sync 1 DAGs
[2026-03-23T03:26:09.661+0000] {logging_mixin.py:188} INFO - [2026-03-23T03:26:09.660+0000] {dag.py:3834} INFO - Setting next_dagrun for example_task_group to 2026-03-22 00:00:00+00:00, run_after=2026-03-23 00:00:00+00:00
[2026-03-23T03:26:09.694+0000] {processor.py:183} INFO - Processing /home/airflow/.local/lib/python3.8/site-packages/airflow/example_dags/example_task_group.py took 0.104 seconds
[2026-03-23T03:26:40.418+0000] {processor.py:161} INFO - Started process (PID=231) to work on /home/airflow/.local/lib/python3.8/site-packages/airflow/example_dags/example_task_group.py
[2026-03-23T03:26:40.419+0000] {processor.py:830} INFO - Processing file /home/airflow/.local/lib/python3.8/site-packages/airflow/example_dags/example_task_group.py for tasks to queue
[2026-03-23T03:26:40.421+0000] {logging_mixin.py:188} INFO - [2026-03-23T03:26:40.421+0000] {dagbag.py:540} INFO - Filling up the DagBag from /home/airflow/.local/lib/python3.8/site-packages/airflow/example_dags/example_task_group.py
[2026-03-23T03:26:40.428+0000] {processor.py:840} INFO - DAG(s) 'example_task_group' retrieved from /home/airflow/.local/lib/python3.8/site-packages/airflow/example_dags/example_task_group.py
[2026-03-23T03:26:40.452+0000] {logging_mixin.py:188} INFO - [2026-03-23T03:26:40.452+0000] {dag.py:3047} INFO - Sync 1 DAGs
[2026-03-23T03:26:40.476+0000] {logging_mixin.py:188} INFO - [2026-03-23T03:26:40.476+0000] {dag.py:3834} INFO - Setting next_dagrun for example_task_group to 2026-03-22 00:00:00+00:00, run_after=2026-03-23 00:00:00+00:00
[2026-03-23T03:26:40.500+0000] {processor.py:183} INFO - Processing /home/airflow/.local/lib/python3.8/site-packages/airflow/example_dags/example_task_group.py took 0.085 seconds
[2026-03-23T03:27:10.816+0000] {processor.py:161} INFO - Started process (PID=286) to work on /home/airflow/.local/lib/python3.8/site-packages/airflow/example_dags/example_task_group.py
[2026-03-23T03:27:10.817+0000] {processor.py:830} INFO - Processing file /home/airflow/.local/lib/python3.8/site-packages/airflow/example_dags/example_task_group.py for tasks to queue
[2026-03-23T03:27:10.819+0000] {logging_mixin.py:188} INFO - [2026-03-23T03:27:10.819+0000] {dagbag.py:540} INFO - Filling up the DagBag from /home/airflow/.local/lib/python3.8/site-packages/airflow/example_dags/example_task_group.py
[2026-03-23T03:27:10.827+0000] {processor.py:840} INFO - DAG(s) 'example_task_group' retrieved from /home/airflow/.local/lib/python3.8/site-packages/airflow/example_dags/example_task_group.py
[2026-03-23T03:27:10.851+0000] {logging_mixin.py:188} INFO - [2026-03-23T03:27:10.850+0000] {dag.py:3047} INFO - Sync 1 DAGs
[2026-03-23T03:27:10.874+0000] {logging_mixin.py:188} INFO - [2026-03-23T03:27:10.874+0000] {dag.py:3834} INFO - Setting next_dagrun for example_task_group to 2026-03-22 00:00:00+00:00, run_after=2026-03-23 00:00:00+00:00
[2026-03-23T03:27:10.897+0000] {processor.py:183} INFO - Processing /home/airflow/.local/lib/python3.8/site-packages/airflow/example_dags/example_task_group.py took 0.084 seconds
[2026-03-23T03:27:40.997+0000] {processor.py:161} INFO - Started process (PID=341) to work on /home/airflow/.local/lib/python3.8/site-packages/airflow/example_dags/example_task_group.py
[2026-03-23T03:27:40.998+0000] {processor.py:830} INFO - Processing file /home/airflow/.local/lib/python3.8/site-packages/airflow/example_dags/example_task_group.py for tasks to queue
[2026-03-23T03:27:41.000+0000] {logging_mixin.py:188} INFO - [2026-03-23T03:27:41.000+0000] {dagbag.py:540} INFO - Filling up the DagBag from /home/airflow/.local/lib/python3.8/site-packages/airflow/example_dags/example_task_group.py
[2026-03-23T03:27:41.009+0000] {processor.py:840} INFO - DAG(s) 'example_task_group' retrieved from /home/airflow/.local/lib/python3.8/site-packages/airflow/example_dags/example_task_group.py
[2026-03-23T03:27:41.035+0000] {logging_mixin.py:188} INFO - [2026-03-23T03:27:41.035+0000] {dag.py:3047} INFO - Sync 1 DAGs
[2026-03-23T03:27:41.059+0000] {logging_mixin.py:188} INFO - [2026-03-23T03:27:41.059+0000] {dag.py:3834} INFO - Setting next_dagrun for example_task_group to 2026-03-22 00:00:00+00:00, run_after=2026-03-23 00:00:00+00:00
[2026-03-23T03:27:41.083+0000] {processor.py:183} INFO - Processing /home/airflow/.local/lib/python3.8/site-packages/airflow/example_dags/example_task_group.py took 0.090 seconds
[2026-03-23T03:28:11.264+0000] {processor.py:161} INFO - Started process (PID=396) to work on /home/airflow/.local/lib/python3.8/site-packages/airflow/example_dags/example_task_group.py
[2026-03-23T03:28:11.266+0000] {processor.py:830} INFO - Processing file /home/airflow/.local/lib/python3.8/site-packages/airflow/example_dags/example_task_group.py for tasks to queue
[2026-03-23T03:28:11.267+0000] {logging_mixin.py:188} INFO - [2026-03-23T03:28:11.267+0000] {dagbag.py:540} INFO - Filling up the DagBag from /home/airflow/.local/lib/python3.8/site-packages/airflow/example_dags/example_task_group.py
[2026-03-23T03:28:11.275+0000] {processor.py:840} INFO - DAG(s) 'example_task_group' retrieved from /home/airflow/.local/lib/python3.8/site-packages/airflow/example_dags/example_task_group.py
[2026-03-23T03:28:11.301+0000] {logging_mixin.py:188} INFO - [2026-03-23T03:28:11.300+0000] {dag.py:3047} INFO - Sync 1 DAGs
[2026-03-23T03:28:11.323+0000] {logging_mixin.py:188} INFO - [2026-03-23T03:28:11.323+0000] {dag.py:3834} INFO - Setting next_dagrun for example_task_group to 2026-03-22 00:00:00+00:00, run_after=2026-03-23 00:00:00+00:00
[2026-03-23T03:28:11.346+0000] {processor.py:183} INFO - Processing /home/airflow/.local/lib/python3.8/site-packages/airflow/example_dags/example_task_group.py took 0.085 seconds
[2026-03-23T03:28:41.869+0000] {processor.py:161} INFO - Started process (PID=451) to work on /home/airflow/.local/lib/python3.8/site-packages/airflow/example_dags/example_task_group.py
[2026-03-23T03:28:41.870+0000] {processor.py:830} INFO - Processing file /home/airflow/.local/lib/python3.8/site-packages/airflow/example_dags/example_task_group.py for tasks to queue
[2026-03-23T03:28:41.872+0000] {logging_mixin.py:188} INFO - [2026-03-23T03:28:41.872+0000] {dagbag.py:540} INFO - Filling up the DagBag from /home/airflow/.local/lib/python3.8/site-packages/airflow/example_dags/example_task_group.py
[2026-03-23T03:28:41.880+0000] {processor.py:840} INFO - DAG(s) 'example_task_group' retrieved from /home/airflow/.local/lib/python3.8/site-packages/airflow/example_dags/example_task_group.py
[2026-03-23T03:28:41.901+0000] {logging_mixin.py:188} INFO - [2026-03-23T03:28:41.900+0000] {dag.py:3047} INFO - Sync 1 DAGs
[2026-03-23T03:28:41.920+0000] {logging_mixin.py:188} INFO - [2026-03-23T03:28:41.920+0000] {dag.py:3834} INFO - Setting next_dagrun for example_task_group to 2026-03-22 00:00:00+00:00, run_after=2026-03-23 00:00:00+00:00
[2026-03-23T03:28:41.939+0000] {processor.py:183} INFO - Processing /home/airflow/.local/lib/python3.8/site-packages/airflow/example_dags/example_task_group.py took 0.073 seconds
[2026-03-23T03:29:12.046+0000] {processor.py:161} INFO - Started process (PID=506) to work on /home/airflow/.local/lib/python3.8/site-packages/airflow/example_dags/example_task_group.py
[2026-03-23T03:29:12.047+0000] {processor.py:830} INFO - Processing file /home/airflow/.local/lib/python3.8/site-packages/airflow/example_dags/example_task_group.py for tasks to queue
[2026-03-23T03:29:12.050+0000] {logging_mixin.py:188} INFO - [2026-03-23T03:29:12.049+0000] {dagbag.py:540} INFO - Filling up the DagBag from /home/airflow/.local/lib/python3.8/site-packages/airflow/example_dags/example_task_group.py
[2026-03-23T03:29:12.057+0000] {processor.py:840} INFO - DAG(s) 'example_task_group' retrieved from /home/airflow/.local/lib/python3.8/site-packages/airflow/example_dags/example_task_group.py
[2026-03-23T03:29:12.079+0000] {logging_mixin.py:188} INFO - [2026-03-23T03:29:12.079+0000] {dag.py:3047} INFO - Sync 1 DAGs
[2026-03-23T03:29:12.100+0000] {logging_mixin.py:188} INFO - [2026-03-23T03:29:12.100+0000] {dag.py:3834} INFO - Setting next_dagrun for example_task_group to 2026-03-22 00:00:00+00:00, run_after=2026-03-23 00:00:00+00:00
[2026-03-23T03:29:12.119+0000] {processor.py:183} INFO - Processing /home/airflow/.local/lib/python3.8/site-packages/airflow/example_dags/example_task_group.py took 0.076 seconds
[2026-03-23T03:29:42.343+0000] {processor.py:161} INFO - Started process (PID=567) to work on /home/airflow/.local/lib/python3.8/site-packages/airflow/example_dags/example_task_group.py
[2026-03-23T03:29:42.344+0000] {processor.py:830} INFO - Processing file /home/airflow/.local/lib/python3.8/site-packages/airflow/example_dags/example_task_group.py for tasks to queue
[2026-03-23T03:29:42.346+0000] {logging_mixin.py:188} INFO - [2026-03-23T03:29:42.346+0000] {dagbag.py:540} INFO - Filling up the DagBag from /home/airflow/.local/lib/python3.8/site-packages/airflow/example_dags/example_task_group.py
[2026-03-23T03:29:42.353+0000] {processor.py:840} INFO - DAG(s) 'example_task_group' retrieved from /home/airflow/.local/lib/python3.8/site-packages/airflow/example_dags/example_task_group.py
[2026-03-23T03:29:42.378+0000] {logging_mixin.py:188} INFO - [2026-03-23T03:29:42.378+0000] {dag.py:3047} INFO - Sync 1 DAGs
[2026-03-23T03:29:42.401+0000] {logging_mixin.py:188} INFO - [2026-03-23T03:29:42.401+0000] {dag.py:3834} INFO - Setting next_dagrun for example_task_group to 2026-03-22 00:00:00+00:00, run_after=2026-03-23 00:00:00+00:00
[2026-03-23T03:29:42.426+0000] {processor.py:183} INFO - Processing /home/airflow/.local/lib/python3.8/site-packages/airflow/example_dags/example_task_group.py took 0.086 seconds
[2026-03-23T03:30:12.599+0000] {processor.py:161} INFO - Started process (PID=622) to work on /home/airflow/.local/lib/python3.8/site-packages/airflow/example_dags/example_task_group.py
[2026-03-23T03:30:12.601+0000] {processor.py:830} INFO - Processing file /home/airflow/.local/lib/python3.8/site-packages/airflow/example_dags/example_task_group.py for tasks to queue
[2026-03-23T03:30:12.603+0000] {logging_mixin.py:188} INFO - [2026-03-23T03:30:12.603+0000] {dagbag.py:540} INFO - Filling up the DagBag from /home/airflow/.local/lib/python3.8/site-packages/airflow/example_dags/example_task_group.py
[2026-03-23T03:30:12.613+0000] {processor.py:840} INFO - DAG(s) 'example_task_group' retrieved from /home/airflow/.local/lib/python3.8/site-packages/airflow/example_dags/example_task_group.py
[2026-03-23T03:30:12.638+0000] {logging_mixin.py:188} INFO - [2026-03-23T03:30:12.638+0000] {dag.py:3047} INFO - Sync 1 DAGs
[2026-03-23T03:30:12.661+0000] {logging_mixin.py:188} INFO - [2026-03-23T03:30:12.661+0000] {dag.py:3834} INFO - Setting next_dagrun for example_task_group to 2026-03-22 00:00:00+00:00, run_after=2026-03-23 00:00:00+00:00
[2026-03-23T03:30:12.688+0000] {processor.py:183} INFO - Processing /home/airflow/.local/lib/python3.8/site-packages/airflow/example_dags/example_task_group.py took 0.092 seconds
[2026-03-23T03:30:42.986+0000] {processor.py:161} INFO - Started process (PID=677) to work on /home/airflow/.local/lib/python3.8/site-packages/airflow/example_dags/example_task_group.py
[2026-03-23T03:30:42.987+0000] {processor.py:830} INFO - Processing file /home/airflow/.local/lib/python3.8/site-packages/airflow/example_dags/example_task_group.py for tasks to queue
[2026-03-23T03:30:42.989+0000] {logging_mixin.py:188} INFO - [2026-03-23T03:30:42.989+0000] {dagbag.py:540} INFO - Filling up the DagBag from /home/airflow/.local/lib/python3.8/site-packages/airflow/example_dags/example_task_group.py
[2026-03-23T03:30:42.995+0000] {processor.py:840} INFO - DAG(s) 'example_task_group' retrieved from /home/airflow/.local/lib/python3.8/site-packages/airflow/example_dags/example_task_group.py
[2026-03-23T03:30:43.016+0000] {logging_mixin.py:188} INFO - [2026-03-23T03:30:43.016+0000] {dag.py:3047} INFO - Sync 1 DAGs
[2026-03-23T03:30:43.038+0000] {logging_mixin.py:188} INFO - [2026-03-23T03:30:43.038+0000] {dag.py:3834} INFO - Setting next_dagrun for example_task_group to 2026-03-22 00:00:00+00:00, run_after=2026-03-23 00:00:00+00:00
[2026-03-23T03:30:43.058+0000] {processor.py:183} INFO - Processing /home/airflow/.local/lib/python3.8/site-packages/airflow/example_dags/example_task_group.py took 0.074 seconds
[2026-03-23T03:31:13.173+0000] {processor.py:161} INFO - Started process (PID=732) to work on /home/airflow/.local/lib/python3.8/site-packages/airflow/example_dags/example_task_group.py
[2026-03-23T03:31:13.174+0000] {processor.py:830} INFO - Processing file /home/airflow/.local/lib/python3.8/site-packages/airflow/example_dags/example_task_group.py for tasks to queue
[2026-03-23T03:31:13.176+0000] {logging_mixin.py:188} INFO - [2026-03-23T03:31:13.176+0000] {dagbag.py:540} INFO - Filling up the DagBag from /home/airflow/.local/lib/python3.8/site-packages/airflow/example_dags/example_task_group.py
[2026-03-23T03:31:13.183+0000] {processor.py:840} INFO - DAG(s) 'example_task_group' retrieved from /home/airflow/.local/lib/python3.8/site-packages/airflow/example_dags/example_task_group.py
[2026-03-23T03:31:13.202+0000] {logging_mixin.py:188} INFO - [2026-03-23T03:31:13.202+0000] {dag.py:3047} INFO - Sync 1 DAGs
[2026-03-23T03:31:13.222+0000] {logging_mixin.py:188} INFO - [2026-03-23T03:31:13.222+0000] {dag.py:3834} INFO - Setting next_dagrun for example_task_group to 2026-03-22 00:00:00+00:00, run_after=2026-03-23 00:00:00+00:00
[2026-03-23T03:31:13.242+0000] {processor.py:183} INFO - Processing /home/airflow/.local/lib/python3.8/site-packages/airflow/example_dags/example_task_group.py took 0.071 seconds
[2026-03-23T03:31:43.793+0000] {processor.py:161} INFO - Started process (PID=787) to work on /home/airflow/.local/lib/python3.8/site-packages/airflow/example_dags/example_task_group.py
[2026-03-23T03:31:43.794+0000] {processor.py:830} INFO - Processing file /home/airflow/.local/lib/python3.8/site-packages/airflow/example_dags/example_task_group.py for tasks to queue
[2026-03-23T03:31:43.796+0000] {logging_mixin.py:188} INFO - [2026-03-23T03:31:43.796+0000] {dagbag.py:540} INFO - Filling up the DagBag from /home/airflow/.local/lib/python3.8/site-packages/airflow/example_dags/example_task_group.py
[2026-03-23T03:31:43.802+0000] {processor.py:840} INFO - DAG(s) 'example_task_group' retrieved from /home/airflow/.local/lib/python3.8/site-packages/airflow/example_dags/example_task_group.py
[2026-03-23T03:31:43.823+0000] {logging_mixin.py:188} INFO - [2026-03-23T03:31:43.823+0000] {dag.py:3047} INFO - Sync 1 DAGs
[2026-03-23T03:31:43.845+0000] {logging_mixin.py:188} INFO - [2026-03-23T03:31:43.844+0000] {dag.py:3834} INFO - Setting next_dagrun for example_task_group to 2026-03-22 00:00:00+00:00, run_after=2026-03-23 00:00:00+00:00
[2026-03-23T03:31:43.866+0000] {processor.py:183} INFO - Processing /home/airflow/.local/lib/python3.8/site-packages/airflow/example_dags/example_task_group.py took 0.075 seconds
[2026-03-23T03:32:14.455+0000] {processor.py:161} INFO - Started process (PID=842) to work on /home/airflow/.local/lib/python3.8/site-packages/airflow/example_dags/example_task_group.py
[2026-03-23T03:32:14.456+0000] {processor.py:830} INFO - Processing file /home/airflow/.local/lib/python3.8/site-packages/airflow/example_dags/example_task_group.py for tasks to queue
[2026-03-23T03:32:14.459+0000] {logging_mixin.py:188} INFO - [2026-03-23T03:32:14.458+0000] {dagbag.py:540} INFO - Filling up the DagBag from /home/airflow/.local/lib/python3.8/site-packages/airflow/example_dags/example_task_group.py
[2026-03-23T03:32:14.467+0000] {processor.py:840} INFO - DAG(s) 'example_task_group' retrieved from /home/airflow/.local/lib/python3.8/site-packages/airflow/example_dags/example_task_group.py
[2026-03-23T03:32:14.493+0000] {logging_mixin.py:188} INFO - [2026-03-23T03:32:14.492+0000] {dag.py:3047} INFO - Sync 1 DAGs
[2026-03-23T03:32:14.516+0000] {logging_mixin.py:188} INFO - [2026-03-23T03:32:14.516+0000] {dag.py:3834} INFO - Setting next_dagrun for example_task_group to 2026-03-22 00:00:00+00:00, run_after=2026-03-23 00:00:00+00:00
[2026-03-23T03:32:14.538+0000] {processor.py:183} INFO - Processing /home/airflow/.local/lib/python3.8/site-packages/airflow/example_dags/example_task_group.py took 0.086 seconds
[2026-03-23T03:32:44.614+0000] {processor.py:161} INFO - Started process (PID=897) to work on /home/airflow/.local/lib/python3.8/site-packages/airflow/example_dags/example_task_group.py
[2026-03-23T03:32:44.615+0000] {processor.py:830} INFO - Processing file /home/airflow/.local/lib/python3.8/site-packages/airflow/example_dags/example_task_group.py for tasks to queue
[2026-03-23T03:32:44.617+0000] {logging_mixin.py:188} INFO - [2026-03-23T03:32:44.617+0000] {dagbag.py:540} INFO - Filling up the DagBag from /home/airflow/.local/lib/python3.8/site-packages/airflow/example_dags/example_task_group.py
[2026-03-23T03:32:44.624+0000] {processor.py:840} INFO - DAG(s) 'example_task_group' retrieved from /home/airflow/.local/lib/python3.8/site-packages/airflow/example_dags/example_task_group.py
[2026-03-23T03:32:44.645+0000] {logging_mixin.py:188} INFO - [2026-03-23T03:32:44.645+0000] {dag.py:3047} INFO - Sync 1 DAGs
[2026-03-23T03:32:44.666+0000] {logging_mixin.py:188} INFO - [2026-03-23T03:32:44.665+0000] {dag.py:3834} INFO - Setting next_dagrun for example_task_group to 2026-03-22 00:00:00+00:00, run_after=2026-03-23 00:00:00+00:00
[2026-03-23T03:32:44.687+0000] {processor.py:183} INFO - Processing /home/airflow/.local/lib/python3.8/site-packages/airflow/example_dags/example_task_group.py took 0.075 seconds
[2026-03-23T03:33:14.744+0000] {processor.py:161} INFO - Started process (PID=952) to work on /home/airflow/.local/lib/python3.8/site-packages/airflow/example_dags/example_task_group.py
[2026-03-23T03:33:14.745+0000] {processor.py:830} INFO - Processing file /home/airflow/.local/lib/python3.8/site-packages/airflow/example_dags/example_task_group.py for tasks to queue
[2026-03-23T03:33:14.747+0000] {logging_mixin.py:188} INFO - [2026-03-23T03:33:14.747+0000] {dagbag.py:540} INFO - Filling up the DagBag from /home/airflow/.local/lib/python3.8/site-packages/airflow/example_dags/example_task_group.py
[2026-03-23T03:33:14.753+0000] {processor.py:840} INFO - DAG(s) 'example_task_group' retrieved from /home/airflow/.local/lib/python3.8/site-packages/airflow/example_dags/example_task_group.py
[2026-03-23T03:33:14.775+0000] {logging_mixin.py:188} INFO - [2026-03-23T03:33:14.775+0000] {dag.py:3047} INFO - Sync 1 DAGs
[2026-03-23T03:33:14.798+0000] {logging_mixin.py:188} INFO - [2026-03-23T03:33:14.797+0000] {dag.py:3834} INFO - Setting next_dagrun for example_task_group to 2026-03-22 00:00:00+00:00, run_after=2026-03-23 00:00:00+00:00
[2026-03-23T03:33:14.820+0000] {processor.py:183} INFO - Processing /home/airflow/.local/lib/python3.8/site-packages/airflow/example_dags/example_task_group.py took 0.079 seconds
[2026-03-23T03:33:44.949+0000] {processor.py:161} INFO - Started process (PID=1007) to work on /home/airflow/.local/lib/python3.8/site-packages/airflow/example_dags/example_task_group.py
[2026-03-23T03:33:44.951+0000] {processor.py:830} INFO - Processing file /home/airflow/.local/lib/python3.8/site-packages/airflow/example_dags/example_task_group.py for tasks to queue
[2026-03-23T03:33:44.953+0000] {logging_mixin.py:188} INFO - [2026-03-23T03:33:44.952+0000] {dagbag.py:540} INFO - Filling up the DagBag from /home/airflow/.local/lib/python3.8/site-packages/airflow/example_dags/example_task_group.py
[2026-03-23T03:33:44.959+0000] {processor.py:840} INFO - DAG(s) 'example_task_group' retrieved from /home/airflow/.local/lib/python3.8/site-packages/airflow/example_dags/example_task_group.py
[2026-03-23T03:33:44.979+0000] {logging_mixin.py:188} INFO - [2026-03-23T03:33:44.979+0000] {dag.py:3047} INFO - Sync 1 DAGs
[2026-03-23T03:33:45.001+0000] {logging_mixin.py:188} INFO - [2026-03-23T03:33:45.000+0000] {dag.py:3834} INFO - Setting next_dagrun for example_task_group to 2026-03-22 00:00:00+00:00, run_after=2026-03-23 00:00:00+00:00
[2026-03-23T03:33:45.021+0000] {processor.py:183} INFO - Processing /home/airflow/.local/lib/python3.8/site-packages/airflow/example_dags/example_task_group.py took 0.074 seconds
[2026-03-23T03:34:15.173+0000] {processor.py:161} INFO - Started process (PID=1062) to work on /home/airflow/.local/lib/python3.8/site-packages/airflow/example_dags/example_task_group.py
[2026-03-23T03:34:15.175+0000] {processor.py:830} INFO - Processing file /home/airflow/.local/lib/python3.8/site-packages/airflow/example_dags/example_task_group.py for tasks to queue
[2026-03-23T03:34:15.177+0000] {logging_mixin.py:188} INFO - [2026-03-23T03:34:15.177+0000] {dagbag.py:540} INFO - Filling up the DagBag from /home/airflow/.local/lib/python3.8/site-packages/airflow/example_dags/example_task_group.py
[2026-03-23T03:34:15.184+0000] {processor.py:840} INFO - DAG(s) 'example_task_group' retrieved from /home/airflow/.local/lib/python3.8/site-packages/airflow/example_dags/example_task_group.py
[2026-03-23T03:34:15.208+0000] {logging_mixin.py:188} INFO - [2026-03-23T03:34:15.207+0000] {dag.py:3047} INFO - Sync 1 DAGs
[2026-03-23T03:34:15.230+0000] {logging_mixin.py:188} INFO - [2026-03-23T03:34:15.229+0000] {dag.py:3834} INFO - Setting next_dagrun for example_task_group to 2026-03-22 00:00:00+00:00, run_after=2026-03-23 00:00:00+00:00
[2026-03-23T03:34:15.254+0000] {processor.py:183} INFO - Processing /home/airflow/.local/lib/python3.8/site-packages/airflow/example_dags/example_task_group.py took 0.084 seconds
[2026-03-23T03:34:45.411+0000] {processor.py:161} INFO - Started process (PID=1117) to work on /home/airflow/.local/lib/python3.8/site-packages/airflow/example_dags/example_task_group.py
[2026-03-23T03:34:45.412+0000] {processor.py:830} INFO - Processing file /home/airflow/.local/lib/python3.8/site-packages/airflow/example_dags/example_task_group.py for tasks to queue
[2026-03-23T03:34:45.414+0000] {logging_mixin.py:188} INFO - [2026-03-23T03:34:45.414+0000] {dagbag.py:540} INFO - Filling up the DagBag from /home/airflow/.local/lib/python3.8/site-packages/airflow/example_dags/example_task_group.py
[2026-03-23T03:34:45.422+0000] {processor.py:840} INFO - DAG(s) 'example_task_group' retrieved from /home/airflow/.local/lib/python3.8/site-packages/airflow/example_dags/example_task_group.py
[2026-03-23T03:34:45.446+0000] {logging_mixin.py:188} INFO - [2026-03-23T03:34:45.446+0000] {dag.py:3047} INFO - Sync 1 DAGs
[2026-03-23T03:34:45.471+0000] {logging_mixin.py:188} INFO - [2026-03-23T03:34:45.470+0000] {dag.py:3834} INFO - Setting next_dagrun for example_task_group to 2026-03-22 00:00:00+00:00, run_after=2026-03-23 00:00:00+00:00
[2026-03-23T03:34:45.495+0000] {processor.py:183} INFO - Processing /home/airflow/.local/lib/python3.8/site-packages/airflow/example_dags/example_task_group.py took 0.087 seconds
[2026-03-23T03:37:18.857+0000] {processor.py:161} INFO - Started process (PID=66) to work on /home/airflow/.local/lib/python3.8/site-packages/airflow/example_dags/example_task_group.py
[2026-03-23T03:37:18.858+0000] {processor.py:830} INFO - Processing file /home/airflow/.local/lib/python3.8/site-packages/airflow/example_dags/example_task_group.py for tasks to queue
[2026-03-23T03:37:18.860+0000] {logging_mixin.py:188} INFO - [2026-03-23T03:37:18.860+0000] {dagbag.py:540} INFO - Filling up the DagBag from /home/airflow/.local/lib/python3.8/site-packages/airflow/example_dags/example_task_group.py
[2026-03-23T03:37:18.869+0000] {processor.py:840} INFO - DAG(s) 'example_task_group' retrieved from /home/airflow/.local/lib/python3.8/site-packages/airflow/example_dags/example_task_group.py
[2026-03-23T03:37:18.884+0000] {logging_mixin.py:188} INFO - [2026-03-23T03:37:18.884+0000] {dag.py:3047} INFO - Sync 1 DAGs
[2026-03-23T03:37:18.911+0000] {logging_mixin.py:188} INFO - [2026-03-23T03:37:18.910+0000] {dag.py:3834} INFO - Setting next_dagrun for example_task_group to 2026-03-22 00:00:00+00:00, run_after=2026-03-23 00:00:00+00:00
[2026-03-23T03:37:18.935+0000] {processor.py:183} INFO - Processing /home/airflow/.local/lib/python3.8/site-packages/airflow/example_dags/example_task_group.py took 0.082 seconds
[2026-03-23T03:37:49.779+0000] {processor.py:161} INFO - Started process (PID=121) to work on /home/airflow/.local/lib/python3.8/site-packages/airflow/example_dags/example_task_group.py
[2026-03-23T03:37:49.780+0000] {processor.py:830} INFO - Processing file /home/airflow/.local/lib/python3.8/site-packages/airflow/example_dags/example_task_group.py for tasks to queue
[2026-03-23T03:37:49.782+0000] {logging_mixin.py:188} INFO - [2026-03-23T03:37:49.782+0000] {dagbag.py:540} INFO - Filling up the DagBag from /home/airflow/.local/lib/python3.8/site-packages/airflow/example_dags/example_task_group.py
[2026-03-23T03:37:49.789+0000] {processor.py:840} INFO - DAG(s) 'example_task_group' retrieved from /home/airflow/.local/lib/python3.8/site-packages/airflow/example_dags/example_task_group.py
[2026-03-23T03:37:49.888+0000] {logging_mixin.py:188} INFO - [2026-03-23T03:37:49.887+0000] {dag.py:3047} INFO - Sync 1 DAGs
[2026-03-23T03:37:49.912+0000] {logging_mixin.py:188} INFO - [2026-03-23T03:37:49.911+0000] {dag.py:3834} INFO - Setting next_dagrun for example_task_group to 2026-03-22 00:00:00+00:00, run_after=2026-03-23 00:00:00+00:00
[2026-03-23T03:37:49.942+0000] {processor.py:183} INFO - Processing /home/airflow/.local/lib/python3.8/site-packages/airflow/example_dags/example_task_group.py took 0.166 seconds
[2026-03-23T03:38:20.092+0000] {processor.py:161} INFO - Started process (PID=176) to work on /home/airflow/.local/lib/python3.8/site-packages/airflow/example_dags/example_task_group.py
[2026-03-23T03:38:20.093+0000] {processor.py:830} INFO - Processing file /home/airflow/.local/lib/python3.8/site-packages/airflow/example_dags/example_task_group.py for tasks to queue
[2026-03-23T03:38:20.095+0000] {logging_mixin.py:188} INFO - [2026-03-23T03:38:20.095+0000] {dagbag.py:540} INFO - Filling up the DagBag from /home/airflow/.local/lib/python3.8/site-packages/airflow/example_dags/example_task_group.py
[2026-03-23T03:38:20.105+0000] {processor.py:840} INFO - DAG(s) 'example_task_group' retrieved from /home/airflow/.local/lib/python3.8/site-packages/airflow/example_dags/example_task_group.py
[2026-03-23T03:38:20.133+0000] {logging_mixin.py:188} INFO - [2026-03-23T03:38:20.132+0000] {dag.py:3047} INFO - Sync 1 DAGs
[2026-03-23T03:38:20.160+0000] {logging_mixin.py:188} INFO - [2026-03-23T03:38:20.160+0000] {dag.py:3834} INFO - Setting next_dagrun for example_task_group to 2026-03-22 00:00:00+00:00, run_after=2026-03-23 00:00:00+00:00
[2026-03-23T03:38:20.186+0000] {processor.py:183} INFO - Processing /home/airflow/.local/lib/python3.8/site-packages/airflow/example_dags/example_task_group.py took 0.099 seconds
[2026-03-23T03:38:50.806+0000] {processor.py:161} INFO - Started process (PID=231) to work on /home/airflow/.local/lib/python3.8/site-packages/airflow/example_dags/example_task_group.py
[2026-03-23T03:38:50.808+0000] {processor.py:830} INFO - Processing file /home/airflow/.local/lib/python3.8/site-packages/airflow/example_dags/example_task_group.py for tasks to queue
[2026-03-23T03:38:50.811+0000] {logging_mixin.py:188} INFO - [2026-03-23T03:38:50.811+0000] {dagbag.py:540} INFO - Filling up the DagBag from /home/airflow/.local/lib/python3.8/site-packages/airflow/example_dags/example_task_group.py
[2026-03-23T03:38:50.820+0000] {processor.py:840} INFO - DAG(s) 'example_task_group' retrieved from /home/airflow/.local/lib/python3.8/site-packages/airflow/example_dags/example_task_group.py
[2026-03-23T03:38:50.846+0000] {logging_mixin.py:188} INFO - [2026-03-23T03:38:50.845+0000] {dag.py:3047} INFO - Sync 1 DAGs
[2026-03-23T03:38:50.871+0000] {logging_mixin.py:188} INFO - [2026-03-23T03:38:50.871+0000] {dag.py:3834} INFO - Setting next_dagrun for example_task_group to 2026-03-22 00:00:00+00:00, run_after=2026-03-23 00:00:00+00:00
[2026-03-23T03:38:50.898+0000] {processor.py:183} INFO - Processing /home/airflow/.local/lib/python3.8/site-packages/airflow/example_dags/example_task_group.py took 0.095 seconds
[2026-03-23T03:39:21.064+0000] {processor.py:161} INFO - Started process (PID=286) to work on /home/airflow/.local/lib/python3.8/site-packages/airflow/example_dags/example_task_group.py
[2026-03-23T03:39:21.065+0000] {processor.py:830} INFO - Processing file /home/airflow/.local/lib/python3.8/site-packages/airflow/example_dags/example_task_group.py for tasks to queue
[2026-03-23T03:39:21.067+0000] {logging_mixin.py:188} INFO - [2026-03-23T03:39:21.067+0000] {dagbag.py:540} INFO - Filling up the DagBag from /home/airflow/.local/lib/python3.8/site-packages/airflow/example_dags/example_task_group.py
[2026-03-23T03:39:21.075+0000] {processor.py:840} INFO - DAG(s) 'example_task_group' retrieved from /home/airflow/.local/lib/python3.8/site-packages/airflow/example_dags/example_task_group.py
[2026-03-23T03:39:21.102+0000] {logging_mixin.py:188} INFO - [2026-03-23T03:39:21.102+0000] {dag.py:3047} INFO - Sync 1 DAGs
[2026-03-23T03:39:21.130+0000] {logging_mixin.py:188} INFO - [2026-03-23T03:39:21.129+0000] {dag.py:3834} INFO - Setting next_dagrun for example_task_group to 2026-03-22 00:00:00+00:00, run_after=2026-03-23 00:00:00+00:00
[2026-03-23T03:39:21.158+0000] {processor.py:183} INFO - Processing /home/airflow/.local/lib/python3.8/site-packages/airflow/example_dags/example_task_group.py took 0.097 seconds
[2026-03-23T03:39:51.214+0000] {processor.py:161} INFO - Started process (PID=341) to work on /home/airflow/.local/lib/python3.8/site-packages/airflow/example_dags/example_task_group.py
[2026-03-23T03:39:51.215+0000] {processor.py:830} INFO - Processing file /home/airflow/.local/lib/python3.8/site-packages/airflow/example_dags/example_task_group.py for tasks to queue
[2026-03-23T03:39:51.217+0000] {logging_mixin.py:188} INFO - [2026-03-23T03:39:51.216+0000] {dagbag.py:540} INFO - Filling up the DagBag from /home/airflow/.local/lib/python3.8/site-packages/airflow/example_dags/example_task_group.py
[2026-03-23T03:39:51.223+0000] {processor.py:840} INFO - DAG(s) 'example_task_group' retrieved from /home/airflow/.local/lib/python3.8/site-packages/airflow/example_dags/example_task_group.py
[2026-03-23T03:39:51.245+0000] {logging_mixin.py:188} INFO - [2026-03-23T03:39:51.245+0000] {dag.py:3047} INFO - Sync 1 DAGs
[2026-03-23T03:39:51.266+0000] {logging_mixin.py:188} INFO - [2026-03-23T03:39:51.266+0000] {dag.py:3834} INFO - Setting next_dagrun for example_task_group to 2026-03-22 00:00:00+00:00, run_after=2026-03-23 00:00:00+00:00
[2026-03-23T03:39:51.289+0000] {processor.py:183} INFO - Processing /home/airflow/.local/lib/python3.8/site-packages/airflow/example_dags/example_task_group.py took 0.078 seconds
[2026-03-23T03:40:21.683+0000] {processor.py:161} INFO - Started process (PID=396) to work on /home/airflow/.local/lib/python3.8/site-packages/airflow/example_dags/example_task_group.py
[2026-03-23T03:40:21.684+0000] {processor.py:830} INFO - Processing file /home/airflow/.local/lib/python3.8/site-packages/airflow/example_dags/example_task_group.py for tasks to queue
[2026-03-23T03:40:21.687+0000] {logging_mixin.py:188} INFO - [2026-03-23T03:40:21.686+0000] {dagbag.py:540} INFO - Filling up the DagBag from /home/airflow/.local/lib/python3.8/site-packages/airflow/example_dags/example_task_group.py
[2026-03-23T03:40:21.695+0000] {processor.py:840} INFO - DAG(s) 'example_task_group' retrieved from /home/airflow/.local/lib/python3.8/site-packages/airflow/example_dags/example_task_group.py
[2026-03-23T03:40:21.719+0000] {logging_mixin.py:188} INFO - [2026-03-23T03:40:21.719+0000] {dag.py:3047} INFO - Sync 1 DAGs
[2026-03-23T03:40:21.743+0000] {logging_mixin.py:188} INFO - [2026-03-23T03:40:21.743+0000] {dag.py:3834} INFO - Setting next_dagrun for example_task_group to 2026-03-22 00:00:00+00:00, run_after=2026-03-23 00:00:00+00:00
[2026-03-23T03:40:21.764+0000] {processor.py:183} INFO - Processing /home/airflow/.local/lib/python3.8/site-packages/airflow/example_dags/example_task_group.py took 0.085 seconds
[2026-03-23T03:40:52.158+0000] {processor.py:161} INFO - Started process (PID=451) to work on /home/airflow/.local/lib/python3.8/site-packages/airflow/example_dags/example_task_group.py
[2026-03-23T03:40:52.160+0000] {processor.py:830} INFO - Processing file /home/airflow/.local/lib/python3.8/site-packages/airflow/example_dags/example_task_group.py for tasks to queue
[2026-03-23T03:40:52.169+0000] {logging_mixin.py:188} INFO - [2026-03-23T03:40:52.168+0000] {dagbag.py:540} INFO - Filling up the DagBag from /home/airflow/.local/lib/python3.8/site-packages/airflow/example_dags/example_task_group.py
[2026-03-23T03:40:52.200+0000] {processor.py:840} INFO - DAG(s) 'example_task_group' retrieved from /home/airflow/.local/lib/python3.8/site-packages/airflow/example_dags/example_task_group.py
[2026-03-23T03:40:52.282+0000] {logging_mixin.py:188} INFO - [2026-03-23T03:40:52.281+0000] {dag.py:3047} INFO - Sync 1 DAGs
[2026-03-23T03:40:52.357+0000] {logging_mixin.py:188} INFO - [2026-03-23T03:40:52.357+0000] {dag.py:3834} INFO - Setting next_dagrun for example_task_group to 2026-03-22 00:00:00+00:00, run_after=2026-03-23 00:00:00+00:00
[2026-03-23T03:40:52.390+0000] {processor.py:183} INFO - Processing /home/airflow/.local/lib/python3.8/site-packages/airflow/example_dags/example_task_group.py took 0.237 seconds
[2026-03-23T03:41:22.449+0000] {processor.py:161} INFO - Started process (PID=512) to work on /home/airflow/.local/lib/python3.8/site-packages/airflow/example_dags/example_task_group.py
[2026-03-23T03:41:22.450+0000] {processor.py:830} INFO - Processing file /home/airflow/.local/lib/python3.8/site-packages/airflow/example_dags/example_task_group.py for tasks to queue
[2026-03-23T03:41:22.452+0000] {logging_mixin.py:188} INFO - [2026-03-23T03:41:22.452+0000] {dagbag.py:540} INFO - Filling up the DagBag from /home/airflow/.local/lib/python3.8/site-packages/airflow/example_dags/example_task_group.py
[2026-03-23T03:41:22.460+0000] {processor.py:840} INFO - DAG(s) 'example_task_group' retrieved from /home/airflow/.local/lib/python3.8/site-packages/airflow/example_dags/example_task_group.py
[2026-03-23T03:41:22.484+0000] {logging_mixin.py:188} INFO - [2026-03-23T03:41:22.483+0000] {dag.py:3047} INFO - Sync 1 DAGs
[2026-03-23T03:41:22.504+0000] {logging_mixin.py:188} INFO - [2026-03-23T03:41:22.504+0000] {dag.py:3834} INFO - Setting next_dagrun for example_task_group to 2026-03-22 00:00:00+00:00, run_after=2026-03-23 00:00:00+00:00
[2026-03-23T03:41:22.527+0000] {processor.py:183} INFO - Processing /home/airflow/.local/lib/python3.8/site-packages/airflow/example_dags/example_task_group.py took 0.082 seconds
[2026-03-23T03:41:52.628+0000] {processor.py:161} INFO - Started process (PID=567) to work on /home/airflow/.local/lib/python3.8/site-packages/airflow/example_dags/example_task_group.py
[2026-03-23T03:41:52.629+0000] {processor.py:830} INFO - Processing file /home/airflow/.local/lib/python3.8/site-packages/airflow/example_dags/example_task_group.py for tasks to queue
[2026-03-23T03:41:52.631+0000] {logging_mixin.py:188} INFO - [2026-03-23T03:41:52.631+0000] {dagbag.py:540} INFO - Filling up the DagBag from /home/airflow/.local/lib/python3.8/site-packages/airflow/example_dags/example_task_group.py
[2026-03-23T03:41:52.638+0000] {processor.py:840} INFO - DAG(s) 'example_task_group' retrieved from /home/airflow/.local/lib/python3.8/site-packages/airflow/example_dags/example_task_group.py
[2026-03-23T03:41:52.664+0000] {logging_mixin.py:188} INFO - [2026-03-23T03:41:52.664+0000] {dag.py:3047} INFO - Sync 1 DAGs
[2026-03-23T03:41:52.685+0000] {logging_mixin.py:188} INFO - [2026-03-23T03:41:52.685+0000] {dag.py:3834} INFO - Setting next_dagrun for example_task_group to 2026-03-22 00:00:00+00:00, run_after=2026-03-23 00:00:00+00:00
[2026-03-23T03:41:52.709+0000] {processor.py:183} INFO - Processing /home/airflow/.local/lib/python3.8/site-packages/airflow/example_dags/example_task_group.py took 0.085 seconds
[2026-03-23T03:42:22.913+0000] {processor.py:161} INFO - Started process (PID=622) to work on /home/airflow/.local/lib/python3.8/site-packages/airflow/example_dags/example_task_group.py
[2026-03-23T03:42:22.914+0000] {processor.py:830} INFO - Processing file /home/airflow/.local/lib/python3.8/site-packages/airflow/example_dags/example_task_group.py for tasks to queue
[2026-03-23T03:42:22.917+0000] {logging_mixin.py:188} INFO - [2026-03-23T03:42:22.916+0000] {dagbag.py:540} INFO - Filling up the DagBag from /home/airflow/.local/lib/python3.8/site-packages/airflow/example_dags/example_task_group.py
[2026-03-23T03:42:22.924+0000] {processor.py:840} INFO - DAG(s) 'example_task_group' retrieved from /home/airflow/.local/lib/python3.8/site-packages/airflow/example_dags/example_task_group.py
[2026-03-23T03:42:22.947+0000] {logging_mixin.py:188} INFO - [2026-03-23T03:42:22.946+0000] {dag.py:3047} INFO - Sync 1 DAGs
[2026-03-23T03:42:22.970+0000] {logging_mixin.py:188} INFO - [2026-03-23T03:42:22.970+0000] {dag.py:3834} INFO - Setting next_dagrun for example_task_group to 2026-03-22 00:00:00+00:00, run_after=2026-03-23 00:00:00+00:00
[2026-03-23T03:42:22.992+0000] {processor.py:183} INFO - Processing /home/airflow/.local/lib/python3.8/site-packages/airflow/example_dags/example_task_group.py took 0.082 seconds
[2026-03-23T03:42:53.452+0000] {processor.py:161} INFO - Started process (PID=677) to work on /home/airflow/.local/lib/python3.8/site-packages/airflow/example_dags/example_task_group.py
[2026-03-23T03:42:53.453+0000] {processor.py:830} INFO - Processing file /home/airflow/.local/lib/python3.8/site-packages/airflow/example_dags/example_task_group.py for tasks to queue
[2026-03-23T03:42:53.455+0000] {logging_mixin.py:188} INFO - [2026-03-23T03:42:53.455+0000] {dagbag.py:540} INFO - Filling up the DagBag from /home/airflow/.local/lib/python3.8/site-packages/airflow/example_dags/example_task_group.py
[2026-03-23T03:42:53.462+0000] {processor.py:840} INFO - DAG(s) 'example_task_group' retrieved from /home/airflow/.local/lib/python3.8/site-packages/airflow/example_dags/example_task_group.py
[2026-03-23T03:42:53.486+0000] {logging_mixin.py:188} INFO - [2026-03-23T03:42:53.485+0000] {dag.py:3047} INFO - Sync 1 DAGs
[2026-03-23T03:42:53.507+0000] {logging_mixin.py:188} INFO - [2026-03-23T03:42:53.507+0000] {dag.py:3834} INFO - Setting next_dagrun for example_task_group to 2026-03-22 00:00:00+00:00, run_after=2026-03-23 00:00:00+00:00
[2026-03-23T03:42:53.530+0000] {processor.py:183} INFO - Processing /home/airflow/.local/lib/python3.8/site-packages/airflow/example_dags/example_task_group.py took 0.081 seconds
[2026-03-23T03:43:23.939+0000] {processor.py:161} INFO - Started process (PID=732) to work on /home/airflow/.local/lib/python3.8/site-packages/airflow/example_dags/example_task_group.py
[2026-03-23T03:43:23.940+0000] {processor.py:830} INFO - Processing file /home/airflow/.local/lib/python3.8/site-packages/airflow/example_dags/example_task_group.py for tasks to queue
[2026-03-23T03:43:23.942+0000] {logging_mixin.py:188} INFO - [2026-03-23T03:43:23.942+0000] {dagbag.py:540} INFO - Filling up the DagBag from /home/airflow/.local/lib/python3.8/site-packages/airflow/example_dags/example_task_group.py
[2026-03-23T03:43:23.949+0000] {processor.py:840} INFO - DAG(s) 'example_task_group' retrieved from /home/airflow/.local/lib/python3.8/site-packages/airflow/example_dags/example_task_group.py
[2026-03-23T03:43:23.973+0000] {logging_mixin.py:188} INFO - [2026-03-23T03:43:23.973+0000] {dag.py:3047} INFO - Sync 1 DAGs
[2026-03-23T03:43:23.996+0000] {logging_mixin.py:188} INFO - [2026-03-23T03:43:23.995+0000] {dag.py:3834} INFO - Setting next_dagrun for example_task_group to 2026-03-22 00:00:00+00:00, run_after=2026-03-23 00:00:00+00:00
[2026-03-23T03:43:24.018+0000] {processor.py:183} INFO - Processing /home/airflow/.local/lib/python3.8/site-packages/airflow/example_dags/example_task_group.py took 0.083 seconds
[2026-03-23T03:43:54.401+0000] {processor.py:161} INFO - Started process (PID=787) to work on /home/airflow/.local/lib/python3.8/site-packages/airflow/example_dags/example_task_group.py
[2026-03-23T03:43:54.403+0000] {processor.py:830} INFO - Processing file /home/airflow/.local/lib/python3.8/site-packages/airflow/example_dags/example_task_group.py for tasks to queue
[2026-03-23T03:43:54.405+0000] {logging_mixin.py:188} INFO - [2026-03-23T03:43:54.405+0000] {dagbag.py:540} INFO - Filling up the DagBag from /home/airflow/.local/lib/python3.8/site-packages/airflow/example_dags/example_task_group.py
[2026-03-23T03:43:54.413+0000] {processor.py:840} INFO - DAG(s) 'example_task_group' retrieved from /home/airflow/.local/lib/python3.8/site-packages/airflow/example_dags/example_task_group.py
[2026-03-23T03:43:54.436+0000] {logging_mixin.py:188} INFO - [2026-03-23T03:43:54.436+0000] {dag.py:3047} INFO - Sync 1 DAGs
[2026-03-23T03:43:54.461+0000] {logging_mixin.py:188} INFO - [2026-03-23T03:43:54.461+0000] {dag.py:3834} INFO - Setting next_dagrun for example_task_group to 2026-03-22 00:00:00+00:00, run_after=2026-03-23 00:00:00+00:00
[2026-03-23T03:43:54.484+0000] {processor.py:183} INFO - Processing /home/airflow/.local/lib/python3.8/site-packages/airflow/example_dags/example_task_group.py took 0.086 seconds
[2026-03-23T03:44:24.925+0000] {processor.py:161} INFO - Started process (PID=842) to work on /home/airflow/.local/lib/python3.8/site-packages/airflow/example_dags/example_task_group.py
[2026-03-23T03:44:24.927+0000] {processor.py:830} INFO - Processing file /home/airflow/.local/lib/python3.8/site-packages/airflow/example_dags/example_task_group.py for tasks to queue
[2026-03-23T03:44:24.929+0000] {logging_mixin.py:188} INFO - [2026-03-23T03:44:24.928+0000] {dagbag.py:540} INFO - Filling up the DagBag from /home/airflow/.local/lib/python3.8/site-packages/airflow/example_dags/example_task_group.py
[2026-03-23T03:44:24.935+0000] {processor.py:840} INFO - DAG(s) 'example_task_group' retrieved from /home/airflow/.local/lib/python3.8/site-packages/airflow/example_dags/example_task_group.py
[2026-03-23T03:44:24.958+0000] {logging_mixin.py:188} INFO - [2026-03-23T03:44:24.958+0000] {dag.py:3047} INFO - Sync 1 DAGs
[2026-03-23T03:44:24.980+0000] {logging_mixin.py:188} INFO - [2026-03-23T03:44:24.980+0000] {dag.py:3834} INFO - Setting next_dagrun for example_task_group to 2026-03-22 00:00:00+00:00, run_after=2026-03-23 00:00:00+00:00
[2026-03-23T03:44:25.004+0000] {processor.py:183} INFO - Processing /home/airflow/.local/lib/python3.8/site-packages/airflow/example_dags/example_task_group.py took 0.082 seconds
[2026-03-23T03:44:55.345+0000] {processor.py:161} INFO - Started process (PID=897) to work on /home/airflow/.local/lib/python3.8/site-packages/airflow/example_dags/example_task_group.py
[2026-03-23T03:44:55.347+0000] {processor.py:830} INFO - Processing file /home/airflow/.local/lib/python3.8/site-packages/airflow/example_dags/example_task_group.py for tasks to queue
[2026-03-23T03:44:55.349+0000] {logging_mixin.py:188} INFO - [2026-03-23T03:44:55.349+0000] {dagbag.py:540} INFO - Filling up the DagBag from /home/airflow/.local/lib/python3.8/site-packages/airflow/example_dags/example_task_group.py
[2026-03-23T03:44:55.358+0000] {processor.py:840} INFO - DAG(s) 'example_task_group' retrieved from /home/airflow/.local/lib/python3.8/site-packages/airflow/example_dags/example_task_group.py
[2026-03-23T03:44:55.386+0000] {logging_mixin.py:188} INFO - [2026-03-23T03:44:55.385+0000] {dag.py:3047} INFO - Sync 1 DAGs
[2026-03-23T03:44:55.412+0000] {logging_mixin.py:188} INFO - [2026-03-23T03:44:55.412+0000] {dag.py:3834} INFO - Setting next_dagrun for example_task_group to 2026-03-22 00:00:00+00:00, run_after=2026-03-23 00:00:00+00:00
[2026-03-23T03:44:55.439+0000] {processor.py:183} INFO - Processing /home/airflow/.local/lib/python3.8/site-packages/airflow/example_dags/example_task_group.py took 0.098 seconds
[2026-03-23T03:45:25.774+0000] {processor.py:161} INFO - Started process (PID=952) to work on /home/airflow/.local/lib/python3.8/site-packages/airflow/example_dags/example_task_group.py
[2026-03-23T03:45:25.776+0000] {processor.py:830} INFO - Processing file /home/airflow/.local/lib/python3.8/site-packages/airflow/example_dags/example_task_group.py for tasks to queue
[2026-03-23T03:45:25.778+0000] {logging_mixin.py:188} INFO - [2026-03-23T03:45:25.777+0000] {dagbag.py:540} INFO - Filling up the DagBag from /home/airflow/.local/lib/python3.8/site-packages/airflow/example_dags/example_task_group.py
[2026-03-23T03:45:25.785+0000] {processor.py:840} INFO - DAG(s) 'example_task_group' retrieved from /home/airflow/.local/lib/python3.8/site-packages/airflow/example_dags/example_task_group.py
[2026-03-23T03:45:25.805+0000] {logging_mixin.py:188} INFO - [2026-03-23T03:45:25.805+0000] {dag.py:3047} INFO - Sync 1 DAGs
[2026-03-23T03:45:25.827+0000] {logging_mixin.py:188} INFO - [2026-03-23T03:45:25.827+0000] {dag.py:3834} INFO - Setting next_dagrun for example_task_group to 2026-03-22 00:00:00+00:00, run_after=2026-03-23 00:00:00+00:00
[2026-03-23T03:45:25.853+0000] {processor.py:183} INFO - Processing /home/airflow/.local/lib/python3.8/site-packages/airflow/example_dags/example_task_group.py took 0.082 seconds
[2026-03-23T03:45:56.090+0000] {processor.py:161} INFO - Started process (PID=1007) to work on /home/airflow/.local/lib/python3.8/site-packages/airflow/example_dags/example_task_group.py
[2026-03-23T03:45:56.091+0000] {processor.py:830} INFO - Processing file /home/airflow/.local/lib/python3.8/site-packages/airflow/example_dags/example_task_group.py for tasks to queue
[2026-03-23T03:45:56.094+0000] {logging_mixin.py:188} INFO - [2026-03-23T03:45:56.093+0000] {dagbag.py:540} INFO - Filling up the DagBag from /home/airflow/.local/lib/python3.8/site-packages/airflow/example_dags/example_task_group.py
[2026-03-23T03:45:56.102+0000] {processor.py:840} INFO - DAG(s) 'example_task_group' retrieved from /home/airflow/.local/lib/python3.8/site-packages/airflow/example_dags/example_task_group.py
[2026-03-23T03:45:56.128+0000] {logging_mixin.py:188} INFO - [2026-03-23T03:45:56.127+0000] {dag.py:3047} INFO - Sync 1 DAGs
[2026-03-23T03:45:56.152+0000] {logging_mixin.py:188} INFO - [2026-03-23T03:45:56.151+0000] {dag.py:3834} INFO - Setting next_dagrun for example_task_group to 2026-03-22 00:00:00+00:00, run_after=2026-03-23 00:00:00+00:00
[2026-03-23T03:45:56.177+0000] {processor.py:183} INFO - Processing /home/airflow/.local/lib/python3.8/site-packages/airflow/example_dags/example_task_group.py took 0.090 seconds
[2026-03-23T03:46:26.285+0000] {processor.py:161} INFO - Started process (PID=1062) to work on /home/airflow/.local/lib/python3.8/site-packages/airflow/example_dags/example_task_group.py
[2026-03-23T03:46:26.286+0000] {processor.py:830} INFO - Processing file /home/airflow/.local/lib/python3.8/site-packages/airflow/example_dags/example_task_group.py for tasks to queue
[2026-03-23T03:46:26.289+0000] {logging_mixin.py:188} INFO - [2026-03-23T03:46:26.289+0000] {dagbag.py:540} INFO - Filling up the DagBag from /home/airflow/.local/lib/python3.8/site-packages/airflow/example_dags/example_task_group.py
[2026-03-23T03:46:26.297+0000] {processor.py:840} INFO - DAG(s) 'example_task_group' retrieved from /home/airflow/.local/lib/python3.8/site-packages/airflow/example_dags/example_task_group.py
[2026-03-23T03:46:26.322+0000] {logging_mixin.py:188} INFO - [2026-03-23T03:46:26.322+0000] {dag.py:3047} INFO - Sync 1 DAGs
[2026-03-23T03:46:26.348+0000] {logging_mixin.py:188} INFO - [2026-03-23T03:46:26.348+0000] {dag.py:3834} INFO - Setting next_dagrun for example_task_group to 2026-03-22 00:00:00+00:00, run_after=2026-03-23 00:00:00+00:00
[2026-03-23T03:46:26.377+0000] {processor.py:183} INFO - Processing /home/airflow/.local/lib/python3.8/site-packages/airflow/example_dags/example_task_group.py took 0.095 seconds
[2026-03-23T03:46:56.730+0000] {processor.py:161} INFO - Started process (PID=1117) to work on /home/airflow/.local/lib/python3.8/site-packages/airflow/example_dags/example_task_group.py
[2026-03-23T03:46:56.732+0000] {processor.py:830} INFO - Processing file /home/airflow/.local/lib/python3.8/site-packages/airflow/example_dags/example_task_group.py for tasks to queue
[2026-03-23T03:46:56.734+0000] {logging_mixin.py:188} INFO - [2026-03-23T03:46:56.734+0000] {dagbag.py:540} INFO - Filling up the DagBag from /home/airflow/.local/lib/python3.8/site-packages/airflow/example_dags/example_task_group.py
[2026-03-23T03:46:56.741+0000] {processor.py:840} INFO - DAG(s) 'example_task_group' retrieved from /home/airflow/.local/lib/python3.8/site-packages/airflow/example_dags/example_task_group.py
[2026-03-23T03:46:56.765+0000] {logging_mixin.py:188} INFO - [2026-03-23T03:46:56.764+0000] {dag.py:3047} INFO - Sync 1 DAGs
[2026-03-23T03:46:56.787+0000] {logging_mixin.py:188} INFO - [2026-03-23T03:46:56.787+0000] {dag.py:3834} INFO - Setting next_dagrun for example_task_group to 2026-03-22 00:00:00+00:00, run_after=2026-03-23 00:00:00+00:00
[2026-03-23T03:46:56.818+0000] {processor.py:183} INFO - Processing /home/airflow/.local/lib/python3.8/site-packages/airflow/example_dags/example_task_group.py took 0.091 seconds
[2026-03-23T03:47:27.091+0000] {processor.py:161} INFO - Started process (PID=1172) to work on /home/airflow/.local/lib/python3.8/site-packages/airflow/example_dags/example_task_group.py
[2026-03-23T03:47:27.092+0000] {processor.py:830} INFO - Processing file /home/airflow/.local/lib/python3.8/site-packages/airflow/example_dags/example_task_group.py for tasks to queue
[2026-03-23T03:47:27.094+0000] {logging_mixin.py:188} INFO - [2026-03-23T03:47:27.094+0000] {dagbag.py:540} INFO - Filling up the DagBag from /home/airflow/.local/lib/python3.8/site-packages/airflow/example_dags/example_task_group.py
[2026-03-23T03:47:27.101+0000] {processor.py:840} INFO - DAG(s) 'example_task_group' retrieved from /home/airflow/.local/lib/python3.8/site-packages/airflow/example_dags/example_task_group.py
[2026-03-23T03:47:27.126+0000] {logging_mixin.py:188} INFO - [2026-03-23T03:47:27.126+0000] {dag.py:3047} INFO - Sync 1 DAGs
[2026-03-23T03:47:27.151+0000] {logging_mixin.py:188} INFO - [2026-03-23T03:47:27.150+0000] {dag.py:3834} INFO - Setting next_dagrun for example_task_group to 2026-03-22 00:00:00+00:00, run_after=2026-03-23 00:00:00+00:00
[2026-03-23T03:47:27.173+0000] {processor.py:183} INFO - Processing /home/airflow/.local/lib/python3.8/site-packages/airflow/example_dags/example_task_group.py took 0.086 seconds
[2026-03-23T03:47:57.332+0000] {processor.py:161} INFO - Started process (PID=1227) to work on /home/airflow/.local/lib/python3.8/site-packages/airflow/example_dags/example_task_group.py
[2026-03-23T03:47:57.333+0000] {processor.py:830} INFO - Processing file /home/airflow/.local/lib/python3.8/site-packages/airflow/example_dags/example_task_group.py for tasks to queue
[2026-03-23T03:47:57.335+0000] {logging_mixin.py:188} INFO - [2026-03-23T03:47:57.335+0000] {dagbag.py:540} INFO - Filling up the DagBag from /home/airflow/.local/lib/python3.8/site-packages/airflow/example_dags/example_task_group.py
[2026-03-23T03:47:57.341+0000] {processor.py:840} INFO - DAG(s) 'example_task_group' retrieved from /home/airflow/.local/lib/python3.8/site-packages/airflow/example_dags/example_task_group.py
[2026-03-23T03:47:57.363+0000] {logging_mixin.py:188} INFO - [2026-03-23T03:47:57.362+0000] {dag.py:3047} INFO - Sync 1 DAGs
[2026-03-23T03:47:57.385+0000] {logging_mixin.py:188} INFO - [2026-03-23T03:47:57.385+0000] {dag.py:3834} INFO - Setting next_dagrun for example_task_group to 2026-03-22 00:00:00+00:00, run_after=2026-03-23 00:00:00+00:00
[2026-03-23T03:47:57.407+0000] {processor.py:183} INFO - Processing /home/airflow/.local/lib/python3.8/site-packages/airflow/example_dags/example_task_group.py took 0.078 seconds
[2026-03-23T03:48:27.704+0000] {processor.py:161} INFO - Started process (PID=1282) to work on /home/airflow/.local/lib/python3.8/site-packages/airflow/example_dags/example_task_group.py
[2026-03-23T03:48:27.706+0000] {processor.py:830} INFO - Processing file /home/airflow/.local/lib/python3.8/site-packages/airflow/example_dags/example_task_group.py for tasks to queue
[2026-03-23T03:48:27.709+0000] {logging_mixin.py:188} INFO - [2026-03-23T03:48:27.708+0000] {dagbag.py:540} INFO - Filling up the DagBag from /home/airflow/.local/lib/python3.8/site-packages/airflow/example_dags/example_task_group.py
[2026-03-23T03:48:27.722+0000] {processor.py:840} INFO - DAG(s) 'example_task_group' retrieved from /home/airflow/.local/lib/python3.8/site-packages/airflow/example_dags/example_task_group.py
[2026-03-23T03:48:27.755+0000] {logging_mixin.py:188} INFO - [2026-03-23T03:48:27.754+0000] {dag.py:3047} INFO - Sync 1 DAGs
[2026-03-23T03:48:27.783+0000] {logging_mixin.py:188} INFO - [2026-03-23T03:48:27.783+0000] {dag.py:3834} INFO - Setting next_dagrun for example_task_group to 2026-03-22 00:00:00+00:00, run_after=2026-03-23 00:00:00+00:00
[2026-03-23T03:48:27.812+0000] {processor.py:183} INFO - Processing /home/airflow/.local/lib/python3.8/site-packages/airflow/example_dags/example_task_group.py took 0.112 seconds
[2026-03-23T03:48:58.068+0000] {processor.py:161} INFO - Started process (PID=1337) to work on /home/airflow/.local/lib/python3.8/site-packages/airflow/example_dags/example_task_group.py
[2026-03-23T03:48:58.070+0000] {processor.py:830} INFO - Processing file /home/airflow/.local/lib/python3.8/site-packages/airflow/example_dags/example_task_group.py for tasks to queue
[2026-03-23T03:48:58.073+0000] {logging_mixin.py:188} INFO - [2026-03-23T03:48:58.072+0000] {dagbag.py:540} INFO - Filling up the DagBag from /home/airflow/.local/lib/python3.8/site-packages/airflow/example_dags/example_task_group.py
[2026-03-23T03:48:58.082+0000] {processor.py:840} INFO - DAG(s) 'example_task_group' retrieved from /home/airflow/.local/lib/python3.8/site-packages/airflow/example_dags/example_task_group.py
[2026-03-23T03:48:58.103+0000] {logging_mixin.py:188} INFO - [2026-03-23T03:48:58.103+0000] {dag.py:3047} INFO - Sync 1 DAGs
[2026-03-23T03:48:58.127+0000] {logging_mixin.py:188} INFO - [2026-03-23T03:48:58.127+0000] {dag.py:3834} INFO - Setting next_dagrun for example_task_group to 2026-03-22 00:00:00+00:00, run_after=2026-03-23 00:00:00+00:00
[2026-03-23T03:48:58.148+0000] {processor.py:183} INFO - Processing /home/airflow/.local/lib/python3.8/site-packages/airflow/example_dags/example_task_group.py took 0.083 seconds
[2026-03-23T03:49:28.366+0000] {processor.py:161} INFO - Started process (PID=1392) to work on /home/airflow/.local/lib/python3.8/site-packages/airflow/example_dags/example_task_group.py
[2026-03-23T03:49:28.367+0000] {processor.py:830} INFO - Processing file /home/airflow/.local/lib/python3.8/site-packages/airflow/example_dags/example_task_group.py for tasks to queue
[2026-03-23T03:49:28.369+0000] {logging_mixin.py:188} INFO - [2026-03-23T03:49:28.369+0000] {dagbag.py:540} INFO - Filling up the DagBag from /home/airflow/.local/lib/python3.8/site-packages/airflow/example_dags/example_task_group.py
[2026-03-23T03:49:28.376+0000] {processor.py:840} INFO - DAG(s) 'example_task_group' retrieved from /home/airflow/.local/lib/python3.8/site-packages/airflow/example_dags/example_task_group.py
[2026-03-23T03:49:28.401+0000] {logging_mixin.py:188} INFO - [2026-03-23T03:49:28.401+0000] {dag.py:3047} INFO - Sync 1 DAGs
[2026-03-23T03:49:28.426+0000] {logging_mixin.py:188} INFO - [2026-03-23T03:49:28.426+0000] {dag.py:3834} INFO - Setting next_dagrun for example_task_group to 2026-03-22 00:00:00+00:00, run_after=2026-03-23 00:00:00+00:00
[2026-03-23T03:49:28.446+0000] {processor.py:183} INFO - Processing /home/airflow/.local/lib/python3.8/site-packages/airflow/example_dags/example_task_group.py took 0.084 seconds
[2026-03-23T03:50:46.603+0000] {processor.py:161} INFO - Started process (PID=66) to work on /home/airflow/.local/lib/python3.8/site-packages/airflow/example_dags/example_task_group.py
[2026-03-23T03:50:46.605+0000] {processor.py:830} INFO - Processing file /home/airflow/.local/lib/python3.8/site-packages/airflow/example_dags/example_task_group.py for tasks to queue
[2026-03-23T03:50:46.609+0000] {logging_mixin.py:188} INFO - [2026-03-23T03:50:46.609+0000] {dagbag.py:540} INFO - Filling up the DagBag from /home/airflow/.local/lib/python3.8/site-packages/airflow/example_dags/example_task_group.py
[2026-03-23T03:50:46.623+0000] {processor.py:840} INFO - DAG(s) 'example_task_group' retrieved from /home/airflow/.local/lib/python3.8/site-packages/airflow/example_dags/example_task_group.py
[2026-03-23T03:50:46.640+0000] {logging_mixin.py:188} INFO - [2026-03-23T03:50:46.640+0000] {dag.py:3047} INFO - Sync 1 DAGs
[2026-03-23T03:50:46.687+0000] {logging_mixin.py:188} INFO - [2026-03-23T03:50:46.686+0000] {dag.py:3834} INFO - Setting next_dagrun for example_task_group to 2026-03-22 00:00:00+00:00, run_after=2026-03-23 00:00:00+00:00
[2026-03-23T03:50:46.719+0000] {processor.py:183} INFO - Processing /home/airflow/.local/lib/python3.8/site-packages/airflow/example_dags/example_task_group.py took 0.122 seconds
[2026-03-23T03:51:17.482+0000] {processor.py:161} INFO - Started process (PID=127) to work on /home/airflow/.local/lib/python3.8/site-packages/airflow/example_dags/example_task_group.py
[2026-03-23T03:51:17.483+0000] {processor.py:830} INFO - Processing file /home/airflow/.local/lib/python3.8/site-packages/airflow/example_dags/example_task_group.py for tasks to queue
[2026-03-23T03:51:17.486+0000] {logging_mixin.py:188} INFO - [2026-03-23T03:51:17.485+0000] {dagbag.py:540} INFO - Filling up the DagBag from /home/airflow/.local/lib/python3.8/site-packages/airflow/example_dags/example_task_group.py
[2026-03-23T03:51:17.495+0000] {processor.py:840} INFO - DAG(s) 'example_task_group' retrieved from /home/airflow/.local/lib/python3.8/site-packages/airflow/example_dags/example_task_group.py
[2026-03-23T03:51:17.620+0000] {logging_mixin.py:188} INFO - [2026-03-23T03:51:17.620+0000] {dag.py:3047} INFO - Sync 1 DAGs
[2026-03-23T03:51:17.644+0000] {logging_mixin.py:188} INFO - [2026-03-23T03:51:17.643+0000] {dag.py:3834} INFO - Setting next_dagrun for example_task_group to 2026-03-22 00:00:00+00:00, run_after=2026-03-23 00:00:00+00:00
[2026-03-23T03:51:17.671+0000] {processor.py:183} INFO - Processing /home/airflow/.local/lib/python3.8/site-packages/airflow/example_dags/example_task_group.py took 0.193 seconds
[2026-03-23T03:51:48.491+0000] {processor.py:161} INFO - Started process (PID=182) to work on /home/airflow/.local/lib/python3.8/site-packages/airflow/example_dags/example_task_group.py
[2026-03-23T03:51:48.493+0000] {processor.py:830} INFO - Processing file /home/airflow/.local/lib/python3.8/site-packages/airflow/example_dags/example_task_group.py for tasks to queue
[2026-03-23T03:51:48.495+0000] {logging_mixin.py:188} INFO - [2026-03-23T03:51:48.495+0000] {dagbag.py:540} INFO - Filling up the DagBag from /home/airflow/.local/lib/python3.8/site-packages/airflow/example_dags/example_task_group.py
[2026-03-23T03:51:48.505+0000] {processor.py:840} INFO - DAG(s) 'example_task_group' retrieved from /home/airflow/.local/lib/python3.8/site-packages/airflow/example_dags/example_task_group.py
[2026-03-23T03:51:48.539+0000] {logging_mixin.py:188} INFO - [2026-03-23T03:51:48.538+0000] {dag.py:3047} INFO - Sync 1 DAGs
[2026-03-23T03:51:48.571+0000] {logging_mixin.py:188} INFO - [2026-03-23T03:51:48.571+0000] {dag.py:3834} INFO - Setting next_dagrun for example_task_group to 2026-03-22 00:00:00+00:00, run_after=2026-03-23 00:00:00+00:00
[2026-03-23T03:51:48.600+0000] {processor.py:183} INFO - Processing /home/airflow/.local/lib/python3.8/site-packages/airflow/example_dags/example_task_group.py took 0.114 seconds
[2026-03-23T03:52:18.742+0000] {processor.py:161} INFO - Started process (PID=238) to work on /home/airflow/.local/lib/python3.8/site-packages/airflow/example_dags/example_task_group.py
[2026-03-23T03:52:18.744+0000] {processor.py:830} INFO - Processing file /home/airflow/.local/lib/python3.8/site-packages/airflow/example_dags/example_task_group.py for tasks to queue
[2026-03-23T03:52:18.746+0000] {logging_mixin.py:188} INFO - [2026-03-23T03:52:18.745+0000] {dagbag.py:540} INFO - Filling up the DagBag from /home/airflow/.local/lib/python3.8/site-packages/airflow/example_dags/example_task_group.py
[2026-03-23T03:52:18.754+0000] {processor.py:840} INFO - DAG(s) 'example_task_group' retrieved from /home/airflow/.local/lib/python3.8/site-packages/airflow/example_dags/example_task_group.py
[2026-03-23T03:52:18.776+0000] {logging_mixin.py:188} INFO - [2026-03-23T03:52:18.776+0000] {dag.py:3047} INFO - Sync 1 DAGs
[2026-03-23T03:52:18.801+0000] {logging_mixin.py:188} INFO - [2026-03-23T03:52:18.801+0000] {dag.py:3834} INFO - Setting next_dagrun for example_task_group to 2026-03-22 00:00:00+00:00, run_after=2026-03-23 00:00:00+00:00
[2026-03-23T03:52:18.823+0000] {processor.py:183} INFO - Processing /home/airflow/.local/lib/python3.8/site-packages/airflow/example_dags/example_task_group.py took 0.084 seconds
[2026-03-23T03:52:48.878+0000] {processor.py:161} INFO - Started process (PID=293) to work on /home/airflow/.local/lib/python3.8/site-packages/airflow/example_dags/example_task_group.py
[2026-03-23T03:52:48.880+0000] {processor.py:830} INFO - Processing file /home/airflow/.local/lib/python3.8/site-packages/airflow/example_dags/example_task_group.py for tasks to queue
[2026-03-23T03:52:48.882+0000] {logging_mixin.py:188} INFO - [2026-03-23T03:52:48.881+0000] {dagbag.py:540} INFO - Filling up the DagBag from /home/airflow/.local/lib/python3.8/site-packages/airflow/example_dags/example_task_group.py
[2026-03-23T03:52:48.890+0000] {processor.py:840} INFO - DAG(s) 'example_task_group' retrieved from /home/airflow/.local/lib/python3.8/site-packages/airflow/example_dags/example_task_group.py
[2026-03-23T03:52:48.913+0000] {logging_mixin.py:188} INFO - [2026-03-23T03:52:48.913+0000] {dag.py:3047} INFO - Sync 1 DAGs
[2026-03-23T03:52:48.934+0000] {logging_mixin.py:188} INFO - [2026-03-23T03:52:48.934+0000] {dag.py:3834} INFO - Setting next_dagrun for example_task_group to 2026-03-22 00:00:00+00:00, run_after=2026-03-23 00:00:00+00:00
[2026-03-23T03:52:48.956+0000] {processor.py:183} INFO - Processing /home/airflow/.local/lib/python3.8/site-packages/airflow/example_dags/example_task_group.py took 0.081 seconds
[2026-03-23T03:53:19.478+0000] {processor.py:161} INFO - Started process (PID=347) to work on /home/airflow/.local/lib/python3.8/site-packages/airflow/example_dags/example_task_group.py
[2026-03-23T03:53:19.480+0000] {processor.py:830} INFO - Processing file /home/airflow/.local/lib/python3.8/site-packages/airflow/example_dags/example_task_group.py for tasks to queue
[2026-03-23T03:53:19.482+0000] {logging_mixin.py:188} INFO - [2026-03-23T03:53:19.481+0000] {dagbag.py:540} INFO - Filling up the DagBag from /home/airflow/.local/lib/python3.8/site-packages/airflow/example_dags/example_task_group.py
[2026-03-23T03:53:19.490+0000] {processor.py:840} INFO - DAG(s) 'example_task_group' retrieved from /home/airflow/.local/lib/python3.8/site-packages/airflow/example_dags/example_task_group.py
[2026-03-23T03:53:19.517+0000] {logging_mixin.py:188} INFO - [2026-03-23T03:53:19.517+0000] {dag.py:3047} INFO - Sync 1 DAGs
[2026-03-23T03:53:19.542+0000] {logging_mixin.py:188} INFO - [2026-03-23T03:53:19.542+0000] {dag.py:3834} INFO - Setting next_dagrun for example_task_group to 2026-03-22 00:00:00+00:00, run_after=2026-03-23 00:00:00+00:00
[2026-03-23T03:53:19.566+0000] {processor.py:183} INFO - Processing /home/airflow/.local/lib/python3.8/site-packages/airflow/example_dags/example_task_group.py took 0.092 seconds
[2026-03-23T03:53:49.719+0000] {processor.py:161} INFO - Started process (PID=402) to work on /home/airflow/.local/lib/python3.8/site-packages/airflow/example_dags/example_task_group.py
[2026-03-23T03:53:49.720+0000] {processor.py:830} INFO - Processing file /home/airflow/.local/lib/python3.8/site-packages/airflow/example_dags/example_task_group.py for tasks to queue
[2026-03-23T03:53:49.722+0000] {logging_mixin.py:188} INFO - [2026-03-23T03:53:49.722+0000] {dagbag.py:540} INFO - Filling up the DagBag from /home/airflow/.local/lib/python3.8/site-packages/airflow/example_dags/example_task_group.py
[2026-03-23T03:53:49.728+0000] {processor.py:840} INFO - DAG(s) 'example_task_group' retrieved from /home/airflow/.local/lib/python3.8/site-packages/airflow/example_dags/example_task_group.py
[2026-03-23T03:53:49.749+0000] {logging_mixin.py:188} INFO - [2026-03-23T03:53:49.749+0000] {dag.py:3047} INFO - Sync 1 DAGs
[2026-03-23T03:53:49.769+0000] {logging_mixin.py:188} INFO - [2026-03-23T03:53:49.769+0000] {dag.py:3834} INFO - Setting next_dagrun for example_task_group to 2026-03-22 00:00:00+00:00, run_after=2026-03-23 00:00:00+00:00
[2026-03-23T03:53:49.791+0000] {processor.py:183} INFO - Processing /home/airflow/.local/lib/python3.8/site-packages/airflow/example_dags/example_task_group.py took 0.075 seconds
[2026-03-23T03:54:20.493+0000] {processor.py:161} INFO - Started process (PID=457) to work on /home/airflow/.local/lib/python3.8/site-packages/airflow/example_dags/example_task_group.py
[2026-03-23T03:54:20.494+0000] {processor.py:830} INFO - Processing file /home/airflow/.local/lib/python3.8/site-packages/airflow/example_dags/example_task_group.py for tasks to queue
[2026-03-23T03:54:20.495+0000] {logging_mixin.py:188} INFO - [2026-03-23T03:54:20.495+0000] {dagbag.py:540} INFO - Filling up the DagBag from /home/airflow/.local/lib/python3.8/site-packages/airflow/example_dags/example_task_group.py
[2026-03-23T03:54:20.501+0000] {processor.py:840} INFO - DAG(s) 'example_task_group' retrieved from /home/airflow/.local/lib/python3.8/site-packages/airflow/example_dags/example_task_group.py
[2026-03-23T03:54:20.524+0000] {logging_mixin.py:188} INFO - [2026-03-23T03:54:20.523+0000] {dag.py:3047} INFO - Sync 1 DAGs
[2026-03-23T03:54:20.545+0000] {logging_mixin.py:188} INFO - [2026-03-23T03:54:20.544+0000] {dag.py:3834} INFO - Setting next_dagrun for example_task_group to 2026-03-22 00:00:00+00:00, run_after=2026-03-23 00:00:00+00:00
[2026-03-23T03:54:20.567+0000] {processor.py:183} INFO - Processing /home/airflow/.local/lib/python3.8/site-packages/airflow/example_dags/example_task_group.py took 0.077 seconds
[2026-03-23T03:54:50.842+0000] {processor.py:161} INFO - Started process (PID=512) to work on /home/airflow/.local/lib/python3.8/site-packages/airflow/example_dags/example_task_group.py
[2026-03-23T03:54:50.844+0000] {processor.py:830} INFO - Processing file /home/airflow/.local/lib/python3.8/site-packages/airflow/example_dags/example_task_group.py for tasks to queue
[2026-03-23T03:54:50.846+0000] {logging_mixin.py:188} INFO - [2026-03-23T03:54:50.846+0000] {dagbag.py:540} INFO - Filling up the DagBag from /home/airflow/.local/lib/python3.8/site-packages/airflow/example_dags/example_task_group.py
[2026-03-23T03:54:50.853+0000] {processor.py:840} INFO - DAG(s) 'example_task_group' retrieved from /home/airflow/.local/lib/python3.8/site-packages/airflow/example_dags/example_task_group.py
[2026-03-23T03:54:50.876+0000] {logging_mixin.py:188} INFO - [2026-03-23T03:54:50.876+0000] {dag.py:3047} INFO - Sync 1 DAGs
[2026-03-23T03:54:50.897+0000] {logging_mixin.py:188} INFO - [2026-03-23T03:54:50.897+0000] {dag.py:3834} INFO - Setting next_dagrun for example_task_group to 2026-03-22 00:00:00+00:00, run_after=2026-03-23 00:00:00+00:00
[2026-03-23T03:54:50.919+0000] {processor.py:183} INFO - Processing /home/airflow/.local/lib/python3.8/site-packages/airflow/example_dags/example_task_group.py took 0.079 seconds
[2026-03-23T03:55:21.021+0000] {processor.py:161} INFO - Started process (PID=567) to work on /home/airflow/.local/lib/python3.8/site-packages/airflow/example_dags/example_task_group.py
[2026-03-23T03:55:21.022+0000] {processor.py:830} INFO - Processing file /home/airflow/.local/lib/python3.8/site-packages/airflow/example_dags/example_task_group.py for tasks to queue
[2026-03-23T03:55:21.024+0000] {logging_mixin.py:188} INFO - [2026-03-23T03:55:21.024+0000] {dagbag.py:540} INFO - Filling up the DagBag from /home/airflow/.local/lib/python3.8/site-packages/airflow/example_dags/example_task_group.py
[2026-03-23T03:55:21.030+0000] {processor.py:840} INFO - DAG(s) 'example_task_group' retrieved from /home/airflow/.local/lib/python3.8/site-packages/airflow/example_dags/example_task_group.py
[2026-03-23T03:55:21.053+0000] {logging_mixin.py:188} INFO - [2026-03-23T03:55:21.053+0000] {dag.py:3047} INFO - Sync 1 DAGs
[2026-03-23T03:55:21.075+0000] {logging_mixin.py:188} INFO - [2026-03-23T03:55:21.075+0000] {dag.py:3834} INFO - Setting next_dagrun for example_task_group to 2026-03-22 00:00:00+00:00, run_after=2026-03-23 00:00:00+00:00
[2026-03-23T03:55:21.097+0000] {processor.py:183} INFO - Processing /home/airflow/.local/lib/python3.8/site-packages/airflow/example_dags/example_task_group.py took 0.079 seconds
[2026-03-23T03:55:51.363+0000] {processor.py:161} INFO - Started process (PID=622) to work on /home/airflow/.local/lib/python3.8/site-packages/airflow/example_dags/example_task_group.py
[2026-03-23T03:55:51.364+0000] {processor.py:830} INFO - Processing file /home/airflow/.local/lib/python3.8/site-packages/airflow/example_dags/example_task_group.py for tasks to queue
[2026-03-23T03:55:51.366+0000] {logging_mixin.py:188} INFO - [2026-03-23T03:55:51.366+0000] {dagbag.py:540} INFO - Filling up the DagBag from /home/airflow/.local/lib/python3.8/site-packages/airflow/example_dags/example_task_group.py
[2026-03-23T03:55:51.373+0000] {processor.py:840} INFO - DAG(s) 'example_task_group' retrieved from /home/airflow/.local/lib/python3.8/site-packages/airflow/example_dags/example_task_group.py
[2026-03-23T03:55:51.396+0000] {logging_mixin.py:188} INFO - [2026-03-23T03:55:51.396+0000] {dag.py:3047} INFO - Sync 1 DAGs
[2026-03-23T03:55:51.418+0000] {logging_mixin.py:188} INFO - [2026-03-23T03:55:51.418+0000] {dag.py:3834} INFO - Setting next_dagrun for example_task_group to 2026-03-22 00:00:00+00:00, run_after=2026-03-23 00:00:00+00:00
[2026-03-23T03:55:51.440+0000] {processor.py:183} INFO - Processing /home/airflow/.local/lib/python3.8/site-packages/airflow/example_dags/example_task_group.py took 0.080 seconds
[2026-03-23T03:56:21.612+0000] {processor.py:161} INFO - Started process (PID=677) to work on /home/airflow/.local/lib/python3.8/site-packages/airflow/example_dags/example_task_group.py
[2026-03-23T03:56:21.614+0000] {processor.py:830} INFO - Processing file /home/airflow/.local/lib/python3.8/site-packages/airflow/example_dags/example_task_group.py for tasks to queue
[2026-03-23T03:56:21.615+0000] {logging_mixin.py:188} INFO - [2026-03-23T03:56:21.615+0000] {dagbag.py:540} INFO - Filling up the DagBag from /home/airflow/.local/lib/python3.8/site-packages/airflow/example_dags/example_task_group.py
[2026-03-23T03:56:21.622+0000] {processor.py:840} INFO - DAG(s) 'example_task_group' retrieved from /home/airflow/.local/lib/python3.8/site-packages/airflow/example_dags/example_task_group.py
[2026-03-23T03:56:21.645+0000] {logging_mixin.py:188} INFO - [2026-03-23T03:56:21.645+0000] {dag.py:3047} INFO - Sync 1 DAGs
[2026-03-23T03:56:21.666+0000] {logging_mixin.py:188} INFO - [2026-03-23T03:56:21.665+0000] {dag.py:3834} INFO - Setting next_dagrun for example_task_group to 2026-03-22 00:00:00+00:00, run_after=2026-03-23 00:00:00+00:00
[2026-03-23T03:56:21.687+0000] {processor.py:183} INFO - Processing /home/airflow/.local/lib/python3.8/site-packages/airflow/example_dags/example_task_group.py took 0.077 seconds
