[2026-03-23T03:21:14.615+0000] {processor.py:161} INFO - Started process (PID=75) to work on /home/airflow/.local/lib/python3.8/site-packages/airflow/example_dags/example_branch_labels.py
[2026-03-23T03:21:14.616+0000] {processor.py:830} INFO - Processing file /home/airflow/.local/lib/python3.8/site-packages/airflow/example_dags/example_branch_labels.py for tasks to queue
[2026-03-23T03:21:14.619+0000] {logging_mixin.py:188} INFO - [2026-03-23T03:21:14.618+0000] {dagbag.py:540} INFO - Filling up the DagBag from /home/airflow/.local/lib/python3.8/site-packages/airflow/example_dags/example_branch_labels.py
[2026-03-23T03:21:14.630+0000] {processor.py:840} INFO - DAG(s) 'example_branch_labels' retrieved from /home/airflow/.local/lib/python3.8/site-packages/airflow/example_dags/example_branch_labels.py
[2026-03-23T03:21:14.645+0000] {logging_mixin.py:188} INFO - [2026-03-23T03:21:14.644+0000] {dag.py:3047} INFO - Sync 1 DAGs
[2026-03-23T03:21:14.675+0000] {logging_mixin.py:188} INFO - [2026-03-23T03:21:14.675+0000] {dag.py:3834} INFO - Setting next_dagrun for example_branch_labels to 2026-03-22 00:00:00+00:00, run_after=2026-03-23 00:00:00+00:00
[2026-03-23T03:21:14.701+0000] {processor.py:183} INFO - Processing /home/airflow/.local/lib/python3.8/site-packages/airflow/example_dags/example_branch_labels.py took 0.091 seconds
[2026-03-23T03:21:44.742+0000] {processor.py:161} INFO - Started process (PID=129) to work on /home/airflow/.local/lib/python3.8/site-packages/airflow/example_dags/example_branch_labels.py
[2026-03-23T03:21:44.743+0000] {processor.py:830} INFO - Processing file /home/airflow/.local/lib/python3.8/site-packages/airflow/example_dags/example_branch_labels.py for tasks to queue
[2026-03-23T03:21:44.745+0000] {logging_mixin.py:188} INFO - [2026-03-23T03:21:44.745+0000] {dagbag.py:540} INFO - Filling up the DagBag from /home/airflow/.local/lib/python3.8/site-packages/airflow/example_dags/example_branch_labels.py
[2026-03-23T03:21:44.752+0000] {processor.py:840} INFO - DAG(s) 'example_branch_labels' retrieved from /home/airflow/.local/lib/python3.8/site-packages/airflow/example_dags/example_branch_labels.py
[2026-03-23T03:21:44.765+0000] {logging_mixin.py:188} INFO - [2026-03-23T03:21:44.764+0000] {dag.py:3047} INFO - Sync 1 DAGs
[2026-03-23T03:21:44.790+0000] {logging_mixin.py:188} INFO - [2026-03-23T03:21:44.790+0000] {dag.py:3834} INFO - Setting next_dagrun for example_branch_labels to 2026-03-22 00:00:00+00:00, run_after=2026-03-23 00:00:00+00:00
[2026-03-23T03:21:44.812+0000] {processor.py:183} INFO - Processing /home/airflow/.local/lib/python3.8/site-packages/airflow/example_dags/example_branch_labels.py took 0.074 seconds
[2026-03-23T03:22:16.410+0000] {processor.py:161} INFO - Started process (PID=185) to work on /home/airflow/.local/lib/python3.8/site-packages/airflow/example_dags/example_branch_labels.py
[2026-03-23T03:22:16.411+0000] {processor.py:830} INFO - Processing file /home/airflow/.local/lib/python3.8/site-packages/airflow/example_dags/example_branch_labels.py for tasks to queue
[2026-03-23T03:22:16.413+0000] {logging_mixin.py:188} INFO - [2026-03-23T03:22:16.413+0000] {dagbag.py:540} INFO - Filling up the DagBag from /home/airflow/.local/lib/python3.8/site-packages/airflow/example_dags/example_branch_labels.py
[2026-03-23T03:22:16.421+0000] {processor.py:840} INFO - DAG(s) 'example_branch_labels' retrieved from /home/airflow/.local/lib/python3.8/site-packages/airflow/example_dags/example_branch_labels.py
[2026-03-23T03:22:16.511+0000] {logging_mixin.py:188} INFO - [2026-03-23T03:22:16.510+0000] {dag.py:3047} INFO - Sync 1 DAGs
[2026-03-23T03:22:16.535+0000] {logging_mixin.py:188} INFO - [2026-03-23T03:22:16.535+0000] {dag.py:3834} INFO - Setting next_dagrun for example_branch_labels to 2026-03-22 00:00:00+00:00, run_after=2026-03-23 00:00:00+00:00
[2026-03-23T03:22:16.559+0000] {processor.py:183} INFO - Processing /home/airflow/.local/lib/python3.8/site-packages/airflow/example_dags/example_branch_labels.py took 0.152 seconds
[2026-03-23T03:22:46.622+0000] {processor.py:161} INFO - Started process (PID=240) to work on /home/airflow/.local/lib/python3.8/site-packages/airflow/example_dags/example_branch_labels.py
[2026-03-23T03:22:46.623+0000] {processor.py:830} INFO - Processing file /home/airflow/.local/lib/python3.8/site-packages/airflow/example_dags/example_branch_labels.py for tasks to queue
[2026-03-23T03:22:46.625+0000] {logging_mixin.py:188} INFO - [2026-03-23T03:22:46.625+0000] {dagbag.py:540} INFO - Filling up the DagBag from /home/airflow/.local/lib/python3.8/site-packages/airflow/example_dags/example_branch_labels.py
[2026-03-23T03:22:46.631+0000] {processor.py:840} INFO - DAG(s) 'example_branch_labels' retrieved from /home/airflow/.local/lib/python3.8/site-packages/airflow/example_dags/example_branch_labels.py
[2026-03-23T03:22:46.650+0000] {logging_mixin.py:188} INFO - [2026-03-23T03:22:46.650+0000] {dag.py:3047} INFO - Sync 1 DAGs
[2026-03-23T03:22:46.671+0000] {logging_mixin.py:188} INFO - [2026-03-23T03:22:46.671+0000] {dag.py:3834} INFO - Setting next_dagrun for example_branch_labels to 2026-03-22 00:00:00+00:00, run_after=2026-03-23 00:00:00+00:00
[2026-03-23T03:22:46.694+0000] {processor.py:183} INFO - Processing /home/airflow/.local/lib/python3.8/site-packages/airflow/example_dags/example_branch_labels.py took 0.074 seconds
[2026-03-23T03:23:17.603+0000] {processor.py:161} INFO - Started process (PID=301) to work on /home/airflow/.local/lib/python3.8/site-packages/airflow/example_dags/example_branch_labels.py
[2026-03-23T03:23:17.604+0000] {processor.py:830} INFO - Processing file /home/airflow/.local/lib/python3.8/site-packages/airflow/example_dags/example_branch_labels.py for tasks to queue
[2026-03-23T03:23:17.606+0000] {logging_mixin.py:188} INFO - [2026-03-23T03:23:17.606+0000] {dagbag.py:540} INFO - Filling up the DagBag from /home/airflow/.local/lib/python3.8/site-packages/airflow/example_dags/example_branch_labels.py
[2026-03-23T03:23:17.614+0000] {processor.py:840} INFO - DAG(s) 'example_branch_labels' retrieved from /home/airflow/.local/lib/python3.8/site-packages/airflow/example_dags/example_branch_labels.py
[2026-03-23T03:23:17.636+0000] {logging_mixin.py:188} INFO - [2026-03-23T03:23:17.635+0000] {dag.py:3047} INFO - Sync 1 DAGs
[2026-03-23T03:23:17.658+0000] {logging_mixin.py:188} INFO - [2026-03-23T03:23:17.658+0000] {dag.py:3834} INFO - Setting next_dagrun for example_branch_labels to 2026-03-22 00:00:00+00:00, run_after=2026-03-23 00:00:00+00:00
[2026-03-23T03:23:17.680+0000] {processor.py:183} INFO - Processing /home/airflow/.local/lib/python3.8/site-packages/airflow/example_dags/example_branch_labels.py took 0.080 seconds
[2026-03-23T03:25:08.828+0000] {processor.py:161} INFO - Started process (PID=75) to work on /home/airflow/.local/lib/python3.8/site-packages/airflow/example_dags/example_branch_labels.py
[2026-03-23T03:25:08.830+0000] {processor.py:830} INFO - Processing file /home/airflow/.local/lib/python3.8/site-packages/airflow/example_dags/example_branch_labels.py for tasks to queue
[2026-03-23T03:25:08.834+0000] {logging_mixin.py:188} INFO - [2026-03-23T03:25:08.833+0000] {dagbag.py:540} INFO - Filling up the DagBag from /home/airflow/.local/lib/python3.8/site-packages/airflow/example_dags/example_branch_labels.py
[2026-03-23T03:25:08.846+0000] {processor.py:840} INFO - DAG(s) 'example_branch_labels' retrieved from /home/airflow/.local/lib/python3.8/site-packages/airflow/example_dags/example_branch_labels.py
[2026-03-23T03:25:08.863+0000] {logging_mixin.py:188} INFO - [2026-03-23T03:25:08.862+0000] {dag.py:3047} INFO - Sync 1 DAGs
[2026-03-23T03:25:08.892+0000] {logging_mixin.py:188} INFO - [2026-03-23T03:25:08.891+0000] {dag.py:3834} INFO - Setting next_dagrun for example_branch_labels to 2026-03-22 00:00:00+00:00, run_after=2026-03-23 00:00:00+00:00
[2026-03-23T03:25:08.918+0000] {processor.py:183} INFO - Processing /home/airflow/.local/lib/python3.8/site-packages/airflow/example_dags/example_branch_labels.py took 0.094 seconds
[2026-03-23T03:25:40.399+0000] {processor.py:161} INFO - Started process (PID=130) to work on /home/airflow/.local/lib/python3.8/site-packages/airflow/example_dags/example_branch_labels.py
[2026-03-23T03:25:40.400+0000] {processor.py:830} INFO - Processing file /home/airflow/.local/lib/python3.8/site-packages/airflow/example_dags/example_branch_labels.py for tasks to queue
[2026-03-23T03:25:40.402+0000] {logging_mixin.py:188} INFO - [2026-03-23T03:25:40.402+0000] {dagbag.py:540} INFO - Filling up the DagBag from /home/airflow/.local/lib/python3.8/site-packages/airflow/example_dags/example_branch_labels.py
[2026-03-23T03:25:40.411+0000] {processor.py:840} INFO - DAG(s) 'example_branch_labels' retrieved from /home/airflow/.local/lib/python3.8/site-packages/airflow/example_dags/example_branch_labels.py
[2026-03-23T03:25:40.529+0000] {logging_mixin.py:188} INFO - [2026-03-23T03:25:40.528+0000] {dag.py:3047} INFO - Sync 1 DAGs
[2026-03-23T03:25:40.552+0000] {logging_mixin.py:188} INFO - [2026-03-23T03:25:40.552+0000] {dag.py:3834} INFO - Setting next_dagrun for example_branch_labels to 2026-03-22 00:00:00+00:00, run_after=2026-03-23 00:00:00+00:00
[2026-03-23T03:25:40.577+0000] {processor.py:183} INFO - Processing /home/airflow/.local/lib/python3.8/site-packages/airflow/example_dags/example_branch_labels.py took 0.181 seconds
[2026-03-23T03:26:10.619+0000] {processor.py:161} INFO - Started process (PID=185) to work on /home/airflow/.local/lib/python3.8/site-packages/airflow/example_dags/example_branch_labels.py
[2026-03-23T03:26:10.620+0000] {processor.py:830} INFO - Processing file /home/airflow/.local/lib/python3.8/site-packages/airflow/example_dags/example_branch_labels.py for tasks to queue
[2026-03-23T03:26:10.622+0000] {logging_mixin.py:188} INFO - [2026-03-23T03:26:10.622+0000] {dagbag.py:540} INFO - Filling up the DagBag from /home/airflow/.local/lib/python3.8/site-packages/airflow/example_dags/example_branch_labels.py
[2026-03-23T03:26:10.630+0000] {processor.py:840} INFO - DAG(s) 'example_branch_labels' retrieved from /home/airflow/.local/lib/python3.8/site-packages/airflow/example_dags/example_branch_labels.py
[2026-03-23T03:26:10.652+0000] {logging_mixin.py:188} INFO - [2026-03-23T03:26:10.651+0000] {dag.py:3047} INFO - Sync 1 DAGs
[2026-03-23T03:26:10.678+0000] {logging_mixin.py:188} INFO - [2026-03-23T03:26:10.678+0000] {dag.py:3834} INFO - Setting next_dagrun for example_branch_labels to 2026-03-22 00:00:00+00:00, run_after=2026-03-23 00:00:00+00:00
[2026-03-23T03:26:10.701+0000] {processor.py:183} INFO - Processing /home/airflow/.local/lib/python3.8/site-packages/airflow/example_dags/example_branch_labels.py took 0.085 seconds
[2026-03-23T03:26:40.956+0000] {processor.py:161} INFO - Started process (PID=240) to work on /home/airflow/.local/lib/python3.8/site-packages/airflow/example_dags/example_branch_labels.py
[2026-03-23T03:26:40.958+0000] {processor.py:830} INFO - Processing file /home/airflow/.local/lib/python3.8/site-packages/airflow/example_dags/example_branch_labels.py for tasks to queue
[2026-03-23T03:26:40.960+0000] {logging_mixin.py:188} INFO - [2026-03-23T03:26:40.959+0000] {dagbag.py:540} INFO - Filling up the DagBag from /home/airflow/.local/lib/python3.8/site-packages/airflow/example_dags/example_branch_labels.py
[2026-03-23T03:26:40.968+0000] {processor.py:840} INFO - DAG(s) 'example_branch_labels' retrieved from /home/airflow/.local/lib/python3.8/site-packages/airflow/example_dags/example_branch_labels.py
[2026-03-23T03:26:40.990+0000] {logging_mixin.py:188} INFO - [2026-03-23T03:26:40.990+0000] {dag.py:3047} INFO - Sync 1 DAGs
[2026-03-23T03:26:41.013+0000] {logging_mixin.py:188} INFO - [2026-03-23T03:26:41.013+0000] {dag.py:3834} INFO - Setting next_dagrun for example_branch_labels to 2026-03-22 00:00:00+00:00, run_after=2026-03-23 00:00:00+00:00
[2026-03-23T03:26:41.034+0000] {processor.py:183} INFO - Processing /home/airflow/.local/lib/python3.8/site-packages/airflow/example_dags/example_branch_labels.py took 0.081 seconds
[2026-03-23T03:27:11.410+0000] {processor.py:161} INFO - Started process (PID=295) to work on /home/airflow/.local/lib/python3.8/site-packages/airflow/example_dags/example_branch_labels.py
[2026-03-23T03:27:11.411+0000] {processor.py:830} INFO - Processing file /home/airflow/.local/lib/python3.8/site-packages/airflow/example_dags/example_branch_labels.py for tasks to queue
[2026-03-23T03:27:11.413+0000] {logging_mixin.py:188} INFO - [2026-03-23T03:27:11.413+0000] {dagbag.py:540} INFO - Filling up the DagBag from /home/airflow/.local/lib/python3.8/site-packages/airflow/example_dags/example_branch_labels.py
[2026-03-23T03:27:11.420+0000] {processor.py:840} INFO - DAG(s) 'example_branch_labels' retrieved from /home/airflow/.local/lib/python3.8/site-packages/airflow/example_dags/example_branch_labels.py
[2026-03-23T03:27:11.439+0000] {logging_mixin.py:188} INFO - [2026-03-23T03:27:11.439+0000] {dag.py:3047} INFO - Sync 1 DAGs
[2026-03-23T03:27:11.459+0000] {logging_mixin.py:188} INFO - [2026-03-23T03:27:11.459+0000] {dag.py:3834} INFO - Setting next_dagrun for example_branch_labels to 2026-03-22 00:00:00+00:00, run_after=2026-03-23 00:00:00+00:00
[2026-03-23T03:27:11.478+0000] {processor.py:183} INFO - Processing /home/airflow/.local/lib/python3.8/site-packages/airflow/example_dags/example_branch_labels.py took 0.071 seconds
[2026-03-23T03:27:41.592+0000] {processor.py:161} INFO - Started process (PID=350) to work on /home/airflow/.local/lib/python3.8/site-packages/airflow/example_dags/example_branch_labels.py
[2026-03-23T03:27:41.593+0000] {processor.py:830} INFO - Processing file /home/airflow/.local/lib/python3.8/site-packages/airflow/example_dags/example_branch_labels.py for tasks to queue
[2026-03-23T03:27:41.595+0000] {logging_mixin.py:188} INFO - [2026-03-23T03:27:41.594+0000] {dagbag.py:540} INFO - Filling up the DagBag from /home/airflow/.local/lib/python3.8/site-packages/airflow/example_dags/example_branch_labels.py
[2026-03-23T03:27:41.601+0000] {processor.py:840} INFO - DAG(s) 'example_branch_labels' retrieved from /home/airflow/.local/lib/python3.8/site-packages/airflow/example_dags/example_branch_labels.py
[2026-03-23T03:27:41.622+0000] {logging_mixin.py:188} INFO - [2026-03-23T03:27:41.622+0000] {dag.py:3047} INFO - Sync 1 DAGs
[2026-03-23T03:27:41.646+0000] {logging_mixin.py:188} INFO - [2026-03-23T03:27:41.645+0000] {dag.py:3834} INFO - Setting next_dagrun for example_branch_labels to 2026-03-22 00:00:00+00:00, run_after=2026-03-23 00:00:00+00:00
[2026-03-23T03:27:41.668+0000] {processor.py:183} INFO - Processing /home/airflow/.local/lib/python3.8/site-packages/airflow/example_dags/example_branch_labels.py took 0.079 seconds
[2026-03-23T03:28:11.848+0000] {processor.py:161} INFO - Started process (PID=405) to work on /home/airflow/.local/lib/python3.8/site-packages/airflow/example_dags/example_branch_labels.py
[2026-03-23T03:28:11.849+0000] {processor.py:830} INFO - Processing file /home/airflow/.local/lib/python3.8/site-packages/airflow/example_dags/example_branch_labels.py for tasks to queue
[2026-03-23T03:28:11.851+0000] {logging_mixin.py:188} INFO - [2026-03-23T03:28:11.850+0000] {dagbag.py:540} INFO - Filling up the DagBag from /home/airflow/.local/lib/python3.8/site-packages/airflow/example_dags/example_branch_labels.py
[2026-03-23T03:28:11.858+0000] {processor.py:840} INFO - DAG(s) 'example_branch_labels' retrieved from /home/airflow/.local/lib/python3.8/site-packages/airflow/example_dags/example_branch_labels.py
[2026-03-23T03:28:11.876+0000] {logging_mixin.py:188} INFO - [2026-03-23T03:28:11.876+0000] {dag.py:3047} INFO - Sync 1 DAGs
[2026-03-23T03:28:11.897+0000] {logging_mixin.py:188} INFO - [2026-03-23T03:28:11.896+0000] {dag.py:3834} INFO - Setting next_dagrun for example_branch_labels to 2026-03-22 00:00:00+00:00, run_after=2026-03-23 00:00:00+00:00
[2026-03-23T03:28:11.916+0000] {processor.py:183} INFO - Processing /home/airflow/.local/lib/python3.8/site-packages/airflow/example_dags/example_branch_labels.py took 0.071 seconds
[2026-03-23T03:28:42.397+0000] {processor.py:161} INFO - Started process (PID=466) to work on /home/airflow/.local/lib/python3.8/site-packages/airflow/example_dags/example_branch_labels.py
[2026-03-23T03:28:42.398+0000] {processor.py:830} INFO - Processing file /home/airflow/.local/lib/python3.8/site-packages/airflow/example_dags/example_branch_labels.py for tasks to queue
[2026-03-23T03:28:42.400+0000] {logging_mixin.py:188} INFO - [2026-03-23T03:28:42.400+0000] {dagbag.py:540} INFO - Filling up the DagBag from /home/airflow/.local/lib/python3.8/site-packages/airflow/example_dags/example_branch_labels.py
[2026-03-23T03:28:42.406+0000] {processor.py:840} INFO - DAG(s) 'example_branch_labels' retrieved from /home/airflow/.local/lib/python3.8/site-packages/airflow/example_dags/example_branch_labels.py
[2026-03-23T03:28:42.425+0000] {logging_mixin.py:188} INFO - [2026-03-23T03:28:42.425+0000] {dag.py:3047} INFO - Sync 1 DAGs
[2026-03-23T03:28:42.445+0000] {logging_mixin.py:188} INFO - [2026-03-23T03:28:42.445+0000] {dag.py:3834} INFO - Setting next_dagrun for example_branch_labels to 2026-03-22 00:00:00+00:00, run_after=2026-03-23 00:00:00+00:00
[2026-03-23T03:28:42.465+0000] {processor.py:183} INFO - Processing /home/airflow/.local/lib/python3.8/site-packages/airflow/example_dags/example_branch_labels.py took 0.071 seconds
[2026-03-23T03:29:12.821+0000] {processor.py:161} INFO - Started process (PID=521) to work on /home/airflow/.local/lib/python3.8/site-packages/airflow/example_dags/example_branch_labels.py
[2026-03-23T03:29:12.822+0000] {processor.py:830} INFO - Processing file /home/airflow/.local/lib/python3.8/site-packages/airflow/example_dags/example_branch_labels.py for tasks to queue
[2026-03-23T03:29:12.824+0000] {logging_mixin.py:188} INFO - [2026-03-23T03:29:12.824+0000] {dagbag.py:540} INFO - Filling up the DagBag from /home/airflow/.local/lib/python3.8/site-packages/airflow/example_dags/example_branch_labels.py
[2026-03-23T03:29:12.831+0000] {processor.py:840} INFO - DAG(s) 'example_branch_labels' retrieved from /home/airflow/.local/lib/python3.8/site-packages/airflow/example_dags/example_branch_labels.py
[2026-03-23T03:29:12.852+0000] {logging_mixin.py:188} INFO - [2026-03-23T03:29:12.851+0000] {dag.py:3047} INFO - Sync 1 DAGs
[2026-03-23T03:29:12.872+0000] {logging_mixin.py:188} INFO - [2026-03-23T03:29:12.871+0000] {dag.py:3834} INFO - Setting next_dagrun for example_branch_labels to 2026-03-22 00:00:00+00:00, run_after=2026-03-23 00:00:00+00:00
[2026-03-23T03:29:12.890+0000] {processor.py:183} INFO - Processing /home/airflow/.local/lib/python3.8/site-packages/airflow/example_dags/example_branch_labels.py took 0.072 seconds
[2026-03-23T03:29:42.961+0000] {processor.py:161} INFO - Started process (PID=576) to work on /home/airflow/.local/lib/python3.8/site-packages/airflow/example_dags/example_branch_labels.py
[2026-03-23T03:29:42.962+0000] {processor.py:830} INFO - Processing file /home/airflow/.local/lib/python3.8/site-packages/airflow/example_dags/example_branch_labels.py for tasks to queue
[2026-03-23T03:29:42.964+0000] {logging_mixin.py:188} INFO - [2026-03-23T03:29:42.964+0000] {dagbag.py:540} INFO - Filling up the DagBag from /home/airflow/.local/lib/python3.8/site-packages/airflow/example_dags/example_branch_labels.py
[2026-03-23T03:29:42.971+0000] {processor.py:840} INFO - DAG(s) 'example_branch_labels' retrieved from /home/airflow/.local/lib/python3.8/site-packages/airflow/example_dags/example_branch_labels.py
[2026-03-23T03:29:42.992+0000] {logging_mixin.py:188} INFO - [2026-03-23T03:29:42.992+0000] {dag.py:3047} INFO - Sync 1 DAGs
[2026-03-23T03:29:43.011+0000] {logging_mixin.py:188} INFO - [2026-03-23T03:29:43.011+0000] {dag.py:3834} INFO - Setting next_dagrun for example_branch_labels to 2026-03-22 00:00:00+00:00, run_after=2026-03-23 00:00:00+00:00
[2026-03-23T03:29:43.030+0000] {processor.py:183} INFO - Processing /home/airflow/.local/lib/python3.8/site-packages/airflow/example_dags/example_branch_labels.py took 0.072 seconds
[2026-03-23T03:30:13.387+0000] {processor.py:161} INFO - Started process (PID=631) to work on /home/airflow/.local/lib/python3.8/site-packages/airflow/example_dags/example_branch_labels.py
[2026-03-23T03:30:13.389+0000] {processor.py:830} INFO - Processing file /home/airflow/.local/lib/python3.8/site-packages/airflow/example_dags/example_branch_labels.py for tasks to queue
[2026-03-23T03:30:13.391+0000] {logging_mixin.py:188} INFO - [2026-03-23T03:30:13.391+0000] {dagbag.py:540} INFO - Filling up the DagBag from /home/airflow/.local/lib/python3.8/site-packages/airflow/example_dags/example_branch_labels.py
[2026-03-23T03:30:13.399+0000] {processor.py:840} INFO - DAG(s) 'example_branch_labels' retrieved from /home/airflow/.local/lib/python3.8/site-packages/airflow/example_dags/example_branch_labels.py
[2026-03-23T03:30:13.430+0000] {logging_mixin.py:188} INFO - [2026-03-23T03:30:13.430+0000] {dag.py:3047} INFO - Sync 1 DAGs
[2026-03-23T03:30:13.460+0000] {logging_mixin.py:188} INFO - [2026-03-23T03:30:13.460+0000] {dag.py:3834} INFO - Setting next_dagrun for example_branch_labels to 2026-03-22 00:00:00+00:00, run_after=2026-03-23 00:00:00+00:00
[2026-03-23T03:30:13.489+0000] {processor.py:183} INFO - Processing /home/airflow/.local/lib/python3.8/site-packages/airflow/example_dags/example_branch_labels.py took 0.106 seconds
[2026-03-23T03:30:43.549+0000] {processor.py:161} INFO - Started process (PID=686) to work on /home/airflow/.local/lib/python3.8/site-packages/airflow/example_dags/example_branch_labels.py
[2026-03-23T03:30:43.550+0000] {processor.py:830} INFO - Processing file /home/airflow/.local/lib/python3.8/site-packages/airflow/example_dags/example_branch_labels.py for tasks to queue
[2026-03-23T03:30:43.552+0000] {logging_mixin.py:188} INFO - [2026-03-23T03:30:43.552+0000] {dagbag.py:540} INFO - Filling up the DagBag from /home/airflow/.local/lib/python3.8/site-packages/airflow/example_dags/example_branch_labels.py
[2026-03-23T03:30:43.560+0000] {processor.py:840} INFO - DAG(s) 'example_branch_labels' retrieved from /home/airflow/.local/lib/python3.8/site-packages/airflow/example_dags/example_branch_labels.py
[2026-03-23T03:30:43.581+0000] {logging_mixin.py:188} INFO - [2026-03-23T03:30:43.581+0000] {dag.py:3047} INFO - Sync 1 DAGs
[2026-03-23T03:30:43.604+0000] {logging_mixin.py:188} INFO - [2026-03-23T03:30:43.603+0000] {dag.py:3834} INFO - Setting next_dagrun for example_branch_labels to 2026-03-22 00:00:00+00:00, run_after=2026-03-23 00:00:00+00:00
[2026-03-23T03:30:43.624+0000] {processor.py:183} INFO - Processing /home/airflow/.local/lib/python3.8/site-packages/airflow/example_dags/example_branch_labels.py took 0.078 seconds
[2026-03-23T03:31:13.723+0000] {processor.py:161} INFO - Started process (PID=741) to work on /home/airflow/.local/lib/python3.8/site-packages/airflow/example_dags/example_branch_labels.py
[2026-03-23T03:31:13.724+0000] {processor.py:830} INFO - Processing file /home/airflow/.local/lib/python3.8/site-packages/airflow/example_dags/example_branch_labels.py for tasks to queue
[2026-03-23T03:31:13.726+0000] {logging_mixin.py:188} INFO - [2026-03-23T03:31:13.726+0000] {dagbag.py:540} INFO - Filling up the DagBag from /home/airflow/.local/lib/python3.8/site-packages/airflow/example_dags/example_branch_labels.py
[2026-03-23T03:31:13.733+0000] {processor.py:840} INFO - DAG(s) 'example_branch_labels' retrieved from /home/airflow/.local/lib/python3.8/site-packages/airflow/example_dags/example_branch_labels.py
[2026-03-23T03:31:13.753+0000] {logging_mixin.py:188} INFO - [2026-03-23T03:31:13.753+0000] {dag.py:3047} INFO - Sync 1 DAGs
[2026-03-23T03:31:13.774+0000] {logging_mixin.py:188} INFO - [2026-03-23T03:31:13.774+0000] {dag.py:3834} INFO - Setting next_dagrun for example_branch_labels to 2026-03-22 00:00:00+00:00, run_after=2026-03-23 00:00:00+00:00
[2026-03-23T03:31:13.794+0000] {processor.py:183} INFO - Processing /home/airflow/.local/lib/python3.8/site-packages/airflow/example_dags/example_branch_labels.py took 0.075 seconds
[2026-03-23T03:31:44.333+0000] {processor.py:161} INFO - Started process (PID=796) to work on /home/airflow/.local/lib/python3.8/site-packages/airflow/example_dags/example_branch_labels.py
[2026-03-23T03:31:44.335+0000] {processor.py:830} INFO - Processing file /home/airflow/.local/lib/python3.8/site-packages/airflow/example_dags/example_branch_labels.py for tasks to queue
[2026-03-23T03:31:44.337+0000] {logging_mixin.py:188} INFO - [2026-03-23T03:31:44.336+0000] {dagbag.py:540} INFO - Filling up the DagBag from /home/airflow/.local/lib/python3.8/site-packages/airflow/example_dags/example_branch_labels.py
[2026-03-23T03:31:44.343+0000] {processor.py:840} INFO - DAG(s) 'example_branch_labels' retrieved from /home/airflow/.local/lib/python3.8/site-packages/airflow/example_dags/example_branch_labels.py
[2026-03-23T03:31:44.368+0000] {logging_mixin.py:188} INFO - [2026-03-23T03:31:44.367+0000] {dag.py:3047} INFO - Sync 1 DAGs
[2026-03-23T03:31:44.393+0000] {logging_mixin.py:188} INFO - [2026-03-23T03:31:44.393+0000] {dag.py:3834} INFO - Setting next_dagrun for example_branch_labels to 2026-03-22 00:00:00+00:00, run_after=2026-03-23 00:00:00+00:00
[2026-03-23T03:31:44.418+0000] {processor.py:183} INFO - Processing /home/airflow/.local/lib/python3.8/site-packages/airflow/example_dags/example_branch_labels.py took 0.088 seconds
[2026-03-23T03:32:15.074+0000] {processor.py:161} INFO - Started process (PID=851) to work on /home/airflow/.local/lib/python3.8/site-packages/airflow/example_dags/example_branch_labels.py
[2026-03-23T03:32:15.075+0000] {processor.py:830} INFO - Processing file /home/airflow/.local/lib/python3.8/site-packages/airflow/example_dags/example_branch_labels.py for tasks to queue
[2026-03-23T03:32:15.077+0000] {logging_mixin.py:188} INFO - [2026-03-23T03:32:15.076+0000] {dagbag.py:540} INFO - Filling up the DagBag from /home/airflow/.local/lib/python3.8/site-packages/airflow/example_dags/example_branch_labels.py
[2026-03-23T03:32:15.083+0000] {processor.py:840} INFO - DAG(s) 'example_branch_labels' retrieved from /home/airflow/.local/lib/python3.8/site-packages/airflow/example_dags/example_branch_labels.py
[2026-03-23T03:32:15.102+0000] {logging_mixin.py:188} INFO - [2026-03-23T03:32:15.102+0000] {dag.py:3047} INFO - Sync 1 DAGs
[2026-03-23T03:32:15.124+0000] {logging_mixin.py:188} INFO - [2026-03-23T03:32:15.124+0000] {dag.py:3834} INFO - Setting next_dagrun for example_branch_labels to 2026-03-22 00:00:00+00:00, run_after=2026-03-23 00:00:00+00:00
[2026-03-23T03:32:15.143+0000] {processor.py:183} INFO - Processing /home/airflow/.local/lib/python3.8/site-packages/airflow/example_dags/example_branch_labels.py took 0.073 seconds
[2026-03-23T03:32:45.196+0000] {processor.py:161} INFO - Started process (PID=906) to work on /home/airflow/.local/lib/python3.8/site-packages/airflow/example_dags/example_branch_labels.py
[2026-03-23T03:32:45.197+0000] {processor.py:830} INFO - Processing file /home/airflow/.local/lib/python3.8/site-packages/airflow/example_dags/example_branch_labels.py for tasks to queue
[2026-03-23T03:32:45.199+0000] {logging_mixin.py:188} INFO - [2026-03-23T03:32:45.199+0000] {dagbag.py:540} INFO - Filling up the DagBag from /home/airflow/.local/lib/python3.8/site-packages/airflow/example_dags/example_branch_labels.py
[2026-03-23T03:32:45.206+0000] {processor.py:840} INFO - DAG(s) 'example_branch_labels' retrieved from /home/airflow/.local/lib/python3.8/site-packages/airflow/example_dags/example_branch_labels.py
[2026-03-23T03:32:45.228+0000] {logging_mixin.py:188} INFO - [2026-03-23T03:32:45.227+0000] {dag.py:3047} INFO - Sync 1 DAGs
[2026-03-23T03:32:45.249+0000] {logging_mixin.py:188} INFO - [2026-03-23T03:32:45.248+0000] {dag.py:3834} INFO - Setting next_dagrun for example_branch_labels to 2026-03-22 00:00:00+00:00, run_after=2026-03-23 00:00:00+00:00
[2026-03-23T03:32:45.268+0000] {processor.py:183} INFO - Processing /home/airflow/.local/lib/python3.8/site-packages/airflow/example_dags/example_branch_labels.py took 0.074 seconds
[2026-03-23T03:33:15.382+0000] {processor.py:161} INFO - Started process (PID=961) to work on /home/airflow/.local/lib/python3.8/site-packages/airflow/example_dags/example_branch_labels.py
[2026-03-23T03:33:15.384+0000] {processor.py:830} INFO - Processing file /home/airflow/.local/lib/python3.8/site-packages/airflow/example_dags/example_branch_labels.py for tasks to queue
[2026-03-23T03:33:15.386+0000] {logging_mixin.py:188} INFO - [2026-03-23T03:33:15.385+0000] {dagbag.py:540} INFO - Filling up the DagBag from /home/airflow/.local/lib/python3.8/site-packages/airflow/example_dags/example_branch_labels.py
[2026-03-23T03:33:15.393+0000] {processor.py:840} INFO - DAG(s) 'example_branch_labels' retrieved from /home/airflow/.local/lib/python3.8/site-packages/airflow/example_dags/example_branch_labels.py
[2026-03-23T03:33:15.413+0000] {logging_mixin.py:188} INFO - [2026-03-23T03:33:15.413+0000] {dag.py:3047} INFO - Sync 1 DAGs
[2026-03-23T03:33:15.435+0000] {logging_mixin.py:188} INFO - [2026-03-23T03:33:15.435+0000] {dag.py:3834} INFO - Setting next_dagrun for example_branch_labels to 2026-03-22 00:00:00+00:00, run_after=2026-03-23 00:00:00+00:00
[2026-03-23T03:33:15.460+0000] {processor.py:183} INFO - Processing /home/airflow/.local/lib/python3.8/site-packages/airflow/example_dags/example_branch_labels.py took 0.080 seconds
[2026-03-23T03:33:45.545+0000] {processor.py:161} INFO - Started process (PID=1016) to work on /home/airflow/.local/lib/python3.8/site-packages/airflow/example_dags/example_branch_labels.py
[2026-03-23T03:33:45.546+0000] {processor.py:830} INFO - Processing file /home/airflow/.local/lib/python3.8/site-packages/airflow/example_dags/example_branch_labels.py for tasks to queue
[2026-03-23T03:33:45.548+0000] {logging_mixin.py:188} INFO - [2026-03-23T03:33:45.548+0000] {dagbag.py:540} INFO - Filling up the DagBag from /home/airflow/.local/lib/python3.8/site-packages/airflow/example_dags/example_branch_labels.py
[2026-03-23T03:33:45.555+0000] {processor.py:840} INFO - DAG(s) 'example_branch_labels' retrieved from /home/airflow/.local/lib/python3.8/site-packages/airflow/example_dags/example_branch_labels.py
[2026-03-23T03:33:45.576+0000] {logging_mixin.py:188} INFO - [2026-03-23T03:33:45.575+0000] {dag.py:3047} INFO - Sync 1 DAGs
[2026-03-23T03:33:45.598+0000] {logging_mixin.py:188} INFO - [2026-03-23T03:33:45.598+0000] {dag.py:3834} INFO - Setting next_dagrun for example_branch_labels to 2026-03-22 00:00:00+00:00, run_after=2026-03-23 00:00:00+00:00
[2026-03-23T03:33:45.621+0000] {processor.py:183} INFO - Processing /home/airflow/.local/lib/python3.8/site-packages/airflow/example_dags/example_branch_labels.py took 0.079 seconds
[2026-03-23T03:34:15.767+0000] {processor.py:161} INFO - Started process (PID=1071) to work on /home/airflow/.local/lib/python3.8/site-packages/airflow/example_dags/example_branch_labels.py
[2026-03-23T03:34:15.768+0000] {processor.py:830} INFO - Processing file /home/airflow/.local/lib/python3.8/site-packages/airflow/example_dags/example_branch_labels.py for tasks to queue
[2026-03-23T03:34:15.771+0000] {logging_mixin.py:188} INFO - [2026-03-23T03:34:15.770+0000] {dagbag.py:540} INFO - Filling up the DagBag from /home/airflow/.local/lib/python3.8/site-packages/airflow/example_dags/example_branch_labels.py
[2026-03-23T03:34:15.778+0000] {processor.py:840} INFO - DAG(s) 'example_branch_labels' retrieved from /home/airflow/.local/lib/python3.8/site-packages/airflow/example_dags/example_branch_labels.py
[2026-03-23T03:34:15.799+0000] {logging_mixin.py:188} INFO - [2026-03-23T03:34:15.799+0000] {dag.py:3047} INFO - Sync 1 DAGs
[2026-03-23T03:34:15.822+0000] {logging_mixin.py:188} INFO - [2026-03-23T03:34:15.821+0000] {dag.py:3834} INFO - Setting next_dagrun for example_branch_labels to 2026-03-22 00:00:00+00:00, run_after=2026-03-23 00:00:00+00:00
[2026-03-23T03:34:15.844+0000] {processor.py:183} INFO - Processing /home/airflow/.local/lib/python3.8/site-packages/airflow/example_dags/example_branch_labels.py took 0.080 seconds
[2026-03-23T03:34:46.011+0000] {processor.py:161} INFO - Started process (PID=1126) to work on /home/airflow/.local/lib/python3.8/site-packages/airflow/example_dags/example_branch_labels.py
[2026-03-23T03:34:46.012+0000] {processor.py:830} INFO - Processing file /home/airflow/.local/lib/python3.8/site-packages/airflow/example_dags/example_branch_labels.py for tasks to queue
[2026-03-23T03:34:46.015+0000] {logging_mixin.py:188} INFO - [2026-03-23T03:34:46.014+0000] {dagbag.py:540} INFO - Filling up the DagBag from /home/airflow/.local/lib/python3.8/site-packages/airflow/example_dags/example_branch_labels.py
[2026-03-23T03:34:46.023+0000] {processor.py:840} INFO - DAG(s) 'example_branch_labels' retrieved from /home/airflow/.local/lib/python3.8/site-packages/airflow/example_dags/example_branch_labels.py
[2026-03-23T03:34:46.046+0000] {logging_mixin.py:188} INFO - [2026-03-23T03:34:46.046+0000] {dag.py:3047} INFO - Sync 1 DAGs
[2026-03-23T03:34:46.069+0000] {logging_mixin.py:188} INFO - [2026-03-23T03:34:46.069+0000] {dag.py:3834} INFO - Setting next_dagrun for example_branch_labels to 2026-03-22 00:00:00+00:00, run_after=2026-03-23 00:00:00+00:00
[2026-03-23T03:34:46.090+0000] {processor.py:183} INFO - Processing /home/airflow/.local/lib/python3.8/site-packages/airflow/example_dags/example_branch_labels.py took 0.082 seconds
[2026-03-23T03:37:19.571+0000] {processor.py:161} INFO - Started process (PID=75) to work on /home/airflow/.local/lib/python3.8/site-packages/airflow/example_dags/example_branch_labels.py
[2026-03-23T03:37:19.572+0000] {processor.py:830} INFO - Processing file /home/airflow/.local/lib/python3.8/site-packages/airflow/example_dags/example_branch_labels.py for tasks to queue
[2026-03-23T03:37:19.574+0000] {logging_mixin.py:188} INFO - [2026-03-23T03:37:19.574+0000] {dagbag.py:540} INFO - Filling up the DagBag from /home/airflow/.local/lib/python3.8/site-packages/airflow/example_dags/example_branch_labels.py
[2026-03-23T03:37:19.583+0000] {processor.py:840} INFO - DAG(s) 'example_branch_labels' retrieved from /home/airflow/.local/lib/python3.8/site-packages/airflow/example_dags/example_branch_labels.py
[2026-03-23T03:37:19.598+0000] {logging_mixin.py:188} INFO - [2026-03-23T03:37:19.598+0000] {dag.py:3047} INFO - Sync 1 DAGs
[2026-03-23T03:37:19.627+0000] {logging_mixin.py:188} INFO - [2026-03-23T03:37:19.626+0000] {dag.py:3834} INFO - Setting next_dagrun for example_branch_labels to 2026-03-22 00:00:00+00:00, run_after=2026-03-23 00:00:00+00:00
[2026-03-23T03:37:19.652+0000] {processor.py:183} INFO - Processing /home/airflow/.local/lib/python3.8/site-packages/airflow/example_dags/example_branch_labels.py took 0.084 seconds
[2026-03-23T03:37:50.904+0000] {processor.py:161} INFO - Started process (PID=130) to work on /home/airflow/.local/lib/python3.8/site-packages/airflow/example_dags/example_branch_labels.py
[2026-03-23T03:37:50.905+0000] {processor.py:830} INFO - Processing file /home/airflow/.local/lib/python3.8/site-packages/airflow/example_dags/example_branch_labels.py for tasks to queue
[2026-03-23T03:37:50.908+0000] {logging_mixin.py:188} INFO - [2026-03-23T03:37:50.907+0000] {dagbag.py:540} INFO - Filling up the DagBag from /home/airflow/.local/lib/python3.8/site-packages/airflow/example_dags/example_branch_labels.py
[2026-03-23T03:37:50.914+0000] {processor.py:840} INFO - DAG(s) 'example_branch_labels' retrieved from /home/airflow/.local/lib/python3.8/site-packages/airflow/example_dags/example_branch_labels.py
[2026-03-23T03:37:51.004+0000] {logging_mixin.py:188} INFO - [2026-03-23T03:37:51.004+0000] {dag.py:3047} INFO - Sync 1 DAGs
[2026-03-23T03:37:51.027+0000] {logging_mixin.py:188} INFO - [2026-03-23T03:37:51.026+0000] {dag.py:3834} INFO - Setting next_dagrun for example_branch_labels to 2026-03-22 00:00:00+00:00, run_after=2026-03-23 00:00:00+00:00
[2026-03-23T03:37:51.048+0000] {processor.py:183} INFO - Processing /home/airflow/.local/lib/python3.8/site-packages/airflow/example_dags/example_branch_labels.py took 0.147 seconds
[2026-03-23T03:38:21.698+0000] {processor.py:161} INFO - Started process (PID=185) to work on /home/airflow/.local/lib/python3.8/site-packages/airflow/example_dags/example_branch_labels.py
[2026-03-23T03:38:21.699+0000] {processor.py:830} INFO - Processing file /home/airflow/.local/lib/python3.8/site-packages/airflow/example_dags/example_branch_labels.py for tasks to queue
[2026-03-23T03:38:21.701+0000] {logging_mixin.py:188} INFO - [2026-03-23T03:38:21.700+0000] {dagbag.py:540} INFO - Filling up the DagBag from /home/airflow/.local/lib/python3.8/site-packages/airflow/example_dags/example_branch_labels.py
[2026-03-23T03:38:21.708+0000] {processor.py:840} INFO - DAG(s) 'example_branch_labels' retrieved from /home/airflow/.local/lib/python3.8/site-packages/airflow/example_dags/example_branch_labels.py
[2026-03-23T03:38:21.727+0000] {logging_mixin.py:188} INFO - [2026-03-23T03:38:21.727+0000] {dag.py:3047} INFO - Sync 1 DAGs
[2026-03-23T03:38:21.750+0000] {logging_mixin.py:188} INFO - [2026-03-23T03:38:21.749+0000] {dag.py:3834} INFO - Setting next_dagrun for example_branch_labels to 2026-03-22 00:00:00+00:00, run_after=2026-03-23 00:00:00+00:00
[2026-03-23T03:38:21.771+0000] {processor.py:183} INFO - Processing /home/airflow/.local/lib/python3.8/site-packages/airflow/example_dags/example_branch_labels.py took 0.076 seconds
[2026-03-23T03:38:52.238+0000] {processor.py:161} INFO - Started process (PID=246) to work on /home/airflow/.local/lib/python3.8/site-packages/airflow/example_dags/example_branch_labels.py
[2026-03-23T03:38:52.239+0000] {processor.py:830} INFO - Processing file /home/airflow/.local/lib/python3.8/site-packages/airflow/example_dags/example_branch_labels.py for tasks to queue
[2026-03-23T03:38:52.241+0000] {logging_mixin.py:188} INFO - [2026-03-23T03:38:52.241+0000] {dagbag.py:540} INFO - Filling up the DagBag from /home/airflow/.local/lib/python3.8/site-packages/airflow/example_dags/example_branch_labels.py
[2026-03-23T03:38:52.249+0000] {processor.py:840} INFO - DAG(s) 'example_branch_labels' retrieved from /home/airflow/.local/lib/python3.8/site-packages/airflow/example_dags/example_branch_labels.py
[2026-03-23T03:38:52.274+0000] {logging_mixin.py:188} INFO - [2026-03-23T03:38:52.274+0000] {dag.py:3047} INFO - Sync 1 DAGs
[2026-03-23T03:38:52.296+0000] {logging_mixin.py:188} INFO - [2026-03-23T03:38:52.296+0000] {dag.py:3834} INFO - Setting next_dagrun for example_branch_labels to 2026-03-22 00:00:00+00:00, run_after=2026-03-23 00:00:00+00:00
[2026-03-23T03:38:52.318+0000] {processor.py:183} INFO - Processing /home/airflow/.local/lib/python3.8/site-packages/airflow/example_dags/example_branch_labels.py took 0.083 seconds
[2026-03-23T03:39:22.794+0000] {processor.py:161} INFO - Started process (PID=301) to work on /home/airflow/.local/lib/python3.8/site-packages/airflow/example_dags/example_branch_labels.py
[2026-03-23T03:39:22.795+0000] {processor.py:830} INFO - Processing file /home/airflow/.local/lib/python3.8/site-packages/airflow/example_dags/example_branch_labels.py for tasks to queue
[2026-03-23T03:39:22.797+0000] {logging_mixin.py:188} INFO - [2026-03-23T03:39:22.797+0000] {dagbag.py:540} INFO - Filling up the DagBag from /home/airflow/.local/lib/python3.8/site-packages/airflow/example_dags/example_branch_labels.py
[2026-03-23T03:39:22.804+0000] {processor.py:840} INFO - DAG(s) 'example_branch_labels' retrieved from /home/airflow/.local/lib/python3.8/site-packages/airflow/example_dags/example_branch_labels.py
[2026-03-23T03:39:22.825+0000] {logging_mixin.py:188} INFO - [2026-03-23T03:39:22.824+0000] {dag.py:3047} INFO - Sync 1 DAGs
[2026-03-23T03:39:22.847+0000] {logging_mixin.py:188} INFO - [2026-03-23T03:39:22.847+0000] {dag.py:3834} INFO - Setting next_dagrun for example_branch_labels to 2026-03-22 00:00:00+00:00, run_after=2026-03-23 00:00:00+00:00
[2026-03-23T03:39:22.870+0000] {processor.py:183} INFO - Processing /home/airflow/.local/lib/python3.8/site-packages/airflow/example_dags/example_branch_labels.py took 0.079 seconds
[2026-03-23T03:39:52.939+0000] {processor.py:161} INFO - Started process (PID=356) to work on /home/airflow/.local/lib/python3.8/site-packages/airflow/example_dags/example_branch_labels.py
[2026-03-23T03:39:52.940+0000] {processor.py:830} INFO - Processing file /home/airflow/.local/lib/python3.8/site-packages/airflow/example_dags/example_branch_labels.py for tasks to queue
[2026-03-23T03:39:52.942+0000] {logging_mixin.py:188} INFO - [2026-03-23T03:39:52.941+0000] {dagbag.py:540} INFO - Filling up the DagBag from /home/airflow/.local/lib/python3.8/site-packages/airflow/example_dags/example_branch_labels.py
[2026-03-23T03:39:52.948+0000] {processor.py:840} INFO - DAG(s) 'example_branch_labels' retrieved from /home/airflow/.local/lib/python3.8/site-packages/airflow/example_dags/example_branch_labels.py
[2026-03-23T03:39:52.968+0000] {logging_mixin.py:188} INFO - [2026-03-23T03:39:52.968+0000] {dag.py:3047} INFO - Sync 1 DAGs
[2026-03-23T03:39:52.990+0000] {logging_mixin.py:188} INFO - [2026-03-23T03:39:52.990+0000] {dag.py:3834} INFO - Setting next_dagrun for example_branch_labels to 2026-03-22 00:00:00+00:00, run_after=2026-03-23 00:00:00+00:00
[2026-03-23T03:39:53.010+0000] {processor.py:183} INFO - Processing /home/airflow/.local/lib/python3.8/site-packages/airflow/example_dags/example_branch_labels.py took 0.074 seconds
[2026-03-23T03:40:23.447+0000] {processor.py:161} INFO - Started process (PID=411) to work on /home/airflow/.local/lib/python3.8/site-packages/airflow/example_dags/example_branch_labels.py
[2026-03-23T03:40:23.448+0000] {processor.py:830} INFO - Processing file /home/airflow/.local/lib/python3.8/site-packages/airflow/example_dags/example_branch_labels.py for tasks to queue
[2026-03-23T03:40:23.451+0000] {logging_mixin.py:188} INFO - [2026-03-23T03:40:23.450+0000] {dagbag.py:540} INFO - Filling up the DagBag from /home/airflow/.local/lib/python3.8/site-packages/airflow/example_dags/example_branch_labels.py
[2026-03-23T03:40:23.459+0000] {processor.py:840} INFO - DAG(s) 'example_branch_labels' retrieved from /home/airflow/.local/lib/python3.8/site-packages/airflow/example_dags/example_branch_labels.py
[2026-03-23T03:40:23.485+0000] {logging_mixin.py:188} INFO - [2026-03-23T03:40:23.485+0000] {dag.py:3047} INFO - Sync 1 DAGs
[2026-03-23T03:40:23.516+0000] {logging_mixin.py:188} INFO - [2026-03-23T03:40:23.516+0000] {dag.py:3834} INFO - Setting next_dagrun for example_branch_labels to 2026-03-22 00:00:00+00:00, run_after=2026-03-23 00:00:00+00:00
[2026-03-23T03:40:23.545+0000] {processor.py:183} INFO - Processing /home/airflow/.local/lib/python3.8/site-packages/airflow/example_dags/example_branch_labels.py took 0.102 seconds
[2026-03-23T03:40:54.069+0000] {processor.py:161} INFO - Started process (PID=466) to work on /home/airflow/.local/lib/python3.8/site-packages/airflow/example_dags/example_branch_labels.py
[2026-03-23T03:40:54.070+0000] {processor.py:830} INFO - Processing file /home/airflow/.local/lib/python3.8/site-packages/airflow/example_dags/example_branch_labels.py for tasks to queue
[2026-03-23T03:40:54.072+0000] {logging_mixin.py:188} INFO - [2026-03-23T03:40:54.072+0000] {dagbag.py:540} INFO - Filling up the DagBag from /home/airflow/.local/lib/python3.8/site-packages/airflow/example_dags/example_branch_labels.py
[2026-03-23T03:40:54.083+0000] {processor.py:840} INFO - DAG(s) 'example_branch_labels' retrieved from /home/airflow/.local/lib/python3.8/site-packages/airflow/example_dags/example_branch_labels.py
[2026-03-23T03:40:54.111+0000] {logging_mixin.py:188} INFO - [2026-03-23T03:40:54.110+0000] {dag.py:3047} INFO - Sync 1 DAGs
[2026-03-23T03:40:54.147+0000] {logging_mixin.py:188} INFO - [2026-03-23T03:40:54.146+0000] {dag.py:3834} INFO - Setting next_dagrun for example_branch_labels to 2026-03-22 00:00:00+00:00, run_after=2026-03-23 00:00:00+00:00
[2026-03-23T03:40:54.190+0000] {processor.py:183} INFO - Processing /home/airflow/.local/lib/python3.8/site-packages/airflow/example_dags/example_branch_labels.py took 0.124 seconds
[2026-03-23T03:41:24.950+0000] {processor.py:161} INFO - Started process (PID=521) to work on /home/airflow/.local/lib/python3.8/site-packages/airflow/example_dags/example_branch_labels.py
[2026-03-23T03:41:24.952+0000] {processor.py:830} INFO - Processing file /home/airflow/.local/lib/python3.8/site-packages/airflow/example_dags/example_branch_labels.py for tasks to queue
[2026-03-23T03:41:24.954+0000] {logging_mixin.py:188} INFO - [2026-03-23T03:41:24.953+0000] {dagbag.py:540} INFO - Filling up the DagBag from /home/airflow/.local/lib/python3.8/site-packages/airflow/example_dags/example_branch_labels.py
[2026-03-23T03:41:24.962+0000] {processor.py:840} INFO - DAG(s) 'example_branch_labels' retrieved from /home/airflow/.local/lib/python3.8/site-packages/airflow/example_dags/example_branch_labels.py
[2026-03-23T03:41:24.988+0000] {logging_mixin.py:188} INFO - [2026-03-23T03:41:24.988+0000] {dag.py:3047} INFO - Sync 1 DAGs
[2026-03-23T03:41:25.014+0000] {logging_mixin.py:188} INFO - [2026-03-23T03:41:25.013+0000] {dag.py:3834} INFO - Setting next_dagrun for example_branch_labels to 2026-03-22 00:00:00+00:00, run_after=2026-03-23 00:00:00+00:00
[2026-03-23T03:41:25.041+0000] {processor.py:183} INFO - Processing /home/airflow/.local/lib/python3.8/site-packages/airflow/example_dags/example_branch_labels.py took 0.094 seconds
[2026-03-23T03:41:55.158+0000] {processor.py:161} INFO - Started process (PID=576) to work on /home/airflow/.local/lib/python3.8/site-packages/airflow/example_dags/example_branch_labels.py
[2026-03-23T03:41:55.159+0000] {processor.py:830} INFO - Processing file /home/airflow/.local/lib/python3.8/site-packages/airflow/example_dags/example_branch_labels.py for tasks to queue
[2026-03-23T03:41:55.161+0000] {logging_mixin.py:188} INFO - [2026-03-23T03:41:55.161+0000] {dagbag.py:540} INFO - Filling up the DagBag from /home/airflow/.local/lib/python3.8/site-packages/airflow/example_dags/example_branch_labels.py
[2026-03-23T03:41:55.170+0000] {processor.py:840} INFO - DAG(s) 'example_branch_labels' retrieved from /home/airflow/.local/lib/python3.8/site-packages/airflow/example_dags/example_branch_labels.py
[2026-03-23T03:41:55.193+0000] {logging_mixin.py:188} INFO - [2026-03-23T03:41:55.192+0000] {dag.py:3047} INFO - Sync 1 DAGs
[2026-03-23T03:41:55.216+0000] {logging_mixin.py:188} INFO - [2026-03-23T03:41:55.216+0000] {dag.py:3834} INFO - Setting next_dagrun for example_branch_labels to 2026-03-22 00:00:00+00:00, run_after=2026-03-23 00:00:00+00:00
[2026-03-23T03:41:55.241+0000] {processor.py:183} INFO - Processing /home/airflow/.local/lib/python3.8/site-packages/airflow/example_dags/example_branch_labels.py took 0.087 seconds
[2026-03-23T03:42:25.337+0000] {processor.py:161} INFO - Started process (PID=631) to work on /home/airflow/.local/lib/python3.8/site-packages/airflow/example_dags/example_branch_labels.py
[2026-03-23T03:42:25.338+0000] {processor.py:830} INFO - Processing file /home/airflow/.local/lib/python3.8/site-packages/airflow/example_dags/example_branch_labels.py for tasks to queue
[2026-03-23T03:42:25.340+0000] {logging_mixin.py:188} INFO - [2026-03-23T03:42:25.340+0000] {dagbag.py:540} INFO - Filling up the DagBag from /home/airflow/.local/lib/python3.8/site-packages/airflow/example_dags/example_branch_labels.py
[2026-03-23T03:42:25.349+0000] {processor.py:840} INFO - DAG(s) 'example_branch_labels' retrieved from /home/airflow/.local/lib/python3.8/site-packages/airflow/example_dags/example_branch_labels.py
[2026-03-23T03:42:25.374+0000] {logging_mixin.py:188} INFO - [2026-03-23T03:42:25.373+0000] {dag.py:3047} INFO - Sync 1 DAGs
[2026-03-23T03:42:25.400+0000] {logging_mixin.py:188} INFO - [2026-03-23T03:42:25.400+0000] {dag.py:3834} INFO - Setting next_dagrun for example_branch_labels to 2026-03-22 00:00:00+00:00, run_after=2026-03-23 00:00:00+00:00
[2026-03-23T03:42:25.426+0000] {processor.py:183} INFO - Processing /home/airflow/.local/lib/python3.8/site-packages/airflow/example_dags/example_branch_labels.py took 0.092 seconds
[2026-03-23T03:42:55.951+0000] {processor.py:161} INFO - Started process (PID=686) to work on /home/airflow/.local/lib/python3.8/site-packages/airflow/example_dags/example_branch_labels.py
[2026-03-23T03:42:55.952+0000] {processor.py:830} INFO - Processing file /home/airflow/.local/lib/python3.8/site-packages/airflow/example_dags/example_branch_labels.py for tasks to queue
[2026-03-23T03:42:55.954+0000] {logging_mixin.py:188} INFO - [2026-03-23T03:42:55.954+0000] {dagbag.py:540} INFO - Filling up the DagBag from /home/airflow/.local/lib/python3.8/site-packages/airflow/example_dags/example_branch_labels.py
[2026-03-23T03:42:55.961+0000] {processor.py:840} INFO - DAG(s) 'example_branch_labels' retrieved from /home/airflow/.local/lib/python3.8/site-packages/airflow/example_dags/example_branch_labels.py
[2026-03-23T03:42:55.986+0000] {logging_mixin.py:188} INFO - [2026-03-23T03:42:55.985+0000] {dag.py:3047} INFO - Sync 1 DAGs
[2026-03-23T03:42:56.008+0000] {logging_mixin.py:188} INFO - [2026-03-23T03:42:56.007+0000] {dag.py:3834} INFO - Setting next_dagrun for example_branch_labels to 2026-03-22 00:00:00+00:00, run_after=2026-03-23 00:00:00+00:00
[2026-03-23T03:42:56.033+0000] {processor.py:183} INFO - Processing /home/airflow/.local/lib/python3.8/site-packages/airflow/example_dags/example_branch_labels.py took 0.085 seconds
[2026-03-23T03:43:26.346+0000] {processor.py:161} INFO - Started process (PID=741) to work on /home/airflow/.local/lib/python3.8/site-packages/airflow/example_dags/example_branch_labels.py
[2026-03-23T03:43:26.347+0000] {processor.py:830} INFO - Processing file /home/airflow/.local/lib/python3.8/site-packages/airflow/example_dags/example_branch_labels.py for tasks to queue
[2026-03-23T03:43:26.350+0000] {logging_mixin.py:188} INFO - [2026-03-23T03:43:26.349+0000] {dagbag.py:540} INFO - Filling up the DagBag from /home/airflow/.local/lib/python3.8/site-packages/airflow/example_dags/example_branch_labels.py
[2026-03-23T03:43:26.357+0000] {processor.py:840} INFO - DAG(s) 'example_branch_labels' retrieved from /home/airflow/.local/lib/python3.8/site-packages/airflow/example_dags/example_branch_labels.py
[2026-03-23T03:43:26.381+0000] {logging_mixin.py:188} INFO - [2026-03-23T03:43:26.381+0000] {dag.py:3047} INFO - Sync 1 DAGs
[2026-03-23T03:43:26.404+0000] {logging_mixin.py:188} INFO - [2026-03-23T03:43:26.403+0000] {dag.py:3834} INFO - Setting next_dagrun for example_branch_labels to 2026-03-22 00:00:00+00:00, run_after=2026-03-23 00:00:00+00:00
[2026-03-23T03:43:26.426+0000] {processor.py:183} INFO - Processing /home/airflow/.local/lib/python3.8/site-packages/airflow/example_dags/example_branch_labels.py took 0.083 seconds
[2026-03-23T03:43:56.834+0000] {processor.py:161} INFO - Started process (PID=796) to work on /home/airflow/.local/lib/python3.8/site-packages/airflow/example_dags/example_branch_labels.py
[2026-03-23T03:43:56.836+0000] {processor.py:830} INFO - Processing file /home/airflow/.local/lib/python3.8/site-packages/airflow/example_dags/example_branch_labels.py for tasks to queue
[2026-03-23T03:43:56.838+0000] {logging_mixin.py:188} INFO - [2026-03-23T03:43:56.838+0000] {dagbag.py:540} INFO - Filling up the DagBag from /home/airflow/.local/lib/python3.8/site-packages/airflow/example_dags/example_branch_labels.py
[2026-03-23T03:43:56.845+0000] {processor.py:840} INFO - DAG(s) 'example_branch_labels' retrieved from /home/airflow/.local/lib/python3.8/site-packages/airflow/example_dags/example_branch_labels.py
[2026-03-23T03:43:56.870+0000] {logging_mixin.py:188} INFO - [2026-03-23T03:43:56.869+0000] {dag.py:3047} INFO - Sync 1 DAGs
[2026-03-23T03:43:56.890+0000] {logging_mixin.py:188} INFO - [2026-03-23T03:43:56.890+0000] {dag.py:3834} INFO - Setting next_dagrun for example_branch_labels to 2026-03-22 00:00:00+00:00, run_after=2026-03-23 00:00:00+00:00
[2026-03-23T03:43:56.913+0000] {processor.py:183} INFO - Processing /home/airflow/.local/lib/python3.8/site-packages/airflow/example_dags/example_branch_labels.py took 0.082 seconds
[2026-03-23T03:44:27.441+0000] {processor.py:161} INFO - Started process (PID=851) to work on /home/airflow/.local/lib/python3.8/site-packages/airflow/example_dags/example_branch_labels.py
[2026-03-23T03:44:27.442+0000] {processor.py:830} INFO - Processing file /home/airflow/.local/lib/python3.8/site-packages/airflow/example_dags/example_branch_labels.py for tasks to queue
[2026-03-23T03:44:27.445+0000] {logging_mixin.py:188} INFO - [2026-03-23T03:44:27.444+0000] {dagbag.py:540} INFO - Filling up the DagBag from /home/airflow/.local/lib/python3.8/site-packages/airflow/example_dags/example_branch_labels.py
[2026-03-23T03:44:27.452+0000] {processor.py:840} INFO - DAG(s) 'example_branch_labels' retrieved from /home/airflow/.local/lib/python3.8/site-packages/airflow/example_dags/example_branch_labels.py
[2026-03-23T03:44:27.474+0000] {logging_mixin.py:188} INFO - [2026-03-23T03:44:27.474+0000] {dag.py:3047} INFO - Sync 1 DAGs
[2026-03-23T03:44:27.498+0000] {logging_mixin.py:188} INFO - [2026-03-23T03:44:27.498+0000] {dag.py:3834} INFO - Setting next_dagrun for example_branch_labels to 2026-03-22 00:00:00+00:00, run_after=2026-03-23 00:00:00+00:00
[2026-03-23T03:44:27.519+0000] {processor.py:183} INFO - Processing /home/airflow/.local/lib/python3.8/site-packages/airflow/example_dags/example_branch_labels.py took 0.081 seconds
[2026-03-23T03:44:57.796+0000] {processor.py:161} INFO - Started process (PID=906) to work on /home/airflow/.local/lib/python3.8/site-packages/airflow/example_dags/example_branch_labels.py
[2026-03-23T03:44:57.798+0000] {processor.py:830} INFO - Processing file /home/airflow/.local/lib/python3.8/site-packages/airflow/example_dags/example_branch_labels.py for tasks to queue
[2026-03-23T03:44:57.800+0000] {logging_mixin.py:188} INFO - [2026-03-23T03:44:57.799+0000] {dagbag.py:540} INFO - Filling up the DagBag from /home/airflow/.local/lib/python3.8/site-packages/airflow/example_dags/example_branch_labels.py
[2026-03-23T03:44:57.809+0000] {processor.py:840} INFO - DAG(s) 'example_branch_labels' retrieved from /home/airflow/.local/lib/python3.8/site-packages/airflow/example_dags/example_branch_labels.py
[2026-03-23T03:44:57.834+0000] {logging_mixin.py:188} INFO - [2026-03-23T03:44:57.834+0000] {dag.py:3047} INFO - Sync 1 DAGs
[2026-03-23T03:44:57.858+0000] {logging_mixin.py:188} INFO - [2026-03-23T03:44:57.858+0000] {dag.py:3834} INFO - Setting next_dagrun for example_branch_labels to 2026-03-22 00:00:00+00:00, run_after=2026-03-23 00:00:00+00:00
[2026-03-23T03:44:57.882+0000] {processor.py:183} INFO - Processing /home/airflow/.local/lib/python3.8/site-packages/airflow/example_dags/example_branch_labels.py took 0.089 seconds
[2026-03-23T03:45:28.206+0000] {processor.py:161} INFO - Started process (PID=961) to work on /home/airflow/.local/lib/python3.8/site-packages/airflow/example_dags/example_branch_labels.py
[2026-03-23T03:45:28.207+0000] {processor.py:830} INFO - Processing file /home/airflow/.local/lib/python3.8/site-packages/airflow/example_dags/example_branch_labels.py for tasks to queue
[2026-03-23T03:45:28.210+0000] {logging_mixin.py:188} INFO - [2026-03-23T03:45:28.209+0000] {dagbag.py:540} INFO - Filling up the DagBag from /home/airflow/.local/lib/python3.8/site-packages/airflow/example_dags/example_branch_labels.py
[2026-03-23T03:45:28.217+0000] {processor.py:840} INFO - DAG(s) 'example_branch_labels' retrieved from /home/airflow/.local/lib/python3.8/site-packages/airflow/example_dags/example_branch_labels.py
[2026-03-23T03:45:28.240+0000] {logging_mixin.py:188} INFO - [2026-03-23T03:45:28.239+0000] {dag.py:3047} INFO - Sync 1 DAGs
[2026-03-23T03:45:28.261+0000] {logging_mixin.py:188} INFO - [2026-03-23T03:45:28.261+0000] {dag.py:3834} INFO - Setting next_dagrun for example_branch_labels to 2026-03-22 00:00:00+00:00, run_after=2026-03-23 00:00:00+00:00
[2026-03-23T03:45:28.281+0000] {processor.py:183} INFO - Processing /home/airflow/.local/lib/python3.8/site-packages/airflow/example_dags/example_branch_labels.py took 0.078 seconds
[2026-03-23T03:45:58.476+0000] {processor.py:161} INFO - Started process (PID=1016) to work on /home/airflow/.local/lib/python3.8/site-packages/airflow/example_dags/example_branch_labels.py
[2026-03-23T03:45:58.477+0000] {processor.py:830} INFO - Processing file /home/airflow/.local/lib/python3.8/site-packages/airflow/example_dags/example_branch_labels.py for tasks to queue
[2026-03-23T03:45:58.479+0000] {logging_mixin.py:188} INFO - [2026-03-23T03:45:58.479+0000] {dagbag.py:540} INFO - Filling up the DagBag from /home/airflow/.local/lib/python3.8/site-packages/airflow/example_dags/example_branch_labels.py
[2026-03-23T03:45:58.485+0000] {processor.py:840} INFO - DAG(s) 'example_branch_labels' retrieved from /home/airflow/.local/lib/python3.8/site-packages/airflow/example_dags/example_branch_labels.py
[2026-03-23T03:45:58.505+0000] {logging_mixin.py:188} INFO - [2026-03-23T03:45:58.505+0000] {dag.py:3047} INFO - Sync 1 DAGs
[2026-03-23T03:45:58.526+0000] {logging_mixin.py:188} INFO - [2026-03-23T03:45:58.526+0000] {dag.py:3834} INFO - Setting next_dagrun for example_branch_labels to 2026-03-22 00:00:00+00:00, run_after=2026-03-23 00:00:00+00:00
[2026-03-23T03:45:58.547+0000] {processor.py:183} INFO - Processing /home/airflow/.local/lib/python3.8/site-packages/airflow/example_dags/example_branch_labels.py took 0.074 seconds
[2026-03-23T03:46:28.767+0000] {processor.py:161} INFO - Started process (PID=1071) to work on /home/airflow/.local/lib/python3.8/site-packages/airflow/example_dags/example_branch_labels.py
[2026-03-23T03:46:28.768+0000] {processor.py:830} INFO - Processing file /home/airflow/.local/lib/python3.8/site-packages/airflow/example_dags/example_branch_labels.py for tasks to queue
[2026-03-23T03:46:28.769+0000] {logging_mixin.py:188} INFO - [2026-03-23T03:46:28.769+0000] {dagbag.py:540} INFO - Filling up the DagBag from /home/airflow/.local/lib/python3.8/site-packages/airflow/example_dags/example_branch_labels.py
[2026-03-23T03:46:28.777+0000] {processor.py:840} INFO - DAG(s) 'example_branch_labels' retrieved from /home/airflow/.local/lib/python3.8/site-packages/airflow/example_dags/example_branch_labels.py
[2026-03-23T03:46:28.798+0000] {logging_mixin.py:188} INFO - [2026-03-23T03:46:28.798+0000] {dag.py:3047} INFO - Sync 1 DAGs
[2026-03-23T03:46:28.820+0000] {logging_mixin.py:188} INFO - [2026-03-23T03:46:28.819+0000] {dag.py:3834} INFO - Setting next_dagrun for example_branch_labels to 2026-03-22 00:00:00+00:00, run_after=2026-03-23 00:00:00+00:00
[2026-03-23T03:46:28.842+0000] {processor.py:183} INFO - Processing /home/airflow/.local/lib/python3.8/site-packages/airflow/example_dags/example_branch_labels.py took 0.078 seconds
[2026-03-23T03:46:59.219+0000] {processor.py:161} INFO - Started process (PID=1126) to work on /home/airflow/.local/lib/python3.8/site-packages/airflow/example_dags/example_branch_labels.py
[2026-03-23T03:46:59.220+0000] {processor.py:830} INFO - Processing file /home/airflow/.local/lib/python3.8/site-packages/airflow/example_dags/example_branch_labels.py for tasks to queue
[2026-03-23T03:46:59.222+0000] {logging_mixin.py:188} INFO - [2026-03-23T03:46:59.221+0000] {dagbag.py:540} INFO - Filling up the DagBag from /home/airflow/.local/lib/python3.8/site-packages/airflow/example_dags/example_branch_labels.py
[2026-03-23T03:46:59.229+0000] {processor.py:840} INFO - DAG(s) 'example_branch_labels' retrieved from /home/airflow/.local/lib/python3.8/site-packages/airflow/example_dags/example_branch_labels.py
[2026-03-23T03:46:59.250+0000] {logging_mixin.py:188} INFO - [2026-03-23T03:46:59.250+0000] {dag.py:3047} INFO - Sync 1 DAGs
[2026-03-23T03:46:59.273+0000] {logging_mixin.py:188} INFO - [2026-03-23T03:46:59.273+0000] {dag.py:3834} INFO - Setting next_dagrun for example_branch_labels to 2026-03-22 00:00:00+00:00, run_after=2026-03-23 00:00:00+00:00
[2026-03-23T03:46:59.296+0000] {processor.py:183} INFO - Processing /home/airflow/.local/lib/python3.8/site-packages/airflow/example_dags/example_branch_labels.py took 0.080 seconds
[2026-03-23T03:47:29.471+0000] {processor.py:161} INFO - Started process (PID=1181) to work on /home/airflow/.local/lib/python3.8/site-packages/airflow/example_dags/example_branch_labels.py
[2026-03-23T03:47:29.473+0000] {processor.py:830} INFO - Processing file /home/airflow/.local/lib/python3.8/site-packages/airflow/example_dags/example_branch_labels.py for tasks to queue
[2026-03-23T03:47:29.474+0000] {logging_mixin.py:188} INFO - [2026-03-23T03:47:29.474+0000] {dagbag.py:540} INFO - Filling up the DagBag from /home/airflow/.local/lib/python3.8/site-packages/airflow/example_dags/example_branch_labels.py
[2026-03-23T03:47:29.481+0000] {processor.py:840} INFO - DAG(s) 'example_branch_labels' retrieved from /home/airflow/.local/lib/python3.8/site-packages/airflow/example_dags/example_branch_labels.py
[2026-03-23T03:47:29.500+0000] {logging_mixin.py:188} INFO - [2026-03-23T03:47:29.500+0000] {dag.py:3047} INFO - Sync 1 DAGs
[2026-03-23T03:47:29.521+0000] {logging_mixin.py:188} INFO - [2026-03-23T03:47:29.521+0000] {dag.py:3834} INFO - Setting next_dagrun for example_branch_labels to 2026-03-22 00:00:00+00:00, run_after=2026-03-23 00:00:00+00:00
[2026-03-23T03:47:29.542+0000] {processor.py:183} INFO - Processing /home/airflow/.local/lib/python3.8/site-packages/airflow/example_dags/example_branch_labels.py took 0.073 seconds
[2026-03-23T03:47:59.733+0000] {processor.py:161} INFO - Started process (PID=1236) to work on /home/airflow/.local/lib/python3.8/site-packages/airflow/example_dags/example_branch_labels.py
[2026-03-23T03:47:59.734+0000] {processor.py:830} INFO - Processing file /home/airflow/.local/lib/python3.8/site-packages/airflow/example_dags/example_branch_labels.py for tasks to queue
[2026-03-23T03:47:59.736+0000] {logging_mixin.py:188} INFO - [2026-03-23T03:47:59.736+0000] {dagbag.py:540} INFO - Filling up the DagBag from /home/airflow/.local/lib/python3.8/site-packages/airflow/example_dags/example_branch_labels.py
[2026-03-23T03:47:59.743+0000] {processor.py:840} INFO - DAG(s) 'example_branch_labels' retrieved from /home/airflow/.local/lib/python3.8/site-packages/airflow/example_dags/example_branch_labels.py
[2026-03-23T03:47:59.765+0000] {logging_mixin.py:188} INFO - [2026-03-23T03:47:59.765+0000] {dag.py:3047} INFO - Sync 1 DAGs
[2026-03-23T03:47:59.786+0000] {logging_mixin.py:188} INFO - [2026-03-23T03:47:59.786+0000] {dag.py:3834} INFO - Setting next_dagrun for example_branch_labels to 2026-03-22 00:00:00+00:00, run_after=2026-03-23 00:00:00+00:00
[2026-03-23T03:47:59.811+0000] {processor.py:183} INFO - Processing /home/airflow/.local/lib/python3.8/site-packages/airflow/example_dags/example_branch_labels.py took 0.081 seconds
[2026-03-23T03:48:30.143+0000] {processor.py:161} INFO - Started process (PID=1291) to work on /home/airflow/.local/lib/python3.8/site-packages/airflow/example_dags/example_branch_labels.py
[2026-03-23T03:48:30.144+0000] {processor.py:830} INFO - Processing file /home/airflow/.local/lib/python3.8/site-packages/airflow/example_dags/example_branch_labels.py for tasks to queue
[2026-03-23T03:48:30.147+0000] {logging_mixin.py:188} INFO - [2026-03-23T03:48:30.146+0000] {dagbag.py:540} INFO - Filling up the DagBag from /home/airflow/.local/lib/python3.8/site-packages/airflow/example_dags/example_branch_labels.py
[2026-03-23T03:48:30.156+0000] {processor.py:840} INFO - DAG(s) 'example_branch_labels' retrieved from /home/airflow/.local/lib/python3.8/site-packages/airflow/example_dags/example_branch_labels.py
[2026-03-23T03:48:30.181+0000] {logging_mixin.py:188} INFO - [2026-03-23T03:48:30.181+0000] {dag.py:3047} INFO - Sync 1 DAGs
[2026-03-23T03:48:30.208+0000] {logging_mixin.py:188} INFO - [2026-03-23T03:48:30.208+0000] {dag.py:3834} INFO - Setting next_dagrun for example_branch_labels to 2026-03-22 00:00:00+00:00, run_after=2026-03-23 00:00:00+00:00
[2026-03-23T03:48:30.237+0000] {processor.py:183} INFO - Processing /home/airflow/.local/lib/python3.8/site-packages/airflow/example_dags/example_branch_labels.py took 0.098 seconds
[2026-03-23T03:49:00.522+0000] {processor.py:161} INFO - Started process (PID=1346) to work on /home/airflow/.local/lib/python3.8/site-packages/airflow/example_dags/example_branch_labels.py
[2026-03-23T03:49:00.524+0000] {processor.py:830} INFO - Processing file /home/airflow/.local/lib/python3.8/site-packages/airflow/example_dags/example_branch_labels.py for tasks to queue
[2026-03-23T03:49:00.527+0000] {logging_mixin.py:188} INFO - [2026-03-23T03:49:00.527+0000] {dagbag.py:540} INFO - Filling up the DagBag from /home/airflow/.local/lib/python3.8/site-packages/airflow/example_dags/example_branch_labels.py
[2026-03-23T03:49:00.538+0000] {processor.py:840} INFO - DAG(s) 'example_branch_labels' retrieved from /home/airflow/.local/lib/python3.8/site-packages/airflow/example_dags/example_branch_labels.py
[2026-03-23T03:49:00.567+0000] {logging_mixin.py:188} INFO - [2026-03-23T03:49:00.566+0000] {dag.py:3047} INFO - Sync 1 DAGs
[2026-03-23T03:49:00.604+0000] {logging_mixin.py:188} INFO - [2026-03-23T03:49:00.604+0000] {dag.py:3834} INFO - Setting next_dagrun for example_branch_labels to 2026-03-22 00:00:00+00:00, run_after=2026-03-23 00:00:00+00:00
[2026-03-23T03:49:00.640+0000] {processor.py:183} INFO - Processing /home/airflow/.local/lib/python3.8/site-packages/airflow/example_dags/example_branch_labels.py took 0.121 seconds
[2026-03-23T03:49:30.828+0000] {processor.py:161} INFO - Started process (PID=1401) to work on /home/airflow/.local/lib/python3.8/site-packages/airflow/example_dags/example_branch_labels.py
[2026-03-23T03:49:30.830+0000] {processor.py:830} INFO - Processing file /home/airflow/.local/lib/python3.8/site-packages/airflow/example_dags/example_branch_labels.py for tasks to queue
[2026-03-23T03:49:30.833+0000] {logging_mixin.py:188} INFO - [2026-03-23T03:49:30.832+0000] {dagbag.py:540} INFO - Filling up the DagBag from /home/airflow/.local/lib/python3.8/site-packages/airflow/example_dags/example_branch_labels.py
[2026-03-23T03:49:30.841+0000] {processor.py:840} INFO - DAG(s) 'example_branch_labels' retrieved from /home/airflow/.local/lib/python3.8/site-packages/airflow/example_dags/example_branch_labels.py
[2026-03-23T03:49:30.868+0000] {logging_mixin.py:188} INFO - [2026-03-23T03:49:30.868+0000] {dag.py:3047} INFO - Sync 1 DAGs
[2026-03-23T03:49:30.892+0000] {logging_mixin.py:188} INFO - [2026-03-23T03:49:30.892+0000] {dag.py:3834} INFO - Setting next_dagrun for example_branch_labels to 2026-03-22 00:00:00+00:00, run_after=2026-03-23 00:00:00+00:00
[2026-03-23T03:49:30.914+0000] {processor.py:183} INFO - Processing /home/airflow/.local/lib/python3.8/site-packages/airflow/example_dags/example_branch_labels.py took 0.089 seconds
[2026-03-23T03:50:47.339+0000] {processor.py:161} INFO - Started process (PID=75) to work on /home/airflow/.local/lib/python3.8/site-packages/airflow/example_dags/example_branch_labels.py
[2026-03-23T03:50:47.341+0000] {processor.py:830} INFO - Processing file /home/airflow/.local/lib/python3.8/site-packages/airflow/example_dags/example_branch_labels.py for tasks to queue
[2026-03-23T03:50:47.345+0000] {logging_mixin.py:188} INFO - [2026-03-23T03:50:47.344+0000] {dagbag.py:540} INFO - Filling up the DagBag from /home/airflow/.local/lib/python3.8/site-packages/airflow/example_dags/example_branch_labels.py
[2026-03-23T03:50:47.360+0000] {processor.py:840} INFO - DAG(s) 'example_branch_labels' retrieved from /home/airflow/.local/lib/python3.8/site-packages/airflow/example_dags/example_branch_labels.py
[2026-03-23T03:50:47.381+0000] {logging_mixin.py:188} INFO - [2026-03-23T03:50:47.380+0000] {dag.py:3047} INFO - Sync 1 DAGs
[2026-03-23T03:50:47.432+0000] {logging_mixin.py:188} INFO - [2026-03-23T03:50:47.432+0000] {dag.py:3834} INFO - Setting next_dagrun for example_branch_labels to 2026-03-22 00:00:00+00:00, run_after=2026-03-23 00:00:00+00:00
[2026-03-23T03:50:47.468+0000] {processor.py:183} INFO - Processing /home/airflow/.local/lib/python3.8/site-packages/airflow/example_dags/example_branch_labels.py took 0.135 seconds
[2026-03-23T03:51:18.830+0000] {processor.py:161} INFO - Started process (PID=136) to work on /home/airflow/.local/lib/python3.8/site-packages/airflow/example_dags/example_branch_labels.py
[2026-03-23T03:51:18.831+0000] {processor.py:830} INFO - Processing file /home/airflow/.local/lib/python3.8/site-packages/airflow/example_dags/example_branch_labels.py for tasks to queue
[2026-03-23T03:51:18.834+0000] {logging_mixin.py:188} INFO - [2026-03-23T03:51:18.833+0000] {dagbag.py:540} INFO - Filling up the DagBag from /home/airflow/.local/lib/python3.8/site-packages/airflow/example_dags/example_branch_labels.py
[2026-03-23T03:51:18.842+0000] {processor.py:840} INFO - DAG(s) 'example_branch_labels' retrieved from /home/airflow/.local/lib/python3.8/site-packages/airflow/example_dags/example_branch_labels.py
[2026-03-23T03:51:18.985+0000] {logging_mixin.py:188} INFO - [2026-03-23T03:51:18.985+0000] {dag.py:3047} INFO - Sync 1 DAGs
[2026-03-23T03:51:19.016+0000] {logging_mixin.py:188} INFO - [2026-03-23T03:51:19.016+0000] {dag.py:3834} INFO - Setting next_dagrun for example_branch_labels to 2026-03-22 00:00:00+00:00, run_after=2026-03-23 00:00:00+00:00
[2026-03-23T03:51:19.048+0000] {processor.py:183} INFO - Processing /home/airflow/.local/lib/python3.8/site-packages/airflow/example_dags/example_branch_labels.py took 0.221 seconds
[2026-03-23T03:51:49.092+0000] {processor.py:161} INFO - Started process (PID=191) to work on /home/airflow/.local/lib/python3.8/site-packages/airflow/example_dags/example_branch_labels.py
[2026-03-23T03:51:49.093+0000] {processor.py:830} INFO - Processing file /home/airflow/.local/lib/python3.8/site-packages/airflow/example_dags/example_branch_labels.py for tasks to queue
[2026-03-23T03:51:49.096+0000] {logging_mixin.py:188} INFO - [2026-03-23T03:51:49.095+0000] {dagbag.py:540} INFO - Filling up the DagBag from /home/airflow/.local/lib/python3.8/site-packages/airflow/example_dags/example_branch_labels.py
[2026-03-23T03:51:49.106+0000] {processor.py:840} INFO - DAG(s) 'example_branch_labels' retrieved from /home/airflow/.local/lib/python3.8/site-packages/airflow/example_dags/example_branch_labels.py
[2026-03-23T03:51:49.132+0000] {logging_mixin.py:188} INFO - [2026-03-23T03:51:49.132+0000] {dag.py:3047} INFO - Sync 1 DAGs
[2026-03-23T03:51:49.163+0000] {logging_mixin.py:188} INFO - [2026-03-23T03:51:49.162+0000] {dag.py:3834} INFO - Setting next_dagrun for example_branch_labels to 2026-03-22 00:00:00+00:00, run_after=2026-03-23 00:00:00+00:00
[2026-03-23T03:51:49.189+0000] {processor.py:183} INFO - Processing /home/airflow/.local/lib/python3.8/site-packages/airflow/example_dags/example_branch_labels.py took 0.101 seconds
[2026-03-23T03:52:19.603+0000] {processor.py:161} INFO - Started process (PID=246) to work on /home/airflow/.local/lib/python3.8/site-packages/airflow/example_dags/example_branch_labels.py
[2026-03-23T03:52:19.604+0000] {processor.py:830} INFO - Processing file /home/airflow/.local/lib/python3.8/site-packages/airflow/example_dags/example_branch_labels.py for tasks to queue
[2026-03-23T03:52:19.606+0000] {logging_mixin.py:188} INFO - [2026-03-23T03:52:19.605+0000] {dagbag.py:540} INFO - Filling up the DagBag from /home/airflow/.local/lib/python3.8/site-packages/airflow/example_dags/example_branch_labels.py
[2026-03-23T03:52:19.613+0000] {processor.py:840} INFO - DAG(s) 'example_branch_labels' retrieved from /home/airflow/.local/lib/python3.8/site-packages/airflow/example_dags/example_branch_labels.py
[2026-03-23T03:52:19.638+0000] {logging_mixin.py:188} INFO - [2026-03-23T03:52:19.638+0000] {dag.py:3047} INFO - Sync 1 DAGs
[2026-03-23T03:52:19.661+0000] {logging_mixin.py:188} INFO - [2026-03-23T03:52:19.661+0000] {dag.py:3834} INFO - Setting next_dagrun for example_branch_labels to 2026-03-22 00:00:00+00:00, run_after=2026-03-23 00:00:00+00:00
[2026-03-23T03:52:19.684+0000] {processor.py:183} INFO - Processing /home/airflow/.local/lib/python3.8/site-packages/airflow/example_dags/example_branch_labels.py took 0.085 seconds
[2026-03-23T03:52:50.579+0000] {processor.py:161} INFO - Started process (PID=301) to work on /home/airflow/.local/lib/python3.8/site-packages/airflow/example_dags/example_branch_labels.py
[2026-03-23T03:52:50.581+0000] {processor.py:830} INFO - Processing file /home/airflow/.local/lib/python3.8/site-packages/airflow/example_dags/example_branch_labels.py for tasks to queue
[2026-03-23T03:52:50.583+0000] {logging_mixin.py:188} INFO - [2026-03-23T03:52:50.583+0000] {dagbag.py:540} INFO - Filling up the DagBag from /home/airflow/.local/lib/python3.8/site-packages/airflow/example_dags/example_branch_labels.py
[2026-03-23T03:52:50.592+0000] {processor.py:840} INFO - DAG(s) 'example_branch_labels' retrieved from /home/airflow/.local/lib/python3.8/site-packages/airflow/example_dags/example_branch_labels.py
[2026-03-23T03:52:50.617+0000] {logging_mixin.py:188} INFO - [2026-03-23T03:52:50.617+0000] {dag.py:3047} INFO - Sync 1 DAGs
[2026-03-23T03:52:50.637+0000] {logging_mixin.py:188} INFO - [2026-03-23T03:52:50.637+0000] {dag.py:3834} INFO - Setting next_dagrun for example_branch_labels to 2026-03-22 00:00:00+00:00, run_after=2026-03-23 00:00:00+00:00
[2026-03-23T03:52:50.660+0000] {processor.py:183} INFO - Processing /home/airflow/.local/lib/python3.8/site-packages/airflow/example_dags/example_branch_labels.py took 0.084 seconds
[2026-03-23T03:53:21.129+0000] {processor.py:161} INFO - Started process (PID=356) to work on /home/airflow/.local/lib/python3.8/site-packages/airflow/example_dags/example_branch_labels.py
[2026-03-23T03:53:21.131+0000] {processor.py:830} INFO - Processing file /home/airflow/.local/lib/python3.8/site-packages/airflow/example_dags/example_branch_labels.py for tasks to queue
[2026-03-23T03:53:21.136+0000] {logging_mixin.py:188} INFO - [2026-03-23T03:53:21.135+0000] {dagbag.py:540} INFO - Filling up the DagBag from /home/airflow/.local/lib/python3.8/site-packages/airflow/example_dags/example_branch_labels.py
[2026-03-23T03:53:21.151+0000] {processor.py:840} INFO - DAG(s) 'example_branch_labels' retrieved from /home/airflow/.local/lib/python3.8/site-packages/airflow/example_dags/example_branch_labels.py
[2026-03-23T03:53:21.196+0000] {logging_mixin.py:188} INFO - [2026-03-23T03:53:21.196+0000] {dag.py:3047} INFO - Sync 1 DAGs
[2026-03-23T03:53:21.239+0000] {logging_mixin.py:188} INFO - [2026-03-23T03:53:21.239+0000] {dag.py:3834} INFO - Setting next_dagrun for example_branch_labels to 2026-03-22 00:00:00+00:00, run_after=2026-03-23 00:00:00+00:00
[2026-03-23T03:53:21.273+0000] {processor.py:183} INFO - Processing /home/airflow/.local/lib/python3.8/site-packages/airflow/example_dags/example_branch_labels.py took 0.148 seconds
[2026-03-23T03:53:51.494+0000] {processor.py:161} INFO - Started process (PID=411) to work on /home/airflow/.local/lib/python3.8/site-packages/airflow/example_dags/example_branch_labels.py
[2026-03-23T03:53:51.495+0000] {processor.py:830} INFO - Processing file /home/airflow/.local/lib/python3.8/site-packages/airflow/example_dags/example_branch_labels.py for tasks to queue
[2026-03-23T03:53:51.498+0000] {logging_mixin.py:188} INFO - [2026-03-23T03:53:51.498+0000] {dagbag.py:540} INFO - Filling up the DagBag from /home/airflow/.local/lib/python3.8/site-packages/airflow/example_dags/example_branch_labels.py
[2026-03-23T03:53:51.509+0000] {processor.py:840} INFO - DAG(s) 'example_branch_labels' retrieved from /home/airflow/.local/lib/python3.8/site-packages/airflow/example_dags/example_branch_labels.py
[2026-03-23T03:53:51.537+0000] {logging_mixin.py:188} INFO - [2026-03-23T03:53:51.537+0000] {dag.py:3047} INFO - Sync 1 DAGs
[2026-03-23T03:53:51.572+0000] {logging_mixin.py:188} INFO - [2026-03-23T03:53:51.572+0000] {dag.py:3834} INFO - Setting next_dagrun for example_branch_labels to 2026-03-22 00:00:00+00:00, run_after=2026-03-23 00:00:00+00:00
[2026-03-23T03:53:51.603+0000] {processor.py:183} INFO - Processing /home/airflow/.local/lib/python3.8/site-packages/airflow/example_dags/example_branch_labels.py took 0.114 seconds
[2026-03-23T03:54:21.925+0000] {processor.py:161} INFO - Started process (PID=466) to work on /home/airflow/.local/lib/python3.8/site-packages/airflow/example_dags/example_branch_labels.py
[2026-03-23T03:54:21.926+0000] {processor.py:830} INFO - Processing file /home/airflow/.local/lib/python3.8/site-packages/airflow/example_dags/example_branch_labels.py for tasks to queue
[2026-03-23T03:54:21.928+0000] {logging_mixin.py:188} INFO - [2026-03-23T03:54:21.928+0000] {dagbag.py:540} INFO - Filling up the DagBag from /home/airflow/.local/lib/python3.8/site-packages/airflow/example_dags/example_branch_labels.py
[2026-03-23T03:54:21.936+0000] {processor.py:840} INFO - DAG(s) 'example_branch_labels' retrieved from /home/airflow/.local/lib/python3.8/site-packages/airflow/example_dags/example_branch_labels.py
[2026-03-23T03:54:21.957+0000] {logging_mixin.py:188} INFO - [2026-03-23T03:54:21.957+0000] {dag.py:3047} INFO - Sync 1 DAGs
[2026-03-23T03:54:21.980+0000] {logging_mixin.py:188} INFO - [2026-03-23T03:54:21.980+0000] {dag.py:3834} INFO - Setting next_dagrun for example_branch_labels to 2026-03-22 00:00:00+00:00, run_after=2026-03-23 00:00:00+00:00
[2026-03-23T03:54:22.004+0000] {processor.py:183} INFO - Processing /home/airflow/.local/lib/python3.8/site-packages/airflow/example_dags/example_branch_labels.py took 0.081 seconds
[2026-03-23T03:54:52.446+0000] {processor.py:161} INFO - Started process (PID=521) to work on /home/airflow/.local/lib/python3.8/site-packages/airflow/example_dags/example_branch_labels.py
[2026-03-23T03:54:52.448+0000] {processor.py:830} INFO - Processing file /home/airflow/.local/lib/python3.8/site-packages/airflow/example_dags/example_branch_labels.py for tasks to queue
[2026-03-23T03:54:52.450+0000] {logging_mixin.py:188} INFO - [2026-03-23T03:54:52.450+0000] {dagbag.py:540} INFO - Filling up the DagBag from /home/airflow/.local/lib/python3.8/site-packages/airflow/example_dags/example_branch_labels.py
[2026-03-23T03:54:52.459+0000] {processor.py:840} INFO - DAG(s) 'example_branch_labels' retrieved from /home/airflow/.local/lib/python3.8/site-packages/airflow/example_dags/example_branch_labels.py
[2026-03-23T03:54:52.483+0000] {logging_mixin.py:188} INFO - [2026-03-23T03:54:52.483+0000] {dag.py:3047} INFO - Sync 1 DAGs
[2026-03-23T03:54:52.510+0000] {logging_mixin.py:188} INFO - [2026-03-23T03:54:52.510+0000] {dag.py:3834} INFO - Setting next_dagrun for example_branch_labels to 2026-03-22 00:00:00+00:00, run_after=2026-03-23 00:00:00+00:00
[2026-03-23T03:54:52.538+0000] {processor.py:183} INFO - Processing /home/airflow/.local/lib/python3.8/site-packages/airflow/example_dags/example_branch_labels.py took 0.095 seconds
[2026-03-23T03:55:22.657+0000] {processor.py:161} INFO - Started process (PID=576) to work on /home/airflow/.local/lib/python3.8/site-packages/airflow/example_dags/example_branch_labels.py
[2026-03-23T03:55:22.658+0000] {processor.py:830} INFO - Processing file /home/airflow/.local/lib/python3.8/site-packages/airflow/example_dags/example_branch_labels.py for tasks to queue
[2026-03-23T03:55:22.660+0000] {logging_mixin.py:188} INFO - [2026-03-23T03:55:22.660+0000] {dagbag.py:540} INFO - Filling up the DagBag from /home/airflow/.local/lib/python3.8/site-packages/airflow/example_dags/example_branch_labels.py
[2026-03-23T03:55:22.668+0000] {processor.py:840} INFO - DAG(s) 'example_branch_labels' retrieved from /home/airflow/.local/lib/python3.8/site-packages/airflow/example_dags/example_branch_labels.py
[2026-03-23T03:55:22.693+0000] {logging_mixin.py:188} INFO - [2026-03-23T03:55:22.692+0000] {dag.py:3047} INFO - Sync 1 DAGs
[2026-03-23T03:55:22.718+0000] {logging_mixin.py:188} INFO - [2026-03-23T03:55:22.718+0000] {dag.py:3834} INFO - Setting next_dagrun for example_branch_labels to 2026-03-22 00:00:00+00:00, run_after=2026-03-23 00:00:00+00:00
[2026-03-23T03:55:22.742+0000] {processor.py:183} INFO - Processing /home/airflow/.local/lib/python3.8/site-packages/airflow/example_dags/example_branch_labels.py took 0.088 seconds
[2026-03-23T03:55:53.007+0000] {processor.py:161} INFO - Started process (PID=631) to work on /home/airflow/.local/lib/python3.8/site-packages/airflow/example_dags/example_branch_labels.py
[2026-03-23T03:55:53.008+0000] {processor.py:830} INFO - Processing file /home/airflow/.local/lib/python3.8/site-packages/airflow/example_dags/example_branch_labels.py for tasks to queue
[2026-03-23T03:55:53.010+0000] {logging_mixin.py:188} INFO - [2026-03-23T03:55:53.010+0000] {dagbag.py:540} INFO - Filling up the DagBag from /home/airflow/.local/lib/python3.8/site-packages/airflow/example_dags/example_branch_labels.py
[2026-03-23T03:55:53.016+0000] {processor.py:840} INFO - DAG(s) 'example_branch_labels' retrieved from /home/airflow/.local/lib/python3.8/site-packages/airflow/example_dags/example_branch_labels.py
[2026-03-23T03:55:53.037+0000] {logging_mixin.py:188} INFO - [2026-03-23T03:55:53.036+0000] {dag.py:3047} INFO - Sync 1 DAGs
[2026-03-23T03:55:53.056+0000] {logging_mixin.py:188} INFO - [2026-03-23T03:55:53.056+0000] {dag.py:3834} INFO - Setting next_dagrun for example_branch_labels to 2026-03-22 00:00:00+00:00, run_after=2026-03-23 00:00:00+00:00
[2026-03-23T03:55:53.074+0000] {processor.py:183} INFO - Processing /home/airflow/.local/lib/python3.8/site-packages/airflow/example_dags/example_branch_labels.py took 0.069 seconds
[2026-03-23T03:56:23.254+0000] {processor.py:161} INFO - Started process (PID=686) to work on /home/airflow/.local/lib/python3.8/site-packages/airflow/example_dags/example_branch_labels.py
[2026-03-23T03:56:23.255+0000] {processor.py:830} INFO - Processing file /home/airflow/.local/lib/python3.8/site-packages/airflow/example_dags/example_branch_labels.py for tasks to queue
[2026-03-23T03:56:23.259+0000] {logging_mixin.py:188} INFO - [2026-03-23T03:56:23.258+0000] {dagbag.py:540} INFO - Filling up the DagBag from /home/airflow/.local/lib/python3.8/site-packages/airflow/example_dags/example_branch_labels.py
[2026-03-23T03:56:23.267+0000] {processor.py:840} INFO - DAG(s) 'example_branch_labels' retrieved from /home/airflow/.local/lib/python3.8/site-packages/airflow/example_dags/example_branch_labels.py
[2026-03-23T03:56:23.292+0000] {logging_mixin.py:188} INFO - [2026-03-23T03:56:23.292+0000] {dag.py:3047} INFO - Sync 1 DAGs
[2026-03-23T03:56:23.318+0000] {logging_mixin.py:188} INFO - [2026-03-23T03:56:23.318+0000] {dag.py:3834} INFO - Setting next_dagrun for example_branch_labels to 2026-03-22 00:00:00+00:00, run_after=2026-03-23 00:00:00+00:00
[2026-03-23T03:56:23.344+0000] {processor.py:183} INFO - Processing /home/airflow/.local/lib/python3.8/site-packages/airflow/example_dags/example_branch_labels.py took 0.094 seconds
