[2026-03-23T03:21:16.049+0000] {processor.py:161} INFO - Started process (PID=93) to work on /home/airflow/.local/lib/python3.8/site-packages/airflow/example_dags/example_local_kubernetes_executor.py
[2026-03-23T03:21:16.050+0000] {processor.py:830} INFO - Processing file /home/airflow/.local/lib/python3.8/site-packages/airflow/example_dags/example_local_kubernetes_executor.py for tasks to queue
[2026-03-23T03:21:16.053+0000] {logging_mixin.py:188} INFO - [2026-03-23T03:21:16.053+0000] {dagbag.py:540} INFO - Filling up the DagBag from /home/airflow/.local/lib/python3.8/site-packages/airflow/example_dags/example_local_kubernetes_executor.py
[2026-03-23T03:21:16.063+0000] {processor.py:840} INFO - DAG(s) 'example_local_kubernetes_executor' retrieved from /home/airflow/.local/lib/python3.8/site-packages/airflow/example_dags/example_local_kubernetes_executor.py
[2026-03-23T03:21:16.078+0000] {logging_mixin.py:188} INFO - [2026-03-23T03:21:16.078+0000] {dag.py:3047} INFO - Sync 1 DAGs
[2026-03-23T03:21:16.100+0000] {logging_mixin.py:188} INFO - [2026-03-23T03:21:16.100+0000] {dag.py:3834} INFO - Setting next_dagrun for example_local_kubernetes_executor to None, run_after=None
[2026-03-23T03:21:16.127+0000] {processor.py:183} INFO - Processing /home/airflow/.local/lib/python3.8/site-packages/airflow/example_dags/example_local_kubernetes_executor.py took 0.082 seconds
[2026-03-23T03:21:46.874+0000] {processor.py:161} INFO - Started process (PID=148) to work on /home/airflow/.local/lib/python3.8/site-packages/airflow/example_dags/example_local_kubernetes_executor.py
[2026-03-23T03:21:46.875+0000] {processor.py:830} INFO - Processing file /home/airflow/.local/lib/python3.8/site-packages/airflow/example_dags/example_local_kubernetes_executor.py for tasks to queue
[2026-03-23T03:21:46.877+0000] {logging_mixin.py:188} INFO - [2026-03-23T03:21:46.877+0000] {dagbag.py:540} INFO - Filling up the DagBag from /home/airflow/.local/lib/python3.8/site-packages/airflow/example_dags/example_local_kubernetes_executor.py
[2026-03-23T03:21:46.884+0000] {processor.py:840} INFO - DAG(s) 'example_local_kubernetes_executor' retrieved from /home/airflow/.local/lib/python3.8/site-packages/airflow/example_dags/example_local_kubernetes_executor.py
[2026-03-23T03:21:46.894+0000] {logging_mixin.py:188} INFO - [2026-03-23T03:21:46.894+0000] {dag.py:3047} INFO - Sync 1 DAGs
[2026-03-23T03:21:46.907+0000] {logging_mixin.py:188} INFO - [2026-03-23T03:21:46.907+0000] {dag.py:3834} INFO - Setting next_dagrun for example_local_kubernetes_executor to None, run_after=None
[2026-03-23T03:21:46.928+0000] {processor.py:183} INFO - Processing /home/airflow/.local/lib/python3.8/site-packages/airflow/example_dags/example_local_kubernetes_executor.py took 0.057 seconds
[2026-03-23T03:22:18.161+0000] {processor.py:161} INFO - Started process (PID=209) to work on /home/airflow/.local/lib/python3.8/site-packages/airflow/example_dags/example_local_kubernetes_executor.py
[2026-03-23T03:22:18.162+0000] {processor.py:830} INFO - Processing file /home/airflow/.local/lib/python3.8/site-packages/airflow/example_dags/example_local_kubernetes_executor.py for tasks to queue
[2026-03-23T03:22:18.164+0000] {logging_mixin.py:188} INFO - [2026-03-23T03:22:18.164+0000] {dagbag.py:540} INFO - Filling up the DagBag from /home/airflow/.local/lib/python3.8/site-packages/airflow/example_dags/example_local_kubernetes_executor.py
[2026-03-23T03:22:18.171+0000] {processor.py:840} INFO - DAG(s) 'example_local_kubernetes_executor' retrieved from /home/airflow/.local/lib/python3.8/site-packages/airflow/example_dags/example_local_kubernetes_executor.py
[2026-03-23T03:22:18.284+0000] {logging_mixin.py:188} INFO - [2026-03-23T03:22:18.283+0000] {dag.py:3047} INFO - Sync 1 DAGs
[2026-03-23T03:22:18.296+0000] {logging_mixin.py:188} INFO - [2026-03-23T03:22:18.296+0000] {dag.py:3834} INFO - Setting next_dagrun for example_local_kubernetes_executor to None, run_after=None
[2026-03-23T03:22:18.321+0000] {processor.py:183} INFO - Processing /home/airflow/.local/lib/python3.8/site-packages/airflow/example_dags/example_local_kubernetes_executor.py took 0.163 seconds
[2026-03-23T03:22:48.643+0000] {processor.py:161} INFO - Started process (PID=264) to work on /home/airflow/.local/lib/python3.8/site-packages/airflow/example_dags/example_local_kubernetes_executor.py
[2026-03-23T03:22:48.644+0000] {processor.py:830} INFO - Processing file /home/airflow/.local/lib/python3.8/site-packages/airflow/example_dags/example_local_kubernetes_executor.py for tasks to queue
[2026-03-23T03:22:48.645+0000] {logging_mixin.py:188} INFO - [2026-03-23T03:22:48.645+0000] {dagbag.py:540} INFO - Filling up the DagBag from /home/airflow/.local/lib/python3.8/site-packages/airflow/example_dags/example_local_kubernetes_executor.py
[2026-03-23T03:22:48.652+0000] {processor.py:840} INFO - DAG(s) 'example_local_kubernetes_executor' retrieved from /home/airflow/.local/lib/python3.8/site-packages/airflow/example_dags/example_local_kubernetes_executor.py
[2026-03-23T03:22:48.683+0000] {logging_mixin.py:188} INFO - [2026-03-23T03:22:48.682+0000] {dag.py:3047} INFO - Sync 1 DAGs
[2026-03-23T03:22:48.694+0000] {logging_mixin.py:188} INFO - [2026-03-23T03:22:48.693+0000] {dag.py:3834} INFO - Setting next_dagrun for example_local_kubernetes_executor to None, run_after=None
[2026-03-23T03:22:48.715+0000] {processor.py:183} INFO - Processing /home/airflow/.local/lib/python3.8/site-packages/airflow/example_dags/example_local_kubernetes_executor.py took 0.074 seconds
[2026-03-23T03:23:19.655+0000] {processor.py:161} INFO - Started process (PID=319) to work on /home/airflow/.local/lib/python3.8/site-packages/airflow/example_dags/example_local_kubernetes_executor.py
[2026-03-23T03:23:19.656+0000] {processor.py:830} INFO - Processing file /home/airflow/.local/lib/python3.8/site-packages/airflow/example_dags/example_local_kubernetes_executor.py for tasks to queue
[2026-03-23T03:23:19.658+0000] {logging_mixin.py:188} INFO - [2026-03-23T03:23:19.658+0000] {dagbag.py:540} INFO - Filling up the DagBag from /home/airflow/.local/lib/python3.8/site-packages/airflow/example_dags/example_local_kubernetes_executor.py
[2026-03-23T03:23:19.665+0000] {processor.py:840} INFO - DAG(s) 'example_local_kubernetes_executor' retrieved from /home/airflow/.local/lib/python3.8/site-packages/airflow/example_dags/example_local_kubernetes_executor.py
[2026-03-23T03:23:19.696+0000] {logging_mixin.py:188} INFO - [2026-03-23T03:23:19.696+0000] {dag.py:3047} INFO - Sync 1 DAGs
[2026-03-23T03:23:19.707+0000] {logging_mixin.py:188} INFO - [2026-03-23T03:23:19.707+0000] {dag.py:3834} INFO - Setting next_dagrun for example_local_kubernetes_executor to None, run_after=None
[2026-03-23T03:23:19.727+0000] {processor.py:183} INFO - Processing /home/airflow/.local/lib/python3.8/site-packages/airflow/example_dags/example_local_kubernetes_executor.py took 0.074 seconds
[2026-03-23T03:25:10.356+0000] {processor.py:161} INFO - Started process (PID=93) to work on /home/airflow/.local/lib/python3.8/site-packages/airflow/example_dags/example_local_kubernetes_executor.py
[2026-03-23T03:25:10.358+0000] {processor.py:830} INFO - Processing file /home/airflow/.local/lib/python3.8/site-packages/airflow/example_dags/example_local_kubernetes_executor.py for tasks to queue
[2026-03-23T03:25:10.361+0000] {logging_mixin.py:188} INFO - [2026-03-23T03:25:10.360+0000] {dagbag.py:540} INFO - Filling up the DagBag from /home/airflow/.local/lib/python3.8/site-packages/airflow/example_dags/example_local_kubernetes_executor.py
[2026-03-23T03:25:10.374+0000] {processor.py:840} INFO - DAG(s) 'example_local_kubernetes_executor' retrieved from /home/airflow/.local/lib/python3.8/site-packages/airflow/example_dags/example_local_kubernetes_executor.py
[2026-03-23T03:25:10.390+0000] {logging_mixin.py:188} INFO - [2026-03-23T03:25:10.390+0000] {dag.py:3047} INFO - Sync 1 DAGs
[2026-03-23T03:25:10.412+0000] {logging_mixin.py:188} INFO - [2026-03-23T03:25:10.411+0000] {dag.py:3834} INFO - Setting next_dagrun for example_local_kubernetes_executor to None, run_after=None
[2026-03-23T03:25:10.442+0000] {processor.py:183} INFO - Processing /home/airflow/.local/lib/python3.8/site-packages/airflow/example_dags/example_local_kubernetes_executor.py took 0.093 seconds
[2026-03-23T03:25:42.444+0000] {processor.py:161} INFO - Started process (PID=154) to work on /home/airflow/.local/lib/python3.8/site-packages/airflow/example_dags/example_local_kubernetes_executor.py
[2026-03-23T03:25:42.445+0000] {processor.py:830} INFO - Processing file /home/airflow/.local/lib/python3.8/site-packages/airflow/example_dags/example_local_kubernetes_executor.py for tasks to queue
[2026-03-23T03:25:42.447+0000] {logging_mixin.py:188} INFO - [2026-03-23T03:25:42.447+0000] {dagbag.py:540} INFO - Filling up the DagBag from /home/airflow/.local/lib/python3.8/site-packages/airflow/example_dags/example_local_kubernetes_executor.py
[2026-03-23T03:25:42.456+0000] {processor.py:840} INFO - DAG(s) 'example_local_kubernetes_executor' retrieved from /home/airflow/.local/lib/python3.8/site-packages/airflow/example_dags/example_local_kubernetes_executor.py
[2026-03-23T03:25:42.600+0000] {logging_mixin.py:188} INFO - [2026-03-23T03:25:42.600+0000] {dag.py:3047} INFO - Sync 1 DAGs
[2026-03-23T03:25:42.613+0000] {logging_mixin.py:188} INFO - [2026-03-23T03:25:42.612+0000] {dag.py:3834} INFO - Setting next_dagrun for example_local_kubernetes_executor to None, run_after=None
[2026-03-23T03:25:42.640+0000] {processor.py:183} INFO - Processing /home/airflow/.local/lib/python3.8/site-packages/airflow/example_dags/example_local_kubernetes_executor.py took 0.200 seconds
[2026-03-23T03:26:13.115+0000] {processor.py:161} INFO - Started process (PID=209) to work on /home/airflow/.local/lib/python3.8/site-packages/airflow/example_dags/example_local_kubernetes_executor.py
[2026-03-23T03:26:13.116+0000] {processor.py:830} INFO - Processing file /home/airflow/.local/lib/python3.8/site-packages/airflow/example_dags/example_local_kubernetes_executor.py for tasks to queue
[2026-03-23T03:26:13.118+0000] {logging_mixin.py:188} INFO - [2026-03-23T03:26:13.118+0000] {dagbag.py:540} INFO - Filling up the DagBag from /home/airflow/.local/lib/python3.8/site-packages/airflow/example_dags/example_local_kubernetes_executor.py
[2026-03-23T03:26:13.125+0000] {processor.py:840} INFO - DAG(s) 'example_local_kubernetes_executor' retrieved from /home/airflow/.local/lib/python3.8/site-packages/airflow/example_dags/example_local_kubernetes_executor.py
[2026-03-23T03:26:13.157+0000] {logging_mixin.py:188} INFO - [2026-03-23T03:26:13.157+0000] {dag.py:3047} INFO - Sync 1 DAGs
[2026-03-23T03:26:13.169+0000] {logging_mixin.py:188} INFO - [2026-03-23T03:26:13.169+0000] {dag.py:3834} INFO - Setting next_dagrun for example_local_kubernetes_executor to None, run_after=None
[2026-03-23T03:26:13.188+0000] {processor.py:183} INFO - Processing /home/airflow/.local/lib/python3.8/site-packages/airflow/example_dags/example_local_kubernetes_executor.py took 0.076 seconds
[2026-03-23T03:26:44.127+0000] {processor.py:161} INFO - Started process (PID=264) to work on /home/airflow/.local/lib/python3.8/site-packages/airflow/example_dags/example_local_kubernetes_executor.py
[2026-03-23T03:26:44.128+0000] {processor.py:830} INFO - Processing file /home/airflow/.local/lib/python3.8/site-packages/airflow/example_dags/example_local_kubernetes_executor.py for tasks to queue
[2026-03-23T03:26:44.130+0000] {logging_mixin.py:188} INFO - [2026-03-23T03:26:44.129+0000] {dagbag.py:540} INFO - Filling up the DagBag from /home/airflow/.local/lib/python3.8/site-packages/airflow/example_dags/example_local_kubernetes_executor.py
[2026-03-23T03:26:44.137+0000] {processor.py:840} INFO - DAG(s) 'example_local_kubernetes_executor' retrieved from /home/airflow/.local/lib/python3.8/site-packages/airflow/example_dags/example_local_kubernetes_executor.py
[2026-03-23T03:26:44.174+0000] {logging_mixin.py:188} INFO - [2026-03-23T03:26:44.173+0000] {dag.py:3047} INFO - Sync 1 DAGs
[2026-03-23T03:26:44.187+0000] {logging_mixin.py:188} INFO - [2026-03-23T03:26:44.187+0000] {dag.py:3834} INFO - Setting next_dagrun for example_local_kubernetes_executor to None, run_after=None
[2026-03-23T03:26:44.210+0000] {processor.py:183} INFO - Processing /home/airflow/.local/lib/python3.8/site-packages/airflow/example_dags/example_local_kubernetes_executor.py took 0.087 seconds
[2026-03-23T03:27:14.448+0000] {processor.py:161} INFO - Started process (PID=319) to work on /home/airflow/.local/lib/python3.8/site-packages/airflow/example_dags/example_local_kubernetes_executor.py
[2026-03-23T03:27:14.449+0000] {processor.py:830} INFO - Processing file /home/airflow/.local/lib/python3.8/site-packages/airflow/example_dags/example_local_kubernetes_executor.py for tasks to queue
[2026-03-23T03:27:14.450+0000] {logging_mixin.py:188} INFO - [2026-03-23T03:27:14.450+0000] {dagbag.py:540} INFO - Filling up the DagBag from /home/airflow/.local/lib/python3.8/site-packages/airflow/example_dags/example_local_kubernetes_executor.py
[2026-03-23T03:27:14.457+0000] {processor.py:840} INFO - DAG(s) 'example_local_kubernetes_executor' retrieved from /home/airflow/.local/lib/python3.8/site-packages/airflow/example_dags/example_local_kubernetes_executor.py
[2026-03-23T03:27:14.488+0000] {logging_mixin.py:188} INFO - [2026-03-23T03:27:14.488+0000] {dag.py:3047} INFO - Sync 1 DAGs
[2026-03-23T03:27:14.501+0000] {logging_mixin.py:188} INFO - [2026-03-23T03:27:14.501+0000] {dag.py:3834} INFO - Setting next_dagrun for example_local_kubernetes_executor to None, run_after=None
[2026-03-23T03:27:14.523+0000] {processor.py:183} INFO - Processing /home/airflow/.local/lib/python3.8/site-packages/airflow/example_dags/example_local_kubernetes_executor.py took 0.078 seconds
[2026-03-23T03:27:44.715+0000] {processor.py:161} INFO - Started process (PID=374) to work on /home/airflow/.local/lib/python3.8/site-packages/airflow/example_dags/example_local_kubernetes_executor.py
[2026-03-23T03:27:44.716+0000] {processor.py:830} INFO - Processing file /home/airflow/.local/lib/python3.8/site-packages/airflow/example_dags/example_local_kubernetes_executor.py for tasks to queue
[2026-03-23T03:27:44.718+0000] {logging_mixin.py:188} INFO - [2026-03-23T03:27:44.718+0000] {dagbag.py:540} INFO - Filling up the DagBag from /home/airflow/.local/lib/python3.8/site-packages/airflow/example_dags/example_local_kubernetes_executor.py
[2026-03-23T03:27:44.724+0000] {processor.py:840} INFO - DAG(s) 'example_local_kubernetes_executor' retrieved from /home/airflow/.local/lib/python3.8/site-packages/airflow/example_dags/example_local_kubernetes_executor.py
[2026-03-23T03:27:44.755+0000] {logging_mixin.py:188} INFO - [2026-03-23T03:27:44.755+0000] {dag.py:3047} INFO - Sync 1 DAGs
[2026-03-23T03:27:44.767+0000] {logging_mixin.py:188} INFO - [2026-03-23T03:27:44.766+0000] {dag.py:3834} INFO - Setting next_dagrun for example_local_kubernetes_executor to None, run_after=None
[2026-03-23T03:27:44.786+0000] {processor.py:183} INFO - Processing /home/airflow/.local/lib/python3.8/site-packages/airflow/example_dags/example_local_kubernetes_executor.py took 0.074 seconds
[2026-03-23T03:28:15.062+0000] {processor.py:161} INFO - Started process (PID=429) to work on /home/airflow/.local/lib/python3.8/site-packages/airflow/example_dags/example_local_kubernetes_executor.py
[2026-03-23T03:28:15.063+0000] {processor.py:830} INFO - Processing file /home/airflow/.local/lib/python3.8/site-packages/airflow/example_dags/example_local_kubernetes_executor.py for tasks to queue
[2026-03-23T03:28:15.065+0000] {logging_mixin.py:188} INFO - [2026-03-23T03:28:15.064+0000] {dagbag.py:540} INFO - Filling up the DagBag from /home/airflow/.local/lib/python3.8/site-packages/airflow/example_dags/example_local_kubernetes_executor.py
[2026-03-23T03:28:15.071+0000] {processor.py:840} INFO - DAG(s) 'example_local_kubernetes_executor' retrieved from /home/airflow/.local/lib/python3.8/site-packages/airflow/example_dags/example_local_kubernetes_executor.py
[2026-03-23T03:28:15.105+0000] {logging_mixin.py:188} INFO - [2026-03-23T03:28:15.105+0000] {dag.py:3047} INFO - Sync 1 DAGs
[2026-03-23T03:28:15.117+0000] {logging_mixin.py:188} INFO - [2026-03-23T03:28:15.116+0000] {dag.py:3834} INFO - Setting next_dagrun for example_local_kubernetes_executor to None, run_after=None
[2026-03-23T03:28:15.138+0000] {processor.py:183} INFO - Processing /home/airflow/.local/lib/python3.8/site-packages/airflow/example_dags/example_local_kubernetes_executor.py took 0.079 seconds
[2026-03-23T03:28:45.418+0000] {processor.py:161} INFO - Started process (PID=484) to work on /home/airflow/.local/lib/python3.8/site-packages/airflow/example_dags/example_local_kubernetes_executor.py
[2026-03-23T03:28:45.419+0000] {processor.py:830} INFO - Processing file /home/airflow/.local/lib/python3.8/site-packages/airflow/example_dags/example_local_kubernetes_executor.py for tasks to queue
[2026-03-23T03:28:45.421+0000] {logging_mixin.py:188} INFO - [2026-03-23T03:28:45.420+0000] {dagbag.py:540} INFO - Filling up the DagBag from /home/airflow/.local/lib/python3.8/site-packages/airflow/example_dags/example_local_kubernetes_executor.py
[2026-03-23T03:28:45.427+0000] {processor.py:840} INFO - DAG(s) 'example_local_kubernetes_executor' retrieved from /home/airflow/.local/lib/python3.8/site-packages/airflow/example_dags/example_local_kubernetes_executor.py
[2026-03-23T03:28:45.467+0000] {logging_mixin.py:188} INFO - [2026-03-23T03:28:45.467+0000] {dag.py:3047} INFO - Sync 1 DAGs
[2026-03-23T03:28:45.479+0000] {logging_mixin.py:188} INFO - [2026-03-23T03:28:45.479+0000] {dag.py:3834} INFO - Setting next_dagrun for example_local_kubernetes_executor to None, run_after=None
[2026-03-23T03:28:45.500+0000] {processor.py:183} INFO - Processing /home/airflow/.local/lib/python3.8/site-packages/airflow/example_dags/example_local_kubernetes_executor.py took 0.085 seconds
[2026-03-23T03:29:16.009+0000] {processor.py:161} INFO - Started process (PID=539) to work on /home/airflow/.local/lib/python3.8/site-packages/airflow/example_dags/example_local_kubernetes_executor.py
[2026-03-23T03:29:16.010+0000] {processor.py:830} INFO - Processing file /home/airflow/.local/lib/python3.8/site-packages/airflow/example_dags/example_local_kubernetes_executor.py for tasks to queue
[2026-03-23T03:29:16.012+0000] {logging_mixin.py:188} INFO - [2026-03-23T03:29:16.012+0000] {dagbag.py:540} INFO - Filling up the DagBag from /home/airflow/.local/lib/python3.8/site-packages/airflow/example_dags/example_local_kubernetes_executor.py
[2026-03-23T03:29:16.018+0000] {processor.py:840} INFO - DAG(s) 'example_local_kubernetes_executor' retrieved from /home/airflow/.local/lib/python3.8/site-packages/airflow/example_dags/example_local_kubernetes_executor.py
[2026-03-23T03:29:16.050+0000] {logging_mixin.py:188} INFO - [2026-03-23T03:29:16.050+0000] {dag.py:3047} INFO - Sync 1 DAGs
[2026-03-23T03:29:16.062+0000] {logging_mixin.py:188} INFO - [2026-03-23T03:29:16.062+0000] {dag.py:3834} INFO - Setting next_dagrun for example_local_kubernetes_executor to None, run_after=None
[2026-03-23T03:29:16.084+0000] {processor.py:183} INFO - Processing /home/airflow/.local/lib/python3.8/site-packages/airflow/example_dags/example_local_kubernetes_executor.py took 0.077 seconds
[2026-03-23T03:29:46.231+0000] {processor.py:161} INFO - Started process (PID=594) to work on /home/airflow/.local/lib/python3.8/site-packages/airflow/example_dags/example_local_kubernetes_executor.py
[2026-03-23T03:29:46.232+0000] {processor.py:830} INFO - Processing file /home/airflow/.local/lib/python3.8/site-packages/airflow/example_dags/example_local_kubernetes_executor.py for tasks to queue
[2026-03-23T03:29:46.234+0000] {logging_mixin.py:188} INFO - [2026-03-23T03:29:46.234+0000] {dagbag.py:540} INFO - Filling up the DagBag from /home/airflow/.local/lib/python3.8/site-packages/airflow/example_dags/example_local_kubernetes_executor.py
[2026-03-23T03:29:46.241+0000] {processor.py:840} INFO - DAG(s) 'example_local_kubernetes_executor' retrieved from /home/airflow/.local/lib/python3.8/site-packages/airflow/example_dags/example_local_kubernetes_executor.py
[2026-03-23T03:29:46.272+0000] {logging_mixin.py:188} INFO - [2026-03-23T03:29:46.272+0000] {dag.py:3047} INFO - Sync 1 DAGs
[2026-03-23T03:29:46.283+0000] {logging_mixin.py:188} INFO - [2026-03-23T03:29:46.283+0000] {dag.py:3834} INFO - Setting next_dagrun for example_local_kubernetes_executor to None, run_after=None
[2026-03-23T03:29:46.302+0000] {processor.py:183} INFO - Processing /home/airflow/.local/lib/python3.8/site-packages/airflow/example_dags/example_local_kubernetes_executor.py took 0.073 seconds
[2026-03-23T03:30:16.648+0000] {processor.py:161} INFO - Started process (PID=649) to work on /home/airflow/.local/lib/python3.8/site-packages/airflow/example_dags/example_local_kubernetes_executor.py
[2026-03-23T03:30:16.650+0000] {processor.py:830} INFO - Processing file /home/airflow/.local/lib/python3.8/site-packages/airflow/example_dags/example_local_kubernetes_executor.py for tasks to queue
[2026-03-23T03:30:16.652+0000] {logging_mixin.py:188} INFO - [2026-03-23T03:30:16.651+0000] {dagbag.py:540} INFO - Filling up the DagBag from /home/airflow/.local/lib/python3.8/site-packages/airflow/example_dags/example_local_kubernetes_executor.py
[2026-03-23T03:30:16.659+0000] {processor.py:840} INFO - DAG(s) 'example_local_kubernetes_executor' retrieved from /home/airflow/.local/lib/python3.8/site-packages/airflow/example_dags/example_local_kubernetes_executor.py
[2026-03-23T03:30:16.696+0000] {logging_mixin.py:188} INFO - [2026-03-23T03:30:16.696+0000] {dag.py:3047} INFO - Sync 1 DAGs
[2026-03-23T03:30:16.709+0000] {logging_mixin.py:188} INFO - [2026-03-23T03:30:16.709+0000] {dag.py:3834} INFO - Setting next_dagrun for example_local_kubernetes_executor to None, run_after=None
[2026-03-23T03:30:16.730+0000] {processor.py:183} INFO - Processing /home/airflow/.local/lib/python3.8/site-packages/airflow/example_dags/example_local_kubernetes_executor.py took 0.085 seconds
[2026-03-23T03:30:47.745+0000] {processor.py:161} INFO - Started process (PID=704) to work on /home/airflow/.local/lib/python3.8/site-packages/airflow/example_dags/example_local_kubernetes_executor.py
[2026-03-23T03:30:47.746+0000] {processor.py:830} INFO - Processing file /home/airflow/.local/lib/python3.8/site-packages/airflow/example_dags/example_local_kubernetes_executor.py for tasks to queue
[2026-03-23T03:30:47.748+0000] {logging_mixin.py:188} INFO - [2026-03-23T03:30:47.748+0000] {dagbag.py:540} INFO - Filling up the DagBag from /home/airflow/.local/lib/python3.8/site-packages/airflow/example_dags/example_local_kubernetes_executor.py
[2026-03-23T03:30:47.756+0000] {processor.py:840} INFO - DAG(s) 'example_local_kubernetes_executor' retrieved from /home/airflow/.local/lib/python3.8/site-packages/airflow/example_dags/example_local_kubernetes_executor.py
[2026-03-23T03:30:47.792+0000] {logging_mixin.py:188} INFO - [2026-03-23T03:30:47.792+0000] {dag.py:3047} INFO - Sync 1 DAGs
[2026-03-23T03:30:47.805+0000] {logging_mixin.py:188} INFO - [2026-03-23T03:30:47.804+0000] {dag.py:3834} INFO - Setting next_dagrun for example_local_kubernetes_executor to None, run_after=None
[2026-03-23T03:30:47.827+0000] {processor.py:183} INFO - Processing /home/airflow/.local/lib/python3.8/site-packages/airflow/example_dags/example_local_kubernetes_executor.py took 0.085 seconds
[2026-03-23T03:31:17.908+0000] {processor.py:161} INFO - Started process (PID=759) to work on /home/airflow/.local/lib/python3.8/site-packages/airflow/example_dags/example_local_kubernetes_executor.py
[2026-03-23T03:31:17.910+0000] {processor.py:830} INFO - Processing file /home/airflow/.local/lib/python3.8/site-packages/airflow/example_dags/example_local_kubernetes_executor.py for tasks to queue
[2026-03-23T03:31:17.912+0000] {logging_mixin.py:188} INFO - [2026-03-23T03:31:17.912+0000] {dagbag.py:540} INFO - Filling up the DagBag from /home/airflow/.local/lib/python3.8/site-packages/airflow/example_dags/example_local_kubernetes_executor.py
[2026-03-23T03:31:17.920+0000] {processor.py:840} INFO - DAG(s) 'example_local_kubernetes_executor' retrieved from /home/airflow/.local/lib/python3.8/site-packages/airflow/example_dags/example_local_kubernetes_executor.py
[2026-03-23T03:31:17.966+0000] {logging_mixin.py:188} INFO - [2026-03-23T03:31:17.965+0000] {dag.py:3047} INFO - Sync 1 DAGs
[2026-03-23T03:31:17.981+0000] {logging_mixin.py:188} INFO - [2026-03-23T03:31:17.981+0000] {dag.py:3834} INFO - Setting next_dagrun for example_local_kubernetes_executor to None, run_after=None
[2026-03-23T03:31:18.007+0000] {processor.py:183} INFO - Processing /home/airflow/.local/lib/python3.8/site-packages/airflow/example_dags/example_local_kubernetes_executor.py took 0.102 seconds
[2026-03-23T03:31:48.540+0000] {processor.py:161} INFO - Started process (PID=814) to work on /home/airflow/.local/lib/python3.8/site-packages/airflow/example_dags/example_local_kubernetes_executor.py
[2026-03-23T03:31:48.542+0000] {processor.py:830} INFO - Processing file /home/airflow/.local/lib/python3.8/site-packages/airflow/example_dags/example_local_kubernetes_executor.py for tasks to queue
[2026-03-23T03:31:48.545+0000] {logging_mixin.py:188} INFO - [2026-03-23T03:31:48.544+0000] {dagbag.py:540} INFO - Filling up the DagBag from /home/airflow/.local/lib/python3.8/site-packages/airflow/example_dags/example_local_kubernetes_executor.py
[2026-03-23T03:31:48.554+0000] {processor.py:840} INFO - DAG(s) 'example_local_kubernetes_executor' retrieved from /home/airflow/.local/lib/python3.8/site-packages/airflow/example_dags/example_local_kubernetes_executor.py
[2026-03-23T03:31:48.594+0000] {logging_mixin.py:188} INFO - [2026-03-23T03:31:48.594+0000] {dag.py:3047} INFO - Sync 1 DAGs
[2026-03-23T03:31:48.608+0000] {logging_mixin.py:188} INFO - [2026-03-23T03:31:48.608+0000] {dag.py:3834} INFO - Setting next_dagrun for example_local_kubernetes_executor to None, run_after=None
[2026-03-23T03:31:48.628+0000] {processor.py:183} INFO - Processing /home/airflow/.local/lib/python3.8/site-packages/airflow/example_dags/example_local_kubernetes_executor.py took 0.092 seconds
[2026-03-23T03:32:19.293+0000] {processor.py:161} INFO - Started process (PID=869) to work on /home/airflow/.local/lib/python3.8/site-packages/airflow/example_dags/example_local_kubernetes_executor.py
[2026-03-23T03:32:19.294+0000] {processor.py:830} INFO - Processing file /home/airflow/.local/lib/python3.8/site-packages/airflow/example_dags/example_local_kubernetes_executor.py for tasks to queue
[2026-03-23T03:32:19.296+0000] {logging_mixin.py:188} INFO - [2026-03-23T03:32:19.295+0000] {dagbag.py:540} INFO - Filling up the DagBag from /home/airflow/.local/lib/python3.8/site-packages/airflow/example_dags/example_local_kubernetes_executor.py
[2026-03-23T03:32:19.302+0000] {processor.py:840} INFO - DAG(s) 'example_local_kubernetes_executor' retrieved from /home/airflow/.local/lib/python3.8/site-packages/airflow/example_dags/example_local_kubernetes_executor.py
[2026-03-23T03:32:19.333+0000] {logging_mixin.py:188} INFO - [2026-03-23T03:32:19.332+0000] {dag.py:3047} INFO - Sync 1 DAGs
[2026-03-23T03:32:19.343+0000] {logging_mixin.py:188} INFO - [2026-03-23T03:32:19.343+0000] {dag.py:3834} INFO - Setting next_dagrun for example_local_kubernetes_executor to None, run_after=None
[2026-03-23T03:32:19.362+0000] {processor.py:183} INFO - Processing /home/airflow/.local/lib/python3.8/site-packages/airflow/example_dags/example_local_kubernetes_executor.py took 0.072 seconds
[2026-03-23T03:32:50.353+0000] {processor.py:161} INFO - Started process (PID=924) to work on /home/airflow/.local/lib/python3.8/site-packages/airflow/example_dags/example_local_kubernetes_executor.py
[2026-03-23T03:32:50.354+0000] {processor.py:830} INFO - Processing file /home/airflow/.local/lib/python3.8/site-packages/airflow/example_dags/example_local_kubernetes_executor.py for tasks to queue
[2026-03-23T03:32:50.356+0000] {logging_mixin.py:188} INFO - [2026-03-23T03:32:50.356+0000] {dagbag.py:540} INFO - Filling up the DagBag from /home/airflow/.local/lib/python3.8/site-packages/airflow/example_dags/example_local_kubernetes_executor.py
[2026-03-23T03:32:50.364+0000] {processor.py:840} INFO - DAG(s) 'example_local_kubernetes_executor' retrieved from /home/airflow/.local/lib/python3.8/site-packages/airflow/example_dags/example_local_kubernetes_executor.py
[2026-03-23T03:32:50.403+0000] {logging_mixin.py:188} INFO - [2026-03-23T03:32:50.403+0000] {dag.py:3047} INFO - Sync 1 DAGs
[2026-03-23T03:32:50.416+0000] {logging_mixin.py:188} INFO - [2026-03-23T03:32:50.416+0000] {dag.py:3834} INFO - Setting next_dagrun for example_local_kubernetes_executor to None, run_after=None
[2026-03-23T03:32:50.437+0000] {processor.py:183} INFO - Processing /home/airflow/.local/lib/python3.8/site-packages/airflow/example_dags/example_local_kubernetes_executor.py took 0.088 seconds
[2026-03-23T03:33:20.509+0000] {processor.py:161} INFO - Started process (PID=979) to work on /home/airflow/.local/lib/python3.8/site-packages/airflow/example_dags/example_local_kubernetes_executor.py
[2026-03-23T03:33:20.511+0000] {processor.py:830} INFO - Processing file /home/airflow/.local/lib/python3.8/site-packages/airflow/example_dags/example_local_kubernetes_executor.py for tasks to queue
[2026-03-23T03:33:20.513+0000] {logging_mixin.py:188} INFO - [2026-03-23T03:33:20.513+0000] {dagbag.py:540} INFO - Filling up the DagBag from /home/airflow/.local/lib/python3.8/site-packages/airflow/example_dags/example_local_kubernetes_executor.py
[2026-03-23T03:33:20.522+0000] {processor.py:840} INFO - DAG(s) 'example_local_kubernetes_executor' retrieved from /home/airflow/.local/lib/python3.8/site-packages/airflow/example_dags/example_local_kubernetes_executor.py
[2026-03-23T03:33:20.559+0000] {logging_mixin.py:188} INFO - [2026-03-23T03:33:20.558+0000] {dag.py:3047} INFO - Sync 1 DAGs
[2026-03-23T03:33:20.572+0000] {logging_mixin.py:188} INFO - [2026-03-23T03:33:20.571+0000] {dag.py:3834} INFO - Setting next_dagrun for example_local_kubernetes_executor to None, run_after=None
[2026-03-23T03:33:20.598+0000] {processor.py:183} INFO - Processing /home/airflow/.local/lib/python3.8/site-packages/airflow/example_dags/example_local_kubernetes_executor.py took 0.092 seconds
[2026-03-23T03:33:50.739+0000] {processor.py:161} INFO - Started process (PID=1033) to work on /home/airflow/.local/lib/python3.8/site-packages/airflow/example_dags/example_local_kubernetes_executor.py
[2026-03-23T03:33:50.741+0000] {processor.py:830} INFO - Processing file /home/airflow/.local/lib/python3.8/site-packages/airflow/example_dags/example_local_kubernetes_executor.py for tasks to queue
[2026-03-23T03:33:50.743+0000] {logging_mixin.py:188} INFO - [2026-03-23T03:33:50.742+0000] {dagbag.py:540} INFO - Filling up the DagBag from /home/airflow/.local/lib/python3.8/site-packages/airflow/example_dags/example_local_kubernetes_executor.py
[2026-03-23T03:33:50.750+0000] {processor.py:840} INFO - DAG(s) 'example_local_kubernetes_executor' retrieved from /home/airflow/.local/lib/python3.8/site-packages/airflow/example_dags/example_local_kubernetes_executor.py
[2026-03-23T03:33:50.785+0000] {logging_mixin.py:188} INFO - [2026-03-23T03:33:50.785+0000] {dag.py:3047} INFO - Sync 1 DAGs
[2026-03-23T03:33:50.796+0000] {logging_mixin.py:188} INFO - [2026-03-23T03:33:50.796+0000] {dag.py:3834} INFO - Setting next_dagrun for example_local_kubernetes_executor to None, run_after=None
[2026-03-23T03:33:50.821+0000] {processor.py:183} INFO - Processing /home/airflow/.local/lib/python3.8/site-packages/airflow/example_dags/example_local_kubernetes_executor.py took 0.084 seconds
[2026-03-23T03:34:21.730+0000] {processor.py:161} INFO - Started process (PID=1089) to work on /home/airflow/.local/lib/python3.8/site-packages/airflow/example_dags/example_local_kubernetes_executor.py
[2026-03-23T03:34:21.732+0000] {processor.py:830} INFO - Processing file /home/airflow/.local/lib/python3.8/site-packages/airflow/example_dags/example_local_kubernetes_executor.py for tasks to queue
[2026-03-23T03:34:21.733+0000] {logging_mixin.py:188} INFO - [2026-03-23T03:34:21.733+0000] {dagbag.py:540} INFO - Filling up the DagBag from /home/airflow/.local/lib/python3.8/site-packages/airflow/example_dags/example_local_kubernetes_executor.py
[2026-03-23T03:34:21.739+0000] {processor.py:840} INFO - DAG(s) 'example_local_kubernetes_executor' retrieved from /home/airflow/.local/lib/python3.8/site-packages/airflow/example_dags/example_local_kubernetes_executor.py
[2026-03-23T03:34:21.772+0000] {logging_mixin.py:188} INFO - [2026-03-23T03:34:21.772+0000] {dag.py:3047} INFO - Sync 1 DAGs
[2026-03-23T03:34:21.783+0000] {logging_mixin.py:188} INFO - [2026-03-23T03:34:21.783+0000] {dag.py:3834} INFO - Setting next_dagrun for example_local_kubernetes_executor to None, run_after=None
[2026-03-23T03:34:21.804+0000] {processor.py:183} INFO - Processing /home/airflow/.local/lib/python3.8/site-packages/airflow/example_dags/example_local_kubernetes_executor.py took 0.077 seconds
[2026-03-23T03:34:52.030+0000] {processor.py:161} INFO - Started process (PID=1144) to work on /home/airflow/.local/lib/python3.8/site-packages/airflow/example_dags/example_local_kubernetes_executor.py
[2026-03-23T03:34:52.032+0000] {processor.py:830} INFO - Processing file /home/airflow/.local/lib/python3.8/site-packages/airflow/example_dags/example_local_kubernetes_executor.py for tasks to queue
[2026-03-23T03:34:52.034+0000] {logging_mixin.py:188} INFO - [2026-03-23T03:34:52.033+0000] {dagbag.py:540} INFO - Filling up the DagBag from /home/airflow/.local/lib/python3.8/site-packages/airflow/example_dags/example_local_kubernetes_executor.py
[2026-03-23T03:34:52.041+0000] {processor.py:840} INFO - DAG(s) 'example_local_kubernetes_executor' retrieved from /home/airflow/.local/lib/python3.8/site-packages/airflow/example_dags/example_local_kubernetes_executor.py
[2026-03-23T03:34:52.080+0000] {logging_mixin.py:188} INFO - [2026-03-23T03:34:52.079+0000] {dag.py:3047} INFO - Sync 1 DAGs
[2026-03-23T03:34:52.093+0000] {logging_mixin.py:188} INFO - [2026-03-23T03:34:52.093+0000] {dag.py:3834} INFO - Setting next_dagrun for example_local_kubernetes_executor to None, run_after=None
[2026-03-23T03:34:52.115+0000] {processor.py:183} INFO - Processing /home/airflow/.local/lib/python3.8/site-packages/airflow/example_dags/example_local_kubernetes_executor.py took 0.088 seconds
[2026-03-23T03:37:21.044+0000] {processor.py:161} INFO - Started process (PID=93) to work on /home/airflow/.local/lib/python3.8/site-packages/airflow/example_dags/example_local_kubernetes_executor.py
[2026-03-23T03:37:21.045+0000] {processor.py:830} INFO - Processing file /home/airflow/.local/lib/python3.8/site-packages/airflow/example_dags/example_local_kubernetes_executor.py for tasks to queue
[2026-03-23T03:37:21.048+0000] {logging_mixin.py:188} INFO - [2026-03-23T03:37:21.047+0000] {dagbag.py:540} INFO - Filling up the DagBag from /home/airflow/.local/lib/python3.8/site-packages/airflow/example_dags/example_local_kubernetes_executor.py
[2026-03-23T03:37:21.057+0000] {processor.py:840} INFO - DAG(s) 'example_local_kubernetes_executor' retrieved from /home/airflow/.local/lib/python3.8/site-packages/airflow/example_dags/example_local_kubernetes_executor.py
[2026-03-23T03:37:21.070+0000] {logging_mixin.py:188} INFO - [2026-03-23T03:37:21.070+0000] {dag.py:3047} INFO - Sync 1 DAGs
[2026-03-23T03:37:21.084+0000] {logging_mixin.py:188} INFO - [2026-03-23T03:37:21.084+0000] {dag.py:3834} INFO - Setting next_dagrun for example_local_kubernetes_executor to None, run_after=None
[2026-03-23T03:37:21.115+0000] {processor.py:183} INFO - Processing /home/airflow/.local/lib/python3.8/site-packages/airflow/example_dags/example_local_kubernetes_executor.py took 0.075 seconds
[2026-03-23T03:37:52.883+0000] {processor.py:161} INFO - Started process (PID=154) to work on /home/airflow/.local/lib/python3.8/site-packages/airflow/example_dags/example_local_kubernetes_executor.py
[2026-03-23T03:37:52.884+0000] {processor.py:830} INFO - Processing file /home/airflow/.local/lib/python3.8/site-packages/airflow/example_dags/example_local_kubernetes_executor.py for tasks to queue
[2026-03-23T03:37:52.887+0000] {logging_mixin.py:188} INFO - [2026-03-23T03:37:52.886+0000] {dagbag.py:540} INFO - Filling up the DagBag from /home/airflow/.local/lib/python3.8/site-packages/airflow/example_dags/example_local_kubernetes_executor.py
[2026-03-23T03:37:52.894+0000] {processor.py:840} INFO - DAG(s) 'example_local_kubernetes_executor' retrieved from /home/airflow/.local/lib/python3.8/site-packages/airflow/example_dags/example_local_kubernetes_executor.py
[2026-03-23T03:37:53.007+0000] {logging_mixin.py:188} INFO - [2026-03-23T03:37:53.007+0000] {dag.py:3047} INFO - Sync 1 DAGs
[2026-03-23T03:37:53.019+0000] {logging_mixin.py:188} INFO - [2026-03-23T03:37:53.019+0000] {dag.py:3834} INFO - Setting next_dagrun for example_local_kubernetes_executor to None, run_after=None
[2026-03-23T03:37:53.046+0000] {processor.py:183} INFO - Processing /home/airflow/.local/lib/python3.8/site-packages/airflow/example_dags/example_local_kubernetes_executor.py took 0.167 seconds
[2026-03-23T03:38:23.148+0000] {processor.py:161} INFO - Started process (PID=209) to work on /home/airflow/.local/lib/python3.8/site-packages/airflow/example_dags/example_local_kubernetes_executor.py
[2026-03-23T03:38:23.149+0000] {processor.py:830} INFO - Processing file /home/airflow/.local/lib/python3.8/site-packages/airflow/example_dags/example_local_kubernetes_executor.py for tasks to queue
[2026-03-23T03:38:23.151+0000] {logging_mixin.py:188} INFO - [2026-03-23T03:38:23.151+0000] {dagbag.py:540} INFO - Filling up the DagBag from /home/airflow/.local/lib/python3.8/site-packages/airflow/example_dags/example_local_kubernetes_executor.py
[2026-03-23T03:38:23.158+0000] {processor.py:840} INFO - DAG(s) 'example_local_kubernetes_executor' retrieved from /home/airflow/.local/lib/python3.8/site-packages/airflow/example_dags/example_local_kubernetes_executor.py
[2026-03-23T03:38:23.194+0000] {logging_mixin.py:188} INFO - [2026-03-23T03:38:23.194+0000] {dag.py:3047} INFO - Sync 1 DAGs
[2026-03-23T03:38:23.206+0000] {logging_mixin.py:188} INFO - [2026-03-23T03:38:23.206+0000] {dag.py:3834} INFO - Setting next_dagrun for example_local_kubernetes_executor to None, run_after=None
[2026-03-23T03:38:23.232+0000] {processor.py:183} INFO - Processing /home/airflow/.local/lib/python3.8/site-packages/airflow/example_dags/example_local_kubernetes_executor.py took 0.086 seconds
[2026-03-23T03:38:53.519+0000] {processor.py:161} INFO - Started process (PID=264) to work on /home/airflow/.local/lib/python3.8/site-packages/airflow/example_dags/example_local_kubernetes_executor.py
[2026-03-23T03:38:53.520+0000] {processor.py:830} INFO - Processing file /home/airflow/.local/lib/python3.8/site-packages/airflow/example_dags/example_local_kubernetes_executor.py for tasks to queue
[2026-03-23T03:38:53.522+0000] {logging_mixin.py:188} INFO - [2026-03-23T03:38:53.522+0000] {dagbag.py:540} INFO - Filling up the DagBag from /home/airflow/.local/lib/python3.8/site-packages/airflow/example_dags/example_local_kubernetes_executor.py
[2026-03-23T03:38:53.529+0000] {processor.py:840} INFO - DAG(s) 'example_local_kubernetes_executor' retrieved from /home/airflow/.local/lib/python3.8/site-packages/airflow/example_dags/example_local_kubernetes_executor.py
[2026-03-23T03:38:53.562+0000] {logging_mixin.py:188} INFO - [2026-03-23T03:38:53.562+0000] {dag.py:3047} INFO - Sync 1 DAGs
[2026-03-23T03:38:53.575+0000] {logging_mixin.py:188} INFO - [2026-03-23T03:38:53.574+0000] {dag.py:3834} INFO - Setting next_dagrun for example_local_kubernetes_executor to None, run_after=None
[2026-03-23T03:38:53.600+0000] {processor.py:183} INFO - Processing /home/airflow/.local/lib/python3.8/site-packages/airflow/example_dags/example_local_kubernetes_executor.py took 0.083 seconds
[2026-03-23T03:39:23.897+0000] {processor.py:161} INFO - Started process (PID=319) to work on /home/airflow/.local/lib/python3.8/site-packages/airflow/example_dags/example_local_kubernetes_executor.py
[2026-03-23T03:39:23.898+0000] {processor.py:830} INFO - Processing file /home/airflow/.local/lib/python3.8/site-packages/airflow/example_dags/example_local_kubernetes_executor.py for tasks to queue
[2026-03-23T03:39:23.901+0000] {logging_mixin.py:188} INFO - [2026-03-23T03:39:23.900+0000] {dagbag.py:540} INFO - Filling up the DagBag from /home/airflow/.local/lib/python3.8/site-packages/airflow/example_dags/example_local_kubernetes_executor.py
[2026-03-23T03:39:23.911+0000] {processor.py:840} INFO - DAG(s) 'example_local_kubernetes_executor' retrieved from /home/airflow/.local/lib/python3.8/site-packages/airflow/example_dags/example_local_kubernetes_executor.py
[2026-03-23T03:39:23.952+0000] {logging_mixin.py:188} INFO - [2026-03-23T03:39:23.951+0000] {dag.py:3047} INFO - Sync 1 DAGs
[2026-03-23T03:39:23.965+0000] {logging_mixin.py:188} INFO - [2026-03-23T03:39:23.965+0000] {dag.py:3834} INFO - Setting next_dagrun for example_local_kubernetes_executor to None, run_after=None
[2026-03-23T03:39:23.990+0000] {processor.py:183} INFO - Processing /home/airflow/.local/lib/python3.8/site-packages/airflow/example_dags/example_local_kubernetes_executor.py took 0.097 seconds
[2026-03-23T03:39:54.278+0000] {processor.py:161} INFO - Started process (PID=374) to work on /home/airflow/.local/lib/python3.8/site-packages/airflow/example_dags/example_local_kubernetes_executor.py
[2026-03-23T03:39:54.280+0000] {processor.py:830} INFO - Processing file /home/airflow/.local/lib/python3.8/site-packages/airflow/example_dags/example_local_kubernetes_executor.py for tasks to queue
[2026-03-23T03:39:54.282+0000] {logging_mixin.py:188} INFO - [2026-03-23T03:39:54.281+0000] {dagbag.py:540} INFO - Filling up the DagBag from /home/airflow/.local/lib/python3.8/site-packages/airflow/example_dags/example_local_kubernetes_executor.py
[2026-03-23T03:39:54.290+0000] {processor.py:840} INFO - DAG(s) 'example_local_kubernetes_executor' retrieved from /home/airflow/.local/lib/python3.8/site-packages/airflow/example_dags/example_local_kubernetes_executor.py
[2026-03-23T03:39:54.327+0000] {logging_mixin.py:188} INFO - [2026-03-23T03:39:54.326+0000] {dag.py:3047} INFO - Sync 1 DAGs
[2026-03-23T03:39:54.339+0000] {logging_mixin.py:188} INFO - [2026-03-23T03:39:54.339+0000] {dag.py:3834} INFO - Setting next_dagrun for example_local_kubernetes_executor to None, run_after=None
[2026-03-23T03:39:54.362+0000] {processor.py:183} INFO - Processing /home/airflow/.local/lib/python3.8/site-packages/airflow/example_dags/example_local_kubernetes_executor.py took 0.087 seconds
[2026-03-23T03:40:24.728+0000] {processor.py:161} INFO - Started process (PID=429) to work on /home/airflow/.local/lib/python3.8/site-packages/airflow/example_dags/example_local_kubernetes_executor.py
[2026-03-23T03:40:24.729+0000] {processor.py:830} INFO - Processing file /home/airflow/.local/lib/python3.8/site-packages/airflow/example_dags/example_local_kubernetes_executor.py for tasks to queue
[2026-03-23T03:40:24.731+0000] {logging_mixin.py:188} INFO - [2026-03-23T03:40:24.731+0000] {dagbag.py:540} INFO - Filling up the DagBag from /home/airflow/.local/lib/python3.8/site-packages/airflow/example_dags/example_local_kubernetes_executor.py
[2026-03-23T03:40:24.739+0000] {processor.py:840} INFO - DAG(s) 'example_local_kubernetes_executor' retrieved from /home/airflow/.local/lib/python3.8/site-packages/airflow/example_dags/example_local_kubernetes_executor.py
[2026-03-23T03:40:24.774+0000] {logging_mixin.py:188} INFO - [2026-03-23T03:40:24.774+0000] {dag.py:3047} INFO - Sync 1 DAGs
[2026-03-23T03:40:24.786+0000] {logging_mixin.py:188} INFO - [2026-03-23T03:40:24.785+0000] {dag.py:3834} INFO - Setting next_dagrun for example_local_kubernetes_executor to None, run_after=None
[2026-03-23T03:40:24.806+0000] {processor.py:183} INFO - Processing /home/airflow/.local/lib/python3.8/site-packages/airflow/example_dags/example_local_kubernetes_executor.py took 0.081 seconds
[2026-03-23T03:40:55.754+0000] {processor.py:161} INFO - Started process (PID=484) to work on /home/airflow/.local/lib/python3.8/site-packages/airflow/example_dags/example_local_kubernetes_executor.py
[2026-03-23T03:40:55.756+0000] {processor.py:830} INFO - Processing file /home/airflow/.local/lib/python3.8/site-packages/airflow/example_dags/example_local_kubernetes_executor.py for tasks to queue
[2026-03-23T03:40:55.758+0000] {logging_mixin.py:188} INFO - [2026-03-23T03:40:55.758+0000] {dagbag.py:540} INFO - Filling up the DagBag from /home/airflow/.local/lib/python3.8/site-packages/airflow/example_dags/example_local_kubernetes_executor.py
[2026-03-23T03:40:55.768+0000] {processor.py:840} INFO - DAG(s) 'example_local_kubernetes_executor' retrieved from /home/airflow/.local/lib/python3.8/site-packages/airflow/example_dags/example_local_kubernetes_executor.py
[2026-03-23T03:40:55.813+0000] {logging_mixin.py:188} INFO - [2026-03-23T03:40:55.812+0000] {dag.py:3047} INFO - Sync 1 DAGs
[2026-03-23T03:40:55.830+0000] {logging_mixin.py:188} INFO - [2026-03-23T03:40:55.829+0000] {dag.py:3834} INFO - Setting next_dagrun for example_local_kubernetes_executor to None, run_after=None
[2026-03-23T03:40:55.861+0000] {processor.py:183} INFO - Processing /home/airflow/.local/lib/python3.8/site-packages/airflow/example_dags/example_local_kubernetes_executor.py took 0.111 seconds
[2026-03-23T03:41:26.079+0000] {processor.py:161} INFO - Started process (PID=539) to work on /home/airflow/.local/lib/python3.8/site-packages/airflow/example_dags/example_local_kubernetes_executor.py
[2026-03-23T03:41:26.080+0000] {processor.py:830} INFO - Processing file /home/airflow/.local/lib/python3.8/site-packages/airflow/example_dags/example_local_kubernetes_executor.py for tasks to queue
[2026-03-23T03:41:26.081+0000] {logging_mixin.py:188} INFO - [2026-03-23T03:41:26.081+0000] {dagbag.py:540} INFO - Filling up the DagBag from /home/airflow/.local/lib/python3.8/site-packages/airflow/example_dags/example_local_kubernetes_executor.py
[2026-03-23T03:41:26.088+0000] {processor.py:840} INFO - DAG(s) 'example_local_kubernetes_executor' retrieved from /home/airflow/.local/lib/python3.8/site-packages/airflow/example_dags/example_local_kubernetes_executor.py
[2026-03-23T03:41:26.121+0000] {logging_mixin.py:188} INFO - [2026-03-23T03:41:26.121+0000] {dag.py:3047} INFO - Sync 1 DAGs
[2026-03-23T03:41:26.133+0000] {logging_mixin.py:188} INFO - [2026-03-23T03:41:26.133+0000] {dag.py:3834} INFO - Setting next_dagrun for example_local_kubernetes_executor to None, run_after=None
[2026-03-23T03:41:26.156+0000] {processor.py:183} INFO - Processing /home/airflow/.local/lib/python3.8/site-packages/airflow/example_dags/example_local_kubernetes_executor.py took 0.080 seconds
[2026-03-23T03:41:56.416+0000] {processor.py:161} INFO - Started process (PID=594) to work on /home/airflow/.local/lib/python3.8/site-packages/airflow/example_dags/example_local_kubernetes_executor.py
[2026-03-23T03:41:56.417+0000] {processor.py:830} INFO - Processing file /home/airflow/.local/lib/python3.8/site-packages/airflow/example_dags/example_local_kubernetes_executor.py for tasks to queue
[2026-03-23T03:41:56.419+0000] {logging_mixin.py:188} INFO - [2026-03-23T03:41:56.419+0000] {dagbag.py:540} INFO - Filling up the DagBag from /home/airflow/.local/lib/python3.8/site-packages/airflow/example_dags/example_local_kubernetes_executor.py
[2026-03-23T03:41:56.425+0000] {processor.py:840} INFO - DAG(s) 'example_local_kubernetes_executor' retrieved from /home/airflow/.local/lib/python3.8/site-packages/airflow/example_dags/example_local_kubernetes_executor.py
[2026-03-23T03:41:56.463+0000] {logging_mixin.py:188} INFO - [2026-03-23T03:41:56.462+0000] {dag.py:3047} INFO - Sync 1 DAGs
[2026-03-23T03:41:56.475+0000] {logging_mixin.py:188} INFO - [2026-03-23T03:41:56.474+0000] {dag.py:3834} INFO - Setting next_dagrun for example_local_kubernetes_executor to None, run_after=None
[2026-03-23T03:41:56.500+0000] {processor.py:183} INFO - Processing /home/airflow/.local/lib/python3.8/site-packages/airflow/example_dags/example_local_kubernetes_executor.py took 0.087 seconds
[2026-03-23T03:42:26.558+0000] {processor.py:161} INFO - Started process (PID=649) to work on /home/airflow/.local/lib/python3.8/site-packages/airflow/example_dags/example_local_kubernetes_executor.py
[2026-03-23T03:42:26.559+0000] {processor.py:830} INFO - Processing file /home/airflow/.local/lib/python3.8/site-packages/airflow/example_dags/example_local_kubernetes_executor.py for tasks to queue
[2026-03-23T03:42:26.561+0000] {logging_mixin.py:188} INFO - [2026-03-23T03:42:26.560+0000] {dagbag.py:540} INFO - Filling up the DagBag from /home/airflow/.local/lib/python3.8/site-packages/airflow/example_dags/example_local_kubernetes_executor.py
[2026-03-23T03:42:26.569+0000] {processor.py:840} INFO - DAG(s) 'example_local_kubernetes_executor' retrieved from /home/airflow/.local/lib/python3.8/site-packages/airflow/example_dags/example_local_kubernetes_executor.py
[2026-03-23T03:42:26.604+0000] {logging_mixin.py:188} INFO - [2026-03-23T03:42:26.604+0000] {dag.py:3047} INFO - Sync 1 DAGs
[2026-03-23T03:42:26.617+0000] {logging_mixin.py:188} INFO - [2026-03-23T03:42:26.617+0000] {dag.py:3834} INFO - Setting next_dagrun for example_local_kubernetes_executor to None, run_after=None
[2026-03-23T03:42:26.639+0000] {processor.py:183} INFO - Processing /home/airflow/.local/lib/python3.8/site-packages/airflow/example_dags/example_local_kubernetes_executor.py took 0.084 seconds
[2026-03-23T03:42:57.142+0000] {processor.py:161} INFO - Started process (PID=704) to work on /home/airflow/.local/lib/python3.8/site-packages/airflow/example_dags/example_local_kubernetes_executor.py
[2026-03-23T03:42:57.143+0000] {processor.py:830} INFO - Processing file /home/airflow/.local/lib/python3.8/site-packages/airflow/example_dags/example_local_kubernetes_executor.py for tasks to queue
[2026-03-23T03:42:57.145+0000] {logging_mixin.py:188} INFO - [2026-03-23T03:42:57.144+0000] {dagbag.py:540} INFO - Filling up the DagBag from /home/airflow/.local/lib/python3.8/site-packages/airflow/example_dags/example_local_kubernetes_executor.py
[2026-03-23T03:42:57.151+0000] {processor.py:840} INFO - DAG(s) 'example_local_kubernetes_executor' retrieved from /home/airflow/.local/lib/python3.8/site-packages/airflow/example_dags/example_local_kubernetes_executor.py
[2026-03-23T03:42:57.183+0000] {logging_mixin.py:188} INFO - [2026-03-23T03:42:57.183+0000] {dag.py:3047} INFO - Sync 1 DAGs
[2026-03-23T03:42:57.195+0000] {logging_mixin.py:188} INFO - [2026-03-23T03:42:57.195+0000] {dag.py:3834} INFO - Setting next_dagrun for example_local_kubernetes_executor to None, run_after=None
[2026-03-23T03:42:57.215+0000] {processor.py:183} INFO - Processing /home/airflow/.local/lib/python3.8/site-packages/airflow/example_dags/example_local_kubernetes_executor.py took 0.076 seconds
[2026-03-23T03:43:27.552+0000] {processor.py:161} INFO - Started process (PID=759) to work on /home/airflow/.local/lib/python3.8/site-packages/airflow/example_dags/example_local_kubernetes_executor.py
[2026-03-23T03:43:27.553+0000] {processor.py:830} INFO - Processing file /home/airflow/.local/lib/python3.8/site-packages/airflow/example_dags/example_local_kubernetes_executor.py for tasks to queue
[2026-03-23T03:43:27.555+0000] {logging_mixin.py:188} INFO - [2026-03-23T03:43:27.555+0000] {dagbag.py:540} INFO - Filling up the DagBag from /home/airflow/.local/lib/python3.8/site-packages/airflow/example_dags/example_local_kubernetes_executor.py
[2026-03-23T03:43:27.561+0000] {processor.py:840} INFO - DAG(s) 'example_local_kubernetes_executor' retrieved from /home/airflow/.local/lib/python3.8/site-packages/airflow/example_dags/example_local_kubernetes_executor.py
[2026-03-23T03:43:27.592+0000] {logging_mixin.py:188} INFO - [2026-03-23T03:43:27.592+0000] {dag.py:3047} INFO - Sync 1 DAGs
[2026-03-23T03:43:27.604+0000] {logging_mixin.py:188} INFO - [2026-03-23T03:43:27.603+0000] {dag.py:3834} INFO - Setting next_dagrun for example_local_kubernetes_executor to None, run_after=None
[2026-03-23T03:43:27.625+0000] {processor.py:183} INFO - Processing /home/airflow/.local/lib/python3.8/site-packages/airflow/example_dags/example_local_kubernetes_executor.py took 0.075 seconds
[2026-03-23T03:43:58.052+0000] {processor.py:161} INFO - Started process (PID=814) to work on /home/airflow/.local/lib/python3.8/site-packages/airflow/example_dags/example_local_kubernetes_executor.py
[2026-03-23T03:43:58.053+0000] {processor.py:830} INFO - Processing file /home/airflow/.local/lib/python3.8/site-packages/airflow/example_dags/example_local_kubernetes_executor.py for tasks to queue
[2026-03-23T03:43:58.055+0000] {logging_mixin.py:188} INFO - [2026-03-23T03:43:58.055+0000] {dagbag.py:540} INFO - Filling up the DagBag from /home/airflow/.local/lib/python3.8/site-packages/airflow/example_dags/example_local_kubernetes_executor.py
[2026-03-23T03:43:58.062+0000] {processor.py:840} INFO - DAG(s) 'example_local_kubernetes_executor' retrieved from /home/airflow/.local/lib/python3.8/site-packages/airflow/example_dags/example_local_kubernetes_executor.py
[2026-03-23T03:43:58.098+0000] {logging_mixin.py:188} INFO - [2026-03-23T03:43:58.097+0000] {dag.py:3047} INFO - Sync 1 DAGs
[2026-03-23T03:43:58.110+0000] {logging_mixin.py:188} INFO - [2026-03-23T03:43:58.109+0000] {dag.py:3834} INFO - Setting next_dagrun for example_local_kubernetes_executor to None, run_after=None
[2026-03-23T03:43:58.132+0000] {processor.py:183} INFO - Processing /home/airflow/.local/lib/python3.8/site-packages/airflow/example_dags/example_local_kubernetes_executor.py took 0.083 seconds
[2026-03-23T03:44:28.553+0000] {processor.py:161} INFO - Started process (PID=869) to work on /home/airflow/.local/lib/python3.8/site-packages/airflow/example_dags/example_local_kubernetes_executor.py
[2026-03-23T03:44:28.554+0000] {processor.py:830} INFO - Processing file /home/airflow/.local/lib/python3.8/site-packages/airflow/example_dags/example_local_kubernetes_executor.py for tasks to queue
[2026-03-23T03:44:28.556+0000] {logging_mixin.py:188} INFO - [2026-03-23T03:44:28.555+0000] {dagbag.py:540} INFO - Filling up the DagBag from /home/airflow/.local/lib/python3.8/site-packages/airflow/example_dags/example_local_kubernetes_executor.py
[2026-03-23T03:44:28.562+0000] {processor.py:840} INFO - DAG(s) 'example_local_kubernetes_executor' retrieved from /home/airflow/.local/lib/python3.8/site-packages/airflow/example_dags/example_local_kubernetes_executor.py
[2026-03-23T03:44:28.595+0000] {logging_mixin.py:188} INFO - [2026-03-23T03:44:28.594+0000] {dag.py:3047} INFO - Sync 1 DAGs
[2026-03-23T03:44:28.607+0000] {logging_mixin.py:188} INFO - [2026-03-23T03:44:28.607+0000] {dag.py:3834} INFO - Setting next_dagrun for example_local_kubernetes_executor to None, run_after=None
[2026-03-23T03:44:28.628+0000] {processor.py:183} INFO - Processing /home/airflow/.local/lib/python3.8/site-packages/airflow/example_dags/example_local_kubernetes_executor.py took 0.078 seconds
[2026-03-23T03:44:59.061+0000] {processor.py:161} INFO - Started process (PID=924) to work on /home/airflow/.local/lib/python3.8/site-packages/airflow/example_dags/example_local_kubernetes_executor.py
[2026-03-23T03:44:59.062+0000] {processor.py:830} INFO - Processing file /home/airflow/.local/lib/python3.8/site-packages/airflow/example_dags/example_local_kubernetes_executor.py for tasks to queue
[2026-03-23T03:44:59.064+0000] {logging_mixin.py:188} INFO - [2026-03-23T03:44:59.064+0000] {dagbag.py:540} INFO - Filling up the DagBag from /home/airflow/.local/lib/python3.8/site-packages/airflow/example_dags/example_local_kubernetes_executor.py
[2026-03-23T03:44:59.070+0000] {processor.py:840} INFO - DAG(s) 'example_local_kubernetes_executor' retrieved from /home/airflow/.local/lib/python3.8/site-packages/airflow/example_dags/example_local_kubernetes_executor.py
[2026-03-23T03:44:59.105+0000] {logging_mixin.py:188} INFO - [2026-03-23T03:44:59.104+0000] {dag.py:3047} INFO - Sync 1 DAGs
[2026-03-23T03:44:59.117+0000] {logging_mixin.py:188} INFO - [2026-03-23T03:44:59.116+0000] {dag.py:3834} INFO - Setting next_dagrun for example_local_kubernetes_executor to None, run_after=None
[2026-03-23T03:44:59.140+0000] {processor.py:183} INFO - Processing /home/airflow/.local/lib/python3.8/site-packages/airflow/example_dags/example_local_kubernetes_executor.py took 0.081 seconds
[2026-03-23T03:45:29.337+0000] {processor.py:161} INFO - Started process (PID=979) to work on /home/airflow/.local/lib/python3.8/site-packages/airflow/example_dags/example_local_kubernetes_executor.py
[2026-03-23T03:45:29.338+0000] {processor.py:830} INFO - Processing file /home/airflow/.local/lib/python3.8/site-packages/airflow/example_dags/example_local_kubernetes_executor.py for tasks to queue
[2026-03-23T03:45:29.340+0000] {logging_mixin.py:188} INFO - [2026-03-23T03:45:29.339+0000] {dagbag.py:540} INFO - Filling up the DagBag from /home/airflow/.local/lib/python3.8/site-packages/airflow/example_dags/example_local_kubernetes_executor.py
[2026-03-23T03:45:29.346+0000] {processor.py:840} INFO - DAG(s) 'example_local_kubernetes_executor' retrieved from /home/airflow/.local/lib/python3.8/site-packages/airflow/example_dags/example_local_kubernetes_executor.py
[2026-03-23T03:45:29.379+0000] {logging_mixin.py:188} INFO - [2026-03-23T03:45:29.379+0000] {dag.py:3047} INFO - Sync 1 DAGs
[2026-03-23T03:45:29.390+0000] {logging_mixin.py:188} INFO - [2026-03-23T03:45:29.390+0000] {dag.py:3834} INFO - Setting next_dagrun for example_local_kubernetes_executor to None, run_after=None
[2026-03-23T03:45:29.416+0000] {processor.py:183} INFO - Processing /home/airflow/.local/lib/python3.8/site-packages/airflow/example_dags/example_local_kubernetes_executor.py took 0.082 seconds
[2026-03-23T03:45:59.558+0000] {processor.py:161} INFO - Started process (PID=1034) to work on /home/airflow/.local/lib/python3.8/site-packages/airflow/example_dags/example_local_kubernetes_executor.py
[2026-03-23T03:45:59.560+0000] {processor.py:830} INFO - Processing file /home/airflow/.local/lib/python3.8/site-packages/airflow/example_dags/example_local_kubernetes_executor.py for tasks to queue
[2026-03-23T03:45:59.562+0000] {logging_mixin.py:188} INFO - [2026-03-23T03:45:59.561+0000] {dagbag.py:540} INFO - Filling up the DagBag from /home/airflow/.local/lib/python3.8/site-packages/airflow/example_dags/example_local_kubernetes_executor.py
[2026-03-23T03:45:59.569+0000] {processor.py:840} INFO - DAG(s) 'example_local_kubernetes_executor' retrieved from /home/airflow/.local/lib/python3.8/site-packages/airflow/example_dags/example_local_kubernetes_executor.py
[2026-03-23T03:45:59.602+0000] {logging_mixin.py:188} INFO - [2026-03-23T03:45:59.602+0000] {dag.py:3047} INFO - Sync 1 DAGs
[2026-03-23T03:45:59.614+0000] {logging_mixin.py:188} INFO - [2026-03-23T03:45:59.614+0000] {dag.py:3834} INFO - Setting next_dagrun for example_local_kubernetes_executor to None, run_after=None
[2026-03-23T03:45:59.640+0000] {processor.py:183} INFO - Processing /home/airflow/.local/lib/python3.8/site-packages/airflow/example_dags/example_local_kubernetes_executor.py took 0.084 seconds
[2026-03-23T03:46:29.756+0000] {processor.py:161} INFO - Started process (PID=1089) to work on /home/airflow/.local/lib/python3.8/site-packages/airflow/example_dags/example_local_kubernetes_executor.py
[2026-03-23T03:46:29.757+0000] {processor.py:830} INFO - Processing file /home/airflow/.local/lib/python3.8/site-packages/airflow/example_dags/example_local_kubernetes_executor.py for tasks to queue
[2026-03-23T03:46:29.760+0000] {logging_mixin.py:188} INFO - [2026-03-23T03:46:29.760+0000] {dagbag.py:540} INFO - Filling up the DagBag from /home/airflow/.local/lib/python3.8/site-packages/airflow/example_dags/example_local_kubernetes_executor.py
[2026-03-23T03:46:29.772+0000] {processor.py:840} INFO - DAG(s) 'example_local_kubernetes_executor' retrieved from /home/airflow/.local/lib/python3.8/site-packages/airflow/example_dags/example_local_kubernetes_executor.py
[2026-03-23T03:46:29.820+0000] {logging_mixin.py:188} INFO - [2026-03-23T03:46:29.820+0000] {dag.py:3047} INFO - Sync 1 DAGs
[2026-03-23T03:46:29.838+0000] {logging_mixin.py:188} INFO - [2026-03-23T03:46:29.837+0000] {dag.py:3834} INFO - Setting next_dagrun for example_local_kubernetes_executor to None, run_after=None
[2026-03-23T03:46:29.866+0000] {processor.py:183} INFO - Processing /home/airflow/.local/lib/python3.8/site-packages/airflow/example_dags/example_local_kubernetes_executor.py took 0.117 seconds
[2026-03-23T03:47:00.168+0000] {processor.py:161} INFO - Started process (PID=1144) to work on /home/airflow/.local/lib/python3.8/site-packages/airflow/example_dags/example_local_kubernetes_executor.py
[2026-03-23T03:47:00.169+0000] {processor.py:830} INFO - Processing file /home/airflow/.local/lib/python3.8/site-packages/airflow/example_dags/example_local_kubernetes_executor.py for tasks to queue
[2026-03-23T03:47:00.171+0000] {logging_mixin.py:188} INFO - [2026-03-23T03:47:00.171+0000] {dagbag.py:540} INFO - Filling up the DagBag from /home/airflow/.local/lib/python3.8/site-packages/airflow/example_dags/example_local_kubernetes_executor.py
[2026-03-23T03:47:00.178+0000] {processor.py:840} INFO - DAG(s) 'example_local_kubernetes_executor' retrieved from /home/airflow/.local/lib/python3.8/site-packages/airflow/example_dags/example_local_kubernetes_executor.py
[2026-03-23T03:47:00.211+0000] {logging_mixin.py:188} INFO - [2026-03-23T03:47:00.211+0000] {dag.py:3047} INFO - Sync 1 DAGs
[2026-03-23T03:47:00.224+0000] {logging_mixin.py:188} INFO - [2026-03-23T03:47:00.224+0000] {dag.py:3834} INFO - Setting next_dagrun for example_local_kubernetes_executor to None, run_after=None
[2026-03-23T03:47:00.246+0000] {processor.py:183} INFO - Processing /home/airflow/.local/lib/python3.8/site-packages/airflow/example_dags/example_local_kubernetes_executor.py took 0.080 seconds
[2026-03-23T03:47:30.375+0000] {processor.py:161} INFO - Started process (PID=1198) to work on /home/airflow/.local/lib/python3.8/site-packages/airflow/example_dags/example_local_kubernetes_executor.py
[2026-03-23T03:47:30.377+0000] {processor.py:830} INFO - Processing file /home/airflow/.local/lib/python3.8/site-packages/airflow/example_dags/example_local_kubernetes_executor.py for tasks to queue
[2026-03-23T03:47:30.379+0000] {logging_mixin.py:188} INFO - [2026-03-23T03:47:30.379+0000] {dagbag.py:540} INFO - Filling up the DagBag from /home/airflow/.local/lib/python3.8/site-packages/airflow/example_dags/example_local_kubernetes_executor.py
[2026-03-23T03:47:30.386+0000] {processor.py:840} INFO - DAG(s) 'example_local_kubernetes_executor' retrieved from /home/airflow/.local/lib/python3.8/site-packages/airflow/example_dags/example_local_kubernetes_executor.py
[2026-03-23T03:47:30.421+0000] {logging_mixin.py:188} INFO - [2026-03-23T03:47:30.420+0000] {dag.py:3047} INFO - Sync 1 DAGs
[2026-03-23T03:47:30.432+0000] {logging_mixin.py:188} INFO - [2026-03-23T03:47:30.431+0000] {dag.py:3834} INFO - Setting next_dagrun for example_local_kubernetes_executor to None, run_after=None
[2026-03-23T03:47:30.456+0000] {processor.py:183} INFO - Processing /home/airflow/.local/lib/python3.8/site-packages/airflow/example_dags/example_local_kubernetes_executor.py took 0.084 seconds
[2026-03-23T03:48:00.664+0000] {processor.py:161} INFO - Started process (PID=1253) to work on /home/airflow/.local/lib/python3.8/site-packages/airflow/example_dags/example_local_kubernetes_executor.py
[2026-03-23T03:48:00.665+0000] {processor.py:830} INFO - Processing file /home/airflow/.local/lib/python3.8/site-packages/airflow/example_dags/example_local_kubernetes_executor.py for tasks to queue
[2026-03-23T03:48:00.667+0000] {logging_mixin.py:188} INFO - [2026-03-23T03:48:00.667+0000] {dagbag.py:540} INFO - Filling up the DagBag from /home/airflow/.local/lib/python3.8/site-packages/airflow/example_dags/example_local_kubernetes_executor.py
[2026-03-23T03:48:00.675+0000] {processor.py:840} INFO - DAG(s) 'example_local_kubernetes_executor' retrieved from /home/airflow/.local/lib/python3.8/site-packages/airflow/example_dags/example_local_kubernetes_executor.py
[2026-03-23T03:48:00.710+0000] {logging_mixin.py:188} INFO - [2026-03-23T03:48:00.710+0000] {dag.py:3047} INFO - Sync 1 DAGs
[2026-03-23T03:48:00.722+0000] {logging_mixin.py:188} INFO - [2026-03-23T03:48:00.722+0000] {dag.py:3834} INFO - Setting next_dagrun for example_local_kubernetes_executor to None, run_after=None
[2026-03-23T03:48:00.746+0000] {processor.py:183} INFO - Processing /home/airflow/.local/lib/python3.8/site-packages/airflow/example_dags/example_local_kubernetes_executor.py took 0.085 seconds
[2026-03-23T03:48:31.275+0000] {processor.py:161} INFO - Started process (PID=1308) to work on /home/airflow/.local/lib/python3.8/site-packages/airflow/example_dags/example_local_kubernetes_executor.py
[2026-03-23T03:48:31.277+0000] {processor.py:830} INFO - Processing file /home/airflow/.local/lib/python3.8/site-packages/airflow/example_dags/example_local_kubernetes_executor.py for tasks to queue
[2026-03-23T03:48:31.279+0000] {logging_mixin.py:188} INFO - [2026-03-23T03:48:31.279+0000] {dagbag.py:540} INFO - Filling up the DagBag from /home/airflow/.local/lib/python3.8/site-packages/airflow/example_dags/example_local_kubernetes_executor.py
[2026-03-23T03:48:31.288+0000] {processor.py:840} INFO - DAG(s) 'example_local_kubernetes_executor' retrieved from /home/airflow/.local/lib/python3.8/site-packages/airflow/example_dags/example_local_kubernetes_executor.py
[2026-03-23T03:48:31.326+0000] {logging_mixin.py:188} INFO - [2026-03-23T03:48:31.326+0000] {dag.py:3047} INFO - Sync 1 DAGs
[2026-03-23T03:48:31.343+0000] {logging_mixin.py:188} INFO - [2026-03-23T03:48:31.343+0000] {dag.py:3834} INFO - Setting next_dagrun for example_local_kubernetes_executor to None, run_after=None
[2026-03-23T03:48:31.365+0000] {processor.py:183} INFO - Processing /home/airflow/.local/lib/python3.8/site-packages/airflow/example_dags/example_local_kubernetes_executor.py took 0.092 seconds
[2026-03-23T03:49:01.908+0000] {processor.py:161} INFO - Started process (PID=1364) to work on /home/airflow/.local/lib/python3.8/site-packages/airflow/example_dags/example_local_kubernetes_executor.py
[2026-03-23T03:49:01.909+0000] {processor.py:830} INFO - Processing file /home/airflow/.local/lib/python3.8/site-packages/airflow/example_dags/example_local_kubernetes_executor.py for tasks to queue
[2026-03-23T03:49:01.911+0000] {logging_mixin.py:188} INFO - [2026-03-23T03:49:01.911+0000] {dagbag.py:540} INFO - Filling up the DagBag from /home/airflow/.local/lib/python3.8/site-packages/airflow/example_dags/example_local_kubernetes_executor.py
[2026-03-23T03:49:01.920+0000] {processor.py:840} INFO - DAG(s) 'example_local_kubernetes_executor' retrieved from /home/airflow/.local/lib/python3.8/site-packages/airflow/example_dags/example_local_kubernetes_executor.py
[2026-03-23T03:49:01.961+0000] {logging_mixin.py:188} INFO - [2026-03-23T03:49:01.961+0000] {dag.py:3047} INFO - Sync 1 DAGs
[2026-03-23T03:49:01.975+0000] {logging_mixin.py:188} INFO - [2026-03-23T03:49:01.974+0000] {dag.py:3834} INFO - Setting next_dagrun for example_local_kubernetes_executor to None, run_after=None
[2026-03-23T03:49:02.002+0000] {processor.py:183} INFO - Processing /home/airflow/.local/lib/python3.8/site-packages/airflow/example_dags/example_local_kubernetes_executor.py took 0.099 seconds
[2026-03-23T03:49:32.267+0000] {processor.py:161} INFO - Started process (PID=1419) to work on /home/airflow/.local/lib/python3.8/site-packages/airflow/example_dags/example_local_kubernetes_executor.py
[2026-03-23T03:49:32.269+0000] {processor.py:830} INFO - Processing file /home/airflow/.local/lib/python3.8/site-packages/airflow/example_dags/example_local_kubernetes_executor.py for tasks to queue
[2026-03-23T03:49:32.271+0000] {logging_mixin.py:188} INFO - [2026-03-23T03:49:32.270+0000] {dagbag.py:540} INFO - Filling up the DagBag from /home/airflow/.local/lib/python3.8/site-packages/airflow/example_dags/example_local_kubernetes_executor.py
[2026-03-23T03:49:32.279+0000] {processor.py:840} INFO - DAG(s) 'example_local_kubernetes_executor' retrieved from /home/airflow/.local/lib/python3.8/site-packages/airflow/example_dags/example_local_kubernetes_executor.py
[2026-03-23T03:49:32.316+0000] {logging_mixin.py:188} INFO - [2026-03-23T03:49:32.316+0000] {dag.py:3047} INFO - Sync 1 DAGs
[2026-03-23T03:49:32.331+0000] {logging_mixin.py:188} INFO - [2026-03-23T03:49:32.331+0000] {dag.py:3834} INFO - Setting next_dagrun for example_local_kubernetes_executor to None, run_after=None
[2026-03-23T03:49:32.357+0000] {processor.py:183} INFO - Processing /home/airflow/.local/lib/python3.8/site-packages/airflow/example_dags/example_local_kubernetes_executor.py took 0.093 seconds
[2026-03-23T03:50:49.126+0000] {processor.py:161} INFO - Started process (PID=99) to work on /home/airflow/.local/lib/python3.8/site-packages/airflow/example_dags/example_local_kubernetes_executor.py
[2026-03-23T03:50:49.128+0000] {processor.py:830} INFO - Processing file /home/airflow/.local/lib/python3.8/site-packages/airflow/example_dags/example_local_kubernetes_executor.py for tasks to queue
[2026-03-23T03:50:49.130+0000] {logging_mixin.py:188} INFO - [2026-03-23T03:50:49.130+0000] {dagbag.py:540} INFO - Filling up the DagBag from /home/airflow/.local/lib/python3.8/site-packages/airflow/example_dags/example_local_kubernetes_executor.py
[2026-03-23T03:50:49.142+0000] {processor.py:840} INFO - DAG(s) 'example_local_kubernetes_executor' retrieved from /home/airflow/.local/lib/python3.8/site-packages/airflow/example_dags/example_local_kubernetes_executor.py
[2026-03-23T03:50:49.157+0000] {logging_mixin.py:188} INFO - [2026-03-23T03:50:49.156+0000] {dag.py:3047} INFO - Sync 1 DAGs
[2026-03-23T03:50:49.176+0000] {logging_mixin.py:188} INFO - [2026-03-23T03:50:49.176+0000] {dag.py:3834} INFO - Setting next_dagrun for example_local_kubernetes_executor to None, run_after=None
[2026-03-23T03:50:49.201+0000] {processor.py:183} INFO - Processing /home/airflow/.local/lib/python3.8/site-packages/airflow/example_dags/example_local_kubernetes_executor.py took 0.079 seconds
[2026-03-23T03:51:21.158+0000] {processor.py:161} INFO - Started process (PID=154) to work on /home/airflow/.local/lib/python3.8/site-packages/airflow/example_dags/example_local_kubernetes_executor.py
[2026-03-23T03:51:21.159+0000] {processor.py:830} INFO - Processing file /home/airflow/.local/lib/python3.8/site-packages/airflow/example_dags/example_local_kubernetes_executor.py for tasks to queue
[2026-03-23T03:51:21.162+0000] {logging_mixin.py:188} INFO - [2026-03-23T03:51:21.161+0000] {dagbag.py:540} INFO - Filling up the DagBag from /home/airflow/.local/lib/python3.8/site-packages/airflow/example_dags/example_local_kubernetes_executor.py
[2026-03-23T03:51:21.171+0000] {processor.py:840} INFO - DAG(s) 'example_local_kubernetes_executor' retrieved from /home/airflow/.local/lib/python3.8/site-packages/airflow/example_dags/example_local_kubernetes_executor.py
[2026-03-23T03:51:21.326+0000] {logging_mixin.py:188} INFO - [2026-03-23T03:51:21.325+0000] {dag.py:3047} INFO - Sync 1 DAGs
[2026-03-23T03:51:21.340+0000] {logging_mixin.py:188} INFO - [2026-03-23T03:51:21.340+0000] {dag.py:3834} INFO - Setting next_dagrun for example_local_kubernetes_executor to None, run_after=None
[2026-03-23T03:51:21.371+0000] {processor.py:183} INFO - Processing /home/airflow/.local/lib/python3.8/site-packages/airflow/example_dags/example_local_kubernetes_executor.py took 0.218 seconds
[2026-03-23T03:51:51.671+0000] {processor.py:161} INFO - Started process (PID=209) to work on /home/airflow/.local/lib/python3.8/site-packages/airflow/example_dags/example_local_kubernetes_executor.py
[2026-03-23T03:51:51.673+0000] {processor.py:830} INFO - Processing file /home/airflow/.local/lib/python3.8/site-packages/airflow/example_dags/example_local_kubernetes_executor.py for tasks to queue
[2026-03-23T03:51:51.675+0000] {logging_mixin.py:188} INFO - [2026-03-23T03:51:51.674+0000] {dagbag.py:540} INFO - Filling up the DagBag from /home/airflow/.local/lib/python3.8/site-packages/airflow/example_dags/example_local_kubernetes_executor.py
[2026-03-23T03:51:51.683+0000] {processor.py:840} INFO - DAG(s) 'example_local_kubernetes_executor' retrieved from /home/airflow/.local/lib/python3.8/site-packages/airflow/example_dags/example_local_kubernetes_executor.py
[2026-03-23T03:51:51.722+0000] {logging_mixin.py:188} INFO - [2026-03-23T03:51:51.722+0000] {dag.py:3047} INFO - Sync 1 DAGs
[2026-03-23T03:51:51.735+0000] {logging_mixin.py:188} INFO - [2026-03-23T03:51:51.735+0000] {dag.py:3834} INFO - Setting next_dagrun for example_local_kubernetes_executor to None, run_after=None
[2026-03-23T03:51:51.760+0000] {processor.py:183} INFO - Processing /home/airflow/.local/lib/python3.8/site-packages/airflow/example_dags/example_local_kubernetes_executor.py took 0.092 seconds
[2026-03-23T03:52:21.953+0000] {processor.py:161} INFO - Started process (PID=264) to work on /home/airflow/.local/lib/python3.8/site-packages/airflow/example_dags/example_local_kubernetes_executor.py
[2026-03-23T03:52:21.955+0000] {processor.py:830} INFO - Processing file /home/airflow/.local/lib/python3.8/site-packages/airflow/example_dags/example_local_kubernetes_executor.py for tasks to queue
[2026-03-23T03:52:21.957+0000] {logging_mixin.py:188} INFO - [2026-03-23T03:52:21.956+0000] {dagbag.py:540} INFO - Filling up the DagBag from /home/airflow/.local/lib/python3.8/site-packages/airflow/example_dags/example_local_kubernetes_executor.py
[2026-03-23T03:52:21.964+0000] {processor.py:840} INFO - DAG(s) 'example_local_kubernetes_executor' retrieved from /home/airflow/.local/lib/python3.8/site-packages/airflow/example_dags/example_local_kubernetes_executor.py
[2026-03-23T03:52:22.007+0000] {logging_mixin.py:188} INFO - [2026-03-23T03:52:22.006+0000] {dag.py:3047} INFO - Sync 1 DAGs
[2026-03-23T03:52:22.022+0000] {logging_mixin.py:188} INFO - [2026-03-23T03:52:22.022+0000] {dag.py:3834} INFO - Setting next_dagrun for example_local_kubernetes_executor to None, run_after=None
[2026-03-23T03:52:22.047+0000] {processor.py:183} INFO - Processing /home/airflow/.local/lib/python3.8/site-packages/airflow/example_dags/example_local_kubernetes_executor.py took 0.097 seconds
[2026-03-23T03:52:52.876+0000] {processor.py:161} INFO - Started process (PID=319) to work on /home/airflow/.local/lib/python3.8/site-packages/airflow/example_dags/example_local_kubernetes_executor.py
[2026-03-23T03:52:52.877+0000] {processor.py:830} INFO - Processing file /home/airflow/.local/lib/python3.8/site-packages/airflow/example_dags/example_local_kubernetes_executor.py for tasks to queue
[2026-03-23T03:52:52.880+0000] {logging_mixin.py:188} INFO - [2026-03-23T03:52:52.880+0000] {dagbag.py:540} INFO - Filling up the DagBag from /home/airflow/.local/lib/python3.8/site-packages/airflow/example_dags/example_local_kubernetes_executor.py
[2026-03-23T03:52:52.890+0000] {processor.py:840} INFO - DAG(s) 'example_local_kubernetes_executor' retrieved from /home/airflow/.local/lib/python3.8/site-packages/airflow/example_dags/example_local_kubernetes_executor.py
[2026-03-23T03:52:52.929+0000] {logging_mixin.py:188} INFO - [2026-03-23T03:52:52.929+0000] {dag.py:3047} INFO - Sync 1 DAGs
[2026-03-23T03:52:52.947+0000] {logging_mixin.py:188} INFO - [2026-03-23T03:52:52.946+0000] {dag.py:3834} INFO - Setting next_dagrun for example_local_kubernetes_executor to None, run_after=None
[2026-03-23T03:52:52.973+0000] {processor.py:183} INFO - Processing /home/airflow/.local/lib/python3.8/site-packages/airflow/example_dags/example_local_kubernetes_executor.py took 0.101 seconds
[2026-03-23T03:53:23.584+0000] {processor.py:161} INFO - Started process (PID=374) to work on /home/airflow/.local/lib/python3.8/site-packages/airflow/example_dags/example_local_kubernetes_executor.py
[2026-03-23T03:53:23.586+0000] {processor.py:830} INFO - Processing file /home/airflow/.local/lib/python3.8/site-packages/airflow/example_dags/example_local_kubernetes_executor.py for tasks to queue
[2026-03-23T03:53:23.588+0000] {logging_mixin.py:188} INFO - [2026-03-23T03:53:23.587+0000] {dagbag.py:540} INFO - Filling up the DagBag from /home/airflow/.local/lib/python3.8/site-packages/airflow/example_dags/example_local_kubernetes_executor.py
[2026-03-23T03:53:23.596+0000] {processor.py:840} INFO - DAG(s) 'example_local_kubernetes_executor' retrieved from /home/airflow/.local/lib/python3.8/site-packages/airflow/example_dags/example_local_kubernetes_executor.py
[2026-03-23T03:53:23.636+0000] {logging_mixin.py:188} INFO - [2026-03-23T03:53:23.636+0000] {dag.py:3047} INFO - Sync 1 DAGs
[2026-03-23T03:53:23.652+0000] {logging_mixin.py:188} INFO - [2026-03-23T03:53:23.652+0000] {dag.py:3834} INFO - Setting next_dagrun for example_local_kubernetes_executor to None, run_after=None
[2026-03-23T03:53:23.678+0000] {processor.py:183} INFO - Processing /home/airflow/.local/lib/python3.8/site-packages/airflow/example_dags/example_local_kubernetes_executor.py took 0.096 seconds
[2026-03-23T03:53:53.982+0000] {processor.py:161} INFO - Started process (PID=429) to work on /home/airflow/.local/lib/python3.8/site-packages/airflow/example_dags/example_local_kubernetes_executor.py
[2026-03-23T03:53:53.983+0000] {processor.py:830} INFO - Processing file /home/airflow/.local/lib/python3.8/site-packages/airflow/example_dags/example_local_kubernetes_executor.py for tasks to queue
[2026-03-23T03:53:53.986+0000] {logging_mixin.py:188} INFO - [2026-03-23T03:53:53.985+0000] {dagbag.py:540} INFO - Filling up the DagBag from /home/airflow/.local/lib/python3.8/site-packages/airflow/example_dags/example_local_kubernetes_executor.py
[2026-03-23T03:53:53.997+0000] {processor.py:840} INFO - DAG(s) 'example_local_kubernetes_executor' retrieved from /home/airflow/.local/lib/python3.8/site-packages/airflow/example_dags/example_local_kubernetes_executor.py
[2026-03-23T03:53:54.051+0000] {logging_mixin.py:188} INFO - [2026-03-23T03:53:54.050+0000] {dag.py:3047} INFO - Sync 1 DAGs
[2026-03-23T03:53:54.072+0000] {logging_mixin.py:188} INFO - [2026-03-23T03:53:54.072+0000] {dag.py:3834} INFO - Setting next_dagrun for example_local_kubernetes_executor to None, run_after=None
[2026-03-23T03:53:54.104+0000] {processor.py:183} INFO - Processing /home/airflow/.local/lib/python3.8/site-packages/airflow/example_dags/example_local_kubernetes_executor.py took 0.126 seconds
[2026-03-23T03:54:24.355+0000] {processor.py:161} INFO - Started process (PID=484) to work on /home/airflow/.local/lib/python3.8/site-packages/airflow/example_dags/example_local_kubernetes_executor.py
[2026-03-23T03:54:24.356+0000] {processor.py:830} INFO - Processing file /home/airflow/.local/lib/python3.8/site-packages/airflow/example_dags/example_local_kubernetes_executor.py for tasks to queue
[2026-03-23T03:54:24.358+0000] {logging_mixin.py:188} INFO - [2026-03-23T03:54:24.358+0000] {dagbag.py:540} INFO - Filling up the DagBag from /home/airflow/.local/lib/python3.8/site-packages/airflow/example_dags/example_local_kubernetes_executor.py
[2026-03-23T03:54:24.368+0000] {processor.py:840} INFO - DAG(s) 'example_local_kubernetes_executor' retrieved from /home/airflow/.local/lib/python3.8/site-packages/airflow/example_dags/example_local_kubernetes_executor.py
[2026-03-23T03:54:24.410+0000] {logging_mixin.py:188} INFO - [2026-03-23T03:54:24.410+0000] {dag.py:3047} INFO - Sync 1 DAGs
[2026-03-23T03:54:24.424+0000] {logging_mixin.py:188} INFO - [2026-03-23T03:54:24.423+0000] {dag.py:3834} INFO - Setting next_dagrun for example_local_kubernetes_executor to None, run_after=None
[2026-03-23T03:54:24.447+0000] {processor.py:183} INFO - Processing /home/airflow/.local/lib/python3.8/site-packages/airflow/example_dags/example_local_kubernetes_executor.py took 0.095 seconds
[2026-03-23T03:54:54.743+0000] {processor.py:161} INFO - Started process (PID=539) to work on /home/airflow/.local/lib/python3.8/site-packages/airflow/example_dags/example_local_kubernetes_executor.py
[2026-03-23T03:54:54.745+0000] {processor.py:830} INFO - Processing file /home/airflow/.local/lib/python3.8/site-packages/airflow/example_dags/example_local_kubernetes_executor.py for tasks to queue
[2026-03-23T03:54:54.746+0000] {logging_mixin.py:188} INFO - [2026-03-23T03:54:54.746+0000] {dagbag.py:540} INFO - Filling up the DagBag from /home/airflow/.local/lib/python3.8/site-packages/airflow/example_dags/example_local_kubernetes_executor.py
[2026-03-23T03:54:54.753+0000] {processor.py:840} INFO - DAG(s) 'example_local_kubernetes_executor' retrieved from /home/airflow/.local/lib/python3.8/site-packages/airflow/example_dags/example_local_kubernetes_executor.py
[2026-03-23T03:54:54.788+0000] {logging_mixin.py:188} INFO - [2026-03-23T03:54:54.788+0000] {dag.py:3047} INFO - Sync 1 DAGs
[2026-03-23T03:54:54.800+0000] {logging_mixin.py:188} INFO - [2026-03-23T03:54:54.800+0000] {dag.py:3834} INFO - Setting next_dagrun for example_local_kubernetes_executor to None, run_after=None
[2026-03-23T03:54:54.821+0000] {processor.py:183} INFO - Processing /home/airflow/.local/lib/python3.8/site-packages/airflow/example_dags/example_local_kubernetes_executor.py took 0.080 seconds
[2026-03-23T03:55:24.910+0000] {processor.py:161} INFO - Started process (PID=594) to work on /home/airflow/.local/lib/python3.8/site-packages/airflow/example_dags/example_local_kubernetes_executor.py
[2026-03-23T03:55:24.911+0000] {processor.py:830} INFO - Processing file /home/airflow/.local/lib/python3.8/site-packages/airflow/example_dags/example_local_kubernetes_executor.py for tasks to queue
[2026-03-23T03:55:24.913+0000] {logging_mixin.py:188} INFO - [2026-03-23T03:55:24.913+0000] {dagbag.py:540} INFO - Filling up the DagBag from /home/airflow/.local/lib/python3.8/site-packages/airflow/example_dags/example_local_kubernetes_executor.py
[2026-03-23T03:55:24.921+0000] {processor.py:840} INFO - DAG(s) 'example_local_kubernetes_executor' retrieved from /home/airflow/.local/lib/python3.8/site-packages/airflow/example_dags/example_local_kubernetes_executor.py
[2026-03-23T03:55:24.958+0000] {logging_mixin.py:188} INFO - [2026-03-23T03:55:24.958+0000] {dag.py:3047} INFO - Sync 1 DAGs
[2026-03-23T03:55:24.971+0000] {logging_mixin.py:188} INFO - [2026-03-23T03:55:24.970+0000] {dag.py:3834} INFO - Setting next_dagrun for example_local_kubernetes_executor to None, run_after=None
[2026-03-23T03:55:24.993+0000] {processor.py:183} INFO - Processing /home/airflow/.local/lib/python3.8/site-packages/airflow/example_dags/example_local_kubernetes_executor.py took 0.086 seconds
[2026-03-23T03:55:55.187+0000] {processor.py:161} INFO - Started process (PID=649) to work on /home/airflow/.local/lib/python3.8/site-packages/airflow/example_dags/example_local_kubernetes_executor.py
[2026-03-23T03:55:55.188+0000] {processor.py:830} INFO - Processing file /home/airflow/.local/lib/python3.8/site-packages/airflow/example_dags/example_local_kubernetes_executor.py for tasks to queue
[2026-03-23T03:55:55.191+0000] {logging_mixin.py:188} INFO - [2026-03-23T03:55:55.190+0000] {dagbag.py:540} INFO - Filling up the DagBag from /home/airflow/.local/lib/python3.8/site-packages/airflow/example_dags/example_local_kubernetes_executor.py
[2026-03-23T03:55:55.198+0000] {processor.py:840} INFO - DAG(s) 'example_local_kubernetes_executor' retrieved from /home/airflow/.local/lib/python3.8/site-packages/airflow/example_dags/example_local_kubernetes_executor.py
[2026-03-23T03:55:55.237+0000] {logging_mixin.py:188} INFO - [2026-03-23T03:55:55.237+0000] {dag.py:3047} INFO - Sync 1 DAGs
[2026-03-23T03:55:55.250+0000] {logging_mixin.py:188} INFO - [2026-03-23T03:55:55.249+0000] {dag.py:3834} INFO - Setting next_dagrun for example_local_kubernetes_executor to None, run_after=None
[2026-03-23T03:55:55.270+0000] {processor.py:183} INFO - Processing /home/airflow/.local/lib/python3.8/site-packages/airflow/example_dags/example_local_kubernetes_executor.py took 0.085 seconds
[2026-03-23T03:56:25.506+0000] {processor.py:161} INFO - Started process (PID=704) to work on /home/airflow/.local/lib/python3.8/site-packages/airflow/example_dags/example_local_kubernetes_executor.py
[2026-03-23T03:56:25.507+0000] {processor.py:830} INFO - Processing file /home/airflow/.local/lib/python3.8/site-packages/airflow/example_dags/example_local_kubernetes_executor.py for tasks to queue
[2026-03-23T03:56:25.509+0000] {logging_mixin.py:188} INFO - [2026-03-23T03:56:25.509+0000] {dagbag.py:540} INFO - Filling up the DagBag from /home/airflow/.local/lib/python3.8/site-packages/airflow/example_dags/example_local_kubernetes_executor.py
[2026-03-23T03:56:25.517+0000] {processor.py:840} INFO - DAG(s) 'example_local_kubernetes_executor' retrieved from /home/airflow/.local/lib/python3.8/site-packages/airflow/example_dags/example_local_kubernetes_executor.py
[2026-03-23T03:56:25.553+0000] {logging_mixin.py:188} INFO - [2026-03-23T03:56:25.553+0000] {dag.py:3047} INFO - Sync 1 DAGs
[2026-03-23T03:56:25.568+0000] {logging_mixin.py:188} INFO - [2026-03-23T03:56:25.568+0000] {dag.py:3834} INFO - Setting next_dagrun for example_local_kubernetes_executor to None, run_after=None
[2026-03-23T03:56:25.593+0000] {processor.py:183} INFO - Processing /home/airflow/.local/lib/python3.8/site-packages/airflow/example_dags/example_local_kubernetes_executor.py took 0.091 seconds
