[2026-03-23T03:21:14.501+0000] {processor.py:161} INFO - Started process (PID=73) to work on /home/airflow/.local/lib/python3.8/site-packages/airflow/example_dags/example_python_decorator.py
[2026-03-23T03:21:14.503+0000] {processor.py:830} INFO - Processing file /home/airflow/.local/lib/python3.8/site-packages/airflow/example_dags/example_python_decorator.py for tasks to queue
[2026-03-23T03:21:14.506+0000] {logging_mixin.py:188} INFO - [2026-03-23T03:21:14.505+0000] {dagbag.py:540} INFO - Filling up the DagBag from /home/airflow/.local/lib/python3.8/site-packages/airflow/example_dags/example_python_decorator.py
[2026-03-23T03:21:14.525+0000] {processor.py:840} INFO - DAG(s) 'example_python_decorator' retrieved from /home/airflow/.local/lib/python3.8/site-packages/airflow/example_dags/example_python_decorator.py
[2026-03-23T03:21:14.539+0000] {logging_mixin.py:188} INFO - [2026-03-23T03:21:14.538+0000] {dag.py:3047} INFO - Sync 1 DAGs
[2026-03-23T03:21:14.554+0000] {logging_mixin.py:188} INFO - [2026-03-23T03:21:14.554+0000] {dag.py:3834} INFO - Setting next_dagrun for example_python_decorator to None, run_after=None
[2026-03-23T03:21:14.578+0000] {processor.py:183} INFO - Processing /home/airflow/.local/lib/python3.8/site-packages/airflow/example_dags/example_python_decorator.py took 0.081 seconds
[2026-03-23T03:21:44.639+0000] {processor.py:161} INFO - Started process (PID=128) to work on /home/airflow/.local/lib/python3.8/site-packages/airflow/example_dags/example_python_decorator.py
[2026-03-23T03:21:44.641+0000] {processor.py:830} INFO - Processing file /home/airflow/.local/lib/python3.8/site-packages/airflow/example_dags/example_python_decorator.py for tasks to queue
[2026-03-23T03:21:44.643+0000] {logging_mixin.py:188} INFO - [2026-03-23T03:21:44.643+0000] {dagbag.py:540} INFO - Filling up the DagBag from /home/airflow/.local/lib/python3.8/site-packages/airflow/example_dags/example_python_decorator.py
[2026-03-23T03:21:44.656+0000] {processor.py:840} INFO - DAG(s) 'example_python_decorator' retrieved from /home/airflow/.local/lib/python3.8/site-packages/airflow/example_dags/example_python_decorator.py
[2026-03-23T03:21:44.669+0000] {logging_mixin.py:188} INFO - [2026-03-23T03:21:44.669+0000] {dag.py:3047} INFO - Sync 1 DAGs
[2026-03-23T03:21:44.683+0000] {logging_mixin.py:188} INFO - [2026-03-23T03:21:44.682+0000] {dag.py:3834} INFO - Setting next_dagrun for example_python_decorator to None, run_after=None
[2026-03-23T03:21:44.705+0000] {processor.py:183} INFO - Processing /home/airflow/.local/lib/python3.8/site-packages/airflow/example_dags/example_python_decorator.py took 0.071 seconds
[2026-03-23T03:22:16.213+0000] {processor.py:161} INFO - Started process (PID=183) to work on /home/airflow/.local/lib/python3.8/site-packages/airflow/example_dags/example_python_decorator.py
[2026-03-23T03:22:16.214+0000] {processor.py:830} INFO - Processing file /home/airflow/.local/lib/python3.8/site-packages/airflow/example_dags/example_python_decorator.py for tasks to queue
[2026-03-23T03:22:16.217+0000] {logging_mixin.py:188} INFO - [2026-03-23T03:22:16.216+0000] {dagbag.py:540} INFO - Filling up the DagBag from /home/airflow/.local/lib/python3.8/site-packages/airflow/example_dags/example_python_decorator.py
[2026-03-23T03:22:16.229+0000] {processor.py:840} INFO - DAG(s) 'example_python_decorator' retrieved from /home/airflow/.local/lib/python3.8/site-packages/airflow/example_dags/example_python_decorator.py
[2026-03-23T03:22:16.338+0000] {logging_mixin.py:188} INFO - [2026-03-23T03:22:16.337+0000] {dag.py:3047} INFO - Sync 1 DAGs
[2026-03-23T03:22:16.351+0000] {logging_mixin.py:188} INFO - [2026-03-23T03:22:16.351+0000] {dag.py:3834} INFO - Setting next_dagrun for example_python_decorator to None, run_after=None
[2026-03-23T03:22:16.381+0000] {processor.py:183} INFO - Processing /home/airflow/.local/lib/python3.8/site-packages/airflow/example_dags/example_python_decorator.py took 0.171 seconds
[2026-03-23T03:22:46.517+0000] {processor.py:161} INFO - Started process (PID=238) to work on /home/airflow/.local/lib/python3.8/site-packages/airflow/example_dags/example_python_decorator.py
[2026-03-23T03:22:46.519+0000] {processor.py:830} INFO - Processing file /home/airflow/.local/lib/python3.8/site-packages/airflow/example_dags/example_python_decorator.py for tasks to queue
[2026-03-23T03:22:46.520+0000] {logging_mixin.py:188} INFO - [2026-03-23T03:22:46.520+0000] {dagbag.py:540} INFO - Filling up the DagBag from /home/airflow/.local/lib/python3.8/site-packages/airflow/example_dags/example_python_decorator.py
[2026-03-23T03:22:46.533+0000] {processor.py:840} INFO - DAG(s) 'example_python_decorator' retrieved from /home/airflow/.local/lib/python3.8/site-packages/airflow/example_dags/example_python_decorator.py
[2026-03-23T03:22:46.557+0000] {logging_mixin.py:188} INFO - [2026-03-23T03:22:46.556+0000] {dag.py:3047} INFO - Sync 1 DAGs
[2026-03-23T03:22:46.569+0000] {logging_mixin.py:188} INFO - [2026-03-23T03:22:46.569+0000] {dag.py:3834} INFO - Setting next_dagrun for example_python_decorator to None, run_after=None
[2026-03-23T03:22:46.590+0000] {processor.py:183} INFO - Processing /home/airflow/.local/lib/python3.8/site-packages/airflow/example_dags/example_python_decorator.py took 0.076 seconds
[2026-03-23T03:23:17.503+0000] {processor.py:161} INFO - Started process (PID=299) to work on /home/airflow/.local/lib/python3.8/site-packages/airflow/example_dags/example_python_decorator.py
[2026-03-23T03:23:17.504+0000] {processor.py:830} INFO - Processing file /home/airflow/.local/lib/python3.8/site-packages/airflow/example_dags/example_python_decorator.py for tasks to queue
[2026-03-23T03:23:17.506+0000] {logging_mixin.py:188} INFO - [2026-03-23T03:23:17.506+0000] {dagbag.py:540} INFO - Filling up the DagBag from /home/airflow/.local/lib/python3.8/site-packages/airflow/example_dags/example_python_decorator.py
[2026-03-23T03:23:17.518+0000] {processor.py:840} INFO - DAG(s) 'example_python_decorator' retrieved from /home/airflow/.local/lib/python3.8/site-packages/airflow/example_dags/example_python_decorator.py
[2026-03-23T03:23:17.540+0000] {logging_mixin.py:188} INFO - [2026-03-23T03:23:17.539+0000] {dag.py:3047} INFO - Sync 1 DAGs
[2026-03-23T03:23:17.551+0000] {logging_mixin.py:188} INFO - [2026-03-23T03:23:17.551+0000] {dag.py:3834} INFO - Setting next_dagrun for example_python_decorator to None, run_after=None
[2026-03-23T03:23:17.576+0000] {processor.py:183} INFO - Processing /home/airflow/.local/lib/python3.8/site-packages/airflow/example_dags/example_python_decorator.py took 0.076 seconds
[2026-03-23T03:25:08.707+0000] {processor.py:161} INFO - Started process (PID=73) to work on /home/airflow/.local/lib/python3.8/site-packages/airflow/example_dags/example_python_decorator.py
[2026-03-23T03:25:08.709+0000] {processor.py:830} INFO - Processing file /home/airflow/.local/lib/python3.8/site-packages/airflow/example_dags/example_python_decorator.py for tasks to queue
[2026-03-23T03:25:08.713+0000] {logging_mixin.py:188} INFO - [2026-03-23T03:25:08.712+0000] {dagbag.py:540} INFO - Filling up the DagBag from /home/airflow/.local/lib/python3.8/site-packages/airflow/example_dags/example_python_decorator.py
[2026-03-23T03:25:08.737+0000] {processor.py:840} INFO - DAG(s) 'example_python_decorator' retrieved from /home/airflow/.local/lib/python3.8/site-packages/airflow/example_dags/example_python_decorator.py
[2026-03-23T03:25:08.753+0000] {logging_mixin.py:188} INFO - [2026-03-23T03:25:08.753+0000] {dag.py:3047} INFO - Sync 1 DAGs
[2026-03-23T03:25:08.770+0000] {logging_mixin.py:188} INFO - [2026-03-23T03:25:08.770+0000] {dag.py:3834} INFO - Setting next_dagrun for example_python_decorator to None, run_after=None
[2026-03-23T03:25:08.796+0000] {processor.py:183} INFO - Processing /home/airflow/.local/lib/python3.8/site-packages/airflow/example_dags/example_python_decorator.py took 0.094 seconds
[2026-03-23T03:25:40.180+0000] {processor.py:161} INFO - Started process (PID=128) to work on /home/airflow/.local/lib/python3.8/site-packages/airflow/example_dags/example_python_decorator.py
[2026-03-23T03:25:40.181+0000] {processor.py:830} INFO - Processing file /home/airflow/.local/lib/python3.8/site-packages/airflow/example_dags/example_python_decorator.py for tasks to queue
[2026-03-23T03:25:40.183+0000] {logging_mixin.py:188} INFO - [2026-03-23T03:25:40.183+0000] {dagbag.py:540} INFO - Filling up the DagBag from /home/airflow/.local/lib/python3.8/site-packages/airflow/example_dags/example_python_decorator.py
[2026-03-23T03:25:40.198+0000] {processor.py:840} INFO - DAG(s) 'example_python_decorator' retrieved from /home/airflow/.local/lib/python3.8/site-packages/airflow/example_dags/example_python_decorator.py
[2026-03-23T03:25:40.326+0000] {logging_mixin.py:188} INFO - [2026-03-23T03:25:40.325+0000] {dag.py:3047} INFO - Sync 1 DAGs
[2026-03-23T03:25:40.339+0000] {logging_mixin.py:188} INFO - [2026-03-23T03:25:40.338+0000] {dag.py:3834} INFO - Setting next_dagrun for example_python_decorator to None, run_after=None
[2026-03-23T03:25:40.365+0000] {processor.py:183} INFO - Processing /home/airflow/.local/lib/python3.8/site-packages/airflow/example_dags/example_python_decorator.py took 0.189 seconds
[2026-03-23T03:26:10.490+0000] {processor.py:161} INFO - Started process (PID=183) to work on /home/airflow/.local/lib/python3.8/site-packages/airflow/example_dags/example_python_decorator.py
[2026-03-23T03:26:10.491+0000] {processor.py:830} INFO - Processing file /home/airflow/.local/lib/python3.8/site-packages/airflow/example_dags/example_python_decorator.py for tasks to queue
[2026-03-23T03:26:10.493+0000] {logging_mixin.py:188} INFO - [2026-03-23T03:26:10.492+0000] {dagbag.py:540} INFO - Filling up the DagBag from /home/airflow/.local/lib/python3.8/site-packages/airflow/example_dags/example_python_decorator.py
[2026-03-23T03:26:10.506+0000] {processor.py:840} INFO - DAG(s) 'example_python_decorator' retrieved from /home/airflow/.local/lib/python3.8/site-packages/airflow/example_dags/example_python_decorator.py
[2026-03-23T03:26:10.536+0000] {logging_mixin.py:188} INFO - [2026-03-23T03:26:10.536+0000] {dag.py:3047} INFO - Sync 1 DAGs
[2026-03-23T03:26:10.551+0000] {logging_mixin.py:188} INFO - [2026-03-23T03:26:10.551+0000] {dag.py:3834} INFO - Setting next_dagrun for example_python_decorator to None, run_after=None
[2026-03-23T03:26:10.582+0000] {processor.py:183} INFO - Processing /home/airflow/.local/lib/python3.8/site-packages/airflow/example_dags/example_python_decorator.py took 0.095 seconds
[2026-03-23T03:26:40.849+0000] {processor.py:161} INFO - Started process (PID=238) to work on /home/airflow/.local/lib/python3.8/site-packages/airflow/example_dags/example_python_decorator.py
[2026-03-23T03:26:40.850+0000] {processor.py:830} INFO - Processing file /home/airflow/.local/lib/python3.8/site-packages/airflow/example_dags/example_python_decorator.py for tasks to queue
[2026-03-23T03:26:40.852+0000] {logging_mixin.py:188} INFO - [2026-03-23T03:26:40.852+0000] {dagbag.py:540} INFO - Filling up the DagBag from /home/airflow/.local/lib/python3.8/site-packages/airflow/example_dags/example_python_decorator.py
[2026-03-23T03:26:40.865+0000] {processor.py:840} INFO - DAG(s) 'example_python_decorator' retrieved from /home/airflow/.local/lib/python3.8/site-packages/airflow/example_dags/example_python_decorator.py
[2026-03-23T03:26:40.887+0000] {logging_mixin.py:188} INFO - [2026-03-23T03:26:40.887+0000] {dag.py:3047} INFO - Sync 1 DAGs
[2026-03-23T03:26:40.901+0000] {logging_mixin.py:188} INFO - [2026-03-23T03:26:40.901+0000] {dag.py:3834} INFO - Setting next_dagrun for example_python_decorator to None, run_after=None
[2026-03-23T03:26:40.927+0000] {processor.py:183} INFO - Processing /home/airflow/.local/lib/python3.8/site-packages/airflow/example_dags/example_python_decorator.py took 0.082 seconds
[2026-03-23T03:27:11.310+0000] {processor.py:161} INFO - Started process (PID=293) to work on /home/airflow/.local/lib/python3.8/site-packages/airflow/example_dags/example_python_decorator.py
[2026-03-23T03:27:11.311+0000] {processor.py:830} INFO - Processing file /home/airflow/.local/lib/python3.8/site-packages/airflow/example_dags/example_python_decorator.py for tasks to queue
[2026-03-23T03:27:11.313+0000] {logging_mixin.py:188} INFO - [2026-03-23T03:27:11.313+0000] {dagbag.py:540} INFO - Filling up the DagBag from /home/airflow/.local/lib/python3.8/site-packages/airflow/example_dags/example_python_decorator.py
[2026-03-23T03:27:11.326+0000] {processor.py:840} INFO - DAG(s) 'example_python_decorator' retrieved from /home/airflow/.local/lib/python3.8/site-packages/airflow/example_dags/example_python_decorator.py
[2026-03-23T03:27:11.346+0000] {logging_mixin.py:188} INFO - [2026-03-23T03:27:11.346+0000] {dag.py:3047} INFO - Sync 1 DAGs
[2026-03-23T03:27:11.359+0000] {logging_mixin.py:188} INFO - [2026-03-23T03:27:11.359+0000] {dag.py:3834} INFO - Setting next_dagrun for example_python_decorator to None, run_after=None
[2026-03-23T03:27:11.379+0000] {processor.py:183} INFO - Processing /home/airflow/.local/lib/python3.8/site-packages/airflow/example_dags/example_python_decorator.py took 0.071 seconds
[2026-03-23T03:27:41.491+0000] {processor.py:161} INFO - Started process (PID=348) to work on /home/airflow/.local/lib/python3.8/site-packages/airflow/example_dags/example_python_decorator.py
[2026-03-23T03:27:41.493+0000] {processor.py:830} INFO - Processing file /home/airflow/.local/lib/python3.8/site-packages/airflow/example_dags/example_python_decorator.py for tasks to queue
[2026-03-23T03:27:41.494+0000] {logging_mixin.py:188} INFO - [2026-03-23T03:27:41.494+0000] {dagbag.py:540} INFO - Filling up the DagBag from /home/airflow/.local/lib/python3.8/site-packages/airflow/example_dags/example_python_decorator.py
[2026-03-23T03:27:41.506+0000] {processor.py:840} INFO - DAG(s) 'example_python_decorator' retrieved from /home/airflow/.local/lib/python3.8/site-packages/airflow/example_dags/example_python_decorator.py
[2026-03-23T03:27:41.531+0000] {logging_mixin.py:188} INFO - [2026-03-23T03:27:41.531+0000] {dag.py:3047} INFO - Sync 1 DAGs
[2026-03-23T03:27:41.543+0000] {logging_mixin.py:188} INFO - [2026-03-23T03:27:41.543+0000] {dag.py:3834} INFO - Setting next_dagrun for example_python_decorator to None, run_after=None
[2026-03-23T03:27:41.566+0000] {processor.py:183} INFO - Processing /home/airflow/.local/lib/python3.8/site-packages/airflow/example_dags/example_python_decorator.py took 0.078 seconds
[2026-03-23T03:28:11.744+0000] {processor.py:161} INFO - Started process (PID=403) to work on /home/airflow/.local/lib/python3.8/site-packages/airflow/example_dags/example_python_decorator.py
[2026-03-23T03:28:11.746+0000] {processor.py:830} INFO - Processing file /home/airflow/.local/lib/python3.8/site-packages/airflow/example_dags/example_python_decorator.py for tasks to queue
[2026-03-23T03:28:11.748+0000] {logging_mixin.py:188} INFO - [2026-03-23T03:28:11.747+0000] {dagbag.py:540} INFO - Filling up the DagBag from /home/airflow/.local/lib/python3.8/site-packages/airflow/example_dags/example_python_decorator.py
[2026-03-23T03:28:11.760+0000] {processor.py:840} INFO - DAG(s) 'example_python_decorator' retrieved from /home/airflow/.local/lib/python3.8/site-packages/airflow/example_dags/example_python_decorator.py
[2026-03-23T03:28:11.784+0000] {logging_mixin.py:188} INFO - [2026-03-23T03:28:11.783+0000] {dag.py:3047} INFO - Sync 1 DAGs
[2026-03-23T03:28:11.797+0000] {logging_mixin.py:188} INFO - [2026-03-23T03:28:11.797+0000] {dag.py:3834} INFO - Setting next_dagrun for example_python_decorator to None, run_after=None
[2026-03-23T03:28:11.816+0000] {processor.py:183} INFO - Processing /home/airflow/.local/lib/python3.8/site-packages/airflow/example_dags/example_python_decorator.py took 0.075 seconds
[2026-03-23T03:28:42.300+0000] {processor.py:161} INFO - Started process (PID=464) to work on /home/airflow/.local/lib/python3.8/site-packages/airflow/example_dags/example_python_decorator.py
[2026-03-23T03:28:42.301+0000] {processor.py:830} INFO - Processing file /home/airflow/.local/lib/python3.8/site-packages/airflow/example_dags/example_python_decorator.py for tasks to queue
[2026-03-23T03:28:42.303+0000] {logging_mixin.py:188} INFO - [2026-03-23T03:28:42.303+0000] {dagbag.py:540} INFO - Filling up the DagBag from /home/airflow/.local/lib/python3.8/site-packages/airflow/example_dags/example_python_decorator.py
[2026-03-23T03:28:42.314+0000] {processor.py:840} INFO - DAG(s) 'example_python_decorator' retrieved from /home/airflow/.local/lib/python3.8/site-packages/airflow/example_dags/example_python_decorator.py
[2026-03-23T03:28:42.337+0000] {logging_mixin.py:188} INFO - [2026-03-23T03:28:42.336+0000] {dag.py:3047} INFO - Sync 1 DAGs
[2026-03-23T03:28:42.348+0000] {logging_mixin.py:188} INFO - [2026-03-23T03:28:42.347+0000] {dag.py:3834} INFO - Setting next_dagrun for example_python_decorator to None, run_after=None
[2026-03-23T03:28:42.371+0000] {processor.py:183} INFO - Processing /home/airflow/.local/lib/python3.8/site-packages/airflow/example_dags/example_python_decorator.py took 0.074 seconds
[2026-03-23T03:29:12.621+0000] {processor.py:161} INFO - Started process (PID=519) to work on /home/airflow/.local/lib/python3.8/site-packages/airflow/example_dags/example_python_decorator.py
[2026-03-23T03:29:12.622+0000] {processor.py:830} INFO - Processing file /home/airflow/.local/lib/python3.8/site-packages/airflow/example_dags/example_python_decorator.py for tasks to queue
[2026-03-23T03:29:12.624+0000] {logging_mixin.py:188} INFO - [2026-03-23T03:29:12.623+0000] {dagbag.py:540} INFO - Filling up the DagBag from /home/airflow/.local/lib/python3.8/site-packages/airflow/example_dags/example_python_decorator.py
[2026-03-23T03:29:12.635+0000] {processor.py:840} INFO - DAG(s) 'example_python_decorator' retrieved from /home/airflow/.local/lib/python3.8/site-packages/airflow/example_dags/example_python_decorator.py
[2026-03-23T03:29:12.656+0000] {logging_mixin.py:188} INFO - [2026-03-23T03:29:12.656+0000] {dag.py:3047} INFO - Sync 1 DAGs
[2026-03-23T03:29:12.667+0000] {logging_mixin.py:188} INFO - [2026-03-23T03:29:12.667+0000] {dag.py:3834} INFO - Setting next_dagrun for example_python_decorator to None, run_after=None
[2026-03-23T03:29:12.688+0000] {processor.py:183} INFO - Processing /home/airflow/.local/lib/python3.8/site-packages/airflow/example_dags/example_python_decorator.py took 0.070 seconds
[2026-03-23T03:29:42.862+0000] {processor.py:161} INFO - Started process (PID=574) to work on /home/airflow/.local/lib/python3.8/site-packages/airflow/example_dags/example_python_decorator.py
[2026-03-23T03:29:42.864+0000] {processor.py:830} INFO - Processing file /home/airflow/.local/lib/python3.8/site-packages/airflow/example_dags/example_python_decorator.py for tasks to queue
[2026-03-23T03:29:42.866+0000] {logging_mixin.py:188} INFO - [2026-03-23T03:29:42.865+0000] {dagbag.py:540} INFO - Filling up the DagBag from /home/airflow/.local/lib/python3.8/site-packages/airflow/example_dags/example_python_decorator.py
[2026-03-23T03:29:42.878+0000] {processor.py:840} INFO - DAG(s) 'example_python_decorator' retrieved from /home/airflow/.local/lib/python3.8/site-packages/airflow/example_dags/example_python_decorator.py
[2026-03-23T03:29:42.902+0000] {logging_mixin.py:188} INFO - [2026-03-23T03:29:42.902+0000] {dag.py:3047} INFO - Sync 1 DAGs
[2026-03-23T03:29:42.914+0000] {logging_mixin.py:188} INFO - [2026-03-23T03:29:42.914+0000] {dag.py:3834} INFO - Setting next_dagrun for example_python_decorator to None, run_after=None
[2026-03-23T03:29:42.934+0000] {processor.py:183} INFO - Processing /home/airflow/.local/lib/python3.8/site-packages/airflow/example_dags/example_python_decorator.py took 0.075 seconds
[2026-03-23T03:30:13.132+0000] {processor.py:161} INFO - Started process (PID=629) to work on /home/airflow/.local/lib/python3.8/site-packages/airflow/example_dags/example_python_decorator.py
[2026-03-23T03:30:13.133+0000] {processor.py:830} INFO - Processing file /home/airflow/.local/lib/python3.8/site-packages/airflow/example_dags/example_python_decorator.py for tasks to queue
[2026-03-23T03:30:13.135+0000] {logging_mixin.py:188} INFO - [2026-03-23T03:30:13.135+0000] {dagbag.py:540} INFO - Filling up the DagBag from /home/airflow/.local/lib/python3.8/site-packages/airflow/example_dags/example_python_decorator.py
[2026-03-23T03:30:13.148+0000] {processor.py:840} INFO - DAG(s) 'example_python_decorator' retrieved from /home/airflow/.local/lib/python3.8/site-packages/airflow/example_dags/example_python_decorator.py
[2026-03-23T03:30:13.175+0000] {logging_mixin.py:188} INFO - [2026-03-23T03:30:13.175+0000] {dag.py:3047} INFO - Sync 1 DAGs
[2026-03-23T03:30:13.189+0000] {logging_mixin.py:188} INFO - [2026-03-23T03:30:13.189+0000] {dag.py:3834} INFO - Setting next_dagrun for example_python_decorator to None, run_after=None
[2026-03-23T03:30:13.212+0000] {processor.py:183} INFO - Processing /home/airflow/.local/lib/python3.8/site-packages/airflow/example_dags/example_python_decorator.py took 0.084 seconds
[2026-03-23T03:30:43.449+0000] {processor.py:161} INFO - Started process (PID=684) to work on /home/airflow/.local/lib/python3.8/site-packages/airflow/example_dags/example_python_decorator.py
[2026-03-23T03:30:43.450+0000] {processor.py:830} INFO - Processing file /home/airflow/.local/lib/python3.8/site-packages/airflow/example_dags/example_python_decorator.py for tasks to queue
[2026-03-23T03:30:43.452+0000] {logging_mixin.py:188} INFO - [2026-03-23T03:30:43.452+0000] {dagbag.py:540} INFO - Filling up the DagBag from /home/airflow/.local/lib/python3.8/site-packages/airflow/example_dags/example_python_decorator.py
[2026-03-23T03:30:43.463+0000] {processor.py:840} INFO - DAG(s) 'example_python_decorator' retrieved from /home/airflow/.local/lib/python3.8/site-packages/airflow/example_dags/example_python_decorator.py
[2026-03-23T03:30:43.485+0000] {logging_mixin.py:188} INFO - [2026-03-23T03:30:43.484+0000] {dag.py:3047} INFO - Sync 1 DAGs
[2026-03-23T03:30:43.496+0000] {logging_mixin.py:188} INFO - [2026-03-23T03:30:43.496+0000] {dag.py:3834} INFO - Setting next_dagrun for example_python_decorator to None, run_after=None
[2026-03-23T03:30:43.519+0000] {processor.py:183} INFO - Processing /home/airflow/.local/lib/python3.8/site-packages/airflow/example_dags/example_python_decorator.py took 0.073 seconds
[2026-03-23T03:31:13.620+0000] {processor.py:161} INFO - Started process (PID=739) to work on /home/airflow/.local/lib/python3.8/site-packages/airflow/example_dags/example_python_decorator.py
[2026-03-23T03:31:13.621+0000] {processor.py:830} INFO - Processing file /home/airflow/.local/lib/python3.8/site-packages/airflow/example_dags/example_python_decorator.py for tasks to queue
[2026-03-23T03:31:13.622+0000] {logging_mixin.py:188} INFO - [2026-03-23T03:31:13.622+0000] {dagbag.py:540} INFO - Filling up the DagBag from /home/airflow/.local/lib/python3.8/site-packages/airflow/example_dags/example_python_decorator.py
[2026-03-23T03:31:13.634+0000] {processor.py:840} INFO - DAG(s) 'example_python_decorator' retrieved from /home/airflow/.local/lib/python3.8/site-packages/airflow/example_dags/example_python_decorator.py
[2026-03-23T03:31:13.655+0000] {logging_mixin.py:188} INFO - [2026-03-23T03:31:13.655+0000] {dag.py:3047} INFO - Sync 1 DAGs
[2026-03-23T03:31:13.668+0000] {logging_mixin.py:188} INFO - [2026-03-23T03:31:13.667+0000] {dag.py:3834} INFO - Setting next_dagrun for example_python_decorator to None, run_after=None
[2026-03-23T03:31:13.690+0000] {processor.py:183} INFO - Processing /home/airflow/.local/lib/python3.8/site-packages/airflow/example_dags/example_python_decorator.py took 0.073 seconds
[2026-03-23T03:31:44.231+0000] {processor.py:161} INFO - Started process (PID=794) to work on /home/airflow/.local/lib/python3.8/site-packages/airflow/example_dags/example_python_decorator.py
[2026-03-23T03:31:44.232+0000] {processor.py:830} INFO - Processing file /home/airflow/.local/lib/python3.8/site-packages/airflow/example_dags/example_python_decorator.py for tasks to queue
[2026-03-23T03:31:44.234+0000] {logging_mixin.py:188} INFO - [2026-03-23T03:31:44.234+0000] {dagbag.py:540} INFO - Filling up the DagBag from /home/airflow/.local/lib/python3.8/site-packages/airflow/example_dags/example_python_decorator.py
[2026-03-23T03:31:44.245+0000] {processor.py:840} INFO - DAG(s) 'example_python_decorator' retrieved from /home/airflow/.local/lib/python3.8/site-packages/airflow/example_dags/example_python_decorator.py
[2026-03-23T03:31:44.265+0000] {logging_mixin.py:188} INFO - [2026-03-23T03:31:44.264+0000] {dag.py:3047} INFO - Sync 1 DAGs
[2026-03-23T03:31:44.276+0000] {logging_mixin.py:188} INFO - [2026-03-23T03:31:44.276+0000] {dag.py:3834} INFO - Setting next_dagrun for example_python_decorator to None, run_after=None
[2026-03-23T03:31:44.298+0000] {processor.py:183} INFO - Processing /home/airflow/.local/lib/python3.8/site-packages/airflow/example_dags/example_python_decorator.py took 0.070 seconds
[2026-03-23T03:32:14.965+0000] {processor.py:161} INFO - Started process (PID=849) to work on /home/airflow/.local/lib/python3.8/site-packages/airflow/example_dags/example_python_decorator.py
[2026-03-23T03:32:14.967+0000] {processor.py:830} INFO - Processing file /home/airflow/.local/lib/python3.8/site-packages/airflow/example_dags/example_python_decorator.py for tasks to queue
[2026-03-23T03:32:14.970+0000] {logging_mixin.py:188} INFO - [2026-03-23T03:32:14.969+0000] {dagbag.py:540} INFO - Filling up the DagBag from /home/airflow/.local/lib/python3.8/site-packages/airflow/example_dags/example_python_decorator.py
[2026-03-23T03:32:14.982+0000] {processor.py:840} INFO - DAG(s) 'example_python_decorator' retrieved from /home/airflow/.local/lib/python3.8/site-packages/airflow/example_dags/example_python_decorator.py
[2026-03-23T03:32:15.006+0000] {logging_mixin.py:188} INFO - [2026-03-23T03:32:15.006+0000] {dag.py:3047} INFO - Sync 1 DAGs
[2026-03-23T03:32:15.018+0000] {logging_mixin.py:188} INFO - [2026-03-23T03:32:15.018+0000] {dag.py:3834} INFO - Setting next_dagrun for example_python_decorator to None, run_after=None
[2026-03-23T03:32:15.039+0000] {processor.py:183} INFO - Processing /home/airflow/.local/lib/python3.8/site-packages/airflow/example_dags/example_python_decorator.py took 0.078 seconds
[2026-03-23T03:32:45.094+0000] {processor.py:161} INFO - Started process (PID=904) to work on /home/airflow/.local/lib/python3.8/site-packages/airflow/example_dags/example_python_decorator.py
[2026-03-23T03:32:45.096+0000] {processor.py:830} INFO - Processing file /home/airflow/.local/lib/python3.8/site-packages/airflow/example_dags/example_python_decorator.py for tasks to queue
[2026-03-23T03:32:45.097+0000] {logging_mixin.py:188} INFO - [2026-03-23T03:32:45.097+0000] {dagbag.py:540} INFO - Filling up the DagBag from /home/airflow/.local/lib/python3.8/site-packages/airflow/example_dags/example_python_decorator.py
[2026-03-23T03:32:45.109+0000] {processor.py:840} INFO - DAG(s) 'example_python_decorator' retrieved from /home/airflow/.local/lib/python3.8/site-packages/airflow/example_dags/example_python_decorator.py
[2026-03-23T03:32:45.130+0000] {logging_mixin.py:188} INFO - [2026-03-23T03:32:45.130+0000] {dag.py:3047} INFO - Sync 1 DAGs
[2026-03-23T03:32:45.142+0000] {logging_mixin.py:188} INFO - [2026-03-23T03:32:45.141+0000] {dag.py:3834} INFO - Setting next_dagrun for example_python_decorator to None, run_after=None
[2026-03-23T03:32:45.164+0000] {processor.py:183} INFO - Processing /home/airflow/.local/lib/python3.8/site-packages/airflow/example_dags/example_python_decorator.py took 0.072 seconds
[2026-03-23T03:33:15.279+0000] {processor.py:161} INFO - Started process (PID=959) to work on /home/airflow/.local/lib/python3.8/site-packages/airflow/example_dags/example_python_decorator.py
[2026-03-23T03:33:15.280+0000] {processor.py:830} INFO - Processing file /home/airflow/.local/lib/python3.8/site-packages/airflow/example_dags/example_python_decorator.py for tasks to queue
[2026-03-23T03:33:15.281+0000] {logging_mixin.py:188} INFO - [2026-03-23T03:33:15.281+0000] {dagbag.py:540} INFO - Filling up the DagBag from /home/airflow/.local/lib/python3.8/site-packages/airflow/example_dags/example_python_decorator.py
[2026-03-23T03:33:15.292+0000] {processor.py:840} INFO - DAG(s) 'example_python_decorator' retrieved from /home/airflow/.local/lib/python3.8/site-packages/airflow/example_dags/example_python_decorator.py
[2026-03-23T03:33:15.314+0000] {logging_mixin.py:188} INFO - [2026-03-23T03:33:15.314+0000] {dag.py:3047} INFO - Sync 1 DAGs
[2026-03-23T03:33:15.325+0000] {logging_mixin.py:188} INFO - [2026-03-23T03:33:15.325+0000] {dag.py:3834} INFO - Setting next_dagrun for example_python_decorator to None, run_after=None
[2026-03-23T03:33:15.346+0000] {processor.py:183} INFO - Processing /home/airflow/.local/lib/python3.8/site-packages/airflow/example_dags/example_python_decorator.py took 0.069 seconds
[2026-03-23T03:33:45.447+0000] {processor.py:161} INFO - Started process (PID=1014) to work on /home/airflow/.local/lib/python3.8/site-packages/airflow/example_dags/example_python_decorator.py
[2026-03-23T03:33:45.448+0000] {processor.py:830} INFO - Processing file /home/airflow/.local/lib/python3.8/site-packages/airflow/example_dags/example_python_decorator.py for tasks to queue
[2026-03-23T03:33:45.451+0000] {logging_mixin.py:188} INFO - [2026-03-23T03:33:45.450+0000] {dagbag.py:540} INFO - Filling up the DagBag from /home/airflow/.local/lib/python3.8/site-packages/airflow/example_dags/example_python_decorator.py
[2026-03-23T03:33:45.461+0000] {processor.py:840} INFO - DAG(s) 'example_python_decorator' retrieved from /home/airflow/.local/lib/python3.8/site-packages/airflow/example_dags/example_python_decorator.py
[2026-03-23T03:33:45.482+0000] {logging_mixin.py:188} INFO - [2026-03-23T03:33:45.481+0000] {dag.py:3047} INFO - Sync 1 DAGs
[2026-03-23T03:33:45.492+0000] {logging_mixin.py:188} INFO - [2026-03-23T03:33:45.492+0000] {dag.py:3834} INFO - Setting next_dagrun for example_python_decorator to None, run_after=None
[2026-03-23T03:33:45.512+0000] {processor.py:183} INFO - Processing /home/airflow/.local/lib/python3.8/site-packages/airflow/example_dags/example_python_decorator.py took 0.067 seconds
[2026-03-23T03:34:15.661+0000] {processor.py:161} INFO - Started process (PID=1069) to work on /home/airflow/.local/lib/python3.8/site-packages/airflow/example_dags/example_python_decorator.py
[2026-03-23T03:34:15.663+0000] {processor.py:830} INFO - Processing file /home/airflow/.local/lib/python3.8/site-packages/airflow/example_dags/example_python_decorator.py for tasks to queue
[2026-03-23T03:34:15.665+0000] {logging_mixin.py:188} INFO - [2026-03-23T03:34:15.664+0000] {dagbag.py:540} INFO - Filling up the DagBag from /home/airflow/.local/lib/python3.8/site-packages/airflow/example_dags/example_python_decorator.py
[2026-03-23T03:34:15.677+0000] {processor.py:840} INFO - DAG(s) 'example_python_decorator' retrieved from /home/airflow/.local/lib/python3.8/site-packages/airflow/example_dags/example_python_decorator.py
[2026-03-23T03:34:15.703+0000] {logging_mixin.py:188} INFO - [2026-03-23T03:34:15.702+0000] {dag.py:3047} INFO - Sync 1 DAGs
[2026-03-23T03:34:15.715+0000] {logging_mixin.py:188} INFO - [2026-03-23T03:34:15.715+0000] {dag.py:3834} INFO - Setting next_dagrun for example_python_decorator to None, run_after=None
[2026-03-23T03:34:15.737+0000] {processor.py:183} INFO - Processing /home/airflow/.local/lib/python3.8/site-packages/airflow/example_dags/example_python_decorator.py took 0.079 seconds
[2026-03-23T03:34:45.899+0000] {processor.py:161} INFO - Started process (PID=1124) to work on /home/airflow/.local/lib/python3.8/site-packages/airflow/example_dags/example_python_decorator.py
[2026-03-23T03:34:45.901+0000] {processor.py:830} INFO - Processing file /home/airflow/.local/lib/python3.8/site-packages/airflow/example_dags/example_python_decorator.py for tasks to queue
[2026-03-23T03:34:45.903+0000] {logging_mixin.py:188} INFO - [2026-03-23T03:34:45.902+0000] {dagbag.py:540} INFO - Filling up the DagBag from /home/airflow/.local/lib/python3.8/site-packages/airflow/example_dags/example_python_decorator.py
[2026-03-23T03:34:45.916+0000] {processor.py:840} INFO - DAG(s) 'example_python_decorator' retrieved from /home/airflow/.local/lib/python3.8/site-packages/airflow/example_dags/example_python_decorator.py
[2026-03-23T03:34:45.939+0000] {logging_mixin.py:188} INFO - [2026-03-23T03:34:45.939+0000] {dag.py:3047} INFO - Sync 1 DAGs
[2026-03-23T03:34:45.952+0000] {logging_mixin.py:188} INFO - [2026-03-23T03:34:45.951+0000] {dag.py:3834} INFO - Setting next_dagrun for example_python_decorator to None, run_after=None
[2026-03-23T03:34:45.974+0000] {processor.py:183} INFO - Processing /home/airflow/.local/lib/python3.8/site-packages/airflow/example_dags/example_python_decorator.py took 0.079 seconds
[2026-03-23T03:37:19.338+0000] {processor.py:161} INFO - Started process (PID=73) to work on /home/airflow/.local/lib/python3.8/site-packages/airflow/example_dags/example_python_decorator.py
[2026-03-23T03:37:19.340+0000] {processor.py:830} INFO - Processing file /home/airflow/.local/lib/python3.8/site-packages/airflow/example_dags/example_python_decorator.py for tasks to queue
[2026-03-23T03:37:19.342+0000] {logging_mixin.py:188} INFO - [2026-03-23T03:37:19.342+0000] {dagbag.py:540} INFO - Filling up the DagBag from /home/airflow/.local/lib/python3.8/site-packages/airflow/example_dags/example_python_decorator.py
[2026-03-23T03:37:19.358+0000] {processor.py:840} INFO - DAG(s) 'example_python_decorator' retrieved from /home/airflow/.local/lib/python3.8/site-packages/airflow/example_dags/example_python_decorator.py
[2026-03-23T03:37:19.374+0000] {logging_mixin.py:188} INFO - [2026-03-23T03:37:19.374+0000] {dag.py:3047} INFO - Sync 1 DAGs
[2026-03-23T03:37:19.391+0000] {logging_mixin.py:188} INFO - [2026-03-23T03:37:19.390+0000] {dag.py:3834} INFO - Setting next_dagrun for example_python_decorator to None, run_after=None
[2026-03-23T03:37:19.423+0000] {processor.py:183} INFO - Processing /home/airflow/.local/lib/python3.8/site-packages/airflow/example_dags/example_python_decorator.py took 0.089 seconds
[2026-03-23T03:37:50.724+0000] {processor.py:161} INFO - Started process (PID=128) to work on /home/airflow/.local/lib/python3.8/site-packages/airflow/example_dags/example_python_decorator.py
[2026-03-23T03:37:50.725+0000] {processor.py:830} INFO - Processing file /home/airflow/.local/lib/python3.8/site-packages/airflow/example_dags/example_python_decorator.py for tasks to queue
[2026-03-23T03:37:50.727+0000] {logging_mixin.py:188} INFO - [2026-03-23T03:37:50.727+0000] {dagbag.py:540} INFO - Filling up the DagBag from /home/airflow/.local/lib/python3.8/site-packages/airflow/example_dags/example_python_decorator.py
[2026-03-23T03:37:50.741+0000] {processor.py:840} INFO - DAG(s) 'example_python_decorator' retrieved from /home/airflow/.local/lib/python3.8/site-packages/airflow/example_dags/example_python_decorator.py
[2026-03-23T03:37:50.840+0000] {logging_mixin.py:188} INFO - [2026-03-23T03:37:50.839+0000] {dag.py:3047} INFO - Sync 1 DAGs
[2026-03-23T03:37:50.851+0000] {logging_mixin.py:188} INFO - [2026-03-23T03:37:50.850+0000] {dag.py:3834} INFO - Setting next_dagrun for example_python_decorator to None, run_after=None
[2026-03-23T03:37:50.872+0000] {processor.py:183} INFO - Processing /home/airflow/.local/lib/python3.8/site-packages/airflow/example_dags/example_python_decorator.py took 0.151 seconds
[2026-03-23T03:38:21.591+0000] {processor.py:161} INFO - Started process (PID=183) to work on /home/airflow/.local/lib/python3.8/site-packages/airflow/example_dags/example_python_decorator.py
[2026-03-23T03:38:21.592+0000] {processor.py:830} INFO - Processing file /home/airflow/.local/lib/python3.8/site-packages/airflow/example_dags/example_python_decorator.py for tasks to queue
[2026-03-23T03:38:21.594+0000] {logging_mixin.py:188} INFO - [2026-03-23T03:38:21.594+0000] {dagbag.py:540} INFO - Filling up the DagBag from /home/airflow/.local/lib/python3.8/site-packages/airflow/example_dags/example_python_decorator.py
[2026-03-23T03:38:21.605+0000] {processor.py:840} INFO - DAG(s) 'example_python_decorator' retrieved from /home/airflow/.local/lib/python3.8/site-packages/airflow/example_dags/example_python_decorator.py
[2026-03-23T03:38:21.628+0000] {logging_mixin.py:188} INFO - [2026-03-23T03:38:21.627+0000] {dag.py:3047} INFO - Sync 1 DAGs
[2026-03-23T03:38:21.641+0000] {logging_mixin.py:188} INFO - [2026-03-23T03:38:21.641+0000] {dag.py:3834} INFO - Setting next_dagrun for example_python_decorator to None, run_after=None
[2026-03-23T03:38:21.664+0000] {processor.py:183} INFO - Processing /home/airflow/.local/lib/python3.8/site-packages/airflow/example_dags/example_python_decorator.py took 0.076 seconds
[2026-03-23T03:38:52.122+0000] {processor.py:161} INFO - Started process (PID=244) to work on /home/airflow/.local/lib/python3.8/site-packages/airflow/example_dags/example_python_decorator.py
[2026-03-23T03:38:52.123+0000] {processor.py:830} INFO - Processing file /home/airflow/.local/lib/python3.8/site-packages/airflow/example_dags/example_python_decorator.py for tasks to queue
[2026-03-23T03:38:52.126+0000] {logging_mixin.py:188} INFO - [2026-03-23T03:38:52.125+0000] {dagbag.py:540} INFO - Filling up the DagBag from /home/airflow/.local/lib/python3.8/site-packages/airflow/example_dags/example_python_decorator.py
[2026-03-23T03:38:52.139+0000] {processor.py:840} INFO - DAG(s) 'example_python_decorator' retrieved from /home/airflow/.local/lib/python3.8/site-packages/airflow/example_dags/example_python_decorator.py
[2026-03-23T03:38:52.162+0000] {logging_mixin.py:188} INFO - [2026-03-23T03:38:52.162+0000] {dag.py:3047} INFO - Sync 1 DAGs
[2026-03-23T03:38:52.176+0000] {logging_mixin.py:188} INFO - [2026-03-23T03:38:52.176+0000] {dag.py:3834} INFO - Setting next_dagrun for example_python_decorator to None, run_after=None
[2026-03-23T03:38:52.202+0000] {processor.py:183} INFO - Processing /home/airflow/.local/lib/python3.8/site-packages/airflow/example_dags/example_python_decorator.py took 0.085 seconds
[2026-03-23T03:39:22.584+0000] {processor.py:161} INFO - Started process (PID=299) to work on /home/airflow/.local/lib/python3.8/site-packages/airflow/example_dags/example_python_decorator.py
[2026-03-23T03:39:22.585+0000] {processor.py:830} INFO - Processing file /home/airflow/.local/lib/python3.8/site-packages/airflow/example_dags/example_python_decorator.py for tasks to queue
[2026-03-23T03:39:22.587+0000] {logging_mixin.py:188} INFO - [2026-03-23T03:39:22.587+0000] {dagbag.py:540} INFO - Filling up the DagBag from /home/airflow/.local/lib/python3.8/site-packages/airflow/example_dags/example_python_decorator.py
[2026-03-23T03:39:22.600+0000] {processor.py:840} INFO - DAG(s) 'example_python_decorator' retrieved from /home/airflow/.local/lib/python3.8/site-packages/airflow/example_dags/example_python_decorator.py
[2026-03-23T03:39:22.623+0000] {logging_mixin.py:188} INFO - [2026-03-23T03:39:22.623+0000] {dag.py:3047} INFO - Sync 1 DAGs
[2026-03-23T03:39:22.634+0000] {logging_mixin.py:188} INFO - [2026-03-23T03:39:22.634+0000] {dag.py:3834} INFO - Setting next_dagrun for example_python_decorator to None, run_after=None
[2026-03-23T03:39:22.654+0000] {processor.py:183} INFO - Processing /home/airflow/.local/lib/python3.8/site-packages/airflow/example_dags/example_python_decorator.py took 0.074 seconds
[2026-03-23T03:39:52.728+0000] {processor.py:161} INFO - Started process (PID=354) to work on /home/airflow/.local/lib/python3.8/site-packages/airflow/example_dags/example_python_decorator.py
[2026-03-23T03:39:52.730+0000] {processor.py:830} INFO - Processing file /home/airflow/.local/lib/python3.8/site-packages/airflow/example_dags/example_python_decorator.py for tasks to queue
[2026-03-23T03:39:52.732+0000] {logging_mixin.py:188} INFO - [2026-03-23T03:39:52.731+0000] {dagbag.py:540} INFO - Filling up the DagBag from /home/airflow/.local/lib/python3.8/site-packages/airflow/example_dags/example_python_decorator.py
[2026-03-23T03:39:52.745+0000] {processor.py:840} INFO - DAG(s) 'example_python_decorator' retrieved from /home/airflow/.local/lib/python3.8/site-packages/airflow/example_dags/example_python_decorator.py
[2026-03-23T03:39:52.766+0000] {logging_mixin.py:188} INFO - [2026-03-23T03:39:52.766+0000] {dag.py:3047} INFO - Sync 1 DAGs
[2026-03-23T03:39:52.777+0000] {logging_mixin.py:188} INFO - [2026-03-23T03:39:52.777+0000] {dag.py:3834} INFO - Setting next_dagrun for example_python_decorator to None, run_after=None
[2026-03-23T03:39:52.803+0000] {processor.py:183} INFO - Processing /home/airflow/.local/lib/python3.8/site-packages/airflow/example_dags/example_python_decorator.py took 0.078 seconds
[2026-03-23T03:40:23.203+0000] {processor.py:161} INFO - Started process (PID=409) to work on /home/airflow/.local/lib/python3.8/site-packages/airflow/example_dags/example_python_decorator.py
[2026-03-23T03:40:23.204+0000] {processor.py:830} INFO - Processing file /home/airflow/.local/lib/python3.8/site-packages/airflow/example_dags/example_python_decorator.py for tasks to queue
[2026-03-23T03:40:23.206+0000] {logging_mixin.py:188} INFO - [2026-03-23T03:40:23.206+0000] {dagbag.py:540} INFO - Filling up the DagBag from /home/airflow/.local/lib/python3.8/site-packages/airflow/example_dags/example_python_decorator.py
[2026-03-23T03:40:23.220+0000] {processor.py:840} INFO - DAG(s) 'example_python_decorator' retrieved from /home/airflow/.local/lib/python3.8/site-packages/airflow/example_dags/example_python_decorator.py
[2026-03-23T03:40:23.245+0000] {logging_mixin.py:188} INFO - [2026-03-23T03:40:23.244+0000] {dag.py:3047} INFO - Sync 1 DAGs
[2026-03-23T03:40:23.259+0000] {logging_mixin.py:188} INFO - [2026-03-23T03:40:23.259+0000] {dag.py:3834} INFO - Setting next_dagrun for example_python_decorator to None, run_after=None
[2026-03-23T03:40:23.281+0000] {processor.py:183} INFO - Processing /home/airflow/.local/lib/python3.8/site-packages/airflow/example_dags/example_python_decorator.py took 0.081 seconds
[2026-03-23T03:40:53.933+0000] {processor.py:161} INFO - Started process (PID=464) to work on /home/airflow/.local/lib/python3.8/site-packages/airflow/example_dags/example_python_decorator.py
[2026-03-23T03:40:53.934+0000] {processor.py:830} INFO - Processing file /home/airflow/.local/lib/python3.8/site-packages/airflow/example_dags/example_python_decorator.py for tasks to queue
[2026-03-23T03:40:53.937+0000] {logging_mixin.py:188} INFO - [2026-03-23T03:40:53.937+0000] {dagbag.py:540} INFO - Filling up the DagBag from /home/airflow/.local/lib/python3.8/site-packages/airflow/example_dags/example_python_decorator.py
[2026-03-23T03:40:53.951+0000] {processor.py:840} INFO - DAG(s) 'example_python_decorator' retrieved from /home/airflow/.local/lib/python3.8/site-packages/airflow/example_dags/example_python_decorator.py
[2026-03-23T03:40:53.980+0000] {logging_mixin.py:188} INFO - [2026-03-23T03:40:53.979+0000] {dag.py:3047} INFO - Sync 1 DAGs
[2026-03-23T03:40:53.996+0000] {logging_mixin.py:188} INFO - [2026-03-23T03:40:53.996+0000] {dag.py:3834} INFO - Setting next_dagrun for example_python_decorator to None, run_after=None
[2026-03-23T03:40:54.027+0000] {processor.py:183} INFO - Processing /home/airflow/.local/lib/python3.8/site-packages/airflow/example_dags/example_python_decorator.py took 0.098 seconds
[2026-03-23T03:41:24.832+0000] {processor.py:161} INFO - Started process (PID=519) to work on /home/airflow/.local/lib/python3.8/site-packages/airflow/example_dags/example_python_decorator.py
[2026-03-23T03:41:24.834+0000] {processor.py:830} INFO - Processing file /home/airflow/.local/lib/python3.8/site-packages/airflow/example_dags/example_python_decorator.py for tasks to queue
[2026-03-23T03:41:24.836+0000] {logging_mixin.py:188} INFO - [2026-03-23T03:41:24.836+0000] {dagbag.py:540} INFO - Filling up the DagBag from /home/airflow/.local/lib/python3.8/site-packages/airflow/example_dags/example_python_decorator.py
[2026-03-23T03:41:24.849+0000] {processor.py:840} INFO - DAG(s) 'example_python_decorator' retrieved from /home/airflow/.local/lib/python3.8/site-packages/airflow/example_dags/example_python_decorator.py
[2026-03-23T03:41:24.874+0000] {logging_mixin.py:188} INFO - [2026-03-23T03:41:24.873+0000] {dag.py:3047} INFO - Sync 1 DAGs
[2026-03-23T03:41:24.887+0000] {logging_mixin.py:188} INFO - [2026-03-23T03:41:24.887+0000] {dag.py:3834} INFO - Setting next_dagrun for example_python_decorator to None, run_after=None
[2026-03-23T03:41:24.913+0000] {processor.py:183} INFO - Processing /home/airflow/.local/lib/python3.8/site-packages/airflow/example_dags/example_python_decorator.py took 0.085 seconds
[2026-03-23T03:41:55.032+0000] {processor.py:161} INFO - Started process (PID=574) to work on /home/airflow/.local/lib/python3.8/site-packages/airflow/example_dags/example_python_decorator.py
[2026-03-23T03:41:55.034+0000] {processor.py:830} INFO - Processing file /home/airflow/.local/lib/python3.8/site-packages/airflow/example_dags/example_python_decorator.py for tasks to queue
[2026-03-23T03:41:55.036+0000] {logging_mixin.py:188} INFO - [2026-03-23T03:41:55.036+0000] {dagbag.py:540} INFO - Filling up the DagBag from /home/airflow/.local/lib/python3.8/site-packages/airflow/example_dags/example_python_decorator.py
[2026-03-23T03:41:55.049+0000] {processor.py:840} INFO - DAG(s) 'example_python_decorator' retrieved from /home/airflow/.local/lib/python3.8/site-packages/airflow/example_dags/example_python_decorator.py
[2026-03-23T03:41:55.076+0000] {logging_mixin.py:188} INFO - [2026-03-23T03:41:55.076+0000] {dag.py:3047} INFO - Sync 1 DAGs
[2026-03-23T03:41:55.091+0000] {logging_mixin.py:188} INFO - [2026-03-23T03:41:55.091+0000] {dag.py:3834} INFO - Setting next_dagrun for example_python_decorator to None, run_after=None
[2026-03-23T03:41:55.121+0000] {processor.py:183} INFO - Processing /home/airflow/.local/lib/python3.8/site-packages/airflow/example_dags/example_python_decorator.py took 0.092 seconds
[2026-03-23T03:42:25.217+0000] {processor.py:161} INFO - Started process (PID=629) to work on /home/airflow/.local/lib/python3.8/site-packages/airflow/example_dags/example_python_decorator.py
[2026-03-23T03:42:25.218+0000] {processor.py:830} INFO - Processing file /home/airflow/.local/lib/python3.8/site-packages/airflow/example_dags/example_python_decorator.py for tasks to queue
[2026-03-23T03:42:25.220+0000] {logging_mixin.py:188} INFO - [2026-03-23T03:42:25.220+0000] {dagbag.py:540} INFO - Filling up the DagBag from /home/airflow/.local/lib/python3.8/site-packages/airflow/example_dags/example_python_decorator.py
[2026-03-23T03:42:25.233+0000] {processor.py:840} INFO - DAG(s) 'example_python_decorator' retrieved from /home/airflow/.local/lib/python3.8/site-packages/airflow/example_dags/example_python_decorator.py
[2026-03-23T03:42:25.260+0000] {logging_mixin.py:188} INFO - [2026-03-23T03:42:25.260+0000] {dag.py:3047} INFO - Sync 1 DAGs
[2026-03-23T03:42:25.274+0000] {logging_mixin.py:188} INFO - [2026-03-23T03:42:25.273+0000] {dag.py:3834} INFO - Setting next_dagrun for example_python_decorator to None, run_after=None
[2026-03-23T03:42:25.299+0000] {processor.py:183} INFO - Processing /home/airflow/.local/lib/python3.8/site-packages/airflow/example_dags/example_python_decorator.py took 0.086 seconds
[2026-03-23T03:42:55.830+0000] {processor.py:161} INFO - Started process (PID=684) to work on /home/airflow/.local/lib/python3.8/site-packages/airflow/example_dags/example_python_decorator.py
[2026-03-23T03:42:55.832+0000] {processor.py:830} INFO - Processing file /home/airflow/.local/lib/python3.8/site-packages/airflow/example_dags/example_python_decorator.py for tasks to queue
[2026-03-23T03:42:55.834+0000] {logging_mixin.py:188} INFO - [2026-03-23T03:42:55.833+0000] {dagbag.py:540} INFO - Filling up the DagBag from /home/airflow/.local/lib/python3.8/site-packages/airflow/example_dags/example_python_decorator.py
[2026-03-23T03:42:55.849+0000] {processor.py:840} INFO - DAG(s) 'example_python_decorator' retrieved from /home/airflow/.local/lib/python3.8/site-packages/airflow/example_dags/example_python_decorator.py
[2026-03-23T03:42:55.875+0000] {logging_mixin.py:188} INFO - [2026-03-23T03:42:55.874+0000] {dag.py:3047} INFO - Sync 1 DAGs
[2026-03-23T03:42:55.887+0000] {logging_mixin.py:188} INFO - [2026-03-23T03:42:55.887+0000] {dag.py:3834} INFO - Setting next_dagrun for example_python_decorator to None, run_after=None
[2026-03-23T03:42:55.912+0000] {processor.py:183} INFO - Processing /home/airflow/.local/lib/python3.8/site-packages/airflow/example_dags/example_python_decorator.py took 0.085 seconds
[2026-03-23T03:43:26.234+0000] {processor.py:161} INFO - Started process (PID=739) to work on /home/airflow/.local/lib/python3.8/site-packages/airflow/example_dags/example_python_decorator.py
[2026-03-23T03:43:26.235+0000] {processor.py:830} INFO - Processing file /home/airflow/.local/lib/python3.8/site-packages/airflow/example_dags/example_python_decorator.py for tasks to queue
[2026-03-23T03:43:26.237+0000] {logging_mixin.py:188} INFO - [2026-03-23T03:43:26.237+0000] {dagbag.py:540} INFO - Filling up the DagBag from /home/airflow/.local/lib/python3.8/site-packages/airflow/example_dags/example_python_decorator.py
[2026-03-23T03:43:26.250+0000] {processor.py:840} INFO - DAG(s) 'example_python_decorator' retrieved from /home/airflow/.local/lib/python3.8/site-packages/airflow/example_dags/example_python_decorator.py
[2026-03-23T03:43:26.273+0000] {logging_mixin.py:188} INFO - [2026-03-23T03:43:26.273+0000] {dag.py:3047} INFO - Sync 1 DAGs
[2026-03-23T03:43:26.286+0000] {logging_mixin.py:188} INFO - [2026-03-23T03:43:26.286+0000] {dag.py:3834} INFO - Setting next_dagrun for example_python_decorator to None, run_after=None
[2026-03-23T03:43:26.310+0000] {processor.py:183} INFO - Processing /home/airflow/.local/lib/python3.8/site-packages/airflow/example_dags/example_python_decorator.py took 0.080 seconds
[2026-03-23T03:43:56.718+0000] {processor.py:161} INFO - Started process (PID=794) to work on /home/airflow/.local/lib/python3.8/site-packages/airflow/example_dags/example_python_decorator.py
[2026-03-23T03:43:56.720+0000] {processor.py:830} INFO - Processing file /home/airflow/.local/lib/python3.8/site-packages/airflow/example_dags/example_python_decorator.py for tasks to queue
[2026-03-23T03:43:56.722+0000] {logging_mixin.py:188} INFO - [2026-03-23T03:43:56.722+0000] {dagbag.py:540} INFO - Filling up the DagBag from /home/airflow/.local/lib/python3.8/site-packages/airflow/example_dags/example_python_decorator.py
[2026-03-23T03:43:56.736+0000] {processor.py:840} INFO - DAG(s) 'example_python_decorator' retrieved from /home/airflow/.local/lib/python3.8/site-packages/airflow/example_dags/example_python_decorator.py
[2026-03-23T03:43:56.761+0000] {logging_mixin.py:188} INFO - [2026-03-23T03:43:56.761+0000] {dag.py:3047} INFO - Sync 1 DAGs
[2026-03-23T03:43:56.774+0000] {logging_mixin.py:188} INFO - [2026-03-23T03:43:56.774+0000] {dag.py:3834} INFO - Setting next_dagrun for example_python_decorator to None, run_after=None
[2026-03-23T03:43:56.799+0000] {processor.py:183} INFO - Processing /home/airflow/.local/lib/python3.8/site-packages/airflow/example_dags/example_python_decorator.py took 0.084 seconds
[2026-03-23T03:44:27.330+0000] {processor.py:161} INFO - Started process (PID=849) to work on /home/airflow/.local/lib/python3.8/site-packages/airflow/example_dags/example_python_decorator.py
[2026-03-23T03:44:27.331+0000] {processor.py:830} INFO - Processing file /home/airflow/.local/lib/python3.8/site-packages/airflow/example_dags/example_python_decorator.py for tasks to queue
[2026-03-23T03:44:27.333+0000] {logging_mixin.py:188} INFO - [2026-03-23T03:44:27.333+0000] {dagbag.py:540} INFO - Filling up the DagBag from /home/airflow/.local/lib/python3.8/site-packages/airflow/example_dags/example_python_decorator.py
[2026-03-23T03:44:27.346+0000] {processor.py:840} INFO - DAG(s) 'example_python_decorator' retrieved from /home/airflow/.local/lib/python3.8/site-packages/airflow/example_dags/example_python_decorator.py
[2026-03-23T03:44:27.371+0000] {logging_mixin.py:188} INFO - [2026-03-23T03:44:27.370+0000] {dag.py:3047} INFO - Sync 1 DAGs
[2026-03-23T03:44:27.384+0000] {logging_mixin.py:188} INFO - [2026-03-23T03:44:27.384+0000] {dag.py:3834} INFO - Setting next_dagrun for example_python_decorator to None, run_after=None
[2026-03-23T03:44:27.408+0000] {processor.py:183} INFO - Processing /home/airflow/.local/lib/python3.8/site-packages/airflow/example_dags/example_python_decorator.py took 0.081 seconds
[2026-03-23T03:44:57.661+0000] {processor.py:161} INFO - Started process (PID=904) to work on /home/airflow/.local/lib/python3.8/site-packages/airflow/example_dags/example_python_decorator.py
[2026-03-23T03:44:57.662+0000] {processor.py:830} INFO - Processing file /home/airflow/.local/lib/python3.8/site-packages/airflow/example_dags/example_python_decorator.py for tasks to queue
[2026-03-23T03:44:57.665+0000] {logging_mixin.py:188} INFO - [2026-03-23T03:44:57.664+0000] {dagbag.py:540} INFO - Filling up the DagBag from /home/airflow/.local/lib/python3.8/site-packages/airflow/example_dags/example_python_decorator.py
[2026-03-23T03:44:57.680+0000] {processor.py:840} INFO - DAG(s) 'example_python_decorator' retrieved from /home/airflow/.local/lib/python3.8/site-packages/airflow/example_dags/example_python_decorator.py
[2026-03-23T03:44:57.708+0000] {logging_mixin.py:188} INFO - [2026-03-23T03:44:57.708+0000] {dag.py:3047} INFO - Sync 1 DAGs
[2026-03-23T03:44:57.725+0000] {logging_mixin.py:188} INFO - [2026-03-23T03:44:57.724+0000] {dag.py:3834} INFO - Setting next_dagrun for example_python_decorator to None, run_after=None
[2026-03-23T03:44:57.758+0000] {processor.py:183} INFO - Processing /home/airflow/.local/lib/python3.8/site-packages/airflow/example_dags/example_python_decorator.py took 0.103 seconds
[2026-03-23T03:45:28.092+0000] {processor.py:161} INFO - Started process (PID=959) to work on /home/airflow/.local/lib/python3.8/site-packages/airflow/example_dags/example_python_decorator.py
[2026-03-23T03:45:28.093+0000] {processor.py:830} INFO - Processing file /home/airflow/.local/lib/python3.8/site-packages/airflow/example_dags/example_python_decorator.py for tasks to queue
[2026-03-23T03:45:28.095+0000] {logging_mixin.py:188} INFO - [2026-03-23T03:45:28.095+0000] {dagbag.py:540} INFO - Filling up the DagBag from /home/airflow/.local/lib/python3.8/site-packages/airflow/example_dags/example_python_decorator.py
[2026-03-23T03:45:28.108+0000] {processor.py:840} INFO - DAG(s) 'example_python_decorator' retrieved from /home/airflow/.local/lib/python3.8/site-packages/airflow/example_dags/example_python_decorator.py
[2026-03-23T03:45:28.135+0000] {logging_mixin.py:188} INFO - [2026-03-23T03:45:28.135+0000] {dag.py:3047} INFO - Sync 1 DAGs
[2026-03-23T03:45:28.148+0000] {logging_mixin.py:188} INFO - [2026-03-23T03:45:28.148+0000] {dag.py:3834} INFO - Setting next_dagrun for example_python_decorator to None, run_after=None
[2026-03-23T03:45:28.171+0000] {processor.py:183} INFO - Processing /home/airflow/.local/lib/python3.8/site-packages/airflow/example_dags/example_python_decorator.py took 0.083 seconds
[2026-03-23T03:45:58.375+0000] {processor.py:161} INFO - Started process (PID=1014) to work on /home/airflow/.local/lib/python3.8/site-packages/airflow/example_dags/example_python_decorator.py
[2026-03-23T03:45:58.377+0000] {processor.py:830} INFO - Processing file /home/airflow/.local/lib/python3.8/site-packages/airflow/example_dags/example_python_decorator.py for tasks to queue
[2026-03-23T03:45:58.379+0000] {logging_mixin.py:188} INFO - [2026-03-23T03:45:58.378+0000] {dagbag.py:540} INFO - Filling up the DagBag from /home/airflow/.local/lib/python3.8/site-packages/airflow/example_dags/example_python_decorator.py
[2026-03-23T03:45:58.390+0000] {processor.py:840} INFO - DAG(s) 'example_python_decorator' retrieved from /home/airflow/.local/lib/python3.8/site-packages/airflow/example_dags/example_python_decorator.py
[2026-03-23T03:45:58.413+0000] {logging_mixin.py:188} INFO - [2026-03-23T03:45:58.412+0000] {dag.py:3047} INFO - Sync 1 DAGs
[2026-03-23T03:45:58.425+0000] {logging_mixin.py:188} INFO - [2026-03-23T03:45:58.425+0000] {dag.py:3834} INFO - Setting next_dagrun for example_python_decorator to None, run_after=None
[2026-03-23T03:45:58.446+0000] {processor.py:183} INFO - Processing /home/airflow/.local/lib/python3.8/site-packages/airflow/example_dags/example_python_decorator.py took 0.073 seconds
[2026-03-23T03:46:28.667+0000] {processor.py:161} INFO - Started process (PID=1069) to work on /home/airflow/.local/lib/python3.8/site-packages/airflow/example_dags/example_python_decorator.py
[2026-03-23T03:46:28.668+0000] {processor.py:830} INFO - Processing file /home/airflow/.local/lib/python3.8/site-packages/airflow/example_dags/example_python_decorator.py for tasks to queue
[2026-03-23T03:46:28.670+0000] {logging_mixin.py:188} INFO - [2026-03-23T03:46:28.670+0000] {dagbag.py:540} INFO - Filling up the DagBag from /home/airflow/.local/lib/python3.8/site-packages/airflow/example_dags/example_python_decorator.py
[2026-03-23T03:46:28.682+0000] {processor.py:840} INFO - DAG(s) 'example_python_decorator' retrieved from /home/airflow/.local/lib/python3.8/site-packages/airflow/example_dags/example_python_decorator.py
[2026-03-23T03:46:28.705+0000] {logging_mixin.py:188} INFO - [2026-03-23T03:46:28.704+0000] {dag.py:3047} INFO - Sync 1 DAGs
[2026-03-23T03:46:28.717+0000] {logging_mixin.py:188} INFO - [2026-03-23T03:46:28.717+0000] {dag.py:3834} INFO - Setting next_dagrun for example_python_decorator to None, run_after=None
[2026-03-23T03:46:28.740+0000] {processor.py:183} INFO - Processing /home/airflow/.local/lib/python3.8/site-packages/airflow/example_dags/example_python_decorator.py took 0.076 seconds
[2026-03-23T03:46:59.117+0000] {processor.py:161} INFO - Started process (PID=1124) to work on /home/airflow/.local/lib/python3.8/site-packages/airflow/example_dags/example_python_decorator.py
[2026-03-23T03:46:59.118+0000] {processor.py:830} INFO - Processing file /home/airflow/.local/lib/python3.8/site-packages/airflow/example_dags/example_python_decorator.py for tasks to queue
[2026-03-23T03:46:59.120+0000] {logging_mixin.py:188} INFO - [2026-03-23T03:46:59.120+0000] {dagbag.py:540} INFO - Filling up the DagBag from /home/airflow/.local/lib/python3.8/site-packages/airflow/example_dags/example_python_decorator.py
[2026-03-23T03:46:59.130+0000] {processor.py:840} INFO - DAG(s) 'example_python_decorator' retrieved from /home/airflow/.local/lib/python3.8/site-packages/airflow/example_dags/example_python_decorator.py
[2026-03-23T03:46:59.152+0000] {logging_mixin.py:188} INFO - [2026-03-23T03:46:59.152+0000] {dag.py:3047} INFO - Sync 1 DAGs
[2026-03-23T03:46:59.165+0000] {logging_mixin.py:188} INFO - [2026-03-23T03:46:59.165+0000] {dag.py:3834} INFO - Setting next_dagrun for example_python_decorator to None, run_after=None
[2026-03-23T03:46:59.190+0000] {processor.py:183} INFO - Processing /home/airflow/.local/lib/python3.8/site-packages/airflow/example_dags/example_python_decorator.py took 0.076 seconds
[2026-03-23T03:47:29.378+0000] {processor.py:161} INFO - Started process (PID=1179) to work on /home/airflow/.local/lib/python3.8/site-packages/airflow/example_dags/example_python_decorator.py
[2026-03-23T03:47:29.379+0000] {processor.py:830} INFO - Processing file /home/airflow/.local/lib/python3.8/site-packages/airflow/example_dags/example_python_decorator.py for tasks to queue
[2026-03-23T03:47:29.381+0000] {logging_mixin.py:188} INFO - [2026-03-23T03:47:29.381+0000] {dagbag.py:540} INFO - Filling up the DagBag from /home/airflow/.local/lib/python3.8/site-packages/airflow/example_dags/example_python_decorator.py
[2026-03-23T03:47:29.392+0000] {processor.py:840} INFO - DAG(s) 'example_python_decorator' retrieved from /home/airflow/.local/lib/python3.8/site-packages/airflow/example_dags/example_python_decorator.py
[2026-03-23T03:47:29.413+0000] {logging_mixin.py:188} INFO - [2026-03-23T03:47:29.412+0000] {dag.py:3047} INFO - Sync 1 DAGs
[2026-03-23T03:47:29.424+0000] {logging_mixin.py:188} INFO - [2026-03-23T03:47:29.424+0000] {dag.py:3834} INFO - Setting next_dagrun for example_python_decorator to None, run_after=None
[2026-03-23T03:47:29.444+0000] {processor.py:183} INFO - Processing /home/airflow/.local/lib/python3.8/site-packages/airflow/example_dags/example_python_decorator.py took 0.069 seconds
[2026-03-23T03:47:59.631+0000] {processor.py:161} INFO - Started process (PID=1234) to work on /home/airflow/.local/lib/python3.8/site-packages/airflow/example_dags/example_python_decorator.py
[2026-03-23T03:47:59.632+0000] {processor.py:830} INFO - Processing file /home/airflow/.local/lib/python3.8/site-packages/airflow/example_dags/example_python_decorator.py for tasks to queue
[2026-03-23T03:47:59.635+0000] {logging_mixin.py:188} INFO - [2026-03-23T03:47:59.634+0000] {dagbag.py:540} INFO - Filling up the DagBag from /home/airflow/.local/lib/python3.8/site-packages/airflow/example_dags/example_python_decorator.py
[2026-03-23T03:47:59.647+0000] {processor.py:840} INFO - DAG(s) 'example_python_decorator' retrieved from /home/airflow/.local/lib/python3.8/site-packages/airflow/example_dags/example_python_decorator.py
[2026-03-23T03:47:59.668+0000] {logging_mixin.py:188} INFO - [2026-03-23T03:47:59.668+0000] {dag.py:3047} INFO - Sync 1 DAGs
[2026-03-23T03:47:59.680+0000] {logging_mixin.py:188} INFO - [2026-03-23T03:47:59.680+0000] {dag.py:3834} INFO - Setting next_dagrun for example_python_decorator to None, run_after=None
[2026-03-23T03:47:59.702+0000] {processor.py:183} INFO - Processing /home/airflow/.local/lib/python3.8/site-packages/airflow/example_dags/example_python_decorator.py took 0.075 seconds
[2026-03-23T03:48:30.024+0000] {processor.py:161} INFO - Started process (PID=1289) to work on /home/airflow/.local/lib/python3.8/site-packages/airflow/example_dags/example_python_decorator.py
[2026-03-23T03:48:30.026+0000] {processor.py:830} INFO - Processing file /home/airflow/.local/lib/python3.8/site-packages/airflow/example_dags/example_python_decorator.py for tasks to queue
[2026-03-23T03:48:30.028+0000] {logging_mixin.py:188} INFO - [2026-03-23T03:48:30.027+0000] {dagbag.py:540} INFO - Filling up the DagBag from /home/airflow/.local/lib/python3.8/site-packages/airflow/example_dags/example_python_decorator.py
[2026-03-23T03:48:30.042+0000] {processor.py:840} INFO - DAG(s) 'example_python_decorator' retrieved from /home/airflow/.local/lib/python3.8/site-packages/airflow/example_dags/example_python_decorator.py
[2026-03-23T03:48:30.068+0000] {logging_mixin.py:188} INFO - [2026-03-23T03:48:30.068+0000] {dag.py:3047} INFO - Sync 1 DAGs
[2026-03-23T03:48:30.083+0000] {logging_mixin.py:188} INFO - [2026-03-23T03:48:30.082+0000] {dag.py:3834} INFO - Setting next_dagrun for example_python_decorator to None, run_after=None
[2026-03-23T03:48:30.109+0000] {processor.py:183} INFO - Processing /home/airflow/.local/lib/python3.8/site-packages/airflow/example_dags/example_python_decorator.py took 0.089 seconds
[2026-03-23T03:49:00.391+0000] {processor.py:161} INFO - Started process (PID=1344) to work on /home/airflow/.local/lib/python3.8/site-packages/airflow/example_dags/example_python_decorator.py
[2026-03-23T03:49:00.392+0000] {processor.py:830} INFO - Processing file /home/airflow/.local/lib/python3.8/site-packages/airflow/example_dags/example_python_decorator.py for tasks to queue
[2026-03-23T03:49:00.395+0000] {logging_mixin.py:188} INFO - [2026-03-23T03:49:00.394+0000] {dagbag.py:540} INFO - Filling up the DagBag from /home/airflow/.local/lib/python3.8/site-packages/airflow/example_dags/example_python_decorator.py
[2026-03-23T03:49:00.412+0000] {processor.py:840} INFO - DAG(s) 'example_python_decorator' retrieved from /home/airflow/.local/lib/python3.8/site-packages/airflow/example_dags/example_python_decorator.py
[2026-03-23T03:49:00.439+0000] {logging_mixin.py:188} INFO - [2026-03-23T03:49:00.439+0000] {dag.py:3047} INFO - Sync 1 DAGs
[2026-03-23T03:49:00.456+0000] {logging_mixin.py:188} INFO - [2026-03-23T03:49:00.456+0000] {dag.py:3834} INFO - Setting next_dagrun for example_python_decorator to None, run_after=None
[2026-03-23T03:49:00.488+0000] {processor.py:183} INFO - Processing /home/airflow/.local/lib/python3.8/site-packages/airflow/example_dags/example_python_decorator.py took 0.101 seconds
[2026-03-23T03:49:30.702+0000] {processor.py:161} INFO - Started process (PID=1399) to work on /home/airflow/.local/lib/python3.8/site-packages/airflow/example_dags/example_python_decorator.py
[2026-03-23T03:49:30.704+0000] {processor.py:830} INFO - Processing file /home/airflow/.local/lib/python3.8/site-packages/airflow/example_dags/example_python_decorator.py for tasks to queue
[2026-03-23T03:49:30.706+0000] {logging_mixin.py:188} INFO - [2026-03-23T03:49:30.706+0000] {dagbag.py:540} INFO - Filling up the DagBag from /home/airflow/.local/lib/python3.8/site-packages/airflow/example_dags/example_python_decorator.py
[2026-03-23T03:49:30.721+0000] {processor.py:840} INFO - DAG(s) 'example_python_decorator' retrieved from /home/airflow/.local/lib/python3.8/site-packages/airflow/example_dags/example_python_decorator.py
[2026-03-23T03:49:30.747+0000] {logging_mixin.py:188} INFO - [2026-03-23T03:49:30.747+0000] {dag.py:3047} INFO - Sync 1 DAGs
[2026-03-23T03:49:30.762+0000] {logging_mixin.py:188} INFO - [2026-03-23T03:49:30.762+0000] {dag.py:3834} INFO - Setting next_dagrun for example_python_decorator to None, run_after=None
[2026-03-23T03:49:30.789+0000] {processor.py:183} INFO - Processing /home/airflow/.local/lib/python3.8/site-packages/airflow/example_dags/example_python_decorator.py took 0.092 seconds
[2026-03-23T03:50:47.201+0000] {processor.py:161} INFO - Started process (PID=73) to work on /home/airflow/.local/lib/python3.8/site-packages/airflow/example_dags/example_python_decorator.py
[2026-03-23T03:50:47.202+0000] {processor.py:830} INFO - Processing file /home/airflow/.local/lib/python3.8/site-packages/airflow/example_dags/example_python_decorator.py for tasks to queue
[2026-03-23T03:50:47.205+0000] {logging_mixin.py:188} INFO - [2026-03-23T03:50:47.204+0000] {dagbag.py:540} INFO - Filling up the DagBag from /home/airflow/.local/lib/python3.8/site-packages/airflow/example_dags/example_python_decorator.py
[2026-03-23T03:50:47.224+0000] {processor.py:840} INFO - DAG(s) 'example_python_decorator' retrieved from /home/airflow/.local/lib/python3.8/site-packages/airflow/example_dags/example_python_decorator.py
[2026-03-23T03:50:47.242+0000] {logging_mixin.py:188} INFO - [2026-03-23T03:50:47.242+0000] {dag.py:3047} INFO - Sync 1 DAGs
[2026-03-23T03:50:47.263+0000] {logging_mixin.py:188} INFO - [2026-03-23T03:50:47.262+0000] {dag.py:3834} INFO - Setting next_dagrun for example_python_decorator to None, run_after=None
[2026-03-23T03:50:47.295+0000] {processor.py:183} INFO - Processing /home/airflow/.local/lib/python3.8/site-packages/airflow/example_dags/example_python_decorator.py took 0.098 seconds
[2026-03-23T03:51:18.421+0000] {processor.py:161} INFO - Started process (PID=134) to work on /home/airflow/.local/lib/python3.8/site-packages/airflow/example_dags/example_python_decorator.py
[2026-03-23T03:51:18.422+0000] {processor.py:830} INFO - Processing file /home/airflow/.local/lib/python3.8/site-packages/airflow/example_dags/example_python_decorator.py for tasks to queue
[2026-03-23T03:51:18.424+0000] {logging_mixin.py:188} INFO - [2026-03-23T03:51:18.424+0000] {dagbag.py:540} INFO - Filling up the DagBag from /home/airflow/.local/lib/python3.8/site-packages/airflow/example_dags/example_python_decorator.py
[2026-03-23T03:51:18.438+0000] {processor.py:840} INFO - DAG(s) 'example_python_decorator' retrieved from /home/airflow/.local/lib/python3.8/site-packages/airflow/example_dags/example_python_decorator.py
[2026-03-23T03:51:18.544+0000] {logging_mixin.py:188} INFO - [2026-03-23T03:51:18.544+0000] {dag.py:3047} INFO - Sync 1 DAGs
[2026-03-23T03:51:18.556+0000] {logging_mixin.py:188} INFO - [2026-03-23T03:51:18.556+0000] {dag.py:3834} INFO - Setting next_dagrun for example_python_decorator to None, run_after=None
[2026-03-23T03:51:18.583+0000] {processor.py:183} INFO - Processing /home/airflow/.local/lib/python3.8/site-packages/airflow/example_dags/example_python_decorator.py took 0.165 seconds
[2026-03-23T03:51:48.940+0000] {processor.py:161} INFO - Started process (PID=189) to work on /home/airflow/.local/lib/python3.8/site-packages/airflow/example_dags/example_python_decorator.py
[2026-03-23T03:51:48.942+0000] {processor.py:830} INFO - Processing file /home/airflow/.local/lib/python3.8/site-packages/airflow/example_dags/example_python_decorator.py for tasks to queue
[2026-03-23T03:51:48.945+0000] {logging_mixin.py:188} INFO - [2026-03-23T03:51:48.945+0000] {dagbag.py:540} INFO - Filling up the DagBag from /home/airflow/.local/lib/python3.8/site-packages/airflow/example_dags/example_python_decorator.py
[2026-03-23T03:51:48.968+0000] {processor.py:840} INFO - DAG(s) 'example_python_decorator' retrieved from /home/airflow/.local/lib/python3.8/site-packages/airflow/example_dags/example_python_decorator.py
[2026-03-23T03:51:49.005+0000] {logging_mixin.py:188} INFO - [2026-03-23T03:51:49.005+0000] {dag.py:3047} INFO - Sync 1 DAGs
[2026-03-23T03:51:49.025+0000] {logging_mixin.py:188} INFO - [2026-03-23T03:51:49.024+0000] {dag.py:3834} INFO - Setting next_dagrun for example_python_decorator to None, run_after=None
[2026-03-23T03:51:49.056+0000] {processor.py:183} INFO - Processing /home/airflow/.local/lib/python3.8/site-packages/airflow/example_dags/example_python_decorator.py took 0.120 seconds
[2026-03-23T03:52:19.321+0000] {processor.py:161} INFO - Started process (PID=244) to work on /home/airflow/.local/lib/python3.8/site-packages/airflow/example_dags/example_python_decorator.py
[2026-03-23T03:52:19.323+0000] {processor.py:830} INFO - Processing file /home/airflow/.local/lib/python3.8/site-packages/airflow/example_dags/example_python_decorator.py for tasks to queue
[2026-03-23T03:52:19.325+0000] {logging_mixin.py:188} INFO - [2026-03-23T03:52:19.324+0000] {dagbag.py:540} INFO - Filling up the DagBag from /home/airflow/.local/lib/python3.8/site-packages/airflow/example_dags/example_python_decorator.py
[2026-03-23T03:52:19.341+0000] {processor.py:840} INFO - DAG(s) 'example_python_decorator' retrieved from /home/airflow/.local/lib/python3.8/site-packages/airflow/example_dags/example_python_decorator.py
[2026-03-23T03:52:19.371+0000] {logging_mixin.py:188} INFO - [2026-03-23T03:52:19.371+0000] {dag.py:3047} INFO - Sync 1 DAGs
[2026-03-23T03:52:19.388+0000] {logging_mixin.py:188} INFO - [2026-03-23T03:52:19.387+0000] {dag.py:3834} INFO - Setting next_dagrun for example_python_decorator to None, run_after=None
[2026-03-23T03:52:19.417+0000] {processor.py:183} INFO - Processing /home/airflow/.local/lib/python3.8/site-packages/airflow/example_dags/example_python_decorator.py took 0.099 seconds
[2026-03-23T03:52:50.339+0000] {processor.py:161} INFO - Started process (PID=299) to work on /home/airflow/.local/lib/python3.8/site-packages/airflow/example_dags/example_python_decorator.py
[2026-03-23T03:52:50.341+0000] {processor.py:830} INFO - Processing file /home/airflow/.local/lib/python3.8/site-packages/airflow/example_dags/example_python_decorator.py for tasks to queue
[2026-03-23T03:52:50.343+0000] {logging_mixin.py:188} INFO - [2026-03-23T03:52:50.342+0000] {dagbag.py:540} INFO - Filling up the DagBag from /home/airflow/.local/lib/python3.8/site-packages/airflow/example_dags/example_python_decorator.py
[2026-03-23T03:52:50.355+0000] {processor.py:840} INFO - DAG(s) 'example_python_decorator' retrieved from /home/airflow/.local/lib/python3.8/site-packages/airflow/example_dags/example_python_decorator.py
[2026-03-23T03:52:50.379+0000] {logging_mixin.py:188} INFO - [2026-03-23T03:52:50.379+0000] {dag.py:3047} INFO - Sync 1 DAGs
[2026-03-23T03:52:50.391+0000] {logging_mixin.py:188} INFO - [2026-03-23T03:52:50.391+0000] {dag.py:3834} INFO - Setting next_dagrun for example_python_decorator to None, run_after=None
[2026-03-23T03:52:50.417+0000] {processor.py:183} INFO - Processing /home/airflow/.local/lib/python3.8/site-packages/airflow/example_dags/example_python_decorator.py took 0.081 seconds
[2026-03-23T03:53:20.838+0000] {processor.py:161} INFO - Started process (PID=354) to work on /home/airflow/.local/lib/python3.8/site-packages/airflow/example_dags/example_python_decorator.py
[2026-03-23T03:53:20.839+0000] {processor.py:830} INFO - Processing file /home/airflow/.local/lib/python3.8/site-packages/airflow/example_dags/example_python_decorator.py for tasks to queue
[2026-03-23T03:53:20.841+0000] {logging_mixin.py:188} INFO - [2026-03-23T03:53:20.841+0000] {dagbag.py:540} INFO - Filling up the DagBag from /home/airflow/.local/lib/python3.8/site-packages/airflow/example_dags/example_python_decorator.py
[2026-03-23T03:53:20.854+0000] {processor.py:840} INFO - DAG(s) 'example_python_decorator' retrieved from /home/airflow/.local/lib/python3.8/site-packages/airflow/example_dags/example_python_decorator.py
[2026-03-23T03:53:20.879+0000] {logging_mixin.py:188} INFO - [2026-03-23T03:53:20.878+0000] {dag.py:3047} INFO - Sync 1 DAGs
[2026-03-23T03:53:20.892+0000] {logging_mixin.py:188} INFO - [2026-03-23T03:53:20.892+0000] {dag.py:3834} INFO - Setting next_dagrun for example_python_decorator to None, run_after=None
[2026-03-23T03:53:20.921+0000] {processor.py:183} INFO - Processing /home/airflow/.local/lib/python3.8/site-packages/airflow/example_dags/example_python_decorator.py took 0.085 seconds
[2026-03-23T03:53:51.192+0000] {processor.py:161} INFO - Started process (PID=409) to work on /home/airflow/.local/lib/python3.8/site-packages/airflow/example_dags/example_python_decorator.py
[2026-03-23T03:53:51.193+0000] {processor.py:830} INFO - Processing file /home/airflow/.local/lib/python3.8/site-packages/airflow/example_dags/example_python_decorator.py for tasks to queue
[2026-03-23T03:53:51.195+0000] {logging_mixin.py:188} INFO - [2026-03-23T03:53:51.195+0000] {dagbag.py:540} INFO - Filling up the DagBag from /home/airflow/.local/lib/python3.8/site-packages/airflow/example_dags/example_python_decorator.py
[2026-03-23T03:53:51.210+0000] {processor.py:840} INFO - DAG(s) 'example_python_decorator' retrieved from /home/airflow/.local/lib/python3.8/site-packages/airflow/example_dags/example_python_decorator.py
[2026-03-23T03:53:51.243+0000] {logging_mixin.py:188} INFO - [2026-03-23T03:53:51.242+0000] {dag.py:3047} INFO - Sync 1 DAGs
[2026-03-23T03:53:51.259+0000] {logging_mixin.py:188} INFO - [2026-03-23T03:53:51.259+0000] {dag.py:3834} INFO - Setting next_dagrun for example_python_decorator to None, run_after=None
[2026-03-23T03:53:51.288+0000] {processor.py:183} INFO - Processing /home/airflow/.local/lib/python3.8/site-packages/airflow/example_dags/example_python_decorator.py took 0.099 seconds
[2026-03-23T03:54:21.707+0000] {processor.py:161} INFO - Started process (PID=464) to work on /home/airflow/.local/lib/python3.8/site-packages/airflow/example_dags/example_python_decorator.py
[2026-03-23T03:54:21.708+0000] {processor.py:830} INFO - Processing file /home/airflow/.local/lib/python3.8/site-packages/airflow/example_dags/example_python_decorator.py for tasks to queue
[2026-03-23T03:54:21.710+0000] {logging_mixin.py:188} INFO - [2026-03-23T03:54:21.710+0000] {dagbag.py:540} INFO - Filling up the DagBag from /home/airflow/.local/lib/python3.8/site-packages/airflow/example_dags/example_python_decorator.py
[2026-03-23T03:54:21.721+0000] {processor.py:840} INFO - DAG(s) 'example_python_decorator' retrieved from /home/airflow/.local/lib/python3.8/site-packages/airflow/example_dags/example_python_decorator.py
[2026-03-23T03:54:21.743+0000] {logging_mixin.py:188} INFO - [2026-03-23T03:54:21.743+0000] {dag.py:3047} INFO - Sync 1 DAGs
[2026-03-23T03:54:21.756+0000] {logging_mixin.py:188} INFO - [2026-03-23T03:54:21.756+0000] {dag.py:3834} INFO - Setting next_dagrun for example_python_decorator to None, run_after=None
[2026-03-23T03:54:21.777+0000] {processor.py:183} INFO - Processing /home/airflow/.local/lib/python3.8/site-packages/airflow/example_dags/example_python_decorator.py took 0.073 seconds
[2026-03-23T03:54:52.207+0000] {processor.py:161} INFO - Started process (PID=519) to work on /home/airflow/.local/lib/python3.8/site-packages/airflow/example_dags/example_python_decorator.py
[2026-03-23T03:54:52.209+0000] {processor.py:830} INFO - Processing file /home/airflow/.local/lib/python3.8/site-packages/airflow/example_dags/example_python_decorator.py for tasks to queue
[2026-03-23T03:54:52.210+0000] {logging_mixin.py:188} INFO - [2026-03-23T03:54:52.210+0000] {dagbag.py:540} INFO - Filling up the DagBag from /home/airflow/.local/lib/python3.8/site-packages/airflow/example_dags/example_python_decorator.py
[2026-03-23T03:54:52.223+0000] {processor.py:840} INFO - DAG(s) 'example_python_decorator' retrieved from /home/airflow/.local/lib/python3.8/site-packages/airflow/example_dags/example_python_decorator.py
[2026-03-23T03:54:52.248+0000] {logging_mixin.py:188} INFO - [2026-03-23T03:54:52.248+0000] {dag.py:3047} INFO - Sync 1 DAGs
[2026-03-23T03:54:52.261+0000] {logging_mixin.py:188} INFO - [2026-03-23T03:54:52.260+0000] {dag.py:3834} INFO - Setting next_dagrun for example_python_decorator to None, run_after=None
[2026-03-23T03:54:52.285+0000] {processor.py:183} INFO - Processing /home/airflow/.local/lib/python3.8/site-packages/airflow/example_dags/example_python_decorator.py took 0.080 seconds
[2026-03-23T03:55:22.407+0000] {processor.py:161} INFO - Started process (PID=574) to work on /home/airflow/.local/lib/python3.8/site-packages/airflow/example_dags/example_python_decorator.py
[2026-03-23T03:55:22.408+0000] {processor.py:830} INFO - Processing file /home/airflow/.local/lib/python3.8/site-packages/airflow/example_dags/example_python_decorator.py for tasks to queue
[2026-03-23T03:55:22.410+0000] {logging_mixin.py:188} INFO - [2026-03-23T03:55:22.410+0000] {dagbag.py:540} INFO - Filling up the DagBag from /home/airflow/.local/lib/python3.8/site-packages/airflow/example_dags/example_python_decorator.py
[2026-03-23T03:55:22.423+0000] {processor.py:840} INFO - DAG(s) 'example_python_decorator' retrieved from /home/airflow/.local/lib/python3.8/site-packages/airflow/example_dags/example_python_decorator.py
[2026-03-23T03:55:22.448+0000] {logging_mixin.py:188} INFO - [2026-03-23T03:55:22.448+0000] {dag.py:3047} INFO - Sync 1 DAGs
[2026-03-23T03:55:22.461+0000] {logging_mixin.py:188} INFO - [2026-03-23T03:55:22.461+0000] {dag.py:3834} INFO - Setting next_dagrun for example_python_decorator to None, run_after=None
[2026-03-23T03:55:22.487+0000] {processor.py:183} INFO - Processing /home/airflow/.local/lib/python3.8/site-packages/airflow/example_dags/example_python_decorator.py took 0.083 seconds
[2026-03-23T03:55:52.786+0000] {processor.py:161} INFO - Started process (PID=629) to work on /home/airflow/.local/lib/python3.8/site-packages/airflow/example_dags/example_python_decorator.py
[2026-03-23T03:55:52.788+0000] {processor.py:830} INFO - Processing file /home/airflow/.local/lib/python3.8/site-packages/airflow/example_dags/example_python_decorator.py for tasks to queue
[2026-03-23T03:55:52.789+0000] {logging_mixin.py:188} INFO - [2026-03-23T03:55:52.789+0000] {dagbag.py:540} INFO - Filling up the DagBag from /home/airflow/.local/lib/python3.8/site-packages/airflow/example_dags/example_python_decorator.py
[2026-03-23T03:55:52.801+0000] {processor.py:840} INFO - DAG(s) 'example_python_decorator' retrieved from /home/airflow/.local/lib/python3.8/site-packages/airflow/example_dags/example_python_decorator.py
[2026-03-23T03:55:52.824+0000] {logging_mixin.py:188} INFO - [2026-03-23T03:55:52.823+0000] {dag.py:3047} INFO - Sync 1 DAGs
[2026-03-23T03:55:52.838+0000] {logging_mixin.py:188} INFO - [2026-03-23T03:55:52.837+0000] {dag.py:3834} INFO - Setting next_dagrun for example_python_decorator to None, run_after=None
[2026-03-23T03:55:52.865+0000] {processor.py:183} INFO - Processing /home/airflow/.local/lib/python3.8/site-packages/airflow/example_dags/example_python_decorator.py took 0.081 seconds
[2026-03-23T03:56:22.995+0000] {processor.py:161} INFO - Started process (PID=684) to work on /home/airflow/.local/lib/python3.8/site-packages/airflow/example_dags/example_python_decorator.py
[2026-03-23T03:56:22.997+0000] {processor.py:830} INFO - Processing file /home/airflow/.local/lib/python3.8/site-packages/airflow/example_dags/example_python_decorator.py for tasks to queue
[2026-03-23T03:56:22.999+0000] {logging_mixin.py:188} INFO - [2026-03-23T03:56:22.998+0000] {dagbag.py:540} INFO - Filling up the DagBag from /home/airflow/.local/lib/python3.8/site-packages/airflow/example_dags/example_python_decorator.py
[2026-03-23T03:56:23.013+0000] {processor.py:840} INFO - DAG(s) 'example_python_decorator' retrieved from /home/airflow/.local/lib/python3.8/site-packages/airflow/example_dags/example_python_decorator.py
[2026-03-23T03:56:23.040+0000] {logging_mixin.py:188} INFO - [2026-03-23T03:56:23.039+0000] {dag.py:3047} INFO - Sync 1 DAGs
[2026-03-23T03:56:23.053+0000] {logging_mixin.py:188} INFO - [2026-03-23T03:56:23.053+0000] {dag.py:3834} INFO - Setting next_dagrun for example_python_decorator to None, run_after=None
[2026-03-23T03:56:23.080+0000] {processor.py:183} INFO - Processing /home/airflow/.local/lib/python3.8/site-packages/airflow/example_dags/example_python_decorator.py took 0.089 seconds
