[2026-03-23T03:21:15.499+0000] {processor.py:161} INFO - Started process (PID=88) to work on /home/airflow/.local/lib/python3.8/site-packages/airflow/example_dags/example_dag_decorator.py
[2026-03-23T03:21:15.501+0000] {processor.py:830} INFO - Processing file /home/airflow/.local/lib/python3.8/site-packages/airflow/example_dags/example_dag_decorator.py for tasks to queue
[2026-03-23T03:21:15.504+0000] {logging_mixin.py:188} INFO - [2026-03-23T03:21:15.503+0000] {dagbag.py:540} INFO - Filling up the DagBag from /home/airflow/.local/lib/python3.8/site-packages/airflow/example_dags/example_dag_decorator.py
[2026-03-23T03:21:15.784+0000] {processor.py:840} INFO - DAG(s) 'example_dag_decorator' retrieved from /home/airflow/.local/lib/python3.8/site-packages/airflow/example_dags/example_dag_decorator.py
[2026-03-23T03:21:15.798+0000] {logging_mixin.py:188} INFO - [2026-03-23T03:21:15.797+0000] {dag.py:3047} INFO - Sync 1 DAGs
[2026-03-23T03:21:15.819+0000] {logging_mixin.py:188} INFO - [2026-03-23T03:21:15.819+0000] {dag.py:3834} INFO - Setting next_dagrun for example_dag_decorator to None, run_after=None
[2026-03-23T03:21:15.847+0000] {processor.py:183} INFO - Processing /home/airflow/.local/lib/python3.8/site-packages/airflow/example_dags/example_dag_decorator.py took 0.356 seconds
[2026-03-23T03:21:46.604+0000] {processor.py:161} INFO - Started process (PID=143) to work on /home/airflow/.local/lib/python3.8/site-packages/airflow/example_dags/example_dag_decorator.py
[2026-03-23T03:21:46.605+0000] {processor.py:830} INFO - Processing file /home/airflow/.local/lib/python3.8/site-packages/airflow/example_dags/example_dag_decorator.py for tasks to queue
[2026-03-23T03:21:46.606+0000] {logging_mixin.py:188} INFO - [2026-03-23T03:21:46.606+0000] {dagbag.py:540} INFO - Filling up the DagBag from /home/airflow/.local/lib/python3.8/site-packages/airflow/example_dags/example_dag_decorator.py
[2026-03-23T03:21:46.697+0000] {processor.py:840} INFO - DAG(s) 'example_dag_decorator' retrieved from /home/airflow/.local/lib/python3.8/site-packages/airflow/example_dags/example_dag_decorator.py
[2026-03-23T03:21:46.708+0000] {logging_mixin.py:188} INFO - [2026-03-23T03:21:46.708+0000] {dag.py:3047} INFO - Sync 1 DAGs
[2026-03-23T03:21:46.721+0000] {logging_mixin.py:188} INFO - [2026-03-23T03:21:46.720+0000] {dag.py:3834} INFO - Setting next_dagrun for example_dag_decorator to None, run_after=None
[2026-03-23T03:21:46.741+0000] {processor.py:183} INFO - Processing /home/airflow/.local/lib/python3.8/site-packages/airflow/example_dags/example_dag_decorator.py took 0.141 seconds
[2026-03-23T03:22:17.704+0000] {processor.py:161} INFO - Started process (PID=204) to work on /home/airflow/.local/lib/python3.8/site-packages/airflow/example_dags/example_dag_decorator.py
[2026-03-23T03:22:17.705+0000] {processor.py:830} INFO - Processing file /home/airflow/.local/lib/python3.8/site-packages/airflow/example_dags/example_dag_decorator.py for tasks to queue
[2026-03-23T03:22:17.707+0000] {logging_mixin.py:188} INFO - [2026-03-23T03:22:17.706+0000] {dagbag.py:540} INFO - Filling up the DagBag from /home/airflow/.local/lib/python3.8/site-packages/airflow/example_dags/example_dag_decorator.py
[2026-03-23T03:22:17.788+0000] {processor.py:840} INFO - DAG(s) 'example_dag_decorator' retrieved from /home/airflow/.local/lib/python3.8/site-packages/airflow/example_dags/example_dag_decorator.py
[2026-03-23T03:22:17.881+0000] {logging_mixin.py:188} INFO - [2026-03-23T03:22:17.881+0000] {dag.py:3047} INFO - Sync 1 DAGs
[2026-03-23T03:22:17.892+0000] {logging_mixin.py:188} INFO - [2026-03-23T03:22:17.892+0000] {dag.py:3834} INFO - Setting next_dagrun for example_dag_decorator to None, run_after=None
[2026-03-23T03:22:17.914+0000] {processor.py:183} INFO - Processing /home/airflow/.local/lib/python3.8/site-packages/airflow/example_dags/example_dag_decorator.py took 0.213 seconds
[2026-03-23T03:22:48.280+0000] {processor.py:161} INFO - Started process (PID=259) to work on /home/airflow/.local/lib/python3.8/site-packages/airflow/example_dags/example_dag_decorator.py
[2026-03-23T03:22:48.282+0000] {processor.py:830} INFO - Processing file /home/airflow/.local/lib/python3.8/site-packages/airflow/example_dags/example_dag_decorator.py for tasks to queue
[2026-03-23T03:22:48.284+0000] {logging_mixin.py:188} INFO - [2026-03-23T03:22:48.283+0000] {dagbag.py:540} INFO - Filling up the DagBag from /home/airflow/.local/lib/python3.8/site-packages/airflow/example_dags/example_dag_decorator.py
[2026-03-23T03:22:48.378+0000] {processor.py:840} INFO - DAG(s) 'example_dag_decorator' retrieved from /home/airflow/.local/lib/python3.8/site-packages/airflow/example_dags/example_dag_decorator.py
[2026-03-23T03:22:48.486+0000] {logging_mixin.py:188} INFO - [2026-03-23T03:22:48.486+0000] {dag.py:3047} INFO - Sync 1 DAGs
[2026-03-23T03:22:48.499+0000] {logging_mixin.py:188} INFO - [2026-03-23T03:22:48.499+0000] {dag.py:3834} INFO - Setting next_dagrun for example_dag_decorator to None, run_after=None
[2026-03-23T03:22:48.521+0000] {processor.py:183} INFO - Processing /home/airflow/.local/lib/python3.8/site-packages/airflow/example_dags/example_dag_decorator.py took 0.244 seconds
[2026-03-23T03:23:19.293+0000] {processor.py:161} INFO - Started process (PID=314) to work on /home/airflow/.local/lib/python3.8/site-packages/airflow/example_dags/example_dag_decorator.py
[2026-03-23T03:23:19.294+0000] {processor.py:830} INFO - Processing file /home/airflow/.local/lib/python3.8/site-packages/airflow/example_dags/example_dag_decorator.py for tasks to queue
[2026-03-23T03:23:19.296+0000] {logging_mixin.py:188} INFO - [2026-03-23T03:23:19.296+0000] {dagbag.py:540} INFO - Filling up the DagBag from /home/airflow/.local/lib/python3.8/site-packages/airflow/example_dags/example_dag_decorator.py
[2026-03-23T03:23:19.382+0000] {processor.py:840} INFO - DAG(s) 'example_dag_decorator' retrieved from /home/airflow/.local/lib/python3.8/site-packages/airflow/example_dags/example_dag_decorator.py
[2026-03-23T03:23:19.480+0000] {logging_mixin.py:188} INFO - [2026-03-23T03:23:19.479+0000] {dag.py:3047} INFO - Sync 1 DAGs
[2026-03-23T03:23:19.491+0000] {logging_mixin.py:188} INFO - [2026-03-23T03:23:19.490+0000] {dag.py:3834} INFO - Setting next_dagrun for example_dag_decorator to None, run_after=None
[2026-03-23T03:23:19.512+0000] {processor.py:183} INFO - Processing /home/airflow/.local/lib/python3.8/site-packages/airflow/example_dags/example_dag_decorator.py took 0.221 seconds
[2026-03-23T03:25:09.807+0000] {processor.py:161} INFO - Started process (PID=88) to work on /home/airflow/.local/lib/python3.8/site-packages/airflow/example_dags/example_dag_decorator.py
[2026-03-23T03:25:09.809+0000] {processor.py:830} INFO - Processing file /home/airflow/.local/lib/python3.8/site-packages/airflow/example_dags/example_dag_decorator.py for tasks to queue
[2026-03-23T03:25:09.813+0000] {logging_mixin.py:188} INFO - [2026-03-23T03:25:09.812+0000] {dagbag.py:540} INFO - Filling up the DagBag from /home/airflow/.local/lib/python3.8/site-packages/airflow/example_dags/example_dag_decorator.py
[2026-03-23T03:25:10.095+0000] {processor.py:840} INFO - DAG(s) 'example_dag_decorator' retrieved from /home/airflow/.local/lib/python3.8/site-packages/airflow/example_dags/example_dag_decorator.py
[2026-03-23T03:25:10.111+0000] {logging_mixin.py:188} INFO - [2026-03-23T03:25:10.110+0000] {dag.py:3047} INFO - Sync 1 DAGs
[2026-03-23T03:25:10.131+0000] {logging_mixin.py:188} INFO - [2026-03-23T03:25:10.131+0000] {dag.py:3834} INFO - Setting next_dagrun for example_dag_decorator to None, run_after=None
[2026-03-23T03:25:10.163+0000] {processor.py:183} INFO - Processing /home/airflow/.local/lib/python3.8/site-packages/airflow/example_dags/example_dag_decorator.py took 0.363 seconds
[2026-03-23T03:25:41.740+0000] {processor.py:161} INFO - Started process (PID=143) to work on /home/airflow/.local/lib/python3.8/site-packages/airflow/example_dags/example_dag_decorator.py
[2026-03-23T03:25:41.741+0000] {processor.py:830} INFO - Processing file /home/airflow/.local/lib/python3.8/site-packages/airflow/example_dags/example_dag_decorator.py for tasks to queue
[2026-03-23T03:25:41.743+0000] {logging_mixin.py:188} INFO - [2026-03-23T03:25:41.743+0000] {dagbag.py:540} INFO - Filling up the DagBag from /home/airflow/.local/lib/python3.8/site-packages/airflow/example_dags/example_dag_decorator.py
[2026-03-23T03:25:41.873+0000] {processor.py:840} INFO - DAG(s) 'example_dag_decorator' retrieved from /home/airflow/.local/lib/python3.8/site-packages/airflow/example_dags/example_dag_decorator.py
[2026-03-23T03:25:41.996+0000] {logging_mixin.py:188} INFO - [2026-03-23T03:25:41.996+0000] {dag.py:3047} INFO - Sync 1 DAGs
[2026-03-23T03:25:42.008+0000] {logging_mixin.py:188} INFO - [2026-03-23T03:25:42.008+0000] {dag.py:3834} INFO - Setting next_dagrun for example_dag_decorator to None, run_after=None
[2026-03-23T03:25:42.036+0000] {processor.py:183} INFO - Processing /home/airflow/.local/lib/python3.8/site-packages/airflow/example_dags/example_dag_decorator.py took 0.300 seconds
[2026-03-23T03:26:12.793+0000] {processor.py:161} INFO - Started process (PID=204) to work on /home/airflow/.local/lib/python3.8/site-packages/airflow/example_dags/example_dag_decorator.py
[2026-03-23T03:26:12.794+0000] {processor.py:830} INFO - Processing file /home/airflow/.local/lib/python3.8/site-packages/airflow/example_dags/example_dag_decorator.py for tasks to queue
[2026-03-23T03:26:12.796+0000] {logging_mixin.py:188} INFO - [2026-03-23T03:26:12.796+0000] {dagbag.py:540} INFO - Filling up the DagBag from /home/airflow/.local/lib/python3.8/site-packages/airflow/example_dags/example_dag_decorator.py
[2026-03-23T03:26:12.892+0000] {processor.py:840} INFO - DAG(s) 'example_dag_decorator' retrieved from /home/airflow/.local/lib/python3.8/site-packages/airflow/example_dags/example_dag_decorator.py
[2026-03-23T03:26:13.001+0000] {logging_mixin.py:188} INFO - [2026-03-23T03:26:13.001+0000] {dag.py:3047} INFO - Sync 1 DAGs
[2026-03-23T03:26:13.016+0000] {logging_mixin.py:188} INFO - [2026-03-23T03:26:13.016+0000] {dag.py:3834} INFO - Setting next_dagrun for example_dag_decorator to None, run_after=None
[2026-03-23T03:26:13.038+0000] {processor.py:183} INFO - Processing /home/airflow/.local/lib/python3.8/site-packages/airflow/example_dags/example_dag_decorator.py took 0.248 seconds
[2026-03-23T03:26:43.741+0000] {processor.py:161} INFO - Started process (PID=259) to work on /home/airflow/.local/lib/python3.8/site-packages/airflow/example_dags/example_dag_decorator.py
[2026-03-23T03:26:43.742+0000] {processor.py:830} INFO - Processing file /home/airflow/.local/lib/python3.8/site-packages/airflow/example_dags/example_dag_decorator.py for tasks to queue
[2026-03-23T03:26:43.744+0000] {logging_mixin.py:188} INFO - [2026-03-23T03:26:43.744+0000] {dagbag.py:540} INFO - Filling up the DagBag from /home/airflow/.local/lib/python3.8/site-packages/airflow/example_dags/example_dag_decorator.py
[2026-03-23T03:26:43.846+0000] {processor.py:840} INFO - DAG(s) 'example_dag_decorator' retrieved from /home/airflow/.local/lib/python3.8/site-packages/airflow/example_dags/example_dag_decorator.py
[2026-03-23T03:26:43.964+0000] {logging_mixin.py:188} INFO - [2026-03-23T03:26:43.963+0000] {dag.py:3047} INFO - Sync 1 DAGs
[2026-03-23T03:26:43.976+0000] {logging_mixin.py:188} INFO - [2026-03-23T03:26:43.976+0000] {dag.py:3834} INFO - Setting next_dagrun for example_dag_decorator to None, run_after=None
[2026-03-23T03:26:44.001+0000] {processor.py:183} INFO - Processing /home/airflow/.local/lib/python3.8/site-packages/airflow/example_dags/example_dag_decorator.py took 0.264 seconds
[2026-03-23T03:27:14.217+0000] {processor.py:161} INFO - Started process (PID=316) to work on /home/airflow/.local/lib/python3.8/site-packages/airflow/example_dags/example_dag_decorator.py
[2026-03-23T03:27:14.218+0000] {processor.py:830} INFO - Processing file /home/airflow/.local/lib/python3.8/site-packages/airflow/example_dags/example_dag_decorator.py for tasks to queue
[2026-03-23T03:27:14.220+0000] {logging_mixin.py:188} INFO - [2026-03-23T03:27:14.220+0000] {dagbag.py:540} INFO - Filling up the DagBag from /home/airflow/.local/lib/python3.8/site-packages/airflow/example_dags/example_dag_decorator.py
[2026-03-23T03:27:14.300+0000] {processor.py:840} INFO - DAG(s) 'example_dag_decorator' retrieved from /home/airflow/.local/lib/python3.8/site-packages/airflow/example_dags/example_dag_decorator.py
[2026-03-23T03:27:14.397+0000] {logging_mixin.py:188} INFO - [2026-03-23T03:27:14.397+0000] {dag.py:3047} INFO - Sync 1 DAGs
[2026-03-23T03:27:14.408+0000] {logging_mixin.py:188} INFO - [2026-03-23T03:27:14.408+0000] {dag.py:3834} INFO - Setting next_dagrun for example_dag_decorator to None, run_after=None
[2026-03-23T03:27:14.429+0000] {processor.py:183} INFO - Processing /home/airflow/.local/lib/python3.8/site-packages/airflow/example_dags/example_dag_decorator.py took 0.215 seconds
[2026-03-23T03:27:44.460+0000] {processor.py:161} INFO - Started process (PID=371) to work on /home/airflow/.local/lib/python3.8/site-packages/airflow/example_dags/example_dag_decorator.py
[2026-03-23T03:27:44.461+0000] {processor.py:830} INFO - Processing file /home/airflow/.local/lib/python3.8/site-packages/airflow/example_dags/example_dag_decorator.py for tasks to queue
[2026-03-23T03:27:44.463+0000] {logging_mixin.py:188} INFO - [2026-03-23T03:27:44.462+0000] {dagbag.py:540} INFO - Filling up the DagBag from /home/airflow/.local/lib/python3.8/site-packages/airflow/example_dags/example_dag_decorator.py
[2026-03-23T03:27:44.551+0000] {processor.py:840} INFO - DAG(s) 'example_dag_decorator' retrieved from /home/airflow/.local/lib/python3.8/site-packages/airflow/example_dags/example_dag_decorator.py
[2026-03-23T03:27:44.652+0000] {logging_mixin.py:188} INFO - [2026-03-23T03:27:44.652+0000] {dag.py:3047} INFO - Sync 1 DAGs
[2026-03-23T03:27:44.663+0000] {logging_mixin.py:188} INFO - [2026-03-23T03:27:44.663+0000] {dag.py:3834} INFO - Setting next_dagrun for example_dag_decorator to None, run_after=None
[2026-03-23T03:27:44.687+0000] {processor.py:183} INFO - Processing /home/airflow/.local/lib/python3.8/site-packages/airflow/example_dags/example_dag_decorator.py took 0.229 seconds
[2026-03-23T03:28:14.852+0000] {processor.py:161} INFO - Started process (PID=426) to work on /home/airflow/.local/lib/python3.8/site-packages/airflow/example_dags/example_dag_decorator.py
[2026-03-23T03:28:14.853+0000] {processor.py:830} INFO - Processing file /home/airflow/.local/lib/python3.8/site-packages/airflow/example_dags/example_dag_decorator.py for tasks to queue
[2026-03-23T03:28:14.855+0000] {logging_mixin.py:188} INFO - [2026-03-23T03:28:14.854+0000] {dagbag.py:540} INFO - Filling up the DagBag from /home/airflow/.local/lib/python3.8/site-packages/airflow/example_dags/example_dag_decorator.py
[2026-03-23T03:28:14.941+0000] {processor.py:840} INFO - DAG(s) 'example_dag_decorator' retrieved from /home/airflow/.local/lib/python3.8/site-packages/airflow/example_dags/example_dag_decorator.py
[2026-03-23T03:28:15.043+0000] {logging_mixin.py:188} INFO - [2026-03-23T03:28:15.043+0000] {dag.py:3047} INFO - Sync 1 DAGs
[2026-03-23T03:28:15.055+0000] {logging_mixin.py:188} INFO - [2026-03-23T03:28:15.055+0000] {dag.py:3834} INFO - Setting next_dagrun for example_dag_decorator to None, run_after=None
[2026-03-23T03:28:15.079+0000] {processor.py:183} INFO - Processing /home/airflow/.local/lib/python3.8/site-packages/airflow/example_dags/example_dag_decorator.py took 0.230 seconds
[2026-03-23T03:28:45.231+0000] {processor.py:161} INFO - Started process (PID=482) to work on /home/airflow/.local/lib/python3.8/site-packages/airflow/example_dags/example_dag_decorator.py
[2026-03-23T03:28:45.233+0000] {processor.py:830} INFO - Processing file /home/airflow/.local/lib/python3.8/site-packages/airflow/example_dags/example_dag_decorator.py for tasks to queue
[2026-03-23T03:28:45.234+0000] {logging_mixin.py:188} INFO - [2026-03-23T03:28:45.234+0000] {dagbag.py:540} INFO - Filling up the DagBag from /home/airflow/.local/lib/python3.8/site-packages/airflow/example_dags/example_dag_decorator.py
[2026-03-23T03:28:45.322+0000] {processor.py:840} INFO - DAG(s) 'example_dag_decorator' retrieved from /home/airflow/.local/lib/python3.8/site-packages/airflow/example_dags/example_dag_decorator.py
[2026-03-23T03:28:45.420+0000] {logging_mixin.py:188} INFO - [2026-03-23T03:28:45.420+0000] {dag.py:3047} INFO - Sync 1 DAGs
[2026-03-23T03:28:45.431+0000] {logging_mixin.py:188} INFO - [2026-03-23T03:28:45.431+0000] {dag.py:3834} INFO - Setting next_dagrun for example_dag_decorator to None, run_after=None
[2026-03-23T03:28:45.457+0000] {processor.py:183} INFO - Processing /home/airflow/.local/lib/python3.8/site-packages/airflow/example_dags/example_dag_decorator.py took 0.228 seconds
[2026-03-23T03:29:15.625+0000] {processor.py:161} INFO - Started process (PID=534) to work on /home/airflow/.local/lib/python3.8/site-packages/airflow/example_dags/example_dag_decorator.py
[2026-03-23T03:29:15.626+0000] {processor.py:830} INFO - Processing file /home/airflow/.local/lib/python3.8/site-packages/airflow/example_dags/example_dag_decorator.py for tasks to queue
[2026-03-23T03:29:15.628+0000] {logging_mixin.py:188} INFO - [2026-03-23T03:29:15.628+0000] {dagbag.py:540} INFO - Filling up the DagBag from /home/airflow/.local/lib/python3.8/site-packages/airflow/example_dags/example_dag_decorator.py
[2026-03-23T03:29:15.734+0000] {processor.py:840} INFO - DAG(s) 'example_dag_decorator' retrieved from /home/airflow/.local/lib/python3.8/site-packages/airflow/example_dags/example_dag_decorator.py
[2026-03-23T03:29:15.848+0000] {logging_mixin.py:188} INFO - [2026-03-23T03:29:15.847+0000] {dag.py:3047} INFO - Sync 1 DAGs
[2026-03-23T03:29:15.864+0000] {logging_mixin.py:188} INFO - [2026-03-23T03:29:15.864+0000] {dag.py:3834} INFO - Setting next_dagrun for example_dag_decorator to None, run_after=None
[2026-03-23T03:29:15.890+0000] {processor.py:183} INFO - Processing /home/airflow/.local/lib/python3.8/site-packages/airflow/example_dags/example_dag_decorator.py took 0.268 seconds
[2026-03-23T03:29:45.980+0000] {processor.py:161} INFO - Started process (PID=590) to work on /home/airflow/.local/lib/python3.8/site-packages/airflow/example_dags/example_dag_decorator.py
[2026-03-23T03:29:45.981+0000] {processor.py:830} INFO - Processing file /home/airflow/.local/lib/python3.8/site-packages/airflow/example_dags/example_dag_decorator.py for tasks to queue
[2026-03-23T03:29:45.982+0000] {logging_mixin.py:188} INFO - [2026-03-23T03:29:45.982+0000] {dagbag.py:540} INFO - Filling up the DagBag from /home/airflow/.local/lib/python3.8/site-packages/airflow/example_dags/example_dag_decorator.py
[2026-03-23T03:29:46.073+0000] {processor.py:840} INFO - DAG(s) 'example_dag_decorator' retrieved from /home/airflow/.local/lib/python3.8/site-packages/airflow/example_dags/example_dag_decorator.py
[2026-03-23T03:29:46.171+0000] {logging_mixin.py:188} INFO - [2026-03-23T03:29:46.171+0000] {dag.py:3047} INFO - Sync 1 DAGs
[2026-03-23T03:29:46.182+0000] {logging_mixin.py:188} INFO - [2026-03-23T03:29:46.182+0000] {dag.py:3834} INFO - Setting next_dagrun for example_dag_decorator to None, run_after=None
[2026-03-23T03:29:46.205+0000] {processor.py:183} INFO - Processing /home/airflow/.local/lib/python3.8/site-packages/airflow/example_dags/example_dag_decorator.py took 0.228 seconds
[2026-03-23T03:30:16.370+0000] {processor.py:161} INFO - Started process (PID=646) to work on /home/airflow/.local/lib/python3.8/site-packages/airflow/example_dags/example_dag_decorator.py
[2026-03-23T03:30:16.372+0000] {processor.py:830} INFO - Processing file /home/airflow/.local/lib/python3.8/site-packages/airflow/example_dags/example_dag_decorator.py for tasks to queue
[2026-03-23T03:30:16.374+0000] {logging_mixin.py:188} INFO - [2026-03-23T03:30:16.373+0000] {dagbag.py:540} INFO - Filling up the DagBag from /home/airflow/.local/lib/python3.8/site-packages/airflow/example_dags/example_dag_decorator.py
[2026-03-23T03:30:16.462+0000] {processor.py:840} INFO - DAG(s) 'example_dag_decorator' retrieved from /home/airflow/.local/lib/python3.8/site-packages/airflow/example_dags/example_dag_decorator.py
[2026-03-23T03:30:16.567+0000] {logging_mixin.py:188} INFO - [2026-03-23T03:30:16.566+0000] {dag.py:3047} INFO - Sync 1 DAGs
[2026-03-23T03:30:16.579+0000] {logging_mixin.py:188} INFO - [2026-03-23T03:30:16.578+0000] {dag.py:3834} INFO - Setting next_dagrun for example_dag_decorator to None, run_after=None
[2026-03-23T03:30:16.604+0000] {processor.py:183} INFO - Processing /home/airflow/.local/lib/python3.8/site-packages/airflow/example_dags/example_dag_decorator.py took 0.237 seconds
[2026-03-23T03:30:47.492+0000] {processor.py:161} INFO - Started process (PID=701) to work on /home/airflow/.local/lib/python3.8/site-packages/airflow/example_dags/example_dag_decorator.py
[2026-03-23T03:30:47.494+0000] {processor.py:830} INFO - Processing file /home/airflow/.local/lib/python3.8/site-packages/airflow/example_dags/example_dag_decorator.py for tasks to queue
[2026-03-23T03:30:47.496+0000] {logging_mixin.py:188} INFO - [2026-03-23T03:30:47.495+0000] {dagbag.py:540} INFO - Filling up the DagBag from /home/airflow/.local/lib/python3.8/site-packages/airflow/example_dags/example_dag_decorator.py
[2026-03-23T03:30:47.588+0000] {processor.py:840} INFO - DAG(s) 'example_dag_decorator' retrieved from /home/airflow/.local/lib/python3.8/site-packages/airflow/example_dags/example_dag_decorator.py
[2026-03-23T03:30:47.694+0000] {logging_mixin.py:188} INFO - [2026-03-23T03:30:47.694+0000] {dag.py:3047} INFO - Sync 1 DAGs
[2026-03-23T03:30:47.708+0000] {logging_mixin.py:188} INFO - [2026-03-23T03:30:47.708+0000] {dag.py:3834} INFO - Setting next_dagrun for example_dag_decorator to None, run_after=None
[2026-03-23T03:30:47.733+0000] {processor.py:183} INFO - Processing /home/airflow/.local/lib/python3.8/site-packages/airflow/example_dags/example_dag_decorator.py took 0.244 seconds
[2026-03-23T03:31:17.794+0000] {processor.py:161} INFO - Started process (PID=757) to work on /home/airflow/.local/lib/python3.8/site-packages/airflow/example_dags/example_dag_decorator.py
[2026-03-23T03:31:17.795+0000] {processor.py:830} INFO - Processing file /home/airflow/.local/lib/python3.8/site-packages/airflow/example_dags/example_dag_decorator.py for tasks to queue
[2026-03-23T03:31:17.797+0000] {logging_mixin.py:188} INFO - [2026-03-23T03:31:17.797+0000] {dagbag.py:540} INFO - Filling up the DagBag from /home/airflow/.local/lib/python3.8/site-packages/airflow/example_dags/example_dag_decorator.py
[2026-03-23T03:31:17.885+0000] {processor.py:840} INFO - DAG(s) 'example_dag_decorator' retrieved from /home/airflow/.local/lib/python3.8/site-packages/airflow/example_dags/example_dag_decorator.py
[2026-03-23T03:31:17.998+0000] {logging_mixin.py:188} INFO - [2026-03-23T03:31:17.998+0000] {dag.py:3047} INFO - Sync 1 DAGs
[2026-03-23T03:31:18.011+0000] {logging_mixin.py:188} INFO - [2026-03-23T03:31:18.010+0000] {dag.py:3834} INFO - Setting next_dagrun for example_dag_decorator to None, run_after=None
[2026-03-23T03:31:18.037+0000] {processor.py:183} INFO - Processing /home/airflow/.local/lib/python3.8/site-packages/airflow/example_dags/example_dag_decorator.py took 0.247 seconds
[2026-03-23T03:31:48.292+0000] {processor.py:161} INFO - Started process (PID=811) to work on /home/airflow/.local/lib/python3.8/site-packages/airflow/example_dags/example_dag_decorator.py
[2026-03-23T03:31:48.294+0000] {processor.py:830} INFO - Processing file /home/airflow/.local/lib/python3.8/site-packages/airflow/example_dags/example_dag_decorator.py for tasks to queue
[2026-03-23T03:31:48.297+0000] {logging_mixin.py:188} INFO - [2026-03-23T03:31:48.296+0000] {dagbag.py:540} INFO - Filling up the DagBag from /home/airflow/.local/lib/python3.8/site-packages/airflow/example_dags/example_dag_decorator.py
[2026-03-23T03:31:48.385+0000] {processor.py:840} INFO - DAG(s) 'example_dag_decorator' retrieved from /home/airflow/.local/lib/python3.8/site-packages/airflow/example_dags/example_dag_decorator.py
[2026-03-23T03:31:48.490+0000] {logging_mixin.py:188} INFO - [2026-03-23T03:31:48.489+0000] {dag.py:3047} INFO - Sync 1 DAGs
[2026-03-23T03:31:48.505+0000] {logging_mixin.py:188} INFO - [2026-03-23T03:31:48.504+0000] {dag.py:3834} INFO - Setting next_dagrun for example_dag_decorator to None, run_after=None
[2026-03-23T03:31:48.535+0000] {processor.py:183} INFO - Processing /home/airflow/.local/lib/python3.8/site-packages/airflow/example_dags/example_dag_decorator.py took 0.245 seconds
[2026-03-23T03:32:19.073+0000] {processor.py:161} INFO - Started process (PID=866) to work on /home/airflow/.local/lib/python3.8/site-packages/airflow/example_dags/example_dag_decorator.py
[2026-03-23T03:32:19.075+0000] {processor.py:830} INFO - Processing file /home/airflow/.local/lib/python3.8/site-packages/airflow/example_dags/example_dag_decorator.py for tasks to queue
[2026-03-23T03:32:19.076+0000] {logging_mixin.py:188} INFO - [2026-03-23T03:32:19.076+0000] {dagbag.py:540} INFO - Filling up the DagBag from /home/airflow/.local/lib/python3.8/site-packages/airflow/example_dags/example_dag_decorator.py
[2026-03-23T03:32:19.160+0000] {processor.py:840} INFO - DAG(s) 'example_dag_decorator' retrieved from /home/airflow/.local/lib/python3.8/site-packages/airflow/example_dags/example_dag_decorator.py
[2026-03-23T03:32:19.260+0000] {logging_mixin.py:188} INFO - [2026-03-23T03:32:19.260+0000] {dag.py:3047} INFO - Sync 1 DAGs
[2026-03-23T03:32:19.271+0000] {logging_mixin.py:188} INFO - [2026-03-23T03:32:19.271+0000] {dag.py:3834} INFO - Setting next_dagrun for example_dag_decorator to None, run_after=None
[2026-03-23T03:32:19.294+0000] {processor.py:183} INFO - Processing /home/airflow/.local/lib/python3.8/site-packages/airflow/example_dags/example_dag_decorator.py took 0.223 seconds
[2026-03-23T03:32:50.110+0000] {processor.py:161} INFO - Started process (PID=921) to work on /home/airflow/.local/lib/python3.8/site-packages/airflow/example_dags/example_dag_decorator.py
[2026-03-23T03:32:50.112+0000] {processor.py:830} INFO - Processing file /home/airflow/.local/lib/python3.8/site-packages/airflow/example_dags/example_dag_decorator.py for tasks to queue
[2026-03-23T03:32:50.114+0000] {logging_mixin.py:188} INFO - [2026-03-23T03:32:50.113+0000] {dagbag.py:540} INFO - Filling up the DagBag from /home/airflow/.local/lib/python3.8/site-packages/airflow/example_dags/example_dag_decorator.py
[2026-03-23T03:32:50.203+0000] {processor.py:840} INFO - DAG(s) 'example_dag_decorator' retrieved from /home/airflow/.local/lib/python3.8/site-packages/airflow/example_dags/example_dag_decorator.py
[2026-03-23T03:32:50.313+0000] {logging_mixin.py:188} INFO - [2026-03-23T03:32:50.313+0000] {dag.py:3047} INFO - Sync 1 DAGs
[2026-03-23T03:32:50.325+0000] {logging_mixin.py:188} INFO - [2026-03-23T03:32:50.325+0000] {dag.py:3834} INFO - Setting next_dagrun for example_dag_decorator to None, run_after=None
[2026-03-23T03:32:50.350+0000] {processor.py:183} INFO - Processing /home/airflow/.local/lib/python3.8/site-packages/airflow/example_dags/example_dag_decorator.py took 0.243 seconds
[2026-03-23T03:33:20.495+0000] {processor.py:161} INFO - Started process (PID=978) to work on /home/airflow/.local/lib/python3.8/site-packages/airflow/example_dags/example_dag_decorator.py
[2026-03-23T03:33:20.497+0000] {processor.py:830} INFO - Processing file /home/airflow/.local/lib/python3.8/site-packages/airflow/example_dags/example_dag_decorator.py for tasks to queue
[2026-03-23T03:33:20.499+0000] {logging_mixin.py:188} INFO - [2026-03-23T03:33:20.499+0000] {dagbag.py:540} INFO - Filling up the DagBag from /home/airflow/.local/lib/python3.8/site-packages/airflow/example_dags/example_dag_decorator.py
[2026-03-23T03:33:20.596+0000] {processor.py:840} INFO - DAG(s) 'example_dag_decorator' retrieved from /home/airflow/.local/lib/python3.8/site-packages/airflow/example_dags/example_dag_decorator.py
[2026-03-23T03:33:20.697+0000] {logging_mixin.py:188} INFO - [2026-03-23T03:33:20.696+0000] {dag.py:3047} INFO - Sync 1 DAGs
[2026-03-23T03:33:20.706+0000] {logging_mixin.py:188} INFO - [2026-03-23T03:33:20.706+0000] {dag.py:3834} INFO - Setting next_dagrun for example_dag_decorator to None, run_after=None
[2026-03-23T03:33:20.730+0000] {processor.py:183} INFO - Processing /home/airflow/.local/lib/python3.8/site-packages/airflow/example_dags/example_dag_decorator.py took 0.238 seconds
[2026-03-23T03:33:50.861+0000] {processor.py:161} INFO - Started process (PID=1034) to work on /home/airflow/.local/lib/python3.8/site-packages/airflow/example_dags/example_dag_decorator.py
[2026-03-23T03:33:50.862+0000] {processor.py:830} INFO - Processing file /home/airflow/.local/lib/python3.8/site-packages/airflow/example_dags/example_dag_decorator.py for tasks to queue
[2026-03-23T03:33:50.864+0000] {logging_mixin.py:188} INFO - [2026-03-23T03:33:50.864+0000] {dagbag.py:540} INFO - Filling up the DagBag from /home/airflow/.local/lib/python3.8/site-packages/airflow/example_dags/example_dag_decorator.py
[2026-03-23T03:33:50.959+0000] {processor.py:840} INFO - DAG(s) 'example_dag_decorator' retrieved from /home/airflow/.local/lib/python3.8/site-packages/airflow/example_dags/example_dag_decorator.py
[2026-03-23T03:33:51.053+0000] {logging_mixin.py:188} INFO - [2026-03-23T03:33:51.052+0000] {dag.py:3047} INFO - Sync 1 DAGs
[2026-03-23T03:33:51.062+0000] {logging_mixin.py:188} INFO - [2026-03-23T03:33:51.062+0000] {dag.py:3834} INFO - Setting next_dagrun for example_dag_decorator to None, run_after=None
[2026-03-23T03:33:51.084+0000] {processor.py:183} INFO - Processing /home/airflow/.local/lib/python3.8/site-packages/airflow/example_dags/example_dag_decorator.py took 0.226 seconds
[2026-03-23T03:34:21.621+0000] {processor.py:161} INFO - Started process (PID=1087) to work on /home/airflow/.local/lib/python3.8/site-packages/airflow/example_dags/example_dag_decorator.py
[2026-03-23T03:34:21.622+0000] {processor.py:830} INFO - Processing file /home/airflow/.local/lib/python3.8/site-packages/airflow/example_dags/example_dag_decorator.py for tasks to queue
[2026-03-23T03:34:21.624+0000] {logging_mixin.py:188} INFO - [2026-03-23T03:34:21.623+0000] {dagbag.py:540} INFO - Filling up the DagBag from /home/airflow/.local/lib/python3.8/site-packages/airflow/example_dags/example_dag_decorator.py
[2026-03-23T03:34:21.704+0000] {processor.py:840} INFO - DAG(s) 'example_dag_decorator' retrieved from /home/airflow/.local/lib/python3.8/site-packages/airflow/example_dags/example_dag_decorator.py
[2026-03-23T03:34:21.799+0000] {logging_mixin.py:188} INFO - [2026-03-23T03:34:21.799+0000] {dag.py:3047} INFO - Sync 1 DAGs
[2026-03-23T03:34:21.809+0000] {logging_mixin.py:188} INFO - [2026-03-23T03:34:21.809+0000] {dag.py:3834} INFO - Setting next_dagrun for example_dag_decorator to None, run_after=None
[2026-03-23T03:34:21.832+0000] {processor.py:183} INFO - Processing /home/airflow/.local/lib/python3.8/site-packages/airflow/example_dags/example_dag_decorator.py took 0.214 seconds
[2026-03-23T03:34:51.882+0000] {processor.py:161} INFO - Started process (PID=1142) to work on /home/airflow/.local/lib/python3.8/site-packages/airflow/example_dags/example_dag_decorator.py
[2026-03-23T03:34:51.883+0000] {processor.py:830} INFO - Processing file /home/airflow/.local/lib/python3.8/site-packages/airflow/example_dags/example_dag_decorator.py for tasks to queue
[2026-03-23T03:34:51.885+0000] {logging_mixin.py:188} INFO - [2026-03-23T03:34:51.885+0000] {dagbag.py:540} INFO - Filling up the DagBag from /home/airflow/.local/lib/python3.8/site-packages/airflow/example_dags/example_dag_decorator.py
[2026-03-23T03:34:52.005+0000] {processor.py:840} INFO - DAG(s) 'example_dag_decorator' retrieved from /home/airflow/.local/lib/python3.8/site-packages/airflow/example_dags/example_dag_decorator.py
[2026-03-23T03:34:52.115+0000] {logging_mixin.py:188} INFO - [2026-03-23T03:34:52.114+0000] {dag.py:3047} INFO - Sync 1 DAGs
[2026-03-23T03:34:52.132+0000] {logging_mixin.py:188} INFO - [2026-03-23T03:34:52.132+0000] {dag.py:3834} INFO - Setting next_dagrun for example_dag_decorator to None, run_after=None
[2026-03-23T03:34:52.156+0000] {processor.py:183} INFO - Processing /home/airflow/.local/lib/python3.8/site-packages/airflow/example_dags/example_dag_decorator.py took 0.278 seconds
[2026-03-23T03:37:20.608+0000] {processor.py:161} INFO - Started process (PID=88) to work on /home/airflow/.local/lib/python3.8/site-packages/airflow/example_dags/example_dag_decorator.py
[2026-03-23T03:37:20.609+0000] {processor.py:830} INFO - Processing file /home/airflow/.local/lib/python3.8/site-packages/airflow/example_dags/example_dag_decorator.py for tasks to queue
[2026-03-23T03:37:20.611+0000] {logging_mixin.py:188} INFO - [2026-03-23T03:37:20.611+0000] {dagbag.py:540} INFO - Filling up the DagBag from /home/airflow/.local/lib/python3.8/site-packages/airflow/example_dags/example_dag_decorator.py
[2026-03-23T03:37:20.839+0000] {processor.py:840} INFO - DAG(s) 'example_dag_decorator' retrieved from /home/airflow/.local/lib/python3.8/site-packages/airflow/example_dags/example_dag_decorator.py
[2026-03-23T03:37:20.853+0000] {logging_mixin.py:188} INFO - [2026-03-23T03:37:20.852+0000] {dag.py:3047} INFO - Sync 1 DAGs
[2026-03-23T03:37:20.870+0000] {logging_mixin.py:188} INFO - [2026-03-23T03:37:20.870+0000] {dag.py:3834} INFO - Setting next_dagrun for example_dag_decorator to None, run_after=None
[2026-03-23T03:37:20.895+0000] {processor.py:183} INFO - Processing /home/airflow/.local/lib/python3.8/site-packages/airflow/example_dags/example_dag_decorator.py took 0.290 seconds
[2026-03-23T03:37:52.378+0000] {processor.py:161} INFO - Started process (PID=149) to work on /home/airflow/.local/lib/python3.8/site-packages/airflow/example_dags/example_dag_decorator.py
[2026-03-23T03:37:52.379+0000] {processor.py:830} INFO - Processing file /home/airflow/.local/lib/python3.8/site-packages/airflow/example_dags/example_dag_decorator.py for tasks to queue
[2026-03-23T03:37:52.381+0000] {logging_mixin.py:188} INFO - [2026-03-23T03:37:52.380+0000] {dagbag.py:540} INFO - Filling up the DagBag from /home/airflow/.local/lib/python3.8/site-packages/airflow/example_dags/example_dag_decorator.py
[2026-03-23T03:37:52.480+0000] {processor.py:840} INFO - DAG(s) 'example_dag_decorator' retrieved from /home/airflow/.local/lib/python3.8/site-packages/airflow/example_dags/example_dag_decorator.py
[2026-03-23T03:37:52.570+0000] {logging_mixin.py:188} INFO - [2026-03-23T03:37:52.570+0000] {dag.py:3047} INFO - Sync 1 DAGs
[2026-03-23T03:37:52.581+0000] {logging_mixin.py:188} INFO - [2026-03-23T03:37:52.581+0000] {dag.py:3834} INFO - Setting next_dagrun for example_dag_decorator to None, run_after=None
[2026-03-23T03:37:52.604+0000] {processor.py:183} INFO - Processing /home/airflow/.local/lib/python3.8/site-packages/airflow/example_dags/example_dag_decorator.py took 0.230 seconds
[2026-03-23T03:38:22.654+0000] {processor.py:161} INFO - Started process (PID=204) to work on /home/airflow/.local/lib/python3.8/site-packages/airflow/example_dags/example_dag_decorator.py
[2026-03-23T03:38:22.655+0000] {processor.py:830} INFO - Processing file /home/airflow/.local/lib/python3.8/site-packages/airflow/example_dags/example_dag_decorator.py for tasks to queue
[2026-03-23T03:38:22.657+0000] {logging_mixin.py:188} INFO - [2026-03-23T03:38:22.657+0000] {dagbag.py:540} INFO - Filling up the DagBag from /home/airflow/.local/lib/python3.8/site-packages/airflow/example_dags/example_dag_decorator.py
[2026-03-23T03:38:22.754+0000] {processor.py:840} INFO - DAG(s) 'example_dag_decorator' retrieved from /home/airflow/.local/lib/python3.8/site-packages/airflow/example_dags/example_dag_decorator.py
[2026-03-23T03:38:22.874+0000] {logging_mixin.py:188} INFO - [2026-03-23T03:38:22.874+0000] {dag.py:3047} INFO - Sync 1 DAGs
[2026-03-23T03:38:22.889+0000] {logging_mixin.py:188} INFO - [2026-03-23T03:38:22.888+0000] {dag.py:3834} INFO - Setting next_dagrun for example_dag_decorator to None, run_after=None
[2026-03-23T03:38:22.914+0000] {processor.py:183} INFO - Processing /home/airflow/.local/lib/python3.8/site-packages/airflow/example_dags/example_dag_decorator.py took 0.263 seconds
[2026-03-23T03:38:53.123+0000] {processor.py:161} INFO - Started process (PID=260) to work on /home/airflow/.local/lib/python3.8/site-packages/airflow/example_dags/example_dag_decorator.py
[2026-03-23T03:38:53.124+0000] {processor.py:830} INFO - Processing file /home/airflow/.local/lib/python3.8/site-packages/airflow/example_dags/example_dag_decorator.py for tasks to queue
[2026-03-23T03:38:53.126+0000] {logging_mixin.py:188} INFO - [2026-03-23T03:38:53.126+0000] {dagbag.py:540} INFO - Filling up the DagBag from /home/airflow/.local/lib/python3.8/site-packages/airflow/example_dags/example_dag_decorator.py
[2026-03-23T03:38:53.232+0000] {processor.py:840} INFO - DAG(s) 'example_dag_decorator' retrieved from /home/airflow/.local/lib/python3.8/site-packages/airflow/example_dags/example_dag_decorator.py
[2026-03-23T03:38:53.337+0000] {logging_mixin.py:188} INFO - [2026-03-23T03:38:53.337+0000] {dag.py:3047} INFO - Sync 1 DAGs
[2026-03-23T03:38:53.348+0000] {logging_mixin.py:188} INFO - [2026-03-23T03:38:53.348+0000] {dag.py:3834} INFO - Setting next_dagrun for example_dag_decorator to None, run_after=None
[2026-03-23T03:38:53.370+0000] {processor.py:183} INFO - Processing /home/airflow/.local/lib/python3.8/site-packages/airflow/example_dags/example_dag_decorator.py took 0.250 seconds
[2026-03-23T03:39:23.521+0000] {processor.py:161} INFO - Started process (PID=314) to work on /home/airflow/.local/lib/python3.8/site-packages/airflow/example_dags/example_dag_decorator.py
[2026-03-23T03:39:23.522+0000] {processor.py:830} INFO - Processing file /home/airflow/.local/lib/python3.8/site-packages/airflow/example_dags/example_dag_decorator.py for tasks to queue
[2026-03-23T03:39:23.524+0000] {logging_mixin.py:188} INFO - [2026-03-23T03:39:23.523+0000] {dagbag.py:540} INFO - Filling up the DagBag from /home/airflow/.local/lib/python3.8/site-packages/airflow/example_dags/example_dag_decorator.py
[2026-03-23T03:39:23.606+0000] {processor.py:840} INFO - DAG(s) 'example_dag_decorator' retrieved from /home/airflow/.local/lib/python3.8/site-packages/airflow/example_dags/example_dag_decorator.py
[2026-03-23T03:39:23.702+0000] {logging_mixin.py:188} INFO - [2026-03-23T03:39:23.702+0000] {dag.py:3047} INFO - Sync 1 DAGs
[2026-03-23T03:39:23.713+0000] {logging_mixin.py:188} INFO - [2026-03-23T03:39:23.713+0000] {dag.py:3834} INFO - Setting next_dagrun for example_dag_decorator to None, run_after=None
[2026-03-23T03:39:23.737+0000] {processor.py:183} INFO - Processing /home/airflow/.local/lib/python3.8/site-packages/airflow/example_dags/example_dag_decorator.py took 0.218 seconds
[2026-03-23T03:39:53.904+0000] {processor.py:161} INFO - Started process (PID=369) to work on /home/airflow/.local/lib/python3.8/site-packages/airflow/example_dags/example_dag_decorator.py
[2026-03-23T03:39:53.905+0000] {processor.py:830} INFO - Processing file /home/airflow/.local/lib/python3.8/site-packages/airflow/example_dags/example_dag_decorator.py for tasks to queue
[2026-03-23T03:39:53.907+0000] {logging_mixin.py:188} INFO - [2026-03-23T03:39:53.907+0000] {dagbag.py:540} INFO - Filling up the DagBag from /home/airflow/.local/lib/python3.8/site-packages/airflow/example_dags/example_dag_decorator.py
[2026-03-23T03:39:54.001+0000] {processor.py:840} INFO - DAG(s) 'example_dag_decorator' retrieved from /home/airflow/.local/lib/python3.8/site-packages/airflow/example_dags/example_dag_decorator.py
[2026-03-23T03:39:54.097+0000] {logging_mixin.py:188} INFO - [2026-03-23T03:39:54.096+0000] {dag.py:3047} INFO - Sync 1 DAGs
[2026-03-23T03:39:54.107+0000] {logging_mixin.py:188} INFO - [2026-03-23T03:39:54.107+0000] {dag.py:3834} INFO - Setting next_dagrun for example_dag_decorator to None, run_after=None
[2026-03-23T03:39:54.132+0000] {processor.py:183} INFO - Processing /home/airflow/.local/lib/python3.8/site-packages/airflow/example_dags/example_dag_decorator.py took 0.232 seconds
[2026-03-23T03:40:24.348+0000] {processor.py:161} INFO - Started process (PID=424) to work on /home/airflow/.local/lib/python3.8/site-packages/airflow/example_dags/example_dag_decorator.py
[2026-03-23T03:40:24.349+0000] {processor.py:830} INFO - Processing file /home/airflow/.local/lib/python3.8/site-packages/airflow/example_dags/example_dag_decorator.py for tasks to queue
[2026-03-23T03:40:24.351+0000] {logging_mixin.py:188} INFO - [2026-03-23T03:40:24.351+0000] {dagbag.py:540} INFO - Filling up the DagBag from /home/airflow/.local/lib/python3.8/site-packages/airflow/example_dags/example_dag_decorator.py
[2026-03-23T03:40:24.442+0000] {processor.py:840} INFO - DAG(s) 'example_dag_decorator' retrieved from /home/airflow/.local/lib/python3.8/site-packages/airflow/example_dags/example_dag_decorator.py
[2026-03-23T03:40:24.538+0000] {logging_mixin.py:188} INFO - [2026-03-23T03:40:24.538+0000] {dag.py:3047} INFO - Sync 1 DAGs
[2026-03-23T03:40:24.549+0000] {logging_mixin.py:188} INFO - [2026-03-23T03:40:24.549+0000] {dag.py:3834} INFO - Setting next_dagrun for example_dag_decorator to None, run_after=None
[2026-03-23T03:40:24.570+0000] {processor.py:183} INFO - Processing /home/airflow/.local/lib/python3.8/site-packages/airflow/example_dags/example_dag_decorator.py took 0.225 seconds
[2026-03-23T03:40:55.174+0000] {processor.py:161} INFO - Started process (PID=479) to work on /home/airflow/.local/lib/python3.8/site-packages/airflow/example_dags/example_dag_decorator.py
[2026-03-23T03:40:55.175+0000] {processor.py:830} INFO - Processing file /home/airflow/.local/lib/python3.8/site-packages/airflow/example_dags/example_dag_decorator.py for tasks to queue
[2026-03-23T03:40:55.179+0000] {logging_mixin.py:188} INFO - [2026-03-23T03:40:55.178+0000] {dagbag.py:540} INFO - Filling up the DagBag from /home/airflow/.local/lib/python3.8/site-packages/airflow/example_dags/example_dag_decorator.py
[2026-03-23T03:40:55.330+0000] {processor.py:840} INFO - DAG(s) 'example_dag_decorator' retrieved from /home/airflow/.local/lib/python3.8/site-packages/airflow/example_dags/example_dag_decorator.py
[2026-03-23T03:40:55.486+0000] {logging_mixin.py:188} INFO - [2026-03-23T03:40:55.486+0000] {dag.py:3047} INFO - Sync 1 DAGs
[2026-03-23T03:40:55.514+0000] {logging_mixin.py:188} INFO - [2026-03-23T03:40:55.513+0000] {dag.py:3834} INFO - Setting next_dagrun for example_dag_decorator to None, run_after=None
[2026-03-23T03:40:55.554+0000] {processor.py:183} INFO - Processing /home/airflow/.local/lib/python3.8/site-packages/airflow/example_dags/example_dag_decorator.py took 0.383 seconds
[2026-03-23T03:41:25.728+0000] {processor.py:161} INFO - Started process (PID=534) to work on /home/airflow/.local/lib/python3.8/site-packages/airflow/example_dags/example_dag_decorator.py
[2026-03-23T03:41:25.729+0000] {processor.py:830} INFO - Processing file /home/airflow/.local/lib/python3.8/site-packages/airflow/example_dags/example_dag_decorator.py for tasks to queue
[2026-03-23T03:41:25.731+0000] {logging_mixin.py:188} INFO - [2026-03-23T03:41:25.731+0000] {dagbag.py:540} INFO - Filling up the DagBag from /home/airflow/.local/lib/python3.8/site-packages/airflow/example_dags/example_dag_decorator.py
[2026-03-23T03:41:25.813+0000] {processor.py:840} INFO - DAG(s) 'example_dag_decorator' retrieved from /home/airflow/.local/lib/python3.8/site-packages/airflow/example_dags/example_dag_decorator.py
[2026-03-23T03:41:25.903+0000] {logging_mixin.py:188} INFO - [2026-03-23T03:41:25.903+0000] {dag.py:3047} INFO - Sync 1 DAGs
[2026-03-23T03:41:25.914+0000] {logging_mixin.py:188} INFO - [2026-03-23T03:41:25.913+0000] {dag.py:3834} INFO - Setting next_dagrun for example_dag_decorator to None, run_after=None
[2026-03-23T03:41:25.934+0000] {processor.py:183} INFO - Processing /home/airflow/.local/lib/python3.8/site-packages/airflow/example_dags/example_dag_decorator.py took 0.209 seconds
[2026-03-23T03:41:56.053+0000] {processor.py:161} INFO - Started process (PID=590) to work on /home/airflow/.local/lib/python3.8/site-packages/airflow/example_dags/example_dag_decorator.py
[2026-03-23T03:41:56.055+0000] {processor.py:830} INFO - Processing file /home/airflow/.local/lib/python3.8/site-packages/airflow/example_dags/example_dag_decorator.py for tasks to queue
[2026-03-23T03:41:56.057+0000] {logging_mixin.py:188} INFO - [2026-03-23T03:41:56.057+0000] {dagbag.py:540} INFO - Filling up the DagBag from /home/airflow/.local/lib/python3.8/site-packages/airflow/example_dags/example_dag_decorator.py
[2026-03-23T03:41:56.147+0000] {processor.py:840} INFO - DAG(s) 'example_dag_decorator' retrieved from /home/airflow/.local/lib/python3.8/site-packages/airflow/example_dags/example_dag_decorator.py
[2026-03-23T03:41:56.244+0000] {logging_mixin.py:188} INFO - [2026-03-23T03:41:56.244+0000] {dag.py:3047} INFO - Sync 1 DAGs
[2026-03-23T03:41:56.254+0000] {logging_mixin.py:188} INFO - [2026-03-23T03:41:56.254+0000] {dag.py:3834} INFO - Setting next_dagrun for example_dag_decorator to None, run_after=None
[2026-03-23T03:41:56.275+0000] {processor.py:183} INFO - Processing /home/airflow/.local/lib/python3.8/site-packages/airflow/example_dags/example_dag_decorator.py took 0.225 seconds
[2026-03-23T03:42:26.339+0000] {processor.py:161} INFO - Started process (PID=646) to work on /home/airflow/.local/lib/python3.8/site-packages/airflow/example_dags/example_dag_decorator.py
[2026-03-23T03:42:26.340+0000] {processor.py:830} INFO - Processing file /home/airflow/.local/lib/python3.8/site-packages/airflow/example_dags/example_dag_decorator.py for tasks to queue
[2026-03-23T03:42:26.342+0000] {logging_mixin.py:188} INFO - [2026-03-23T03:42:26.342+0000] {dagbag.py:540} INFO - Filling up the DagBag from /home/airflow/.local/lib/python3.8/site-packages/airflow/example_dags/example_dag_decorator.py
[2026-03-23T03:42:26.427+0000] {processor.py:840} INFO - DAG(s) 'example_dag_decorator' retrieved from /home/airflow/.local/lib/python3.8/site-packages/airflow/example_dags/example_dag_decorator.py
[2026-03-23T03:42:26.526+0000] {logging_mixin.py:188} INFO - [2026-03-23T03:42:26.525+0000] {dag.py:3047} INFO - Sync 1 DAGs
[2026-03-23T03:42:26.537+0000] {logging_mixin.py:188} INFO - [2026-03-23T03:42:26.537+0000] {dag.py:3834} INFO - Setting next_dagrun for example_dag_decorator to None, run_after=None
[2026-03-23T03:42:26.562+0000] {processor.py:183} INFO - Processing /home/airflow/.local/lib/python3.8/site-packages/airflow/example_dags/example_dag_decorator.py took 0.226 seconds
[2026-03-23T03:42:56.774+0000] {processor.py:161} INFO - Started process (PID=699) to work on /home/airflow/.local/lib/python3.8/site-packages/airflow/example_dags/example_dag_decorator.py
[2026-03-23T03:42:56.775+0000] {processor.py:830} INFO - Processing file /home/airflow/.local/lib/python3.8/site-packages/airflow/example_dags/example_dag_decorator.py for tasks to queue
[2026-03-23T03:42:56.777+0000] {logging_mixin.py:188} INFO - [2026-03-23T03:42:56.777+0000] {dagbag.py:540} INFO - Filling up the DagBag from /home/airflow/.local/lib/python3.8/site-packages/airflow/example_dags/example_dag_decorator.py
[2026-03-23T03:42:56.862+0000] {processor.py:840} INFO - DAG(s) 'example_dag_decorator' retrieved from /home/airflow/.local/lib/python3.8/site-packages/airflow/example_dags/example_dag_decorator.py
[2026-03-23T03:42:56.955+0000] {logging_mixin.py:188} INFO - [2026-03-23T03:42:56.954+0000] {dag.py:3047} INFO - Sync 1 DAGs
[2026-03-23T03:42:56.967+0000] {logging_mixin.py:188} INFO - [2026-03-23T03:42:56.966+0000] {dag.py:3834} INFO - Setting next_dagrun for example_dag_decorator to None, run_after=None
[2026-03-23T03:42:56.990+0000] {processor.py:183} INFO - Processing /home/airflow/.local/lib/python3.8/site-packages/airflow/example_dags/example_dag_decorator.py took 0.218 seconds
[2026-03-23T03:43:27.168+0000] {processor.py:161} INFO - Started process (PID=754) to work on /home/airflow/.local/lib/python3.8/site-packages/airflow/example_dags/example_dag_decorator.py
[2026-03-23T03:43:27.170+0000] {processor.py:830} INFO - Processing file /home/airflow/.local/lib/python3.8/site-packages/airflow/example_dags/example_dag_decorator.py for tasks to queue
[2026-03-23T03:43:27.172+0000] {logging_mixin.py:188} INFO - [2026-03-23T03:43:27.171+0000] {dagbag.py:540} INFO - Filling up the DagBag from /home/airflow/.local/lib/python3.8/site-packages/airflow/example_dags/example_dag_decorator.py
[2026-03-23T03:43:27.262+0000] {processor.py:840} INFO - DAG(s) 'example_dag_decorator' retrieved from /home/airflow/.local/lib/python3.8/site-packages/airflow/example_dags/example_dag_decorator.py
[2026-03-23T03:43:27.357+0000] {logging_mixin.py:188} INFO - [2026-03-23T03:43:27.357+0000] {dag.py:3047} INFO - Sync 1 DAGs
[2026-03-23T03:43:27.368+0000] {logging_mixin.py:188} INFO - [2026-03-23T03:43:27.368+0000] {dag.py:3834} INFO - Setting next_dagrun for example_dag_decorator to None, run_after=None
[2026-03-23T03:43:27.392+0000] {processor.py:183} INFO - Processing /home/airflow/.local/lib/python3.8/site-packages/airflow/example_dags/example_dag_decorator.py took 0.227 seconds
[2026-03-23T03:43:57.620+0000] {processor.py:161} INFO - Started process (PID=809) to work on /home/airflow/.local/lib/python3.8/site-packages/airflow/example_dags/example_dag_decorator.py
[2026-03-23T03:43:57.621+0000] {processor.py:830} INFO - Processing file /home/airflow/.local/lib/python3.8/site-packages/airflow/example_dags/example_dag_decorator.py for tasks to queue
[2026-03-23T03:43:57.623+0000] {logging_mixin.py:188} INFO - [2026-03-23T03:43:57.623+0000] {dagbag.py:540} INFO - Filling up the DagBag from /home/airflow/.local/lib/python3.8/site-packages/airflow/example_dags/example_dag_decorator.py
[2026-03-23T03:43:57.716+0000] {processor.py:840} INFO - DAG(s) 'example_dag_decorator' retrieved from /home/airflow/.local/lib/python3.8/site-packages/airflow/example_dags/example_dag_decorator.py
[2026-03-23T03:43:57.832+0000] {logging_mixin.py:188} INFO - [2026-03-23T03:43:57.832+0000] {dag.py:3047} INFO - Sync 1 DAGs
[2026-03-23T03:43:57.846+0000] {logging_mixin.py:188} INFO - [2026-03-23T03:43:57.846+0000] {dag.py:3834} INFO - Setting next_dagrun for example_dag_decorator to None, run_after=None
[2026-03-23T03:43:57.876+0000] {processor.py:183} INFO - Processing /home/airflow/.local/lib/python3.8/site-packages/airflow/example_dags/example_dag_decorator.py took 0.260 seconds
[2026-03-23T03:44:28.222+0000] {processor.py:161} INFO - Started process (PID=864) to work on /home/airflow/.local/lib/python3.8/site-packages/airflow/example_dags/example_dag_decorator.py
[2026-03-23T03:44:28.223+0000] {processor.py:830} INFO - Processing file /home/airflow/.local/lib/python3.8/site-packages/airflow/example_dags/example_dag_decorator.py for tasks to queue
[2026-03-23T03:44:28.225+0000] {logging_mixin.py:188} INFO - [2026-03-23T03:44:28.224+0000] {dagbag.py:540} INFO - Filling up the DagBag from /home/airflow/.local/lib/python3.8/site-packages/airflow/example_dags/example_dag_decorator.py
[2026-03-23T03:44:28.307+0000] {processor.py:840} INFO - DAG(s) 'example_dag_decorator' retrieved from /home/airflow/.local/lib/python3.8/site-packages/airflow/example_dags/example_dag_decorator.py
[2026-03-23T03:44:28.408+0000] {logging_mixin.py:188} INFO - [2026-03-23T03:44:28.407+0000] {dag.py:3047} INFO - Sync 1 DAGs
[2026-03-23T03:44:28.419+0000] {logging_mixin.py:188} INFO - [2026-03-23T03:44:28.419+0000] {dag.py:3834} INFO - Setting next_dagrun for example_dag_decorator to None, run_after=None
[2026-03-23T03:44:28.440+0000] {processor.py:183} INFO - Processing /home/airflow/.local/lib/python3.8/site-packages/airflow/example_dags/example_dag_decorator.py took 0.222 seconds
[2026-03-23T03:44:58.708+0000] {processor.py:161} INFO - Started process (PID=920) to work on /home/airflow/.local/lib/python3.8/site-packages/airflow/example_dags/example_dag_decorator.py
[2026-03-23T03:44:58.710+0000] {processor.py:830} INFO - Processing file /home/airflow/.local/lib/python3.8/site-packages/airflow/example_dags/example_dag_decorator.py for tasks to queue
[2026-03-23T03:44:58.712+0000] {logging_mixin.py:188} INFO - [2026-03-23T03:44:58.711+0000] {dagbag.py:540} INFO - Filling up the DagBag from /home/airflow/.local/lib/python3.8/site-packages/airflow/example_dags/example_dag_decorator.py
[2026-03-23T03:44:58.828+0000] {processor.py:840} INFO - DAG(s) 'example_dag_decorator' retrieved from /home/airflow/.local/lib/python3.8/site-packages/airflow/example_dags/example_dag_decorator.py
[2026-03-23T03:44:58.967+0000] {logging_mixin.py:188} INFO - [2026-03-23T03:44:58.967+0000] {dag.py:3047} INFO - Sync 1 DAGs
[2026-03-23T03:44:58.986+0000] {logging_mixin.py:188} INFO - [2026-03-23T03:44:58.986+0000] {dag.py:3834} INFO - Setting next_dagrun for example_dag_decorator to None, run_after=None
[2026-03-23T03:44:59.010+0000] {processor.py:183} INFO - Processing /home/airflow/.local/lib/python3.8/site-packages/airflow/example_dags/example_dag_decorator.py took 0.306 seconds
[2026-03-23T03:45:29.096+0000] {processor.py:161} INFO - Started process (PID=976) to work on /home/airflow/.local/lib/python3.8/site-packages/airflow/example_dags/example_dag_decorator.py
[2026-03-23T03:45:29.097+0000] {processor.py:830} INFO - Processing file /home/airflow/.local/lib/python3.8/site-packages/airflow/example_dags/example_dag_decorator.py for tasks to queue
[2026-03-23T03:45:29.099+0000] {logging_mixin.py:188} INFO - [2026-03-23T03:45:29.099+0000] {dagbag.py:540} INFO - Filling up the DagBag from /home/airflow/.local/lib/python3.8/site-packages/airflow/example_dags/example_dag_decorator.py
[2026-03-23T03:45:29.181+0000] {processor.py:840} INFO - DAG(s) 'example_dag_decorator' retrieved from /home/airflow/.local/lib/python3.8/site-packages/airflow/example_dags/example_dag_decorator.py
[2026-03-23T03:45:29.272+0000] {logging_mixin.py:188} INFO - [2026-03-23T03:45:29.272+0000] {dag.py:3047} INFO - Sync 1 DAGs
[2026-03-23T03:45:29.281+0000] {logging_mixin.py:188} INFO - [2026-03-23T03:45:29.281+0000] {dag.py:3834} INFO - Setting next_dagrun for example_dag_decorator to None, run_after=None
[2026-03-23T03:45:29.305+0000] {processor.py:183} INFO - Processing /home/airflow/.local/lib/python3.8/site-packages/airflow/example_dags/example_dag_decorator.py took 0.212 seconds
[2026-03-23T03:45:59.387+0000] {processor.py:161} INFO - Started process (PID=1032) to work on /home/airflow/.local/lib/python3.8/site-packages/airflow/example_dags/example_dag_decorator.py
[2026-03-23T03:45:59.388+0000] {processor.py:830} INFO - Processing file /home/airflow/.local/lib/python3.8/site-packages/airflow/example_dags/example_dag_decorator.py for tasks to queue
[2026-03-23T03:45:59.390+0000] {logging_mixin.py:188} INFO - [2026-03-23T03:45:59.390+0000] {dagbag.py:540} INFO - Filling up the DagBag from /home/airflow/.local/lib/python3.8/site-packages/airflow/example_dags/example_dag_decorator.py
[2026-03-23T03:45:59.480+0000] {processor.py:840} INFO - DAG(s) 'example_dag_decorator' retrieved from /home/airflow/.local/lib/python3.8/site-packages/airflow/example_dags/example_dag_decorator.py
[2026-03-23T03:45:59.582+0000] {logging_mixin.py:188} INFO - [2026-03-23T03:45:59.582+0000] {dag.py:3047} INFO - Sync 1 DAGs
[2026-03-23T03:45:59.592+0000] {logging_mixin.py:188} INFO - [2026-03-23T03:45:59.592+0000] {dag.py:3834} INFO - Setting next_dagrun for example_dag_decorator to None, run_after=None
[2026-03-23T03:45:59.616+0000] {processor.py:183} INFO - Processing /home/airflow/.local/lib/python3.8/site-packages/airflow/example_dags/example_dag_decorator.py took 0.232 seconds
[2026-03-23T03:46:29.672+0000] {processor.py:161} INFO - Started process (PID=1088) to work on /home/airflow/.local/lib/python3.8/site-packages/airflow/example_dags/example_dag_decorator.py
[2026-03-23T03:46:29.674+0000] {processor.py:830} INFO - Processing file /home/airflow/.local/lib/python3.8/site-packages/airflow/example_dags/example_dag_decorator.py for tasks to queue
[2026-03-23T03:46:29.677+0000] {logging_mixin.py:188} INFO - [2026-03-23T03:46:29.676+0000] {dagbag.py:540} INFO - Filling up the DagBag from /home/airflow/.local/lib/python3.8/site-packages/airflow/example_dags/example_dag_decorator.py
[2026-03-23T03:46:29.847+0000] {processor.py:840} INFO - DAG(s) 'example_dag_decorator' retrieved from /home/airflow/.local/lib/python3.8/site-packages/airflow/example_dags/example_dag_decorator.py
[2026-03-23T03:46:29.976+0000] {logging_mixin.py:188} INFO - [2026-03-23T03:46:29.976+0000] {dag.py:3047} INFO - Sync 1 DAGs
[2026-03-23T03:46:29.989+0000] {logging_mixin.py:188} INFO - [2026-03-23T03:46:29.989+0000] {dag.py:3834} INFO - Setting next_dagrun for example_dag_decorator to None, run_after=None
[2026-03-23T03:46:30.015+0000] {processor.py:183} INFO - Processing /home/airflow/.local/lib/python3.8/site-packages/airflow/example_dags/example_dag_decorator.py took 0.349 seconds
[2026-03-23T03:47:00.138+0000] {processor.py:161} INFO - Started process (PID=1143) to work on /home/airflow/.local/lib/python3.8/site-packages/airflow/example_dags/example_dag_decorator.py
[2026-03-23T03:47:00.139+0000] {processor.py:830} INFO - Processing file /home/airflow/.local/lib/python3.8/site-packages/airflow/example_dags/example_dag_decorator.py for tasks to queue
[2026-03-23T03:47:00.140+0000] {logging_mixin.py:188} INFO - [2026-03-23T03:47:00.140+0000] {dagbag.py:540} INFO - Filling up the DagBag from /home/airflow/.local/lib/python3.8/site-packages/airflow/example_dags/example_dag_decorator.py
[2026-03-23T03:47:00.226+0000] {processor.py:840} INFO - DAG(s) 'example_dag_decorator' retrieved from /home/airflow/.local/lib/python3.8/site-packages/airflow/example_dags/example_dag_decorator.py
[2026-03-23T03:47:00.326+0000] {logging_mixin.py:188} INFO - [2026-03-23T03:47:00.325+0000] {dag.py:3047} INFO - Sync 1 DAGs
[2026-03-23T03:47:00.338+0000] {logging_mixin.py:188} INFO - [2026-03-23T03:47:00.338+0000] {dag.py:3834} INFO - Setting next_dagrun for example_dag_decorator to None, run_after=None
[2026-03-23T03:47:00.361+0000] {processor.py:183} INFO - Processing /home/airflow/.local/lib/python3.8/site-packages/airflow/example_dags/example_dag_decorator.py took 0.226 seconds
[2026-03-23T03:47:30.397+0000] {processor.py:161} INFO - Started process (PID=1199) to work on /home/airflow/.local/lib/python3.8/site-packages/airflow/example_dags/example_dag_decorator.py
[2026-03-23T03:47:30.398+0000] {processor.py:830} INFO - Processing file /home/airflow/.local/lib/python3.8/site-packages/airflow/example_dags/example_dag_decorator.py for tasks to queue
[2026-03-23T03:47:30.400+0000] {logging_mixin.py:188} INFO - [2026-03-23T03:47:30.399+0000] {dagbag.py:540} INFO - Filling up the DagBag from /home/airflow/.local/lib/python3.8/site-packages/airflow/example_dags/example_dag_decorator.py
[2026-03-23T03:47:30.489+0000] {processor.py:840} INFO - DAG(s) 'example_dag_decorator' retrieved from /home/airflow/.local/lib/python3.8/site-packages/airflow/example_dags/example_dag_decorator.py
[2026-03-23T03:47:30.591+0000] {logging_mixin.py:188} INFO - [2026-03-23T03:47:30.591+0000] {dag.py:3047} INFO - Sync 1 DAGs
[2026-03-23T03:47:30.601+0000] {logging_mixin.py:188} INFO - [2026-03-23T03:47:30.601+0000] {dag.py:3834} INFO - Setting next_dagrun for example_dag_decorator to None, run_after=None
[2026-03-23T03:47:30.622+0000] {processor.py:183} INFO - Processing /home/airflow/.local/lib/python3.8/site-packages/airflow/example_dags/example_dag_decorator.py took 0.229 seconds
[2026-03-23T03:48:00.694+0000] {processor.py:161} INFO - Started process (PID=1254) to work on /home/airflow/.local/lib/python3.8/site-packages/airflow/example_dags/example_dag_decorator.py
[2026-03-23T03:48:00.695+0000] {processor.py:830} INFO - Processing file /home/airflow/.local/lib/python3.8/site-packages/airflow/example_dags/example_dag_decorator.py for tasks to queue
[2026-03-23T03:48:00.697+0000] {logging_mixin.py:188} INFO - [2026-03-23T03:48:00.696+0000] {dagbag.py:540} INFO - Filling up the DagBag from /home/airflow/.local/lib/python3.8/site-packages/airflow/example_dags/example_dag_decorator.py
[2026-03-23T03:48:00.792+0000] {processor.py:840} INFO - DAG(s) 'example_dag_decorator' retrieved from /home/airflow/.local/lib/python3.8/site-packages/airflow/example_dags/example_dag_decorator.py
[2026-03-23T03:48:00.895+0000] {logging_mixin.py:188} INFO - [2026-03-23T03:48:00.895+0000] {dag.py:3047} INFO - Sync 1 DAGs
[2026-03-23T03:48:00.906+0000] {logging_mixin.py:188} INFO - [2026-03-23T03:48:00.906+0000] {dag.py:3834} INFO - Setting next_dagrun for example_dag_decorator to None, run_after=None
[2026-03-23T03:48:00.931+0000] {processor.py:183} INFO - Processing /home/airflow/.local/lib/python3.8/site-packages/airflow/example_dags/example_dag_decorator.py took 0.240 seconds
[2026-03-23T03:48:31.322+0000] {processor.py:161} INFO - Started process (PID=1309) to work on /home/airflow/.local/lib/python3.8/site-packages/airflow/example_dags/example_dag_decorator.py
[2026-03-23T03:48:31.323+0000] {processor.py:830} INFO - Processing file /home/airflow/.local/lib/python3.8/site-packages/airflow/example_dags/example_dag_decorator.py for tasks to queue
[2026-03-23T03:48:31.325+0000] {logging_mixin.py:188} INFO - [2026-03-23T03:48:31.325+0000] {dagbag.py:540} INFO - Filling up the DagBag from /home/airflow/.local/lib/python3.8/site-packages/airflow/example_dags/example_dag_decorator.py
[2026-03-23T03:48:31.422+0000] {processor.py:840} INFO - DAG(s) 'example_dag_decorator' retrieved from /home/airflow/.local/lib/python3.8/site-packages/airflow/example_dags/example_dag_decorator.py
[2026-03-23T03:48:31.449+0000] {logging_mixin.py:188} INFO - [2026-03-23T03:48:31.449+0000] {dag.py:3047} INFO - Sync 1 DAGs
[2026-03-23T03:48:31.466+0000] {logging_mixin.py:188} INFO - [2026-03-23T03:48:31.466+0000] {dag.py:3834} INFO - Setting next_dagrun for example_dag_decorator to None, run_after=None
[2026-03-23T03:48:31.499+0000] {processor.py:183} INFO - Processing /home/airflow/.local/lib/python3.8/site-packages/airflow/example_dags/example_dag_decorator.py took 0.180 seconds
[2026-03-23T03:49:01.680+0000] {processor.py:161} INFO - Started process (PID=1362) to work on /home/airflow/.local/lib/python3.8/site-packages/airflow/example_dags/example_dag_decorator.py
[2026-03-23T03:49:01.682+0000] {processor.py:830} INFO - Processing file /home/airflow/.local/lib/python3.8/site-packages/airflow/example_dags/example_dag_decorator.py for tasks to queue
[2026-03-23T03:49:01.685+0000] {logging_mixin.py:188} INFO - [2026-03-23T03:49:01.684+0000] {dagbag.py:540} INFO - Filling up the DagBag from /home/airflow/.local/lib/python3.8/site-packages/airflow/example_dags/example_dag_decorator.py
[2026-03-23T03:49:01.792+0000] {processor.py:840} INFO - DAG(s) 'example_dag_decorator' retrieved from /home/airflow/.local/lib/python3.8/site-packages/airflow/example_dags/example_dag_decorator.py
[2026-03-23T03:49:01.920+0000] {logging_mixin.py:188} INFO - [2026-03-23T03:49:01.919+0000] {dag.py:3047} INFO - Sync 1 DAGs
[2026-03-23T03:49:01.933+0000] {logging_mixin.py:188} INFO - [2026-03-23T03:49:01.932+0000] {dag.py:3834} INFO - Setting next_dagrun for example_dag_decorator to None, run_after=None
[2026-03-23T03:49:01.958+0000] {processor.py:183} INFO - Processing /home/airflow/.local/lib/python3.8/site-packages/airflow/example_dags/example_dag_decorator.py took 0.284 seconds
[2026-03-23T03:49:32.027+0000] {processor.py:161} INFO - Started process (PID=1418) to work on /home/airflow/.local/lib/python3.8/site-packages/airflow/example_dags/example_dag_decorator.py
[2026-03-23T03:49:32.028+0000] {processor.py:830} INFO - Processing file /home/airflow/.local/lib/python3.8/site-packages/airflow/example_dags/example_dag_decorator.py for tasks to queue
[2026-03-23T03:49:32.030+0000] {logging_mixin.py:188} INFO - [2026-03-23T03:49:32.029+0000] {dagbag.py:540} INFO - Filling up the DagBag from /home/airflow/.local/lib/python3.8/site-packages/airflow/example_dags/example_dag_decorator.py
[2026-03-23T03:49:32.109+0000] {processor.py:840} INFO - DAG(s) 'example_dag_decorator' retrieved from /home/airflow/.local/lib/python3.8/site-packages/airflow/example_dags/example_dag_decorator.py
[2026-03-23T03:49:32.197+0000] {logging_mixin.py:188} INFO - [2026-03-23T03:49:32.197+0000] {dag.py:3047} INFO - Sync 1 DAGs
[2026-03-23T03:49:32.206+0000] {logging_mixin.py:188} INFO - [2026-03-23T03:49:32.206+0000] {dag.py:3834} INFO - Setting next_dagrun for example_dag_decorator to None, run_after=None
[2026-03-23T03:49:32.226+0000] {processor.py:183} INFO - Processing /home/airflow/.local/lib/python3.8/site-packages/airflow/example_dags/example_dag_decorator.py took 0.202 seconds
[2026-03-23T03:50:48.502+0000] {processor.py:161} INFO - Started process (PID=94) to work on /home/airflow/.local/lib/python3.8/site-packages/airflow/example_dags/example_dag_decorator.py
[2026-03-23T03:50:48.503+0000] {processor.py:830} INFO - Processing file /home/airflow/.local/lib/python3.8/site-packages/airflow/example_dags/example_dag_decorator.py for tasks to queue
[2026-03-23T03:50:48.506+0000] {logging_mixin.py:188} INFO - [2026-03-23T03:50:48.505+0000] {dagbag.py:540} INFO - Filling up the DagBag from /home/airflow/.local/lib/python3.8/site-packages/airflow/example_dags/example_dag_decorator.py
[2026-03-23T03:50:48.833+0000] {processor.py:840} INFO - DAG(s) 'example_dag_decorator' retrieved from /home/airflow/.local/lib/python3.8/site-packages/airflow/example_dags/example_dag_decorator.py
[2026-03-23T03:50:48.850+0000] {logging_mixin.py:188} INFO - [2026-03-23T03:50:48.850+0000] {dag.py:3047} INFO - Sync 1 DAGs
[2026-03-23T03:50:48.876+0000] {logging_mixin.py:188} INFO - [2026-03-23T03:50:48.875+0000] {dag.py:3834} INFO - Setting next_dagrun for example_dag_decorator to None, run_after=None
[2026-03-23T03:50:48.917+0000] {processor.py:183} INFO - Processing /home/airflow/.local/lib/python3.8/site-packages/airflow/example_dags/example_dag_decorator.py took 0.420 seconds
[2026-03-23T03:51:20.652+0000] {processor.py:161} INFO - Started process (PID=150) to work on /home/airflow/.local/lib/python3.8/site-packages/airflow/example_dags/example_dag_decorator.py
[2026-03-23T03:51:20.653+0000] {processor.py:830} INFO - Processing file /home/airflow/.local/lib/python3.8/site-packages/airflow/example_dags/example_dag_decorator.py for tasks to queue
[2026-03-23T03:51:20.656+0000] {logging_mixin.py:188} INFO - [2026-03-23T03:51:20.655+0000] {dagbag.py:540} INFO - Filling up the DagBag from /home/airflow/.local/lib/python3.8/site-packages/airflow/example_dags/example_dag_decorator.py
[2026-03-23T03:51:20.776+0000] {processor.py:840} INFO - DAG(s) 'example_dag_decorator' retrieved from /home/airflow/.local/lib/python3.8/site-packages/airflow/example_dags/example_dag_decorator.py
[2026-03-23T03:51:20.921+0000] {logging_mixin.py:188} INFO - [2026-03-23T03:51:20.921+0000] {dag.py:3047} INFO - Sync 1 DAGs
[2026-03-23T03:51:20.936+0000] {logging_mixin.py:188} INFO - [2026-03-23T03:51:20.936+0000] {dag.py:3834} INFO - Setting next_dagrun for example_dag_decorator to None, run_after=None
[2026-03-23T03:51:20.979+0000] {processor.py:183} INFO - Processing /home/airflow/.local/lib/python3.8/site-packages/airflow/example_dags/example_dag_decorator.py took 0.331 seconds
[2026-03-23T03:51:51.239+0000] {processor.py:161} INFO - Started process (PID=204) to work on /home/airflow/.local/lib/python3.8/site-packages/airflow/example_dags/example_dag_decorator.py
[2026-03-23T03:51:51.241+0000] {processor.py:830} INFO - Processing file /home/airflow/.local/lib/python3.8/site-packages/airflow/example_dags/example_dag_decorator.py for tasks to queue
[2026-03-23T03:51:51.244+0000] {logging_mixin.py:188} INFO - [2026-03-23T03:51:51.243+0000] {dagbag.py:540} INFO - Filling up the DagBag from /home/airflow/.local/lib/python3.8/site-packages/airflow/example_dags/example_dag_decorator.py
[2026-03-23T03:51:51.352+0000] {processor.py:840} INFO - DAG(s) 'example_dag_decorator' retrieved from /home/airflow/.local/lib/python3.8/site-packages/airflow/example_dags/example_dag_decorator.py
[2026-03-23T03:51:51.462+0000] {logging_mixin.py:188} INFO - [2026-03-23T03:51:51.462+0000] {dag.py:3047} INFO - Sync 1 DAGs
[2026-03-23T03:51:51.475+0000] {logging_mixin.py:188} INFO - [2026-03-23T03:51:51.475+0000] {dag.py:3834} INFO - Setting next_dagrun for example_dag_decorator to None, run_after=None
[2026-03-23T03:51:51.500+0000] {processor.py:183} INFO - Processing /home/airflow/.local/lib/python3.8/site-packages/airflow/example_dags/example_dag_decorator.py took 0.265 seconds
[2026-03-23T03:52:21.661+0000] {processor.py:161} INFO - Started process (PID=260) to work on /home/airflow/.local/lib/python3.8/site-packages/airflow/example_dags/example_dag_decorator.py
[2026-03-23T03:52:21.663+0000] {processor.py:830} INFO - Processing file /home/airflow/.local/lib/python3.8/site-packages/airflow/example_dags/example_dag_decorator.py for tasks to queue
[2026-03-23T03:52:21.666+0000] {logging_mixin.py:188} INFO - [2026-03-23T03:52:21.665+0000] {dagbag.py:540} INFO - Filling up the DagBag from /home/airflow/.local/lib/python3.8/site-packages/airflow/example_dags/example_dag_decorator.py
[2026-03-23T03:52:21.770+0000] {processor.py:840} INFO - DAG(s) 'example_dag_decorator' retrieved from /home/airflow/.local/lib/python3.8/site-packages/airflow/example_dags/example_dag_decorator.py
[2026-03-23T03:52:21.884+0000] {logging_mixin.py:188} INFO - [2026-03-23T03:52:21.883+0000] {dag.py:3047} INFO - Sync 1 DAGs
[2026-03-23T03:52:21.895+0000] {logging_mixin.py:188} INFO - [2026-03-23T03:52:21.895+0000] {dag.py:3834} INFO - Setting next_dagrun for example_dag_decorator to None, run_after=None
[2026-03-23T03:52:21.921+0000] {processor.py:183} INFO - Processing /home/airflow/.local/lib/python3.8/site-packages/airflow/example_dags/example_dag_decorator.py took 0.264 seconds
[2026-03-23T03:52:52.399+0000] {processor.py:161} INFO - Started process (PID=314) to work on /home/airflow/.local/lib/python3.8/site-packages/airflow/example_dags/example_dag_decorator.py
[2026-03-23T03:52:52.400+0000] {processor.py:830} INFO - Processing file /home/airflow/.local/lib/python3.8/site-packages/airflow/example_dags/example_dag_decorator.py for tasks to queue
[2026-03-23T03:52:52.402+0000] {logging_mixin.py:188} INFO - [2026-03-23T03:52:52.401+0000] {dagbag.py:540} INFO - Filling up the DagBag from /home/airflow/.local/lib/python3.8/site-packages/airflow/example_dags/example_dag_decorator.py
[2026-03-23T03:52:52.504+0000] {processor.py:840} INFO - DAG(s) 'example_dag_decorator' retrieved from /home/airflow/.local/lib/python3.8/site-packages/airflow/example_dags/example_dag_decorator.py
[2026-03-23T03:52:52.647+0000] {logging_mixin.py:188} INFO - [2026-03-23T03:52:52.647+0000] {dag.py:3047} INFO - Sync 1 DAGs
[2026-03-23T03:52:52.663+0000] {logging_mixin.py:188} INFO - [2026-03-23T03:52:52.662+0000] {dag.py:3834} INFO - Setting next_dagrun for example_dag_decorator to None, run_after=None
[2026-03-23T03:52:52.694+0000] {processor.py:183} INFO - Processing /home/airflow/.local/lib/python3.8/site-packages/airflow/example_dags/example_dag_decorator.py took 0.298 seconds
[2026-03-23T03:53:23.168+0000] {processor.py:161} INFO - Started process (PID=369) to work on /home/airflow/.local/lib/python3.8/site-packages/airflow/example_dags/example_dag_decorator.py
[2026-03-23T03:53:23.170+0000] {processor.py:830} INFO - Processing file /home/airflow/.local/lib/python3.8/site-packages/airflow/example_dags/example_dag_decorator.py for tasks to queue
[2026-03-23T03:53:23.173+0000] {logging_mixin.py:188} INFO - [2026-03-23T03:53:23.172+0000] {dagbag.py:540} INFO - Filling up the DagBag from /home/airflow/.local/lib/python3.8/site-packages/airflow/example_dags/example_dag_decorator.py
[2026-03-23T03:53:23.284+0000] {processor.py:840} INFO - DAG(s) 'example_dag_decorator' retrieved from /home/airflow/.local/lib/python3.8/site-packages/airflow/example_dags/example_dag_decorator.py
[2026-03-23T03:53:23.392+0000] {logging_mixin.py:188} INFO - [2026-03-23T03:53:23.392+0000] {dag.py:3047} INFO - Sync 1 DAGs
[2026-03-23T03:53:23.404+0000] {logging_mixin.py:188} INFO - [2026-03-23T03:53:23.404+0000] {dag.py:3834} INFO - Setting next_dagrun for example_dag_decorator to None, run_after=None
[2026-03-23T03:53:23.427+0000] {processor.py:183} INFO - Processing /home/airflow/.local/lib/python3.8/site-packages/airflow/example_dags/example_dag_decorator.py took 0.263 seconds
[2026-03-23T03:53:53.667+0000] {processor.py:161} INFO - Started process (PID=425) to work on /home/airflow/.local/lib/python3.8/site-packages/airflow/example_dags/example_dag_decorator.py
[2026-03-23T03:53:53.668+0000] {processor.py:830} INFO - Processing file /home/airflow/.local/lib/python3.8/site-packages/airflow/example_dags/example_dag_decorator.py for tasks to queue
[2026-03-23T03:53:53.670+0000] {logging_mixin.py:188} INFO - [2026-03-23T03:53:53.670+0000] {dagbag.py:540} INFO - Filling up the DagBag from /home/airflow/.local/lib/python3.8/site-packages/airflow/example_dags/example_dag_decorator.py
[2026-03-23T03:53:53.764+0000] {processor.py:840} INFO - DAG(s) 'example_dag_decorator' retrieved from /home/airflow/.local/lib/python3.8/site-packages/airflow/example_dags/example_dag_decorator.py
[2026-03-23T03:53:53.896+0000] {logging_mixin.py:188} INFO - [2026-03-23T03:53:53.895+0000] {dag.py:3047} INFO - Sync 1 DAGs
[2026-03-23T03:53:53.908+0000] {logging_mixin.py:188} INFO - [2026-03-23T03:53:53.908+0000] {dag.py:3834} INFO - Setting next_dagrun for example_dag_decorator to None, run_after=None
[2026-03-23T03:53:53.940+0000] {processor.py:183} INFO - Processing /home/airflow/.local/lib/python3.8/site-packages/airflow/example_dags/example_dag_decorator.py took 0.276 seconds
[2026-03-23T03:54:24.031+0000] {processor.py:161} INFO - Started process (PID=481) to work on /home/airflow/.local/lib/python3.8/site-packages/airflow/example_dags/example_dag_decorator.py
[2026-03-23T03:54:24.032+0000] {processor.py:830} INFO - Processing file /home/airflow/.local/lib/python3.8/site-packages/airflow/example_dags/example_dag_decorator.py for tasks to queue
[2026-03-23T03:54:24.036+0000] {logging_mixin.py:188} INFO - [2026-03-23T03:54:24.035+0000] {dagbag.py:540} INFO - Filling up the DagBag from /home/airflow/.local/lib/python3.8/site-packages/airflow/example_dags/example_dag_decorator.py
[2026-03-23T03:54:24.196+0000] {processor.py:840} INFO - DAG(s) 'example_dag_decorator' retrieved from /home/airflow/.local/lib/python3.8/site-packages/airflow/example_dags/example_dag_decorator.py
[2026-03-23T03:54:24.347+0000] {logging_mixin.py:188} INFO - [2026-03-23T03:54:24.346+0000] {dag.py:3047} INFO - Sync 1 DAGs
[2026-03-23T03:54:24.362+0000] {logging_mixin.py:188} INFO - [2026-03-23T03:54:24.361+0000] {dag.py:3834} INFO - Setting next_dagrun for example_dag_decorator to None, run_after=None
[2026-03-23T03:54:24.386+0000] {processor.py:183} INFO - Processing /home/airflow/.local/lib/python3.8/site-packages/airflow/example_dags/example_dag_decorator.py took 0.360 seconds
[2026-03-23T03:54:54.522+0000] {processor.py:161} INFO - Started process (PID=536) to work on /home/airflow/.local/lib/python3.8/site-packages/airflow/example_dags/example_dag_decorator.py
[2026-03-23T03:54:54.523+0000] {processor.py:830} INFO - Processing file /home/airflow/.local/lib/python3.8/site-packages/airflow/example_dags/example_dag_decorator.py for tasks to queue
[2026-03-23T03:54:54.525+0000] {logging_mixin.py:188} INFO - [2026-03-23T03:54:54.524+0000] {dagbag.py:540} INFO - Filling up the DagBag from /home/airflow/.local/lib/python3.8/site-packages/airflow/example_dags/example_dag_decorator.py
[2026-03-23T03:54:54.611+0000] {processor.py:840} INFO - DAG(s) 'example_dag_decorator' retrieved from /home/airflow/.local/lib/python3.8/site-packages/airflow/example_dags/example_dag_decorator.py
[2026-03-23T03:54:54.714+0000] {logging_mixin.py:188} INFO - [2026-03-23T03:54:54.713+0000] {dag.py:3047} INFO - Sync 1 DAGs
[2026-03-23T03:54:54.724+0000] {logging_mixin.py:188} INFO - [2026-03-23T03:54:54.723+0000] {dag.py:3834} INFO - Setting next_dagrun for example_dag_decorator to None, run_after=None
[2026-03-23T03:54:54.748+0000] {processor.py:183} INFO - Processing /home/airflow/.local/lib/python3.8/site-packages/airflow/example_dags/example_dag_decorator.py took 0.230 seconds
[2026-03-23T03:55:24.789+0000] {processor.py:161} INFO - Started process (PID=592) to work on /home/airflow/.local/lib/python3.8/site-packages/airflow/example_dags/example_dag_decorator.py
[2026-03-23T03:55:24.790+0000] {processor.py:830} INFO - Processing file /home/airflow/.local/lib/python3.8/site-packages/airflow/example_dags/example_dag_decorator.py for tasks to queue
[2026-03-23T03:55:24.792+0000] {logging_mixin.py:188} INFO - [2026-03-23T03:55:24.792+0000] {dagbag.py:540} INFO - Filling up the DagBag from /home/airflow/.local/lib/python3.8/site-packages/airflow/example_dags/example_dag_decorator.py
[2026-03-23T03:55:24.899+0000] {processor.py:840} INFO - DAG(s) 'example_dag_decorator' retrieved from /home/airflow/.local/lib/python3.8/site-packages/airflow/example_dags/example_dag_decorator.py
[2026-03-23T03:55:25.006+0000] {logging_mixin.py:188} INFO - [2026-03-23T03:55:25.006+0000] {dag.py:3047} INFO - Sync 1 DAGs
[2026-03-23T03:55:25.018+0000] {logging_mixin.py:188} INFO - [2026-03-23T03:55:25.018+0000] {dag.py:3834} INFO - Setting next_dagrun for example_dag_decorator to None, run_after=None
[2026-03-23T03:55:25.042+0000] {processor.py:183} INFO - Processing /home/airflow/.local/lib/python3.8/site-packages/airflow/example_dags/example_dag_decorator.py took 0.256 seconds
[2026-03-23T03:55:55.086+0000] {processor.py:161} INFO - Started process (PID=647) to work on /home/airflow/.local/lib/python3.8/site-packages/airflow/example_dags/example_dag_decorator.py
[2026-03-23T03:55:55.088+0000] {processor.py:830} INFO - Processing file /home/airflow/.local/lib/python3.8/site-packages/airflow/example_dags/example_dag_decorator.py for tasks to queue
[2026-03-23T03:55:55.089+0000] {logging_mixin.py:188} INFO - [2026-03-23T03:55:55.089+0000] {dagbag.py:540} INFO - Filling up the DagBag from /home/airflow/.local/lib/python3.8/site-packages/airflow/example_dags/example_dag_decorator.py
[2026-03-23T03:55:55.174+0000] {processor.py:840} INFO - DAG(s) 'example_dag_decorator' retrieved from /home/airflow/.local/lib/python3.8/site-packages/airflow/example_dags/example_dag_decorator.py
[2026-03-23T03:55:55.274+0000] {logging_mixin.py:188} INFO - [2026-03-23T03:55:55.274+0000] {dag.py:3047} INFO - Sync 1 DAGs
[2026-03-23T03:55:55.286+0000] {logging_mixin.py:188} INFO - [2026-03-23T03:55:55.286+0000] {dag.py:3834} INFO - Setting next_dagrun for example_dag_decorator to None, run_after=None
[2026-03-23T03:55:55.310+0000] {processor.py:183} INFO - Processing /home/airflow/.local/lib/python3.8/site-packages/airflow/example_dags/example_dag_decorator.py took 0.226 seconds
[2026-03-23T03:56:25.383+0000] {processor.py:161} INFO - Started process (PID=702) to work on /home/airflow/.local/lib/python3.8/site-packages/airflow/example_dags/example_dag_decorator.py
[2026-03-23T03:56:25.385+0000] {processor.py:830} INFO - Processing file /home/airflow/.local/lib/python3.8/site-packages/airflow/example_dags/example_dag_decorator.py for tasks to queue
[2026-03-23T03:56:25.387+0000] {logging_mixin.py:188} INFO - [2026-03-23T03:56:25.386+0000] {dagbag.py:540} INFO - Filling up the DagBag from /home/airflow/.local/lib/python3.8/site-packages/airflow/example_dags/example_dag_decorator.py
[2026-03-23T03:56:25.493+0000] {processor.py:840} INFO - DAG(s) 'example_dag_decorator' retrieved from /home/airflow/.local/lib/python3.8/site-packages/airflow/example_dags/example_dag_decorator.py
[2026-03-23T03:56:25.602+0000] {logging_mixin.py:188} INFO - [2026-03-23T03:56:25.602+0000] {dag.py:3047} INFO - Sync 1 DAGs
[2026-03-23T03:56:25.616+0000] {logging_mixin.py:188} INFO - [2026-03-23T03:56:25.615+0000] {dag.py:3834} INFO - Setting next_dagrun for example_dag_decorator to None, run_after=None
[2026-03-23T03:56:25.640+0000] {processor.py:183} INFO - Processing /home/airflow/.local/lib/python3.8/site-packages/airflow/example_dags/example_dag_decorator.py took 0.260 seconds
