[2026-03-23T03:21:15.584+0000] {processor.py:161} INFO - Started process (PID=89) to work on /home/airflow/.local/lib/python3.8/site-packages/airflow/example_dags/example_latest_only_with_trigger.py
[2026-03-23T03:21:15.586+0000] {processor.py:830} INFO - Processing file /home/airflow/.local/lib/python3.8/site-packages/airflow/example_dags/example_latest_only_with_trigger.py for tasks to queue
[2026-03-23T03:21:15.588+0000] {logging_mixin.py:188} INFO - [2026-03-23T03:21:15.588+0000] {dagbag.py:540} INFO - Filling up the DagBag from /home/airflow/.local/lib/python3.8/site-packages/airflow/example_dags/example_latest_only_with_trigger.py
[2026-03-23T03:21:15.598+0000] {processor.py:840} INFO - DAG(s) 'latest_only_with_trigger' retrieved from /home/airflow/.local/lib/python3.8/site-packages/airflow/example_dags/example_latest_only_with_trigger.py
[2026-03-23T03:21:15.613+0000] {logging_mixin.py:188} INFO - [2026-03-23T03:21:15.613+0000] {dag.py:3047} INFO - Sync 1 DAGs
[2026-03-23T03:21:15.641+0000] {logging_mixin.py:188} INFO - [2026-03-23T03:21:15.640+0000] {dag.py:3834} INFO - Setting next_dagrun for latest_only_with_trigger to 2026-03-22 20:00:00+00:00, run_after=2026-03-23 00:00:00+00:00
[2026-03-23T03:21:15.674+0000] {processor.py:183} INFO - Processing /home/airflow/.local/lib/python3.8/site-packages/airflow/example_dags/example_latest_only_with_trigger.py took 0.094 seconds
[2026-03-23T03:21:46.604+0000] {processor.py:161} INFO - Started process (PID=144) to work on /home/airflow/.local/lib/python3.8/site-packages/airflow/example_dags/example_latest_only_with_trigger.py
[2026-03-23T03:21:46.605+0000] {processor.py:830} INFO - Processing file /home/airflow/.local/lib/python3.8/site-packages/airflow/example_dags/example_latest_only_with_trigger.py for tasks to queue
[2026-03-23T03:21:46.606+0000] {logging_mixin.py:188} INFO - [2026-03-23T03:21:46.606+0000] {dagbag.py:540} INFO - Filling up the DagBag from /home/airflow/.local/lib/python3.8/site-packages/airflow/example_dags/example_latest_only_with_trigger.py
[2026-03-23T03:21:46.611+0000] {processor.py:840} INFO - DAG(s) 'latest_only_with_trigger' retrieved from /home/airflow/.local/lib/python3.8/site-packages/airflow/example_dags/example_latest_only_with_trigger.py
[2026-03-23T03:21:46.623+0000] {logging_mixin.py:188} INFO - [2026-03-23T03:21:46.622+0000] {dag.py:3047} INFO - Sync 1 DAGs
[2026-03-23T03:21:46.645+0000] {logging_mixin.py:188} INFO - [2026-03-23T03:21:46.645+0000] {dag.py:3834} INFO - Setting next_dagrun for latest_only_with_trigger to 2026-03-22 20:00:00+00:00, run_after=2026-03-23 00:00:00+00:00
[2026-03-23T03:21:46.667+0000] {processor.py:183} INFO - Processing /home/airflow/.local/lib/python3.8/site-packages/airflow/example_dags/example_latest_only_with_trigger.py took 0.067 seconds
[2026-03-23T03:22:17.796+0000] {processor.py:161} INFO - Started process (PID=205) to work on /home/airflow/.local/lib/python3.8/site-packages/airflow/example_dags/example_latest_only_with_trigger.py
[2026-03-23T03:22:17.797+0000] {processor.py:830} INFO - Processing file /home/airflow/.local/lib/python3.8/site-packages/airflow/example_dags/example_latest_only_with_trigger.py for tasks to queue
[2026-03-23T03:22:17.799+0000] {logging_mixin.py:188} INFO - [2026-03-23T03:22:17.799+0000] {dagbag.py:540} INFO - Filling up the DagBag from /home/airflow/.local/lib/python3.8/site-packages/airflow/example_dags/example_latest_only_with_trigger.py
[2026-03-23T03:22:17.805+0000] {processor.py:840} INFO - DAG(s) 'latest_only_with_trigger' retrieved from /home/airflow/.local/lib/python3.8/site-packages/airflow/example_dags/example_latest_only_with_trigger.py
[2026-03-23T03:22:17.895+0000] {logging_mixin.py:188} INFO - [2026-03-23T03:22:17.895+0000] {dag.py:3047} INFO - Sync 1 DAGs
[2026-03-23T03:22:17.916+0000] {logging_mixin.py:188} INFO - [2026-03-23T03:22:17.916+0000] {dag.py:3834} INFO - Setting next_dagrun for latest_only_with_trigger to 2026-03-22 20:00:00+00:00, run_after=2026-03-23 00:00:00+00:00
[2026-03-23T03:22:17.938+0000] {processor.py:183} INFO - Processing /home/airflow/.local/lib/python3.8/site-packages/airflow/example_dags/example_latest_only_with_trigger.py took 0.146 seconds
[2026-03-23T03:22:48.338+0000] {processor.py:161} INFO - Started process (PID=260) to work on /home/airflow/.local/lib/python3.8/site-packages/airflow/example_dags/example_latest_only_with_trigger.py
[2026-03-23T03:22:48.339+0000] {processor.py:830} INFO - Processing file /home/airflow/.local/lib/python3.8/site-packages/airflow/example_dags/example_latest_only_with_trigger.py for tasks to queue
[2026-03-23T03:22:48.341+0000] {logging_mixin.py:188} INFO - [2026-03-23T03:22:48.340+0000] {dagbag.py:540} INFO - Filling up the DagBag from /home/airflow/.local/lib/python3.8/site-packages/airflow/example_dags/example_latest_only_with_trigger.py
[2026-03-23T03:22:48.346+0000] {processor.py:840} INFO - DAG(s) 'latest_only_with_trigger' retrieved from /home/airflow/.local/lib/python3.8/site-packages/airflow/example_dags/example_latest_only_with_trigger.py
[2026-03-23T03:22:48.369+0000] {logging_mixin.py:188} INFO - [2026-03-23T03:22:48.369+0000] {dag.py:3047} INFO - Sync 1 DAGs
[2026-03-23T03:22:48.395+0000] {logging_mixin.py:188} INFO - [2026-03-23T03:22:48.394+0000] {dag.py:3834} INFO - Setting next_dagrun for latest_only_with_trigger to 2026-03-22 20:00:00+00:00, run_after=2026-03-23 00:00:00+00:00
[2026-03-23T03:22:48.418+0000] {processor.py:183} INFO - Processing /home/airflow/.local/lib/python3.8/site-packages/airflow/example_dags/example_latest_only_with_trigger.py took 0.084 seconds
[2026-03-23T03:23:19.398+0000] {processor.py:161} INFO - Started process (PID=315) to work on /home/airflow/.local/lib/python3.8/site-packages/airflow/example_dags/example_latest_only_with_trigger.py
[2026-03-23T03:23:19.400+0000] {processor.py:830} INFO - Processing file /home/airflow/.local/lib/python3.8/site-packages/airflow/example_dags/example_latest_only_with_trigger.py for tasks to queue
[2026-03-23T03:23:19.401+0000] {logging_mixin.py:188} INFO - [2026-03-23T03:23:19.401+0000] {dagbag.py:540} INFO - Filling up the DagBag from /home/airflow/.local/lib/python3.8/site-packages/airflow/example_dags/example_latest_only_with_trigger.py
[2026-03-23T03:23:19.406+0000] {processor.py:840} INFO - DAG(s) 'latest_only_with_trigger' retrieved from /home/airflow/.local/lib/python3.8/site-packages/airflow/example_dags/example_latest_only_with_trigger.py
[2026-03-23T03:23:19.427+0000] {logging_mixin.py:188} INFO - [2026-03-23T03:23:19.426+0000] {dag.py:3047} INFO - Sync 1 DAGs
[2026-03-23T03:23:19.447+0000] {logging_mixin.py:188} INFO - [2026-03-23T03:23:19.447+0000] {dag.py:3834} INFO - Setting next_dagrun for latest_only_with_trigger to 2026-03-22 20:00:00+00:00, run_after=2026-03-23 00:00:00+00:00
[2026-03-23T03:23:19.466+0000] {processor.py:183} INFO - Processing /home/airflow/.local/lib/python3.8/site-packages/airflow/example_dags/example_latest_only_with_trigger.py took 0.070 seconds
[2026-03-23T03:25:09.893+0000] {processor.py:161} INFO - Started process (PID=89) to work on /home/airflow/.local/lib/python3.8/site-packages/airflow/example_dags/example_latest_only_with_trigger.py
[2026-03-23T03:25:09.895+0000] {processor.py:830} INFO - Processing file /home/airflow/.local/lib/python3.8/site-packages/airflow/example_dags/example_latest_only_with_trigger.py for tasks to queue
[2026-03-23T03:25:09.897+0000] {logging_mixin.py:188} INFO - [2026-03-23T03:25:09.897+0000] {dagbag.py:540} INFO - Filling up the DagBag from /home/airflow/.local/lib/python3.8/site-packages/airflow/example_dags/example_latest_only_with_trigger.py
[2026-03-23T03:25:09.907+0000] {processor.py:840} INFO - DAG(s) 'latest_only_with_trigger' retrieved from /home/airflow/.local/lib/python3.8/site-packages/airflow/example_dags/example_latest_only_with_trigger.py
[2026-03-23T03:25:09.923+0000] {logging_mixin.py:188} INFO - [2026-03-23T03:25:09.923+0000] {dag.py:3047} INFO - Sync 1 DAGs
[2026-03-23T03:25:09.955+0000] {logging_mixin.py:188} INFO - [2026-03-23T03:25:09.955+0000] {dag.py:3834} INFO - Setting next_dagrun for latest_only_with_trigger to 2026-03-22 20:00:00+00:00, run_after=2026-03-23 00:00:00+00:00
[2026-03-23T03:25:09.985+0000] {processor.py:183} INFO - Processing /home/airflow/.local/lib/python3.8/site-packages/airflow/example_dags/example_latest_only_with_trigger.py took 0.097 seconds
[2026-03-23T03:25:41.977+0000] {processor.py:161} INFO - Started process (PID=150) to work on /home/airflow/.local/lib/python3.8/site-packages/airflow/example_dags/example_latest_only_with_trigger.py
[2026-03-23T03:25:41.979+0000] {processor.py:830} INFO - Processing file /home/airflow/.local/lib/python3.8/site-packages/airflow/example_dags/example_latest_only_with_trigger.py for tasks to queue
[2026-03-23T03:25:41.981+0000] {logging_mixin.py:188} INFO - [2026-03-23T03:25:41.980+0000] {dagbag.py:540} INFO - Filling up the DagBag from /home/airflow/.local/lib/python3.8/site-packages/airflow/example_dags/example_latest_only_with_trigger.py
[2026-03-23T03:25:41.987+0000] {processor.py:840} INFO - DAG(s) 'latest_only_with_trigger' retrieved from /home/airflow/.local/lib/python3.8/site-packages/airflow/example_dags/example_latest_only_with_trigger.py
[2026-03-23T03:25:42.114+0000] {logging_mixin.py:188} INFO - [2026-03-23T03:25:42.114+0000] {dag.py:3047} INFO - Sync 1 DAGs
[2026-03-23T03:25:42.136+0000] {logging_mixin.py:188} INFO - [2026-03-23T03:25:42.136+0000] {dag.py:3834} INFO - Setting next_dagrun for latest_only_with_trigger to 2026-03-22 20:00:00+00:00, run_after=2026-03-23 00:00:00+00:00
[2026-03-23T03:25:42.161+0000] {processor.py:183} INFO - Processing /home/airflow/.local/lib/python3.8/site-packages/airflow/example_dags/example_latest_only_with_trigger.py took 0.188 seconds
[2026-03-23T03:26:12.793+0000] {processor.py:161} INFO - Started process (PID=205) to work on /home/airflow/.local/lib/python3.8/site-packages/airflow/example_dags/example_latest_only_with_trigger.py
[2026-03-23T03:26:12.794+0000] {processor.py:830} INFO - Processing file /home/airflow/.local/lib/python3.8/site-packages/airflow/example_dags/example_latest_only_with_trigger.py for tasks to queue
[2026-03-23T03:26:12.796+0000] {logging_mixin.py:188} INFO - [2026-03-23T03:26:12.796+0000] {dagbag.py:540} INFO - Filling up the DagBag from /home/airflow/.local/lib/python3.8/site-packages/airflow/example_dags/example_latest_only_with_trigger.py
[2026-03-23T03:26:12.802+0000] {processor.py:840} INFO - DAG(s) 'latest_only_with_trigger' retrieved from /home/airflow/.local/lib/python3.8/site-packages/airflow/example_dags/example_latest_only_with_trigger.py
[2026-03-23T03:26:12.824+0000] {logging_mixin.py:188} INFO - [2026-03-23T03:26:12.824+0000] {dag.py:3047} INFO - Sync 1 DAGs
[2026-03-23T03:26:12.848+0000] {logging_mixin.py:188} INFO - [2026-03-23T03:26:12.848+0000] {dag.py:3834} INFO - Setting next_dagrun for latest_only_with_trigger to 2026-03-22 20:00:00+00:00, run_after=2026-03-23 00:00:00+00:00
[2026-03-23T03:26:12.876+0000] {processor.py:183} INFO - Processing /home/airflow/.local/lib/python3.8/site-packages/airflow/example_dags/example_latest_only_with_trigger.py took 0.086 seconds
[2026-03-23T03:26:43.786+0000] {processor.py:161} INFO - Started process (PID=260) to work on /home/airflow/.local/lib/python3.8/site-packages/airflow/example_dags/example_latest_only_with_trigger.py
[2026-03-23T03:26:43.787+0000] {processor.py:830} INFO - Processing file /home/airflow/.local/lib/python3.8/site-packages/airflow/example_dags/example_latest_only_with_trigger.py for tasks to queue
[2026-03-23T03:26:43.789+0000] {logging_mixin.py:188} INFO - [2026-03-23T03:26:43.789+0000] {dagbag.py:540} INFO - Filling up the DagBag from /home/airflow/.local/lib/python3.8/site-packages/airflow/example_dags/example_latest_only_with_trigger.py
[2026-03-23T03:26:43.795+0000] {processor.py:840} INFO - DAG(s) 'latest_only_with_trigger' retrieved from /home/airflow/.local/lib/python3.8/site-packages/airflow/example_dags/example_latest_only_with_trigger.py
[2026-03-23T03:26:43.817+0000] {logging_mixin.py:188} INFO - [2026-03-23T03:26:43.816+0000] {dag.py:3047} INFO - Sync 1 DAGs
[2026-03-23T03:26:43.843+0000] {logging_mixin.py:188} INFO - [2026-03-23T03:26:43.843+0000] {dag.py:3834} INFO - Setting next_dagrun for latest_only_with_trigger to 2026-03-22 20:00:00+00:00, run_after=2026-03-23 00:00:00+00:00
[2026-03-23T03:26:43.869+0000] {processor.py:183} INFO - Processing /home/airflow/.local/lib/python3.8/site-packages/airflow/example_dags/example_latest_only_with_trigger.py took 0.086 seconds
[2026-03-23T03:27:14.118+0000] {processor.py:161} INFO - Started process (PID=314) to work on /home/airflow/.local/lib/python3.8/site-packages/airflow/example_dags/example_latest_only_with_trigger.py
[2026-03-23T03:27:14.119+0000] {processor.py:830} INFO - Processing file /home/airflow/.local/lib/python3.8/site-packages/airflow/example_dags/example_latest_only_with_trigger.py for tasks to queue
[2026-03-23T03:27:14.121+0000] {logging_mixin.py:188} INFO - [2026-03-23T03:27:14.121+0000] {dagbag.py:540} INFO - Filling up the DagBag from /home/airflow/.local/lib/python3.8/site-packages/airflow/example_dags/example_latest_only_with_trigger.py
[2026-03-23T03:27:14.126+0000] {processor.py:840} INFO - DAG(s) 'latest_only_with_trigger' retrieved from /home/airflow/.local/lib/python3.8/site-packages/airflow/example_dags/example_latest_only_with_trigger.py
[2026-03-23T03:27:14.145+0000] {logging_mixin.py:188} INFO - [2026-03-23T03:27:14.145+0000] {dag.py:3047} INFO - Sync 1 DAGs
[2026-03-23T03:27:14.166+0000] {logging_mixin.py:188} INFO - [2026-03-23T03:27:14.165+0000] {dag.py:3834} INFO - Setting next_dagrun for latest_only_with_trigger to 2026-03-22 20:00:00+00:00, run_after=2026-03-23 00:00:00+00:00
[2026-03-23T03:27:14.187+0000] {processor.py:183} INFO - Processing /home/airflow/.local/lib/python3.8/site-packages/airflow/example_dags/example_latest_only_with_trigger.py took 0.072 seconds
[2026-03-23T03:27:44.362+0000] {processor.py:161} INFO - Started process (PID=369) to work on /home/airflow/.local/lib/python3.8/site-packages/airflow/example_dags/example_latest_only_with_trigger.py
[2026-03-23T03:27:44.363+0000] {processor.py:830} INFO - Processing file /home/airflow/.local/lib/python3.8/site-packages/airflow/example_dags/example_latest_only_with_trigger.py for tasks to queue
[2026-03-23T03:27:44.366+0000] {logging_mixin.py:188} INFO - [2026-03-23T03:27:44.365+0000] {dagbag.py:540} INFO - Filling up the DagBag from /home/airflow/.local/lib/python3.8/site-packages/airflow/example_dags/example_latest_only_with_trigger.py
[2026-03-23T03:27:44.371+0000] {processor.py:840} INFO - DAG(s) 'latest_only_with_trigger' retrieved from /home/airflow/.local/lib/python3.8/site-packages/airflow/example_dags/example_latest_only_with_trigger.py
[2026-03-23T03:27:44.393+0000] {logging_mixin.py:188} INFO - [2026-03-23T03:27:44.393+0000] {dag.py:3047} INFO - Sync 1 DAGs
[2026-03-23T03:27:44.415+0000] {logging_mixin.py:188} INFO - [2026-03-23T03:27:44.414+0000] {dag.py:3834} INFO - Setting next_dagrun for latest_only_with_trigger to 2026-03-22 20:00:00+00:00, run_after=2026-03-23 00:00:00+00:00
[2026-03-23T03:27:44.435+0000] {processor.py:183} INFO - Processing /home/airflow/.local/lib/python3.8/site-packages/airflow/example_dags/example_latest_only_with_trigger.py took 0.076 seconds
[2026-03-23T03:28:14.655+0000] {processor.py:161} INFO - Started process (PID=424) to work on /home/airflow/.local/lib/python3.8/site-packages/airflow/example_dags/example_latest_only_with_trigger.py
[2026-03-23T03:28:14.657+0000] {processor.py:830} INFO - Processing file /home/airflow/.local/lib/python3.8/site-packages/airflow/example_dags/example_latest_only_with_trigger.py for tasks to queue
[2026-03-23T03:28:14.658+0000] {logging_mixin.py:188} INFO - [2026-03-23T03:28:14.658+0000] {dagbag.py:540} INFO - Filling up the DagBag from /home/airflow/.local/lib/python3.8/site-packages/airflow/example_dags/example_latest_only_with_trigger.py
[2026-03-23T03:28:14.663+0000] {processor.py:840} INFO - DAG(s) 'latest_only_with_trigger' retrieved from /home/airflow/.local/lib/python3.8/site-packages/airflow/example_dags/example_latest_only_with_trigger.py
[2026-03-23T03:28:14.683+0000] {logging_mixin.py:188} INFO - [2026-03-23T03:28:14.683+0000] {dag.py:3047} INFO - Sync 1 DAGs
[2026-03-23T03:28:14.703+0000] {logging_mixin.py:188} INFO - [2026-03-23T03:28:14.703+0000] {dag.py:3834} INFO - Setting next_dagrun for latest_only_with_trigger to 2026-03-22 20:00:00+00:00, run_after=2026-03-23 00:00:00+00:00
[2026-03-23T03:28:14.723+0000] {processor.py:183} INFO - Processing /home/airflow/.local/lib/python3.8/site-packages/airflow/example_dags/example_latest_only_with_trigger.py took 0.071 seconds
[2026-03-23T03:28:45.110+0000] {processor.py:161} INFO - Started process (PID=479) to work on /home/airflow/.local/lib/python3.8/site-packages/airflow/example_dags/example_latest_only_with_trigger.py
[2026-03-23T03:28:45.112+0000] {processor.py:830} INFO - Processing file /home/airflow/.local/lib/python3.8/site-packages/airflow/example_dags/example_latest_only_with_trigger.py for tasks to queue
[2026-03-23T03:28:45.113+0000] {logging_mixin.py:188} INFO - [2026-03-23T03:28:45.113+0000] {dagbag.py:540} INFO - Filling up the DagBag from /home/airflow/.local/lib/python3.8/site-packages/airflow/example_dags/example_latest_only_with_trigger.py
[2026-03-23T03:28:45.118+0000] {processor.py:840} INFO - DAG(s) 'latest_only_with_trigger' retrieved from /home/airflow/.local/lib/python3.8/site-packages/airflow/example_dags/example_latest_only_with_trigger.py
[2026-03-23T03:28:45.138+0000] {logging_mixin.py:188} INFO - [2026-03-23T03:28:45.138+0000] {dag.py:3047} INFO - Sync 1 DAGs
[2026-03-23T03:28:45.158+0000] {logging_mixin.py:188} INFO - [2026-03-23T03:28:45.158+0000] {dag.py:3834} INFO - Setting next_dagrun for latest_only_with_trigger to 2026-03-22 20:00:00+00:00, run_after=2026-03-23 00:00:00+00:00
[2026-03-23T03:28:45.176+0000] {processor.py:183} INFO - Processing /home/airflow/.local/lib/python3.8/site-packages/airflow/example_dags/example_latest_only_with_trigger.py took 0.069 seconds
[2026-03-23T03:29:15.646+0000] {processor.py:161} INFO - Started process (PID=535) to work on /home/airflow/.local/lib/python3.8/site-packages/airflow/example_dags/example_latest_only_with_trigger.py
[2026-03-23T03:29:15.648+0000] {processor.py:830} INFO - Processing file /home/airflow/.local/lib/python3.8/site-packages/airflow/example_dags/example_latest_only_with_trigger.py for tasks to queue
[2026-03-23T03:29:15.650+0000] {logging_mixin.py:188} INFO - [2026-03-23T03:29:15.649+0000] {dagbag.py:540} INFO - Filling up the DagBag from /home/airflow/.local/lib/python3.8/site-packages/airflow/example_dags/example_latest_only_with_trigger.py
[2026-03-23T03:29:15.656+0000] {processor.py:840} INFO - DAG(s) 'latest_only_with_trigger' retrieved from /home/airflow/.local/lib/python3.8/site-packages/airflow/example_dags/example_latest_only_with_trigger.py
[2026-03-23T03:29:15.684+0000] {logging_mixin.py:188} INFO - [2026-03-23T03:29:15.684+0000] {dag.py:3047} INFO - Sync 1 DAGs
[2026-03-23T03:29:15.711+0000] {logging_mixin.py:188} INFO - [2026-03-23T03:29:15.710+0000] {dag.py:3834} INFO - Setting next_dagrun for latest_only_with_trigger to 2026-03-22 20:00:00+00:00, run_after=2026-03-23 00:00:00+00:00
[2026-03-23T03:29:15.737+0000] {processor.py:183} INFO - Processing /home/airflow/.local/lib/python3.8/site-packages/airflow/example_dags/example_latest_only_with_trigger.py took 0.094 seconds
[2026-03-23T03:29:45.876+0000] {processor.py:161} INFO - Started process (PID=589) to work on /home/airflow/.local/lib/python3.8/site-packages/airflow/example_dags/example_latest_only_with_trigger.py
[2026-03-23T03:29:45.877+0000] {processor.py:830} INFO - Processing file /home/airflow/.local/lib/python3.8/site-packages/airflow/example_dags/example_latest_only_with_trigger.py for tasks to queue
[2026-03-23T03:29:45.879+0000] {logging_mixin.py:188} INFO - [2026-03-23T03:29:45.878+0000] {dagbag.py:540} INFO - Filling up the DagBag from /home/airflow/.local/lib/python3.8/site-packages/airflow/example_dags/example_latest_only_with_trigger.py
[2026-03-23T03:29:45.885+0000] {processor.py:840} INFO - DAG(s) 'latest_only_with_trigger' retrieved from /home/airflow/.local/lib/python3.8/site-packages/airflow/example_dags/example_latest_only_with_trigger.py
[2026-03-23T03:29:45.906+0000] {logging_mixin.py:188} INFO - [2026-03-23T03:29:45.906+0000] {dag.py:3047} INFO - Sync 1 DAGs
[2026-03-23T03:29:45.926+0000] {logging_mixin.py:188} INFO - [2026-03-23T03:29:45.926+0000] {dag.py:3834} INFO - Setting next_dagrun for latest_only_with_trigger to 2026-03-22 20:00:00+00:00, run_after=2026-03-23 00:00:00+00:00
[2026-03-23T03:29:45.946+0000] {processor.py:183} INFO - Processing /home/airflow/.local/lib/python3.8/site-packages/airflow/example_dags/example_latest_only_with_trigger.py took 0.073 seconds
[2026-03-23T03:30:16.253+0000] {processor.py:161} INFO - Started process (PID=644) to work on /home/airflow/.local/lib/python3.8/site-packages/airflow/example_dags/example_latest_only_with_trigger.py
[2026-03-23T03:30:16.254+0000] {processor.py:830} INFO - Processing file /home/airflow/.local/lib/python3.8/site-packages/airflow/example_dags/example_latest_only_with_trigger.py for tasks to queue
[2026-03-23T03:30:16.256+0000] {logging_mixin.py:188} INFO - [2026-03-23T03:30:16.256+0000] {dagbag.py:540} INFO - Filling up the DagBag from /home/airflow/.local/lib/python3.8/site-packages/airflow/example_dags/example_latest_only_with_trigger.py
[2026-03-23T03:30:16.261+0000] {processor.py:840} INFO - DAG(s) 'latest_only_with_trigger' retrieved from /home/airflow/.local/lib/python3.8/site-packages/airflow/example_dags/example_latest_only_with_trigger.py
[2026-03-23T03:30:16.286+0000] {logging_mixin.py:188} INFO - [2026-03-23T03:30:16.285+0000] {dag.py:3047} INFO - Sync 1 DAGs
[2026-03-23T03:30:16.311+0000] {logging_mixin.py:188} INFO - [2026-03-23T03:30:16.311+0000] {dag.py:3834} INFO - Setting next_dagrun for latest_only_with_trigger to 2026-03-22 20:00:00+00:00, run_after=2026-03-23 00:00:00+00:00
[2026-03-23T03:30:16.333+0000] {processor.py:183} INFO - Processing /home/airflow/.local/lib/python3.8/site-packages/airflow/example_dags/example_latest_only_with_trigger.py took 0.084 seconds
[2026-03-23T03:30:46.378+0000] {processor.py:161} INFO - Started process (PID=699) to work on /home/airflow/.local/lib/python3.8/site-packages/airflow/example_dags/example_latest_only_with_trigger.py
[2026-03-23T03:30:46.380+0000] {processor.py:830} INFO - Processing file /home/airflow/.local/lib/python3.8/site-packages/airflow/example_dags/example_latest_only_with_trigger.py for tasks to queue
[2026-03-23T03:30:46.382+0000] {logging_mixin.py:188} INFO - [2026-03-23T03:30:46.381+0000] {dagbag.py:540} INFO - Filling up the DagBag from /home/airflow/.local/lib/python3.8/site-packages/airflow/example_dags/example_latest_only_with_trigger.py
[2026-03-23T03:30:46.387+0000] {processor.py:840} INFO - DAG(s) 'latest_only_with_trigger' retrieved from /home/airflow/.local/lib/python3.8/site-packages/airflow/example_dags/example_latest_only_with_trigger.py
[2026-03-23T03:30:46.407+0000] {logging_mixin.py:188} INFO - [2026-03-23T03:30:46.407+0000] {dag.py:3047} INFO - Sync 1 DAGs
[2026-03-23T03:30:46.428+0000] {logging_mixin.py:188} INFO - [2026-03-23T03:30:46.428+0000] {dag.py:3834} INFO - Setting next_dagrun for latest_only_with_trigger to 2026-03-22 20:00:00+00:00, run_after=2026-03-23 00:00:00+00:00
[2026-03-23T03:30:46.447+0000] {processor.py:183} INFO - Processing /home/airflow/.local/lib/python3.8/site-packages/airflow/example_dags/example_latest_only_with_trigger.py took 0.072 seconds
[2026-03-23T03:31:16.545+0000] {processor.py:161} INFO - Started process (PID=754) to work on /home/airflow/.local/lib/python3.8/site-packages/airflow/example_dags/example_latest_only_with_trigger.py
[2026-03-23T03:31:16.546+0000] {processor.py:830} INFO - Processing file /home/airflow/.local/lib/python3.8/site-packages/airflow/example_dags/example_latest_only_with_trigger.py for tasks to queue
[2026-03-23T03:31:16.547+0000] {logging_mixin.py:188} INFO - [2026-03-23T03:31:16.547+0000] {dagbag.py:540} INFO - Filling up the DagBag from /home/airflow/.local/lib/python3.8/site-packages/airflow/example_dags/example_latest_only_with_trigger.py
[2026-03-23T03:31:16.552+0000] {processor.py:840} INFO - DAG(s) 'latest_only_with_trigger' retrieved from /home/airflow/.local/lib/python3.8/site-packages/airflow/example_dags/example_latest_only_with_trigger.py
[2026-03-23T03:31:16.572+0000] {logging_mixin.py:188} INFO - [2026-03-23T03:31:16.572+0000] {dag.py:3047} INFO - Sync 1 DAGs
[2026-03-23T03:31:16.592+0000] {logging_mixin.py:188} INFO - [2026-03-23T03:31:16.592+0000] {dag.py:3834} INFO - Setting next_dagrun for latest_only_with_trigger to 2026-03-22 20:00:00+00:00, run_after=2026-03-23 00:00:00+00:00
[2026-03-23T03:31:16.612+0000] {processor.py:183} INFO - Processing /home/airflow/.local/lib/python3.8/site-packages/airflow/example_dags/example_latest_only_with_trigger.py took 0.071 seconds
[2026-03-23T03:31:47.176+0000] {processor.py:161} INFO - Started process (PID=809) to work on /home/airflow/.local/lib/python3.8/site-packages/airflow/example_dags/example_latest_only_with_trigger.py
[2026-03-23T03:31:47.177+0000] {processor.py:830} INFO - Processing file /home/airflow/.local/lib/python3.8/site-packages/airflow/example_dags/example_latest_only_with_trigger.py for tasks to queue
[2026-03-23T03:31:47.179+0000] {logging_mixin.py:188} INFO - [2026-03-23T03:31:47.178+0000] {dagbag.py:540} INFO - Filling up the DagBag from /home/airflow/.local/lib/python3.8/site-packages/airflow/example_dags/example_latest_only_with_trigger.py
[2026-03-23T03:31:47.184+0000] {processor.py:840} INFO - DAG(s) 'latest_only_with_trigger' retrieved from /home/airflow/.local/lib/python3.8/site-packages/airflow/example_dags/example_latest_only_with_trigger.py
[2026-03-23T03:31:47.204+0000] {logging_mixin.py:188} INFO - [2026-03-23T03:31:47.204+0000] {dag.py:3047} INFO - Sync 1 DAGs
[2026-03-23T03:31:47.227+0000] {logging_mixin.py:188} INFO - [2026-03-23T03:31:47.226+0000] {dag.py:3834} INFO - Setting next_dagrun for latest_only_with_trigger to 2026-03-22 20:00:00+00:00, run_after=2026-03-23 00:00:00+00:00
[2026-03-23T03:31:47.249+0000] {processor.py:183} INFO - Processing /home/airflow/.local/lib/python3.8/site-packages/airflow/example_dags/example_latest_only_with_trigger.py took 0.076 seconds
[2026-03-23T03:32:17.965+0000] {processor.py:161} INFO - Started process (PID=864) to work on /home/airflow/.local/lib/python3.8/site-packages/airflow/example_dags/example_latest_only_with_trigger.py
[2026-03-23T03:32:17.966+0000] {processor.py:830} INFO - Processing file /home/airflow/.local/lib/python3.8/site-packages/airflow/example_dags/example_latest_only_with_trigger.py for tasks to queue
[2026-03-23T03:32:17.968+0000] {logging_mixin.py:188} INFO - [2026-03-23T03:32:17.968+0000] {dagbag.py:540} INFO - Filling up the DagBag from /home/airflow/.local/lib/python3.8/site-packages/airflow/example_dags/example_latest_only_with_trigger.py
[2026-03-23T03:32:17.973+0000] {processor.py:840} INFO - DAG(s) 'latest_only_with_trigger' retrieved from /home/airflow/.local/lib/python3.8/site-packages/airflow/example_dags/example_latest_only_with_trigger.py
[2026-03-23T03:32:17.994+0000] {logging_mixin.py:188} INFO - [2026-03-23T03:32:17.994+0000] {dag.py:3047} INFO - Sync 1 DAGs
[2026-03-23T03:32:18.015+0000] {logging_mixin.py:188} INFO - [2026-03-23T03:32:18.015+0000] {dag.py:3834} INFO - Setting next_dagrun for latest_only_with_trigger to 2026-03-22 20:00:00+00:00, run_after=2026-03-23 00:00:00+00:00
[2026-03-23T03:32:18.036+0000] {processor.py:183} INFO - Processing /home/airflow/.local/lib/python3.8/site-packages/airflow/example_dags/example_latest_only_with_trigger.py took 0.074 seconds
[2026-03-23T03:32:48.987+0000] {processor.py:161} INFO - Started process (PID=919) to work on /home/airflow/.local/lib/python3.8/site-packages/airflow/example_dags/example_latest_only_with_trigger.py
[2026-03-23T03:32:48.988+0000] {processor.py:830} INFO - Processing file /home/airflow/.local/lib/python3.8/site-packages/airflow/example_dags/example_latest_only_with_trigger.py for tasks to queue
[2026-03-23T03:32:48.990+0000] {logging_mixin.py:188} INFO - [2026-03-23T03:32:48.990+0000] {dagbag.py:540} INFO - Filling up the DagBag from /home/airflow/.local/lib/python3.8/site-packages/airflow/example_dags/example_latest_only_with_trigger.py
[2026-03-23T03:32:48.997+0000] {processor.py:840} INFO - DAG(s) 'latest_only_with_trigger' retrieved from /home/airflow/.local/lib/python3.8/site-packages/airflow/example_dags/example_latest_only_with_trigger.py
[2026-03-23T03:32:49.021+0000] {logging_mixin.py:188} INFO - [2026-03-23T03:32:49.020+0000] {dag.py:3047} INFO - Sync 1 DAGs
[2026-03-23T03:32:49.042+0000] {logging_mixin.py:188} INFO - [2026-03-23T03:32:49.042+0000] {dag.py:3834} INFO - Setting next_dagrun for latest_only_with_trigger to 2026-03-22 20:00:00+00:00, run_after=2026-03-23 00:00:00+00:00
[2026-03-23T03:32:49.064+0000] {processor.py:183} INFO - Processing /home/airflow/.local/lib/python3.8/site-packages/airflow/example_dags/example_latest_only_with_trigger.py took 0.080 seconds
[2026-03-23T03:33:19.187+0000] {processor.py:161} INFO - Started process (PID=974) to work on /home/airflow/.local/lib/python3.8/site-packages/airflow/example_dags/example_latest_only_with_trigger.py
[2026-03-23T03:33:19.189+0000] {processor.py:830} INFO - Processing file /home/airflow/.local/lib/python3.8/site-packages/airflow/example_dags/example_latest_only_with_trigger.py for tasks to queue
[2026-03-23T03:33:19.193+0000] {logging_mixin.py:188} INFO - [2026-03-23T03:33:19.192+0000] {dagbag.py:540} INFO - Filling up the DagBag from /home/airflow/.local/lib/python3.8/site-packages/airflow/example_dags/example_latest_only_with_trigger.py
[2026-03-23T03:33:19.202+0000] {processor.py:840} INFO - DAG(s) 'latest_only_with_trigger' retrieved from /home/airflow/.local/lib/python3.8/site-packages/airflow/example_dags/example_latest_only_with_trigger.py
[2026-03-23T03:33:19.235+0000] {logging_mixin.py:188} INFO - [2026-03-23T03:33:19.235+0000] {dag.py:3047} INFO - Sync 1 DAGs
[2026-03-23T03:33:19.276+0000] {logging_mixin.py:188} INFO - [2026-03-23T03:33:19.275+0000] {dag.py:3834} INFO - Setting next_dagrun for latest_only_with_trigger to 2026-03-22 20:00:00+00:00, run_after=2026-03-23 00:00:00+00:00
[2026-03-23T03:33:19.317+0000] {processor.py:183} INFO - Processing /home/airflow/.local/lib/python3.8/site-packages/airflow/example_dags/example_latest_only_with_trigger.py took 0.134 seconds
[2026-03-23T03:33:49.360+0000] {processor.py:161} INFO - Started process (PID=1029) to work on /home/airflow/.local/lib/python3.8/site-packages/airflow/example_dags/example_latest_only_with_trigger.py
[2026-03-23T03:33:49.362+0000] {processor.py:830} INFO - Processing file /home/airflow/.local/lib/python3.8/site-packages/airflow/example_dags/example_latest_only_with_trigger.py for tasks to queue
[2026-03-23T03:33:49.365+0000] {logging_mixin.py:188} INFO - [2026-03-23T03:33:49.364+0000] {dagbag.py:540} INFO - Filling up the DagBag from /home/airflow/.local/lib/python3.8/site-packages/airflow/example_dags/example_latest_only_with_trigger.py
[2026-03-23T03:33:49.372+0000] {processor.py:840} INFO - DAG(s) 'latest_only_with_trigger' retrieved from /home/airflow/.local/lib/python3.8/site-packages/airflow/example_dags/example_latest_only_with_trigger.py
[2026-03-23T03:33:49.395+0000] {logging_mixin.py:188} INFO - [2026-03-23T03:33:49.395+0000] {dag.py:3047} INFO - Sync 1 DAGs
[2026-03-23T03:33:49.416+0000] {logging_mixin.py:188} INFO - [2026-03-23T03:33:49.416+0000] {dag.py:3834} INFO - Setting next_dagrun for latest_only_with_trigger to 2026-03-22 20:00:00+00:00, run_after=2026-03-23 00:00:00+00:00
[2026-03-23T03:33:49.435+0000] {processor.py:183} INFO - Processing /home/airflow/.local/lib/python3.8/site-packages/airflow/example_dags/example_latest_only_with_trigger.py took 0.078 seconds
[2026-03-23T03:34:19.475+0000] {processor.py:161} INFO - Started process (PID=1084) to work on /home/airflow/.local/lib/python3.8/site-packages/airflow/example_dags/example_latest_only_with_trigger.py
[2026-03-23T03:34:19.477+0000] {processor.py:830} INFO - Processing file /home/airflow/.local/lib/python3.8/site-packages/airflow/example_dags/example_latest_only_with_trigger.py for tasks to queue
[2026-03-23T03:34:19.479+0000] {logging_mixin.py:188} INFO - [2026-03-23T03:34:19.478+0000] {dagbag.py:540} INFO - Filling up the DagBag from /home/airflow/.local/lib/python3.8/site-packages/airflow/example_dags/example_latest_only_with_trigger.py
[2026-03-23T03:34:19.483+0000] {processor.py:840} INFO - DAG(s) 'latest_only_with_trigger' retrieved from /home/airflow/.local/lib/python3.8/site-packages/airflow/example_dags/example_latest_only_with_trigger.py
[2026-03-23T03:34:19.504+0000] {logging_mixin.py:188} INFO - [2026-03-23T03:34:19.503+0000] {dag.py:3047} INFO - Sync 1 DAGs
[2026-03-23T03:34:19.524+0000] {logging_mixin.py:188} INFO - [2026-03-23T03:34:19.523+0000] {dag.py:3834} INFO - Setting next_dagrun for latest_only_with_trigger to 2026-03-22 20:00:00+00:00, run_after=2026-03-23 00:00:00+00:00
[2026-03-23T03:34:19.544+0000] {processor.py:183} INFO - Processing /home/airflow/.local/lib/python3.8/site-packages/airflow/example_dags/example_latest_only_with_trigger.py took 0.071 seconds
[2026-03-23T03:34:49.731+0000] {processor.py:161} INFO - Started process (PID=1139) to work on /home/airflow/.local/lib/python3.8/site-packages/airflow/example_dags/example_latest_only_with_trigger.py
[2026-03-23T03:34:49.733+0000] {processor.py:830} INFO - Processing file /home/airflow/.local/lib/python3.8/site-packages/airflow/example_dags/example_latest_only_with_trigger.py for tasks to queue
[2026-03-23T03:34:49.735+0000] {logging_mixin.py:188} INFO - [2026-03-23T03:34:49.735+0000] {dagbag.py:540} INFO - Filling up the DagBag from /home/airflow/.local/lib/python3.8/site-packages/airflow/example_dags/example_latest_only_with_trigger.py
[2026-03-23T03:34:49.740+0000] {processor.py:840} INFO - DAG(s) 'latest_only_with_trigger' retrieved from /home/airflow/.local/lib/python3.8/site-packages/airflow/example_dags/example_latest_only_with_trigger.py
[2026-03-23T03:34:49.764+0000] {logging_mixin.py:188} INFO - [2026-03-23T03:34:49.764+0000] {dag.py:3047} INFO - Sync 1 DAGs
[2026-03-23T03:34:49.787+0000] {logging_mixin.py:188} INFO - [2026-03-23T03:34:49.786+0000] {dag.py:3834} INFO - Setting next_dagrun for latest_only_with_trigger to 2026-03-22 20:00:00+00:00, run_after=2026-03-23 00:00:00+00:00
[2026-03-23T03:34:49.809+0000] {processor.py:183} INFO - Processing /home/airflow/.local/lib/python3.8/site-packages/airflow/example_dags/example_latest_only_with_trigger.py took 0.081 seconds
[2026-03-23T03:37:20.649+0000] {processor.py:161} INFO - Started process (PID=89) to work on /home/airflow/.local/lib/python3.8/site-packages/airflow/example_dags/example_latest_only_with_trigger.py
[2026-03-23T03:37:20.651+0000] {processor.py:830} INFO - Processing file /home/airflow/.local/lib/python3.8/site-packages/airflow/example_dags/example_latest_only_with_trigger.py for tasks to queue
[2026-03-23T03:37:20.653+0000] {logging_mixin.py:188} INFO - [2026-03-23T03:37:20.653+0000] {dagbag.py:540} INFO - Filling up the DagBag from /home/airflow/.local/lib/python3.8/site-packages/airflow/example_dags/example_latest_only_with_trigger.py
[2026-03-23T03:37:20.660+0000] {processor.py:840} INFO - DAG(s) 'latest_only_with_trigger' retrieved from /home/airflow/.local/lib/python3.8/site-packages/airflow/example_dags/example_latest_only_with_trigger.py
[2026-03-23T03:37:20.675+0000] {logging_mixin.py:188} INFO - [2026-03-23T03:37:20.675+0000] {dag.py:3047} INFO - Sync 1 DAGs
[2026-03-23T03:37:20.700+0000] {logging_mixin.py:188} INFO - [2026-03-23T03:37:20.700+0000] {dag.py:3834} INFO - Setting next_dagrun for latest_only_with_trigger to 2026-03-22 20:00:00+00:00, run_after=2026-03-23 00:00:00+00:00
[2026-03-23T03:37:20.727+0000] {processor.py:183} INFO - Processing /home/airflow/.local/lib/python3.8/site-packages/airflow/example_dags/example_latest_only_with_trigger.py took 0.081 seconds
[2026-03-23T03:37:52.441+0000] {processor.py:161} INFO - Started process (PID=150) to work on /home/airflow/.local/lib/python3.8/site-packages/airflow/example_dags/example_latest_only_with_trigger.py
[2026-03-23T03:37:52.442+0000] {processor.py:830} INFO - Processing file /home/airflow/.local/lib/python3.8/site-packages/airflow/example_dags/example_latest_only_with_trigger.py for tasks to queue
[2026-03-23T03:37:52.445+0000] {logging_mixin.py:188} INFO - [2026-03-23T03:37:52.444+0000] {dagbag.py:540} INFO - Filling up the DagBag from /home/airflow/.local/lib/python3.8/site-packages/airflow/example_dags/example_latest_only_with_trigger.py
[2026-03-23T03:37:52.450+0000] {processor.py:840} INFO - DAG(s) 'latest_only_with_trigger' retrieved from /home/airflow/.local/lib/python3.8/site-packages/airflow/example_dags/example_latest_only_with_trigger.py
[2026-03-23T03:37:52.541+0000] {logging_mixin.py:188} INFO - [2026-03-23T03:37:52.540+0000] {dag.py:3047} INFO - Sync 1 DAGs
[2026-03-23T03:37:52.561+0000] {logging_mixin.py:188} INFO - [2026-03-23T03:37:52.560+0000] {dag.py:3834} INFO - Setting next_dagrun for latest_only_with_trigger to 2026-03-22 20:00:00+00:00, run_after=2026-03-23 00:00:00+00:00
[2026-03-23T03:37:52.582+0000] {processor.py:183} INFO - Processing /home/airflow/.local/lib/python3.8/site-packages/airflow/example_dags/example_latest_only_with_trigger.py took 0.144 seconds
[2026-03-23T03:38:22.655+0000] {processor.py:161} INFO - Started process (PID=205) to work on /home/airflow/.local/lib/python3.8/site-packages/airflow/example_dags/example_latest_only_with_trigger.py
[2026-03-23T03:38:22.656+0000] {processor.py:830} INFO - Processing file /home/airflow/.local/lib/python3.8/site-packages/airflow/example_dags/example_latest_only_with_trigger.py for tasks to queue
[2026-03-23T03:38:22.658+0000] {logging_mixin.py:188} INFO - [2026-03-23T03:38:22.657+0000] {dagbag.py:540} INFO - Filling up the DagBag from /home/airflow/.local/lib/python3.8/site-packages/airflow/example_dags/example_latest_only_with_trigger.py
[2026-03-23T03:38:22.663+0000] {processor.py:840} INFO - DAG(s) 'latest_only_with_trigger' retrieved from /home/airflow/.local/lib/python3.8/site-packages/airflow/example_dags/example_latest_only_with_trigger.py
[2026-03-23T03:38:22.684+0000] {logging_mixin.py:188} INFO - [2026-03-23T03:38:22.683+0000] {dag.py:3047} INFO - Sync 1 DAGs
[2026-03-23T03:38:22.710+0000] {logging_mixin.py:188} INFO - [2026-03-23T03:38:22.709+0000] {dag.py:3834} INFO - Setting next_dagrun for latest_only_with_trigger to 2026-03-22 20:00:00+00:00, run_after=2026-03-23 00:00:00+00:00
[2026-03-23T03:38:22.736+0000] {processor.py:183} INFO - Processing /home/airflow/.local/lib/python3.8/site-packages/airflow/example_dags/example_latest_only_with_trigger.py took 0.084 seconds
[2026-03-23T03:38:53.065+0000] {processor.py:161} INFO - Started process (PID=259) to work on /home/airflow/.local/lib/python3.8/site-packages/airflow/example_dags/example_latest_only_with_trigger.py
[2026-03-23T03:38:53.066+0000] {processor.py:830} INFO - Processing file /home/airflow/.local/lib/python3.8/site-packages/airflow/example_dags/example_latest_only_with_trigger.py for tasks to queue
[2026-03-23T03:38:53.068+0000] {logging_mixin.py:188} INFO - [2026-03-23T03:38:53.068+0000] {dagbag.py:540} INFO - Filling up the DagBag from /home/airflow/.local/lib/python3.8/site-packages/airflow/example_dags/example_latest_only_with_trigger.py
[2026-03-23T03:38:53.074+0000] {processor.py:840} INFO - DAG(s) 'latest_only_with_trigger' retrieved from /home/airflow/.local/lib/python3.8/site-packages/airflow/example_dags/example_latest_only_with_trigger.py
[2026-03-23T03:38:53.097+0000] {logging_mixin.py:188} INFO - [2026-03-23T03:38:53.097+0000] {dag.py:3047} INFO - Sync 1 DAGs
[2026-03-23T03:38:53.122+0000] {logging_mixin.py:188} INFO - [2026-03-23T03:38:53.122+0000] {dag.py:3834} INFO - Setting next_dagrun for latest_only_with_trigger to 2026-03-22 20:00:00+00:00, run_after=2026-03-23 00:00:00+00:00
[2026-03-23T03:38:53.147+0000] {processor.py:183} INFO - Processing /home/airflow/.local/lib/python3.8/site-packages/airflow/example_dags/example_latest_only_with_trigger.py took 0.085 seconds
[2026-03-23T03:39:23.618+0000] {processor.py:161} INFO - Started process (PID=315) to work on /home/airflow/.local/lib/python3.8/site-packages/airflow/example_dags/example_latest_only_with_trigger.py
[2026-03-23T03:39:23.619+0000] {processor.py:830} INFO - Processing file /home/airflow/.local/lib/python3.8/site-packages/airflow/example_dags/example_latest_only_with_trigger.py for tasks to queue
[2026-03-23T03:39:23.621+0000] {logging_mixin.py:188} INFO - [2026-03-23T03:39:23.621+0000] {dagbag.py:540} INFO - Filling up the DagBag from /home/airflow/.local/lib/python3.8/site-packages/airflow/example_dags/example_latest_only_with_trigger.py
[2026-03-23T03:39:23.626+0000] {processor.py:840} INFO - DAG(s) 'latest_only_with_trigger' retrieved from /home/airflow/.local/lib/python3.8/site-packages/airflow/example_dags/example_latest_only_with_trigger.py
[2026-03-23T03:39:23.646+0000] {logging_mixin.py:188} INFO - [2026-03-23T03:39:23.646+0000] {dag.py:3047} INFO - Sync 1 DAGs
[2026-03-23T03:39:23.666+0000] {logging_mixin.py:188} INFO - [2026-03-23T03:39:23.666+0000] {dag.py:3834} INFO - Setting next_dagrun for latest_only_with_trigger to 2026-03-22 20:00:00+00:00, run_after=2026-03-23 00:00:00+00:00
[2026-03-23T03:39:23.687+0000] {processor.py:183} INFO - Processing /home/airflow/.local/lib/python3.8/site-packages/airflow/example_dags/example_latest_only_with_trigger.py took 0.072 seconds
[2026-03-23T03:39:54.024+0000] {processor.py:161} INFO - Started process (PID=370) to work on /home/airflow/.local/lib/python3.8/site-packages/airflow/example_dags/example_latest_only_with_trigger.py
[2026-03-23T03:39:54.025+0000] {processor.py:830} INFO - Processing file /home/airflow/.local/lib/python3.8/site-packages/airflow/example_dags/example_latest_only_with_trigger.py for tasks to queue
[2026-03-23T03:39:54.027+0000] {logging_mixin.py:188} INFO - [2026-03-23T03:39:54.027+0000] {dagbag.py:540} INFO - Filling up the DagBag from /home/airflow/.local/lib/python3.8/site-packages/airflow/example_dags/example_latest_only_with_trigger.py
[2026-03-23T03:39:54.032+0000] {processor.py:840} INFO - DAG(s) 'latest_only_with_trigger' retrieved from /home/airflow/.local/lib/python3.8/site-packages/airflow/example_dags/example_latest_only_with_trigger.py
[2026-03-23T03:39:54.053+0000] {logging_mixin.py:188} INFO - [2026-03-23T03:39:54.053+0000] {dag.py:3047} INFO - Sync 1 DAGs
[2026-03-23T03:39:54.073+0000] {logging_mixin.py:188} INFO - [2026-03-23T03:39:54.073+0000] {dag.py:3834} INFO - Setting next_dagrun for latest_only_with_trigger to 2026-03-22 20:00:00+00:00, run_after=2026-03-23 00:00:00+00:00
[2026-03-23T03:39:54.093+0000] {processor.py:183} INFO - Processing /home/airflow/.local/lib/python3.8/site-packages/airflow/example_dags/example_latest_only_with_trigger.py took 0.072 seconds
[2026-03-23T03:40:24.456+0000] {processor.py:161} INFO - Started process (PID=425) to work on /home/airflow/.local/lib/python3.8/site-packages/airflow/example_dags/example_latest_only_with_trigger.py
[2026-03-23T03:40:24.458+0000] {processor.py:830} INFO - Processing file /home/airflow/.local/lib/python3.8/site-packages/airflow/example_dags/example_latest_only_with_trigger.py for tasks to queue
[2026-03-23T03:40:24.460+0000] {logging_mixin.py:188} INFO - [2026-03-23T03:40:24.459+0000] {dagbag.py:540} INFO - Filling up the DagBag from /home/airflow/.local/lib/python3.8/site-packages/airflow/example_dags/example_latest_only_with_trigger.py
[2026-03-23T03:40:24.465+0000] {processor.py:840} INFO - DAG(s) 'latest_only_with_trigger' retrieved from /home/airflow/.local/lib/python3.8/site-packages/airflow/example_dags/example_latest_only_with_trigger.py
[2026-03-23T03:40:24.485+0000] {logging_mixin.py:188} INFO - [2026-03-23T03:40:24.485+0000] {dag.py:3047} INFO - Sync 1 DAGs
[2026-03-23T03:40:24.506+0000] {logging_mixin.py:188} INFO - [2026-03-23T03:40:24.506+0000] {dag.py:3834} INFO - Setting next_dagrun for latest_only_with_trigger to 2026-03-22 20:00:00+00:00, run_after=2026-03-23 00:00:00+00:00
[2026-03-23T03:40:24.526+0000] {processor.py:183} INFO - Processing /home/airflow/.local/lib/python3.8/site-packages/airflow/example_dags/example_latest_only_with_trigger.py took 0.073 seconds
[2026-03-23T03:40:55.325+0000] {processor.py:161} INFO - Started process (PID=480) to work on /home/airflow/.local/lib/python3.8/site-packages/airflow/example_dags/example_latest_only_with_trigger.py
[2026-03-23T03:40:55.327+0000] {processor.py:830} INFO - Processing file /home/airflow/.local/lib/python3.8/site-packages/airflow/example_dags/example_latest_only_with_trigger.py for tasks to queue
[2026-03-23T03:40:55.330+0000] {logging_mixin.py:188} INFO - [2026-03-23T03:40:55.330+0000] {dagbag.py:540} INFO - Filling up the DagBag from /home/airflow/.local/lib/python3.8/site-packages/airflow/example_dags/example_latest_only_with_trigger.py
[2026-03-23T03:40:55.340+0000] {processor.py:840} INFO - DAG(s) 'latest_only_with_trigger' retrieved from /home/airflow/.local/lib/python3.8/site-packages/airflow/example_dags/example_latest_only_with_trigger.py
[2026-03-23T03:40:55.370+0000] {logging_mixin.py:188} INFO - [2026-03-23T03:40:55.370+0000] {dag.py:3047} INFO - Sync 1 DAGs
[2026-03-23T03:40:55.403+0000] {logging_mixin.py:188} INFO - [2026-03-23T03:40:55.403+0000] {dag.py:3834} INFO - Setting next_dagrun for latest_only_with_trigger to 2026-03-22 20:00:00+00:00, run_after=2026-03-23 00:00:00+00:00
[2026-03-23T03:40:55.433+0000] {processor.py:183} INFO - Processing /home/airflow/.local/lib/python3.8/site-packages/airflow/example_dags/example_latest_only_with_trigger.py took 0.112 seconds
[2026-03-23T03:41:25.799+0000] {processor.py:161} INFO - Started process (PID=535) to work on /home/airflow/.local/lib/python3.8/site-packages/airflow/example_dags/example_latest_only_with_trigger.py
[2026-03-23T03:41:25.800+0000] {processor.py:830} INFO - Processing file /home/airflow/.local/lib/python3.8/site-packages/airflow/example_dags/example_latest_only_with_trigger.py for tasks to queue
[2026-03-23T03:41:25.802+0000] {logging_mixin.py:188} INFO - [2026-03-23T03:41:25.802+0000] {dagbag.py:540} INFO - Filling up the DagBag from /home/airflow/.local/lib/python3.8/site-packages/airflow/example_dags/example_latest_only_with_trigger.py
[2026-03-23T03:41:25.808+0000] {processor.py:840} INFO - DAG(s) 'latest_only_with_trigger' retrieved from /home/airflow/.local/lib/python3.8/site-packages/airflow/example_dags/example_latest_only_with_trigger.py
[2026-03-23T03:41:25.829+0000] {logging_mixin.py:188} INFO - [2026-03-23T03:41:25.829+0000] {dag.py:3047} INFO - Sync 1 DAGs
[2026-03-23T03:41:25.849+0000] {logging_mixin.py:188} INFO - [2026-03-23T03:41:25.849+0000] {dag.py:3834} INFO - Setting next_dagrun for latest_only_with_trigger to 2026-03-22 20:00:00+00:00, run_after=2026-03-23 00:00:00+00:00
[2026-03-23T03:41:25.869+0000] {processor.py:183} INFO - Processing /home/airflow/.local/lib/python3.8/site-packages/airflow/example_dags/example_latest_only_with_trigger.py took 0.072 seconds
[2026-03-23T03:41:55.979+0000] {processor.py:161} INFO - Started process (PID=589) to work on /home/airflow/.local/lib/python3.8/site-packages/airflow/example_dags/example_latest_only_with_trigger.py
[2026-03-23T03:41:55.980+0000] {processor.py:830} INFO - Processing file /home/airflow/.local/lib/python3.8/site-packages/airflow/example_dags/example_latest_only_with_trigger.py for tasks to queue
[2026-03-23T03:41:55.983+0000] {logging_mixin.py:188} INFO - [2026-03-23T03:41:55.982+0000] {dagbag.py:540} INFO - Filling up the DagBag from /home/airflow/.local/lib/python3.8/site-packages/airflow/example_dags/example_latest_only_with_trigger.py
[2026-03-23T03:41:55.991+0000] {processor.py:840} INFO - DAG(s) 'latest_only_with_trigger' retrieved from /home/airflow/.local/lib/python3.8/site-packages/airflow/example_dags/example_latest_only_with_trigger.py
[2026-03-23T03:41:56.015+0000] {logging_mixin.py:188} INFO - [2026-03-23T03:41:56.014+0000] {dag.py:3047} INFO - Sync 1 DAGs
[2026-03-23T03:41:56.042+0000] {logging_mixin.py:188} INFO - [2026-03-23T03:41:56.042+0000] {dag.py:3834} INFO - Setting next_dagrun for latest_only_with_trigger to 2026-03-22 20:00:00+00:00, run_after=2026-03-23 00:00:00+00:00
[2026-03-23T03:41:56.066+0000] {processor.py:183} INFO - Processing /home/airflow/.local/lib/python3.8/site-packages/airflow/example_dags/example_latest_only_with_trigger.py took 0.091 seconds
[2026-03-23T03:42:26.135+0000] {processor.py:161} INFO - Started process (PID=644) to work on /home/airflow/.local/lib/python3.8/site-packages/airflow/example_dags/example_latest_only_with_trigger.py
[2026-03-23T03:42:26.136+0000] {processor.py:830} INFO - Processing file /home/airflow/.local/lib/python3.8/site-packages/airflow/example_dags/example_latest_only_with_trigger.py for tasks to queue
[2026-03-23T03:42:26.138+0000] {logging_mixin.py:188} INFO - [2026-03-23T03:42:26.138+0000] {dagbag.py:540} INFO - Filling up the DagBag from /home/airflow/.local/lib/python3.8/site-packages/airflow/example_dags/example_latest_only_with_trigger.py
[2026-03-23T03:42:26.143+0000] {processor.py:840} INFO - DAG(s) 'latest_only_with_trigger' retrieved from /home/airflow/.local/lib/python3.8/site-packages/airflow/example_dags/example_latest_only_with_trigger.py
[2026-03-23T03:42:26.162+0000] {logging_mixin.py:188} INFO - [2026-03-23T03:42:26.162+0000] {dag.py:3047} INFO - Sync 1 DAGs
[2026-03-23T03:42:26.183+0000] {logging_mixin.py:188} INFO - [2026-03-23T03:42:26.183+0000] {dag.py:3834} INFO - Setting next_dagrun for latest_only_with_trigger to 2026-03-22 20:00:00+00:00, run_after=2026-03-23 00:00:00+00:00
[2026-03-23T03:42:26.206+0000] {processor.py:183} INFO - Processing /home/airflow/.local/lib/python3.8/site-packages/airflow/example_dags/example_latest_only_with_trigger.py took 0.074 seconds
[2026-03-23T03:42:56.830+0000] {processor.py:161} INFO - Started process (PID=700) to work on /home/airflow/.local/lib/python3.8/site-packages/airflow/example_dags/example_latest_only_with_trigger.py
[2026-03-23T03:42:56.831+0000] {processor.py:830} INFO - Processing file /home/airflow/.local/lib/python3.8/site-packages/airflow/example_dags/example_latest_only_with_trigger.py for tasks to queue
[2026-03-23T03:42:56.833+0000] {logging_mixin.py:188} INFO - [2026-03-23T03:42:56.833+0000] {dagbag.py:540} INFO - Filling up the DagBag from /home/airflow/.local/lib/python3.8/site-packages/airflow/example_dags/example_latest_only_with_trigger.py
[2026-03-23T03:42:56.838+0000] {processor.py:840} INFO - DAG(s) 'latest_only_with_trigger' retrieved from /home/airflow/.local/lib/python3.8/site-packages/airflow/example_dags/example_latest_only_with_trigger.py
[2026-03-23T03:42:56.857+0000] {logging_mixin.py:188} INFO - [2026-03-23T03:42:56.857+0000] {dag.py:3047} INFO - Sync 1 DAGs
[2026-03-23T03:42:56.878+0000] {logging_mixin.py:188} INFO - [2026-03-23T03:42:56.878+0000] {dag.py:3834} INFO - Setting next_dagrun for latest_only_with_trigger to 2026-03-22 20:00:00+00:00, run_after=2026-03-23 00:00:00+00:00
[2026-03-23T03:42:56.899+0000] {processor.py:183} INFO - Processing /home/airflow/.local/lib/python3.8/site-packages/airflow/example_dags/example_latest_only_with_trigger.py took 0.071 seconds
[2026-03-23T03:43:27.234+0000] {processor.py:161} INFO - Started process (PID=755) to work on /home/airflow/.local/lib/python3.8/site-packages/airflow/example_dags/example_latest_only_with_trigger.py
[2026-03-23T03:43:27.235+0000] {processor.py:830} INFO - Processing file /home/airflow/.local/lib/python3.8/site-packages/airflow/example_dags/example_latest_only_with_trigger.py for tasks to queue
[2026-03-23T03:43:27.238+0000] {logging_mixin.py:188} INFO - [2026-03-23T03:43:27.237+0000] {dagbag.py:540} INFO - Filling up the DagBag from /home/airflow/.local/lib/python3.8/site-packages/airflow/example_dags/example_latest_only_with_trigger.py
[2026-03-23T03:43:27.243+0000] {processor.py:840} INFO - DAG(s) 'latest_only_with_trigger' retrieved from /home/airflow/.local/lib/python3.8/site-packages/airflow/example_dags/example_latest_only_with_trigger.py
[2026-03-23T03:43:27.262+0000] {logging_mixin.py:188} INFO - [2026-03-23T03:43:27.262+0000] {dag.py:3047} INFO - Sync 1 DAGs
[2026-03-23T03:43:27.283+0000] {logging_mixin.py:188} INFO - [2026-03-23T03:43:27.282+0000] {dag.py:3834} INFO - Setting next_dagrun for latest_only_with_trigger to 2026-03-22 20:00:00+00:00, run_after=2026-03-23 00:00:00+00:00
[2026-03-23T03:43:27.304+0000] {processor.py:183} INFO - Processing /home/airflow/.local/lib/python3.8/site-packages/airflow/example_dags/example_latest_only_with_trigger.py took 0.073 seconds
[2026-03-23T03:43:57.680+0000] {processor.py:161} INFO - Started process (PID=810) to work on /home/airflow/.local/lib/python3.8/site-packages/airflow/example_dags/example_latest_only_with_trigger.py
[2026-03-23T03:43:57.681+0000] {processor.py:830} INFO - Processing file /home/airflow/.local/lib/python3.8/site-packages/airflow/example_dags/example_latest_only_with_trigger.py for tasks to queue
[2026-03-23T03:43:57.683+0000] {logging_mixin.py:188} INFO - [2026-03-23T03:43:57.683+0000] {dagbag.py:540} INFO - Filling up the DagBag from /home/airflow/.local/lib/python3.8/site-packages/airflow/example_dags/example_latest_only_with_trigger.py
[2026-03-23T03:43:57.689+0000] {processor.py:840} INFO - DAG(s) 'latest_only_with_trigger' retrieved from /home/airflow/.local/lib/python3.8/site-packages/airflow/example_dags/example_latest_only_with_trigger.py
[2026-03-23T03:43:57.712+0000] {logging_mixin.py:188} INFO - [2026-03-23T03:43:57.712+0000] {dag.py:3047} INFO - Sync 1 DAGs
[2026-03-23T03:43:57.736+0000] {logging_mixin.py:188} INFO - [2026-03-23T03:43:57.736+0000] {dag.py:3834} INFO - Setting next_dagrun for latest_only_with_trigger to 2026-03-22 20:00:00+00:00, run_after=2026-03-23 00:00:00+00:00
[2026-03-23T03:43:57.761+0000] {processor.py:183} INFO - Processing /home/airflow/.local/lib/python3.8/site-packages/airflow/example_dags/example_latest_only_with_trigger.py took 0.084 seconds
[2026-03-23T03:44:28.268+0000] {processor.py:161} INFO - Started process (PID=865) to work on /home/airflow/.local/lib/python3.8/site-packages/airflow/example_dags/example_latest_only_with_trigger.py
[2026-03-23T03:44:28.269+0000] {processor.py:830} INFO - Processing file /home/airflow/.local/lib/python3.8/site-packages/airflow/example_dags/example_latest_only_with_trigger.py for tasks to queue
[2026-03-23T03:44:28.271+0000] {logging_mixin.py:188} INFO - [2026-03-23T03:44:28.271+0000] {dagbag.py:540} INFO - Filling up the DagBag from /home/airflow/.local/lib/python3.8/site-packages/airflow/example_dags/example_latest_only_with_trigger.py
[2026-03-23T03:44:28.276+0000] {processor.py:840} INFO - DAG(s) 'latest_only_with_trigger' retrieved from /home/airflow/.local/lib/python3.8/site-packages/airflow/example_dags/example_latest_only_with_trigger.py
[2026-03-23T03:44:28.295+0000] {logging_mixin.py:188} INFO - [2026-03-23T03:44:28.295+0000] {dag.py:3047} INFO - Sync 1 DAGs
[2026-03-23T03:44:28.314+0000] {logging_mixin.py:188} INFO - [2026-03-23T03:44:28.314+0000] {dag.py:3834} INFO - Setting next_dagrun for latest_only_with_trigger to 2026-03-22 20:00:00+00:00, run_after=2026-03-23 00:00:00+00:00
[2026-03-23T03:44:28.334+0000] {processor.py:183} INFO - Processing /home/airflow/.local/lib/python3.8/site-packages/airflow/example_dags/example_latest_only_with_trigger.py took 0.069 seconds
[2026-03-23T03:44:58.642+0000] {processor.py:161} INFO - Started process (PID=919) to work on /home/airflow/.local/lib/python3.8/site-packages/airflow/example_dags/example_latest_only_with_trigger.py
[2026-03-23T03:44:58.644+0000] {processor.py:830} INFO - Processing file /home/airflow/.local/lib/python3.8/site-packages/airflow/example_dags/example_latest_only_with_trigger.py for tasks to queue
[2026-03-23T03:44:58.648+0000] {logging_mixin.py:188} INFO - [2026-03-23T03:44:58.647+0000] {dagbag.py:540} INFO - Filling up the DagBag from /home/airflow/.local/lib/python3.8/site-packages/airflow/example_dags/example_latest_only_with_trigger.py
[2026-03-23T03:44:58.655+0000] {processor.py:840} INFO - DAG(s) 'latest_only_with_trigger' retrieved from /home/airflow/.local/lib/python3.8/site-packages/airflow/example_dags/example_latest_only_with_trigger.py
[2026-03-23T03:44:58.684+0000] {logging_mixin.py:188} INFO - [2026-03-23T03:44:58.684+0000] {dag.py:3047} INFO - Sync 1 DAGs
[2026-03-23T03:44:58.710+0000] {logging_mixin.py:188} INFO - [2026-03-23T03:44:58.710+0000] {dag.py:3834} INFO - Setting next_dagrun for latest_only_with_trigger to 2026-03-22 20:00:00+00:00, run_after=2026-03-23 00:00:00+00:00
[2026-03-23T03:44:58.731+0000] {processor.py:183} INFO - Processing /home/airflow/.local/lib/python3.8/site-packages/airflow/example_dags/example_latest_only_with_trigger.py took 0.093 seconds
[2026-03-23T03:45:28.983+0000] {processor.py:161} INFO - Started process (PID=974) to work on /home/airflow/.local/lib/python3.8/site-packages/airflow/example_dags/example_latest_only_with_trigger.py
[2026-03-23T03:45:28.984+0000] {processor.py:830} INFO - Processing file /home/airflow/.local/lib/python3.8/site-packages/airflow/example_dags/example_latest_only_with_trigger.py for tasks to queue
[2026-03-23T03:45:28.986+0000] {logging_mixin.py:188} INFO - [2026-03-23T03:45:28.986+0000] {dagbag.py:540} INFO - Filling up the DagBag from /home/airflow/.local/lib/python3.8/site-packages/airflow/example_dags/example_latest_only_with_trigger.py
[2026-03-23T03:45:28.994+0000] {processor.py:840} INFO - DAG(s) 'latest_only_with_trigger' retrieved from /home/airflow/.local/lib/python3.8/site-packages/airflow/example_dags/example_latest_only_with_trigger.py
[2026-03-23T03:45:29.017+0000] {logging_mixin.py:188} INFO - [2026-03-23T03:45:29.017+0000] {dag.py:3047} INFO - Sync 1 DAGs
[2026-03-23T03:45:29.042+0000] {logging_mixin.py:188} INFO - [2026-03-23T03:45:29.042+0000] {dag.py:3834} INFO - Setting next_dagrun for latest_only_with_trigger to 2026-03-22 20:00:00+00:00, run_after=2026-03-23 00:00:00+00:00
[2026-03-23T03:45:29.065+0000] {processor.py:183} INFO - Processing /home/airflow/.local/lib/python3.8/site-packages/airflow/example_dags/example_latest_only_with_trigger.py took 0.085 seconds
[2026-03-23T03:45:59.221+0000] {processor.py:161} INFO - Started process (PID=1029) to work on /home/airflow/.local/lib/python3.8/site-packages/airflow/example_dags/example_latest_only_with_trigger.py
[2026-03-23T03:45:59.222+0000] {processor.py:830} INFO - Processing file /home/airflow/.local/lib/python3.8/site-packages/airflow/example_dags/example_latest_only_with_trigger.py for tasks to queue
[2026-03-23T03:45:59.224+0000] {logging_mixin.py:188} INFO - [2026-03-23T03:45:59.224+0000] {dagbag.py:540} INFO - Filling up the DagBag from /home/airflow/.local/lib/python3.8/site-packages/airflow/example_dags/example_latest_only_with_trigger.py
[2026-03-23T03:45:59.231+0000] {processor.py:840} INFO - DAG(s) 'latest_only_with_trigger' retrieved from /home/airflow/.local/lib/python3.8/site-packages/airflow/example_dags/example_latest_only_with_trigger.py
[2026-03-23T03:45:59.255+0000] {logging_mixin.py:188} INFO - [2026-03-23T03:45:59.254+0000] {dag.py:3047} INFO - Sync 1 DAGs
[2026-03-23T03:45:59.280+0000] {logging_mixin.py:188} INFO - [2026-03-23T03:45:59.280+0000] {dag.py:3834} INFO - Setting next_dagrun for latest_only_with_trigger to 2026-03-22 20:00:00+00:00, run_after=2026-03-23 00:00:00+00:00
[2026-03-23T03:45:59.303+0000] {processor.py:183} INFO - Processing /home/airflow/.local/lib/python3.8/site-packages/airflow/example_dags/example_latest_only_with_trigger.py took 0.086 seconds
[2026-03-23T03:46:29.433+0000] {processor.py:161} INFO - Started process (PID=1084) to work on /home/airflow/.local/lib/python3.8/site-packages/airflow/example_dags/example_latest_only_with_trigger.py
[2026-03-23T03:46:29.434+0000] {processor.py:830} INFO - Processing file /home/airflow/.local/lib/python3.8/site-packages/airflow/example_dags/example_latest_only_with_trigger.py for tasks to queue
[2026-03-23T03:46:29.436+0000] {logging_mixin.py:188} INFO - [2026-03-23T03:46:29.435+0000] {dagbag.py:540} INFO - Filling up the DagBag from /home/airflow/.local/lib/python3.8/site-packages/airflow/example_dags/example_latest_only_with_trigger.py
[2026-03-23T03:46:29.440+0000] {processor.py:840} INFO - DAG(s) 'latest_only_with_trigger' retrieved from /home/airflow/.local/lib/python3.8/site-packages/airflow/example_dags/example_latest_only_with_trigger.py
[2026-03-23T03:46:29.460+0000] {logging_mixin.py:188} INFO - [2026-03-23T03:46:29.460+0000] {dag.py:3047} INFO - Sync 1 DAGs
[2026-03-23T03:46:29.485+0000] {logging_mixin.py:188} INFO - [2026-03-23T03:46:29.485+0000] {dag.py:3834} INFO - Setting next_dagrun for latest_only_with_trigger to 2026-03-22 20:00:00+00:00, run_after=2026-03-23 00:00:00+00:00
[2026-03-23T03:46:29.507+0000] {processor.py:183} INFO - Processing /home/airflow/.local/lib/python3.8/site-packages/airflow/example_dags/example_latest_only_with_trigger.py took 0.077 seconds
[2026-03-23T03:46:59.923+0000] {processor.py:161} INFO - Started process (PID=1139) to work on /home/airflow/.local/lib/python3.8/site-packages/airflow/example_dags/example_latest_only_with_trigger.py
[2026-03-23T03:46:59.924+0000] {processor.py:830} INFO - Processing file /home/airflow/.local/lib/python3.8/site-packages/airflow/example_dags/example_latest_only_with_trigger.py for tasks to queue
[2026-03-23T03:46:59.925+0000] {logging_mixin.py:188} INFO - [2026-03-23T03:46:59.925+0000] {dagbag.py:540} INFO - Filling up the DagBag from /home/airflow/.local/lib/python3.8/site-packages/airflow/example_dags/example_latest_only_with_trigger.py
[2026-03-23T03:46:59.930+0000] {processor.py:840} INFO - DAG(s) 'latest_only_with_trigger' retrieved from /home/airflow/.local/lib/python3.8/site-packages/airflow/example_dags/example_latest_only_with_trigger.py
[2026-03-23T03:46:59.950+0000] {logging_mixin.py:188} INFO - [2026-03-23T03:46:59.950+0000] {dag.py:3047} INFO - Sync 1 DAGs
[2026-03-23T03:46:59.972+0000] {logging_mixin.py:188} INFO - [2026-03-23T03:46:59.972+0000] {dag.py:3834} INFO - Setting next_dagrun for latest_only_with_trigger to 2026-03-22 20:00:00+00:00, run_after=2026-03-23 00:00:00+00:00
[2026-03-23T03:46:59.994+0000] {processor.py:183} INFO - Processing /home/airflow/.local/lib/python3.8/site-packages/airflow/example_dags/example_latest_only_with_trigger.py took 0.074 seconds
[2026-03-23T03:47:30.154+0000] {processor.py:161} INFO - Started process (PID=1194) to work on /home/airflow/.local/lib/python3.8/site-packages/airflow/example_dags/example_latest_only_with_trigger.py
[2026-03-23T03:47:30.155+0000] {processor.py:830} INFO - Processing file /home/airflow/.local/lib/python3.8/site-packages/airflow/example_dags/example_latest_only_with_trigger.py for tasks to queue
[2026-03-23T03:47:30.157+0000] {logging_mixin.py:188} INFO - [2026-03-23T03:47:30.157+0000] {dagbag.py:540} INFO - Filling up the DagBag from /home/airflow/.local/lib/python3.8/site-packages/airflow/example_dags/example_latest_only_with_trigger.py
[2026-03-23T03:47:30.162+0000] {processor.py:840} INFO - DAG(s) 'latest_only_with_trigger' retrieved from /home/airflow/.local/lib/python3.8/site-packages/airflow/example_dags/example_latest_only_with_trigger.py
[2026-03-23T03:47:30.183+0000] {logging_mixin.py:188} INFO - [2026-03-23T03:47:30.183+0000] {dag.py:3047} INFO - Sync 1 DAGs
[2026-03-23T03:47:30.204+0000] {logging_mixin.py:188} INFO - [2026-03-23T03:47:30.203+0000] {dag.py:3834} INFO - Setting next_dagrun for latest_only_with_trigger to 2026-03-22 20:00:00+00:00, run_after=2026-03-23 00:00:00+00:00
[2026-03-23T03:47:30.228+0000] {processor.py:183} INFO - Processing /home/airflow/.local/lib/python3.8/site-packages/airflow/example_dags/example_latest_only_with_trigger.py took 0.077 seconds
[2026-03-23T03:48:00.416+0000] {processor.py:161} INFO - Started process (PID=1249) to work on /home/airflow/.local/lib/python3.8/site-packages/airflow/example_dags/example_latest_only_with_trigger.py
[2026-03-23T03:48:00.418+0000] {processor.py:830} INFO - Processing file /home/airflow/.local/lib/python3.8/site-packages/airflow/example_dags/example_latest_only_with_trigger.py for tasks to queue
[2026-03-23T03:48:00.419+0000] {logging_mixin.py:188} INFO - [2026-03-23T03:48:00.419+0000] {dagbag.py:540} INFO - Filling up the DagBag from /home/airflow/.local/lib/python3.8/site-packages/airflow/example_dags/example_latest_only_with_trigger.py
[2026-03-23T03:48:00.425+0000] {processor.py:840} INFO - DAG(s) 'latest_only_with_trigger' retrieved from /home/airflow/.local/lib/python3.8/site-packages/airflow/example_dags/example_latest_only_with_trigger.py
[2026-03-23T03:48:00.445+0000] {logging_mixin.py:188} INFO - [2026-03-23T03:48:00.445+0000] {dag.py:3047} INFO - Sync 1 DAGs
[2026-03-23T03:48:00.469+0000] {logging_mixin.py:188} INFO - [2026-03-23T03:48:00.469+0000] {dag.py:3834} INFO - Setting next_dagrun for latest_only_with_trigger to 2026-03-22 20:00:00+00:00, run_after=2026-03-23 00:00:00+00:00
[2026-03-23T03:48:00.493+0000] {processor.py:183} INFO - Processing /home/airflow/.local/lib/python3.8/site-packages/airflow/example_dags/example_latest_only_with_trigger.py took 0.079 seconds
[2026-03-23T03:48:31.030+0000] {processor.py:161} INFO - Started process (PID=1304) to work on /home/airflow/.local/lib/python3.8/site-packages/airflow/example_dags/example_latest_only_with_trigger.py
[2026-03-23T03:48:31.032+0000] {processor.py:830} INFO - Processing file /home/airflow/.local/lib/python3.8/site-packages/airflow/example_dags/example_latest_only_with_trigger.py for tasks to queue
[2026-03-23T03:48:31.034+0000] {logging_mixin.py:188} INFO - [2026-03-23T03:48:31.033+0000] {dagbag.py:540} INFO - Filling up the DagBag from /home/airflow/.local/lib/python3.8/site-packages/airflow/example_dags/example_latest_only_with_trigger.py
[2026-03-23T03:48:31.041+0000] {processor.py:840} INFO - DAG(s) 'latest_only_with_trigger' retrieved from /home/airflow/.local/lib/python3.8/site-packages/airflow/example_dags/example_latest_only_with_trigger.py
[2026-03-23T03:48:31.064+0000] {logging_mixin.py:188} INFO - [2026-03-23T03:48:31.064+0000] {dag.py:3047} INFO - Sync 1 DAGs
[2026-03-23T03:48:31.087+0000] {logging_mixin.py:188} INFO - [2026-03-23T03:48:31.087+0000] {dag.py:3834} INFO - Setting next_dagrun for latest_only_with_trigger to 2026-03-22 20:00:00+00:00, run_after=2026-03-23 00:00:00+00:00
[2026-03-23T03:48:31.111+0000] {processor.py:183} INFO - Processing /home/airflow/.local/lib/python3.8/site-packages/airflow/example_dags/example_latest_only_with_trigger.py took 0.085 seconds
[2026-03-23T03:49:01.470+0000] {processor.py:161} INFO - Started process (PID=1359) to work on /home/airflow/.local/lib/python3.8/site-packages/airflow/example_dags/example_latest_only_with_trigger.py
[2026-03-23T03:49:01.472+0000] {processor.py:830} INFO - Processing file /home/airflow/.local/lib/python3.8/site-packages/airflow/example_dags/example_latest_only_with_trigger.py for tasks to queue
[2026-03-23T03:49:01.476+0000] {logging_mixin.py:188} INFO - [2026-03-23T03:49:01.475+0000] {dagbag.py:540} INFO - Filling up the DagBag from /home/airflow/.local/lib/python3.8/site-packages/airflow/example_dags/example_latest_only_with_trigger.py
[2026-03-23T03:49:01.496+0000] {processor.py:840} INFO - DAG(s) 'latest_only_with_trigger' retrieved from /home/airflow/.local/lib/python3.8/site-packages/airflow/example_dags/example_latest_only_with_trigger.py
[2026-03-23T03:49:01.536+0000] {logging_mixin.py:188} INFO - [2026-03-23T03:49:01.535+0000] {dag.py:3047} INFO - Sync 1 DAGs
[2026-03-23T03:49:01.573+0000] {logging_mixin.py:188} INFO - [2026-03-23T03:49:01.573+0000] {dag.py:3834} INFO - Setting next_dagrun for latest_only_with_trigger to 2026-03-22 20:00:00+00:00, run_after=2026-03-23 00:00:00+00:00
[2026-03-23T03:49:01.602+0000] {processor.py:183} INFO - Processing /home/airflow/.local/lib/python3.8/site-packages/airflow/example_dags/example_latest_only_with_trigger.py took 0.141 seconds
[2026-03-23T03:49:31.711+0000] {processor.py:161} INFO - Started process (PID=1414) to work on /home/airflow/.local/lib/python3.8/site-packages/airflow/example_dags/example_latest_only_with_trigger.py
[2026-03-23T03:49:31.713+0000] {processor.py:830} INFO - Processing file /home/airflow/.local/lib/python3.8/site-packages/airflow/example_dags/example_latest_only_with_trigger.py for tasks to queue
[2026-03-23T03:49:31.715+0000] {logging_mixin.py:188} INFO - [2026-03-23T03:49:31.714+0000] {dagbag.py:540} INFO - Filling up the DagBag from /home/airflow/.local/lib/python3.8/site-packages/airflow/example_dags/example_latest_only_with_trigger.py
[2026-03-23T03:49:31.720+0000] {processor.py:840} INFO - DAG(s) 'latest_only_with_trigger' retrieved from /home/airflow/.local/lib/python3.8/site-packages/airflow/example_dags/example_latest_only_with_trigger.py
[2026-03-23T03:49:31.743+0000] {logging_mixin.py:188} INFO - [2026-03-23T03:49:31.743+0000] {dag.py:3047} INFO - Sync 1 DAGs
[2026-03-23T03:49:31.767+0000] {logging_mixin.py:188} INFO - [2026-03-23T03:49:31.767+0000] {dag.py:3834} INFO - Setting next_dagrun for latest_only_with_trigger to 2026-03-22 20:00:00+00:00, run_after=2026-03-23 00:00:00+00:00
[2026-03-23T03:49:31.792+0000] {processor.py:183} INFO - Processing /home/airflow/.local/lib/python3.8/site-packages/airflow/example_dags/example_latest_only_with_trigger.py took 0.083 seconds
[2026-03-23T03:50:48.619+0000] {processor.py:161} INFO - Started process (PID=95) to work on /home/airflow/.local/lib/python3.8/site-packages/airflow/example_dags/example_latest_only_with_trigger.py
[2026-03-23T03:50:48.621+0000] {processor.py:830} INFO - Processing file /home/airflow/.local/lib/python3.8/site-packages/airflow/example_dags/example_latest_only_with_trigger.py for tasks to queue
[2026-03-23T03:50:48.624+0000] {logging_mixin.py:188} INFO - [2026-03-23T03:50:48.623+0000] {dagbag.py:540} INFO - Filling up the DagBag from /home/airflow/.local/lib/python3.8/site-packages/airflow/example_dags/example_latest_only_with_trigger.py
[2026-03-23T03:50:48.636+0000] {processor.py:840} INFO - DAG(s) 'latest_only_with_trigger' retrieved from /home/airflow/.local/lib/python3.8/site-packages/airflow/example_dags/example_latest_only_with_trigger.py
[2026-03-23T03:50:48.656+0000] {logging_mixin.py:188} INFO - [2026-03-23T03:50:48.656+0000] {dag.py:3047} INFO - Sync 1 DAGs
[2026-03-23T03:50:48.693+0000] {logging_mixin.py:188} INFO - [2026-03-23T03:50:48.692+0000] {dag.py:3834} INFO - Setting next_dagrun for latest_only_with_trigger to 2026-03-22 20:00:00+00:00, run_after=2026-03-23 00:00:00+00:00
[2026-03-23T03:50:48.726+0000] {processor.py:183} INFO - Processing /home/airflow/.local/lib/python3.8/site-packages/airflow/example_dags/example_latest_only_with_trigger.py took 0.113 seconds
[2026-03-23T03:51:20.433+0000] {processor.py:161} INFO - Started process (PID=149) to work on /home/airflow/.local/lib/python3.8/site-packages/airflow/example_dags/example_latest_only_with_trigger.py
[2026-03-23T03:51:20.434+0000] {processor.py:830} INFO - Processing file /home/airflow/.local/lib/python3.8/site-packages/airflow/example_dags/example_latest_only_with_trigger.py for tasks to queue
[2026-03-23T03:51:20.436+0000] {logging_mixin.py:188} INFO - [2026-03-23T03:51:20.436+0000] {dagbag.py:540} INFO - Filling up the DagBag from /home/airflow/.local/lib/python3.8/site-packages/airflow/example_dags/example_latest_only_with_trigger.py
[2026-03-23T03:51:20.443+0000] {processor.py:840} INFO - DAG(s) 'latest_only_with_trigger' retrieved from /home/airflow/.local/lib/python3.8/site-packages/airflow/example_dags/example_latest_only_with_trigger.py
[2026-03-23T03:51:20.547+0000] {logging_mixin.py:188} INFO - [2026-03-23T03:51:20.547+0000] {dag.py:3047} INFO - Sync 1 DAGs
[2026-03-23T03:51:20.577+0000] {logging_mixin.py:188} INFO - [2026-03-23T03:51:20.577+0000] {dag.py:3834} INFO - Setting next_dagrun for latest_only_with_trigger to 2026-03-22 20:00:00+00:00, run_after=2026-03-23 00:00:00+00:00
[2026-03-23T03:51:20.608+0000] {processor.py:183} INFO - Processing /home/airflow/.local/lib/python3.8/site-packages/airflow/example_dags/example_latest_only_with_trigger.py took 0.179 seconds
[2026-03-23T03:51:51.363+0000] {processor.py:161} INFO - Started process (PID=205) to work on /home/airflow/.local/lib/python3.8/site-packages/airflow/example_dags/example_latest_only_with_trigger.py
[2026-03-23T03:51:51.364+0000] {processor.py:830} INFO - Processing file /home/airflow/.local/lib/python3.8/site-packages/airflow/example_dags/example_latest_only_with_trigger.py for tasks to queue
[2026-03-23T03:51:51.366+0000] {logging_mixin.py:188} INFO - [2026-03-23T03:51:51.366+0000] {dagbag.py:540} INFO - Filling up the DagBag from /home/airflow/.local/lib/python3.8/site-packages/airflow/example_dags/example_latest_only_with_trigger.py
[2026-03-23T03:51:51.371+0000] {processor.py:840} INFO - DAG(s) 'latest_only_with_trigger' retrieved from /home/airflow/.local/lib/python3.8/site-packages/airflow/example_dags/example_latest_only_with_trigger.py
[2026-03-23T03:51:51.395+0000] {logging_mixin.py:188} INFO - [2026-03-23T03:51:51.394+0000] {dag.py:3047} INFO - Sync 1 DAGs
[2026-03-23T03:51:51.422+0000] {logging_mixin.py:188} INFO - [2026-03-23T03:51:51.421+0000] {dag.py:3834} INFO - Setting next_dagrun for latest_only_with_trigger to 2026-03-22 20:00:00+00:00, run_after=2026-03-23 00:00:00+00:00
[2026-03-23T03:51:51.446+0000] {processor.py:183} INFO - Processing /home/airflow/.local/lib/python3.8/site-packages/airflow/example_dags/example_latest_only_with_trigger.py took 0.087 seconds
[2026-03-23T03:52:21.529+0000] {processor.py:161} INFO - Started process (PID=259) to work on /home/airflow/.local/lib/python3.8/site-packages/airflow/example_dags/example_latest_only_with_trigger.py
[2026-03-23T03:52:21.530+0000] {processor.py:830} INFO - Processing file /home/airflow/.local/lib/python3.8/site-packages/airflow/example_dags/example_latest_only_with_trigger.py for tasks to queue
[2026-03-23T03:52:21.532+0000] {logging_mixin.py:188} INFO - [2026-03-23T03:52:21.532+0000] {dagbag.py:540} INFO - Filling up the DagBag from /home/airflow/.local/lib/python3.8/site-packages/airflow/example_dags/example_latest_only_with_trigger.py
[2026-03-23T03:52:21.539+0000] {processor.py:840} INFO - DAG(s) 'latest_only_with_trigger' retrieved from /home/airflow/.local/lib/python3.8/site-packages/airflow/example_dags/example_latest_only_with_trigger.py
[2026-03-23T03:52:21.562+0000] {logging_mixin.py:188} INFO - [2026-03-23T03:52:21.562+0000] {dag.py:3047} INFO - Sync 1 DAGs
[2026-03-23T03:52:21.590+0000] {logging_mixin.py:188} INFO - [2026-03-23T03:52:21.590+0000] {dag.py:3834} INFO - Setting next_dagrun for latest_only_with_trigger to 2026-03-22 20:00:00+00:00, run_after=2026-03-23 00:00:00+00:00
[2026-03-23T03:52:21.620+0000] {processor.py:183} INFO - Processing /home/airflow/.local/lib/python3.8/site-packages/airflow/example_dags/example_latest_only_with_trigger.py took 0.095 seconds
[2026-03-23T03:52:52.510+0000] {processor.py:161} INFO - Started process (PID=315) to work on /home/airflow/.local/lib/python3.8/site-packages/airflow/example_dags/example_latest_only_with_trigger.py
[2026-03-23T03:52:52.512+0000] {processor.py:830} INFO - Processing file /home/airflow/.local/lib/python3.8/site-packages/airflow/example_dags/example_latest_only_with_trigger.py for tasks to queue
[2026-03-23T03:52:52.513+0000] {logging_mixin.py:188} INFO - [2026-03-23T03:52:52.513+0000] {dagbag.py:540} INFO - Filling up the DagBag from /home/airflow/.local/lib/python3.8/site-packages/airflow/example_dags/example_latest_only_with_trigger.py
[2026-03-23T03:52:52.520+0000] {processor.py:840} INFO - DAG(s) 'latest_only_with_trigger' retrieved from /home/airflow/.local/lib/python3.8/site-packages/airflow/example_dags/example_latest_only_with_trigger.py
[2026-03-23T03:52:52.547+0000] {logging_mixin.py:188} INFO - [2026-03-23T03:52:52.547+0000] {dag.py:3047} INFO - Sync 1 DAGs
[2026-03-23T03:52:52.576+0000] {logging_mixin.py:188} INFO - [2026-03-23T03:52:52.576+0000] {dag.py:3834} INFO - Setting next_dagrun for latest_only_with_trigger to 2026-03-22 20:00:00+00:00, run_after=2026-03-23 00:00:00+00:00
[2026-03-23T03:52:52.606+0000] {processor.py:183} INFO - Processing /home/airflow/.local/lib/python3.8/site-packages/airflow/example_dags/example_latest_only_with_trigger.py took 0.099 seconds
[2026-03-23T03:53:23.299+0000] {processor.py:161} INFO - Started process (PID=370) to work on /home/airflow/.local/lib/python3.8/site-packages/airflow/example_dags/example_latest_only_with_trigger.py
[2026-03-23T03:53:23.300+0000] {processor.py:830} INFO - Processing file /home/airflow/.local/lib/python3.8/site-packages/airflow/example_dags/example_latest_only_with_trigger.py for tasks to queue
[2026-03-23T03:53:23.302+0000] {logging_mixin.py:188} INFO - [2026-03-23T03:53:23.302+0000] {dagbag.py:540} INFO - Filling up the DagBag from /home/airflow/.local/lib/python3.8/site-packages/airflow/example_dags/example_latest_only_with_trigger.py
[2026-03-23T03:53:23.308+0000] {processor.py:840} INFO - DAG(s) 'latest_only_with_trigger' retrieved from /home/airflow/.local/lib/python3.8/site-packages/airflow/example_dags/example_latest_only_with_trigger.py
[2026-03-23T03:53:23.329+0000] {logging_mixin.py:188} INFO - [2026-03-23T03:53:23.329+0000] {dag.py:3047} INFO - Sync 1 DAGs
[2026-03-23T03:53:23.353+0000] {logging_mixin.py:188} INFO - [2026-03-23T03:53:23.353+0000] {dag.py:3834} INFO - Setting next_dagrun for latest_only_with_trigger to 2026-03-22 20:00:00+00:00, run_after=2026-03-23 00:00:00+00:00
[2026-03-23T03:53:23.376+0000] {processor.py:183} INFO - Processing /home/airflow/.local/lib/python3.8/site-packages/airflow/example_dags/example_latest_only_with_trigger.py took 0.081 seconds
[2026-03-23T03:53:53.558+0000] {processor.py:161} INFO - Started process (PID=424) to work on /home/airflow/.local/lib/python3.8/site-packages/airflow/example_dags/example_latest_only_with_trigger.py
[2026-03-23T03:53:53.560+0000] {processor.py:830} INFO - Processing file /home/airflow/.local/lib/python3.8/site-packages/airflow/example_dags/example_latest_only_with_trigger.py for tasks to queue
[2026-03-23T03:53:53.561+0000] {logging_mixin.py:188} INFO - [2026-03-23T03:53:53.561+0000] {dagbag.py:540} INFO - Filling up the DagBag from /home/airflow/.local/lib/python3.8/site-packages/airflow/example_dags/example_latest_only_with_trigger.py
[2026-03-23T03:53:53.566+0000] {processor.py:840} INFO - DAG(s) 'latest_only_with_trigger' retrieved from /home/airflow/.local/lib/python3.8/site-packages/airflow/example_dags/example_latest_only_with_trigger.py
[2026-03-23T03:53:53.588+0000] {logging_mixin.py:188} INFO - [2026-03-23T03:53:53.588+0000] {dag.py:3047} INFO - Sync 1 DAGs
[2026-03-23T03:53:53.611+0000] {logging_mixin.py:188} INFO - [2026-03-23T03:53:53.611+0000] {dag.py:3834} INFO - Setting next_dagrun for latest_only_with_trigger to 2026-03-22 20:00:00+00:00, run_after=2026-03-23 00:00:00+00:00
[2026-03-23T03:53:53.635+0000] {processor.py:183} INFO - Processing /home/airflow/.local/lib/python3.8/site-packages/airflow/example_dags/example_latest_only_with_trigger.py took 0.080 seconds
[2026-03-23T03:54:23.772+0000] {processor.py:161} INFO - Started process (PID=479) to work on /home/airflow/.local/lib/python3.8/site-packages/airflow/example_dags/example_latest_only_with_trigger.py
[2026-03-23T03:54:23.773+0000] {processor.py:830} INFO - Processing file /home/airflow/.local/lib/python3.8/site-packages/airflow/example_dags/example_latest_only_with_trigger.py for tasks to queue
[2026-03-23T03:54:23.776+0000] {logging_mixin.py:188} INFO - [2026-03-23T03:54:23.775+0000] {dagbag.py:540} INFO - Filling up the DagBag from /home/airflow/.local/lib/python3.8/site-packages/airflow/example_dags/example_latest_only_with_trigger.py
[2026-03-23T03:54:23.782+0000] {processor.py:840} INFO - DAG(s) 'latest_only_with_trigger' retrieved from /home/airflow/.local/lib/python3.8/site-packages/airflow/example_dags/example_latest_only_with_trigger.py
[2026-03-23T03:54:23.807+0000] {logging_mixin.py:188} INFO - [2026-03-23T03:54:23.807+0000] {dag.py:3047} INFO - Sync 1 DAGs
[2026-03-23T03:54:23.834+0000] {logging_mixin.py:188} INFO - [2026-03-23T03:54:23.833+0000] {dag.py:3834} INFO - Setting next_dagrun for latest_only_with_trigger to 2026-03-22 20:00:00+00:00, run_after=2026-03-23 00:00:00+00:00
[2026-03-23T03:54:23.860+0000] {processor.py:183} INFO - Processing /home/airflow/.local/lib/python3.8/site-packages/airflow/example_dags/example_latest_only_with_trigger.py took 0.091 seconds
[2026-03-23T03:54:54.323+0000] {processor.py:161} INFO - Started process (PID=534) to work on /home/airflow/.local/lib/python3.8/site-packages/airflow/example_dags/example_latest_only_with_trigger.py
[2026-03-23T03:54:54.324+0000] {processor.py:830} INFO - Processing file /home/airflow/.local/lib/python3.8/site-packages/airflow/example_dags/example_latest_only_with_trigger.py for tasks to queue
[2026-03-23T03:54:54.326+0000] {logging_mixin.py:188} INFO - [2026-03-23T03:54:54.325+0000] {dagbag.py:540} INFO - Filling up the DagBag from /home/airflow/.local/lib/python3.8/site-packages/airflow/example_dags/example_latest_only_with_trigger.py
[2026-03-23T03:54:54.331+0000] {processor.py:840} INFO - DAG(s) 'latest_only_with_trigger' retrieved from /home/airflow/.local/lib/python3.8/site-packages/airflow/example_dags/example_latest_only_with_trigger.py
[2026-03-23T03:54:54.352+0000] {logging_mixin.py:188} INFO - [2026-03-23T03:54:54.352+0000] {dag.py:3047} INFO - Sync 1 DAGs
[2026-03-23T03:54:54.372+0000] {logging_mixin.py:188} INFO - [2026-03-23T03:54:54.371+0000] {dag.py:3834} INFO - Setting next_dagrun for latest_only_with_trigger to 2026-03-22 20:00:00+00:00, run_after=2026-03-23 00:00:00+00:00
[2026-03-23T03:54:54.392+0000] {processor.py:183} INFO - Processing /home/airflow/.local/lib/python3.8/site-packages/airflow/example_dags/example_latest_only_with_trigger.py took 0.073 seconds
[2026-03-23T03:55:24.469+0000] {processor.py:161} INFO - Started process (PID=589) to work on /home/airflow/.local/lib/python3.8/site-packages/airflow/example_dags/example_latest_only_with_trigger.py
[2026-03-23T03:55:24.470+0000] {processor.py:830} INFO - Processing file /home/airflow/.local/lib/python3.8/site-packages/airflow/example_dags/example_latest_only_with_trigger.py for tasks to queue
[2026-03-23T03:55:24.472+0000] {logging_mixin.py:188} INFO - [2026-03-23T03:55:24.471+0000] {dagbag.py:540} INFO - Filling up the DagBag from /home/airflow/.local/lib/python3.8/site-packages/airflow/example_dags/example_latest_only_with_trigger.py
[2026-03-23T03:55:24.476+0000] {processor.py:840} INFO - DAG(s) 'latest_only_with_trigger' retrieved from /home/airflow/.local/lib/python3.8/site-packages/airflow/example_dags/example_latest_only_with_trigger.py
[2026-03-23T03:55:24.496+0000] {logging_mixin.py:188} INFO - [2026-03-23T03:55:24.496+0000] {dag.py:3047} INFO - Sync 1 DAGs
[2026-03-23T03:55:24.515+0000] {logging_mixin.py:188} INFO - [2026-03-23T03:55:24.515+0000] {dag.py:3834} INFO - Setting next_dagrun for latest_only_with_trigger to 2026-03-22 20:00:00+00:00, run_after=2026-03-23 00:00:00+00:00
[2026-03-23T03:55:24.537+0000] {processor.py:183} INFO - Processing /home/airflow/.local/lib/python3.8/site-packages/airflow/example_dags/example_latest_only_with_trigger.py took 0.071 seconds
[2026-03-23T03:55:54.766+0000] {processor.py:161} INFO - Started process (PID=644) to work on /home/airflow/.local/lib/python3.8/site-packages/airflow/example_dags/example_latest_only_with_trigger.py
[2026-03-23T03:55:54.767+0000] {processor.py:830} INFO - Processing file /home/airflow/.local/lib/python3.8/site-packages/airflow/example_dags/example_latest_only_with_trigger.py for tasks to queue
[2026-03-23T03:55:54.769+0000] {logging_mixin.py:188} INFO - [2026-03-23T03:55:54.769+0000] {dagbag.py:540} INFO - Filling up the DagBag from /home/airflow/.local/lib/python3.8/site-packages/airflow/example_dags/example_latest_only_with_trigger.py
[2026-03-23T03:55:54.776+0000] {processor.py:840} INFO - DAG(s) 'latest_only_with_trigger' retrieved from /home/airflow/.local/lib/python3.8/site-packages/airflow/example_dags/example_latest_only_with_trigger.py
[2026-03-23T03:55:54.797+0000] {logging_mixin.py:188} INFO - [2026-03-23T03:55:54.797+0000] {dag.py:3047} INFO - Sync 1 DAGs
[2026-03-23T03:55:54.819+0000] {logging_mixin.py:188} INFO - [2026-03-23T03:55:54.819+0000] {dag.py:3834} INFO - Setting next_dagrun for latest_only_with_trigger to 2026-03-22 20:00:00+00:00, run_after=2026-03-23 00:00:00+00:00
[2026-03-23T03:55:54.843+0000] {processor.py:183} INFO - Processing /home/airflow/.local/lib/python3.8/site-packages/airflow/example_dags/example_latest_only_with_trigger.py took 0.080 seconds
[2026-03-23T03:56:25.069+0000] {processor.py:161} INFO - Started process (PID=699) to work on /home/airflow/.local/lib/python3.8/site-packages/airflow/example_dags/example_latest_only_with_trigger.py
[2026-03-23T03:56:25.070+0000] {processor.py:830} INFO - Processing file /home/airflow/.local/lib/python3.8/site-packages/airflow/example_dags/example_latest_only_with_trigger.py for tasks to queue
[2026-03-23T03:56:25.072+0000] {logging_mixin.py:188} INFO - [2026-03-23T03:56:25.072+0000] {dagbag.py:540} INFO - Filling up the DagBag from /home/airflow/.local/lib/python3.8/site-packages/airflow/example_dags/example_latest_only_with_trigger.py
[2026-03-23T03:56:25.079+0000] {processor.py:840} INFO - DAG(s) 'latest_only_with_trigger' retrieved from /home/airflow/.local/lib/python3.8/site-packages/airflow/example_dags/example_latest_only_with_trigger.py
[2026-03-23T03:56:25.101+0000] {logging_mixin.py:188} INFO - [2026-03-23T03:56:25.100+0000] {dag.py:3047} INFO - Sync 1 DAGs
[2026-03-23T03:56:25.123+0000] {logging_mixin.py:188} INFO - [2026-03-23T03:56:25.123+0000] {dag.py:3834} INFO - Setting next_dagrun for latest_only_with_trigger to 2026-03-22 20:00:00+00:00, run_after=2026-03-23 00:00:00+00:00
[2026-03-23T03:56:25.144+0000] {processor.py:183} INFO - Processing /home/airflow/.local/lib/python3.8/site-packages/airflow/example_dags/example_latest_only_with_trigger.py took 0.078 seconds
