[2026-03-23T03:21:16.103+0000] {processor.py:161} INFO - Started process (PID=94) to work on /home/airflow/.local/lib/python3.8/site-packages/airflow/example_dags/example_complex.py
[2026-03-23T03:21:16.105+0000] {processor.py:830} INFO - Processing file /home/airflow/.local/lib/python3.8/site-packages/airflow/example_dags/example_complex.py for tasks to queue
[2026-03-23T03:21:16.107+0000] {logging_mixin.py:188} INFO - [2026-03-23T03:21:16.107+0000] {dagbag.py:540} INFO - Filling up the DagBag from /home/airflow/.local/lib/python3.8/site-packages/airflow/example_dags/example_complex.py
[2026-03-23T03:21:16.125+0000] {processor.py:840} INFO - DAG(s) 'example_complex' retrieved from /home/airflow/.local/lib/python3.8/site-packages/airflow/example_dags/example_complex.py
[2026-03-23T03:21:16.140+0000] {logging_mixin.py:188} INFO - [2026-03-23T03:21:16.140+0000] {dag.py:3047} INFO - Sync 1 DAGs
[2026-03-23T03:21:16.161+0000] {logging_mixin.py:188} INFO - [2026-03-23T03:21:16.161+0000] {dag.py:3834} INFO - Setting next_dagrun for example_complex to None, run_after=None
[2026-03-23T03:21:16.192+0000] {processor.py:183} INFO - Processing /home/airflow/.local/lib/python3.8/site-packages/airflow/example_dags/example_complex.py took 0.093 seconds
[2026-03-23T03:21:46.959+0000] {processor.py:161} INFO - Started process (PID=149) to work on /home/airflow/.local/lib/python3.8/site-packages/airflow/example_dags/example_complex.py
[2026-03-23T03:21:46.960+0000] {processor.py:830} INFO - Processing file /home/airflow/.local/lib/python3.8/site-packages/airflow/example_dags/example_complex.py for tasks to queue
[2026-03-23T03:21:46.962+0000] {logging_mixin.py:188} INFO - [2026-03-23T03:21:46.962+0000] {dagbag.py:540} INFO - Filling up the DagBag from /home/airflow/.local/lib/python3.8/site-packages/airflow/example_dags/example_complex.py
[2026-03-23T03:21:46.971+0000] {processor.py:840} INFO - DAG(s) 'example_complex' retrieved from /home/airflow/.local/lib/python3.8/site-packages/airflow/example_dags/example_complex.py
[2026-03-23T03:21:46.981+0000] {logging_mixin.py:188} INFO - [2026-03-23T03:21:46.981+0000] {dag.py:3047} INFO - Sync 1 DAGs
[2026-03-23T03:21:46.993+0000] {logging_mixin.py:188} INFO - [2026-03-23T03:21:46.993+0000] {dag.py:3834} INFO - Setting next_dagrun for example_complex to None, run_after=None
[2026-03-23T03:21:47.013+0000] {processor.py:183} INFO - Processing /home/airflow/.local/lib/python3.8/site-packages/airflow/example_dags/example_complex.py took 0.056 seconds
[2026-03-23T03:22:18.274+0000] {processor.py:161} INFO - Started process (PID=210) to work on /home/airflow/.local/lib/python3.8/site-packages/airflow/example_dags/example_complex.py
[2026-03-23T03:22:18.275+0000] {processor.py:830} INFO - Processing file /home/airflow/.local/lib/python3.8/site-packages/airflow/example_dags/example_complex.py for tasks to queue
[2026-03-23T03:22:18.277+0000] {logging_mixin.py:188} INFO - [2026-03-23T03:22:18.277+0000] {dagbag.py:540} INFO - Filling up the DagBag from /home/airflow/.local/lib/python3.8/site-packages/airflow/example_dags/example_complex.py
[2026-03-23T03:22:18.290+0000] {processor.py:840} INFO - DAG(s) 'example_complex' retrieved from /home/airflow/.local/lib/python3.8/site-packages/airflow/example_dags/example_complex.py
[2026-03-23T03:22:18.407+0000] {logging_mixin.py:188} INFO - [2026-03-23T03:22:18.407+0000] {dag.py:3047} INFO - Sync 1 DAGs
[2026-03-23T03:22:18.418+0000] {logging_mixin.py:188} INFO - [2026-03-23T03:22:18.418+0000] {dag.py:3834} INFO - Setting next_dagrun for example_complex to None, run_after=None
[2026-03-23T03:22:18.445+0000] {processor.py:183} INFO - Processing /home/airflow/.local/lib/python3.8/site-packages/airflow/example_dags/example_complex.py took 0.175 seconds
[2026-03-23T03:22:48.652+0000] {processor.py:161} INFO - Started process (PID=265) to work on /home/airflow/.local/lib/python3.8/site-packages/airflow/example_dags/example_complex.py
[2026-03-23T03:22:48.653+0000] {processor.py:830} INFO - Processing file /home/airflow/.local/lib/python3.8/site-packages/airflow/example_dags/example_complex.py for tasks to queue
[2026-03-23T03:22:48.655+0000] {logging_mixin.py:188} INFO - [2026-03-23T03:22:48.655+0000] {dagbag.py:540} INFO - Filling up the DagBag from /home/airflow/.local/lib/python3.8/site-packages/airflow/example_dags/example_complex.py
[2026-03-23T03:22:48.665+0000] {processor.py:840} INFO - DAG(s) 'example_complex' retrieved from /home/airflow/.local/lib/python3.8/site-packages/airflow/example_dags/example_complex.py
[2026-03-23T03:22:48.693+0000] {logging_mixin.py:188} INFO - [2026-03-23T03:22:48.693+0000] {dag.py:3047} INFO - Sync 1 DAGs
[2026-03-23T03:22:48.706+0000] {logging_mixin.py:188} INFO - [2026-03-23T03:22:48.705+0000] {dag.py:3834} INFO - Setting next_dagrun for example_complex to None, run_after=None
[2026-03-23T03:22:48.729+0000] {processor.py:183} INFO - Processing /home/airflow/.local/lib/python3.8/site-packages/airflow/example_dags/example_complex.py took 0.081 seconds
[2026-03-23T03:23:19.683+0000] {processor.py:161} INFO - Started process (PID=320) to work on /home/airflow/.local/lib/python3.8/site-packages/airflow/example_dags/example_complex.py
[2026-03-23T03:23:19.684+0000] {processor.py:830} INFO - Processing file /home/airflow/.local/lib/python3.8/site-packages/airflow/example_dags/example_complex.py for tasks to queue
[2026-03-23T03:23:19.686+0000] {logging_mixin.py:188} INFO - [2026-03-23T03:23:19.685+0000] {dagbag.py:540} INFO - Filling up the DagBag from /home/airflow/.local/lib/python3.8/site-packages/airflow/example_dags/example_complex.py
[2026-03-23T03:23:19.696+0000] {processor.py:840} INFO - DAG(s) 'example_complex' retrieved from /home/airflow/.local/lib/python3.8/site-packages/airflow/example_dags/example_complex.py
[2026-03-23T03:23:19.726+0000] {logging_mixin.py:188} INFO - [2026-03-23T03:23:19.725+0000] {dag.py:3047} INFO - Sync 1 DAGs
[2026-03-23T03:23:19.737+0000] {logging_mixin.py:188} INFO - [2026-03-23T03:23:19.737+0000] {dag.py:3834} INFO - Setting next_dagrun for example_complex to None, run_after=None
[2026-03-23T03:23:19.756+0000] {processor.py:183} INFO - Processing /home/airflow/.local/lib/python3.8/site-packages/airflow/example_dags/example_complex.py took 0.076 seconds
[2026-03-23T03:25:10.406+0000] {processor.py:161} INFO - Started process (PID=94) to work on /home/airflow/.local/lib/python3.8/site-packages/airflow/example_dags/example_complex.py
[2026-03-23T03:25:10.407+0000] {processor.py:830} INFO - Processing file /home/airflow/.local/lib/python3.8/site-packages/airflow/example_dags/example_complex.py for tasks to queue
[2026-03-23T03:25:10.410+0000] {logging_mixin.py:188} INFO - [2026-03-23T03:25:10.410+0000] {dagbag.py:540} INFO - Filling up the DagBag from /home/airflow/.local/lib/python3.8/site-packages/airflow/example_dags/example_complex.py
[2026-03-23T03:25:10.428+0000] {processor.py:840} INFO - DAG(s) 'example_complex' retrieved from /home/airflow/.local/lib/python3.8/site-packages/airflow/example_dags/example_complex.py
[2026-03-23T03:25:10.446+0000] {logging_mixin.py:188} INFO - [2026-03-23T03:25:10.445+0000] {dag.py:3047} INFO - Sync 1 DAGs
[2026-03-23T03:25:10.465+0000] {logging_mixin.py:188} INFO - [2026-03-23T03:25:10.464+0000] {dag.py:3834} INFO - Setting next_dagrun for example_complex to None, run_after=None
[2026-03-23T03:25:10.497+0000] {processor.py:183} INFO - Processing /home/airflow/.local/lib/python3.8/site-packages/airflow/example_dags/example_complex.py took 0.097 seconds
[2026-03-23T03:25:42.503+0000] {processor.py:161} INFO - Started process (PID=155) to work on /home/airflow/.local/lib/python3.8/site-packages/airflow/example_dags/example_complex.py
[2026-03-23T03:25:42.504+0000] {processor.py:830} INFO - Processing file /home/airflow/.local/lib/python3.8/site-packages/airflow/example_dags/example_complex.py for tasks to queue
[2026-03-23T03:25:42.506+0000] {logging_mixin.py:188} INFO - [2026-03-23T03:25:42.506+0000] {dagbag.py:540} INFO - Filling up the DagBag from /home/airflow/.local/lib/python3.8/site-packages/airflow/example_dags/example_complex.py
[2026-03-23T03:25:42.518+0000] {processor.py:840} INFO - DAG(s) 'example_complex' retrieved from /home/airflow/.local/lib/python3.8/site-packages/airflow/example_dags/example_complex.py
[2026-03-23T03:25:42.645+0000] {logging_mixin.py:188} INFO - [2026-03-23T03:25:42.645+0000] {dag.py:3047} INFO - Sync 1 DAGs
[2026-03-23T03:25:42.657+0000] {logging_mixin.py:188} INFO - [2026-03-23T03:25:42.657+0000] {dag.py:3834} INFO - Setting next_dagrun for example_complex to None, run_after=None
[2026-03-23T03:25:42.685+0000] {processor.py:183} INFO - Processing /home/airflow/.local/lib/python3.8/site-packages/airflow/example_dags/example_complex.py took 0.185 seconds
[2026-03-23T03:26:13.168+0000] {processor.py:161} INFO - Started process (PID=210) to work on /home/airflow/.local/lib/python3.8/site-packages/airflow/example_dags/example_complex.py
[2026-03-23T03:26:13.169+0000] {processor.py:830} INFO - Processing file /home/airflow/.local/lib/python3.8/site-packages/airflow/example_dags/example_complex.py for tasks to queue
[2026-03-23T03:26:13.171+0000] {logging_mixin.py:188} INFO - [2026-03-23T03:26:13.170+0000] {dagbag.py:540} INFO - Filling up the DagBag from /home/airflow/.local/lib/python3.8/site-packages/airflow/example_dags/example_complex.py
[2026-03-23T03:26:13.180+0000] {processor.py:840} INFO - DAG(s) 'example_complex' retrieved from /home/airflow/.local/lib/python3.8/site-packages/airflow/example_dags/example_complex.py
[2026-03-23T03:26:13.209+0000] {logging_mixin.py:188} INFO - [2026-03-23T03:26:13.209+0000] {dag.py:3047} INFO - Sync 1 DAGs
[2026-03-23T03:26:13.221+0000] {logging_mixin.py:188} INFO - [2026-03-23T03:26:13.221+0000] {dag.py:3834} INFO - Setting next_dagrun for example_complex to None, run_after=None
[2026-03-23T03:26:13.241+0000] {processor.py:183} INFO - Processing /home/airflow/.local/lib/python3.8/site-packages/airflow/example_dags/example_complex.py took 0.076 seconds
[2026-03-23T03:26:44.149+0000] {processor.py:161} INFO - Started process (PID=265) to work on /home/airflow/.local/lib/python3.8/site-packages/airflow/example_dags/example_complex.py
[2026-03-23T03:26:44.150+0000] {processor.py:830} INFO - Processing file /home/airflow/.local/lib/python3.8/site-packages/airflow/example_dags/example_complex.py for tasks to queue
[2026-03-23T03:26:44.152+0000] {logging_mixin.py:188} INFO - [2026-03-23T03:26:44.152+0000] {dagbag.py:540} INFO - Filling up the DagBag from /home/airflow/.local/lib/python3.8/site-packages/airflow/example_dags/example_complex.py
[2026-03-23T03:26:44.163+0000] {processor.py:840} INFO - DAG(s) 'example_complex' retrieved from /home/airflow/.local/lib/python3.8/site-packages/airflow/example_dags/example_complex.py
[2026-03-23T03:26:44.197+0000] {logging_mixin.py:188} INFO - [2026-03-23T03:26:44.196+0000] {dag.py:3047} INFO - Sync 1 DAGs
[2026-03-23T03:26:44.211+0000] {logging_mixin.py:188} INFO - [2026-03-23T03:26:44.210+0000] {dag.py:3834} INFO - Setting next_dagrun for example_complex to None, run_after=None
[2026-03-23T03:26:44.236+0000] {processor.py:183} INFO - Processing /home/airflow/.local/lib/python3.8/site-packages/airflow/example_dags/example_complex.py took 0.090 seconds
[2026-03-23T03:27:14.458+0000] {processor.py:161} INFO - Started process (PID=320) to work on /home/airflow/.local/lib/python3.8/site-packages/airflow/example_dags/example_complex.py
[2026-03-23T03:27:14.459+0000] {processor.py:830} INFO - Processing file /home/airflow/.local/lib/python3.8/site-packages/airflow/example_dags/example_complex.py for tasks to queue
[2026-03-23T03:27:14.461+0000] {logging_mixin.py:188} INFO - [2026-03-23T03:27:14.461+0000] {dagbag.py:540} INFO - Filling up the DagBag from /home/airflow/.local/lib/python3.8/site-packages/airflow/example_dags/example_complex.py
[2026-03-23T03:27:14.470+0000] {processor.py:840} INFO - DAG(s) 'example_complex' retrieved from /home/airflow/.local/lib/python3.8/site-packages/airflow/example_dags/example_complex.py
[2026-03-23T03:27:14.500+0000] {logging_mixin.py:188} INFO - [2026-03-23T03:27:14.499+0000] {dag.py:3047} INFO - Sync 1 DAGs
[2026-03-23T03:27:14.511+0000] {logging_mixin.py:188} INFO - [2026-03-23T03:27:14.511+0000] {dag.py:3834} INFO - Setting next_dagrun for example_complex to None, run_after=None
[2026-03-23T03:27:14.533+0000] {processor.py:183} INFO - Processing /home/airflow/.local/lib/python3.8/site-packages/airflow/example_dags/example_complex.py took 0.077 seconds
[2026-03-23T03:27:44.820+0000] {processor.py:161} INFO - Started process (PID=375) to work on /home/airflow/.local/lib/python3.8/site-packages/airflow/example_dags/example_complex.py
[2026-03-23T03:27:44.821+0000] {processor.py:830} INFO - Processing file /home/airflow/.local/lib/python3.8/site-packages/airflow/example_dags/example_complex.py for tasks to queue
[2026-03-23T03:27:44.823+0000] {logging_mixin.py:188} INFO - [2026-03-23T03:27:44.823+0000] {dagbag.py:540} INFO - Filling up the DagBag from /home/airflow/.local/lib/python3.8/site-packages/airflow/example_dags/example_complex.py
[2026-03-23T03:27:44.833+0000] {processor.py:840} INFO - DAG(s) 'example_complex' retrieved from /home/airflow/.local/lib/python3.8/site-packages/airflow/example_dags/example_complex.py
[2026-03-23T03:27:44.862+0000] {logging_mixin.py:188} INFO - [2026-03-23T03:27:44.861+0000] {dag.py:3047} INFO - Sync 1 DAGs
[2026-03-23T03:27:44.872+0000] {logging_mixin.py:188} INFO - [2026-03-23T03:27:44.872+0000] {dag.py:3834} INFO - Setting next_dagrun for example_complex to None, run_after=None
[2026-03-23T03:27:44.891+0000] {processor.py:183} INFO - Processing /home/airflow/.local/lib/python3.8/site-packages/airflow/example_dags/example_complex.py took 0.073 seconds
[2026-03-23T03:28:15.110+0000] {processor.py:161} INFO - Started process (PID=430) to work on /home/airflow/.local/lib/python3.8/site-packages/airflow/example_dags/example_complex.py
[2026-03-23T03:28:15.111+0000] {processor.py:830} INFO - Processing file /home/airflow/.local/lib/python3.8/site-packages/airflow/example_dags/example_complex.py for tasks to queue
[2026-03-23T03:28:15.113+0000] {logging_mixin.py:188} INFO - [2026-03-23T03:28:15.113+0000] {dagbag.py:540} INFO - Filling up the DagBag from /home/airflow/.local/lib/python3.8/site-packages/airflow/example_dags/example_complex.py
[2026-03-23T03:28:15.124+0000] {processor.py:840} INFO - DAG(s) 'example_complex' retrieved from /home/airflow/.local/lib/python3.8/site-packages/airflow/example_dags/example_complex.py
[2026-03-23T03:28:15.153+0000] {logging_mixin.py:188} INFO - [2026-03-23T03:28:15.152+0000] {dag.py:3047} INFO - Sync 1 DAGs
[2026-03-23T03:28:15.165+0000] {logging_mixin.py:188} INFO - [2026-03-23T03:28:15.165+0000] {dag.py:3834} INFO - Setting next_dagrun for example_complex to None, run_after=None
[2026-03-23T03:28:15.186+0000] {processor.py:183} INFO - Processing /home/airflow/.local/lib/python3.8/site-packages/airflow/example_dags/example_complex.py took 0.079 seconds
[2026-03-23T03:28:45.485+0000] {processor.py:161} INFO - Started process (PID=485) to work on /home/airflow/.local/lib/python3.8/site-packages/airflow/example_dags/example_complex.py
[2026-03-23T03:28:45.486+0000] {processor.py:830} INFO - Processing file /home/airflow/.local/lib/python3.8/site-packages/airflow/example_dags/example_complex.py for tasks to queue
[2026-03-23T03:28:45.487+0000] {logging_mixin.py:188} INFO - [2026-03-23T03:28:45.487+0000] {dagbag.py:540} INFO - Filling up the DagBag from /home/airflow/.local/lib/python3.8/site-packages/airflow/example_dags/example_complex.py
[2026-03-23T03:28:45.498+0000] {processor.py:840} INFO - DAG(s) 'example_complex' retrieved from /home/airflow/.local/lib/python3.8/site-packages/airflow/example_dags/example_complex.py
[2026-03-23T03:28:45.528+0000] {logging_mixin.py:188} INFO - [2026-03-23T03:28:45.528+0000] {dag.py:3047} INFO - Sync 1 DAGs
[2026-03-23T03:28:45.539+0000] {logging_mixin.py:188} INFO - [2026-03-23T03:28:45.539+0000] {dag.py:3834} INFO - Setting next_dagrun for example_complex to None, run_after=None
[2026-03-23T03:28:45.559+0000] {processor.py:183} INFO - Processing /home/airflow/.local/lib/python3.8/site-packages/airflow/example_dags/example_complex.py took 0.077 seconds
[2026-03-23T03:29:16.029+0000] {processor.py:161} INFO - Started process (PID=540) to work on /home/airflow/.local/lib/python3.8/site-packages/airflow/example_dags/example_complex.py
[2026-03-23T03:29:16.030+0000] {processor.py:830} INFO - Processing file /home/airflow/.local/lib/python3.8/site-packages/airflow/example_dags/example_complex.py for tasks to queue
[2026-03-23T03:29:16.032+0000] {logging_mixin.py:188} INFO - [2026-03-23T03:29:16.032+0000] {dagbag.py:540} INFO - Filling up the DagBag from /home/airflow/.local/lib/python3.8/site-packages/airflow/example_dags/example_complex.py
[2026-03-23T03:29:16.041+0000] {processor.py:840} INFO - DAG(s) 'example_complex' retrieved from /home/airflow/.local/lib/python3.8/site-packages/airflow/example_dags/example_complex.py
[2026-03-23T03:29:16.072+0000] {logging_mixin.py:188} INFO - [2026-03-23T03:29:16.072+0000] {dag.py:3047} INFO - Sync 1 DAGs
[2026-03-23T03:29:16.085+0000] {logging_mixin.py:188} INFO - [2026-03-23T03:29:16.084+0000] {dag.py:3834} INFO - Setting next_dagrun for example_complex to None, run_after=None
[2026-03-23T03:29:16.107+0000] {processor.py:183} INFO - Processing /home/airflow/.local/lib/python3.8/site-packages/airflow/example_dags/example_complex.py took 0.080 seconds
[2026-03-23T03:29:46.277+0000] {processor.py:161} INFO - Started process (PID=595) to work on /home/airflow/.local/lib/python3.8/site-packages/airflow/example_dags/example_complex.py
[2026-03-23T03:29:46.278+0000] {processor.py:830} INFO - Processing file /home/airflow/.local/lib/python3.8/site-packages/airflow/example_dags/example_complex.py for tasks to queue
[2026-03-23T03:29:46.279+0000] {logging_mixin.py:188} INFO - [2026-03-23T03:29:46.279+0000] {dagbag.py:540} INFO - Filling up the DagBag from /home/airflow/.local/lib/python3.8/site-packages/airflow/example_dags/example_complex.py
[2026-03-23T03:29:46.289+0000] {processor.py:840} INFO - DAG(s) 'example_complex' retrieved from /home/airflow/.local/lib/python3.8/site-packages/airflow/example_dags/example_complex.py
[2026-03-23T03:29:46.317+0000] {logging_mixin.py:188} INFO - [2026-03-23T03:29:46.317+0000] {dag.py:3047} INFO - Sync 1 DAGs
[2026-03-23T03:29:46.328+0000] {logging_mixin.py:188} INFO - [2026-03-23T03:29:46.328+0000] {dag.py:3834} INFO - Setting next_dagrun for example_complex to None, run_after=None
[2026-03-23T03:29:46.348+0000] {processor.py:183} INFO - Processing /home/airflow/.local/lib/python3.8/site-packages/airflow/example_dags/example_complex.py took 0.074 seconds
[2026-03-23T03:30:16.772+0000] {processor.py:161} INFO - Started process (PID=650) to work on /home/airflow/.local/lib/python3.8/site-packages/airflow/example_dags/example_complex.py
[2026-03-23T03:30:16.773+0000] {processor.py:830} INFO - Processing file /home/airflow/.local/lib/python3.8/site-packages/airflow/example_dags/example_complex.py for tasks to queue
[2026-03-23T03:30:16.775+0000] {logging_mixin.py:188} INFO - [2026-03-23T03:30:16.775+0000] {dagbag.py:540} INFO - Filling up the DagBag from /home/airflow/.local/lib/python3.8/site-packages/airflow/example_dags/example_complex.py
[2026-03-23T03:30:16.785+0000] {processor.py:840} INFO - DAG(s) 'example_complex' retrieved from /home/airflow/.local/lib/python3.8/site-packages/airflow/example_dags/example_complex.py
[2026-03-23T03:30:16.821+0000] {logging_mixin.py:188} INFO - [2026-03-23T03:30:16.821+0000] {dag.py:3047} INFO - Sync 1 DAGs
[2026-03-23T03:30:16.836+0000] {logging_mixin.py:188} INFO - [2026-03-23T03:30:16.836+0000] {dag.py:3834} INFO - Setting next_dagrun for example_complex to None, run_after=None
[2026-03-23T03:30:16.863+0000] {processor.py:183} INFO - Processing /home/airflow/.local/lib/python3.8/site-packages/airflow/example_dags/example_complex.py took 0.095 seconds
[2026-03-23T03:30:47.772+0000] {processor.py:161} INFO - Started process (PID=705) to work on /home/airflow/.local/lib/python3.8/site-packages/airflow/example_dags/example_complex.py
[2026-03-23T03:30:47.774+0000] {processor.py:830} INFO - Processing file /home/airflow/.local/lib/python3.8/site-packages/airflow/example_dags/example_complex.py for tasks to queue
[2026-03-23T03:30:47.776+0000] {logging_mixin.py:188} INFO - [2026-03-23T03:30:47.775+0000] {dagbag.py:540} INFO - Filling up the DagBag from /home/airflow/.local/lib/python3.8/site-packages/airflow/example_dags/example_complex.py
[2026-03-23T03:30:47.786+0000] {processor.py:840} INFO - DAG(s) 'example_complex' retrieved from /home/airflow/.local/lib/python3.8/site-packages/airflow/example_dags/example_complex.py
[2026-03-23T03:30:47.817+0000] {logging_mixin.py:188} INFO - [2026-03-23T03:30:47.817+0000] {dag.py:3047} INFO - Sync 1 DAGs
[2026-03-23T03:30:47.830+0000] {logging_mixin.py:188} INFO - [2026-03-23T03:30:47.829+0000] {dag.py:3834} INFO - Setting next_dagrun for example_complex to None, run_after=None
[2026-03-23T03:30:47.856+0000] {processor.py:183} INFO - Processing /home/airflow/.local/lib/python3.8/site-packages/airflow/example_dags/example_complex.py took 0.086 seconds
[2026-03-23T03:31:18.039+0000] {processor.py:161} INFO - Started process (PID=760) to work on /home/airflow/.local/lib/python3.8/site-packages/airflow/example_dags/example_complex.py
[2026-03-23T03:31:18.040+0000] {processor.py:830} INFO - Processing file /home/airflow/.local/lib/python3.8/site-packages/airflow/example_dags/example_complex.py for tasks to queue
[2026-03-23T03:31:18.042+0000] {logging_mixin.py:188} INFO - [2026-03-23T03:31:18.041+0000] {dagbag.py:540} INFO - Filling up the DagBag from /home/airflow/.local/lib/python3.8/site-packages/airflow/example_dags/example_complex.py
[2026-03-23T03:31:18.052+0000] {processor.py:840} INFO - DAG(s) 'example_complex' retrieved from /home/airflow/.local/lib/python3.8/site-packages/airflow/example_dags/example_complex.py
[2026-03-23T03:31:18.083+0000] {logging_mixin.py:188} INFO - [2026-03-23T03:31:18.082+0000] {dag.py:3047} INFO - Sync 1 DAGs
[2026-03-23T03:31:18.095+0000] {logging_mixin.py:188} INFO - [2026-03-23T03:31:18.094+0000] {dag.py:3834} INFO - Setting next_dagrun for example_complex to None, run_after=None
[2026-03-23T03:31:18.115+0000] {processor.py:183} INFO - Processing /home/airflow/.local/lib/python3.8/site-packages/airflow/example_dags/example_complex.py took 0.079 seconds
[2026-03-23T03:31:48.576+0000] {processor.py:161} INFO - Started process (PID=815) to work on /home/airflow/.local/lib/python3.8/site-packages/airflow/example_dags/example_complex.py
[2026-03-23T03:31:48.577+0000] {processor.py:830} INFO - Processing file /home/airflow/.local/lib/python3.8/site-packages/airflow/example_dags/example_complex.py for tasks to queue
[2026-03-23T03:31:48.579+0000] {logging_mixin.py:188} INFO - [2026-03-23T03:31:48.579+0000] {dagbag.py:540} INFO - Filling up the DagBag from /home/airflow/.local/lib/python3.8/site-packages/airflow/example_dags/example_complex.py
[2026-03-23T03:31:48.590+0000] {processor.py:840} INFO - DAG(s) 'example_complex' retrieved from /home/airflow/.local/lib/python3.8/site-packages/airflow/example_dags/example_complex.py
[2026-03-23T03:31:48.620+0000] {logging_mixin.py:188} INFO - [2026-03-23T03:31:48.619+0000] {dag.py:3047} INFO - Sync 1 DAGs
[2026-03-23T03:31:48.631+0000] {logging_mixin.py:188} INFO - [2026-03-23T03:31:48.630+0000] {dag.py:3834} INFO - Setting next_dagrun for example_complex to None, run_after=None
[2026-03-23T03:31:48.653+0000] {processor.py:183} INFO - Processing /home/airflow/.local/lib/python3.8/site-packages/airflow/example_dags/example_complex.py took 0.081 seconds
[2026-03-23T03:32:19.322+0000] {processor.py:161} INFO - Started process (PID=870) to work on /home/airflow/.local/lib/python3.8/site-packages/airflow/example_dags/example_complex.py
[2026-03-23T03:32:19.323+0000] {processor.py:830} INFO - Processing file /home/airflow/.local/lib/python3.8/site-packages/airflow/example_dags/example_complex.py for tasks to queue
[2026-03-23T03:32:19.324+0000] {logging_mixin.py:188} INFO - [2026-03-23T03:32:19.324+0000] {dagbag.py:540} INFO - Filling up the DagBag from /home/airflow/.local/lib/python3.8/site-packages/airflow/example_dags/example_complex.py
[2026-03-23T03:32:19.334+0000] {processor.py:840} INFO - DAG(s) 'example_complex' retrieved from /home/airflow/.local/lib/python3.8/site-packages/airflow/example_dags/example_complex.py
[2026-03-23T03:32:19.362+0000] {logging_mixin.py:188} INFO - [2026-03-23T03:32:19.361+0000] {dag.py:3047} INFO - Sync 1 DAGs
[2026-03-23T03:32:19.373+0000] {logging_mixin.py:188} INFO - [2026-03-23T03:32:19.373+0000] {dag.py:3834} INFO - Setting next_dagrun for example_complex to None, run_after=None
[2026-03-23T03:32:19.393+0000] {processor.py:183} INFO - Processing /home/airflow/.local/lib/python3.8/site-packages/airflow/example_dags/example_complex.py took 0.074 seconds
[2026-03-23T03:32:50.388+0000] {processor.py:161} INFO - Started process (PID=925) to work on /home/airflow/.local/lib/python3.8/site-packages/airflow/example_dags/example_complex.py
[2026-03-23T03:32:50.390+0000] {processor.py:830} INFO - Processing file /home/airflow/.local/lib/python3.8/site-packages/airflow/example_dags/example_complex.py for tasks to queue
[2026-03-23T03:32:50.392+0000] {logging_mixin.py:188} INFO - [2026-03-23T03:32:50.391+0000] {dagbag.py:540} INFO - Filling up the DagBag from /home/airflow/.local/lib/python3.8/site-packages/airflow/example_dags/example_complex.py
[2026-03-23T03:32:50.404+0000] {processor.py:840} INFO - DAG(s) 'example_complex' retrieved from /home/airflow/.local/lib/python3.8/site-packages/airflow/example_dags/example_complex.py
[2026-03-23T03:32:50.436+0000] {logging_mixin.py:188} INFO - [2026-03-23T03:32:50.436+0000] {dag.py:3047} INFO - Sync 1 DAGs
[2026-03-23T03:32:50.449+0000] {logging_mixin.py:188} INFO - [2026-03-23T03:32:50.449+0000] {dag.py:3834} INFO - Setting next_dagrun for example_complex to None, run_after=None
[2026-03-23T03:32:50.472+0000] {processor.py:183} INFO - Processing /home/airflow/.local/lib/python3.8/site-packages/airflow/example_dags/example_complex.py took 0.087 seconds
[2026-03-23T03:33:20.631+0000] {processor.py:161} INFO - Started process (PID=980) to work on /home/airflow/.local/lib/python3.8/site-packages/airflow/example_dags/example_complex.py
[2026-03-23T03:33:20.633+0000] {processor.py:830} INFO - Processing file /home/airflow/.local/lib/python3.8/site-packages/airflow/example_dags/example_complex.py for tasks to queue
[2026-03-23T03:33:20.635+0000] {logging_mixin.py:188} INFO - [2026-03-23T03:33:20.634+0000] {dagbag.py:540} INFO - Filling up the DagBag from /home/airflow/.local/lib/python3.8/site-packages/airflow/example_dags/example_complex.py
[2026-03-23T03:33:20.646+0000] {processor.py:840} INFO - DAG(s) 'example_complex' retrieved from /home/airflow/.local/lib/python3.8/site-packages/airflow/example_dags/example_complex.py
[2026-03-23T03:33:20.677+0000] {logging_mixin.py:188} INFO - [2026-03-23T03:33:20.677+0000] {dag.py:3047} INFO - Sync 1 DAGs
[2026-03-23T03:33:20.690+0000] {logging_mixin.py:188} INFO - [2026-03-23T03:33:20.690+0000] {dag.py:3834} INFO - Setting next_dagrun for example_complex to None, run_after=None
[2026-03-23T03:33:20.711+0000] {processor.py:183} INFO - Processing /home/airflow/.local/lib/python3.8/site-packages/airflow/example_dags/example_complex.py took 0.083 seconds
[2026-03-23T03:33:50.863+0000] {processor.py:161} INFO - Started process (PID=1035) to work on /home/airflow/.local/lib/python3.8/site-packages/airflow/example_dags/example_complex.py
[2026-03-23T03:33:50.865+0000] {processor.py:830} INFO - Processing file /home/airflow/.local/lib/python3.8/site-packages/airflow/example_dags/example_complex.py for tasks to queue
[2026-03-23T03:33:50.867+0000] {logging_mixin.py:188} INFO - [2026-03-23T03:33:50.866+0000] {dagbag.py:540} INFO - Filling up the DagBag from /home/airflow/.local/lib/python3.8/site-packages/airflow/example_dags/example_complex.py
[2026-03-23T03:33:50.878+0000] {processor.py:840} INFO - DAG(s) 'example_complex' retrieved from /home/airflow/.local/lib/python3.8/site-packages/airflow/example_dags/example_complex.py
[2026-03-23T03:33:50.909+0000] {logging_mixin.py:188} INFO - [2026-03-23T03:33:50.909+0000] {dag.py:3047} INFO - Sync 1 DAGs
[2026-03-23T03:33:50.921+0000] {logging_mixin.py:188} INFO - [2026-03-23T03:33:50.921+0000] {dag.py:3834} INFO - Setting next_dagrun for example_complex to None, run_after=None
[2026-03-23T03:33:50.945+0000] {processor.py:183} INFO - Processing /home/airflow/.local/lib/python3.8/site-packages/airflow/example_dags/example_complex.py took 0.085 seconds
[2026-03-23T03:34:21.834+0000] {processor.py:161} INFO - Started process (PID=1090) to work on /home/airflow/.local/lib/python3.8/site-packages/airflow/example_dags/example_complex.py
[2026-03-23T03:34:21.835+0000] {processor.py:830} INFO - Processing file /home/airflow/.local/lib/python3.8/site-packages/airflow/example_dags/example_complex.py for tasks to queue
[2026-03-23T03:34:21.837+0000] {logging_mixin.py:188} INFO - [2026-03-23T03:34:21.837+0000] {dagbag.py:540} INFO - Filling up the DagBag from /home/airflow/.local/lib/python3.8/site-packages/airflow/example_dags/example_complex.py
[2026-03-23T03:34:21.846+0000] {processor.py:840} INFO - DAG(s) 'example_complex' retrieved from /home/airflow/.local/lib/python3.8/site-packages/airflow/example_dags/example_complex.py
[2026-03-23T03:34:21.875+0000] {logging_mixin.py:188} INFO - [2026-03-23T03:34:21.875+0000] {dag.py:3047} INFO - Sync 1 DAGs
[2026-03-23T03:34:21.886+0000] {logging_mixin.py:188} INFO - [2026-03-23T03:34:21.886+0000] {dag.py:3834} INFO - Setting next_dagrun for example_complex to None, run_after=None
[2026-03-23T03:34:21.906+0000] {processor.py:183} INFO - Processing /home/airflow/.local/lib/python3.8/site-packages/airflow/example_dags/example_complex.py took 0.074 seconds
[2026-03-23T03:34:52.148+0000] {processor.py:161} INFO - Started process (PID=1145) to work on /home/airflow/.local/lib/python3.8/site-packages/airflow/example_dags/example_complex.py
[2026-03-23T03:34:52.149+0000] {processor.py:830} INFO - Processing file /home/airflow/.local/lib/python3.8/site-packages/airflow/example_dags/example_complex.py for tasks to queue
[2026-03-23T03:34:52.151+0000] {logging_mixin.py:188} INFO - [2026-03-23T03:34:52.151+0000] {dagbag.py:540} INFO - Filling up the DagBag from /home/airflow/.local/lib/python3.8/site-packages/airflow/example_dags/example_complex.py
[2026-03-23T03:34:52.162+0000] {processor.py:840} INFO - DAG(s) 'example_complex' retrieved from /home/airflow/.local/lib/python3.8/site-packages/airflow/example_dags/example_complex.py
[2026-03-23T03:34:52.191+0000] {logging_mixin.py:188} INFO - [2026-03-23T03:34:52.191+0000] {dag.py:3047} INFO - Sync 1 DAGs
[2026-03-23T03:34:52.205+0000] {logging_mixin.py:188} INFO - [2026-03-23T03:34:52.205+0000] {dag.py:3834} INFO - Setting next_dagrun for example_complex to None, run_after=None
[2026-03-23T03:34:52.229+0000] {processor.py:183} INFO - Processing /home/airflow/.local/lib/python3.8/site-packages/airflow/example_dags/example_complex.py took 0.084 seconds
[2026-03-23T03:37:21.062+0000] {processor.py:161} INFO - Started process (PID=94) to work on /home/airflow/.local/lib/python3.8/site-packages/airflow/example_dags/example_complex.py
[2026-03-23T03:37:21.064+0000] {processor.py:830} INFO - Processing file /home/airflow/.local/lib/python3.8/site-packages/airflow/example_dags/example_complex.py for tasks to queue
[2026-03-23T03:37:21.066+0000] {logging_mixin.py:188} INFO - [2026-03-23T03:37:21.065+0000] {dagbag.py:540} INFO - Filling up the DagBag from /home/airflow/.local/lib/python3.8/site-packages/airflow/example_dags/example_complex.py
[2026-03-23T03:37:21.078+0000] {processor.py:840} INFO - DAG(s) 'example_complex' retrieved from /home/airflow/.local/lib/python3.8/site-packages/airflow/example_dags/example_complex.py
[2026-03-23T03:37:21.095+0000] {logging_mixin.py:188} INFO - [2026-03-23T03:37:21.094+0000] {dag.py:3047} INFO - Sync 1 DAGs
[2026-03-23T03:37:21.117+0000] {logging_mixin.py:188} INFO - [2026-03-23T03:37:21.117+0000] {dag.py:3834} INFO - Setting next_dagrun for example_complex to None, run_after=None
[2026-03-23T03:37:21.149+0000] {processor.py:183} INFO - Processing /home/airflow/.local/lib/python3.8/site-packages/airflow/example_dags/example_complex.py took 0.089 seconds
[2026-03-23T03:37:52.995+0000] {processor.py:161} INFO - Started process (PID=155) to work on /home/airflow/.local/lib/python3.8/site-packages/airflow/example_dags/example_complex.py
[2026-03-23T03:37:52.997+0000] {processor.py:830} INFO - Processing file /home/airflow/.local/lib/python3.8/site-packages/airflow/example_dags/example_complex.py for tasks to queue
[2026-03-23T03:37:52.999+0000] {logging_mixin.py:188} INFO - [2026-03-23T03:37:52.998+0000] {dagbag.py:540} INFO - Filling up the DagBag from /home/airflow/.local/lib/python3.8/site-packages/airflow/example_dags/example_complex.py
[2026-03-23T03:37:53.009+0000] {processor.py:840} INFO - DAG(s) 'example_complex' retrieved from /home/airflow/.local/lib/python3.8/site-packages/airflow/example_dags/example_complex.py
[2026-03-23T03:37:53.133+0000] {logging_mixin.py:188} INFO - [2026-03-23T03:37:53.133+0000] {dag.py:3047} INFO - Sync 1 DAGs
[2026-03-23T03:37:53.148+0000] {logging_mixin.py:188} INFO - [2026-03-23T03:37:53.148+0000] {dag.py:3834} INFO - Setting next_dagrun for example_complex to None, run_after=None
[2026-03-23T03:37:53.179+0000] {processor.py:183} INFO - Processing /home/airflow/.local/lib/python3.8/site-packages/airflow/example_dags/example_complex.py took 0.186 seconds
[2026-03-23T03:38:23.272+0000] {processor.py:161} INFO - Started process (PID=210) to work on /home/airflow/.local/lib/python3.8/site-packages/airflow/example_dags/example_complex.py
[2026-03-23T03:38:23.273+0000] {processor.py:830} INFO - Processing file /home/airflow/.local/lib/python3.8/site-packages/airflow/example_dags/example_complex.py for tasks to queue
[2026-03-23T03:38:23.275+0000] {logging_mixin.py:188} INFO - [2026-03-23T03:38:23.274+0000] {dagbag.py:540} INFO - Filling up the DagBag from /home/airflow/.local/lib/python3.8/site-packages/airflow/example_dags/example_complex.py
[2026-03-23T03:38:23.285+0000] {processor.py:840} INFO - DAG(s) 'example_complex' retrieved from /home/airflow/.local/lib/python3.8/site-packages/airflow/example_dags/example_complex.py
[2026-03-23T03:38:23.317+0000] {logging_mixin.py:188} INFO - [2026-03-23T03:38:23.316+0000] {dag.py:3047} INFO - Sync 1 DAGs
[2026-03-23T03:38:23.329+0000] {logging_mixin.py:188} INFO - [2026-03-23T03:38:23.329+0000] {dag.py:3834} INFO - Setting next_dagrun for example_complex to None, run_after=None
[2026-03-23T03:38:23.350+0000] {processor.py:183} INFO - Processing /home/airflow/.local/lib/python3.8/site-packages/airflow/example_dags/example_complex.py took 0.081 seconds
[2026-03-23T03:38:53.519+0000] {processor.py:161} INFO - Started process (PID=265) to work on /home/airflow/.local/lib/python3.8/site-packages/airflow/example_dags/example_complex.py
[2026-03-23T03:38:53.520+0000] {processor.py:830} INFO - Processing file /home/airflow/.local/lib/python3.8/site-packages/airflow/example_dags/example_complex.py for tasks to queue
[2026-03-23T03:38:53.522+0000] {logging_mixin.py:188} INFO - [2026-03-23T03:38:53.522+0000] {dagbag.py:540} INFO - Filling up the DagBag from /home/airflow/.local/lib/python3.8/site-packages/airflow/example_dags/example_complex.py
[2026-03-23T03:38:53.532+0000] {processor.py:840} INFO - DAG(s) 'example_complex' retrieved from /home/airflow/.local/lib/python3.8/site-packages/airflow/example_dags/example_complex.py
[2026-03-23T03:38:53.563+0000] {logging_mixin.py:188} INFO - [2026-03-23T03:38:53.563+0000] {dag.py:3047} INFO - Sync 1 DAGs
[2026-03-23T03:38:53.575+0000] {logging_mixin.py:188} INFO - [2026-03-23T03:38:53.575+0000] {dag.py:3834} INFO - Setting next_dagrun for example_complex to None, run_after=None
[2026-03-23T03:38:53.603+0000] {processor.py:183} INFO - Processing /home/airflow/.local/lib/python3.8/site-packages/airflow/example_dags/example_complex.py took 0.087 seconds
[2026-03-23T03:39:23.931+0000] {processor.py:161} INFO - Started process (PID=320) to work on /home/airflow/.local/lib/python3.8/site-packages/airflow/example_dags/example_complex.py
[2026-03-23T03:39:23.932+0000] {processor.py:830} INFO - Processing file /home/airflow/.local/lib/python3.8/site-packages/airflow/example_dags/example_complex.py for tasks to queue
[2026-03-23T03:39:23.934+0000] {logging_mixin.py:188} INFO - [2026-03-23T03:39:23.933+0000] {dagbag.py:540} INFO - Filling up the DagBag from /home/airflow/.local/lib/python3.8/site-packages/airflow/example_dags/example_complex.py
[2026-03-23T03:39:23.946+0000] {processor.py:840} INFO - DAG(s) 'example_complex' retrieved from /home/airflow/.local/lib/python3.8/site-packages/airflow/example_dags/example_complex.py
[2026-03-23T03:39:23.981+0000] {logging_mixin.py:188} INFO - [2026-03-23T03:39:23.981+0000] {dag.py:3047} INFO - Sync 1 DAGs
[2026-03-23T03:39:23.997+0000] {logging_mixin.py:188} INFO - [2026-03-23T03:39:23.997+0000] {dag.py:3834} INFO - Setting next_dagrun for example_complex to None, run_after=None
[2026-03-23T03:39:24.024+0000] {processor.py:183} INFO - Processing /home/airflow/.local/lib/python3.8/site-packages/airflow/example_dags/example_complex.py took 0.097 seconds
[2026-03-23T03:39:54.323+0000] {processor.py:161} INFO - Started process (PID=375) to work on /home/airflow/.local/lib/python3.8/site-packages/airflow/example_dags/example_complex.py
[2026-03-23T03:39:54.324+0000] {processor.py:830} INFO - Processing file /home/airflow/.local/lib/python3.8/site-packages/airflow/example_dags/example_complex.py for tasks to queue
[2026-03-23T03:39:54.326+0000] {logging_mixin.py:188} INFO - [2026-03-23T03:39:54.326+0000] {dagbag.py:540} INFO - Filling up the DagBag from /home/airflow/.local/lib/python3.8/site-packages/airflow/example_dags/example_complex.py
[2026-03-23T03:39:54.337+0000] {processor.py:840} INFO - DAG(s) 'example_complex' retrieved from /home/airflow/.local/lib/python3.8/site-packages/airflow/example_dags/example_complex.py
[2026-03-23T03:39:54.369+0000] {logging_mixin.py:188} INFO - [2026-03-23T03:39:54.369+0000] {dag.py:3047} INFO - Sync 1 DAGs
[2026-03-23T03:39:54.385+0000] {logging_mixin.py:188} INFO - [2026-03-23T03:39:54.384+0000] {dag.py:3834} INFO - Setting next_dagrun for example_complex to None, run_after=None
[2026-03-23T03:39:54.406+0000] {processor.py:183} INFO - Processing /home/airflow/.local/lib/python3.8/site-packages/airflow/example_dags/example_complex.py took 0.086 seconds
[2026-03-23T03:40:24.755+0000] {processor.py:161} INFO - Started process (PID=430) to work on /home/airflow/.local/lib/python3.8/site-packages/airflow/example_dags/example_complex.py
[2026-03-23T03:40:24.757+0000] {processor.py:830} INFO - Processing file /home/airflow/.local/lib/python3.8/site-packages/airflow/example_dags/example_complex.py for tasks to queue
[2026-03-23T03:40:24.758+0000] {logging_mixin.py:188} INFO - [2026-03-23T03:40:24.758+0000] {dagbag.py:540} INFO - Filling up the DagBag from /home/airflow/.local/lib/python3.8/site-packages/airflow/example_dags/example_complex.py
[2026-03-23T03:40:24.769+0000] {processor.py:840} INFO - DAG(s) 'example_complex' retrieved from /home/airflow/.local/lib/python3.8/site-packages/airflow/example_dags/example_complex.py
[2026-03-23T03:40:24.799+0000] {logging_mixin.py:188} INFO - [2026-03-23T03:40:24.799+0000] {dag.py:3047} INFO - Sync 1 DAGs
[2026-03-23T03:40:24.811+0000] {logging_mixin.py:188} INFO - [2026-03-23T03:40:24.811+0000] {dag.py:3834} INFO - Setting next_dagrun for example_complex to None, run_after=None
[2026-03-23T03:40:24.834+0000] {processor.py:183} INFO - Processing /home/airflow/.local/lib/python3.8/site-packages/airflow/example_dags/example_complex.py took 0.081 seconds
[2026-03-23T03:40:55.909+0000] {processor.py:161} INFO - Started process (PID=485) to work on /home/airflow/.local/lib/python3.8/site-packages/airflow/example_dags/example_complex.py
[2026-03-23T03:40:55.910+0000] {processor.py:830} INFO - Processing file /home/airflow/.local/lib/python3.8/site-packages/airflow/example_dags/example_complex.py for tasks to queue
[2026-03-23T03:40:55.912+0000] {logging_mixin.py:188} INFO - [2026-03-23T03:40:55.912+0000] {dagbag.py:540} INFO - Filling up the DagBag from /home/airflow/.local/lib/python3.8/site-packages/airflow/example_dags/example_complex.py
[2026-03-23T03:40:55.925+0000] {processor.py:840} INFO - DAG(s) 'example_complex' retrieved from /home/airflow/.local/lib/python3.8/site-packages/airflow/example_dags/example_complex.py
[2026-03-23T03:40:55.966+0000] {logging_mixin.py:188} INFO - [2026-03-23T03:40:55.966+0000] {dag.py:3047} INFO - Sync 1 DAGs
[2026-03-23T03:40:55.984+0000] {logging_mixin.py:188} INFO - [2026-03-23T03:40:55.984+0000] {dag.py:3834} INFO - Setting next_dagrun for example_complex to None, run_after=None
[2026-03-23T03:40:56.014+0000] {processor.py:183} INFO - Processing /home/airflow/.local/lib/python3.8/site-packages/airflow/example_dags/example_complex.py took 0.109 seconds
[2026-03-23T03:41:26.091+0000] {processor.py:161} INFO - Started process (PID=540) to work on /home/airflow/.local/lib/python3.8/site-packages/airflow/example_dags/example_complex.py
[2026-03-23T03:41:26.093+0000] {processor.py:830} INFO - Processing file /home/airflow/.local/lib/python3.8/site-packages/airflow/example_dags/example_complex.py for tasks to queue
[2026-03-23T03:41:26.094+0000] {logging_mixin.py:188} INFO - [2026-03-23T03:41:26.094+0000] {dagbag.py:540} INFO - Filling up the DagBag from /home/airflow/.local/lib/python3.8/site-packages/airflow/example_dags/example_complex.py
[2026-03-23T03:41:26.104+0000] {processor.py:840} INFO - DAG(s) 'example_complex' retrieved from /home/airflow/.local/lib/python3.8/site-packages/airflow/example_dags/example_complex.py
[2026-03-23T03:41:26.135+0000] {logging_mixin.py:188} INFO - [2026-03-23T03:41:26.135+0000] {dag.py:3047} INFO - Sync 1 DAGs
[2026-03-23T03:41:26.148+0000] {logging_mixin.py:188} INFO - [2026-03-23T03:41:26.148+0000] {dag.py:3834} INFO - Setting next_dagrun for example_complex to None, run_after=None
[2026-03-23T03:41:26.171+0000] {processor.py:183} INFO - Processing /home/airflow/.local/lib/python3.8/site-packages/airflow/example_dags/example_complex.py took 0.082 seconds
[2026-03-23T03:41:56.417+0000] {processor.py:161} INFO - Started process (PID=595) to work on /home/airflow/.local/lib/python3.8/site-packages/airflow/example_dags/example_complex.py
[2026-03-23T03:41:56.418+0000] {processor.py:830} INFO - Processing file /home/airflow/.local/lib/python3.8/site-packages/airflow/example_dags/example_complex.py for tasks to queue
[2026-03-23T03:41:56.420+0000] {logging_mixin.py:188} INFO - [2026-03-23T03:41:56.420+0000] {dagbag.py:540} INFO - Filling up the DagBag from /home/airflow/.local/lib/python3.8/site-packages/airflow/example_dags/example_complex.py
[2026-03-23T03:41:56.430+0000] {processor.py:840} INFO - DAG(s) 'example_complex' retrieved from /home/airflow/.local/lib/python3.8/site-packages/airflow/example_dags/example_complex.py
[2026-03-23T03:41:56.463+0000] {logging_mixin.py:188} INFO - [2026-03-23T03:41:56.463+0000] {dag.py:3047} INFO - Sync 1 DAGs
[2026-03-23T03:41:56.475+0000] {logging_mixin.py:188} INFO - [2026-03-23T03:41:56.475+0000] {dag.py:3834} INFO - Setting next_dagrun for example_complex to None, run_after=None
[2026-03-23T03:41:56.497+0000] {processor.py:183} INFO - Processing /home/airflow/.local/lib/python3.8/site-packages/airflow/example_dags/example_complex.py took 0.084 seconds
[2026-03-23T03:42:26.596+0000] {processor.py:161} INFO - Started process (PID=650) to work on /home/airflow/.local/lib/python3.8/site-packages/airflow/example_dags/example_complex.py
[2026-03-23T03:42:26.597+0000] {processor.py:830} INFO - Processing file /home/airflow/.local/lib/python3.8/site-packages/airflow/example_dags/example_complex.py for tasks to queue
[2026-03-23T03:42:26.599+0000] {logging_mixin.py:188} INFO - [2026-03-23T03:42:26.598+0000] {dagbag.py:540} INFO - Filling up the DagBag from /home/airflow/.local/lib/python3.8/site-packages/airflow/example_dags/example_complex.py
[2026-03-23T03:42:26.609+0000] {processor.py:840} INFO - DAG(s) 'example_complex' retrieved from /home/airflow/.local/lib/python3.8/site-packages/airflow/example_dags/example_complex.py
[2026-03-23T03:42:26.639+0000] {logging_mixin.py:188} INFO - [2026-03-23T03:42:26.638+0000] {dag.py:3047} INFO - Sync 1 DAGs
[2026-03-23T03:42:26.651+0000] {logging_mixin.py:188} INFO - [2026-03-23T03:42:26.651+0000] {dag.py:3834} INFO - Setting next_dagrun for example_complex to None, run_after=None
[2026-03-23T03:42:26.673+0000] {processor.py:183} INFO - Processing /home/airflow/.local/lib/python3.8/site-packages/airflow/example_dags/example_complex.py took 0.080 seconds
[2026-03-23T03:42:57.245+0000] {processor.py:161} INFO - Started process (PID=705) to work on /home/airflow/.local/lib/python3.8/site-packages/airflow/example_dags/example_complex.py
[2026-03-23T03:42:57.246+0000] {processor.py:830} INFO - Processing file /home/airflow/.local/lib/python3.8/site-packages/airflow/example_dags/example_complex.py for tasks to queue
[2026-03-23T03:42:57.248+0000] {logging_mixin.py:188} INFO - [2026-03-23T03:42:57.248+0000] {dagbag.py:540} INFO - Filling up the DagBag from /home/airflow/.local/lib/python3.8/site-packages/airflow/example_dags/example_complex.py
[2026-03-23T03:42:57.257+0000] {processor.py:840} INFO - DAG(s) 'example_complex' retrieved from /home/airflow/.local/lib/python3.8/site-packages/airflow/example_dags/example_complex.py
[2026-03-23T03:42:57.287+0000] {logging_mixin.py:188} INFO - [2026-03-23T03:42:57.287+0000] {dag.py:3047} INFO - Sync 1 DAGs
[2026-03-23T03:42:57.297+0000] {logging_mixin.py:188} INFO - [2026-03-23T03:42:57.297+0000] {dag.py:3834} INFO - Setting next_dagrun for example_complex to None, run_after=None
[2026-03-23T03:42:57.319+0000] {processor.py:183} INFO - Processing /home/airflow/.local/lib/python3.8/site-packages/airflow/example_dags/example_complex.py took 0.076 seconds
[2026-03-23T03:43:27.656+0000] {processor.py:161} INFO - Started process (PID=760) to work on /home/airflow/.local/lib/python3.8/site-packages/airflow/example_dags/example_complex.py
[2026-03-23T03:43:27.657+0000] {processor.py:830} INFO - Processing file /home/airflow/.local/lib/python3.8/site-packages/airflow/example_dags/example_complex.py for tasks to queue
[2026-03-23T03:43:27.659+0000] {logging_mixin.py:188} INFO - [2026-03-23T03:43:27.659+0000] {dagbag.py:540} INFO - Filling up the DagBag from /home/airflow/.local/lib/python3.8/site-packages/airflow/example_dags/example_complex.py
[2026-03-23T03:43:27.668+0000] {processor.py:840} INFO - DAG(s) 'example_complex' retrieved from /home/airflow/.local/lib/python3.8/site-packages/airflow/example_dags/example_complex.py
[2026-03-23T03:43:27.699+0000] {logging_mixin.py:188} INFO - [2026-03-23T03:43:27.699+0000] {dag.py:3047} INFO - Sync 1 DAGs
[2026-03-23T03:43:27.711+0000] {logging_mixin.py:188} INFO - [2026-03-23T03:43:27.711+0000] {dag.py:3834} INFO - Setting next_dagrun for example_complex to None, run_after=None
[2026-03-23T03:43:27.734+0000] {processor.py:183} INFO - Processing /home/airflow/.local/lib/python3.8/site-packages/airflow/example_dags/example_complex.py took 0.081 seconds
[2026-03-23T03:43:58.174+0000] {processor.py:161} INFO - Started process (PID=815) to work on /home/airflow/.local/lib/python3.8/site-packages/airflow/example_dags/example_complex.py
[2026-03-23T03:43:58.175+0000] {processor.py:830} INFO - Processing file /home/airflow/.local/lib/python3.8/site-packages/airflow/example_dags/example_complex.py for tasks to queue
[2026-03-23T03:43:58.177+0000] {logging_mixin.py:188} INFO - [2026-03-23T03:43:58.177+0000] {dagbag.py:540} INFO - Filling up the DagBag from /home/airflow/.local/lib/python3.8/site-packages/airflow/example_dags/example_complex.py
[2026-03-23T03:43:58.188+0000] {processor.py:840} INFO - DAG(s) 'example_complex' retrieved from /home/airflow/.local/lib/python3.8/site-packages/airflow/example_dags/example_complex.py
[2026-03-23T03:43:58.218+0000] {logging_mixin.py:188} INFO - [2026-03-23T03:43:58.218+0000] {dag.py:3047} INFO - Sync 1 DAGs
[2026-03-23T03:43:58.231+0000] {logging_mixin.py:188} INFO - [2026-03-23T03:43:58.231+0000] {dag.py:3834} INFO - Setting next_dagrun for example_complex to None, run_after=None
[2026-03-23T03:43:58.251+0000] {processor.py:183} INFO - Processing /home/airflow/.local/lib/python3.8/site-packages/airflow/example_dags/example_complex.py took 0.081 seconds
[2026-03-23T03:44:28.571+0000] {processor.py:161} INFO - Started process (PID=870) to work on /home/airflow/.local/lib/python3.8/site-packages/airflow/example_dags/example_complex.py
[2026-03-23T03:44:28.572+0000] {processor.py:830} INFO - Processing file /home/airflow/.local/lib/python3.8/site-packages/airflow/example_dags/example_complex.py for tasks to queue
[2026-03-23T03:44:28.574+0000] {logging_mixin.py:188} INFO - [2026-03-23T03:44:28.574+0000] {dagbag.py:540} INFO - Filling up the DagBag from /home/airflow/.local/lib/python3.8/site-packages/airflow/example_dags/example_complex.py
[2026-03-23T03:44:28.583+0000] {processor.py:840} INFO - DAG(s) 'example_complex' retrieved from /home/airflow/.local/lib/python3.8/site-packages/airflow/example_dags/example_complex.py
[2026-03-23T03:44:28.614+0000] {logging_mixin.py:188} INFO - [2026-03-23T03:44:28.613+0000] {dag.py:3047} INFO - Sync 1 DAGs
[2026-03-23T03:44:28.625+0000] {logging_mixin.py:188} INFO - [2026-03-23T03:44:28.625+0000] {dag.py:3834} INFO - Setting next_dagrun for example_complex to None, run_after=None
[2026-03-23T03:44:28.646+0000] {processor.py:183} INFO - Processing /home/airflow/.local/lib/python3.8/site-packages/airflow/example_dags/example_complex.py took 0.077 seconds
[2026-03-23T03:44:59.149+0000] {processor.py:161} INFO - Started process (PID=925) to work on /home/airflow/.local/lib/python3.8/site-packages/airflow/example_dags/example_complex.py
[2026-03-23T03:44:59.151+0000] {processor.py:830} INFO - Processing file /home/airflow/.local/lib/python3.8/site-packages/airflow/example_dags/example_complex.py for tasks to queue
[2026-03-23T03:44:59.152+0000] {logging_mixin.py:188} INFO - [2026-03-23T03:44:59.152+0000] {dagbag.py:540} INFO - Filling up the DagBag from /home/airflow/.local/lib/python3.8/site-packages/airflow/example_dags/example_complex.py
[2026-03-23T03:44:59.163+0000] {processor.py:840} INFO - DAG(s) 'example_complex' retrieved from /home/airflow/.local/lib/python3.8/site-packages/airflow/example_dags/example_complex.py
[2026-03-23T03:44:59.193+0000] {logging_mixin.py:188} INFO - [2026-03-23T03:44:59.192+0000] {dag.py:3047} INFO - Sync 1 DAGs
[2026-03-23T03:44:59.204+0000] {logging_mixin.py:188} INFO - [2026-03-23T03:44:59.204+0000] {dag.py:3834} INFO - Setting next_dagrun for example_complex to None, run_after=None
[2026-03-23T03:44:59.225+0000] {processor.py:183} INFO - Processing /home/airflow/.local/lib/python3.8/site-packages/airflow/example_dags/example_complex.py took 0.078 seconds
[2026-03-23T03:45:29.377+0000] {processor.py:161} INFO - Started process (PID=980) to work on /home/airflow/.local/lib/python3.8/site-packages/airflow/example_dags/example_complex.py
[2026-03-23T03:45:29.378+0000] {processor.py:830} INFO - Processing file /home/airflow/.local/lib/python3.8/site-packages/airflow/example_dags/example_complex.py for tasks to queue
[2026-03-23T03:45:29.380+0000] {logging_mixin.py:188} INFO - [2026-03-23T03:45:29.379+0000] {dagbag.py:540} INFO - Filling up the DagBag from /home/airflow/.local/lib/python3.8/site-packages/airflow/example_dags/example_complex.py
[2026-03-23T03:45:29.389+0000] {processor.py:840} INFO - DAG(s) 'example_complex' retrieved from /home/airflow/.local/lib/python3.8/site-packages/airflow/example_dags/example_complex.py
[2026-03-23T03:45:29.420+0000] {logging_mixin.py:188} INFO - [2026-03-23T03:45:29.420+0000] {dag.py:3047} INFO - Sync 1 DAGs
[2026-03-23T03:45:29.433+0000] {logging_mixin.py:188} INFO - [2026-03-23T03:45:29.433+0000] {dag.py:3834} INFO - Setting next_dagrun for example_complex to None, run_after=None
[2026-03-23T03:45:29.458+0000] {processor.py:183} INFO - Processing /home/airflow/.local/lib/python3.8/site-packages/airflow/example_dags/example_complex.py took 0.084 seconds
[2026-03-23T03:45:59.647+0000] {processor.py:161} INFO - Started process (PID=1035) to work on /home/airflow/.local/lib/python3.8/site-packages/airflow/example_dags/example_complex.py
[2026-03-23T03:45:59.648+0000] {processor.py:830} INFO - Processing file /home/airflow/.local/lib/python3.8/site-packages/airflow/example_dags/example_complex.py for tasks to queue
[2026-03-23T03:45:59.650+0000] {logging_mixin.py:188} INFO - [2026-03-23T03:45:59.650+0000] {dagbag.py:540} INFO - Filling up the DagBag from /home/airflow/.local/lib/python3.8/site-packages/airflow/example_dags/example_complex.py
[2026-03-23T03:45:59.661+0000] {processor.py:840} INFO - DAG(s) 'example_complex' retrieved from /home/airflow/.local/lib/python3.8/site-packages/airflow/example_dags/example_complex.py
[2026-03-23T03:45:59.693+0000] {logging_mixin.py:188} INFO - [2026-03-23T03:45:59.693+0000] {dag.py:3047} INFO - Sync 1 DAGs
[2026-03-23T03:45:59.706+0000] {logging_mixin.py:188} INFO - [2026-03-23T03:45:59.705+0000] {dag.py:3834} INFO - Setting next_dagrun for example_complex to None, run_after=None
[2026-03-23T03:45:59.729+0000] {processor.py:183} INFO - Processing /home/airflow/.local/lib/python3.8/site-packages/airflow/example_dags/example_complex.py took 0.084 seconds
[2026-03-23T03:46:29.902+0000] {processor.py:161} INFO - Started process (PID=1090) to work on /home/airflow/.local/lib/python3.8/site-packages/airflow/example_dags/example_complex.py
[2026-03-23T03:46:29.903+0000] {processor.py:830} INFO - Processing file /home/airflow/.local/lib/python3.8/site-packages/airflow/example_dags/example_complex.py for tasks to queue
[2026-03-23T03:46:29.906+0000] {logging_mixin.py:188} INFO - [2026-03-23T03:46:29.905+0000] {dagbag.py:540} INFO - Filling up the DagBag from /home/airflow/.local/lib/python3.8/site-packages/airflow/example_dags/example_complex.py
[2026-03-23T03:46:29.923+0000] {processor.py:840} INFO - DAG(s) 'example_complex' retrieved from /home/airflow/.local/lib/python3.8/site-packages/airflow/example_dags/example_complex.py
[2026-03-23T03:46:29.959+0000] {logging_mixin.py:188} INFO - [2026-03-23T03:46:29.958+0000] {dag.py:3047} INFO - Sync 1 DAGs
[2026-03-23T03:46:29.973+0000] {logging_mixin.py:188} INFO - [2026-03-23T03:46:29.973+0000] {dag.py:3834} INFO - Setting next_dagrun for example_complex to None, run_after=None
[2026-03-23T03:46:29.999+0000] {processor.py:183} INFO - Processing /home/airflow/.local/lib/python3.8/site-packages/airflow/example_dags/example_complex.py took 0.100 seconds
[2026-03-23T03:47:00.276+0000] {processor.py:161} INFO - Started process (PID=1145) to work on /home/airflow/.local/lib/python3.8/site-packages/airflow/example_dags/example_complex.py
[2026-03-23T03:47:00.277+0000] {processor.py:830} INFO - Processing file /home/airflow/.local/lib/python3.8/site-packages/airflow/example_dags/example_complex.py for tasks to queue
[2026-03-23T03:47:00.279+0000] {logging_mixin.py:188} INFO - [2026-03-23T03:47:00.279+0000] {dagbag.py:540} INFO - Filling up the DagBag from /home/airflow/.local/lib/python3.8/site-packages/airflow/example_dags/example_complex.py
[2026-03-23T03:47:00.288+0000] {processor.py:840} INFO - DAG(s) 'example_complex' retrieved from /home/airflow/.local/lib/python3.8/site-packages/airflow/example_dags/example_complex.py
[2026-03-23T03:47:00.321+0000] {logging_mixin.py:188} INFO - [2026-03-23T03:47:00.321+0000] {dag.py:3047} INFO - Sync 1 DAGs
[2026-03-23T03:47:00.334+0000] {logging_mixin.py:188} INFO - [2026-03-23T03:47:00.334+0000] {dag.py:3834} INFO - Setting next_dagrun for example_complex to None, run_after=None
[2026-03-23T03:47:00.356+0000] {processor.py:183} INFO - Processing /home/airflow/.local/lib/python3.8/site-packages/airflow/example_dags/example_complex.py took 0.082 seconds
[2026-03-23T03:47:30.485+0000] {processor.py:161} INFO - Started process (PID=1200) to work on /home/airflow/.local/lib/python3.8/site-packages/airflow/example_dags/example_complex.py
[2026-03-23T03:47:30.486+0000] {processor.py:830} INFO - Processing file /home/airflow/.local/lib/python3.8/site-packages/airflow/example_dags/example_complex.py for tasks to queue
[2026-03-23T03:47:30.487+0000] {logging_mixin.py:188} INFO - [2026-03-23T03:47:30.487+0000] {dagbag.py:540} INFO - Filling up the DagBag from /home/airflow/.local/lib/python3.8/site-packages/airflow/example_dags/example_complex.py
[2026-03-23T03:47:30.498+0000] {processor.py:840} INFO - DAG(s) 'example_complex' retrieved from /home/airflow/.local/lib/python3.8/site-packages/airflow/example_dags/example_complex.py
[2026-03-23T03:47:30.528+0000] {logging_mixin.py:188} INFO - [2026-03-23T03:47:30.528+0000] {dag.py:3047} INFO - Sync 1 DAGs
[2026-03-23T03:47:30.539+0000] {logging_mixin.py:188} INFO - [2026-03-23T03:47:30.539+0000] {dag.py:3834} INFO - Setting next_dagrun for example_complex to None, run_after=None
[2026-03-23T03:47:30.561+0000] {processor.py:183} INFO - Processing /home/airflow/.local/lib/python3.8/site-packages/airflow/example_dags/example_complex.py took 0.079 seconds
[2026-03-23T03:48:00.779+0000] {processor.py:161} INFO - Started process (PID=1255) to work on /home/airflow/.local/lib/python3.8/site-packages/airflow/example_dags/example_complex.py
[2026-03-23T03:48:00.781+0000] {processor.py:830} INFO - Processing file /home/airflow/.local/lib/python3.8/site-packages/airflow/example_dags/example_complex.py for tasks to queue
[2026-03-23T03:48:00.784+0000] {logging_mixin.py:188} INFO - [2026-03-23T03:48:00.783+0000] {dagbag.py:540} INFO - Filling up the DagBag from /home/airflow/.local/lib/python3.8/site-packages/airflow/example_dags/example_complex.py
[2026-03-23T03:48:00.794+0000] {processor.py:840} INFO - DAG(s) 'example_complex' retrieved from /home/airflow/.local/lib/python3.8/site-packages/airflow/example_dags/example_complex.py
[2026-03-23T03:48:00.826+0000] {logging_mixin.py:188} INFO - [2026-03-23T03:48:00.826+0000] {dag.py:3047} INFO - Sync 1 DAGs
[2026-03-23T03:48:00.839+0000] {logging_mixin.py:188} INFO - [2026-03-23T03:48:00.838+0000] {dag.py:3834} INFO - Setting next_dagrun for example_complex to None, run_after=None
[2026-03-23T03:48:00.859+0000] {processor.py:183} INFO - Processing /home/airflow/.local/lib/python3.8/site-packages/airflow/example_dags/example_complex.py took 0.083 seconds
[2026-03-23T03:48:31.399+0000] {processor.py:161} INFO - Started process (PID=1310) to work on /home/airflow/.local/lib/python3.8/site-packages/airflow/example_dags/example_complex.py
[2026-03-23T03:48:31.400+0000] {processor.py:830} INFO - Processing file /home/airflow/.local/lib/python3.8/site-packages/airflow/example_dags/example_complex.py for tasks to queue
[2026-03-23T03:48:31.402+0000] {logging_mixin.py:188} INFO - [2026-03-23T03:48:31.401+0000] {dagbag.py:540} INFO - Filling up the DagBag from /home/airflow/.local/lib/python3.8/site-packages/airflow/example_dags/example_complex.py
[2026-03-23T03:48:31.413+0000] {processor.py:840} INFO - DAG(s) 'example_complex' retrieved from /home/airflow/.local/lib/python3.8/site-packages/airflow/example_dags/example_complex.py
[2026-03-23T03:48:31.450+0000] {logging_mixin.py:188} INFO - [2026-03-23T03:48:31.450+0000] {dag.py:3047} INFO - Sync 1 DAGs
[2026-03-23T03:48:31.466+0000] {logging_mixin.py:188} INFO - [2026-03-23T03:48:31.466+0000] {dag.py:3834} INFO - Setting next_dagrun for example_complex to None, run_after=None
[2026-03-23T03:48:31.496+0000] {processor.py:183} INFO - Processing /home/airflow/.local/lib/python3.8/site-packages/airflow/example_dags/example_complex.py took 0.100 seconds
[2026-03-23T03:49:01.992+0000] {processor.py:161} INFO - Started process (PID=1365) to work on /home/airflow/.local/lib/python3.8/site-packages/airflow/example_dags/example_complex.py
[2026-03-23T03:49:01.994+0000] {processor.py:830} INFO - Processing file /home/airflow/.local/lib/python3.8/site-packages/airflow/example_dags/example_complex.py for tasks to queue
[2026-03-23T03:49:01.997+0000] {logging_mixin.py:188} INFO - [2026-03-23T03:49:01.996+0000] {dagbag.py:540} INFO - Filling up the DagBag from /home/airflow/.local/lib/python3.8/site-packages/airflow/example_dags/example_complex.py
[2026-03-23T03:49:02.009+0000] {processor.py:840} INFO - DAG(s) 'example_complex' retrieved from /home/airflow/.local/lib/python3.8/site-packages/airflow/example_dags/example_complex.py
[2026-03-23T03:49:02.045+0000] {logging_mixin.py:188} INFO - [2026-03-23T03:49:02.045+0000] {dag.py:3047} INFO - Sync 1 DAGs
[2026-03-23T03:49:02.058+0000] {logging_mixin.py:188} INFO - [2026-03-23T03:49:02.058+0000] {dag.py:3834} INFO - Setting next_dagrun for example_complex to None, run_after=None
[2026-03-23T03:49:02.082+0000] {processor.py:183} INFO - Processing /home/airflow/.local/lib/python3.8/site-packages/airflow/example_dags/example_complex.py took 0.093 seconds
[2026-03-23T03:49:32.269+0000] {processor.py:161} INFO - Started process (PID=1420) to work on /home/airflow/.local/lib/python3.8/site-packages/airflow/example_dags/example_complex.py
[2026-03-23T03:49:32.270+0000] {processor.py:830} INFO - Processing file /home/airflow/.local/lib/python3.8/site-packages/airflow/example_dags/example_complex.py for tasks to queue
[2026-03-23T03:49:32.272+0000] {logging_mixin.py:188} INFO - [2026-03-23T03:49:32.272+0000] {dagbag.py:540} INFO - Filling up the DagBag from /home/airflow/.local/lib/python3.8/site-packages/airflow/example_dags/example_complex.py
[2026-03-23T03:49:32.284+0000] {processor.py:840} INFO - DAG(s) 'example_complex' retrieved from /home/airflow/.local/lib/python3.8/site-packages/airflow/example_dags/example_complex.py
[2026-03-23T03:49:32.319+0000] {logging_mixin.py:188} INFO - [2026-03-23T03:49:32.319+0000] {dag.py:3047} INFO - Sync 1 DAGs
[2026-03-23T03:49:32.334+0000] {logging_mixin.py:188} INFO - [2026-03-23T03:49:32.333+0000] {dag.py:3834} INFO - Setting next_dagrun for example_complex to None, run_after=None
[2026-03-23T03:49:32.361+0000] {processor.py:183} INFO - Processing /home/airflow/.local/lib/python3.8/site-packages/airflow/example_dags/example_complex.py took 0.095 seconds
[2026-03-23T03:50:49.199+0000] {processor.py:161} INFO - Started process (PID=100) to work on /home/airflow/.local/lib/python3.8/site-packages/airflow/example_dags/example_complex.py
[2026-03-23T03:50:49.200+0000] {processor.py:830} INFO - Processing file /home/airflow/.local/lib/python3.8/site-packages/airflow/example_dags/example_complex.py for tasks to queue
[2026-03-23T03:50:49.203+0000] {logging_mixin.py:188} INFO - [2026-03-23T03:50:49.202+0000] {dagbag.py:540} INFO - Filling up the DagBag from /home/airflow/.local/lib/python3.8/site-packages/airflow/example_dags/example_complex.py
[2026-03-23T03:50:49.218+0000] {processor.py:840} INFO - DAG(s) 'example_complex' retrieved from /home/airflow/.local/lib/python3.8/site-packages/airflow/example_dags/example_complex.py
[2026-03-23T03:50:49.231+0000] {logging_mixin.py:188} INFO - [2026-03-23T03:50:49.231+0000] {dag.py:3047} INFO - Sync 1 DAGs
[2026-03-23T03:50:49.248+0000] {logging_mixin.py:188} INFO - [2026-03-23T03:50:49.248+0000] {dag.py:3834} INFO - Setting next_dagrun for example_complex to None, run_after=None
[2026-03-23T03:50:49.274+0000] {processor.py:183} INFO - Processing /home/airflow/.local/lib/python3.8/site-packages/airflow/example_dags/example_complex.py took 0.078 seconds
[2026-03-23T03:51:21.257+0000] {processor.py:161} INFO - Started process (PID=155) to work on /home/airflow/.local/lib/python3.8/site-packages/airflow/example_dags/example_complex.py
[2026-03-23T03:51:21.258+0000] {processor.py:830} INFO - Processing file /home/airflow/.local/lib/python3.8/site-packages/airflow/example_dags/example_complex.py for tasks to queue
[2026-03-23T03:51:21.261+0000] {logging_mixin.py:188} INFO - [2026-03-23T03:51:21.260+0000] {dagbag.py:540} INFO - Filling up the DagBag from /home/airflow/.local/lib/python3.8/site-packages/airflow/example_dags/example_complex.py
[2026-03-23T03:51:21.275+0000] {processor.py:840} INFO - DAG(s) 'example_complex' retrieved from /home/airflow/.local/lib/python3.8/site-packages/airflow/example_dags/example_complex.py
[2026-03-23T03:51:21.424+0000] {logging_mixin.py:188} INFO - [2026-03-23T03:51:21.424+0000] {dag.py:3047} INFO - Sync 1 DAGs
[2026-03-23T03:51:21.437+0000] {logging_mixin.py:188} INFO - [2026-03-23T03:51:21.437+0000] {dag.py:3834} INFO - Setting next_dagrun for example_complex to None, run_after=None
[2026-03-23T03:51:21.466+0000] {processor.py:183} INFO - Processing /home/airflow/.local/lib/python3.8/site-packages/airflow/example_dags/example_complex.py took 0.212 seconds
[2026-03-23T03:51:51.708+0000] {processor.py:161} INFO - Started process (PID=210) to work on /home/airflow/.local/lib/python3.8/site-packages/airflow/example_dags/example_complex.py
[2026-03-23T03:51:51.710+0000] {processor.py:830} INFO - Processing file /home/airflow/.local/lib/python3.8/site-packages/airflow/example_dags/example_complex.py for tasks to queue
[2026-03-23T03:51:51.712+0000] {logging_mixin.py:188} INFO - [2026-03-23T03:51:51.712+0000] {dagbag.py:540} INFO - Filling up the DagBag from /home/airflow/.local/lib/python3.8/site-packages/airflow/example_dags/example_complex.py
[2026-03-23T03:51:51.724+0000] {processor.py:840} INFO - DAG(s) 'example_complex' retrieved from /home/airflow/.local/lib/python3.8/site-packages/airflow/example_dags/example_complex.py
[2026-03-23T03:51:51.760+0000] {logging_mixin.py:188} INFO - [2026-03-23T03:51:51.760+0000] {dag.py:3047} INFO - Sync 1 DAGs
[2026-03-23T03:51:51.774+0000] {logging_mixin.py:188} INFO - [2026-03-23T03:51:51.773+0000] {dag.py:3834} INFO - Setting next_dagrun for example_complex to None, run_after=None
[2026-03-23T03:51:51.801+0000] {processor.py:183} INFO - Processing /home/airflow/.local/lib/python3.8/site-packages/airflow/example_dags/example_complex.py took 0.096 seconds
[2026-03-23T03:52:22.019+0000] {processor.py:161} INFO - Started process (PID=265) to work on /home/airflow/.local/lib/python3.8/site-packages/airflow/example_dags/example_complex.py
[2026-03-23T03:52:22.021+0000] {processor.py:830} INFO - Processing file /home/airflow/.local/lib/python3.8/site-packages/airflow/example_dags/example_complex.py for tasks to queue
[2026-03-23T03:52:22.023+0000] {logging_mixin.py:188} INFO - [2026-03-23T03:52:22.022+0000] {dagbag.py:540} INFO - Filling up the DagBag from /home/airflow/.local/lib/python3.8/site-packages/airflow/example_dags/example_complex.py
[2026-03-23T03:52:22.034+0000] {processor.py:840} INFO - DAG(s) 'example_complex' retrieved from /home/airflow/.local/lib/python3.8/site-packages/airflow/example_dags/example_complex.py
[2026-03-23T03:52:22.068+0000] {logging_mixin.py:188} INFO - [2026-03-23T03:52:22.068+0000] {dag.py:3047} INFO - Sync 1 DAGs
[2026-03-23T03:52:22.082+0000] {logging_mixin.py:188} INFO - [2026-03-23T03:52:22.081+0000] {dag.py:3834} INFO - Setting next_dagrun for example_complex to None, run_after=None
[2026-03-23T03:52:22.107+0000] {processor.py:183} INFO - Processing /home/airflow/.local/lib/python3.8/site-packages/airflow/example_dags/example_complex.py took 0.090 seconds
[2026-03-23T03:52:52.895+0000] {processor.py:161} INFO - Started process (PID=320) to work on /home/airflow/.local/lib/python3.8/site-packages/airflow/example_dags/example_complex.py
[2026-03-23T03:52:52.897+0000] {processor.py:830} INFO - Processing file /home/airflow/.local/lib/python3.8/site-packages/airflow/example_dags/example_complex.py for tasks to queue
[2026-03-23T03:52:52.899+0000] {logging_mixin.py:188} INFO - [2026-03-23T03:52:52.898+0000] {dagbag.py:540} INFO - Filling up the DagBag from /home/airflow/.local/lib/python3.8/site-packages/airflow/example_dags/example_complex.py
[2026-03-23T03:52:52.912+0000] {processor.py:840} INFO - DAG(s) 'example_complex' retrieved from /home/airflow/.local/lib/python3.8/site-packages/airflow/example_dags/example_complex.py
[2026-03-23T03:52:52.950+0000] {logging_mixin.py:188} INFO - [2026-03-23T03:52:52.949+0000] {dag.py:3047} INFO - Sync 1 DAGs
[2026-03-23T03:52:52.965+0000] {logging_mixin.py:188} INFO - [2026-03-23T03:52:52.964+0000] {dag.py:3834} INFO - Setting next_dagrun for example_complex to None, run_after=None
[2026-03-23T03:52:52.990+0000] {processor.py:183} INFO - Processing /home/airflow/.local/lib/python3.8/site-packages/airflow/example_dags/example_complex.py took 0.099 seconds
[2026-03-23T03:53:23.615+0000] {processor.py:161} INFO - Started process (PID=375) to work on /home/airflow/.local/lib/python3.8/site-packages/airflow/example_dags/example_complex.py
[2026-03-23T03:53:23.617+0000] {processor.py:830} INFO - Processing file /home/airflow/.local/lib/python3.8/site-packages/airflow/example_dags/example_complex.py for tasks to queue
[2026-03-23T03:53:23.619+0000] {logging_mixin.py:188} INFO - [2026-03-23T03:53:23.619+0000] {dagbag.py:540} INFO - Filling up the DagBag from /home/airflow/.local/lib/python3.8/site-packages/airflow/example_dags/example_complex.py
[2026-03-23T03:53:23.632+0000] {processor.py:840} INFO - DAG(s) 'example_complex' retrieved from /home/airflow/.local/lib/python3.8/site-packages/airflow/example_dags/example_complex.py
[2026-03-23T03:53:23.669+0000] {logging_mixin.py:188} INFO - [2026-03-23T03:53:23.669+0000] {dag.py:3047} INFO - Sync 1 DAGs
[2026-03-23T03:53:23.683+0000] {logging_mixin.py:188} INFO - [2026-03-23T03:53:23.683+0000] {dag.py:3834} INFO - Setting next_dagrun for example_complex to None, run_after=None
[2026-03-23T03:53:23.711+0000] {processor.py:183} INFO - Processing /home/airflow/.local/lib/python3.8/site-packages/airflow/example_dags/example_complex.py took 0.099 seconds
[2026-03-23T03:53:54.084+0000] {processor.py:161} INFO - Started process (PID=430) to work on /home/airflow/.local/lib/python3.8/site-packages/airflow/example_dags/example_complex.py
[2026-03-23T03:53:54.085+0000] {processor.py:830} INFO - Processing file /home/airflow/.local/lib/python3.8/site-packages/airflow/example_dags/example_complex.py for tasks to queue
[2026-03-23T03:53:54.088+0000] {logging_mixin.py:188} INFO - [2026-03-23T03:53:54.087+0000] {dagbag.py:540} INFO - Filling up the DagBag from /home/airflow/.local/lib/python3.8/site-packages/airflow/example_dags/example_complex.py
[2026-03-23T03:53:54.104+0000] {processor.py:840} INFO - DAG(s) 'example_complex' retrieved from /home/airflow/.local/lib/python3.8/site-packages/airflow/example_dags/example_complex.py
[2026-03-23T03:53:54.152+0000] {logging_mixin.py:188} INFO - [2026-03-23T03:53:54.151+0000] {dag.py:3047} INFO - Sync 1 DAGs
[2026-03-23T03:53:54.169+0000] {logging_mixin.py:188} INFO - [2026-03-23T03:53:54.168+0000] {dag.py:3834} INFO - Setting next_dagrun for example_complex to None, run_after=None
[2026-03-23T03:53:54.202+0000] {processor.py:183} INFO - Processing /home/airflow/.local/lib/python3.8/site-packages/airflow/example_dags/example_complex.py took 0.122 seconds
[2026-03-23T03:54:24.418+0000] {processor.py:161} INFO - Started process (PID=485) to work on /home/airflow/.local/lib/python3.8/site-packages/airflow/example_dags/example_complex.py
[2026-03-23T03:54:24.420+0000] {processor.py:830} INFO - Processing file /home/airflow/.local/lib/python3.8/site-packages/airflow/example_dags/example_complex.py for tasks to queue
[2026-03-23T03:54:24.422+0000] {logging_mixin.py:188} INFO - [2026-03-23T03:54:24.422+0000] {dagbag.py:540} INFO - Filling up the DagBag from /home/airflow/.local/lib/python3.8/site-packages/airflow/example_dags/example_complex.py
[2026-03-23T03:54:24.434+0000] {processor.py:840} INFO - DAG(s) 'example_complex' retrieved from /home/airflow/.local/lib/python3.8/site-packages/airflow/example_dags/example_complex.py
[2026-03-23T03:54:24.468+0000] {logging_mixin.py:188} INFO - [2026-03-23T03:54:24.468+0000] {dag.py:3047} INFO - Sync 1 DAGs
[2026-03-23T03:54:24.482+0000] {logging_mixin.py:188} INFO - [2026-03-23T03:54:24.481+0000] {dag.py:3834} INFO - Setting next_dagrun for example_complex to None, run_after=None
[2026-03-23T03:54:24.502+0000] {processor.py:183} INFO - Processing /home/airflow/.local/lib/python3.8/site-packages/airflow/example_dags/example_complex.py took 0.087 seconds
[2026-03-23T03:54:54.781+0000] {processor.py:161} INFO - Started process (PID=540) to work on /home/airflow/.local/lib/python3.8/site-packages/airflow/example_dags/example_complex.py
[2026-03-23T03:54:54.782+0000] {processor.py:830} INFO - Processing file /home/airflow/.local/lib/python3.8/site-packages/airflow/example_dags/example_complex.py for tasks to queue
[2026-03-23T03:54:54.784+0000] {logging_mixin.py:188} INFO - [2026-03-23T03:54:54.783+0000] {dagbag.py:540} INFO - Filling up the DagBag from /home/airflow/.local/lib/python3.8/site-packages/airflow/example_dags/example_complex.py
[2026-03-23T03:54:54.794+0000] {processor.py:840} INFO - DAG(s) 'example_complex' retrieved from /home/airflow/.local/lib/python3.8/site-packages/airflow/example_dags/example_complex.py
[2026-03-23T03:54:54.825+0000] {logging_mixin.py:188} INFO - [2026-03-23T03:54:54.825+0000] {dag.py:3047} INFO - Sync 1 DAGs
[2026-03-23T03:54:54.839+0000] {logging_mixin.py:188} INFO - [2026-03-23T03:54:54.839+0000] {dag.py:3834} INFO - Setting next_dagrun for example_complex to None, run_after=None
[2026-03-23T03:54:54.865+0000] {processor.py:183} INFO - Processing /home/airflow/.local/lib/python3.8/site-packages/airflow/example_dags/example_complex.py took 0.087 seconds
[2026-03-23T03:55:25.023+0000] {processor.py:161} INFO - Started process (PID=595) to work on /home/airflow/.local/lib/python3.8/site-packages/airflow/example_dags/example_complex.py
[2026-03-23T03:55:25.024+0000] {processor.py:830} INFO - Processing file /home/airflow/.local/lib/python3.8/site-packages/airflow/example_dags/example_complex.py for tasks to queue
[2026-03-23T03:55:25.026+0000] {logging_mixin.py:188} INFO - [2026-03-23T03:55:25.026+0000] {dagbag.py:540} INFO - Filling up the DagBag from /home/airflow/.local/lib/python3.8/site-packages/airflow/example_dags/example_complex.py
[2026-03-23T03:55:25.037+0000] {processor.py:840} INFO - DAG(s) 'example_complex' retrieved from /home/airflow/.local/lib/python3.8/site-packages/airflow/example_dags/example_complex.py
[2026-03-23T03:55:25.067+0000] {logging_mixin.py:188} INFO - [2026-03-23T03:55:25.067+0000] {dag.py:3047} INFO - Sync 1 DAGs
[2026-03-23T03:55:25.079+0000] {logging_mixin.py:188} INFO - [2026-03-23T03:55:25.079+0000] {dag.py:3834} INFO - Setting next_dagrun for example_complex to None, run_after=None
[2026-03-23T03:55:25.100+0000] {processor.py:183} INFO - Processing /home/airflow/.local/lib/python3.8/site-packages/airflow/example_dags/example_complex.py took 0.079 seconds
[2026-03-23T03:55:55.302+0000] {processor.py:161} INFO - Started process (PID=650) to work on /home/airflow/.local/lib/python3.8/site-packages/airflow/example_dags/example_complex.py
[2026-03-23T03:55:55.303+0000] {processor.py:830} INFO - Processing file /home/airflow/.local/lib/python3.8/site-packages/airflow/example_dags/example_complex.py for tasks to queue
[2026-03-23T03:55:55.305+0000] {logging_mixin.py:188} INFO - [2026-03-23T03:55:55.304+0000] {dagbag.py:540} INFO - Filling up the DagBag from /home/airflow/.local/lib/python3.8/site-packages/airflow/example_dags/example_complex.py
[2026-03-23T03:55:55.315+0000] {processor.py:840} INFO - DAG(s) 'example_complex' retrieved from /home/airflow/.local/lib/python3.8/site-packages/airflow/example_dags/example_complex.py
[2026-03-23T03:55:55.346+0000] {logging_mixin.py:188} INFO - [2026-03-23T03:55:55.345+0000] {dag.py:3047} INFO - Sync 1 DAGs
[2026-03-23T03:55:55.357+0000] {logging_mixin.py:188} INFO - [2026-03-23T03:55:55.357+0000] {dag.py:3834} INFO - Setting next_dagrun for example_complex to None, run_after=None
[2026-03-23T03:55:55.379+0000] {processor.py:183} INFO - Processing /home/airflow/.local/lib/python3.8/site-packages/airflow/example_dags/example_complex.py took 0.080 seconds
[2026-03-23T03:56:25.626+0000] {processor.py:161} INFO - Started process (PID=705) to work on /home/airflow/.local/lib/python3.8/site-packages/airflow/example_dags/example_complex.py
[2026-03-23T03:56:25.627+0000] {processor.py:830} INFO - Processing file /home/airflow/.local/lib/python3.8/site-packages/airflow/example_dags/example_complex.py for tasks to queue
[2026-03-23T03:56:25.629+0000] {logging_mixin.py:188} INFO - [2026-03-23T03:56:25.629+0000] {dagbag.py:540} INFO - Filling up the DagBag from /home/airflow/.local/lib/python3.8/site-packages/airflow/example_dags/example_complex.py
[2026-03-23T03:56:25.640+0000] {processor.py:840} INFO - DAG(s) 'example_complex' retrieved from /home/airflow/.local/lib/python3.8/site-packages/airflow/example_dags/example_complex.py
[2026-03-23T03:56:25.673+0000] {logging_mixin.py:188} INFO - [2026-03-23T03:56:25.673+0000] {dag.py:3047} INFO - Sync 1 DAGs
[2026-03-23T03:56:25.686+0000] {logging_mixin.py:188} INFO - [2026-03-23T03:56:25.685+0000] {dag.py:3834} INFO - Setting next_dagrun for example_complex to None, run_after=None
[2026-03-23T03:56:25.708+0000] {processor.py:183} INFO - Processing /home/airflow/.local/lib/python3.8/site-packages/airflow/example_dags/example_complex.py took 0.085 seconds
