[2026-03-23T03:21:16.596+0000] {processor.py:161} INFO - Started process (PID=102) to work on /home/airflow/.local/lib/python3.8/site-packages/airflow/example_dags/example_kubernetes_executor.py
[2026-03-23T03:21:16.598+0000] {processor.py:830} INFO - Processing file /home/airflow/.local/lib/python3.8/site-packages/airflow/example_dags/example_kubernetes_executor.py for tasks to queue
[2026-03-23T03:21:16.600+0000] {logging_mixin.py:188} INFO - [2026-03-23T03:21:16.600+0000] {dagbag.py:540} INFO - Filling up the DagBag from /home/airflow/.local/lib/python3.8/site-packages/airflow/example_dags/example_kubernetes_executor.py
[2026-03-23T03:21:16.623+0000] {processor.py:840} INFO - DAG(s) 'example_kubernetes_executor' retrieved from /home/airflow/.local/lib/python3.8/site-packages/airflow/example_dags/example_kubernetes_executor.py
[2026-03-23T03:21:16.639+0000] {logging_mixin.py:188} INFO - [2026-03-23T03:21:16.639+0000] {dag.py:3047} INFO - Sync 1 DAGs
[2026-03-23T03:21:16.655+0000] {logging_mixin.py:188} INFO - [2026-03-23T03:21:16.655+0000] {dag.py:3834} INFO - Setting next_dagrun for example_kubernetes_executor to None, run_after=None
[2026-03-23T03:21:16.681+0000] {processor.py:183} INFO - Processing /home/airflow/.local/lib/python3.8/site-packages/airflow/example_dags/example_kubernetes_executor.py took 0.090 seconds
[2026-03-23T03:21:47.312+0000] {processor.py:161} INFO - Started process (PID=163) to work on /home/airflow/.local/lib/python3.8/site-packages/airflow/example_dags/example_kubernetes_executor.py
[2026-03-23T03:21:47.314+0000] {processor.py:830} INFO - Processing file /home/airflow/.local/lib/python3.8/site-packages/airflow/example_dags/example_kubernetes_executor.py for tasks to queue
[2026-03-23T03:21:47.316+0000] {logging_mixin.py:188} INFO - [2026-03-23T03:21:47.316+0000] {dagbag.py:540} INFO - Filling up the DagBag from /home/airflow/.local/lib/python3.8/site-packages/airflow/example_dags/example_kubernetes_executor.py
[2026-03-23T03:21:47.329+0000] {processor.py:840} INFO - DAG(s) 'example_kubernetes_executor' retrieved from /home/airflow/.local/lib/python3.8/site-packages/airflow/example_dags/example_kubernetes_executor.py
[2026-03-23T03:21:47.341+0000] {logging_mixin.py:188} INFO - [2026-03-23T03:21:47.340+0000] {dag.py:3047} INFO - Sync 1 DAGs
[2026-03-23T03:21:47.353+0000] {logging_mixin.py:188} INFO - [2026-03-23T03:21:47.353+0000] {dag.py:3834} INFO - Setting next_dagrun for example_kubernetes_executor to None, run_after=None
[2026-03-23T03:21:47.374+0000] {processor.py:183} INFO - Processing /home/airflow/.local/lib/python3.8/site-packages/airflow/example_dags/example_kubernetes_executor.py took 0.065 seconds
[2026-03-23T03:22:19.002+0000] {processor.py:161} INFO - Started process (PID=218) to work on /home/airflow/.local/lib/python3.8/site-packages/airflow/example_dags/example_kubernetes_executor.py
[2026-03-23T03:22:19.003+0000] {processor.py:830} INFO - Processing file /home/airflow/.local/lib/python3.8/site-packages/airflow/example_dags/example_kubernetes_executor.py for tasks to queue
[2026-03-23T03:22:19.005+0000] {logging_mixin.py:188} INFO - [2026-03-23T03:22:19.005+0000] {dagbag.py:540} INFO - Filling up the DagBag from /home/airflow/.local/lib/python3.8/site-packages/airflow/example_dags/example_kubernetes_executor.py
[2026-03-23T03:22:19.017+0000] {processor.py:840} INFO - DAG(s) 'example_kubernetes_executor' retrieved from /home/airflow/.local/lib/python3.8/site-packages/airflow/example_dags/example_kubernetes_executor.py
[2026-03-23T03:22:19.126+0000] {logging_mixin.py:188} INFO - [2026-03-23T03:22:19.126+0000] {dag.py:3047} INFO - Sync 1 DAGs
[2026-03-23T03:22:19.136+0000] {logging_mixin.py:188} INFO - [2026-03-23T03:22:19.136+0000] {dag.py:3834} INFO - Setting next_dagrun for example_kubernetes_executor to None, run_after=None
[2026-03-23T03:22:19.161+0000] {processor.py:183} INFO - Processing /home/airflow/.local/lib/python3.8/site-packages/airflow/example_dags/example_kubernetes_executor.py took 0.162 seconds
[2026-03-23T03:22:49.300+0000] {processor.py:161} INFO - Started process (PID=273) to work on /home/airflow/.local/lib/python3.8/site-packages/airflow/example_dags/example_kubernetes_executor.py
[2026-03-23T03:22:49.302+0000] {processor.py:830} INFO - Processing file /home/airflow/.local/lib/python3.8/site-packages/airflow/example_dags/example_kubernetes_executor.py for tasks to queue
[2026-03-23T03:22:49.304+0000] {logging_mixin.py:188} INFO - [2026-03-23T03:22:49.304+0000] {dagbag.py:540} INFO - Filling up the DagBag from /home/airflow/.local/lib/python3.8/site-packages/airflow/example_dags/example_kubernetes_executor.py
[2026-03-23T03:22:49.323+0000] {processor.py:840} INFO - DAG(s) 'example_kubernetes_executor' retrieved from /home/airflow/.local/lib/python3.8/site-packages/airflow/example_dags/example_kubernetes_executor.py
[2026-03-23T03:22:49.376+0000] {logging_mixin.py:188} INFO - [2026-03-23T03:22:49.376+0000] {dag.py:3047} INFO - Sync 1 DAGs
[2026-03-23T03:22:49.389+0000] {logging_mixin.py:188} INFO - [2026-03-23T03:22:49.389+0000] {dag.py:3834} INFO - Setting next_dagrun for example_kubernetes_executor to None, run_after=None
[2026-03-23T03:22:49.411+0000] {processor.py:183} INFO - Processing /home/airflow/.local/lib/python3.8/site-packages/airflow/example_dags/example_kubernetes_executor.py took 0.114 seconds
[2026-03-23T03:23:20.191+0000] {processor.py:161} INFO - Started process (PID=328) to work on /home/airflow/.local/lib/python3.8/site-packages/airflow/example_dags/example_kubernetes_executor.py
[2026-03-23T03:23:20.192+0000] {processor.py:830} INFO - Processing file /home/airflow/.local/lib/python3.8/site-packages/airflow/example_dags/example_kubernetes_executor.py for tasks to queue
[2026-03-23T03:23:20.193+0000] {logging_mixin.py:188} INFO - [2026-03-23T03:23:20.193+0000] {dagbag.py:540} INFO - Filling up the DagBag from /home/airflow/.local/lib/python3.8/site-packages/airflow/example_dags/example_kubernetes_executor.py
[2026-03-23T03:23:20.205+0000] {processor.py:840} INFO - DAG(s) 'example_kubernetes_executor' retrieved from /home/airflow/.local/lib/python3.8/site-packages/airflow/example_dags/example_kubernetes_executor.py
[2026-03-23T03:23:20.239+0000] {logging_mixin.py:188} INFO - [2026-03-23T03:23:20.239+0000] {dag.py:3047} INFO - Sync 1 DAGs
[2026-03-23T03:23:20.252+0000] {logging_mixin.py:188} INFO - [2026-03-23T03:23:20.252+0000] {dag.py:3834} INFO - Setting next_dagrun for example_kubernetes_executor to None, run_after=None
[2026-03-23T03:23:20.276+0000] {processor.py:183} INFO - Processing /home/airflow/.local/lib/python3.8/site-packages/airflow/example_dags/example_kubernetes_executor.py took 0.088 seconds
[2026-03-23T03:25:10.971+0000] {processor.py:161} INFO - Started process (PID=102) to work on /home/airflow/.local/lib/python3.8/site-packages/airflow/example_dags/example_kubernetes_executor.py
[2026-03-23T03:25:10.973+0000] {processor.py:830} INFO - Processing file /home/airflow/.local/lib/python3.8/site-packages/airflow/example_dags/example_kubernetes_executor.py for tasks to queue
[2026-03-23T03:25:10.975+0000] {logging_mixin.py:188} INFO - [2026-03-23T03:25:10.975+0000] {dagbag.py:540} INFO - Filling up the DagBag from /home/airflow/.local/lib/python3.8/site-packages/airflow/example_dags/example_kubernetes_executor.py
[2026-03-23T03:25:10.997+0000] {processor.py:840} INFO - DAG(s) 'example_kubernetes_executor' retrieved from /home/airflow/.local/lib/python3.8/site-packages/airflow/example_dags/example_kubernetes_executor.py
[2026-03-23T03:25:11.014+0000] {logging_mixin.py:188} INFO - [2026-03-23T03:25:11.013+0000] {dag.py:3047} INFO - Sync 1 DAGs
[2026-03-23T03:25:11.031+0000] {logging_mixin.py:188} INFO - [2026-03-23T03:25:11.031+0000] {dag.py:3834} INFO - Setting next_dagrun for example_kubernetes_executor to None, run_after=None
[2026-03-23T03:25:11.060+0000] {processor.py:183} INFO - Processing /home/airflow/.local/lib/python3.8/site-packages/airflow/example_dags/example_kubernetes_executor.py took 0.094 seconds
[2026-03-23T03:25:43.405+0000] {processor.py:161} INFO - Started process (PID=163) to work on /home/airflow/.local/lib/python3.8/site-packages/airflow/example_dags/example_kubernetes_executor.py
[2026-03-23T03:25:43.406+0000] {processor.py:830} INFO - Processing file /home/airflow/.local/lib/python3.8/site-packages/airflow/example_dags/example_kubernetes_executor.py for tasks to queue
[2026-03-23T03:25:43.408+0000] {logging_mixin.py:188} INFO - [2026-03-23T03:25:43.408+0000] {dagbag.py:540} INFO - Filling up the DagBag from /home/airflow/.local/lib/python3.8/site-packages/airflow/example_dags/example_kubernetes_executor.py
[2026-03-23T03:25:43.424+0000] {processor.py:840} INFO - DAG(s) 'example_kubernetes_executor' retrieved from /home/airflow/.local/lib/python3.8/site-packages/airflow/example_dags/example_kubernetes_executor.py
[2026-03-23T03:25:43.566+0000] {logging_mixin.py:188} INFO - [2026-03-23T03:25:43.565+0000] {dag.py:3047} INFO - Sync 1 DAGs
[2026-03-23T03:25:43.578+0000] {logging_mixin.py:188} INFO - [2026-03-23T03:25:43.578+0000] {dag.py:3834} INFO - Setting next_dagrun for example_kubernetes_executor to None, run_after=None
[2026-03-23T03:25:43.604+0000] {processor.py:183} INFO - Processing /home/airflow/.local/lib/python3.8/site-packages/airflow/example_dags/example_kubernetes_executor.py took 0.203 seconds
[2026-03-23T03:26:14.533+0000] {processor.py:161} INFO - Started process (PID=218) to work on /home/airflow/.local/lib/python3.8/site-packages/airflow/example_dags/example_kubernetes_executor.py
[2026-03-23T03:26:14.534+0000] {processor.py:830} INFO - Processing file /home/airflow/.local/lib/python3.8/site-packages/airflow/example_dags/example_kubernetes_executor.py for tasks to queue
[2026-03-23T03:26:14.536+0000] {logging_mixin.py:188} INFO - [2026-03-23T03:26:14.536+0000] {dagbag.py:540} INFO - Filling up the DagBag from /home/airflow/.local/lib/python3.8/site-packages/airflow/example_dags/example_kubernetes_executor.py
[2026-03-23T03:26:14.548+0000] {processor.py:840} INFO - DAG(s) 'example_kubernetes_executor' retrieved from /home/airflow/.local/lib/python3.8/site-packages/airflow/example_dags/example_kubernetes_executor.py
[2026-03-23T03:26:14.582+0000] {logging_mixin.py:188} INFO - [2026-03-23T03:26:14.582+0000] {dag.py:3047} INFO - Sync 1 DAGs
[2026-03-23T03:26:14.593+0000] {logging_mixin.py:188} INFO - [2026-03-23T03:26:14.593+0000] {dag.py:3834} INFO - Setting next_dagrun for example_kubernetes_executor to None, run_after=None
[2026-03-23T03:26:14.613+0000] {processor.py:183} INFO - Processing /home/airflow/.local/lib/python3.8/site-packages/airflow/example_dags/example_kubernetes_executor.py took 0.082 seconds
[2026-03-23T03:26:44.732+0000] {processor.py:161} INFO - Started process (PID=273) to work on /home/airflow/.local/lib/python3.8/site-packages/airflow/example_dags/example_kubernetes_executor.py
[2026-03-23T03:26:44.733+0000] {processor.py:830} INFO - Processing file /home/airflow/.local/lib/python3.8/site-packages/airflow/example_dags/example_kubernetes_executor.py for tasks to queue
[2026-03-23T03:26:44.735+0000] {logging_mixin.py:188} INFO - [2026-03-23T03:26:44.734+0000] {dagbag.py:540} INFO - Filling up the DagBag from /home/airflow/.local/lib/python3.8/site-packages/airflow/example_dags/example_kubernetes_executor.py
[2026-03-23T03:26:44.760+0000] {processor.py:840} INFO - DAG(s) 'example_kubernetes_executor' retrieved from /home/airflow/.local/lib/python3.8/site-packages/airflow/example_dags/example_kubernetes_executor.py
[2026-03-23T03:26:44.810+0000] {logging_mixin.py:188} INFO - [2026-03-23T03:26:44.810+0000] {dag.py:3047} INFO - Sync 1 DAGs
[2026-03-23T03:26:44.824+0000] {logging_mixin.py:188} INFO - [2026-03-23T03:26:44.824+0000] {dag.py:3834} INFO - Setting next_dagrun for example_kubernetes_executor to None, run_after=None
[2026-03-23T03:26:44.849+0000] {processor.py:183} INFO - Processing /home/airflow/.local/lib/python3.8/site-packages/airflow/example_dags/example_kubernetes_executor.py took 0.121 seconds
[2026-03-23T03:27:15.848+0000] {processor.py:161} INFO - Started process (PID=328) to work on /home/airflow/.local/lib/python3.8/site-packages/airflow/example_dags/example_kubernetes_executor.py
[2026-03-23T03:27:15.850+0000] {processor.py:830} INFO - Processing file /home/airflow/.local/lib/python3.8/site-packages/airflow/example_dags/example_kubernetes_executor.py for tasks to queue
[2026-03-23T03:27:15.851+0000] {logging_mixin.py:188} INFO - [2026-03-23T03:27:15.851+0000] {dagbag.py:540} INFO - Filling up the DagBag from /home/airflow/.local/lib/python3.8/site-packages/airflow/example_dags/example_kubernetes_executor.py
[2026-03-23T03:27:15.863+0000] {processor.py:840} INFO - DAG(s) 'example_kubernetes_executor' retrieved from /home/airflow/.local/lib/python3.8/site-packages/airflow/example_dags/example_kubernetes_executor.py
[2026-03-23T03:27:15.902+0000] {logging_mixin.py:188} INFO - [2026-03-23T03:27:15.901+0000] {dag.py:3047} INFO - Sync 1 DAGs
[2026-03-23T03:27:15.917+0000] {logging_mixin.py:188} INFO - [2026-03-23T03:27:15.917+0000] {dag.py:3834} INFO - Setting next_dagrun for example_kubernetes_executor to None, run_after=None
[2026-03-23T03:27:15.938+0000] {processor.py:183} INFO - Processing /home/airflow/.local/lib/python3.8/site-packages/airflow/example_dags/example_kubernetes_executor.py took 0.092 seconds
[2026-03-23T03:27:46.141+0000] {processor.py:161} INFO - Started process (PID=383) to work on /home/airflow/.local/lib/python3.8/site-packages/airflow/example_dags/example_kubernetes_executor.py
[2026-03-23T03:27:46.142+0000] {processor.py:830} INFO - Processing file /home/airflow/.local/lib/python3.8/site-packages/airflow/example_dags/example_kubernetes_executor.py for tasks to queue
[2026-03-23T03:27:46.145+0000] {logging_mixin.py:188} INFO - [2026-03-23T03:27:46.144+0000] {dagbag.py:540} INFO - Filling up the DagBag from /home/airflow/.local/lib/python3.8/site-packages/airflow/example_dags/example_kubernetes_executor.py
[2026-03-23T03:27:46.159+0000] {processor.py:840} INFO - DAG(s) 'example_kubernetes_executor' retrieved from /home/airflow/.local/lib/python3.8/site-packages/airflow/example_dags/example_kubernetes_executor.py
[2026-03-23T03:27:46.199+0000] {logging_mixin.py:188} INFO - [2026-03-23T03:27:46.199+0000] {dag.py:3047} INFO - Sync 1 DAGs
[2026-03-23T03:27:46.212+0000] {logging_mixin.py:188} INFO - [2026-03-23T03:27:46.211+0000] {dag.py:3834} INFO - Setting next_dagrun for example_kubernetes_executor to None, run_after=None
[2026-03-23T03:27:46.234+0000] {processor.py:183} INFO - Processing /home/airflow/.local/lib/python3.8/site-packages/airflow/example_dags/example_kubernetes_executor.py took 0.097 seconds
[2026-03-23T03:28:16.478+0000] {processor.py:161} INFO - Started process (PID=438) to work on /home/airflow/.local/lib/python3.8/site-packages/airflow/example_dags/example_kubernetes_executor.py
[2026-03-23T03:28:16.479+0000] {processor.py:830} INFO - Processing file /home/airflow/.local/lib/python3.8/site-packages/airflow/example_dags/example_kubernetes_executor.py for tasks to queue
[2026-03-23T03:28:16.481+0000] {logging_mixin.py:188} INFO - [2026-03-23T03:28:16.481+0000] {dagbag.py:540} INFO - Filling up the DagBag from /home/airflow/.local/lib/python3.8/site-packages/airflow/example_dags/example_kubernetes_executor.py
[2026-03-23T03:28:16.494+0000] {processor.py:840} INFO - DAG(s) 'example_kubernetes_executor' retrieved from /home/airflow/.local/lib/python3.8/site-packages/airflow/example_dags/example_kubernetes_executor.py
[2026-03-23T03:28:16.531+0000] {logging_mixin.py:188} INFO - [2026-03-23T03:28:16.531+0000] {dag.py:3047} INFO - Sync 1 DAGs
[2026-03-23T03:28:16.543+0000] {logging_mixin.py:188} INFO - [2026-03-23T03:28:16.542+0000] {dag.py:3834} INFO - Setting next_dagrun for example_kubernetes_executor to None, run_after=None
[2026-03-23T03:28:16.565+0000] {processor.py:183} INFO - Processing /home/airflow/.local/lib/python3.8/site-packages/airflow/example_dags/example_kubernetes_executor.py took 0.089 seconds
[2026-03-23T03:28:46.862+0000] {processor.py:161} INFO - Started process (PID=493) to work on /home/airflow/.local/lib/python3.8/site-packages/airflow/example_dags/example_kubernetes_executor.py
[2026-03-23T03:28:46.863+0000] {processor.py:830} INFO - Processing file /home/airflow/.local/lib/python3.8/site-packages/airflow/example_dags/example_kubernetes_executor.py for tasks to queue
[2026-03-23T03:28:46.866+0000] {logging_mixin.py:188} INFO - [2026-03-23T03:28:46.865+0000] {dagbag.py:540} INFO - Filling up the DagBag from /home/airflow/.local/lib/python3.8/site-packages/airflow/example_dags/example_kubernetes_executor.py
[2026-03-23T03:28:46.884+0000] {processor.py:840} INFO - DAG(s) 'example_kubernetes_executor' retrieved from /home/airflow/.local/lib/python3.8/site-packages/airflow/example_dags/example_kubernetes_executor.py
[2026-03-23T03:28:46.925+0000] {logging_mixin.py:188} INFO - [2026-03-23T03:28:46.925+0000] {dag.py:3047} INFO - Sync 1 DAGs
[2026-03-23T03:28:46.939+0000] {logging_mixin.py:188} INFO - [2026-03-23T03:28:46.938+0000] {dag.py:3834} INFO - Setting next_dagrun for example_kubernetes_executor to None, run_after=None
[2026-03-23T03:28:46.961+0000] {processor.py:183} INFO - Processing /home/airflow/.local/lib/python3.8/site-packages/airflow/example_dags/example_kubernetes_executor.py took 0.102 seconds
[2026-03-23T03:29:17.462+0000] {processor.py:161} INFO - Started process (PID=548) to work on /home/airflow/.local/lib/python3.8/site-packages/airflow/example_dags/example_kubernetes_executor.py
[2026-03-23T03:29:17.463+0000] {processor.py:830} INFO - Processing file /home/airflow/.local/lib/python3.8/site-packages/airflow/example_dags/example_kubernetes_executor.py for tasks to queue
[2026-03-23T03:29:17.465+0000] {logging_mixin.py:188} INFO - [2026-03-23T03:29:17.464+0000] {dagbag.py:540} INFO - Filling up the DagBag from /home/airflow/.local/lib/python3.8/site-packages/airflow/example_dags/example_kubernetes_executor.py
[2026-03-23T03:29:17.477+0000] {processor.py:840} INFO - DAG(s) 'example_kubernetes_executor' retrieved from /home/airflow/.local/lib/python3.8/site-packages/airflow/example_dags/example_kubernetes_executor.py
[2026-03-23T03:29:17.520+0000] {logging_mixin.py:188} INFO - [2026-03-23T03:29:17.519+0000] {dag.py:3047} INFO - Sync 1 DAGs
[2026-03-23T03:29:17.532+0000] {logging_mixin.py:188} INFO - [2026-03-23T03:29:17.531+0000] {dag.py:3834} INFO - Setting next_dagrun for example_kubernetes_executor to None, run_after=None
[2026-03-23T03:29:17.557+0000] {processor.py:183} INFO - Processing /home/airflow/.local/lib/python3.8/site-packages/airflow/example_dags/example_kubernetes_executor.py took 0.098 seconds
[2026-03-23T03:29:47.641+0000] {processor.py:161} INFO - Started process (PID=603) to work on /home/airflow/.local/lib/python3.8/site-packages/airflow/example_dags/example_kubernetes_executor.py
[2026-03-23T03:29:47.642+0000] {processor.py:830} INFO - Processing file /home/airflow/.local/lib/python3.8/site-packages/airflow/example_dags/example_kubernetes_executor.py for tasks to queue
[2026-03-23T03:29:47.644+0000] {logging_mixin.py:188} INFO - [2026-03-23T03:29:47.644+0000] {dagbag.py:540} INFO - Filling up the DagBag from /home/airflow/.local/lib/python3.8/site-packages/airflow/example_dags/example_kubernetes_executor.py
[2026-03-23T03:29:47.657+0000] {processor.py:840} INFO - DAG(s) 'example_kubernetes_executor' retrieved from /home/airflow/.local/lib/python3.8/site-packages/airflow/example_dags/example_kubernetes_executor.py
[2026-03-23T03:29:47.698+0000] {logging_mixin.py:188} INFO - [2026-03-23T03:29:47.698+0000] {dag.py:3047} INFO - Sync 1 DAGs
[2026-03-23T03:29:47.714+0000] {logging_mixin.py:188} INFO - [2026-03-23T03:29:47.713+0000] {dag.py:3834} INFO - Setting next_dagrun for example_kubernetes_executor to None, run_after=None
[2026-03-23T03:29:47.745+0000] {processor.py:183} INFO - Processing /home/airflow/.local/lib/python3.8/site-packages/airflow/example_dags/example_kubernetes_executor.py took 0.107 seconds
[2026-03-23T03:30:18.185+0000] {processor.py:161} INFO - Started process (PID=658) to work on /home/airflow/.local/lib/python3.8/site-packages/airflow/example_dags/example_kubernetes_executor.py
[2026-03-23T03:30:18.187+0000] {processor.py:830} INFO - Processing file /home/airflow/.local/lib/python3.8/site-packages/airflow/example_dags/example_kubernetes_executor.py for tasks to queue
[2026-03-23T03:30:18.189+0000] {logging_mixin.py:188} INFO - [2026-03-23T03:30:18.189+0000] {dagbag.py:540} INFO - Filling up the DagBag from /home/airflow/.local/lib/python3.8/site-packages/airflow/example_dags/example_kubernetes_executor.py
[2026-03-23T03:30:18.203+0000] {processor.py:840} INFO - DAG(s) 'example_kubernetes_executor' retrieved from /home/airflow/.local/lib/python3.8/site-packages/airflow/example_dags/example_kubernetes_executor.py
[2026-03-23T03:30:18.245+0000] {logging_mixin.py:188} INFO - [2026-03-23T03:30:18.244+0000] {dag.py:3047} INFO - Sync 1 DAGs
[2026-03-23T03:30:18.259+0000] {logging_mixin.py:188} INFO - [2026-03-23T03:30:18.259+0000] {dag.py:3834} INFO - Setting next_dagrun for example_kubernetes_executor to None, run_after=None
[2026-03-23T03:30:18.287+0000] {processor.py:183} INFO - Processing /home/airflow/.local/lib/python3.8/site-packages/airflow/example_dags/example_kubernetes_executor.py took 0.106 seconds
[2026-03-23T03:30:48.383+0000] {processor.py:161} INFO - Started process (PID=713) to work on /home/airflow/.local/lib/python3.8/site-packages/airflow/example_dags/example_kubernetes_executor.py
[2026-03-23T03:30:48.385+0000] {processor.py:830} INFO - Processing file /home/airflow/.local/lib/python3.8/site-packages/airflow/example_dags/example_kubernetes_executor.py for tasks to queue
[2026-03-23T03:30:48.386+0000] {logging_mixin.py:188} INFO - [2026-03-23T03:30:48.386+0000] {dagbag.py:540} INFO - Filling up the DagBag from /home/airflow/.local/lib/python3.8/site-packages/airflow/example_dags/example_kubernetes_executor.py
[2026-03-23T03:30:48.402+0000] {processor.py:840} INFO - DAG(s) 'example_kubernetes_executor' retrieved from /home/airflow/.local/lib/python3.8/site-packages/airflow/example_dags/example_kubernetes_executor.py
[2026-03-23T03:30:48.438+0000] {logging_mixin.py:188} INFO - [2026-03-23T03:30:48.438+0000] {dag.py:3047} INFO - Sync 1 DAGs
[2026-03-23T03:30:48.449+0000] {logging_mixin.py:188} INFO - [2026-03-23T03:30:48.449+0000] {dag.py:3834} INFO - Setting next_dagrun for example_kubernetes_executor to None, run_after=None
[2026-03-23T03:30:48.469+0000] {processor.py:183} INFO - Processing /home/airflow/.local/lib/python3.8/site-packages/airflow/example_dags/example_kubernetes_executor.py took 0.089 seconds
[2026-03-23T03:31:19.401+0000] {processor.py:161} INFO - Started process (PID=768) to work on /home/airflow/.local/lib/python3.8/site-packages/airflow/example_dags/example_kubernetes_executor.py
[2026-03-23T03:31:19.402+0000] {processor.py:830} INFO - Processing file /home/airflow/.local/lib/python3.8/site-packages/airflow/example_dags/example_kubernetes_executor.py for tasks to queue
[2026-03-23T03:31:19.405+0000] {logging_mixin.py:188} INFO - [2026-03-23T03:31:19.404+0000] {dagbag.py:540} INFO - Filling up the DagBag from /home/airflow/.local/lib/python3.8/site-packages/airflow/example_dags/example_kubernetes_executor.py
[2026-03-23T03:31:19.418+0000] {processor.py:840} INFO - DAG(s) 'example_kubernetes_executor' retrieved from /home/airflow/.local/lib/python3.8/site-packages/airflow/example_dags/example_kubernetes_executor.py
[2026-03-23T03:31:19.457+0000] {logging_mixin.py:188} INFO - [2026-03-23T03:31:19.457+0000] {dag.py:3047} INFO - Sync 1 DAGs
[2026-03-23T03:31:19.469+0000] {logging_mixin.py:188} INFO - [2026-03-23T03:31:19.469+0000] {dag.py:3834} INFO - Setting next_dagrun for example_kubernetes_executor to None, run_after=None
[2026-03-23T03:31:19.491+0000] {processor.py:183} INFO - Processing /home/airflow/.local/lib/python3.8/site-packages/airflow/example_dags/example_kubernetes_executor.py took 0.093 seconds
[2026-03-23T03:31:50.002+0000] {processor.py:161} INFO - Started process (PID=823) to work on /home/airflow/.local/lib/python3.8/site-packages/airflow/example_dags/example_kubernetes_executor.py
[2026-03-23T03:31:50.003+0000] {processor.py:830} INFO - Processing file /home/airflow/.local/lib/python3.8/site-packages/airflow/example_dags/example_kubernetes_executor.py for tasks to queue
[2026-03-23T03:31:50.005+0000] {logging_mixin.py:188} INFO - [2026-03-23T03:31:50.005+0000] {dagbag.py:540} INFO - Filling up the DagBag from /home/airflow/.local/lib/python3.8/site-packages/airflow/example_dags/example_kubernetes_executor.py
[2026-03-23T03:31:50.019+0000] {processor.py:840} INFO - DAG(s) 'example_kubernetes_executor' retrieved from /home/airflow/.local/lib/python3.8/site-packages/airflow/example_dags/example_kubernetes_executor.py
[2026-03-23T03:31:50.060+0000] {logging_mixin.py:188} INFO - [2026-03-23T03:31:50.060+0000] {dag.py:3047} INFO - Sync 1 DAGs
[2026-03-23T03:31:50.073+0000] {logging_mixin.py:188} INFO - [2026-03-23T03:31:50.073+0000] {dag.py:3834} INFO - Setting next_dagrun for example_kubernetes_executor to None, run_after=None
[2026-03-23T03:31:50.096+0000] {processor.py:183} INFO - Processing /home/airflow/.local/lib/python3.8/site-packages/airflow/example_dags/example_kubernetes_executor.py took 0.098 seconds
[2026-03-23T03:32:20.715+0000] {processor.py:161} INFO - Started process (PID=878) to work on /home/airflow/.local/lib/python3.8/site-packages/airflow/example_dags/example_kubernetes_executor.py
[2026-03-23T03:32:20.717+0000] {processor.py:830} INFO - Processing file /home/airflow/.local/lib/python3.8/site-packages/airflow/example_dags/example_kubernetes_executor.py for tasks to queue
[2026-03-23T03:32:20.718+0000] {logging_mixin.py:188} INFO - [2026-03-23T03:32:20.718+0000] {dagbag.py:540} INFO - Filling up the DagBag from /home/airflow/.local/lib/python3.8/site-packages/airflow/example_dags/example_kubernetes_executor.py
[2026-03-23T03:32:20.731+0000] {processor.py:840} INFO - DAG(s) 'example_kubernetes_executor' retrieved from /home/airflow/.local/lib/python3.8/site-packages/airflow/example_dags/example_kubernetes_executor.py
[2026-03-23T03:32:20.769+0000] {logging_mixin.py:188} INFO - [2026-03-23T03:32:20.769+0000] {dag.py:3047} INFO - Sync 1 DAGs
[2026-03-23T03:32:20.781+0000] {logging_mixin.py:188} INFO - [2026-03-23T03:32:20.781+0000] {dag.py:3834} INFO - Setting next_dagrun for example_kubernetes_executor to None, run_after=None
[2026-03-23T03:32:20.800+0000] {processor.py:183} INFO - Processing /home/airflow/.local/lib/python3.8/site-packages/airflow/example_dags/example_kubernetes_executor.py took 0.088 seconds
[2026-03-23T03:32:50.937+0000] {processor.py:161} INFO - Started process (PID=933) to work on /home/airflow/.local/lib/python3.8/site-packages/airflow/example_dags/example_kubernetes_executor.py
[2026-03-23T03:32:50.938+0000] {processor.py:830} INFO - Processing file /home/airflow/.local/lib/python3.8/site-packages/airflow/example_dags/example_kubernetes_executor.py for tasks to queue
[2026-03-23T03:32:50.939+0000] {logging_mixin.py:188} INFO - [2026-03-23T03:32:50.939+0000] {dagbag.py:540} INFO - Filling up the DagBag from /home/airflow/.local/lib/python3.8/site-packages/airflow/example_dags/example_kubernetes_executor.py
[2026-03-23T03:32:50.953+0000] {processor.py:840} INFO - DAG(s) 'example_kubernetes_executor' retrieved from /home/airflow/.local/lib/python3.8/site-packages/airflow/example_dags/example_kubernetes_executor.py
[2026-03-23T03:32:50.988+0000] {logging_mixin.py:188} INFO - [2026-03-23T03:32:50.988+0000] {dag.py:3047} INFO - Sync 1 DAGs
[2026-03-23T03:32:51.001+0000] {logging_mixin.py:188} INFO - [2026-03-23T03:32:51.001+0000] {dag.py:3834} INFO - Setting next_dagrun for example_kubernetes_executor to None, run_after=None
[2026-03-23T03:32:51.024+0000] {processor.py:183} INFO - Processing /home/airflow/.local/lib/python3.8/site-packages/airflow/example_dags/example_kubernetes_executor.py took 0.090 seconds
[2026-03-23T03:33:21.271+0000] {processor.py:161} INFO - Started process (PID=988) to work on /home/airflow/.local/lib/python3.8/site-packages/airflow/example_dags/example_kubernetes_executor.py
[2026-03-23T03:33:21.272+0000] {processor.py:830} INFO - Processing file /home/airflow/.local/lib/python3.8/site-packages/airflow/example_dags/example_kubernetes_executor.py for tasks to queue
[2026-03-23T03:33:21.274+0000] {logging_mixin.py:188} INFO - [2026-03-23T03:33:21.273+0000] {dagbag.py:540} INFO - Filling up the DagBag from /home/airflow/.local/lib/python3.8/site-packages/airflow/example_dags/example_kubernetes_executor.py
[2026-03-23T03:33:21.285+0000] {processor.py:840} INFO - DAG(s) 'example_kubernetes_executor' retrieved from /home/airflow/.local/lib/python3.8/site-packages/airflow/example_dags/example_kubernetes_executor.py
[2026-03-23T03:33:21.321+0000] {logging_mixin.py:188} INFO - [2026-03-23T03:33:21.321+0000] {dag.py:3047} INFO - Sync 1 DAGs
[2026-03-23T03:33:21.332+0000] {logging_mixin.py:188} INFO - [2026-03-23T03:33:21.332+0000] {dag.py:3834} INFO - Setting next_dagrun for example_kubernetes_executor to None, run_after=None
[2026-03-23T03:33:21.354+0000] {processor.py:183} INFO - Processing /home/airflow/.local/lib/python3.8/site-packages/airflow/example_dags/example_kubernetes_executor.py took 0.086 seconds
[2026-03-23T03:33:51.408+0000] {processor.py:161} INFO - Started process (PID=1043) to work on /home/airflow/.local/lib/python3.8/site-packages/airflow/example_dags/example_kubernetes_executor.py
[2026-03-23T03:33:51.409+0000] {processor.py:830} INFO - Processing file /home/airflow/.local/lib/python3.8/site-packages/airflow/example_dags/example_kubernetes_executor.py for tasks to queue
[2026-03-23T03:33:51.411+0000] {logging_mixin.py:188} INFO - [2026-03-23T03:33:51.411+0000] {dagbag.py:540} INFO - Filling up the DagBag from /home/airflow/.local/lib/python3.8/site-packages/airflow/example_dags/example_kubernetes_executor.py
[2026-03-23T03:33:51.424+0000] {processor.py:840} INFO - DAG(s) 'example_kubernetes_executor' retrieved from /home/airflow/.local/lib/python3.8/site-packages/airflow/example_dags/example_kubernetes_executor.py
[2026-03-23T03:33:51.459+0000] {logging_mixin.py:188} INFO - [2026-03-23T03:33:51.459+0000] {dag.py:3047} INFO - Sync 1 DAGs
[2026-03-23T03:33:51.470+0000] {logging_mixin.py:188} INFO - [2026-03-23T03:33:51.470+0000] {dag.py:3834} INFO - Setting next_dagrun for example_kubernetes_executor to None, run_after=None
[2026-03-23T03:33:51.493+0000] {processor.py:183} INFO - Processing /home/airflow/.local/lib/python3.8/site-packages/airflow/example_dags/example_kubernetes_executor.py took 0.088 seconds
[2026-03-23T03:34:22.223+0000] {processor.py:161} INFO - Started process (PID=1098) to work on /home/airflow/.local/lib/python3.8/site-packages/airflow/example_dags/example_kubernetes_executor.py
[2026-03-23T03:34:22.224+0000] {processor.py:830} INFO - Processing file /home/airflow/.local/lib/python3.8/site-packages/airflow/example_dags/example_kubernetes_executor.py for tasks to queue
[2026-03-23T03:34:22.226+0000] {logging_mixin.py:188} INFO - [2026-03-23T03:34:22.226+0000] {dagbag.py:540} INFO - Filling up the DagBag from /home/airflow/.local/lib/python3.8/site-packages/airflow/example_dags/example_kubernetes_executor.py
[2026-03-23T03:34:22.239+0000] {processor.py:840} INFO - DAG(s) 'example_kubernetes_executor' retrieved from /home/airflow/.local/lib/python3.8/site-packages/airflow/example_dags/example_kubernetes_executor.py
[2026-03-23T03:34:22.277+0000] {logging_mixin.py:188} INFO - [2026-03-23T03:34:22.277+0000] {dag.py:3047} INFO - Sync 1 DAGs
[2026-03-23T03:34:22.290+0000] {logging_mixin.py:188} INFO - [2026-03-23T03:34:22.290+0000] {dag.py:3834} INFO - Setting next_dagrun for example_kubernetes_executor to None, run_after=None
[2026-03-23T03:34:22.314+0000] {processor.py:183} INFO - Processing /home/airflow/.local/lib/python3.8/site-packages/airflow/example_dags/example_kubernetes_executor.py took 0.094 seconds
[2026-03-23T03:34:52.857+0000] {processor.py:161} INFO - Started process (PID=1153) to work on /home/airflow/.local/lib/python3.8/site-packages/airflow/example_dags/example_kubernetes_executor.py
[2026-03-23T03:34:52.861+0000] {processor.py:830} INFO - Processing file /home/airflow/.local/lib/python3.8/site-packages/airflow/example_dags/example_kubernetes_executor.py for tasks to queue
[2026-03-23T03:34:52.865+0000] {logging_mixin.py:188} INFO - [2026-03-23T03:34:52.864+0000] {dagbag.py:540} INFO - Filling up the DagBag from /home/airflow/.local/lib/python3.8/site-packages/airflow/example_dags/example_kubernetes_executor.py
[2026-03-23T03:34:52.890+0000] {processor.py:840} INFO - DAG(s) 'example_kubernetes_executor' retrieved from /home/airflow/.local/lib/python3.8/site-packages/airflow/example_dags/example_kubernetes_executor.py
[2026-03-23T03:34:52.952+0000] {logging_mixin.py:188} INFO - [2026-03-23T03:34:52.951+0000] {dag.py:3047} INFO - Sync 1 DAGs
[2026-03-23T03:34:52.970+0000] {logging_mixin.py:188} INFO - [2026-03-23T03:34:52.970+0000] {dag.py:3834} INFO - Setting next_dagrun for example_kubernetes_executor to None, run_after=None
[2026-03-23T03:34:53.005+0000] {processor.py:183} INFO - Processing /home/airflow/.local/lib/python3.8/site-packages/airflow/example_dags/example_kubernetes_executor.py took 0.154 seconds
[2026-03-23T03:37:21.551+0000] {processor.py:161} INFO - Started process (PID=102) to work on /home/airflow/.local/lib/python3.8/site-packages/airflow/example_dags/example_kubernetes_executor.py
[2026-03-23T03:37:21.552+0000] {processor.py:830} INFO - Processing file /home/airflow/.local/lib/python3.8/site-packages/airflow/example_dags/example_kubernetes_executor.py for tasks to queue
[2026-03-23T03:37:21.554+0000] {logging_mixin.py:188} INFO - [2026-03-23T03:37:21.554+0000] {dagbag.py:540} INFO - Filling up the DagBag from /home/airflow/.local/lib/python3.8/site-packages/airflow/example_dags/example_kubernetes_executor.py
[2026-03-23T03:37:21.569+0000] {processor.py:840} INFO - DAG(s) 'example_kubernetes_executor' retrieved from /home/airflow/.local/lib/python3.8/site-packages/airflow/example_dags/example_kubernetes_executor.py
[2026-03-23T03:37:21.583+0000] {logging_mixin.py:188} INFO - [2026-03-23T03:37:21.583+0000] {dag.py:3047} INFO - Sync 1 DAGs
[2026-03-23T03:37:21.598+0000] {logging_mixin.py:188} INFO - [2026-03-23T03:37:21.597+0000] {dag.py:3834} INFO - Setting next_dagrun for example_kubernetes_executor to None, run_after=None
[2026-03-23T03:37:21.624+0000] {processor.py:183} INFO - Processing /home/airflow/.local/lib/python3.8/site-packages/airflow/example_dags/example_kubernetes_executor.py took 0.076 seconds
[2026-03-23T03:37:53.814+0000] {processor.py:161} INFO - Started process (PID=163) to work on /home/airflow/.local/lib/python3.8/site-packages/airflow/example_dags/example_kubernetes_executor.py
[2026-03-23T03:37:53.815+0000] {processor.py:830} INFO - Processing file /home/airflow/.local/lib/python3.8/site-packages/airflow/example_dags/example_kubernetes_executor.py for tasks to queue
[2026-03-23T03:37:53.817+0000] {logging_mixin.py:188} INFO - [2026-03-23T03:37:53.817+0000] {dagbag.py:540} INFO - Filling up the DagBag from /home/airflow/.local/lib/python3.8/site-packages/airflow/example_dags/example_kubernetes_executor.py
[2026-03-23T03:37:53.836+0000] {processor.py:840} INFO - DAG(s) 'example_kubernetes_executor' retrieved from /home/airflow/.local/lib/python3.8/site-packages/airflow/example_dags/example_kubernetes_executor.py
[2026-03-23T03:37:53.961+0000] {logging_mixin.py:188} INFO - [2026-03-23T03:37:53.961+0000] {dag.py:3047} INFO - Sync 1 DAGs
[2026-03-23T03:37:53.972+0000] {logging_mixin.py:188} INFO - [2026-03-23T03:37:53.971+0000] {dag.py:3834} INFO - Setting next_dagrun for example_kubernetes_executor to None, run_after=None
[2026-03-23T03:37:53.995+0000] {processor.py:183} INFO - Processing /home/airflow/.local/lib/python3.8/site-packages/airflow/example_dags/example_kubernetes_executor.py took 0.185 seconds
[2026-03-23T03:38:24.830+0000] {processor.py:161} INFO - Started process (PID=218) to work on /home/airflow/.local/lib/python3.8/site-packages/airflow/example_dags/example_kubernetes_executor.py
[2026-03-23T03:38:24.832+0000] {processor.py:830} INFO - Processing file /home/airflow/.local/lib/python3.8/site-packages/airflow/example_dags/example_kubernetes_executor.py for tasks to queue
[2026-03-23T03:38:24.833+0000] {logging_mixin.py:188} INFO - [2026-03-23T03:38:24.833+0000] {dagbag.py:540} INFO - Filling up the DagBag from /home/airflow/.local/lib/python3.8/site-packages/airflow/example_dags/example_kubernetes_executor.py
[2026-03-23T03:38:24.847+0000] {processor.py:840} INFO - DAG(s) 'example_kubernetes_executor' retrieved from /home/airflow/.local/lib/python3.8/site-packages/airflow/example_dags/example_kubernetes_executor.py
[2026-03-23T03:38:24.886+0000] {logging_mixin.py:188} INFO - [2026-03-23T03:38:24.886+0000] {dag.py:3047} INFO - Sync 1 DAGs
[2026-03-23T03:38:24.899+0000] {logging_mixin.py:188} INFO - [2026-03-23T03:38:24.899+0000] {dag.py:3834} INFO - Setting next_dagrun for example_kubernetes_executor to None, run_after=None
[2026-03-23T03:38:24.922+0000] {processor.py:183} INFO - Processing /home/airflow/.local/lib/python3.8/site-packages/airflow/example_dags/example_kubernetes_executor.py took 0.095 seconds
[2026-03-23T03:38:55.103+0000] {processor.py:161} INFO - Started process (PID=273) to work on /home/airflow/.local/lib/python3.8/site-packages/airflow/example_dags/example_kubernetes_executor.py
[2026-03-23T03:38:55.105+0000] {processor.py:830} INFO - Processing file /home/airflow/.local/lib/python3.8/site-packages/airflow/example_dags/example_kubernetes_executor.py for tasks to queue
[2026-03-23T03:38:55.107+0000] {logging_mixin.py:188} INFO - [2026-03-23T03:38:55.107+0000] {dagbag.py:540} INFO - Filling up the DagBag from /home/airflow/.local/lib/python3.8/site-packages/airflow/example_dags/example_kubernetes_executor.py
[2026-03-23T03:38:55.121+0000] {processor.py:840} INFO - DAG(s) 'example_kubernetes_executor' retrieved from /home/airflow/.local/lib/python3.8/site-packages/airflow/example_dags/example_kubernetes_executor.py
[2026-03-23T03:38:55.167+0000] {logging_mixin.py:188} INFO - [2026-03-23T03:38:55.166+0000] {dag.py:3047} INFO - Sync 1 DAGs
[2026-03-23T03:38:55.179+0000] {logging_mixin.py:188} INFO - [2026-03-23T03:38:55.179+0000] {dag.py:3834} INFO - Setting next_dagrun for example_kubernetes_executor to None, run_after=None
[2026-03-23T03:38:55.204+0000] {processor.py:183} INFO - Processing /home/airflow/.local/lib/python3.8/site-packages/airflow/example_dags/example_kubernetes_executor.py took 0.105 seconds
[2026-03-23T03:39:25.383+0000] {processor.py:161} INFO - Started process (PID=328) to work on /home/airflow/.local/lib/python3.8/site-packages/airflow/example_dags/example_kubernetes_executor.py
[2026-03-23T03:39:25.385+0000] {processor.py:830} INFO - Processing file /home/airflow/.local/lib/python3.8/site-packages/airflow/example_dags/example_kubernetes_executor.py for tasks to queue
[2026-03-23T03:39:25.386+0000] {logging_mixin.py:188} INFO - [2026-03-23T03:39:25.386+0000] {dagbag.py:540} INFO - Filling up the DagBag from /home/airflow/.local/lib/python3.8/site-packages/airflow/example_dags/example_kubernetes_executor.py
[2026-03-23T03:39:25.399+0000] {processor.py:840} INFO - DAG(s) 'example_kubernetes_executor' retrieved from /home/airflow/.local/lib/python3.8/site-packages/airflow/example_dags/example_kubernetes_executor.py
[2026-03-23T03:39:25.437+0000] {logging_mixin.py:188} INFO - [2026-03-23T03:39:25.437+0000] {dag.py:3047} INFO - Sync 1 DAGs
[2026-03-23T03:39:25.451+0000] {logging_mixin.py:188} INFO - [2026-03-23T03:39:25.450+0000] {dag.py:3834} INFO - Setting next_dagrun for example_kubernetes_executor to None, run_after=None
[2026-03-23T03:39:25.476+0000] {processor.py:183} INFO - Processing /home/airflow/.local/lib/python3.8/site-packages/airflow/example_dags/example_kubernetes_executor.py took 0.096 seconds
[2026-03-23T03:39:55.734+0000] {processor.py:161} INFO - Started process (PID=383) to work on /home/airflow/.local/lib/python3.8/site-packages/airflow/example_dags/example_kubernetes_executor.py
[2026-03-23T03:39:55.735+0000] {processor.py:830} INFO - Processing file /home/airflow/.local/lib/python3.8/site-packages/airflow/example_dags/example_kubernetes_executor.py for tasks to queue
[2026-03-23T03:39:55.737+0000] {logging_mixin.py:188} INFO - [2026-03-23T03:39:55.737+0000] {dagbag.py:540} INFO - Filling up the DagBag from /home/airflow/.local/lib/python3.8/site-packages/airflow/example_dags/example_kubernetes_executor.py
[2026-03-23T03:39:55.753+0000] {processor.py:840} INFO - DAG(s) 'example_kubernetes_executor' retrieved from /home/airflow/.local/lib/python3.8/site-packages/airflow/example_dags/example_kubernetes_executor.py
[2026-03-23T03:39:55.797+0000] {logging_mixin.py:188} INFO - [2026-03-23T03:39:55.797+0000] {dag.py:3047} INFO - Sync 1 DAGs
[2026-03-23T03:39:55.811+0000] {logging_mixin.py:188} INFO - [2026-03-23T03:39:55.811+0000] {dag.py:3834} INFO - Setting next_dagrun for example_kubernetes_executor to None, run_after=None
[2026-03-23T03:39:55.837+0000] {processor.py:183} INFO - Processing /home/airflow/.local/lib/python3.8/site-packages/airflow/example_dags/example_kubernetes_executor.py took 0.107 seconds
[2026-03-23T03:40:26.181+0000] {processor.py:161} INFO - Started process (PID=438) to work on /home/airflow/.local/lib/python3.8/site-packages/airflow/example_dags/example_kubernetes_executor.py
[2026-03-23T03:40:26.183+0000] {processor.py:830} INFO - Processing file /home/airflow/.local/lib/python3.8/site-packages/airflow/example_dags/example_kubernetes_executor.py for tasks to queue
[2026-03-23T03:40:26.185+0000] {logging_mixin.py:188} INFO - [2026-03-23T03:40:26.184+0000] {dagbag.py:540} INFO - Filling up the DagBag from /home/airflow/.local/lib/python3.8/site-packages/airflow/example_dags/example_kubernetes_executor.py
[2026-03-23T03:40:26.198+0000] {processor.py:840} INFO - DAG(s) 'example_kubernetes_executor' retrieved from /home/airflow/.local/lib/python3.8/site-packages/airflow/example_dags/example_kubernetes_executor.py
[2026-03-23T03:40:26.239+0000] {logging_mixin.py:188} INFO - [2026-03-23T03:40:26.238+0000] {dag.py:3047} INFO - Sync 1 DAGs
[2026-03-23T03:40:26.251+0000] {logging_mixin.py:188} INFO - [2026-03-23T03:40:26.250+0000] {dag.py:3834} INFO - Setting next_dagrun for example_kubernetes_executor to None, run_after=None
[2026-03-23T03:40:26.272+0000] {processor.py:183} INFO - Processing /home/airflow/.local/lib/python3.8/site-packages/airflow/example_dags/example_kubernetes_executor.py took 0.093 seconds
[2026-03-23T03:40:56.557+0000] {processor.py:161} INFO - Started process (PID=493) to work on /home/airflow/.local/lib/python3.8/site-packages/airflow/example_dags/example_kubernetes_executor.py
[2026-03-23T03:40:56.558+0000] {processor.py:830} INFO - Processing file /home/airflow/.local/lib/python3.8/site-packages/airflow/example_dags/example_kubernetes_executor.py for tasks to queue
[2026-03-23T03:40:56.561+0000] {logging_mixin.py:188} INFO - [2026-03-23T03:40:56.560+0000] {dagbag.py:540} INFO - Filling up the DagBag from /home/airflow/.local/lib/python3.8/site-packages/airflow/example_dags/example_kubernetes_executor.py
[2026-03-23T03:40:56.583+0000] {processor.py:840} INFO - DAG(s) 'example_kubernetes_executor' retrieved from /home/airflow/.local/lib/python3.8/site-packages/airflow/example_dags/example_kubernetes_executor.py
[2026-03-23T03:40:56.632+0000] {logging_mixin.py:188} INFO - [2026-03-23T03:40:56.631+0000] {dag.py:3047} INFO - Sync 1 DAGs
[2026-03-23T03:40:56.648+0000] {logging_mixin.py:188} INFO - [2026-03-23T03:40:56.648+0000] {dag.py:3834} INFO - Setting next_dagrun for example_kubernetes_executor to None, run_after=None
[2026-03-23T03:40:56.677+0000] {processor.py:183} INFO - Processing /home/airflow/.local/lib/python3.8/site-packages/airflow/example_dags/example_kubernetes_executor.py took 0.124 seconds
[2026-03-23T03:41:26.731+0000] {processor.py:161} INFO - Started process (PID=548) to work on /home/airflow/.local/lib/python3.8/site-packages/airflow/example_dags/example_kubernetes_executor.py
[2026-03-23T03:41:26.732+0000] {processor.py:830} INFO - Processing file /home/airflow/.local/lib/python3.8/site-packages/airflow/example_dags/example_kubernetes_executor.py for tasks to queue
[2026-03-23T03:41:26.734+0000] {logging_mixin.py:188} INFO - [2026-03-23T03:41:26.733+0000] {dagbag.py:540} INFO - Filling up the DagBag from /home/airflow/.local/lib/python3.8/site-packages/airflow/example_dags/example_kubernetes_executor.py
[2026-03-23T03:41:26.746+0000] {processor.py:840} INFO - DAG(s) 'example_kubernetes_executor' retrieved from /home/airflow/.local/lib/python3.8/site-packages/airflow/example_dags/example_kubernetes_executor.py
[2026-03-23T03:41:26.782+0000] {logging_mixin.py:188} INFO - [2026-03-23T03:41:26.782+0000] {dag.py:3047} INFO - Sync 1 DAGs
[2026-03-23T03:41:26.796+0000] {logging_mixin.py:188} INFO - [2026-03-23T03:41:26.795+0000] {dag.py:3834} INFO - Setting next_dagrun for example_kubernetes_executor to None, run_after=None
[2026-03-23T03:41:26.818+0000] {processor.py:183} INFO - Processing /home/airflow/.local/lib/python3.8/site-packages/airflow/example_dags/example_kubernetes_executor.py took 0.090 seconds
[2026-03-23T03:41:57.103+0000] {processor.py:161} INFO - Started process (PID=603) to work on /home/airflow/.local/lib/python3.8/site-packages/airflow/example_dags/example_kubernetes_executor.py
[2026-03-23T03:41:57.104+0000] {processor.py:830} INFO - Processing file /home/airflow/.local/lib/python3.8/site-packages/airflow/example_dags/example_kubernetes_executor.py for tasks to queue
[2026-03-23T03:41:57.105+0000] {logging_mixin.py:188} INFO - [2026-03-23T03:41:57.105+0000] {dagbag.py:540} INFO - Filling up the DagBag from /home/airflow/.local/lib/python3.8/site-packages/airflow/example_dags/example_kubernetes_executor.py
[2026-03-23T03:41:57.118+0000] {processor.py:840} INFO - DAG(s) 'example_kubernetes_executor' retrieved from /home/airflow/.local/lib/python3.8/site-packages/airflow/example_dags/example_kubernetes_executor.py
[2026-03-23T03:41:57.156+0000] {logging_mixin.py:188} INFO - [2026-03-23T03:41:57.156+0000] {dag.py:3047} INFO - Sync 1 DAGs
[2026-03-23T03:41:57.168+0000] {logging_mixin.py:188} INFO - [2026-03-23T03:41:57.168+0000] {dag.py:3834} INFO - Setting next_dagrun for example_kubernetes_executor to None, run_after=None
[2026-03-23T03:41:57.188+0000] {processor.py:183} INFO - Processing /home/airflow/.local/lib/python3.8/site-packages/airflow/example_dags/example_kubernetes_executor.py took 0.088 seconds
[2026-03-23T03:42:28.117+0000] {processor.py:161} INFO - Started process (PID=658) to work on /home/airflow/.local/lib/python3.8/site-packages/airflow/example_dags/example_kubernetes_executor.py
[2026-03-23T03:42:28.119+0000] {processor.py:830} INFO - Processing file /home/airflow/.local/lib/python3.8/site-packages/airflow/example_dags/example_kubernetes_executor.py for tasks to queue
[2026-03-23T03:42:28.121+0000] {logging_mixin.py:188} INFO - [2026-03-23T03:42:28.120+0000] {dagbag.py:540} INFO - Filling up the DagBag from /home/airflow/.local/lib/python3.8/site-packages/airflow/example_dags/example_kubernetes_executor.py
[2026-03-23T03:42:28.134+0000] {processor.py:840} INFO - DAG(s) 'example_kubernetes_executor' retrieved from /home/airflow/.local/lib/python3.8/site-packages/airflow/example_dags/example_kubernetes_executor.py
[2026-03-23T03:42:28.176+0000] {logging_mixin.py:188} INFO - [2026-03-23T03:42:28.175+0000] {dag.py:3047} INFO - Sync 1 DAGs
[2026-03-23T03:42:28.188+0000] {logging_mixin.py:188} INFO - [2026-03-23T03:42:28.187+0000] {dag.py:3834} INFO - Setting next_dagrun for example_kubernetes_executor to None, run_after=None
[2026-03-23T03:42:28.212+0000] {processor.py:183} INFO - Processing /home/airflow/.local/lib/python3.8/site-packages/airflow/example_dags/example_kubernetes_executor.py took 0.098 seconds
[2026-03-23T03:42:58.684+0000] {processor.py:161} INFO - Started process (PID=713) to work on /home/airflow/.local/lib/python3.8/site-packages/airflow/example_dags/example_kubernetes_executor.py
[2026-03-23T03:42:58.686+0000] {processor.py:830} INFO - Processing file /home/airflow/.local/lib/python3.8/site-packages/airflow/example_dags/example_kubernetes_executor.py for tasks to queue
[2026-03-23T03:42:58.687+0000] {logging_mixin.py:188} INFO - [2026-03-23T03:42:58.687+0000] {dagbag.py:540} INFO - Filling up the DagBag from /home/airflow/.local/lib/python3.8/site-packages/airflow/example_dags/example_kubernetes_executor.py
[2026-03-23T03:42:58.700+0000] {processor.py:840} INFO - DAG(s) 'example_kubernetes_executor' retrieved from /home/airflow/.local/lib/python3.8/site-packages/airflow/example_dags/example_kubernetes_executor.py
[2026-03-23T03:42:58.739+0000] {logging_mixin.py:188} INFO - [2026-03-23T03:42:58.739+0000] {dag.py:3047} INFO - Sync 1 DAGs
[2026-03-23T03:42:58.754+0000] {logging_mixin.py:188} INFO - [2026-03-23T03:42:58.754+0000] {dag.py:3834} INFO - Setting next_dagrun for example_kubernetes_executor to None, run_after=None
[2026-03-23T03:42:58.783+0000] {processor.py:183} INFO - Processing /home/airflow/.local/lib/python3.8/site-packages/airflow/example_dags/example_kubernetes_executor.py took 0.102 seconds
[2026-03-23T03:43:29.118+0000] {processor.py:161} INFO - Started process (PID=768) to work on /home/airflow/.local/lib/python3.8/site-packages/airflow/example_dags/example_kubernetes_executor.py
[2026-03-23T03:43:29.120+0000] {processor.py:830} INFO - Processing file /home/airflow/.local/lib/python3.8/site-packages/airflow/example_dags/example_kubernetes_executor.py for tasks to queue
[2026-03-23T03:43:29.122+0000] {logging_mixin.py:188} INFO - [2026-03-23T03:43:29.122+0000] {dagbag.py:540} INFO - Filling up the DagBag from /home/airflow/.local/lib/python3.8/site-packages/airflow/example_dags/example_kubernetes_executor.py
[2026-03-23T03:43:29.136+0000] {processor.py:840} INFO - DAG(s) 'example_kubernetes_executor' retrieved from /home/airflow/.local/lib/python3.8/site-packages/airflow/example_dags/example_kubernetes_executor.py
[2026-03-23T03:43:29.177+0000] {logging_mixin.py:188} INFO - [2026-03-23T03:43:29.177+0000] {dag.py:3047} INFO - Sync 1 DAGs
[2026-03-23T03:43:29.192+0000] {logging_mixin.py:188} INFO - [2026-03-23T03:43:29.192+0000] {dag.py:3834} INFO - Setting next_dagrun for example_kubernetes_executor to None, run_after=None
[2026-03-23T03:43:29.217+0000] {processor.py:183} INFO - Processing /home/airflow/.local/lib/python3.8/site-packages/airflow/example_dags/example_kubernetes_executor.py took 0.102 seconds
[2026-03-23T03:43:59.597+0000] {processor.py:161} INFO - Started process (PID=823) to work on /home/airflow/.local/lib/python3.8/site-packages/airflow/example_dags/example_kubernetes_executor.py
[2026-03-23T03:43:59.599+0000] {processor.py:830} INFO - Processing file /home/airflow/.local/lib/python3.8/site-packages/airflow/example_dags/example_kubernetes_executor.py for tasks to queue
[2026-03-23T03:43:59.601+0000] {logging_mixin.py:188} INFO - [2026-03-23T03:43:59.600+0000] {dagbag.py:540} INFO - Filling up the DagBag from /home/airflow/.local/lib/python3.8/site-packages/airflow/example_dags/example_kubernetes_executor.py
[2026-03-23T03:43:59.613+0000] {processor.py:840} INFO - DAG(s) 'example_kubernetes_executor' retrieved from /home/airflow/.local/lib/python3.8/site-packages/airflow/example_dags/example_kubernetes_executor.py
[2026-03-23T03:43:59.652+0000] {logging_mixin.py:188} INFO - [2026-03-23T03:43:59.652+0000] {dag.py:3047} INFO - Sync 1 DAGs
[2026-03-23T03:43:59.664+0000] {logging_mixin.py:188} INFO - [2026-03-23T03:43:59.663+0000] {dag.py:3834} INFO - Setting next_dagrun for example_kubernetes_executor to None, run_after=None
[2026-03-23T03:43:59.687+0000] {processor.py:183} INFO - Processing /home/airflow/.local/lib/python3.8/site-packages/airflow/example_dags/example_kubernetes_executor.py took 0.093 seconds
[2026-03-23T03:44:30.118+0000] {processor.py:161} INFO - Started process (PID=878) to work on /home/airflow/.local/lib/python3.8/site-packages/airflow/example_dags/example_kubernetes_executor.py
[2026-03-23T03:44:30.120+0000] {processor.py:830} INFO - Processing file /home/airflow/.local/lib/python3.8/site-packages/airflow/example_dags/example_kubernetes_executor.py for tasks to queue
[2026-03-23T03:44:30.122+0000] {logging_mixin.py:188} INFO - [2026-03-23T03:44:30.121+0000] {dagbag.py:540} INFO - Filling up the DagBag from /home/airflow/.local/lib/python3.8/site-packages/airflow/example_dags/example_kubernetes_executor.py
[2026-03-23T03:44:30.135+0000] {processor.py:840} INFO - DAG(s) 'example_kubernetes_executor' retrieved from /home/airflow/.local/lib/python3.8/site-packages/airflow/example_dags/example_kubernetes_executor.py
[2026-03-23T03:44:30.173+0000] {logging_mixin.py:188} INFO - [2026-03-23T03:44:30.173+0000] {dag.py:3047} INFO - Sync 1 DAGs
[2026-03-23T03:44:30.184+0000] {logging_mixin.py:188} INFO - [2026-03-23T03:44:30.184+0000] {dag.py:3834} INFO - Setting next_dagrun for example_kubernetes_executor to None, run_after=None
[2026-03-23T03:44:30.206+0000] {processor.py:183} INFO - Processing /home/airflow/.local/lib/python3.8/site-packages/airflow/example_dags/example_kubernetes_executor.py took 0.092 seconds
[2026-03-23T03:45:00.572+0000] {processor.py:161} INFO - Started process (PID=933) to work on /home/airflow/.local/lib/python3.8/site-packages/airflow/example_dags/example_kubernetes_executor.py
[2026-03-23T03:45:00.573+0000] {processor.py:830} INFO - Processing file /home/airflow/.local/lib/python3.8/site-packages/airflow/example_dags/example_kubernetes_executor.py for tasks to queue
[2026-03-23T03:45:00.574+0000] {logging_mixin.py:188} INFO - [2026-03-23T03:45:00.574+0000] {dagbag.py:540} INFO - Filling up the DagBag from /home/airflow/.local/lib/python3.8/site-packages/airflow/example_dags/example_kubernetes_executor.py
[2026-03-23T03:45:00.587+0000] {processor.py:840} INFO - DAG(s) 'example_kubernetes_executor' retrieved from /home/airflow/.local/lib/python3.8/site-packages/airflow/example_dags/example_kubernetes_executor.py
[2026-03-23T03:45:00.623+0000] {logging_mixin.py:188} INFO - [2026-03-23T03:45:00.622+0000] {dag.py:3047} INFO - Sync 1 DAGs
[2026-03-23T03:45:00.634+0000] {logging_mixin.py:188} INFO - [2026-03-23T03:45:00.634+0000] {dag.py:3834} INFO - Setting next_dagrun for example_kubernetes_executor to None, run_after=None
[2026-03-23T03:45:00.656+0000] {processor.py:183} INFO - Processing /home/airflow/.local/lib/python3.8/site-packages/airflow/example_dags/example_kubernetes_executor.py took 0.087 seconds
[2026-03-23T03:45:30.841+0000] {processor.py:161} INFO - Started process (PID=988) to work on /home/airflow/.local/lib/python3.8/site-packages/airflow/example_dags/example_kubernetes_executor.py
[2026-03-23T03:45:30.842+0000] {processor.py:830} INFO - Processing file /home/airflow/.local/lib/python3.8/site-packages/airflow/example_dags/example_kubernetes_executor.py for tasks to queue
[2026-03-23T03:45:30.844+0000] {logging_mixin.py:188} INFO - [2026-03-23T03:45:30.844+0000] {dagbag.py:540} INFO - Filling up the DagBag from /home/airflow/.local/lib/python3.8/site-packages/airflow/example_dags/example_kubernetes_executor.py
[2026-03-23T03:45:30.856+0000] {processor.py:840} INFO - DAG(s) 'example_kubernetes_executor' retrieved from /home/airflow/.local/lib/python3.8/site-packages/airflow/example_dags/example_kubernetes_executor.py
[2026-03-23T03:45:30.892+0000] {logging_mixin.py:188} INFO - [2026-03-23T03:45:30.892+0000] {dag.py:3047} INFO - Sync 1 DAGs
[2026-03-23T03:45:30.904+0000] {logging_mixin.py:188} INFO - [2026-03-23T03:45:30.904+0000] {dag.py:3834} INFO - Setting next_dagrun for example_kubernetes_executor to None, run_after=None
[2026-03-23T03:45:30.927+0000] {processor.py:183} INFO - Processing /home/airflow/.local/lib/python3.8/site-packages/airflow/example_dags/example_kubernetes_executor.py took 0.089 seconds
[2026-03-23T03:46:01.106+0000] {processor.py:161} INFO - Started process (PID=1043) to work on /home/airflow/.local/lib/python3.8/site-packages/airflow/example_dags/example_kubernetes_executor.py
[2026-03-23T03:46:01.107+0000] {processor.py:830} INFO - Processing file /home/airflow/.local/lib/python3.8/site-packages/airflow/example_dags/example_kubernetes_executor.py for tasks to queue
[2026-03-23T03:46:01.109+0000] {logging_mixin.py:188} INFO - [2026-03-23T03:46:01.109+0000] {dagbag.py:540} INFO - Filling up the DagBag from /home/airflow/.local/lib/python3.8/site-packages/airflow/example_dags/example_kubernetes_executor.py
[2026-03-23T03:46:01.124+0000] {processor.py:840} INFO - DAG(s) 'example_kubernetes_executor' retrieved from /home/airflow/.local/lib/python3.8/site-packages/airflow/example_dags/example_kubernetes_executor.py
[2026-03-23T03:46:01.162+0000] {logging_mixin.py:188} INFO - [2026-03-23T03:46:01.161+0000] {dag.py:3047} INFO - Sync 1 DAGs
[2026-03-23T03:46:01.173+0000] {logging_mixin.py:188} INFO - [2026-03-23T03:46:01.172+0000] {dag.py:3834} INFO - Setting next_dagrun for example_kubernetes_executor to None, run_after=None
[2026-03-23T03:46:01.195+0000] {processor.py:183} INFO - Processing /home/airflow/.local/lib/python3.8/site-packages/airflow/example_dags/example_kubernetes_executor.py took 0.092 seconds
[2026-03-23T03:46:31.508+0000] {processor.py:161} INFO - Started process (PID=1098) to work on /home/airflow/.local/lib/python3.8/site-packages/airflow/example_dags/example_kubernetes_executor.py
[2026-03-23T03:46:31.509+0000] {processor.py:830} INFO - Processing file /home/airflow/.local/lib/python3.8/site-packages/airflow/example_dags/example_kubernetes_executor.py for tasks to queue
[2026-03-23T03:46:31.512+0000] {logging_mixin.py:188} INFO - [2026-03-23T03:46:31.512+0000] {dagbag.py:540} INFO - Filling up the DagBag from /home/airflow/.local/lib/python3.8/site-packages/airflow/example_dags/example_kubernetes_executor.py
[2026-03-23T03:46:31.524+0000] {processor.py:840} INFO - DAG(s) 'example_kubernetes_executor' retrieved from /home/airflow/.local/lib/python3.8/site-packages/airflow/example_dags/example_kubernetes_executor.py
[2026-03-23T03:46:31.564+0000] {logging_mixin.py:188} INFO - [2026-03-23T03:46:31.564+0000] {dag.py:3047} INFO - Sync 1 DAGs
[2026-03-23T03:46:31.577+0000] {logging_mixin.py:188} INFO - [2026-03-23T03:46:31.577+0000] {dag.py:3834} INFO - Setting next_dagrun for example_kubernetes_executor to None, run_after=None
[2026-03-23T03:46:31.600+0000] {processor.py:183} INFO - Processing /home/airflow/.local/lib/python3.8/site-packages/airflow/example_dags/example_kubernetes_executor.py took 0.095 seconds
[2026-03-23T03:47:01.830+0000] {processor.py:161} INFO - Started process (PID=1153) to work on /home/airflow/.local/lib/python3.8/site-packages/airflow/example_dags/example_kubernetes_executor.py
[2026-03-23T03:47:01.831+0000] {processor.py:830} INFO - Processing file /home/airflow/.local/lib/python3.8/site-packages/airflow/example_dags/example_kubernetes_executor.py for tasks to queue
[2026-03-23T03:47:01.833+0000] {logging_mixin.py:188} INFO - [2026-03-23T03:47:01.833+0000] {dagbag.py:540} INFO - Filling up the DagBag from /home/airflow/.local/lib/python3.8/site-packages/airflow/example_dags/example_kubernetes_executor.py
[2026-03-23T03:47:01.845+0000] {processor.py:840} INFO - DAG(s) 'example_kubernetes_executor' retrieved from /home/airflow/.local/lib/python3.8/site-packages/airflow/example_dags/example_kubernetes_executor.py
[2026-03-23T03:47:01.879+0000] {logging_mixin.py:188} INFO - [2026-03-23T03:47:01.879+0000] {dag.py:3047} INFO - Sync 1 DAGs
[2026-03-23T03:47:01.890+0000] {logging_mixin.py:188} INFO - [2026-03-23T03:47:01.889+0000] {dag.py:3834} INFO - Setting next_dagrun for example_kubernetes_executor to None, run_after=None
[2026-03-23T03:47:01.911+0000] {processor.py:183} INFO - Processing /home/airflow/.local/lib/python3.8/site-packages/airflow/example_dags/example_kubernetes_executor.py took 0.084 seconds
[2026-03-23T03:47:31.958+0000] {processor.py:161} INFO - Started process (PID=1208) to work on /home/airflow/.local/lib/python3.8/site-packages/airflow/example_dags/example_kubernetes_executor.py
[2026-03-23T03:47:31.960+0000] {processor.py:830} INFO - Processing file /home/airflow/.local/lib/python3.8/site-packages/airflow/example_dags/example_kubernetes_executor.py for tasks to queue
[2026-03-23T03:47:31.963+0000] {logging_mixin.py:188} INFO - [2026-03-23T03:47:31.962+0000] {dagbag.py:540} INFO - Filling up the DagBag from /home/airflow/.local/lib/python3.8/site-packages/airflow/example_dags/example_kubernetes_executor.py
[2026-03-23T03:47:31.977+0000] {processor.py:840} INFO - DAG(s) 'example_kubernetes_executor' retrieved from /home/airflow/.local/lib/python3.8/site-packages/airflow/example_dags/example_kubernetes_executor.py
[2026-03-23T03:47:32.023+0000] {logging_mixin.py:188} INFO - [2026-03-23T03:47:32.023+0000] {dag.py:3047} INFO - Sync 1 DAGs
[2026-03-23T03:47:32.039+0000] {logging_mixin.py:188} INFO - [2026-03-23T03:47:32.039+0000] {dag.py:3834} INFO - Setting next_dagrun for example_kubernetes_executor to None, run_after=None
[2026-03-23T03:47:32.063+0000] {processor.py:183} INFO - Processing /home/airflow/.local/lib/python3.8/site-packages/airflow/example_dags/example_kubernetes_executor.py took 0.109 seconds
[2026-03-23T03:48:02.235+0000] {processor.py:161} INFO - Started process (PID=1263) to work on /home/airflow/.local/lib/python3.8/site-packages/airflow/example_dags/example_kubernetes_executor.py
[2026-03-23T03:48:02.236+0000] {processor.py:830} INFO - Processing file /home/airflow/.local/lib/python3.8/site-packages/airflow/example_dags/example_kubernetes_executor.py for tasks to queue
[2026-03-23T03:48:02.238+0000] {logging_mixin.py:188} INFO - [2026-03-23T03:48:02.238+0000] {dagbag.py:540} INFO - Filling up the DagBag from /home/airflow/.local/lib/python3.8/site-packages/airflow/example_dags/example_kubernetes_executor.py
[2026-03-23T03:48:02.251+0000] {processor.py:840} INFO - DAG(s) 'example_kubernetes_executor' retrieved from /home/airflow/.local/lib/python3.8/site-packages/airflow/example_dags/example_kubernetes_executor.py
[2026-03-23T03:48:02.286+0000] {logging_mixin.py:188} INFO - [2026-03-23T03:48:02.286+0000] {dag.py:3047} INFO - Sync 1 DAGs
[2026-03-23T03:48:02.299+0000] {logging_mixin.py:188} INFO - [2026-03-23T03:48:02.299+0000] {dag.py:3834} INFO - Setting next_dagrun for example_kubernetes_executor to None, run_after=None
[2026-03-23T03:48:02.320+0000] {processor.py:183} INFO - Processing /home/airflow/.local/lib/python3.8/site-packages/airflow/example_dags/example_kubernetes_executor.py took 0.087 seconds
[2026-03-23T03:48:33.053+0000] {processor.py:161} INFO - Started process (PID=1318) to work on /home/airflow/.local/lib/python3.8/site-packages/airflow/example_dags/example_kubernetes_executor.py
[2026-03-23T03:48:33.054+0000] {processor.py:830} INFO - Processing file /home/airflow/.local/lib/python3.8/site-packages/airflow/example_dags/example_kubernetes_executor.py for tasks to queue
[2026-03-23T03:48:33.057+0000] {logging_mixin.py:188} INFO - [2026-03-23T03:48:33.057+0000] {dagbag.py:540} INFO - Filling up the DagBag from /home/airflow/.local/lib/python3.8/site-packages/airflow/example_dags/example_kubernetes_executor.py
[2026-03-23T03:48:33.075+0000] {processor.py:840} INFO - DAG(s) 'example_kubernetes_executor' retrieved from /home/airflow/.local/lib/python3.8/site-packages/airflow/example_dags/example_kubernetes_executor.py
[2026-03-23T03:48:33.122+0000] {logging_mixin.py:188} INFO - [2026-03-23T03:48:33.122+0000] {dag.py:3047} INFO - Sync 1 DAGs
[2026-03-23T03:48:33.138+0000] {logging_mixin.py:188} INFO - [2026-03-23T03:48:33.138+0000] {dag.py:3834} INFO - Setting next_dagrun for example_kubernetes_executor to None, run_after=None
[2026-03-23T03:48:33.167+0000] {processor.py:183} INFO - Processing /home/airflow/.local/lib/python3.8/site-packages/airflow/example_dags/example_kubernetes_executor.py took 0.118 seconds
[2026-03-23T03:49:03.412+0000] {processor.py:161} INFO - Started process (PID=1373) to work on /home/airflow/.local/lib/python3.8/site-packages/airflow/example_dags/example_kubernetes_executor.py
[2026-03-23T03:49:03.413+0000] {processor.py:830} INFO - Processing file /home/airflow/.local/lib/python3.8/site-packages/airflow/example_dags/example_kubernetes_executor.py for tasks to queue
[2026-03-23T03:49:03.416+0000] {logging_mixin.py:188} INFO - [2026-03-23T03:49:03.415+0000] {dagbag.py:540} INFO - Filling up the DagBag from /home/airflow/.local/lib/python3.8/site-packages/airflow/example_dags/example_kubernetes_executor.py
[2026-03-23T03:49:03.432+0000] {processor.py:840} INFO - DAG(s) 'example_kubernetes_executor' retrieved from /home/airflow/.local/lib/python3.8/site-packages/airflow/example_dags/example_kubernetes_executor.py
[2026-03-23T03:49:03.477+0000] {logging_mixin.py:188} INFO - [2026-03-23T03:49:03.477+0000] {dag.py:3047} INFO - Sync 1 DAGs
[2026-03-23T03:49:03.492+0000] {logging_mixin.py:188} INFO - [2026-03-23T03:49:03.492+0000] {dag.py:3834} INFO - Setting next_dagrun for example_kubernetes_executor to None, run_after=None
[2026-03-23T03:49:03.518+0000] {processor.py:183} INFO - Processing /home/airflow/.local/lib/python3.8/site-packages/airflow/example_dags/example_kubernetes_executor.py took 0.110 seconds
[2026-03-23T03:49:33.834+0000] {processor.py:161} INFO - Started process (PID=1428) to work on /home/airflow/.local/lib/python3.8/site-packages/airflow/example_dags/example_kubernetes_executor.py
[2026-03-23T03:49:33.836+0000] {processor.py:830} INFO - Processing file /home/airflow/.local/lib/python3.8/site-packages/airflow/example_dags/example_kubernetes_executor.py for tasks to queue
[2026-03-23T03:49:33.838+0000] {logging_mixin.py:188} INFO - [2026-03-23T03:49:33.838+0000] {dagbag.py:540} INFO - Filling up the DagBag from /home/airflow/.local/lib/python3.8/site-packages/airflow/example_dags/example_kubernetes_executor.py
[2026-03-23T03:49:33.851+0000] {processor.py:840} INFO - DAG(s) 'example_kubernetes_executor' retrieved from /home/airflow/.local/lib/python3.8/site-packages/airflow/example_dags/example_kubernetes_executor.py
[2026-03-23T03:49:33.894+0000] {logging_mixin.py:188} INFO - [2026-03-23T03:49:33.894+0000] {dag.py:3047} INFO - Sync 1 DAGs
[2026-03-23T03:49:33.911+0000] {logging_mixin.py:188} INFO - [2026-03-23T03:49:33.911+0000] {dag.py:3834} INFO - Setting next_dagrun for example_kubernetes_executor to None, run_after=None
[2026-03-23T03:49:33.937+0000] {processor.py:183} INFO - Processing /home/airflow/.local/lib/python3.8/site-packages/airflow/example_dags/example_kubernetes_executor.py took 0.106 seconds
[2026-03-23T03:50:49.761+0000] {processor.py:161} INFO - Started process (PID=108) to work on /home/airflow/.local/lib/python3.8/site-packages/airflow/example_dags/example_kubernetes_executor.py
[2026-03-23T03:50:49.762+0000] {processor.py:830} INFO - Processing file /home/airflow/.local/lib/python3.8/site-packages/airflow/example_dags/example_kubernetes_executor.py for tasks to queue
[2026-03-23T03:50:49.765+0000] {logging_mixin.py:188} INFO - [2026-03-23T03:50:49.765+0000] {dagbag.py:540} INFO - Filling up the DagBag from /home/airflow/.local/lib/python3.8/site-packages/airflow/example_dags/example_kubernetes_executor.py
[2026-03-23T03:50:49.782+0000] {processor.py:840} INFO - DAG(s) 'example_kubernetes_executor' retrieved from /home/airflow/.local/lib/python3.8/site-packages/airflow/example_dags/example_kubernetes_executor.py
[2026-03-23T03:50:49.796+0000] {logging_mixin.py:188} INFO - [2026-03-23T03:50:49.796+0000] {dag.py:3047} INFO - Sync 1 DAGs
[2026-03-23T03:50:49.812+0000] {logging_mixin.py:188} INFO - [2026-03-23T03:50:49.811+0000] {dag.py:3834} INFO - Setting next_dagrun for example_kubernetes_executor to None, run_after=None
[2026-03-23T03:50:49.841+0000] {processor.py:183} INFO - Processing /home/airflow/.local/lib/python3.8/site-packages/airflow/example_dags/example_kubernetes_executor.py took 0.084 seconds
[2026-03-23T03:51:22.231+0000] {processor.py:161} INFO - Started process (PID=163) to work on /home/airflow/.local/lib/python3.8/site-packages/airflow/example_dags/example_kubernetes_executor.py
[2026-03-23T03:51:22.233+0000] {processor.py:830} INFO - Processing file /home/airflow/.local/lib/python3.8/site-packages/airflow/example_dags/example_kubernetes_executor.py for tasks to queue
[2026-03-23T03:51:22.235+0000] {logging_mixin.py:188} INFO - [2026-03-23T03:51:22.234+0000] {dagbag.py:540} INFO - Filling up the DagBag from /home/airflow/.local/lib/python3.8/site-packages/airflow/example_dags/example_kubernetes_executor.py
[2026-03-23T03:51:22.250+0000] {processor.py:840} INFO - DAG(s) 'example_kubernetes_executor' retrieved from /home/airflow/.local/lib/python3.8/site-packages/airflow/example_dags/example_kubernetes_executor.py
[2026-03-23T03:51:22.398+0000] {logging_mixin.py:188} INFO - [2026-03-23T03:51:22.398+0000] {dag.py:3047} INFO - Sync 1 DAGs
[2026-03-23T03:51:22.412+0000] {logging_mixin.py:188} INFO - [2026-03-23T03:51:22.412+0000] {dag.py:3834} INFO - Setting next_dagrun for example_kubernetes_executor to None, run_after=None
[2026-03-23T03:51:22.443+0000] {processor.py:183} INFO - Processing /home/airflow/.local/lib/python3.8/site-packages/airflow/example_dags/example_kubernetes_executor.py took 0.215 seconds
[2026-03-23T03:51:52.529+0000] {processor.py:161} INFO - Started process (PID=218) to work on /home/airflow/.local/lib/python3.8/site-packages/airflow/example_dags/example_kubernetes_executor.py
[2026-03-23T03:51:52.531+0000] {processor.py:830} INFO - Processing file /home/airflow/.local/lib/python3.8/site-packages/airflow/example_dags/example_kubernetes_executor.py for tasks to queue
[2026-03-23T03:51:52.533+0000] {logging_mixin.py:188} INFO - [2026-03-23T03:51:52.533+0000] {dagbag.py:540} INFO - Filling up the DagBag from /home/airflow/.local/lib/python3.8/site-packages/airflow/example_dags/example_kubernetes_executor.py
[2026-03-23T03:51:52.547+0000] {processor.py:840} INFO - DAG(s) 'example_kubernetes_executor' retrieved from /home/airflow/.local/lib/python3.8/site-packages/airflow/example_dags/example_kubernetes_executor.py
[2026-03-23T03:51:52.588+0000] {logging_mixin.py:188} INFO - [2026-03-23T03:51:52.587+0000] {dag.py:3047} INFO - Sync 1 DAGs
[2026-03-23T03:51:52.600+0000] {logging_mixin.py:188} INFO - [2026-03-23T03:51:52.599+0000] {dag.py:3834} INFO - Setting next_dagrun for example_kubernetes_executor to None, run_after=None
[2026-03-23T03:51:52.624+0000] {processor.py:183} INFO - Processing /home/airflow/.local/lib/python3.8/site-packages/airflow/example_dags/example_kubernetes_executor.py took 0.098 seconds
[2026-03-23T03:52:22.692+0000] {processor.py:161} INFO - Started process (PID=273) to work on /home/airflow/.local/lib/python3.8/site-packages/airflow/example_dags/example_kubernetes_executor.py
[2026-03-23T03:52:22.693+0000] {processor.py:830} INFO - Processing file /home/airflow/.local/lib/python3.8/site-packages/airflow/example_dags/example_kubernetes_executor.py for tasks to queue
[2026-03-23T03:52:22.695+0000] {logging_mixin.py:188} INFO - [2026-03-23T03:52:22.695+0000] {dagbag.py:540} INFO - Filling up the DagBag from /home/airflow/.local/lib/python3.8/site-packages/airflow/example_dags/example_kubernetes_executor.py
[2026-03-23T03:52:22.709+0000] {processor.py:840} INFO - DAG(s) 'example_kubernetes_executor' retrieved from /home/airflow/.local/lib/python3.8/site-packages/airflow/example_dags/example_kubernetes_executor.py
[2026-03-23T03:52:22.754+0000] {logging_mixin.py:188} INFO - [2026-03-23T03:52:22.754+0000] {dag.py:3047} INFO - Sync 1 DAGs
[2026-03-23T03:52:22.769+0000] {logging_mixin.py:188} INFO - [2026-03-23T03:52:22.769+0000] {dag.py:3834} INFO - Setting next_dagrun for example_kubernetes_executor to None, run_after=None
[2026-03-23T03:52:22.797+0000] {processor.py:183} INFO - Processing /home/airflow/.local/lib/python3.8/site-packages/airflow/example_dags/example_kubernetes_executor.py took 0.108 seconds
[2026-03-23T03:52:53.491+0000] {processor.py:161} INFO - Started process (PID=328) to work on /home/airflow/.local/lib/python3.8/site-packages/airflow/example_dags/example_kubernetes_executor.py
[2026-03-23T03:52:53.492+0000] {processor.py:830} INFO - Processing file /home/airflow/.local/lib/python3.8/site-packages/airflow/example_dags/example_kubernetes_executor.py for tasks to queue
[2026-03-23T03:52:53.494+0000] {logging_mixin.py:188} INFO - [2026-03-23T03:52:53.494+0000] {dagbag.py:540} INFO - Filling up the DagBag from /home/airflow/.local/lib/python3.8/site-packages/airflow/example_dags/example_kubernetes_executor.py
[2026-03-23T03:52:53.509+0000] {processor.py:840} INFO - DAG(s) 'example_kubernetes_executor' retrieved from /home/airflow/.local/lib/python3.8/site-packages/airflow/example_dags/example_kubernetes_executor.py
[2026-03-23T03:52:53.549+0000] {logging_mixin.py:188} INFO - [2026-03-23T03:52:53.549+0000] {dag.py:3047} INFO - Sync 1 DAGs
[2026-03-23T03:52:53.563+0000] {logging_mixin.py:188} INFO - [2026-03-23T03:52:53.563+0000] {dag.py:3834} INFO - Setting next_dagrun for example_kubernetes_executor to None, run_after=None
[2026-03-23T03:52:53.584+0000] {processor.py:183} INFO - Processing /home/airflow/.local/lib/python3.8/site-packages/airflow/example_dags/example_kubernetes_executor.py took 0.096 seconds
[2026-03-23T03:53:24.375+0000] {processor.py:161} INFO - Started process (PID=383) to work on /home/airflow/.local/lib/python3.8/site-packages/airflow/example_dags/example_kubernetes_executor.py
[2026-03-23T03:53:24.376+0000] {processor.py:830} INFO - Processing file /home/airflow/.local/lib/python3.8/site-packages/airflow/example_dags/example_kubernetes_executor.py for tasks to queue
[2026-03-23T03:53:24.378+0000] {logging_mixin.py:188} INFO - [2026-03-23T03:53:24.378+0000] {dagbag.py:540} INFO - Filling up the DagBag from /home/airflow/.local/lib/python3.8/site-packages/airflow/example_dags/example_kubernetes_executor.py
[2026-03-23T03:53:24.397+0000] {processor.py:840} INFO - DAG(s) 'example_kubernetes_executor' retrieved from /home/airflow/.local/lib/python3.8/site-packages/airflow/example_dags/example_kubernetes_executor.py
[2026-03-23T03:53:24.447+0000] {logging_mixin.py:188} INFO - [2026-03-23T03:53:24.447+0000] {dag.py:3047} INFO - Sync 1 DAGs
[2026-03-23T03:53:24.462+0000] {logging_mixin.py:188} INFO - [2026-03-23T03:53:24.461+0000] {dag.py:3834} INFO - Setting next_dagrun for example_kubernetes_executor to None, run_after=None
[2026-03-23T03:53:24.486+0000] {processor.py:183} INFO - Processing /home/airflow/.local/lib/python3.8/site-packages/airflow/example_dags/example_kubernetes_executor.py took 0.115 seconds
[2026-03-23T03:53:54.636+0000] {processor.py:161} INFO - Started process (PID=439) to work on /home/airflow/.local/lib/python3.8/site-packages/airflow/example_dags/example_kubernetes_executor.py
[2026-03-23T03:53:54.638+0000] {processor.py:830} INFO - Processing file /home/airflow/.local/lib/python3.8/site-packages/airflow/example_dags/example_kubernetes_executor.py for tasks to queue
[2026-03-23T03:53:54.640+0000] {logging_mixin.py:188} INFO - [2026-03-23T03:53:54.639+0000] {dagbag.py:540} INFO - Filling up the DagBag from /home/airflow/.local/lib/python3.8/site-packages/airflow/example_dags/example_kubernetes_executor.py
[2026-03-23T03:53:54.652+0000] {processor.py:840} INFO - DAG(s) 'example_kubernetes_executor' retrieved from /home/airflow/.local/lib/python3.8/site-packages/airflow/example_dags/example_kubernetes_executor.py
[2026-03-23T03:53:54.688+0000] {logging_mixin.py:188} INFO - [2026-03-23T03:53:54.688+0000] {dag.py:3047} INFO - Sync 1 DAGs
[2026-03-23T03:53:54.699+0000] {logging_mixin.py:188} INFO - [2026-03-23T03:53:54.699+0000] {dag.py:3834} INFO - Setting next_dagrun for example_kubernetes_executor to None, run_after=None
[2026-03-23T03:53:54.721+0000] {processor.py:183} INFO - Processing /home/airflow/.local/lib/python3.8/site-packages/airflow/example_dags/example_kubernetes_executor.py took 0.087 seconds
[2026-03-23T03:54:24.865+0000] {processor.py:161} INFO - Started process (PID=493) to work on /home/airflow/.local/lib/python3.8/site-packages/airflow/example_dags/example_kubernetes_executor.py
[2026-03-23T03:54:24.866+0000] {processor.py:830} INFO - Processing file /home/airflow/.local/lib/python3.8/site-packages/airflow/example_dags/example_kubernetes_executor.py for tasks to queue
[2026-03-23T03:54:24.869+0000] {logging_mixin.py:188} INFO - [2026-03-23T03:54:24.868+0000] {dagbag.py:540} INFO - Filling up the DagBag from /home/airflow/.local/lib/python3.8/site-packages/airflow/example_dags/example_kubernetes_executor.py
[2026-03-23T03:54:24.892+0000] {processor.py:840} INFO - DAG(s) 'example_kubernetes_executor' retrieved from /home/airflow/.local/lib/python3.8/site-packages/airflow/example_dags/example_kubernetes_executor.py
[2026-03-23T03:54:24.951+0000] {logging_mixin.py:188} INFO - [2026-03-23T03:54:24.950+0000] {dag.py:3047} INFO - Sync 1 DAGs
[2026-03-23T03:54:24.974+0000] {logging_mixin.py:188} INFO - [2026-03-23T03:54:24.973+0000] {dag.py:3834} INFO - Setting next_dagrun for example_kubernetes_executor to None, run_after=None
[2026-03-23T03:54:25.017+0000] {processor.py:183} INFO - Processing /home/airflow/.local/lib/python3.8/site-packages/airflow/example_dags/example_kubernetes_executor.py took 0.156 seconds
[2026-03-23T03:54:55.247+0000] {processor.py:161} INFO - Started process (PID=548) to work on /home/airflow/.local/lib/python3.8/site-packages/airflow/example_dags/example_kubernetes_executor.py
[2026-03-23T03:54:55.249+0000] {processor.py:830} INFO - Processing file /home/airflow/.local/lib/python3.8/site-packages/airflow/example_dags/example_kubernetes_executor.py for tasks to queue
[2026-03-23T03:54:55.251+0000] {logging_mixin.py:188} INFO - [2026-03-23T03:54:55.251+0000] {dagbag.py:540} INFO - Filling up the DagBag from /home/airflow/.local/lib/python3.8/site-packages/airflow/example_dags/example_kubernetes_executor.py
[2026-03-23T03:54:55.272+0000] {processor.py:840} INFO - DAG(s) 'example_kubernetes_executor' retrieved from /home/airflow/.local/lib/python3.8/site-packages/airflow/example_dags/example_kubernetes_executor.py
[2026-03-23T03:54:55.313+0000] {logging_mixin.py:188} INFO - [2026-03-23T03:54:55.313+0000] {dag.py:3047} INFO - Sync 1 DAGs
[2026-03-23T03:54:55.325+0000] {logging_mixin.py:188} INFO - [2026-03-23T03:54:55.325+0000] {dag.py:3834} INFO - Setting next_dagrun for example_kubernetes_executor to None, run_after=None
[2026-03-23T03:54:55.348+0000] {processor.py:183} INFO - Processing /home/airflow/.local/lib/python3.8/site-packages/airflow/example_dags/example_kubernetes_executor.py took 0.104 seconds
[2026-03-23T03:55:25.439+0000] {processor.py:161} INFO - Started process (PID=603) to work on /home/airflow/.local/lib/python3.8/site-packages/airflow/example_dags/example_kubernetes_executor.py
[2026-03-23T03:55:25.440+0000] {processor.py:830} INFO - Processing file /home/airflow/.local/lib/python3.8/site-packages/airflow/example_dags/example_kubernetes_executor.py for tasks to queue
[2026-03-23T03:55:25.443+0000] {logging_mixin.py:188} INFO - [2026-03-23T03:55:25.442+0000] {dagbag.py:540} INFO - Filling up the DagBag from /home/airflow/.local/lib/python3.8/site-packages/airflow/example_dags/example_kubernetes_executor.py
[2026-03-23T03:55:25.455+0000] {processor.py:840} INFO - DAG(s) 'example_kubernetes_executor' retrieved from /home/airflow/.local/lib/python3.8/site-packages/airflow/example_dags/example_kubernetes_executor.py
[2026-03-23T03:55:25.494+0000] {logging_mixin.py:188} INFO - [2026-03-23T03:55:25.493+0000] {dag.py:3047} INFO - Sync 1 DAGs
[2026-03-23T03:55:25.506+0000] {logging_mixin.py:188} INFO - [2026-03-23T03:55:25.505+0000] {dag.py:3834} INFO - Setting next_dagrun for example_kubernetes_executor to None, run_after=None
[2026-03-23T03:55:25.527+0000] {processor.py:183} INFO - Processing /home/airflow/.local/lib/python3.8/site-packages/airflow/example_dags/example_kubernetes_executor.py took 0.091 seconds
[2026-03-23T03:55:55.736+0000] {processor.py:161} INFO - Started process (PID=658) to work on /home/airflow/.local/lib/python3.8/site-packages/airflow/example_dags/example_kubernetes_executor.py
[2026-03-23T03:55:55.737+0000] {processor.py:830} INFO - Processing file /home/airflow/.local/lib/python3.8/site-packages/airflow/example_dags/example_kubernetes_executor.py for tasks to queue
[2026-03-23T03:55:55.740+0000] {logging_mixin.py:188} INFO - [2026-03-23T03:55:55.739+0000] {dagbag.py:540} INFO - Filling up the DagBag from /home/airflow/.local/lib/python3.8/site-packages/airflow/example_dags/example_kubernetes_executor.py
[2026-03-23T03:55:55.756+0000] {processor.py:840} INFO - DAG(s) 'example_kubernetes_executor' retrieved from /home/airflow/.local/lib/python3.8/site-packages/airflow/example_dags/example_kubernetes_executor.py
[2026-03-23T03:55:55.803+0000] {logging_mixin.py:188} INFO - [2026-03-23T03:55:55.803+0000] {dag.py:3047} INFO - Sync 1 DAGs
[2026-03-23T03:55:55.818+0000] {logging_mixin.py:188} INFO - [2026-03-23T03:55:55.818+0000] {dag.py:3834} INFO - Setting next_dagrun for example_kubernetes_executor to None, run_after=None
[2026-03-23T03:55:55.845+0000] {processor.py:183} INFO - Processing /home/airflow/.local/lib/python3.8/site-packages/airflow/example_dags/example_kubernetes_executor.py took 0.112 seconds
[2026-03-23T03:56:26.079+0000] {processor.py:161} INFO - Started process (PID=713) to work on /home/airflow/.local/lib/python3.8/site-packages/airflow/example_dags/example_kubernetes_executor.py
[2026-03-23T03:56:26.080+0000] {processor.py:830} INFO - Processing file /home/airflow/.local/lib/python3.8/site-packages/airflow/example_dags/example_kubernetes_executor.py for tasks to queue
[2026-03-23T03:56:26.082+0000] {logging_mixin.py:188} INFO - [2026-03-23T03:56:26.082+0000] {dagbag.py:540} INFO - Filling up the DagBag from /home/airflow/.local/lib/python3.8/site-packages/airflow/example_dags/example_kubernetes_executor.py
[2026-03-23T03:56:26.097+0000] {processor.py:840} INFO - DAG(s) 'example_kubernetes_executor' retrieved from /home/airflow/.local/lib/python3.8/site-packages/airflow/example_dags/example_kubernetes_executor.py
[2026-03-23T03:56:26.139+0000] {logging_mixin.py:188} INFO - [2026-03-23T03:56:26.139+0000] {dag.py:3047} INFO - Sync 1 DAGs
[2026-03-23T03:56:26.151+0000] {logging_mixin.py:188} INFO - [2026-03-23T03:56:26.151+0000] {dag.py:3834} INFO - Setting next_dagrun for example_kubernetes_executor to None, run_after=None
[2026-03-23T03:56:26.176+0000] {processor.py:183} INFO - Processing /home/airflow/.local/lib/python3.8/site-packages/airflow/example_dags/example_kubernetes_executor.py took 0.101 seconds
