[2026-03-23T03:21:13.839+0000] {processor.py:161} INFO - Started process (PID=64) to work on /home/airflow/.local/lib/python3.8/site-packages/airflow/example_dags/example_latest_only.py
[2026-03-23T03:21:13.840+0000] {processor.py:830} INFO - Processing file /home/airflow/.local/lib/python3.8/site-packages/airflow/example_dags/example_latest_only.py for tasks to queue
[2026-03-23T03:21:13.843+0000] {logging_mixin.py:188} INFO - [2026-03-23T03:21:13.842+0000] {dagbag.py:540} INFO - Filling up the DagBag from /home/airflow/.local/lib/python3.8/site-packages/airflow/example_dags/example_latest_only.py
[2026-03-23T03:21:13.850+0000] {processor.py:840} INFO - DAG(s) 'latest_only' retrieved from /home/airflow/.local/lib/python3.8/site-packages/airflow/example_dags/example_latest_only.py
[2026-03-23T03:21:13.865+0000] {logging_mixin.py:188} INFO - [2026-03-23T03:21:13.865+0000] {dag.py:3047} INFO - Sync 1 DAGs
[2026-03-23T03:21:13.892+0000] {logging_mixin.py:188} INFO - [2026-03-23T03:21:13.892+0000] {dag.py:3834} INFO - Setting next_dagrun for latest_only to 2026-03-22 20:00:00+00:00, run_after=2026-03-23 00:00:00+00:00
[2026-03-23T03:21:13.917+0000] {processor.py:183} INFO - Processing /home/airflow/.local/lib/python3.8/site-packages/airflow/example_dags/example_latest_only.py took 0.083 seconds
[2026-03-23T03:21:44.242+0000] {processor.py:161} INFO - Started process (PID=119) to work on /home/airflow/.local/lib/python3.8/site-packages/airflow/example_dags/example_latest_only.py
[2026-03-23T03:21:44.243+0000] {processor.py:830} INFO - Processing file /home/airflow/.local/lib/python3.8/site-packages/airflow/example_dags/example_latest_only.py for tasks to queue
[2026-03-23T03:21:44.245+0000] {logging_mixin.py:188} INFO - [2026-03-23T03:21:44.244+0000] {dagbag.py:540} INFO - Filling up the DagBag from /home/airflow/.local/lib/python3.8/site-packages/airflow/example_dags/example_latest_only.py
[2026-03-23T03:21:44.250+0000] {processor.py:840} INFO - DAG(s) 'latest_only' retrieved from /home/airflow/.local/lib/python3.8/site-packages/airflow/example_dags/example_latest_only.py
[2026-03-23T03:21:44.261+0000] {logging_mixin.py:188} INFO - [2026-03-23T03:21:44.261+0000] {dag.py:3047} INFO - Sync 1 DAGs
[2026-03-23T03:21:44.284+0000] {logging_mixin.py:188} INFO - [2026-03-23T03:21:44.284+0000] {dag.py:3834} INFO - Setting next_dagrun for latest_only to 2026-03-22 20:00:00+00:00, run_after=2026-03-23 00:00:00+00:00
[2026-03-23T03:21:44.304+0000] {processor.py:183} INFO - Processing /home/airflow/.local/lib/python3.8/site-packages/airflow/example_dags/example_latest_only.py took 0.066 seconds
[2026-03-23T03:22:15.217+0000] {processor.py:161} INFO - Started process (PID=174) to work on /home/airflow/.local/lib/python3.8/site-packages/airflow/example_dags/example_latest_only.py
[2026-03-23T03:22:15.218+0000] {processor.py:830} INFO - Processing file /home/airflow/.local/lib/python3.8/site-packages/airflow/example_dags/example_latest_only.py for tasks to queue
[2026-03-23T03:22:15.220+0000] {logging_mixin.py:188} INFO - [2026-03-23T03:22:15.219+0000] {dagbag.py:540} INFO - Filling up the DagBag from /home/airflow/.local/lib/python3.8/site-packages/airflow/example_dags/example_latest_only.py
[2026-03-23T03:22:15.224+0000] {processor.py:840} INFO - DAG(s) 'latest_only' retrieved from /home/airflow/.local/lib/python3.8/site-packages/airflow/example_dags/example_latest_only.py
[2026-03-23T03:22:15.323+0000] {logging_mixin.py:188} INFO - [2026-03-23T03:22:15.322+0000] {dag.py:3047} INFO - Sync 1 DAGs
[2026-03-23T03:22:15.348+0000] {logging_mixin.py:188} INFO - [2026-03-23T03:22:15.347+0000] {dag.py:3834} INFO - Setting next_dagrun for latest_only to 2026-03-22 20:00:00+00:00, run_after=2026-03-23 00:00:00+00:00
[2026-03-23T03:22:15.370+0000] {processor.py:183} INFO - Processing /home/airflow/.local/lib/python3.8/site-packages/airflow/example_dags/example_latest_only.py took 0.156 seconds
[2026-03-23T03:22:45.829+0000] {processor.py:161} INFO - Started process (PID=229) to work on /home/airflow/.local/lib/python3.8/site-packages/airflow/example_dags/example_latest_only.py
[2026-03-23T03:22:45.831+0000] {processor.py:830} INFO - Processing file /home/airflow/.local/lib/python3.8/site-packages/airflow/example_dags/example_latest_only.py for tasks to queue
[2026-03-23T03:22:45.833+0000] {logging_mixin.py:188} INFO - [2026-03-23T03:22:45.833+0000] {dagbag.py:540} INFO - Filling up the DagBag from /home/airflow/.local/lib/python3.8/site-packages/airflow/example_dags/example_latest_only.py
[2026-03-23T03:22:45.839+0000] {processor.py:840} INFO - DAG(s) 'latest_only' retrieved from /home/airflow/.local/lib/python3.8/site-packages/airflow/example_dags/example_latest_only.py
[2026-03-23T03:22:45.862+0000] {logging_mixin.py:188} INFO - [2026-03-23T03:22:45.862+0000] {dag.py:3047} INFO - Sync 1 DAGs
[2026-03-23T03:22:45.886+0000] {logging_mixin.py:188} INFO - [2026-03-23T03:22:45.886+0000] {dag.py:3834} INFO - Setting next_dagrun for latest_only to 2026-03-22 20:00:00+00:00, run_after=2026-03-23 00:00:00+00:00
[2026-03-23T03:22:45.909+0000] {processor.py:183} INFO - Processing /home/airflow/.local/lib/python3.8/site-packages/airflow/example_dags/example_latest_only.py took 0.083 seconds
[2026-03-23T03:23:16.056+0000] {processor.py:161} INFO - Started process (PID=284) to work on /home/airflow/.local/lib/python3.8/site-packages/airflow/example_dags/example_latest_only.py
[2026-03-23T03:23:16.057+0000] {processor.py:830} INFO - Processing file /home/airflow/.local/lib/python3.8/site-packages/airflow/example_dags/example_latest_only.py for tasks to queue
[2026-03-23T03:23:16.059+0000] {logging_mixin.py:188} INFO - [2026-03-23T03:23:16.058+0000] {dagbag.py:540} INFO - Filling up the DagBag from /home/airflow/.local/lib/python3.8/site-packages/airflow/example_dags/example_latest_only.py
[2026-03-23T03:23:16.063+0000] {processor.py:840} INFO - DAG(s) 'latest_only' retrieved from /home/airflow/.local/lib/python3.8/site-packages/airflow/example_dags/example_latest_only.py
[2026-03-23T03:23:16.082+0000] {logging_mixin.py:188} INFO - [2026-03-23T03:23:16.082+0000] {dag.py:3047} INFO - Sync 1 DAGs
[2026-03-23T03:23:16.103+0000] {logging_mixin.py:188} INFO - [2026-03-23T03:23:16.103+0000] {dag.py:3834} INFO - Setting next_dagrun for latest_only to 2026-03-22 20:00:00+00:00, run_after=2026-03-23 00:00:00+00:00
[2026-03-23T03:23:16.123+0000] {processor.py:183} INFO - Processing /home/airflow/.local/lib/python3.8/site-packages/airflow/example_dags/example_latest_only.py took 0.071 seconds
[2026-03-23T03:25:08.048+0000] {processor.py:161} INFO - Started process (PID=64) to work on /home/airflow/.local/lib/python3.8/site-packages/airflow/example_dags/example_latest_only.py
[2026-03-23T03:25:08.051+0000] {processor.py:830} INFO - Processing file /home/airflow/.local/lib/python3.8/site-packages/airflow/example_dags/example_latest_only.py for tasks to queue
[2026-03-23T03:25:08.053+0000] {logging_mixin.py:188} INFO - [2026-03-23T03:25:08.053+0000] {dagbag.py:540} INFO - Filling up the DagBag from /home/airflow/.local/lib/python3.8/site-packages/airflow/example_dags/example_latest_only.py
[2026-03-23T03:25:08.061+0000] {processor.py:840} INFO - DAG(s) 'latest_only' retrieved from /home/airflow/.local/lib/python3.8/site-packages/airflow/example_dags/example_latest_only.py
[2026-03-23T03:25:08.080+0000] {logging_mixin.py:188} INFO - [2026-03-23T03:25:08.080+0000] {dag.py:3047} INFO - Sync 1 DAGs
[2026-03-23T03:25:08.114+0000] {logging_mixin.py:188} INFO - [2026-03-23T03:25:08.113+0000] {dag.py:3834} INFO - Setting next_dagrun for latest_only to 2026-03-22 20:00:00+00:00, run_after=2026-03-23 00:00:00+00:00
[2026-03-23T03:25:08.143+0000] {processor.py:183} INFO - Processing /home/airflow/.local/lib/python3.8/site-packages/airflow/example_dags/example_latest_only.py took 0.100 seconds
[2026-03-23T03:25:39.042+0000] {processor.py:161} INFO - Started process (PID=119) to work on /home/airflow/.local/lib/python3.8/site-packages/airflow/example_dags/example_latest_only.py
[2026-03-23T03:25:39.043+0000] {processor.py:830} INFO - Processing file /home/airflow/.local/lib/python3.8/site-packages/airflow/example_dags/example_latest_only.py for tasks to queue
[2026-03-23T03:25:39.046+0000] {logging_mixin.py:188} INFO - [2026-03-23T03:25:39.045+0000] {dagbag.py:540} INFO - Filling up the DagBag from /home/airflow/.local/lib/python3.8/site-packages/airflow/example_dags/example_latest_only.py
[2026-03-23T03:25:39.050+0000] {processor.py:840} INFO - DAG(s) 'latest_only' retrieved from /home/airflow/.local/lib/python3.8/site-packages/airflow/example_dags/example_latest_only.py
[2026-03-23T03:25:39.171+0000] {logging_mixin.py:188} INFO - [2026-03-23T03:25:39.170+0000] {dag.py:3047} INFO - Sync 1 DAGs
[2026-03-23T03:25:39.198+0000] {logging_mixin.py:188} INFO - [2026-03-23T03:25:39.198+0000] {dag.py:3834} INFO - Setting next_dagrun for latest_only to 2026-03-22 20:00:00+00:00, run_after=2026-03-23 00:00:00+00:00
[2026-03-23T03:25:39.226+0000] {processor.py:183} INFO - Processing /home/airflow/.local/lib/python3.8/site-packages/airflow/example_dags/example_latest_only.py took 0.187 seconds
[2026-03-23T03:26:09.357+0000] {processor.py:161} INFO - Started process (PID=174) to work on /home/airflow/.local/lib/python3.8/site-packages/airflow/example_dags/example_latest_only.py
[2026-03-23T03:26:09.358+0000] {processor.py:830} INFO - Processing file /home/airflow/.local/lib/python3.8/site-packages/airflow/example_dags/example_latest_only.py for tasks to queue
[2026-03-23T03:26:09.360+0000] {logging_mixin.py:188} INFO - [2026-03-23T03:26:09.360+0000] {dagbag.py:540} INFO - Filling up the DagBag from /home/airflow/.local/lib/python3.8/site-packages/airflow/example_dags/example_latest_only.py
[2026-03-23T03:26:09.366+0000] {processor.py:840} INFO - DAG(s) 'latest_only' retrieved from /home/airflow/.local/lib/python3.8/site-packages/airflow/example_dags/example_latest_only.py
[2026-03-23T03:26:09.389+0000] {logging_mixin.py:188} INFO - [2026-03-23T03:26:09.389+0000] {dag.py:3047} INFO - Sync 1 DAGs
[2026-03-23T03:26:09.413+0000] {logging_mixin.py:188} INFO - [2026-03-23T03:26:09.413+0000] {dag.py:3834} INFO - Setting next_dagrun for latest_only to 2026-03-22 20:00:00+00:00, run_after=2026-03-23 00:00:00+00:00
[2026-03-23T03:26:09.435+0000] {processor.py:183} INFO - Processing /home/airflow/.local/lib/python3.8/site-packages/airflow/example_dags/example_latest_only.py took 0.082 seconds
[2026-03-23T03:26:40.309+0000] {processor.py:161} INFO - Started process (PID=229) to work on /home/airflow/.local/lib/python3.8/site-packages/airflow/example_dags/example_latest_only.py
[2026-03-23T03:26:40.310+0000] {processor.py:830} INFO - Processing file /home/airflow/.local/lib/python3.8/site-packages/airflow/example_dags/example_latest_only.py for tasks to queue
[2026-03-23T03:26:40.314+0000] {logging_mixin.py:188} INFO - [2026-03-23T03:26:40.313+0000] {dagbag.py:540} INFO - Filling up the DagBag from /home/airflow/.local/lib/python3.8/site-packages/airflow/example_dags/example_latest_only.py
[2026-03-23T03:26:40.318+0000] {processor.py:840} INFO - DAG(s) 'latest_only' retrieved from /home/airflow/.local/lib/python3.8/site-packages/airflow/example_dags/example_latest_only.py
[2026-03-23T03:26:40.338+0000] {logging_mixin.py:188} INFO - [2026-03-23T03:26:40.338+0000] {dag.py:3047} INFO - Sync 1 DAGs
[2026-03-23T03:26:40.359+0000] {logging_mixin.py:188} INFO - [2026-03-23T03:26:40.359+0000] {dag.py:3834} INFO - Setting next_dagrun for latest_only to 2026-03-22 20:00:00+00:00, run_after=2026-03-23 00:00:00+00:00
[2026-03-23T03:26:40.383+0000] {processor.py:183} INFO - Processing /home/airflow/.local/lib/python3.8/site-packages/airflow/example_dags/example_latest_only.py took 0.076 seconds
[2026-03-23T03:27:10.705+0000] {processor.py:161} INFO - Started process (PID=284) to work on /home/airflow/.local/lib/python3.8/site-packages/airflow/example_dags/example_latest_only.py
[2026-03-23T03:27:10.707+0000] {processor.py:830} INFO - Processing file /home/airflow/.local/lib/python3.8/site-packages/airflow/example_dags/example_latest_only.py for tasks to queue
[2026-03-23T03:27:10.709+0000] {logging_mixin.py:188} INFO - [2026-03-23T03:27:10.709+0000] {dagbag.py:540} INFO - Filling up the DagBag from /home/airflow/.local/lib/python3.8/site-packages/airflow/example_dags/example_latest_only.py
[2026-03-23T03:27:10.714+0000] {processor.py:840} INFO - DAG(s) 'latest_only' retrieved from /home/airflow/.local/lib/python3.8/site-packages/airflow/example_dags/example_latest_only.py
[2026-03-23T03:27:10.736+0000] {logging_mixin.py:188} INFO - [2026-03-23T03:27:10.736+0000] {dag.py:3047} INFO - Sync 1 DAGs
[2026-03-23T03:27:10.758+0000] {logging_mixin.py:188} INFO - [2026-03-23T03:27:10.758+0000] {dag.py:3834} INFO - Setting next_dagrun for latest_only to 2026-03-22 20:00:00+00:00, run_after=2026-03-23 00:00:00+00:00
[2026-03-23T03:27:10.781+0000] {processor.py:183} INFO - Processing /home/airflow/.local/lib/python3.8/site-packages/airflow/example_dags/example_latest_only.py took 0.079 seconds
[2026-03-23T03:27:40.891+0000] {processor.py:161} INFO - Started process (PID=339) to work on /home/airflow/.local/lib/python3.8/site-packages/airflow/example_dags/example_latest_only.py
[2026-03-23T03:27:40.893+0000] {processor.py:830} INFO - Processing file /home/airflow/.local/lib/python3.8/site-packages/airflow/example_dags/example_latest_only.py for tasks to queue
[2026-03-23T03:27:40.895+0000] {logging_mixin.py:188} INFO - [2026-03-23T03:27:40.894+0000] {dagbag.py:540} INFO - Filling up the DagBag from /home/airflow/.local/lib/python3.8/site-packages/airflow/example_dags/example_latest_only.py
[2026-03-23T03:27:40.899+0000] {processor.py:840} INFO - DAG(s) 'latest_only' retrieved from /home/airflow/.local/lib/python3.8/site-packages/airflow/example_dags/example_latest_only.py
[2026-03-23T03:27:40.920+0000] {logging_mixin.py:188} INFO - [2026-03-23T03:27:40.920+0000] {dag.py:3047} INFO - Sync 1 DAGs
[2026-03-23T03:27:40.941+0000] {logging_mixin.py:188} INFO - [2026-03-23T03:27:40.941+0000] {dag.py:3834} INFO - Setting next_dagrun for latest_only to 2026-03-22 20:00:00+00:00, run_after=2026-03-23 00:00:00+00:00
[2026-03-23T03:27:40.963+0000] {processor.py:183} INFO - Processing /home/airflow/.local/lib/python3.8/site-packages/airflow/example_dags/example_latest_only.py took 0.075 seconds
[2026-03-23T03:28:11.151+0000] {processor.py:161} INFO - Started process (PID=394) to work on /home/airflow/.local/lib/python3.8/site-packages/airflow/example_dags/example_latest_only.py
[2026-03-23T03:28:11.152+0000] {processor.py:830} INFO - Processing file /home/airflow/.local/lib/python3.8/site-packages/airflow/example_dags/example_latest_only.py for tasks to queue
[2026-03-23T03:28:11.154+0000] {logging_mixin.py:188} INFO - [2026-03-23T03:28:11.154+0000] {dagbag.py:540} INFO - Filling up the DagBag from /home/airflow/.local/lib/python3.8/site-packages/airflow/example_dags/example_latest_only.py
[2026-03-23T03:28:11.159+0000] {processor.py:840} INFO - DAG(s) 'latest_only' retrieved from /home/airflow/.local/lib/python3.8/site-packages/airflow/example_dags/example_latest_only.py
[2026-03-23T03:28:11.182+0000] {logging_mixin.py:188} INFO - [2026-03-23T03:28:11.182+0000] {dag.py:3047} INFO - Sync 1 DAGs
[2026-03-23T03:28:11.206+0000] {logging_mixin.py:188} INFO - [2026-03-23T03:28:11.205+0000] {dag.py:3834} INFO - Setting next_dagrun for latest_only to 2026-03-22 20:00:00+00:00, run_after=2026-03-23 00:00:00+00:00
[2026-03-23T03:28:11.229+0000] {processor.py:183} INFO - Processing /home/airflow/.local/lib/python3.8/site-packages/airflow/example_dags/example_latest_only.py took 0.082 seconds
[2026-03-23T03:28:41.754+0000] {processor.py:161} INFO - Started process (PID=449) to work on /home/airflow/.local/lib/python3.8/site-packages/airflow/example_dags/example_latest_only.py
[2026-03-23T03:28:41.756+0000] {processor.py:830} INFO - Processing file /home/airflow/.local/lib/python3.8/site-packages/airflow/example_dags/example_latest_only.py for tasks to queue
[2026-03-23T03:28:41.758+0000] {logging_mixin.py:188} INFO - [2026-03-23T03:28:41.757+0000] {dagbag.py:540} INFO - Filling up the DagBag from /home/airflow/.local/lib/python3.8/site-packages/airflow/example_dags/example_latest_only.py
[2026-03-23T03:28:41.762+0000] {processor.py:840} INFO - DAG(s) 'latest_only' retrieved from /home/airflow/.local/lib/python3.8/site-packages/airflow/example_dags/example_latest_only.py
[2026-03-23T03:28:41.784+0000] {logging_mixin.py:188} INFO - [2026-03-23T03:28:41.783+0000] {dag.py:3047} INFO - Sync 1 DAGs
[2026-03-23T03:28:41.807+0000] {logging_mixin.py:188} INFO - [2026-03-23T03:28:41.806+0000] {dag.py:3834} INFO - Setting next_dagrun for latest_only to 2026-03-22 20:00:00+00:00, run_after=2026-03-23 00:00:00+00:00
[2026-03-23T03:28:41.829+0000] {processor.py:183} INFO - Processing /home/airflow/.local/lib/python3.8/site-packages/airflow/example_dags/example_latest_only.py took 0.078 seconds
[2026-03-23T03:29:11.935+0000] {processor.py:161} INFO - Started process (PID=504) to work on /home/airflow/.local/lib/python3.8/site-packages/airflow/example_dags/example_latest_only.py
[2026-03-23T03:29:11.936+0000] {processor.py:830} INFO - Processing file /home/airflow/.local/lib/python3.8/site-packages/airflow/example_dags/example_latest_only.py for tasks to queue
[2026-03-23T03:29:11.938+0000] {logging_mixin.py:188} INFO - [2026-03-23T03:29:11.938+0000] {dagbag.py:540} INFO - Filling up the DagBag from /home/airflow/.local/lib/python3.8/site-packages/airflow/example_dags/example_latest_only.py
[2026-03-23T03:29:11.943+0000] {processor.py:840} INFO - DAG(s) 'latest_only' retrieved from /home/airflow/.local/lib/python3.8/site-packages/airflow/example_dags/example_latest_only.py
[2026-03-23T03:29:11.967+0000] {logging_mixin.py:188} INFO - [2026-03-23T03:29:11.966+0000] {dag.py:3047} INFO - Sync 1 DAGs
[2026-03-23T03:29:11.990+0000] {logging_mixin.py:188} INFO - [2026-03-23T03:29:11.989+0000] {dag.py:3834} INFO - Setting next_dagrun for latest_only to 2026-03-22 20:00:00+00:00, run_after=2026-03-23 00:00:00+00:00
[2026-03-23T03:29:12.012+0000] {processor.py:183} INFO - Processing /home/airflow/.local/lib/python3.8/site-packages/airflow/example_dags/example_latest_only.py took 0.080 seconds
[2026-03-23T03:29:42.237+0000] {processor.py:161} INFO - Started process (PID=565) to work on /home/airflow/.local/lib/python3.8/site-packages/airflow/example_dags/example_latest_only.py
[2026-03-23T03:29:42.238+0000] {processor.py:830} INFO - Processing file /home/airflow/.local/lib/python3.8/site-packages/airflow/example_dags/example_latest_only.py for tasks to queue
[2026-03-23T03:29:42.240+0000] {logging_mixin.py:188} INFO - [2026-03-23T03:29:42.240+0000] {dagbag.py:540} INFO - Filling up the DagBag from /home/airflow/.local/lib/python3.8/site-packages/airflow/example_dags/example_latest_only.py
[2026-03-23T03:29:42.246+0000] {processor.py:840} INFO - DAG(s) 'latest_only' retrieved from /home/airflow/.local/lib/python3.8/site-packages/airflow/example_dags/example_latest_only.py
[2026-03-23T03:29:42.268+0000] {logging_mixin.py:188} INFO - [2026-03-23T03:29:42.268+0000] {dag.py:3047} INFO - Sync 1 DAGs
[2026-03-23T03:29:42.290+0000] {logging_mixin.py:188} INFO - [2026-03-23T03:29:42.289+0000] {dag.py:3834} INFO - Setting next_dagrun for latest_only to 2026-03-22 20:00:00+00:00, run_after=2026-03-23 00:00:00+00:00
[2026-03-23T03:29:42.311+0000] {processor.py:183} INFO - Processing /home/airflow/.local/lib/python3.8/site-packages/airflow/example_dags/example_latest_only.py took 0.079 seconds
[2026-03-23T03:30:12.488+0000] {processor.py:161} INFO - Started process (PID=620) to work on /home/airflow/.local/lib/python3.8/site-packages/airflow/example_dags/example_latest_only.py
[2026-03-23T03:30:12.489+0000] {processor.py:830} INFO - Processing file /home/airflow/.local/lib/python3.8/site-packages/airflow/example_dags/example_latest_only.py for tasks to queue
[2026-03-23T03:30:12.491+0000] {logging_mixin.py:188} INFO - [2026-03-23T03:30:12.491+0000] {dagbag.py:540} INFO - Filling up the DagBag from /home/airflow/.local/lib/python3.8/site-packages/airflow/example_dags/example_latest_only.py
[2026-03-23T03:30:12.497+0000] {processor.py:840} INFO - DAG(s) 'latest_only' retrieved from /home/airflow/.local/lib/python3.8/site-packages/airflow/example_dags/example_latest_only.py
[2026-03-23T03:30:12.520+0000] {logging_mixin.py:188} INFO - [2026-03-23T03:30:12.519+0000] {dag.py:3047} INFO - Sync 1 DAGs
[2026-03-23T03:30:12.542+0000] {logging_mixin.py:188} INFO - [2026-03-23T03:30:12.541+0000] {dag.py:3834} INFO - Setting next_dagrun for latest_only to 2026-03-22 20:00:00+00:00, run_after=2026-03-23 00:00:00+00:00
[2026-03-23T03:30:12.564+0000] {processor.py:183} INFO - Processing /home/airflow/.local/lib/python3.8/site-packages/airflow/example_dags/example_latest_only.py took 0.079 seconds
[2026-03-23T03:30:42.881+0000] {processor.py:161} INFO - Started process (PID=675) to work on /home/airflow/.local/lib/python3.8/site-packages/airflow/example_dags/example_latest_only.py
[2026-03-23T03:30:42.882+0000] {processor.py:830} INFO - Processing file /home/airflow/.local/lib/python3.8/site-packages/airflow/example_dags/example_latest_only.py for tasks to queue
[2026-03-23T03:30:42.884+0000] {logging_mixin.py:188} INFO - [2026-03-23T03:30:42.884+0000] {dagbag.py:540} INFO - Filling up the DagBag from /home/airflow/.local/lib/python3.8/site-packages/airflow/example_dags/example_latest_only.py
[2026-03-23T03:30:42.889+0000] {processor.py:840} INFO - DAG(s) 'latest_only' retrieved from /home/airflow/.local/lib/python3.8/site-packages/airflow/example_dags/example_latest_only.py
[2026-03-23T03:30:42.912+0000] {logging_mixin.py:188} INFO - [2026-03-23T03:30:42.912+0000] {dag.py:3047} INFO - Sync 1 DAGs
[2026-03-23T03:30:42.933+0000] {logging_mixin.py:188} INFO - [2026-03-23T03:30:42.933+0000] {dag.py:3834} INFO - Setting next_dagrun for latest_only to 2026-03-22 20:00:00+00:00, run_after=2026-03-23 00:00:00+00:00
[2026-03-23T03:30:42.954+0000] {processor.py:183} INFO - Processing /home/airflow/.local/lib/python3.8/site-packages/airflow/example_dags/example_latest_only.py took 0.076 seconds
[2026-03-23T03:31:13.082+0000] {processor.py:161} INFO - Started process (PID=730) to work on /home/airflow/.local/lib/python3.8/site-packages/airflow/example_dags/example_latest_only.py
[2026-03-23T03:31:13.083+0000] {processor.py:830} INFO - Processing file /home/airflow/.local/lib/python3.8/site-packages/airflow/example_dags/example_latest_only.py for tasks to queue
[2026-03-23T03:31:13.084+0000] {logging_mixin.py:188} INFO - [2026-03-23T03:31:13.084+0000] {dagbag.py:540} INFO - Filling up the DagBag from /home/airflow/.local/lib/python3.8/site-packages/airflow/example_dags/example_latest_only.py
[2026-03-23T03:31:13.089+0000] {processor.py:840} INFO - DAG(s) 'latest_only' retrieved from /home/airflow/.local/lib/python3.8/site-packages/airflow/example_dags/example_latest_only.py
[2026-03-23T03:31:13.108+0000] {logging_mixin.py:188} INFO - [2026-03-23T03:31:13.107+0000] {dag.py:3047} INFO - Sync 1 DAGs
[2026-03-23T03:31:13.128+0000] {logging_mixin.py:188} INFO - [2026-03-23T03:31:13.128+0000] {dag.py:3834} INFO - Setting next_dagrun for latest_only to 2026-03-22 20:00:00+00:00, run_after=2026-03-23 00:00:00+00:00
[2026-03-23T03:31:13.148+0000] {processor.py:183} INFO - Processing /home/airflow/.local/lib/python3.8/site-packages/airflow/example_dags/example_latest_only.py took 0.069 seconds
[2026-03-23T03:31:43.700+0000] {processor.py:161} INFO - Started process (PID=785) to work on /home/airflow/.local/lib/python3.8/site-packages/airflow/example_dags/example_latest_only.py
[2026-03-23T03:31:43.702+0000] {processor.py:830} INFO - Processing file /home/airflow/.local/lib/python3.8/site-packages/airflow/example_dags/example_latest_only.py for tasks to queue
[2026-03-23T03:31:43.703+0000] {logging_mixin.py:188} INFO - [2026-03-23T03:31:43.703+0000] {dagbag.py:540} INFO - Filling up the DagBag from /home/airflow/.local/lib/python3.8/site-packages/airflow/example_dags/example_latest_only.py
[2026-03-23T03:31:43.708+0000] {processor.py:840} INFO - DAG(s) 'latest_only' retrieved from /home/airflow/.local/lib/python3.8/site-packages/airflow/example_dags/example_latest_only.py
[2026-03-23T03:31:43.726+0000] {logging_mixin.py:188} INFO - [2026-03-23T03:31:43.726+0000] {dag.py:3047} INFO - Sync 1 DAGs
[2026-03-23T03:31:43.746+0000] {logging_mixin.py:188} INFO - [2026-03-23T03:31:43.746+0000] {dag.py:3834} INFO - Setting next_dagrun for latest_only to 2026-03-22 20:00:00+00:00, run_after=2026-03-23 00:00:00+00:00
[2026-03-23T03:31:43.765+0000] {processor.py:183} INFO - Processing /home/airflow/.local/lib/python3.8/site-packages/airflow/example_dags/example_latest_only.py took 0.067 seconds
[2026-03-23T03:32:14.334+0000] {processor.py:161} INFO - Started process (PID=840) to work on /home/airflow/.local/lib/python3.8/site-packages/airflow/example_dags/example_latest_only.py
[2026-03-23T03:32:14.336+0000] {processor.py:830} INFO - Processing file /home/airflow/.local/lib/python3.8/site-packages/airflow/example_dags/example_latest_only.py for tasks to queue
[2026-03-23T03:32:14.339+0000] {logging_mixin.py:188} INFO - [2026-03-23T03:32:14.338+0000] {dagbag.py:540} INFO - Filling up the DagBag from /home/airflow/.local/lib/python3.8/site-packages/airflow/example_dags/example_latest_only.py
[2026-03-23T03:32:14.346+0000] {processor.py:840} INFO - DAG(s) 'latest_only' retrieved from /home/airflow/.local/lib/python3.8/site-packages/airflow/example_dags/example_latest_only.py
[2026-03-23T03:32:14.370+0000] {logging_mixin.py:188} INFO - [2026-03-23T03:32:14.370+0000] {dag.py:3047} INFO - Sync 1 DAGs
[2026-03-23T03:32:14.395+0000] {logging_mixin.py:188} INFO - [2026-03-23T03:32:14.395+0000] {dag.py:3834} INFO - Setting next_dagrun for latest_only to 2026-03-22 20:00:00+00:00, run_after=2026-03-23 00:00:00+00:00
[2026-03-23T03:32:14.420+0000] {processor.py:183} INFO - Processing /home/airflow/.local/lib/python3.8/site-packages/airflow/example_dags/example_latest_only.py took 0.090 seconds
[2026-03-23T03:32:44.516+0000] {processor.py:161} INFO - Started process (PID=895) to work on /home/airflow/.local/lib/python3.8/site-packages/airflow/example_dags/example_latest_only.py
[2026-03-23T03:32:44.517+0000] {processor.py:830} INFO - Processing file /home/airflow/.local/lib/python3.8/site-packages/airflow/example_dags/example_latest_only.py for tasks to queue
[2026-03-23T03:32:44.520+0000] {logging_mixin.py:188} INFO - [2026-03-23T03:32:44.519+0000] {dagbag.py:540} INFO - Filling up the DagBag from /home/airflow/.local/lib/python3.8/site-packages/airflow/example_dags/example_latest_only.py
[2026-03-23T03:32:44.524+0000] {processor.py:840} INFO - DAG(s) 'latest_only' retrieved from /home/airflow/.local/lib/python3.8/site-packages/airflow/example_dags/example_latest_only.py
[2026-03-23T03:32:44.545+0000] {logging_mixin.py:188} INFO - [2026-03-23T03:32:44.544+0000] {dag.py:3047} INFO - Sync 1 DAGs
[2026-03-23T03:32:44.566+0000] {logging_mixin.py:188} INFO - [2026-03-23T03:32:44.566+0000] {dag.py:3834} INFO - Setting next_dagrun for latest_only to 2026-03-22 20:00:00+00:00, run_after=2026-03-23 00:00:00+00:00
[2026-03-23T03:32:44.586+0000] {processor.py:183} INFO - Processing /home/airflow/.local/lib/python3.8/site-packages/airflow/example_dags/example_latest_only.py took 0.073 seconds
[2026-03-23T03:33:14.630+0000] {processor.py:161} INFO - Started process (PID=950) to work on /home/airflow/.local/lib/python3.8/site-packages/airflow/example_dags/example_latest_only.py
[2026-03-23T03:33:14.632+0000] {processor.py:830} INFO - Processing file /home/airflow/.local/lib/python3.8/site-packages/airflow/example_dags/example_latest_only.py for tasks to queue
[2026-03-23T03:33:14.634+0000] {logging_mixin.py:188} INFO - [2026-03-23T03:33:14.633+0000] {dagbag.py:540} INFO - Filling up the DagBag from /home/airflow/.local/lib/python3.8/site-packages/airflow/example_dags/example_latest_only.py
[2026-03-23T03:33:14.638+0000] {processor.py:840} INFO - DAG(s) 'latest_only' retrieved from /home/airflow/.local/lib/python3.8/site-packages/airflow/example_dags/example_latest_only.py
[2026-03-23T03:33:14.662+0000] {logging_mixin.py:188} INFO - [2026-03-23T03:33:14.662+0000] {dag.py:3047} INFO - Sync 1 DAGs
[2026-03-23T03:33:14.689+0000] {logging_mixin.py:188} INFO - [2026-03-23T03:33:14.689+0000] {dag.py:3834} INFO - Setting next_dagrun for latest_only to 2026-03-22 20:00:00+00:00, run_after=2026-03-23 00:00:00+00:00
[2026-03-23T03:33:14.714+0000] {processor.py:183} INFO - Processing /home/airflow/.local/lib/python3.8/site-packages/airflow/example_dags/example_latest_only.py took 0.086 seconds
[2026-03-23T03:33:44.851+0000] {processor.py:161} INFO - Started process (PID=1005) to work on /home/airflow/.local/lib/python3.8/site-packages/airflow/example_dags/example_latest_only.py
[2026-03-23T03:33:44.852+0000] {processor.py:830} INFO - Processing file /home/airflow/.local/lib/python3.8/site-packages/airflow/example_dags/example_latest_only.py for tasks to queue
[2026-03-23T03:33:44.854+0000] {logging_mixin.py:188} INFO - [2026-03-23T03:33:44.854+0000] {dagbag.py:540} INFO - Filling up the DagBag from /home/airflow/.local/lib/python3.8/site-packages/airflow/example_dags/example_latest_only.py
[2026-03-23T03:33:44.858+0000] {processor.py:840} INFO - DAG(s) 'latest_only' retrieved from /home/airflow/.local/lib/python3.8/site-packages/airflow/example_dags/example_latest_only.py
[2026-03-23T03:33:44.877+0000] {logging_mixin.py:188} INFO - [2026-03-23T03:33:44.877+0000] {dag.py:3047} INFO - Sync 1 DAGs
[2026-03-23T03:33:44.899+0000] {logging_mixin.py:188} INFO - [2026-03-23T03:33:44.899+0000] {dag.py:3834} INFO - Setting next_dagrun for latest_only to 2026-03-22 20:00:00+00:00, run_after=2026-03-23 00:00:00+00:00
[2026-03-23T03:33:44.922+0000] {processor.py:183} INFO - Processing /home/airflow/.local/lib/python3.8/site-packages/airflow/example_dags/example_latest_only.py took 0.073 seconds
[2026-03-23T03:34:15.062+0000] {processor.py:161} INFO - Started process (PID=1060) to work on /home/airflow/.local/lib/python3.8/site-packages/airflow/example_dags/example_latest_only.py
[2026-03-23T03:34:15.064+0000] {processor.py:830} INFO - Processing file /home/airflow/.local/lib/python3.8/site-packages/airflow/example_dags/example_latest_only.py for tasks to queue
[2026-03-23T03:34:15.066+0000] {logging_mixin.py:188} INFO - [2026-03-23T03:34:15.066+0000] {dagbag.py:540} INFO - Filling up the DagBag from /home/airflow/.local/lib/python3.8/site-packages/airflow/example_dags/example_latest_only.py
[2026-03-23T03:34:15.071+0000] {processor.py:840} INFO - DAG(s) 'latest_only' retrieved from /home/airflow/.local/lib/python3.8/site-packages/airflow/example_dags/example_latest_only.py
[2026-03-23T03:34:15.094+0000] {logging_mixin.py:188} INFO - [2026-03-23T03:34:15.094+0000] {dag.py:3047} INFO - Sync 1 DAGs
[2026-03-23T03:34:15.117+0000] {logging_mixin.py:188} INFO - [2026-03-23T03:34:15.116+0000] {dag.py:3834} INFO - Setting next_dagrun for latest_only to 2026-03-22 20:00:00+00:00, run_after=2026-03-23 00:00:00+00:00
[2026-03-23T03:34:15.138+0000] {processor.py:183} INFO - Processing /home/airflow/.local/lib/python3.8/site-packages/airflow/example_dags/example_latest_only.py took 0.079 seconds
[2026-03-23T03:34:45.290+0000] {processor.py:161} INFO - Started process (PID=1115) to work on /home/airflow/.local/lib/python3.8/site-packages/airflow/example_dags/example_latest_only.py
[2026-03-23T03:34:45.291+0000] {processor.py:830} INFO - Processing file /home/airflow/.local/lib/python3.8/site-packages/airflow/example_dags/example_latest_only.py for tasks to queue
[2026-03-23T03:34:45.294+0000] {logging_mixin.py:188} INFO - [2026-03-23T03:34:45.294+0000] {dagbag.py:540} INFO - Filling up the DagBag from /home/airflow/.local/lib/python3.8/site-packages/airflow/example_dags/example_latest_only.py
[2026-03-23T03:34:45.299+0000] {processor.py:840} INFO - DAG(s) 'latest_only' retrieved from /home/airflow/.local/lib/python3.8/site-packages/airflow/example_dags/example_latest_only.py
[2026-03-23T03:34:45.322+0000] {logging_mixin.py:188} INFO - [2026-03-23T03:34:45.322+0000] {dag.py:3047} INFO - Sync 1 DAGs
[2026-03-23T03:34:45.346+0000] {logging_mixin.py:188} INFO - [2026-03-23T03:34:45.346+0000] {dag.py:3834} INFO - Setting next_dagrun for latest_only to 2026-03-22 20:00:00+00:00, run_after=2026-03-23 00:00:00+00:00
[2026-03-23T03:34:45.371+0000] {processor.py:183} INFO - Processing /home/airflow/.local/lib/python3.8/site-packages/airflow/example_dags/example_latest_only.py took 0.084 seconds
[2026-03-23T03:37:18.633+0000] {processor.py:161} INFO - Started process (PID=64) to work on /home/airflow/.local/lib/python3.8/site-packages/airflow/example_dags/example_latest_only.py
[2026-03-23T03:37:18.635+0000] {processor.py:830} INFO - Processing file /home/airflow/.local/lib/python3.8/site-packages/airflow/example_dags/example_latest_only.py for tasks to queue
[2026-03-23T03:37:18.637+0000] {logging_mixin.py:188} INFO - [2026-03-23T03:37:18.637+0000] {dagbag.py:540} INFO - Filling up the DagBag from /home/airflow/.local/lib/python3.8/site-packages/airflow/example_dags/example_latest_only.py
[2026-03-23T03:37:18.644+0000] {processor.py:840} INFO - DAG(s) 'latest_only' retrieved from /home/airflow/.local/lib/python3.8/site-packages/airflow/example_dags/example_latest_only.py
[2026-03-23T03:37:18.659+0000] {logging_mixin.py:188} INFO - [2026-03-23T03:37:18.658+0000] {dag.py:3047} INFO - Sync 1 DAGs
[2026-03-23T03:37:18.683+0000] {logging_mixin.py:188} INFO - [2026-03-23T03:37:18.682+0000] {dag.py:3834} INFO - Setting next_dagrun for latest_only to 2026-03-22 20:00:00+00:00, run_after=2026-03-23 00:00:00+00:00
[2026-03-23T03:37:18.707+0000] {processor.py:183} INFO - Processing /home/airflow/.local/lib/python3.8/site-packages/airflow/example_dags/example_latest_only.py took 0.078 seconds
[2026-03-23T03:37:49.590+0000] {processor.py:161} INFO - Started process (PID=119) to work on /home/airflow/.local/lib/python3.8/site-packages/airflow/example_dags/example_latest_only.py
[2026-03-23T03:37:49.591+0000] {processor.py:830} INFO - Processing file /home/airflow/.local/lib/python3.8/site-packages/airflow/example_dags/example_latest_only.py for tasks to queue
[2026-03-23T03:37:49.593+0000] {logging_mixin.py:188} INFO - [2026-03-23T03:37:49.592+0000] {dagbag.py:540} INFO - Filling up the DagBag from /home/airflow/.local/lib/python3.8/site-packages/airflow/example_dags/example_latest_only.py
[2026-03-23T03:37:49.598+0000] {processor.py:840} INFO - DAG(s) 'latest_only' retrieved from /home/airflow/.local/lib/python3.8/site-packages/airflow/example_dags/example_latest_only.py
[2026-03-23T03:37:49.701+0000] {logging_mixin.py:188} INFO - [2026-03-23T03:37:49.701+0000] {dag.py:3047} INFO - Sync 1 DAGs
[2026-03-23T03:37:49.724+0000] {logging_mixin.py:188} INFO - [2026-03-23T03:37:49.724+0000] {dag.py:3834} INFO - Setting next_dagrun for latest_only to 2026-03-22 20:00:00+00:00, run_after=2026-03-23 00:00:00+00:00
[2026-03-23T03:37:49.748+0000] {processor.py:183} INFO - Processing /home/airflow/.local/lib/python3.8/site-packages/airflow/example_dags/example_latest_only.py took 0.161 seconds
[2026-03-23T03:38:19.952+0000] {processor.py:161} INFO - Started process (PID=174) to work on /home/airflow/.local/lib/python3.8/site-packages/airflow/example_dags/example_latest_only.py
[2026-03-23T03:38:19.954+0000] {processor.py:830} INFO - Processing file /home/airflow/.local/lib/python3.8/site-packages/airflow/example_dags/example_latest_only.py for tasks to queue
[2026-03-23T03:38:19.956+0000] {logging_mixin.py:188} INFO - [2026-03-23T03:38:19.956+0000] {dagbag.py:540} INFO - Filling up the DagBag from /home/airflow/.local/lib/python3.8/site-packages/airflow/example_dags/example_latest_only.py
[2026-03-23T03:38:19.962+0000] {processor.py:840} INFO - DAG(s) 'latest_only' retrieved from /home/airflow/.local/lib/python3.8/site-packages/airflow/example_dags/example_latest_only.py
[2026-03-23T03:38:19.990+0000] {logging_mixin.py:188} INFO - [2026-03-23T03:38:19.989+0000] {dag.py:3047} INFO - Sync 1 DAGs
[2026-03-23T03:38:20.018+0000] {logging_mixin.py:188} INFO - [2026-03-23T03:38:20.017+0000] {dag.py:3834} INFO - Setting next_dagrun for latest_only to 2026-03-22 20:00:00+00:00, run_after=2026-03-23 00:00:00+00:00
[2026-03-23T03:38:20.042+0000] {processor.py:183} INFO - Processing /home/airflow/.local/lib/python3.8/site-packages/airflow/example_dags/example_latest_only.py took 0.094 seconds
[2026-03-23T03:38:50.692+0000] {processor.py:161} INFO - Started process (PID=229) to work on /home/airflow/.local/lib/python3.8/site-packages/airflow/example_dags/example_latest_only.py
[2026-03-23T03:38:50.693+0000] {processor.py:830} INFO - Processing file /home/airflow/.local/lib/python3.8/site-packages/airflow/example_dags/example_latest_only.py for tasks to queue
[2026-03-23T03:38:50.695+0000] {logging_mixin.py:188} INFO - [2026-03-23T03:38:50.695+0000] {dagbag.py:540} INFO - Filling up the DagBag from /home/airflow/.local/lib/python3.8/site-packages/airflow/example_dags/example_latest_only.py
[2026-03-23T03:38:50.701+0000] {processor.py:840} INFO - DAG(s) 'latest_only' retrieved from /home/airflow/.local/lib/python3.8/site-packages/airflow/example_dags/example_latest_only.py
[2026-03-23T03:38:50.723+0000] {logging_mixin.py:188} INFO - [2026-03-23T03:38:50.722+0000] {dag.py:3047} INFO - Sync 1 DAGs
[2026-03-23T03:38:50.746+0000] {logging_mixin.py:188} INFO - [2026-03-23T03:38:50.746+0000] {dag.py:3834} INFO - Setting next_dagrun for latest_only to 2026-03-22 20:00:00+00:00, run_after=2026-03-23 00:00:00+00:00
[2026-03-23T03:38:50.771+0000] {processor.py:183} INFO - Processing /home/airflow/.local/lib/python3.8/site-packages/airflow/example_dags/example_latest_only.py took 0.082 seconds
[2026-03-23T03:39:20.938+0000] {processor.py:161} INFO - Started process (PID=284) to work on /home/airflow/.local/lib/python3.8/site-packages/airflow/example_dags/example_latest_only.py
[2026-03-23T03:39:20.940+0000] {processor.py:830} INFO - Processing file /home/airflow/.local/lib/python3.8/site-packages/airflow/example_dags/example_latest_only.py for tasks to queue
[2026-03-23T03:39:20.943+0000] {logging_mixin.py:188} INFO - [2026-03-23T03:39:20.942+0000] {dagbag.py:540} INFO - Filling up the DagBag from /home/airflow/.local/lib/python3.8/site-packages/airflow/example_dags/example_latest_only.py
[2026-03-23T03:39:20.949+0000] {processor.py:840} INFO - DAG(s) 'latest_only' retrieved from /home/airflow/.local/lib/python3.8/site-packages/airflow/example_dags/example_latest_only.py
[2026-03-23T03:39:20.974+0000] {logging_mixin.py:188} INFO - [2026-03-23T03:39:20.974+0000] {dag.py:3047} INFO - Sync 1 DAGs
[2026-03-23T03:39:21.000+0000] {logging_mixin.py:188} INFO - [2026-03-23T03:39:21.000+0000] {dag.py:3834} INFO - Setting next_dagrun for latest_only to 2026-03-22 20:00:00+00:00, run_after=2026-03-23 00:00:00+00:00
[2026-03-23T03:39:21.026+0000] {processor.py:183} INFO - Processing /home/airflow/.local/lib/python3.8/site-packages/airflow/example_dags/example_latest_only.py took 0.091 seconds
[2026-03-23T03:39:51.114+0000] {processor.py:161} INFO - Started process (PID=339) to work on /home/airflow/.local/lib/python3.8/site-packages/airflow/example_dags/example_latest_only.py
[2026-03-23T03:39:51.115+0000] {processor.py:830} INFO - Processing file /home/airflow/.local/lib/python3.8/site-packages/airflow/example_dags/example_latest_only.py for tasks to queue
[2026-03-23T03:39:51.117+0000] {logging_mixin.py:188} INFO - [2026-03-23T03:39:51.117+0000] {dagbag.py:540} INFO - Filling up the DagBag from /home/airflow/.local/lib/python3.8/site-packages/airflow/example_dags/example_latest_only.py
[2026-03-23T03:39:51.121+0000] {processor.py:840} INFO - DAG(s) 'latest_only' retrieved from /home/airflow/.local/lib/python3.8/site-packages/airflow/example_dags/example_latest_only.py
[2026-03-23T03:39:51.140+0000] {logging_mixin.py:188} INFO - [2026-03-23T03:39:51.140+0000] {dag.py:3047} INFO - Sync 1 DAGs
[2026-03-23T03:39:51.161+0000] {logging_mixin.py:188} INFO - [2026-03-23T03:39:51.161+0000] {dag.py:3834} INFO - Setting next_dagrun for latest_only to 2026-03-22 20:00:00+00:00, run_after=2026-03-23 00:00:00+00:00
[2026-03-23T03:39:51.183+0000] {processor.py:183} INFO - Processing /home/airflow/.local/lib/python3.8/site-packages/airflow/example_dags/example_latest_only.py took 0.071 seconds
[2026-03-23T03:40:21.569+0000] {processor.py:161} INFO - Started process (PID=394) to work on /home/airflow/.local/lib/python3.8/site-packages/airflow/example_dags/example_latest_only.py
[2026-03-23T03:40:21.570+0000] {processor.py:830} INFO - Processing file /home/airflow/.local/lib/python3.8/site-packages/airflow/example_dags/example_latest_only.py for tasks to queue
[2026-03-23T03:40:21.572+0000] {logging_mixin.py:188} INFO - [2026-03-23T03:40:21.572+0000] {dagbag.py:540} INFO - Filling up the DagBag from /home/airflow/.local/lib/python3.8/site-packages/airflow/example_dags/example_latest_only.py
[2026-03-23T03:40:21.578+0000] {processor.py:840} INFO - DAG(s) 'latest_only' retrieved from /home/airflow/.local/lib/python3.8/site-packages/airflow/example_dags/example_latest_only.py
[2026-03-23T03:40:21.602+0000] {logging_mixin.py:188} INFO - [2026-03-23T03:40:21.602+0000] {dag.py:3047} INFO - Sync 1 DAGs
[2026-03-23T03:40:21.626+0000] {logging_mixin.py:188} INFO - [2026-03-23T03:40:21.626+0000] {dag.py:3834} INFO - Setting next_dagrun for latest_only to 2026-03-22 20:00:00+00:00, run_after=2026-03-23 00:00:00+00:00
[2026-03-23T03:40:21.647+0000] {processor.py:183} INFO - Processing /home/airflow/.local/lib/python3.8/site-packages/airflow/example_dags/example_latest_only.py took 0.082 seconds
[2026-03-23T03:40:51.977+0000] {processor.py:161} INFO - Started process (PID=449) to work on /home/airflow/.local/lib/python3.8/site-packages/airflow/example_dags/example_latest_only.py
[2026-03-23T03:40:51.978+0000] {processor.py:830} INFO - Processing file /home/airflow/.local/lib/python3.8/site-packages/airflow/example_dags/example_latest_only.py for tasks to queue
[2026-03-23T03:40:51.980+0000] {logging_mixin.py:188} INFO - [2026-03-23T03:40:51.980+0000] {dagbag.py:540} INFO - Filling up the DagBag from /home/airflow/.local/lib/python3.8/site-packages/airflow/example_dags/example_latest_only.py
[2026-03-23T03:40:51.986+0000] {processor.py:840} INFO - DAG(s) 'latest_only' retrieved from /home/airflow/.local/lib/python3.8/site-packages/airflow/example_dags/example_latest_only.py
[2026-03-23T03:40:52.014+0000] {logging_mixin.py:188} INFO - [2026-03-23T03:40:52.014+0000] {dag.py:3047} INFO - Sync 1 DAGs
[2026-03-23T03:40:52.059+0000] {logging_mixin.py:188} INFO - [2026-03-23T03:40:52.058+0000] {dag.py:3834} INFO - Setting next_dagrun for latest_only to 2026-03-22 20:00:00+00:00, run_after=2026-03-23 00:00:00+00:00
[2026-03-23T03:40:52.102+0000] {processor.py:183} INFO - Processing /home/airflow/.local/lib/python3.8/site-packages/airflow/example_dags/example_latest_only.py took 0.128 seconds
[2026-03-23T03:41:22.326+0000] {processor.py:161} INFO - Started process (PID=504) to work on /home/airflow/.local/lib/python3.8/site-packages/airflow/example_dags/example_latest_only.py
[2026-03-23T03:41:22.327+0000] {processor.py:830} INFO - Processing file /home/airflow/.local/lib/python3.8/site-packages/airflow/example_dags/example_latest_only.py for tasks to queue
[2026-03-23T03:41:22.329+0000] {logging_mixin.py:188} INFO - [2026-03-23T03:41:22.329+0000] {dagbag.py:540} INFO - Filling up the DagBag from /home/airflow/.local/lib/python3.8/site-packages/airflow/example_dags/example_latest_only.py
[2026-03-23T03:41:22.334+0000] {processor.py:840} INFO - DAG(s) 'latest_only' retrieved from /home/airflow/.local/lib/python3.8/site-packages/airflow/example_dags/example_latest_only.py
[2026-03-23T03:41:22.362+0000] {logging_mixin.py:188} INFO - [2026-03-23T03:41:22.361+0000] {dag.py:3047} INFO - Sync 1 DAGs
[2026-03-23T03:41:22.387+0000] {logging_mixin.py:188} INFO - [2026-03-23T03:41:22.387+0000] {dag.py:3834} INFO - Setting next_dagrun for latest_only to 2026-03-22 20:00:00+00:00, run_after=2026-03-23 00:00:00+00:00
[2026-03-23T03:41:22.410+0000] {processor.py:183} INFO - Processing /home/airflow/.local/lib/python3.8/site-packages/airflow/example_dags/example_latest_only.py took 0.087 seconds
[2026-03-23T03:41:52.514+0000] {processor.py:161} INFO - Started process (PID=565) to work on /home/airflow/.local/lib/python3.8/site-packages/airflow/example_dags/example_latest_only.py
[2026-03-23T03:41:52.515+0000] {processor.py:830} INFO - Processing file /home/airflow/.local/lib/python3.8/site-packages/airflow/example_dags/example_latest_only.py for tasks to queue
[2026-03-23T03:41:52.518+0000] {logging_mixin.py:188} INFO - [2026-03-23T03:41:52.517+0000] {dagbag.py:540} INFO - Filling up the DagBag from /home/airflow/.local/lib/python3.8/site-packages/airflow/example_dags/example_latest_only.py
[2026-03-23T03:41:52.523+0000] {processor.py:840} INFO - DAG(s) 'latest_only' retrieved from /home/airflow/.local/lib/python3.8/site-packages/airflow/example_dags/example_latest_only.py
[2026-03-23T03:41:52.546+0000] {logging_mixin.py:188} INFO - [2026-03-23T03:41:52.545+0000] {dag.py:3047} INFO - Sync 1 DAGs
[2026-03-23T03:41:52.568+0000] {logging_mixin.py:188} INFO - [2026-03-23T03:41:52.567+0000] {dag.py:3834} INFO - Setting next_dagrun for latest_only to 2026-03-22 20:00:00+00:00, run_after=2026-03-23 00:00:00+00:00
[2026-03-23T03:41:52.593+0000] {processor.py:183} INFO - Processing /home/airflow/.local/lib/python3.8/site-packages/airflow/example_dags/example_latest_only.py took 0.083 seconds
[2026-03-23T03:42:22.800+0000] {processor.py:161} INFO - Started process (PID=620) to work on /home/airflow/.local/lib/python3.8/site-packages/airflow/example_dags/example_latest_only.py
[2026-03-23T03:42:22.801+0000] {processor.py:830} INFO - Processing file /home/airflow/.local/lib/python3.8/site-packages/airflow/example_dags/example_latest_only.py for tasks to queue
[2026-03-23T03:42:22.803+0000] {logging_mixin.py:188} INFO - [2026-03-23T03:42:22.803+0000] {dagbag.py:540} INFO - Filling up the DagBag from /home/airflow/.local/lib/python3.8/site-packages/airflow/example_dags/example_latest_only.py
[2026-03-23T03:42:22.808+0000] {processor.py:840} INFO - DAG(s) 'latest_only' retrieved from /home/airflow/.local/lib/python3.8/site-packages/airflow/example_dags/example_latest_only.py
[2026-03-23T03:42:22.831+0000] {logging_mixin.py:188} INFO - [2026-03-23T03:42:22.831+0000] {dag.py:3047} INFO - Sync 1 DAGs
[2026-03-23T03:42:22.856+0000] {logging_mixin.py:188} INFO - [2026-03-23T03:42:22.856+0000] {dag.py:3834} INFO - Setting next_dagrun for latest_only to 2026-03-22 20:00:00+00:00, run_after=2026-03-23 00:00:00+00:00
[2026-03-23T03:42:22.878+0000] {processor.py:183} INFO - Processing /home/airflow/.local/lib/python3.8/site-packages/airflow/example_dags/example_latest_only.py took 0.082 seconds
[2026-03-23T03:42:53.326+0000] {processor.py:161} INFO - Started process (PID=675) to work on /home/airflow/.local/lib/python3.8/site-packages/airflow/example_dags/example_latest_only.py
[2026-03-23T03:42:53.328+0000] {processor.py:830} INFO - Processing file /home/airflow/.local/lib/python3.8/site-packages/airflow/example_dags/example_latest_only.py for tasks to queue
[2026-03-23T03:42:53.330+0000] {logging_mixin.py:188} INFO - [2026-03-23T03:42:53.329+0000] {dagbag.py:540} INFO - Filling up the DagBag from /home/airflow/.local/lib/python3.8/site-packages/airflow/example_dags/example_latest_only.py
[2026-03-23T03:42:53.335+0000] {processor.py:840} INFO - DAG(s) 'latest_only' retrieved from /home/airflow/.local/lib/python3.8/site-packages/airflow/example_dags/example_latest_only.py
[2026-03-23T03:42:53.357+0000] {logging_mixin.py:188} INFO - [2026-03-23T03:42:53.357+0000] {dag.py:3047} INFO - Sync 1 DAGs
[2026-03-23T03:42:53.379+0000] {logging_mixin.py:188} INFO - [2026-03-23T03:42:53.379+0000] {dag.py:3834} INFO - Setting next_dagrun for latest_only to 2026-03-22 20:00:00+00:00, run_after=2026-03-23 00:00:00+00:00
[2026-03-23T03:42:53.409+0000] {processor.py:183} INFO - Processing /home/airflow/.local/lib/python3.8/site-packages/airflow/example_dags/example_latest_only.py took 0.086 seconds
[2026-03-23T03:43:23.827+0000] {processor.py:161} INFO - Started process (PID=730) to work on /home/airflow/.local/lib/python3.8/site-packages/airflow/example_dags/example_latest_only.py
[2026-03-23T03:43:23.828+0000] {processor.py:830} INFO - Processing file /home/airflow/.local/lib/python3.8/site-packages/airflow/example_dags/example_latest_only.py for tasks to queue
[2026-03-23T03:43:23.831+0000] {logging_mixin.py:188} INFO - [2026-03-23T03:43:23.830+0000] {dagbag.py:540} INFO - Filling up the DagBag from /home/airflow/.local/lib/python3.8/site-packages/airflow/example_dags/example_latest_only.py
[2026-03-23T03:43:23.836+0000] {processor.py:840} INFO - DAG(s) 'latest_only' retrieved from /home/airflow/.local/lib/python3.8/site-packages/airflow/example_dags/example_latest_only.py
[2026-03-23T03:43:23.858+0000] {logging_mixin.py:188} INFO - [2026-03-23T03:43:23.858+0000] {dag.py:3047} INFO - Sync 1 DAGs
[2026-03-23T03:43:23.881+0000] {logging_mixin.py:188} INFO - [2026-03-23T03:43:23.881+0000] {dag.py:3834} INFO - Setting next_dagrun for latest_only to 2026-03-22 20:00:00+00:00, run_after=2026-03-23 00:00:00+00:00
[2026-03-23T03:43:23.903+0000] {processor.py:183} INFO - Processing /home/airflow/.local/lib/python3.8/site-packages/airflow/example_dags/example_latest_only.py took 0.079 seconds
[2026-03-23T03:43:54.269+0000] {processor.py:161} INFO - Started process (PID=785) to work on /home/airflow/.local/lib/python3.8/site-packages/airflow/example_dags/example_latest_only.py
[2026-03-23T03:43:54.271+0000] {processor.py:830} INFO - Processing file /home/airflow/.local/lib/python3.8/site-packages/airflow/example_dags/example_latest_only.py for tasks to queue
[2026-03-23T03:43:54.273+0000] {logging_mixin.py:188} INFO - [2026-03-23T03:43:54.273+0000] {dagbag.py:540} INFO - Filling up the DagBag from /home/airflow/.local/lib/python3.8/site-packages/airflow/example_dags/example_latest_only.py
[2026-03-23T03:43:54.279+0000] {processor.py:840} INFO - DAG(s) 'latest_only' retrieved from /home/airflow/.local/lib/python3.8/site-packages/airflow/example_dags/example_latest_only.py
[2026-03-23T03:43:54.304+0000] {logging_mixin.py:188} INFO - [2026-03-23T03:43:54.303+0000] {dag.py:3047} INFO - Sync 1 DAGs
[2026-03-23T03:43:54.331+0000] {logging_mixin.py:188} INFO - [2026-03-23T03:43:54.331+0000] {dag.py:3834} INFO - Setting next_dagrun for latest_only to 2026-03-22 20:00:00+00:00, run_after=2026-03-23 00:00:00+00:00
[2026-03-23T03:43:54.364+0000] {processor.py:183} INFO - Processing /home/airflow/.local/lib/python3.8/site-packages/airflow/example_dags/example_latest_only.py took 0.098 seconds
[2026-03-23T03:44:24.810+0000] {processor.py:161} INFO - Started process (PID=840) to work on /home/airflow/.local/lib/python3.8/site-packages/airflow/example_dags/example_latest_only.py
[2026-03-23T03:44:24.811+0000] {processor.py:830} INFO - Processing file /home/airflow/.local/lib/python3.8/site-packages/airflow/example_dags/example_latest_only.py for tasks to queue
[2026-03-23T03:44:24.813+0000] {logging_mixin.py:188} INFO - [2026-03-23T03:44:24.813+0000] {dagbag.py:540} INFO - Filling up the DagBag from /home/airflow/.local/lib/python3.8/site-packages/airflow/example_dags/example_latest_only.py
[2026-03-23T03:44:24.819+0000] {processor.py:840} INFO - DAG(s) 'latest_only' retrieved from /home/airflow/.local/lib/python3.8/site-packages/airflow/example_dags/example_latest_only.py
[2026-03-23T03:44:24.842+0000] {logging_mixin.py:188} INFO - [2026-03-23T03:44:24.842+0000] {dag.py:3047} INFO - Sync 1 DAGs
[2026-03-23T03:44:24.865+0000] {logging_mixin.py:188} INFO - [2026-03-23T03:44:24.865+0000] {dag.py:3834} INFO - Setting next_dagrun for latest_only to 2026-03-22 20:00:00+00:00, run_after=2026-03-23 00:00:00+00:00
[2026-03-23T03:44:24.886+0000] {processor.py:183} INFO - Processing /home/airflow/.local/lib/python3.8/site-packages/airflow/example_dags/example_latest_only.py took 0.079 seconds
[2026-03-23T03:44:55.213+0000] {processor.py:161} INFO - Started process (PID=895) to work on /home/airflow/.local/lib/python3.8/site-packages/airflow/example_dags/example_latest_only.py
[2026-03-23T03:44:55.214+0000] {processor.py:830} INFO - Processing file /home/airflow/.local/lib/python3.8/site-packages/airflow/example_dags/example_latest_only.py for tasks to queue
[2026-03-23T03:44:55.217+0000] {logging_mixin.py:188} INFO - [2026-03-23T03:44:55.217+0000] {dagbag.py:540} INFO - Filling up the DagBag from /home/airflow/.local/lib/python3.8/site-packages/airflow/example_dags/example_latest_only.py
[2026-03-23T03:44:55.224+0000] {processor.py:840} INFO - DAG(s) 'latest_only' retrieved from /home/airflow/.local/lib/python3.8/site-packages/airflow/example_dags/example_latest_only.py
[2026-03-23T03:44:55.250+0000] {logging_mixin.py:188} INFO - [2026-03-23T03:44:55.250+0000] {dag.py:3047} INFO - Sync 1 DAGs
[2026-03-23T03:44:55.275+0000] {logging_mixin.py:188} INFO - [2026-03-23T03:44:55.275+0000] {dag.py:3834} INFO - Setting next_dagrun for latest_only to 2026-03-22 20:00:00+00:00, run_after=2026-03-23 00:00:00+00:00
[2026-03-23T03:44:55.301+0000] {processor.py:183} INFO - Processing /home/airflow/.local/lib/python3.8/site-packages/airflow/example_dags/example_latest_only.py took 0.092 seconds
[2026-03-23T03:45:25.669+0000] {processor.py:161} INFO - Started process (PID=950) to work on /home/airflow/.local/lib/python3.8/site-packages/airflow/example_dags/example_latest_only.py
[2026-03-23T03:45:25.670+0000] {processor.py:830} INFO - Processing file /home/airflow/.local/lib/python3.8/site-packages/airflow/example_dags/example_latest_only.py for tasks to queue
[2026-03-23T03:45:25.672+0000] {logging_mixin.py:188} INFO - [2026-03-23T03:45:25.672+0000] {dagbag.py:540} INFO - Filling up the DagBag from /home/airflow/.local/lib/python3.8/site-packages/airflow/example_dags/example_latest_only.py
[2026-03-23T03:45:25.678+0000] {processor.py:840} INFO - DAG(s) 'latest_only' retrieved from /home/airflow/.local/lib/python3.8/site-packages/airflow/example_dags/example_latest_only.py
[2026-03-23T03:45:25.698+0000] {logging_mixin.py:188} INFO - [2026-03-23T03:45:25.698+0000] {dag.py:3047} INFO - Sync 1 DAGs
[2026-03-23T03:45:25.718+0000] {logging_mixin.py:188} INFO - [2026-03-23T03:45:25.718+0000] {dag.py:3834} INFO - Setting next_dagrun for latest_only to 2026-03-22 20:00:00+00:00, run_after=2026-03-23 00:00:00+00:00
[2026-03-23T03:45:25.743+0000] {processor.py:183} INFO - Processing /home/airflow/.local/lib/python3.8/site-packages/airflow/example_dags/example_latest_only.py took 0.076 seconds
[2026-03-23T03:45:55.987+0000] {processor.py:161} INFO - Started process (PID=1005) to work on /home/airflow/.local/lib/python3.8/site-packages/airflow/example_dags/example_latest_only.py
[2026-03-23T03:45:55.989+0000] {processor.py:830} INFO - Processing file /home/airflow/.local/lib/python3.8/site-packages/airflow/example_dags/example_latest_only.py for tasks to queue
[2026-03-23T03:45:55.990+0000] {logging_mixin.py:188} INFO - [2026-03-23T03:45:55.990+0000] {dagbag.py:540} INFO - Filling up the DagBag from /home/airflow/.local/lib/python3.8/site-packages/airflow/example_dags/example_latest_only.py
[2026-03-23T03:45:55.994+0000] {processor.py:840} INFO - DAG(s) 'latest_only' retrieved from /home/airflow/.local/lib/python3.8/site-packages/airflow/example_dags/example_latest_only.py
[2026-03-23T03:45:56.012+0000] {logging_mixin.py:188} INFO - [2026-03-23T03:45:56.012+0000] {dag.py:3047} INFO - Sync 1 DAGs
[2026-03-23T03:45:56.036+0000] {logging_mixin.py:188} INFO - [2026-03-23T03:45:56.035+0000] {dag.py:3834} INFO - Setting next_dagrun for latest_only to 2026-03-22 20:00:00+00:00, run_after=2026-03-23 00:00:00+00:00
[2026-03-23T03:45:56.060+0000] {processor.py:183} INFO - Processing /home/airflow/.local/lib/python3.8/site-packages/airflow/example_dags/example_latest_only.py took 0.076 seconds
[2026-03-23T03:46:26.161+0000] {processor.py:161} INFO - Started process (PID=1060) to work on /home/airflow/.local/lib/python3.8/site-packages/airflow/example_dags/example_latest_only.py
[2026-03-23T03:46:26.163+0000] {processor.py:830} INFO - Processing file /home/airflow/.local/lib/python3.8/site-packages/airflow/example_dags/example_latest_only.py for tasks to queue
[2026-03-23T03:46:26.165+0000] {logging_mixin.py:188} INFO - [2026-03-23T03:46:26.165+0000] {dagbag.py:540} INFO - Filling up the DagBag from /home/airflow/.local/lib/python3.8/site-packages/airflow/example_dags/example_latest_only.py
[2026-03-23T03:46:26.170+0000] {processor.py:840} INFO - DAG(s) 'latest_only' retrieved from /home/airflow/.local/lib/python3.8/site-packages/airflow/example_dags/example_latest_only.py
[2026-03-23T03:46:26.194+0000] {logging_mixin.py:188} INFO - [2026-03-23T03:46:26.194+0000] {dag.py:3047} INFO - Sync 1 DAGs
[2026-03-23T03:46:26.220+0000] {logging_mixin.py:188} INFO - [2026-03-23T03:46:26.220+0000] {dag.py:3834} INFO - Setting next_dagrun for latest_only to 2026-03-22 20:00:00+00:00, run_after=2026-03-23 00:00:00+00:00
[2026-03-23T03:46:26.247+0000] {processor.py:183} INFO - Processing /home/airflow/.local/lib/python3.8/site-packages/airflow/example_dags/example_latest_only.py took 0.089 seconds
[2026-03-23T03:46:56.619+0000] {processor.py:161} INFO - Started process (PID=1115) to work on /home/airflow/.local/lib/python3.8/site-packages/airflow/example_dags/example_latest_only.py
[2026-03-23T03:46:56.620+0000] {processor.py:830} INFO - Processing file /home/airflow/.local/lib/python3.8/site-packages/airflow/example_dags/example_latest_only.py for tasks to queue
[2026-03-23T03:46:56.622+0000] {logging_mixin.py:188} INFO - [2026-03-23T03:46:56.622+0000] {dagbag.py:540} INFO - Filling up the DagBag from /home/airflow/.local/lib/python3.8/site-packages/airflow/example_dags/example_latest_only.py
[2026-03-23T03:46:56.628+0000] {processor.py:840} INFO - DAG(s) 'latest_only' retrieved from /home/airflow/.local/lib/python3.8/site-packages/airflow/example_dags/example_latest_only.py
[2026-03-23T03:46:56.649+0000] {logging_mixin.py:188} INFO - [2026-03-23T03:46:56.649+0000] {dag.py:3047} INFO - Sync 1 DAGs
[2026-03-23T03:46:56.672+0000] {logging_mixin.py:188} INFO - [2026-03-23T03:46:56.672+0000] {dag.py:3834} INFO - Setting next_dagrun for latest_only to 2026-03-22 20:00:00+00:00, run_after=2026-03-23 00:00:00+00:00
[2026-03-23T03:46:56.697+0000] {processor.py:183} INFO - Processing /home/airflow/.local/lib/python3.8/site-packages/airflow/example_dags/example_latest_only.py took 0.081 seconds
[2026-03-23T03:47:26.978+0000] {processor.py:161} INFO - Started process (PID=1170) to work on /home/airflow/.local/lib/python3.8/site-packages/airflow/example_dags/example_latest_only.py
[2026-03-23T03:47:26.979+0000] {processor.py:830} INFO - Processing file /home/airflow/.local/lib/python3.8/site-packages/airflow/example_dags/example_latest_only.py for tasks to queue
[2026-03-23T03:47:26.982+0000] {logging_mixin.py:188} INFO - [2026-03-23T03:47:26.981+0000] {dagbag.py:540} INFO - Filling up the DagBag from /home/airflow/.local/lib/python3.8/site-packages/airflow/example_dags/example_latest_only.py
[2026-03-23T03:47:26.987+0000] {processor.py:840} INFO - DAG(s) 'latest_only' retrieved from /home/airflow/.local/lib/python3.8/site-packages/airflow/example_dags/example_latest_only.py
[2026-03-23T03:47:27.009+0000] {logging_mixin.py:188} INFO - [2026-03-23T03:47:27.009+0000] {dag.py:3047} INFO - Sync 1 DAGs
[2026-03-23T03:47:27.033+0000] {logging_mixin.py:188} INFO - [2026-03-23T03:47:27.033+0000] {dag.py:3834} INFO - Setting next_dagrun for latest_only to 2026-03-22 20:00:00+00:00, run_after=2026-03-23 00:00:00+00:00
[2026-03-23T03:47:27.056+0000] {processor.py:183} INFO - Processing /home/airflow/.local/lib/python3.8/site-packages/airflow/example_dags/example_latest_only.py took 0.082 seconds
[2026-03-23T03:47:57.227+0000] {processor.py:161} INFO - Started process (PID=1225) to work on /home/airflow/.local/lib/python3.8/site-packages/airflow/example_dags/example_latest_only.py
[2026-03-23T03:47:57.229+0000] {processor.py:830} INFO - Processing file /home/airflow/.local/lib/python3.8/site-packages/airflow/example_dags/example_latest_only.py for tasks to queue
[2026-03-23T03:47:57.230+0000] {logging_mixin.py:188} INFO - [2026-03-23T03:47:57.230+0000] {dagbag.py:540} INFO - Filling up the DagBag from /home/airflow/.local/lib/python3.8/site-packages/airflow/example_dags/example_latest_only.py
[2026-03-23T03:47:57.235+0000] {processor.py:840} INFO - DAG(s) 'latest_only' retrieved from /home/airflow/.local/lib/python3.8/site-packages/airflow/example_dags/example_latest_only.py
[2026-03-23T03:47:57.255+0000] {logging_mixin.py:188} INFO - [2026-03-23T03:47:57.255+0000] {dag.py:3047} INFO - Sync 1 DAGs
[2026-03-23T03:47:57.278+0000] {logging_mixin.py:188} INFO - [2026-03-23T03:47:57.277+0000] {dag.py:3834} INFO - Setting next_dagrun for latest_only to 2026-03-22 20:00:00+00:00, run_after=2026-03-23 00:00:00+00:00
[2026-03-23T03:47:57.300+0000] {processor.py:183} INFO - Processing /home/airflow/.local/lib/python3.8/site-packages/airflow/example_dags/example_latest_only.py took 0.075 seconds
[2026-03-23T03:48:27.564+0000] {processor.py:161} INFO - Started process (PID=1280) to work on /home/airflow/.local/lib/python3.8/site-packages/airflow/example_dags/example_latest_only.py
[2026-03-23T03:48:27.566+0000] {processor.py:830} INFO - Processing file /home/airflow/.local/lib/python3.8/site-packages/airflow/example_dags/example_latest_only.py for tasks to queue
[2026-03-23T03:48:27.568+0000] {logging_mixin.py:188} INFO - [2026-03-23T03:48:27.568+0000] {dagbag.py:540} INFO - Filling up the DagBag from /home/airflow/.local/lib/python3.8/site-packages/airflow/example_dags/example_latest_only.py
[2026-03-23T03:48:27.573+0000] {processor.py:840} INFO - DAG(s) 'latest_only' retrieved from /home/airflow/.local/lib/python3.8/site-packages/airflow/example_dags/example_latest_only.py
[2026-03-23T03:48:27.594+0000] {logging_mixin.py:188} INFO - [2026-03-23T03:48:27.593+0000] {dag.py:3047} INFO - Sync 1 DAGs
[2026-03-23T03:48:27.619+0000] {logging_mixin.py:188} INFO - [2026-03-23T03:48:27.619+0000] {dag.py:3834} INFO - Setting next_dagrun for latest_only to 2026-03-22 20:00:00+00:00, run_after=2026-03-23 00:00:00+00:00
[2026-03-23T03:48:27.657+0000] {processor.py:183} INFO - Processing /home/airflow/.local/lib/python3.8/site-packages/airflow/example_dags/example_latest_only.py took 0.096 seconds
[2026-03-23T03:48:57.948+0000] {processor.py:161} INFO - Started process (PID=1335) to work on /home/airflow/.local/lib/python3.8/site-packages/airflow/example_dags/example_latest_only.py
[2026-03-23T03:48:57.949+0000] {processor.py:830} INFO - Processing file /home/airflow/.local/lib/python3.8/site-packages/airflow/example_dags/example_latest_only.py for tasks to queue
[2026-03-23T03:48:57.951+0000] {logging_mixin.py:188} INFO - [2026-03-23T03:48:57.951+0000] {dagbag.py:540} INFO - Filling up the DagBag from /home/airflow/.local/lib/python3.8/site-packages/airflow/example_dags/example_latest_only.py
[2026-03-23T03:48:57.958+0000] {processor.py:840} INFO - DAG(s) 'latest_only' retrieved from /home/airflow/.local/lib/python3.8/site-packages/airflow/example_dags/example_latest_only.py
[2026-03-23T03:48:57.982+0000] {logging_mixin.py:188} INFO - [2026-03-23T03:48:57.982+0000] {dag.py:3047} INFO - Sync 1 DAGs
[2026-03-23T03:48:58.010+0000] {logging_mixin.py:188} INFO - [2026-03-23T03:48:58.009+0000] {dag.py:3834} INFO - Setting next_dagrun for latest_only to 2026-03-22 20:00:00+00:00, run_after=2026-03-23 00:00:00+00:00
[2026-03-23T03:48:58.036+0000] {processor.py:183} INFO - Processing /home/airflow/.local/lib/python3.8/site-packages/airflow/example_dags/example_latest_only.py took 0.092 seconds
[2026-03-23T03:49:28.255+0000] {processor.py:161} INFO - Started process (PID=1390) to work on /home/airflow/.local/lib/python3.8/site-packages/airflow/example_dags/example_latest_only.py
[2026-03-23T03:49:28.257+0000] {processor.py:830} INFO - Processing file /home/airflow/.local/lib/python3.8/site-packages/airflow/example_dags/example_latest_only.py for tasks to queue
[2026-03-23T03:49:28.259+0000] {logging_mixin.py:188} INFO - [2026-03-23T03:49:28.258+0000] {dagbag.py:540} INFO - Filling up the DagBag from /home/airflow/.local/lib/python3.8/site-packages/airflow/example_dags/example_latest_only.py
[2026-03-23T03:49:28.264+0000] {processor.py:840} INFO - DAG(s) 'latest_only' retrieved from /home/airflow/.local/lib/python3.8/site-packages/airflow/example_dags/example_latest_only.py
[2026-03-23T03:49:28.287+0000] {logging_mixin.py:188} INFO - [2026-03-23T03:49:28.286+0000] {dag.py:3047} INFO - Sync 1 DAGs
[2026-03-23T03:49:28.310+0000] {logging_mixin.py:188} INFO - [2026-03-23T03:49:28.310+0000] {dag.py:3834} INFO - Setting next_dagrun for latest_only to 2026-03-22 20:00:00+00:00, run_after=2026-03-23 00:00:00+00:00
[2026-03-23T03:49:28.332+0000] {processor.py:183} INFO - Processing /home/airflow/.local/lib/python3.8/site-packages/airflow/example_dags/example_latest_only.py took 0.080 seconds
[2026-03-23T03:50:46.452+0000] {processor.py:161} INFO - Started process (PID=64) to work on /home/airflow/.local/lib/python3.8/site-packages/airflow/example_dags/example_latest_only.py
[2026-03-23T03:50:46.453+0000] {processor.py:830} INFO - Processing file /home/airflow/.local/lib/python3.8/site-packages/airflow/example_dags/example_latest_only.py for tasks to queue
[2026-03-23T03:50:46.455+0000] {logging_mixin.py:188} INFO - [2026-03-23T03:50:46.455+0000] {dagbag.py:540} INFO - Filling up the DagBag from /home/airflow/.local/lib/python3.8/site-packages/airflow/example_dags/example_latest_only.py
[2026-03-23T03:50:46.463+0000] {processor.py:840} INFO - DAG(s) 'latest_only' retrieved from /home/airflow/.local/lib/python3.8/site-packages/airflow/example_dags/example_latest_only.py
[2026-03-23T03:50:46.480+0000] {logging_mixin.py:188} INFO - [2026-03-23T03:50:46.480+0000] {dag.py:3047} INFO - Sync 1 DAGs
[2026-03-23T03:50:46.518+0000] {logging_mixin.py:188} INFO - [2026-03-23T03:50:46.517+0000] {dag.py:3834} INFO - Setting next_dagrun for latest_only to 2026-03-22 20:00:00+00:00, run_after=2026-03-23 00:00:00+00:00
[2026-03-23T03:50:46.554+0000] {processor.py:183} INFO - Processing /home/airflow/.local/lib/python3.8/site-packages/airflow/example_dags/example_latest_only.py took 0.106 seconds
[2026-03-23T03:51:17.022+0000] {processor.py:161} INFO - Started process (PID=119) to work on /home/airflow/.local/lib/python3.8/site-packages/airflow/example_dags/example_latest_only.py
[2026-03-23T03:51:17.024+0000] {processor.py:830} INFO - Processing file /home/airflow/.local/lib/python3.8/site-packages/airflow/example_dags/example_latest_only.py for tasks to queue
[2026-03-23T03:51:17.026+0000] {logging_mixin.py:188} INFO - [2026-03-23T03:51:17.025+0000] {dagbag.py:540} INFO - Filling up the DagBag from /home/airflow/.local/lib/python3.8/site-packages/airflow/example_dags/example_latest_only.py
[2026-03-23T03:51:17.030+0000] {processor.py:840} INFO - DAG(s) 'latest_only' retrieved from /home/airflow/.local/lib/python3.8/site-packages/airflow/example_dags/example_latest_only.py
[2026-03-23T03:51:17.144+0000] {logging_mixin.py:188} INFO - [2026-03-23T03:51:17.144+0000] {dag.py:3047} INFO - Sync 1 DAGs
[2026-03-23T03:51:17.170+0000] {logging_mixin.py:188} INFO - [2026-03-23T03:51:17.169+0000] {dag.py:3834} INFO - Setting next_dagrun for latest_only to 2026-03-22 20:00:00+00:00, run_after=2026-03-23 00:00:00+00:00
[2026-03-23T03:51:17.198+0000] {processor.py:183} INFO - Processing /home/airflow/.local/lib/python3.8/site-packages/airflow/example_dags/example_latest_only.py took 0.178 seconds
[2026-03-23T03:51:47.351+0000] {processor.py:161} INFO - Started process (PID=174) to work on /home/airflow/.local/lib/python3.8/site-packages/airflow/example_dags/example_latest_only.py
[2026-03-23T03:51:47.352+0000] {processor.py:830} INFO - Processing file /home/airflow/.local/lib/python3.8/site-packages/airflow/example_dags/example_latest_only.py for tasks to queue
[2026-03-23T03:51:47.355+0000] {logging_mixin.py:188} INFO - [2026-03-23T03:51:47.354+0000] {dagbag.py:540} INFO - Filling up the DagBag from /home/airflow/.local/lib/python3.8/site-packages/airflow/example_dags/example_latest_only.py
[2026-03-23T03:51:47.360+0000] {processor.py:840} INFO - DAG(s) 'latest_only' retrieved from /home/airflow/.local/lib/python3.8/site-packages/airflow/example_dags/example_latest_only.py
[2026-03-23T03:51:47.385+0000] {logging_mixin.py:188} INFO - [2026-03-23T03:51:47.385+0000] {dag.py:3047} INFO - Sync 1 DAGs
[2026-03-23T03:51:47.410+0000] {logging_mixin.py:188} INFO - [2026-03-23T03:51:47.409+0000] {dag.py:3834} INFO - Setting next_dagrun for latest_only to 2026-03-22 20:00:00+00:00, run_after=2026-03-23 00:00:00+00:00
[2026-03-23T03:51:47.436+0000] {processor.py:183} INFO - Processing /home/airflow/.local/lib/python3.8/site-packages/airflow/example_dags/example_latest_only.py took 0.089 seconds
[2026-03-23T03:52:17.500+0000] {processor.py:161} INFO - Started process (PID=229) to work on /home/airflow/.local/lib/python3.8/site-packages/airflow/example_dags/example_latest_only.py
[2026-03-23T03:52:17.501+0000] {processor.py:830} INFO - Processing file /home/airflow/.local/lib/python3.8/site-packages/airflow/example_dags/example_latest_only.py for tasks to queue
[2026-03-23T03:52:17.503+0000] {logging_mixin.py:188} INFO - [2026-03-23T03:52:17.503+0000] {dagbag.py:540} INFO - Filling up the DagBag from /home/airflow/.local/lib/python3.8/site-packages/airflow/example_dags/example_latest_only.py
[2026-03-23T03:52:17.509+0000] {processor.py:840} INFO - DAG(s) 'latest_only' retrieved from /home/airflow/.local/lib/python3.8/site-packages/airflow/example_dags/example_latest_only.py
[2026-03-23T03:52:17.533+0000] {logging_mixin.py:188} INFO - [2026-03-23T03:52:17.532+0000] {dag.py:3047} INFO - Sync 1 DAGs
[2026-03-23T03:52:17.558+0000] {logging_mixin.py:188} INFO - [2026-03-23T03:52:17.558+0000] {dag.py:3834} INFO - Setting next_dagrun for latest_only to 2026-03-22 20:00:00+00:00, run_after=2026-03-23 00:00:00+00:00
[2026-03-23T03:52:17.584+0000] {processor.py:183} INFO - Processing /home/airflow/.local/lib/python3.8/site-packages/airflow/example_dags/example_latest_only.py took 0.089 seconds
[2026-03-23T03:52:47.632+0000] {processor.py:161} INFO - Started process (PID=290) to work on /home/airflow/.local/lib/python3.8/site-packages/airflow/example_dags/example_latest_only.py
[2026-03-23T03:52:47.633+0000] {processor.py:830} INFO - Processing file /home/airflow/.local/lib/python3.8/site-packages/airflow/example_dags/example_latest_only.py for tasks to queue
[2026-03-23T03:52:47.635+0000] {logging_mixin.py:188} INFO - [2026-03-23T03:52:47.635+0000] {dagbag.py:540} INFO - Filling up the DagBag from /home/airflow/.local/lib/python3.8/site-packages/airflow/example_dags/example_latest_only.py
[2026-03-23T03:52:47.640+0000] {processor.py:840} INFO - DAG(s) 'latest_only' retrieved from /home/airflow/.local/lib/python3.8/site-packages/airflow/example_dags/example_latest_only.py
[2026-03-23T03:52:47.661+0000] {logging_mixin.py:188} INFO - [2026-03-23T03:52:47.661+0000] {dag.py:3047} INFO - Sync 1 DAGs
[2026-03-23T03:52:47.686+0000] {logging_mixin.py:188} INFO - [2026-03-23T03:52:47.686+0000] {dag.py:3834} INFO - Setting next_dagrun for latest_only to 2026-03-22 20:00:00+00:00, run_after=2026-03-23 00:00:00+00:00
[2026-03-23T03:52:47.710+0000] {processor.py:183} INFO - Processing /home/airflow/.local/lib/python3.8/site-packages/airflow/example_dags/example_latest_only.py took 0.081 seconds
[2026-03-23T03:53:18.344+0000] {processor.py:161} INFO - Started process (PID=345) to work on /home/airflow/.local/lib/python3.8/site-packages/airflow/example_dags/example_latest_only.py
[2026-03-23T03:53:18.345+0000] {processor.py:830} INFO - Processing file /home/airflow/.local/lib/python3.8/site-packages/airflow/example_dags/example_latest_only.py for tasks to queue
[2026-03-23T03:53:18.348+0000] {logging_mixin.py:188} INFO - [2026-03-23T03:53:18.347+0000] {dagbag.py:540} INFO - Filling up the DagBag from /home/airflow/.local/lib/python3.8/site-packages/airflow/example_dags/example_latest_only.py
[2026-03-23T03:53:18.355+0000] {processor.py:840} INFO - DAG(s) 'latest_only' retrieved from /home/airflow/.local/lib/python3.8/site-packages/airflow/example_dags/example_latest_only.py
[2026-03-23T03:53:18.383+0000] {logging_mixin.py:188} INFO - [2026-03-23T03:53:18.383+0000] {dag.py:3047} INFO - Sync 1 DAGs
[2026-03-23T03:53:18.409+0000] {logging_mixin.py:188} INFO - [2026-03-23T03:53:18.409+0000] {dag.py:3834} INFO - Setting next_dagrun for latest_only to 2026-03-22 20:00:00+00:00, run_after=2026-03-23 00:00:00+00:00
[2026-03-23T03:53:18.434+0000] {processor.py:183} INFO - Processing /home/airflow/.local/lib/python3.8/site-packages/airflow/example_dags/example_latest_only.py took 0.095 seconds
[2026-03-23T03:53:48.608+0000] {processor.py:161} INFO - Started process (PID=400) to work on /home/airflow/.local/lib/python3.8/site-packages/airflow/example_dags/example_latest_only.py
[2026-03-23T03:53:48.609+0000] {processor.py:830} INFO - Processing file /home/airflow/.local/lib/python3.8/site-packages/airflow/example_dags/example_latest_only.py for tasks to queue
[2026-03-23T03:53:48.611+0000] {logging_mixin.py:188} INFO - [2026-03-23T03:53:48.611+0000] {dagbag.py:540} INFO - Filling up the DagBag from /home/airflow/.local/lib/python3.8/site-packages/airflow/example_dags/example_latest_only.py
[2026-03-23T03:53:48.616+0000] {processor.py:840} INFO - DAG(s) 'latest_only' retrieved from /home/airflow/.local/lib/python3.8/site-packages/airflow/example_dags/example_latest_only.py
[2026-03-23T03:53:48.638+0000] {logging_mixin.py:188} INFO - [2026-03-23T03:53:48.637+0000] {dag.py:3047} INFO - Sync 1 DAGs
[2026-03-23T03:53:48.659+0000] {logging_mixin.py:188} INFO - [2026-03-23T03:53:48.659+0000] {dag.py:3834} INFO - Setting next_dagrun for latest_only to 2026-03-22 20:00:00+00:00, run_after=2026-03-23 00:00:00+00:00
[2026-03-23T03:53:48.681+0000] {processor.py:183} INFO - Processing /home/airflow/.local/lib/python3.8/site-packages/airflow/example_dags/example_latest_only.py took 0.076 seconds
[2026-03-23T03:54:19.376+0000] {processor.py:161} INFO - Started process (PID=455) to work on /home/airflow/.local/lib/python3.8/site-packages/airflow/example_dags/example_latest_only.py
[2026-03-23T03:54:19.377+0000] {processor.py:830} INFO - Processing file /home/airflow/.local/lib/python3.8/site-packages/airflow/example_dags/example_latest_only.py for tasks to queue
[2026-03-23T03:54:19.380+0000] {logging_mixin.py:188} INFO - [2026-03-23T03:54:19.379+0000] {dagbag.py:540} INFO - Filling up the DagBag from /home/airflow/.local/lib/python3.8/site-packages/airflow/example_dags/example_latest_only.py
[2026-03-23T03:54:19.387+0000] {processor.py:840} INFO - DAG(s) 'latest_only' retrieved from /home/airflow/.local/lib/python3.8/site-packages/airflow/example_dags/example_latest_only.py
[2026-03-23T03:54:19.409+0000] {logging_mixin.py:188} INFO - [2026-03-23T03:54:19.409+0000] {dag.py:3047} INFO - Sync 1 DAGs
[2026-03-23T03:54:19.434+0000] {logging_mixin.py:188} INFO - [2026-03-23T03:54:19.434+0000] {dag.py:3834} INFO - Setting next_dagrun for latest_only to 2026-03-22 20:00:00+00:00, run_after=2026-03-23 00:00:00+00:00
[2026-03-23T03:54:19.455+0000] {processor.py:183} INFO - Processing /home/airflow/.local/lib/python3.8/site-packages/airflow/example_dags/example_latest_only.py took 0.082 seconds
[2026-03-23T03:54:49.723+0000] {processor.py:161} INFO - Started process (PID=510) to work on /home/airflow/.local/lib/python3.8/site-packages/airflow/example_dags/example_latest_only.py
[2026-03-23T03:54:49.725+0000] {processor.py:830} INFO - Processing file /home/airflow/.local/lib/python3.8/site-packages/airflow/example_dags/example_latest_only.py for tasks to queue
[2026-03-23T03:54:49.727+0000] {logging_mixin.py:188} INFO - [2026-03-23T03:54:49.727+0000] {dagbag.py:540} INFO - Filling up the DagBag from /home/airflow/.local/lib/python3.8/site-packages/airflow/example_dags/example_latest_only.py
[2026-03-23T03:54:49.733+0000] {processor.py:840} INFO - DAG(s) 'latest_only' retrieved from /home/airflow/.local/lib/python3.8/site-packages/airflow/example_dags/example_latest_only.py
[2026-03-23T03:54:49.756+0000] {logging_mixin.py:188} INFO - [2026-03-23T03:54:49.755+0000] {dag.py:3047} INFO - Sync 1 DAGs
[2026-03-23T03:54:49.779+0000] {logging_mixin.py:188} INFO - [2026-03-23T03:54:49.779+0000] {dag.py:3834} INFO - Setting next_dagrun for latest_only to 2026-03-22 20:00:00+00:00, run_after=2026-03-23 00:00:00+00:00
[2026-03-23T03:54:49.800+0000] {processor.py:183} INFO - Processing /home/airflow/.local/lib/python3.8/site-packages/airflow/example_dags/example_latest_only.py took 0.079 seconds
[2026-03-23T03:55:19.906+0000] {processor.py:161} INFO - Started process (PID=565) to work on /home/airflow/.local/lib/python3.8/site-packages/airflow/example_dags/example_latest_only.py
[2026-03-23T03:55:19.908+0000] {processor.py:830} INFO - Processing file /home/airflow/.local/lib/python3.8/site-packages/airflow/example_dags/example_latest_only.py for tasks to queue
[2026-03-23T03:55:19.910+0000] {logging_mixin.py:188} INFO - [2026-03-23T03:55:19.909+0000] {dagbag.py:540} INFO - Filling up the DagBag from /home/airflow/.local/lib/python3.8/site-packages/airflow/example_dags/example_latest_only.py
[2026-03-23T03:55:19.914+0000] {processor.py:840} INFO - DAG(s) 'latest_only' retrieved from /home/airflow/.local/lib/python3.8/site-packages/airflow/example_dags/example_latest_only.py
[2026-03-23T03:55:19.935+0000] {logging_mixin.py:188} INFO - [2026-03-23T03:55:19.935+0000] {dag.py:3047} INFO - Sync 1 DAGs
[2026-03-23T03:55:19.957+0000] {logging_mixin.py:188} INFO - [2026-03-23T03:55:19.956+0000] {dag.py:3834} INFO - Setting next_dagrun for latest_only to 2026-03-22 20:00:00+00:00, run_after=2026-03-23 00:00:00+00:00
[2026-03-23T03:55:19.977+0000] {processor.py:183} INFO - Processing /home/airflow/.local/lib/python3.8/site-packages/airflow/example_dags/example_latest_only.py took 0.074 seconds
[2026-03-23T03:55:50.225+0000] {processor.py:161} INFO - Started process (PID=620) to work on /home/airflow/.local/lib/python3.8/site-packages/airflow/example_dags/example_latest_only.py
[2026-03-23T03:55:50.227+0000] {processor.py:830} INFO - Processing file /home/airflow/.local/lib/python3.8/site-packages/airflow/example_dags/example_latest_only.py for tasks to queue
[2026-03-23T03:55:50.230+0000] {logging_mixin.py:188} INFO - [2026-03-23T03:55:50.229+0000] {dagbag.py:540} INFO - Filling up the DagBag from /home/airflow/.local/lib/python3.8/site-packages/airflow/example_dags/example_latest_only.py
[2026-03-23T03:55:50.235+0000] {processor.py:840} INFO - DAG(s) 'latest_only' retrieved from /home/airflow/.local/lib/python3.8/site-packages/airflow/example_dags/example_latest_only.py
[2026-03-23T03:55:50.260+0000] {logging_mixin.py:188} INFO - [2026-03-23T03:55:50.259+0000] {dag.py:3047} INFO - Sync 1 DAGs
[2026-03-23T03:55:50.284+0000] {logging_mixin.py:188} INFO - [2026-03-23T03:55:50.284+0000] {dag.py:3834} INFO - Setting next_dagrun for latest_only to 2026-03-22 20:00:00+00:00, run_after=2026-03-23 00:00:00+00:00
[2026-03-23T03:55:50.309+0000] {processor.py:183} INFO - Processing /home/airflow/.local/lib/python3.8/site-packages/airflow/example_dags/example_latest_only.py took 0.088 seconds
[2026-03-23T03:56:20.466+0000] {processor.py:161} INFO - Started process (PID=675) to work on /home/airflow/.local/lib/python3.8/site-packages/airflow/example_dags/example_latest_only.py
[2026-03-23T03:56:20.468+0000] {processor.py:830} INFO - Processing file /home/airflow/.local/lib/python3.8/site-packages/airflow/example_dags/example_latest_only.py for tasks to queue
[2026-03-23T03:56:20.471+0000] {logging_mixin.py:188} INFO - [2026-03-23T03:56:20.471+0000] {dagbag.py:540} INFO - Filling up the DagBag from /home/airflow/.local/lib/python3.8/site-packages/airflow/example_dags/example_latest_only.py
[2026-03-23T03:56:20.477+0000] {processor.py:840} INFO - DAG(s) 'latest_only' retrieved from /home/airflow/.local/lib/python3.8/site-packages/airflow/example_dags/example_latest_only.py
[2026-03-23T03:56:20.503+0000] {logging_mixin.py:188} INFO - [2026-03-23T03:56:20.502+0000] {dag.py:3047} INFO - Sync 1 DAGs
[2026-03-23T03:56:20.533+0000] {logging_mixin.py:188} INFO - [2026-03-23T03:56:20.533+0000] {dag.py:3834} INFO - Setting next_dagrun for latest_only to 2026-03-22 20:00:00+00:00, run_after=2026-03-23 00:00:00+00:00
[2026-03-23T03:56:20.562+0000] {processor.py:183} INFO - Processing /home/airflow/.local/lib/python3.8/site-packages/airflow/example_dags/example_latest_only.py took 0.099 seconds
