[2026-03-23T03:21:13.729+0000] {processor.py:161} INFO - Started process (PID=63) to work on /home/airflow/.local/lib/python3.8/site-packages/airflow/example_dags/example_trigger_target_dag.py
[2026-03-23T03:21:13.731+0000] {processor.py:830} INFO - Processing file /home/airflow/.local/lib/python3.8/site-packages/airflow/example_dags/example_trigger_target_dag.py for tasks to queue
[2026-03-23T03:21:13.734+0000] {logging_mixin.py:188} INFO - [2026-03-23T03:21:13.733+0000] {dagbag.py:540} INFO - Filling up the DagBag from /home/airflow/.local/lib/python3.8/site-packages/airflow/example_dags/example_trigger_target_dag.py
[2026-03-23T03:21:13.743+0000] {processor.py:840} INFO - DAG(s) 'example_trigger_target_dag' retrieved from /home/airflow/.local/lib/python3.8/site-packages/airflow/example_dags/example_trigger_target_dag.py
[2026-03-23T03:21:13.760+0000] {logging_mixin.py:188} INFO - [2026-03-23T03:21:13.760+0000] {dag.py:3047} INFO - Sync 1 DAGs
[2026-03-23T03:21:13.779+0000] {logging_mixin.py:188} INFO - [2026-03-23T03:21:13.779+0000] {dag.py:3834} INFO - Setting next_dagrun for example_trigger_target_dag to None, run_after=None
[2026-03-23T03:21:13.805+0000] {processor.py:183} INFO - Processing /home/airflow/.local/lib/python3.8/site-packages/airflow/example_dags/example_trigger_target_dag.py took 0.081 seconds
[2026-03-23T03:21:44.180+0000] {processor.py:161} INFO - Started process (PID=118) to work on /home/airflow/.local/lib/python3.8/site-packages/airflow/example_dags/example_trigger_target_dag.py
[2026-03-23T03:21:44.181+0000] {processor.py:830} INFO - Processing file /home/airflow/.local/lib/python3.8/site-packages/airflow/example_dags/example_trigger_target_dag.py for tasks to queue
[2026-03-23T03:21:44.183+0000] {logging_mixin.py:188} INFO - [2026-03-23T03:21:44.182+0000] {dagbag.py:540} INFO - Filling up the DagBag from /home/airflow/.local/lib/python3.8/site-packages/airflow/example_dags/example_trigger_target_dag.py
[2026-03-23T03:21:44.188+0000] {processor.py:840} INFO - DAG(s) 'example_trigger_target_dag' retrieved from /home/airflow/.local/lib/python3.8/site-packages/airflow/example_dags/example_trigger_target_dag.py
[2026-03-23T03:21:44.201+0000] {logging_mixin.py:188} INFO - [2026-03-23T03:21:44.200+0000] {dag.py:3047} INFO - Sync 1 DAGs
[2026-03-23T03:21:44.214+0000] {logging_mixin.py:188} INFO - [2026-03-23T03:21:44.214+0000] {dag.py:3834} INFO - Setting next_dagrun for example_trigger_target_dag to None, run_after=None
[2026-03-23T03:21:44.239+0000] {processor.py:183} INFO - Processing /home/airflow/.local/lib/python3.8/site-packages/airflow/example_dags/example_trigger_target_dag.py took 0.061 seconds
[2026-03-23T03:22:15.216+0000] {processor.py:161} INFO - Started process (PID=173) to work on /home/airflow/.local/lib/python3.8/site-packages/airflow/example_dags/example_trigger_target_dag.py
[2026-03-23T03:22:15.217+0000] {processor.py:830} INFO - Processing file /home/airflow/.local/lib/python3.8/site-packages/airflow/example_dags/example_trigger_target_dag.py for tasks to queue
[2026-03-23T03:22:15.219+0000] {logging_mixin.py:188} INFO - [2026-03-23T03:22:15.219+0000] {dagbag.py:540} INFO - Filling up the DagBag from /home/airflow/.local/lib/python3.8/site-packages/airflow/example_dags/example_trigger_target_dag.py
[2026-03-23T03:22:15.224+0000] {processor.py:840} INFO - DAG(s) 'example_trigger_target_dag' retrieved from /home/airflow/.local/lib/python3.8/site-packages/airflow/example_dags/example_trigger_target_dag.py
[2026-03-23T03:22:15.331+0000] {logging_mixin.py:188} INFO - [2026-03-23T03:22:15.331+0000] {dag.py:3047} INFO - Sync 1 DAGs
[2026-03-23T03:22:15.344+0000] {logging_mixin.py:188} INFO - [2026-03-23T03:22:15.344+0000] {dag.py:3834} INFO - Setting next_dagrun for example_trigger_target_dag to None, run_after=None
[2026-03-23T03:22:15.370+0000] {processor.py:183} INFO - Processing /home/airflow/.local/lib/python3.8/site-packages/airflow/example_dags/example_trigger_target_dag.py took 0.156 seconds
[2026-03-23T03:22:45.713+0000] {processor.py:161} INFO - Started process (PID=228) to work on /home/airflow/.local/lib/python3.8/site-packages/airflow/example_dags/example_trigger_target_dag.py
[2026-03-23T03:22:45.715+0000] {processor.py:830} INFO - Processing file /home/airflow/.local/lib/python3.8/site-packages/airflow/example_dags/example_trigger_target_dag.py for tasks to queue
[2026-03-23T03:22:45.717+0000] {logging_mixin.py:188} INFO - [2026-03-23T03:22:45.717+0000] {dagbag.py:540} INFO - Filling up the DagBag from /home/airflow/.local/lib/python3.8/site-packages/airflow/example_dags/example_trigger_target_dag.py
[2026-03-23T03:22:45.723+0000] {processor.py:840} INFO - DAG(s) 'example_trigger_target_dag' retrieved from /home/airflow/.local/lib/python3.8/site-packages/airflow/example_dags/example_trigger_target_dag.py
[2026-03-23T03:22:45.747+0000] {logging_mixin.py:188} INFO - [2026-03-23T03:22:45.747+0000] {dag.py:3047} INFO - Sync 1 DAGs
[2026-03-23T03:22:45.762+0000] {logging_mixin.py:188} INFO - [2026-03-23T03:22:45.762+0000] {dag.py:3834} INFO - Setting next_dagrun for example_trigger_target_dag to None, run_after=None
[2026-03-23T03:22:45.790+0000] {processor.py:183} INFO - Processing /home/airflow/.local/lib/python3.8/site-packages/airflow/example_dags/example_trigger_target_dag.py took 0.081 seconds
[2026-03-23T03:23:15.970+0000] {processor.py:161} INFO - Started process (PID=283) to work on /home/airflow/.local/lib/python3.8/site-packages/airflow/example_dags/example_trigger_target_dag.py
[2026-03-23T03:23:15.970+0000] {processor.py:830} INFO - Processing file /home/airflow/.local/lib/python3.8/site-packages/airflow/example_dags/example_trigger_target_dag.py for tasks to queue
[2026-03-23T03:23:15.972+0000] {logging_mixin.py:188} INFO - [2026-03-23T03:23:15.972+0000] {dagbag.py:540} INFO - Filling up the DagBag from /home/airflow/.local/lib/python3.8/site-packages/airflow/example_dags/example_trigger_target_dag.py
[2026-03-23T03:23:15.977+0000] {processor.py:840} INFO - DAG(s) 'example_trigger_target_dag' retrieved from /home/airflow/.local/lib/python3.8/site-packages/airflow/example_dags/example_trigger_target_dag.py
[2026-03-23T03:23:15.995+0000] {logging_mixin.py:188} INFO - [2026-03-23T03:23:15.995+0000] {dag.py:3047} INFO - Sync 1 DAGs
[2026-03-23T03:23:16.007+0000] {logging_mixin.py:188} INFO - [2026-03-23T03:23:16.007+0000] {dag.py:3834} INFO - Setting next_dagrun for example_trigger_target_dag to None, run_after=None
[2026-03-23T03:23:16.030+0000] {processor.py:183} INFO - Processing /home/airflow/.local/lib/python3.8/site-packages/airflow/example_dags/example_trigger_target_dag.py took 0.063 seconds
[2026-03-23T03:25:08.047+0000] {processor.py:161} INFO - Started process (PID=63) to work on /home/airflow/.local/lib/python3.8/site-packages/airflow/example_dags/example_trigger_target_dag.py
[2026-03-23T03:25:08.049+0000] {processor.py:830} INFO - Processing file /home/airflow/.local/lib/python3.8/site-packages/airflow/example_dags/example_trigger_target_dag.py for tasks to queue
[2026-03-23T03:25:08.052+0000] {logging_mixin.py:188} INFO - [2026-03-23T03:25:08.052+0000] {dagbag.py:540} INFO - Filling up the DagBag from /home/airflow/.local/lib/python3.8/site-packages/airflow/example_dags/example_trigger_target_dag.py
[2026-03-23T03:25:08.062+0000] {processor.py:840} INFO - DAG(s) 'example_trigger_target_dag' retrieved from /home/airflow/.local/lib/python3.8/site-packages/airflow/example_dags/example_trigger_target_dag.py
[2026-03-23T03:25:08.080+0000] {logging_mixin.py:188} INFO - [2026-03-23T03:25:08.080+0000] {dag.py:3047} INFO - Sync 1 DAGs
[2026-03-23T03:25:08.102+0000] {logging_mixin.py:188} INFO - [2026-03-23T03:25:08.102+0000] {dag.py:3834} INFO - Setting next_dagrun for example_trigger_target_dag to None, run_after=None
[2026-03-23T03:25:08.135+0000] {processor.py:183} INFO - Processing /home/airflow/.local/lib/python3.8/site-packages/airflow/example_dags/example_trigger_target_dag.py took 0.092 seconds
[2026-03-23T03:25:39.041+0000] {processor.py:161} INFO - Started process (PID=118) to work on /home/airflow/.local/lib/python3.8/site-packages/airflow/example_dags/example_trigger_target_dag.py
[2026-03-23T03:25:39.043+0000] {processor.py:830} INFO - Processing file /home/airflow/.local/lib/python3.8/site-packages/airflow/example_dags/example_trigger_target_dag.py for tasks to queue
[2026-03-23T03:25:39.045+0000] {logging_mixin.py:188} INFO - [2026-03-23T03:25:39.044+0000] {dagbag.py:540} INFO - Filling up the DagBag from /home/airflow/.local/lib/python3.8/site-packages/airflow/example_dags/example_trigger_target_dag.py
[2026-03-23T03:25:39.050+0000] {processor.py:840} INFO - DAG(s) 'example_trigger_target_dag' retrieved from /home/airflow/.local/lib/python3.8/site-packages/airflow/example_dags/example_trigger_target_dag.py
[2026-03-23T03:25:39.172+0000] {logging_mixin.py:188} INFO - [2026-03-23T03:25:39.172+0000] {dag.py:3047} INFO - Sync 1 DAGs
[2026-03-23T03:25:39.188+0000] {logging_mixin.py:188} INFO - [2026-03-23T03:25:39.188+0000] {dag.py:3834} INFO - Setting next_dagrun for example_trigger_target_dag to None, run_after=None
[2026-03-23T03:25:39.213+0000] {processor.py:183} INFO - Processing /home/airflow/.local/lib/python3.8/site-packages/airflow/example_dags/example_trigger_target_dag.py took 0.175 seconds
[2026-03-23T03:26:09.261+0000] {processor.py:161} INFO - Started process (PID=173) to work on /home/airflow/.local/lib/python3.8/site-packages/airflow/example_dags/example_trigger_target_dag.py
[2026-03-23T03:26:09.262+0000] {processor.py:830} INFO - Processing file /home/airflow/.local/lib/python3.8/site-packages/airflow/example_dags/example_trigger_target_dag.py for tasks to queue
[2026-03-23T03:26:09.263+0000] {logging_mixin.py:188} INFO - [2026-03-23T03:26:09.263+0000] {dagbag.py:540} INFO - Filling up the DagBag from /home/airflow/.local/lib/python3.8/site-packages/airflow/example_dags/example_trigger_target_dag.py
[2026-03-23T03:26:09.269+0000] {processor.py:840} INFO - DAG(s) 'example_trigger_target_dag' retrieved from /home/airflow/.local/lib/python3.8/site-packages/airflow/example_dags/example_trigger_target_dag.py
[2026-03-23T03:26:09.289+0000] {logging_mixin.py:188} INFO - [2026-03-23T03:26:09.288+0000] {dag.py:3047} INFO - Sync 1 DAGs
[2026-03-23T03:26:09.302+0000] {logging_mixin.py:188} INFO - [2026-03-23T03:26:09.302+0000] {dag.py:3834} INFO - Setting next_dagrun for example_trigger_target_dag to None, run_after=None
[2026-03-23T03:26:09.327+0000] {processor.py:183} INFO - Processing /home/airflow/.local/lib/python3.8/site-packages/airflow/example_dags/example_trigger_target_dag.py took 0.069 seconds
[2026-03-23T03:26:40.208+0000] {processor.py:161} INFO - Started process (PID=228) to work on /home/airflow/.local/lib/python3.8/site-packages/airflow/example_dags/example_trigger_target_dag.py
[2026-03-23T03:26:40.209+0000] {processor.py:830} INFO - Processing file /home/airflow/.local/lib/python3.8/site-packages/airflow/example_dags/example_trigger_target_dag.py for tasks to queue
[2026-03-23T03:26:40.211+0000] {logging_mixin.py:188} INFO - [2026-03-23T03:26:40.211+0000] {dagbag.py:540} INFO - Filling up the DagBag from /home/airflow/.local/lib/python3.8/site-packages/airflow/example_dags/example_trigger_target_dag.py
[2026-03-23T03:26:40.217+0000] {processor.py:840} INFO - DAG(s) 'example_trigger_target_dag' retrieved from /home/airflow/.local/lib/python3.8/site-packages/airflow/example_dags/example_trigger_target_dag.py
[2026-03-23T03:26:40.239+0000] {logging_mixin.py:188} INFO - [2026-03-23T03:26:40.239+0000] {dag.py:3047} INFO - Sync 1 DAGs
[2026-03-23T03:26:40.253+0000] {logging_mixin.py:188} INFO - [2026-03-23T03:26:40.253+0000] {dag.py:3834} INFO - Setting next_dagrun for example_trigger_target_dag to None, run_after=None
[2026-03-23T03:26:40.281+0000] {processor.py:183} INFO - Processing /home/airflow/.local/lib/python3.8/site-packages/airflow/example_dags/example_trigger_target_dag.py took 0.076 seconds
[2026-03-23T03:27:10.607+0000] {processor.py:161} INFO - Started process (PID=283) to work on /home/airflow/.local/lib/python3.8/site-packages/airflow/example_dags/example_trigger_target_dag.py
[2026-03-23T03:27:10.609+0000] {processor.py:830} INFO - Processing file /home/airflow/.local/lib/python3.8/site-packages/airflow/example_dags/example_trigger_target_dag.py for tasks to queue
[2026-03-23T03:27:10.611+0000] {logging_mixin.py:188} INFO - [2026-03-23T03:27:10.610+0000] {dagbag.py:540} INFO - Filling up the DagBag from /home/airflow/.local/lib/python3.8/site-packages/airflow/example_dags/example_trigger_target_dag.py
[2026-03-23T03:27:10.617+0000] {processor.py:840} INFO - DAG(s) 'example_trigger_target_dag' retrieved from /home/airflow/.local/lib/python3.8/site-packages/airflow/example_dags/example_trigger_target_dag.py
[2026-03-23T03:27:10.638+0000] {logging_mixin.py:188} INFO - [2026-03-23T03:27:10.638+0000] {dag.py:3047} INFO - Sync 1 DAGs
[2026-03-23T03:27:10.651+0000] {logging_mixin.py:188} INFO - [2026-03-23T03:27:10.650+0000] {dag.py:3834} INFO - Setting next_dagrun for example_trigger_target_dag to None, run_after=None
[2026-03-23T03:27:10.672+0000] {processor.py:183} INFO - Processing /home/airflow/.local/lib/python3.8/site-packages/airflow/example_dags/example_trigger_target_dag.py took 0.068 seconds
[2026-03-23T03:27:40.788+0000] {processor.py:161} INFO - Started process (PID=338) to work on /home/airflow/.local/lib/python3.8/site-packages/airflow/example_dags/example_trigger_target_dag.py
[2026-03-23T03:27:40.789+0000] {processor.py:830} INFO - Processing file /home/airflow/.local/lib/python3.8/site-packages/airflow/example_dags/example_trigger_target_dag.py for tasks to queue
[2026-03-23T03:27:40.791+0000] {logging_mixin.py:188} INFO - [2026-03-23T03:27:40.791+0000] {dagbag.py:540} INFO - Filling up the DagBag from /home/airflow/.local/lib/python3.8/site-packages/airflow/example_dags/example_trigger_target_dag.py
[2026-03-23T03:27:40.796+0000] {processor.py:840} INFO - DAG(s) 'example_trigger_target_dag' retrieved from /home/airflow/.local/lib/python3.8/site-packages/airflow/example_dags/example_trigger_target_dag.py
[2026-03-23T03:27:40.818+0000] {logging_mixin.py:188} INFO - [2026-03-23T03:27:40.818+0000] {dag.py:3047} INFO - Sync 1 DAGs
[2026-03-23T03:27:40.832+0000] {logging_mixin.py:188} INFO - [2026-03-23T03:27:40.832+0000] {dag.py:3834} INFO - Setting next_dagrun for example_trigger_target_dag to None, run_after=None
[2026-03-23T03:27:40.854+0000] {processor.py:183} INFO - Processing /home/airflow/.local/lib/python3.8/site-packages/airflow/example_dags/example_trigger_target_dag.py took 0.070 seconds
[2026-03-23T03:28:11.051+0000] {processor.py:161} INFO - Started process (PID=393) to work on /home/airflow/.local/lib/python3.8/site-packages/airflow/example_dags/example_trigger_target_dag.py
[2026-03-23T03:28:11.052+0000] {processor.py:830} INFO - Processing file /home/airflow/.local/lib/python3.8/site-packages/airflow/example_dags/example_trigger_target_dag.py for tasks to queue
[2026-03-23T03:28:11.054+0000] {logging_mixin.py:188} INFO - [2026-03-23T03:28:11.054+0000] {dagbag.py:540} INFO - Filling up the DagBag from /home/airflow/.local/lib/python3.8/site-packages/airflow/example_dags/example_trigger_target_dag.py
[2026-03-23T03:28:11.059+0000] {processor.py:840} INFO - DAG(s) 'example_trigger_target_dag' retrieved from /home/airflow/.local/lib/python3.8/site-packages/airflow/example_dags/example_trigger_target_dag.py
[2026-03-23T03:28:11.082+0000] {logging_mixin.py:188} INFO - [2026-03-23T03:28:11.081+0000] {dag.py:3047} INFO - Sync 1 DAGs
[2026-03-23T03:28:11.095+0000] {logging_mixin.py:188} INFO - [2026-03-23T03:28:11.095+0000] {dag.py:3834} INFO - Setting next_dagrun for example_trigger_target_dag to None, run_after=None
[2026-03-23T03:28:11.116+0000] {processor.py:183} INFO - Processing /home/airflow/.local/lib/python3.8/site-packages/airflow/example_dags/example_trigger_target_dag.py took 0.069 seconds
[2026-03-23T03:28:41.658+0000] {processor.py:161} INFO - Started process (PID=448) to work on /home/airflow/.local/lib/python3.8/site-packages/airflow/example_dags/example_trigger_target_dag.py
[2026-03-23T03:28:41.659+0000] {processor.py:830} INFO - Processing file /home/airflow/.local/lib/python3.8/site-packages/airflow/example_dags/example_trigger_target_dag.py for tasks to queue
[2026-03-23T03:28:41.661+0000] {logging_mixin.py:188} INFO - [2026-03-23T03:28:41.661+0000] {dagbag.py:540} INFO - Filling up the DagBag from /home/airflow/.local/lib/python3.8/site-packages/airflow/example_dags/example_trigger_target_dag.py
[2026-03-23T03:28:41.666+0000] {processor.py:840} INFO - DAG(s) 'example_trigger_target_dag' retrieved from /home/airflow/.local/lib/python3.8/site-packages/airflow/example_dags/example_trigger_target_dag.py
[2026-03-23T03:28:41.687+0000] {logging_mixin.py:188} INFO - [2026-03-23T03:28:41.687+0000] {dag.py:3047} INFO - Sync 1 DAGs
[2026-03-23T03:28:41.699+0000] {logging_mixin.py:188} INFO - [2026-03-23T03:28:41.699+0000] {dag.py:3834} INFO - Setting next_dagrun for example_trigger_target_dag to None, run_after=None
[2026-03-23T03:28:41.720+0000] {processor.py:183} INFO - Processing /home/airflow/.local/lib/python3.8/site-packages/airflow/example_dags/example_trigger_target_dag.py took 0.065 seconds
[2026-03-23T03:29:11.818+0000] {processor.py:161} INFO - Started process (PID=503) to work on /home/airflow/.local/lib/python3.8/site-packages/airflow/example_dags/example_trigger_target_dag.py
[2026-03-23T03:29:11.820+0000] {processor.py:830} INFO - Processing file /home/airflow/.local/lib/python3.8/site-packages/airflow/example_dags/example_trigger_target_dag.py for tasks to queue
[2026-03-23T03:29:11.822+0000] {logging_mixin.py:188} INFO - [2026-03-23T03:29:11.822+0000] {dagbag.py:540} INFO - Filling up the DagBag from /home/airflow/.local/lib/python3.8/site-packages/airflow/example_dags/example_trigger_target_dag.py
[2026-03-23T03:29:11.828+0000] {processor.py:840} INFO - DAG(s) 'example_trigger_target_dag' retrieved from /home/airflow/.local/lib/python3.8/site-packages/airflow/example_dags/example_trigger_target_dag.py
[2026-03-23T03:29:11.852+0000] {logging_mixin.py:188} INFO - [2026-03-23T03:29:11.852+0000] {dag.py:3047} INFO - Sync 1 DAGs
[2026-03-23T03:29:11.873+0000] {logging_mixin.py:188} INFO - [2026-03-23T03:29:11.873+0000] {dag.py:3834} INFO - Setting next_dagrun for example_trigger_target_dag to None, run_after=None
[2026-03-23T03:29:11.900+0000] {processor.py:183} INFO - Processing /home/airflow/.local/lib/python3.8/site-packages/airflow/example_dags/example_trigger_target_dag.py took 0.085 seconds
[2026-03-23T03:29:42.127+0000] {processor.py:161} INFO - Started process (PID=558) to work on /home/airflow/.local/lib/python3.8/site-packages/airflow/example_dags/example_trigger_target_dag.py
[2026-03-23T03:29:42.128+0000] {processor.py:830} INFO - Processing file /home/airflow/.local/lib/python3.8/site-packages/airflow/example_dags/example_trigger_target_dag.py for tasks to queue
[2026-03-23T03:29:42.130+0000] {logging_mixin.py:188} INFO - [2026-03-23T03:29:42.130+0000] {dagbag.py:540} INFO - Filling up the DagBag from /home/airflow/.local/lib/python3.8/site-packages/airflow/example_dags/example_trigger_target_dag.py
[2026-03-23T03:29:42.135+0000] {processor.py:840} INFO - DAG(s) 'example_trigger_target_dag' retrieved from /home/airflow/.local/lib/python3.8/site-packages/airflow/example_dags/example_trigger_target_dag.py
[2026-03-23T03:29:42.158+0000] {logging_mixin.py:188} INFO - [2026-03-23T03:29:42.158+0000] {dag.py:3047} INFO - Sync 1 DAGs
[2026-03-23T03:29:42.175+0000] {logging_mixin.py:188} INFO - [2026-03-23T03:29:42.175+0000] {dag.py:3834} INFO - Setting next_dagrun for example_trigger_target_dag to None, run_after=None
[2026-03-23T03:29:42.203+0000] {processor.py:183} INFO - Processing /home/airflow/.local/lib/python3.8/site-packages/airflow/example_dags/example_trigger_target_dag.py took 0.079 seconds
[2026-03-23T03:30:12.379+0000] {processor.py:161} INFO - Started process (PID=619) to work on /home/airflow/.local/lib/python3.8/site-packages/airflow/example_dags/example_trigger_target_dag.py
[2026-03-23T03:30:12.381+0000] {processor.py:830} INFO - Processing file /home/airflow/.local/lib/python3.8/site-packages/airflow/example_dags/example_trigger_target_dag.py for tasks to queue
[2026-03-23T03:30:12.384+0000] {logging_mixin.py:188} INFO - [2026-03-23T03:30:12.384+0000] {dagbag.py:540} INFO - Filling up the DagBag from /home/airflow/.local/lib/python3.8/site-packages/airflow/example_dags/example_trigger_target_dag.py
[2026-03-23T03:30:12.393+0000] {processor.py:840} INFO - DAG(s) 'example_trigger_target_dag' retrieved from /home/airflow/.local/lib/python3.8/site-packages/airflow/example_dags/example_trigger_target_dag.py
[2026-03-23T03:30:12.422+0000] {logging_mixin.py:188} INFO - [2026-03-23T03:30:12.422+0000] {dag.py:3047} INFO - Sync 1 DAGs
[2026-03-23T03:30:12.435+0000] {logging_mixin.py:188} INFO - [2026-03-23T03:30:12.435+0000] {dag.py:3834} INFO - Setting next_dagrun for example_trigger_target_dag to None, run_after=None
[2026-03-23T03:30:12.456+0000] {processor.py:183} INFO - Processing /home/airflow/.local/lib/python3.8/site-packages/airflow/example_dags/example_trigger_target_dag.py took 0.081 seconds
[2026-03-23T03:30:42.776+0000] {processor.py:161} INFO - Started process (PID=674) to work on /home/airflow/.local/lib/python3.8/site-packages/airflow/example_dags/example_trigger_target_dag.py
[2026-03-23T03:30:42.778+0000] {processor.py:830} INFO - Processing file /home/airflow/.local/lib/python3.8/site-packages/airflow/example_dags/example_trigger_target_dag.py for tasks to queue
[2026-03-23T03:30:42.780+0000] {logging_mixin.py:188} INFO - [2026-03-23T03:30:42.780+0000] {dagbag.py:540} INFO - Filling up the DagBag from /home/airflow/.local/lib/python3.8/site-packages/airflow/example_dags/example_trigger_target_dag.py
[2026-03-23T03:30:42.786+0000] {processor.py:840} INFO - DAG(s) 'example_trigger_target_dag' retrieved from /home/airflow/.local/lib/python3.8/site-packages/airflow/example_dags/example_trigger_target_dag.py
[2026-03-23T03:30:42.808+0000] {logging_mixin.py:188} INFO - [2026-03-23T03:30:42.807+0000] {dag.py:3047} INFO - Sync 1 DAGs
[2026-03-23T03:30:42.821+0000] {logging_mixin.py:188} INFO - [2026-03-23T03:30:42.821+0000] {dag.py:3834} INFO - Setting next_dagrun for example_trigger_target_dag to None, run_after=None
[2026-03-23T03:30:42.843+0000] {processor.py:183} INFO - Processing /home/airflow/.local/lib/python3.8/site-packages/airflow/example_dags/example_trigger_target_dag.py took 0.070 seconds
[2026-03-23T03:31:12.996+0000] {processor.py:161} INFO - Started process (PID=729) to work on /home/airflow/.local/lib/python3.8/site-packages/airflow/example_dags/example_trigger_target_dag.py
[2026-03-23T03:31:12.997+0000] {processor.py:830} INFO - Processing file /home/airflow/.local/lib/python3.8/site-packages/airflow/example_dags/example_trigger_target_dag.py for tasks to queue
[2026-03-23T03:31:12.998+0000] {logging_mixin.py:188} INFO - [2026-03-23T03:31:12.998+0000] {dagbag.py:540} INFO - Filling up the DagBag from /home/airflow/.local/lib/python3.8/site-packages/airflow/example_dags/example_trigger_target_dag.py
[2026-03-23T03:31:13.003+0000] {processor.py:840} INFO - DAG(s) 'example_trigger_target_dag' retrieved from /home/airflow/.local/lib/python3.8/site-packages/airflow/example_dags/example_trigger_target_dag.py
[2026-03-23T03:31:13.023+0000] {logging_mixin.py:188} INFO - [2026-03-23T03:31:13.023+0000] {dag.py:3047} INFO - Sync 1 DAGs
[2026-03-23T03:31:13.036+0000] {logging_mixin.py:188} INFO - [2026-03-23T03:31:13.036+0000] {dag.py:3834} INFO - Setting next_dagrun for example_trigger_target_dag to None, run_after=None
[2026-03-23T03:31:13.055+0000] {processor.py:183} INFO - Processing /home/airflow/.local/lib/python3.8/site-packages/airflow/example_dags/example_trigger_target_dag.py took 0.062 seconds
[2026-03-23T03:31:43.612+0000] {processor.py:161} INFO - Started process (PID=784) to work on /home/airflow/.local/lib/python3.8/site-packages/airflow/example_dags/example_trigger_target_dag.py
[2026-03-23T03:31:43.613+0000] {processor.py:830} INFO - Processing file /home/airflow/.local/lib/python3.8/site-packages/airflow/example_dags/example_trigger_target_dag.py for tasks to queue
[2026-03-23T03:31:43.614+0000] {logging_mixin.py:188} INFO - [2026-03-23T03:31:43.614+0000] {dagbag.py:540} INFO - Filling up the DagBag from /home/airflow/.local/lib/python3.8/site-packages/airflow/example_dags/example_trigger_target_dag.py
[2026-03-23T03:31:43.619+0000] {processor.py:840} INFO - DAG(s) 'example_trigger_target_dag' retrieved from /home/airflow/.local/lib/python3.8/site-packages/airflow/example_dags/example_trigger_target_dag.py
[2026-03-23T03:31:43.640+0000] {logging_mixin.py:188} INFO - [2026-03-23T03:31:43.640+0000] {dag.py:3047} INFO - Sync 1 DAGs
[2026-03-23T03:31:43.652+0000] {logging_mixin.py:188} INFO - [2026-03-23T03:31:43.651+0000] {dag.py:3834} INFO - Setting next_dagrun for example_trigger_target_dag to None, run_after=None
[2026-03-23T03:31:43.673+0000] {processor.py:183} INFO - Processing /home/airflow/.local/lib/python3.8/site-packages/airflow/example_dags/example_trigger_target_dag.py took 0.064 seconds
[2026-03-23T03:32:14.218+0000] {processor.py:161} INFO - Started process (PID=839) to work on /home/airflow/.local/lib/python3.8/site-packages/airflow/example_dags/example_trigger_target_dag.py
[2026-03-23T03:32:14.220+0000] {processor.py:830} INFO - Processing file /home/airflow/.local/lib/python3.8/site-packages/airflow/example_dags/example_trigger_target_dag.py for tasks to queue
[2026-03-23T03:32:14.222+0000] {logging_mixin.py:188} INFO - [2026-03-23T03:32:14.222+0000] {dagbag.py:540} INFO - Filling up the DagBag from /home/airflow/.local/lib/python3.8/site-packages/airflow/example_dags/example_trigger_target_dag.py
[2026-03-23T03:32:14.228+0000] {processor.py:840} INFO - DAG(s) 'example_trigger_target_dag' retrieved from /home/airflow/.local/lib/python3.8/site-packages/airflow/example_dags/example_trigger_target_dag.py
[2026-03-23T03:32:14.254+0000] {logging_mixin.py:188} INFO - [2026-03-23T03:32:14.254+0000] {dag.py:3047} INFO - Sync 1 DAGs
[2026-03-23T03:32:14.269+0000] {logging_mixin.py:188} INFO - [2026-03-23T03:32:14.269+0000] {dag.py:3834} INFO - Setting next_dagrun for example_trigger_target_dag to None, run_after=None
[2026-03-23T03:32:14.297+0000] {processor.py:183} INFO - Processing /home/airflow/.local/lib/python3.8/site-packages/airflow/example_dags/example_trigger_target_dag.py took 0.082 seconds
[2026-03-23T03:32:44.428+0000] {processor.py:161} INFO - Started process (PID=894) to work on /home/airflow/.local/lib/python3.8/site-packages/airflow/example_dags/example_trigger_target_dag.py
[2026-03-23T03:32:44.429+0000] {processor.py:830} INFO - Processing file /home/airflow/.local/lib/python3.8/site-packages/airflow/example_dags/example_trigger_target_dag.py for tasks to queue
[2026-03-23T03:32:44.431+0000] {logging_mixin.py:188} INFO - [2026-03-23T03:32:44.431+0000] {dagbag.py:540} INFO - Filling up the DagBag from /home/airflow/.local/lib/python3.8/site-packages/airflow/example_dags/example_trigger_target_dag.py
[2026-03-23T03:32:44.436+0000] {processor.py:840} INFO - DAG(s) 'example_trigger_target_dag' retrieved from /home/airflow/.local/lib/python3.8/site-packages/airflow/example_dags/example_trigger_target_dag.py
[2026-03-23T03:32:44.455+0000] {logging_mixin.py:188} INFO - [2026-03-23T03:32:44.454+0000] {dag.py:3047} INFO - Sync 1 DAGs
[2026-03-23T03:32:44.465+0000] {logging_mixin.py:188} INFO - [2026-03-23T03:32:44.465+0000] {dag.py:3834} INFO - Setting next_dagrun for example_trigger_target_dag to None, run_after=None
[2026-03-23T03:32:44.486+0000] {processor.py:183} INFO - Processing /home/airflow/.local/lib/python3.8/site-packages/airflow/example_dags/example_trigger_target_dag.py took 0.060 seconds
[2026-03-23T03:33:14.538+0000] {processor.py:161} INFO - Started process (PID=948) to work on /home/airflow/.local/lib/python3.8/site-packages/airflow/example_dags/example_trigger_target_dag.py
[2026-03-23T03:33:14.540+0000] {processor.py:830} INFO - Processing file /home/airflow/.local/lib/python3.8/site-packages/airflow/example_dags/example_trigger_target_dag.py for tasks to queue
[2026-03-23T03:33:14.542+0000] {logging_mixin.py:188} INFO - [2026-03-23T03:33:14.542+0000] {dagbag.py:540} INFO - Filling up the DagBag from /home/airflow/.local/lib/python3.8/site-packages/airflow/example_dags/example_trigger_target_dag.py
[2026-03-23T03:33:14.547+0000] {processor.py:840} INFO - DAG(s) 'example_trigger_target_dag' retrieved from /home/airflow/.local/lib/python3.8/site-packages/airflow/example_dags/example_trigger_target_dag.py
[2026-03-23T03:33:14.566+0000] {logging_mixin.py:188} INFO - [2026-03-23T03:33:14.566+0000] {dag.py:3047} INFO - Sync 1 DAGs
[2026-03-23T03:33:14.578+0000] {logging_mixin.py:188} INFO - [2026-03-23T03:33:14.578+0000] {dag.py:3834} INFO - Setting next_dagrun for example_trigger_target_dag to None, run_after=None
[2026-03-23T03:33:14.601+0000] {processor.py:183} INFO - Processing /home/airflow/.local/lib/python3.8/site-packages/airflow/example_dags/example_trigger_target_dag.py took 0.065 seconds
[2026-03-23T03:33:44.761+0000] {processor.py:161} INFO - Started process (PID=1003) to work on /home/airflow/.local/lib/python3.8/site-packages/airflow/example_dags/example_trigger_target_dag.py
[2026-03-23T03:33:44.763+0000] {processor.py:830} INFO - Processing file /home/airflow/.local/lib/python3.8/site-packages/airflow/example_dags/example_trigger_target_dag.py for tasks to queue
[2026-03-23T03:33:44.765+0000] {logging_mixin.py:188} INFO - [2026-03-23T03:33:44.765+0000] {dagbag.py:540} INFO - Filling up the DagBag from /home/airflow/.local/lib/python3.8/site-packages/airflow/example_dags/example_trigger_target_dag.py
[2026-03-23T03:33:44.771+0000] {processor.py:840} INFO - DAG(s) 'example_trigger_target_dag' retrieved from /home/airflow/.local/lib/python3.8/site-packages/airflow/example_dags/example_trigger_target_dag.py
[2026-03-23T03:33:44.790+0000] {logging_mixin.py:188} INFO - [2026-03-23T03:33:44.790+0000] {dag.py:3047} INFO - Sync 1 DAGs
[2026-03-23T03:33:44.801+0000] {logging_mixin.py:188} INFO - [2026-03-23T03:33:44.801+0000] {dag.py:3834} INFO - Setting next_dagrun for example_trigger_target_dag to None, run_after=None
[2026-03-23T03:33:44.823+0000] {processor.py:183} INFO - Processing /home/airflow/.local/lib/python3.8/site-packages/airflow/example_dags/example_trigger_target_dag.py took 0.064 seconds
[2026-03-23T03:34:14.964+0000] {processor.py:161} INFO - Started process (PID=1059) to work on /home/airflow/.local/lib/python3.8/site-packages/airflow/example_dags/example_trigger_target_dag.py
[2026-03-23T03:34:14.966+0000] {processor.py:830} INFO - Processing file /home/airflow/.local/lib/python3.8/site-packages/airflow/example_dags/example_trigger_target_dag.py for tasks to queue
[2026-03-23T03:34:14.968+0000] {logging_mixin.py:188} INFO - [2026-03-23T03:34:14.968+0000] {dagbag.py:540} INFO - Filling up the DagBag from /home/airflow/.local/lib/python3.8/site-packages/airflow/example_dags/example_trigger_target_dag.py
[2026-03-23T03:34:14.974+0000] {processor.py:840} INFO - DAG(s) 'example_trigger_target_dag' retrieved from /home/airflow/.local/lib/python3.8/site-packages/airflow/example_dags/example_trigger_target_dag.py
[2026-03-23T03:34:14.995+0000] {logging_mixin.py:188} INFO - [2026-03-23T03:34:14.995+0000] {dag.py:3047} INFO - Sync 1 DAGs
[2026-03-23T03:34:15.007+0000] {logging_mixin.py:188} INFO - [2026-03-23T03:34:15.006+0000] {dag.py:3834} INFO - Setting next_dagrun for example_trigger_target_dag to None, run_after=None
[2026-03-23T03:34:15.028+0000] {processor.py:183} INFO - Processing /home/airflow/.local/lib/python3.8/site-packages/airflow/example_dags/example_trigger_target_dag.py took 0.067 seconds
[2026-03-23T03:34:45.162+0000] {processor.py:161} INFO - Started process (PID=1114) to work on /home/airflow/.local/lib/python3.8/site-packages/airflow/example_dags/example_trigger_target_dag.py
[2026-03-23T03:34:45.163+0000] {processor.py:830} INFO - Processing file /home/airflow/.local/lib/python3.8/site-packages/airflow/example_dags/example_trigger_target_dag.py for tasks to queue
[2026-03-23T03:34:45.166+0000] {logging_mixin.py:188} INFO - [2026-03-23T03:34:45.166+0000] {dagbag.py:540} INFO - Filling up the DagBag from /home/airflow/.local/lib/python3.8/site-packages/airflow/example_dags/example_trigger_target_dag.py
[2026-03-23T03:34:45.173+0000] {processor.py:840} INFO - DAG(s) 'example_trigger_target_dag' retrieved from /home/airflow/.local/lib/python3.8/site-packages/airflow/example_dags/example_trigger_target_dag.py
[2026-03-23T03:34:45.201+0000] {logging_mixin.py:188} INFO - [2026-03-23T03:34:45.201+0000] {dag.py:3047} INFO - Sync 1 DAGs
[2026-03-23T03:34:45.220+0000] {logging_mixin.py:188} INFO - [2026-03-23T03:34:45.219+0000] {dag.py:3834} INFO - Setting next_dagrun for example_trigger_target_dag to None, run_after=None
[2026-03-23T03:34:45.248+0000] {processor.py:183} INFO - Processing /home/airflow/.local/lib/python3.8/site-packages/airflow/example_dags/example_trigger_target_dag.py took 0.090 seconds
[2026-03-23T03:37:18.632+0000] {processor.py:161} INFO - Started process (PID=63) to work on /home/airflow/.local/lib/python3.8/site-packages/airflow/example_dags/example_trigger_target_dag.py
[2026-03-23T03:37:18.634+0000] {processor.py:830} INFO - Processing file /home/airflow/.local/lib/python3.8/site-packages/airflow/example_dags/example_trigger_target_dag.py for tasks to queue
[2026-03-23T03:37:18.636+0000] {logging_mixin.py:188} INFO - [2026-03-23T03:37:18.636+0000] {dagbag.py:540} INFO - Filling up the DagBag from /home/airflow/.local/lib/python3.8/site-packages/airflow/example_dags/example_trigger_target_dag.py
[2026-03-23T03:37:18.645+0000] {processor.py:840} INFO - DAG(s) 'example_trigger_target_dag' retrieved from /home/airflow/.local/lib/python3.8/site-packages/airflow/example_dags/example_trigger_target_dag.py
[2026-03-23T03:37:18.659+0000] {logging_mixin.py:188} INFO - [2026-03-23T03:37:18.658+0000] {dag.py:3047} INFO - Sync 1 DAGs
[2026-03-23T03:37:18.673+0000] {logging_mixin.py:188} INFO - [2026-03-23T03:37:18.673+0000] {dag.py:3834} INFO - Setting next_dagrun for example_trigger_target_dag to None, run_after=None
[2026-03-23T03:37:18.699+0000] {processor.py:183} INFO - Processing /home/airflow/.local/lib/python3.8/site-packages/airflow/example_dags/example_trigger_target_dag.py took 0.071 seconds
[2026-03-23T03:37:49.590+0000] {processor.py:161} INFO - Started process (PID=118) to work on /home/airflow/.local/lib/python3.8/site-packages/airflow/example_dags/example_trigger_target_dag.py
[2026-03-23T03:37:49.591+0000] {processor.py:830} INFO - Processing file /home/airflow/.local/lib/python3.8/site-packages/airflow/example_dags/example_trigger_target_dag.py for tasks to queue
[2026-03-23T03:37:49.593+0000] {logging_mixin.py:188} INFO - [2026-03-23T03:37:49.592+0000] {dagbag.py:540} INFO - Filling up the DagBag from /home/airflow/.local/lib/python3.8/site-packages/airflow/example_dags/example_trigger_target_dag.py
[2026-03-23T03:37:49.598+0000] {processor.py:840} INFO - DAG(s) 'example_trigger_target_dag' retrieved from /home/airflow/.local/lib/python3.8/site-packages/airflow/example_dags/example_trigger_target_dag.py
[2026-03-23T03:37:49.695+0000] {logging_mixin.py:188} INFO - [2026-03-23T03:37:49.694+0000] {dag.py:3047} INFO - Sync 1 DAGs
[2026-03-23T03:37:49.706+0000] {logging_mixin.py:188} INFO - [2026-03-23T03:37:49.706+0000] {dag.py:3834} INFO - Setting next_dagrun for example_trigger_target_dag to None, run_after=None
[2026-03-23T03:37:49.730+0000] {processor.py:183} INFO - Processing /home/airflow/.local/lib/python3.8/site-packages/airflow/example_dags/example_trigger_target_dag.py took 0.143 seconds
[2026-03-23T03:38:19.832+0000] {processor.py:161} INFO - Started process (PID=173) to work on /home/airflow/.local/lib/python3.8/site-packages/airflow/example_dags/example_trigger_target_dag.py
[2026-03-23T03:38:19.833+0000] {processor.py:830} INFO - Processing file /home/airflow/.local/lib/python3.8/site-packages/airflow/example_dags/example_trigger_target_dag.py for tasks to queue
[2026-03-23T03:38:19.836+0000] {logging_mixin.py:188} INFO - [2026-03-23T03:38:19.836+0000] {dagbag.py:540} INFO - Filling up the DagBag from /home/airflow/.local/lib/python3.8/site-packages/airflow/example_dags/example_trigger_target_dag.py
[2026-03-23T03:38:19.842+0000] {processor.py:840} INFO - DAG(s) 'example_trigger_target_dag' retrieved from /home/airflow/.local/lib/python3.8/site-packages/airflow/example_dags/example_trigger_target_dag.py
[2026-03-23T03:38:19.864+0000] {logging_mixin.py:188} INFO - [2026-03-23T03:38:19.864+0000] {dag.py:3047} INFO - Sync 1 DAGs
[2026-03-23T03:38:19.877+0000] {logging_mixin.py:188} INFO - [2026-03-23T03:38:19.877+0000] {dag.py:3834} INFO - Setting next_dagrun for example_trigger_target_dag to None, run_after=None
[2026-03-23T03:38:19.907+0000] {processor.py:183} INFO - Processing /home/airflow/.local/lib/python3.8/site-packages/airflow/example_dags/example_trigger_target_dag.py took 0.079 seconds
[2026-03-23T03:38:50.584+0000] {processor.py:161} INFO - Started process (PID=228) to work on /home/airflow/.local/lib/python3.8/site-packages/airflow/example_dags/example_trigger_target_dag.py
[2026-03-23T03:38:50.585+0000] {processor.py:830} INFO - Processing file /home/airflow/.local/lib/python3.8/site-packages/airflow/example_dags/example_trigger_target_dag.py for tasks to queue
[2026-03-23T03:38:50.587+0000] {logging_mixin.py:188} INFO - [2026-03-23T03:38:50.587+0000] {dagbag.py:540} INFO - Filling up the DagBag from /home/airflow/.local/lib/python3.8/site-packages/airflow/example_dags/example_trigger_target_dag.py
[2026-03-23T03:38:50.593+0000] {processor.py:840} INFO - DAG(s) 'example_trigger_target_dag' retrieved from /home/airflow/.local/lib/python3.8/site-packages/airflow/example_dags/example_trigger_target_dag.py
[2026-03-23T03:38:50.616+0000] {logging_mixin.py:188} INFO - [2026-03-23T03:38:50.616+0000] {dag.py:3047} INFO - Sync 1 DAGs
[2026-03-23T03:38:50.629+0000] {logging_mixin.py:188} INFO - [2026-03-23T03:38:50.629+0000] {dag.py:3834} INFO - Setting next_dagrun for example_trigger_target_dag to None, run_after=None
[2026-03-23T03:38:50.655+0000] {processor.py:183} INFO - Processing /home/airflow/.local/lib/python3.8/site-packages/airflow/example_dags/example_trigger_target_dag.py took 0.075 seconds
[2026-03-23T03:39:20.823+0000] {processor.py:161} INFO - Started process (PID=283) to work on /home/airflow/.local/lib/python3.8/site-packages/airflow/example_dags/example_trigger_target_dag.py
[2026-03-23T03:39:20.824+0000] {processor.py:830} INFO - Processing file /home/airflow/.local/lib/python3.8/site-packages/airflow/example_dags/example_trigger_target_dag.py for tasks to queue
[2026-03-23T03:39:20.826+0000] {logging_mixin.py:188} INFO - [2026-03-23T03:39:20.826+0000] {dagbag.py:540} INFO - Filling up the DagBag from /home/airflow/.local/lib/python3.8/site-packages/airflow/example_dags/example_trigger_target_dag.py
[2026-03-23T03:39:20.832+0000] {processor.py:840} INFO - DAG(s) 'example_trigger_target_dag' retrieved from /home/airflow/.local/lib/python3.8/site-packages/airflow/example_dags/example_trigger_target_dag.py
[2026-03-23T03:39:20.857+0000] {logging_mixin.py:188} INFO - [2026-03-23T03:39:20.857+0000] {dag.py:3047} INFO - Sync 1 DAGs
[2026-03-23T03:39:20.873+0000] {logging_mixin.py:188} INFO - [2026-03-23T03:39:20.872+0000] {dag.py:3834} INFO - Setting next_dagrun for example_trigger_target_dag to None, run_after=None
[2026-03-23T03:39:20.902+0000] {processor.py:183} INFO - Processing /home/airflow/.local/lib/python3.8/site-packages/airflow/example_dags/example_trigger_target_dag.py took 0.083 seconds
[2026-03-23T03:39:51.021+0000] {processor.py:161} INFO - Started process (PID=338) to work on /home/airflow/.local/lib/python3.8/site-packages/airflow/example_dags/example_trigger_target_dag.py
[2026-03-23T03:39:51.022+0000] {processor.py:830} INFO - Processing file /home/airflow/.local/lib/python3.8/site-packages/airflow/example_dags/example_trigger_target_dag.py for tasks to queue
[2026-03-23T03:39:51.024+0000] {logging_mixin.py:188} INFO - [2026-03-23T03:39:51.024+0000] {dagbag.py:540} INFO - Filling up the DagBag from /home/airflow/.local/lib/python3.8/site-packages/airflow/example_dags/example_trigger_target_dag.py
[2026-03-23T03:39:51.029+0000] {processor.py:840} INFO - DAG(s) 'example_trigger_target_dag' retrieved from /home/airflow/.local/lib/python3.8/site-packages/airflow/example_dags/example_trigger_target_dag.py
[2026-03-23T03:39:51.050+0000] {logging_mixin.py:188} INFO - [2026-03-23T03:39:51.050+0000] {dag.py:3047} INFO - Sync 1 DAGs
[2026-03-23T03:39:51.061+0000] {logging_mixin.py:188} INFO - [2026-03-23T03:39:51.061+0000] {dag.py:3834} INFO - Setting next_dagrun for example_trigger_target_dag to None, run_after=None
[2026-03-23T03:39:51.085+0000] {processor.py:183} INFO - Processing /home/airflow/.local/lib/python3.8/site-packages/airflow/example_dags/example_trigger_target_dag.py took 0.067 seconds
[2026-03-23T03:40:21.466+0000] {processor.py:161} INFO - Started process (PID=393) to work on /home/airflow/.local/lib/python3.8/site-packages/airflow/example_dags/example_trigger_target_dag.py
[2026-03-23T03:40:21.467+0000] {processor.py:830} INFO - Processing file /home/airflow/.local/lib/python3.8/site-packages/airflow/example_dags/example_trigger_target_dag.py for tasks to queue
[2026-03-23T03:40:21.470+0000] {logging_mixin.py:188} INFO - [2026-03-23T03:40:21.469+0000] {dagbag.py:540} INFO - Filling up the DagBag from /home/airflow/.local/lib/python3.8/site-packages/airflow/example_dags/example_trigger_target_dag.py
[2026-03-23T03:40:21.475+0000] {processor.py:840} INFO - DAG(s) 'example_trigger_target_dag' retrieved from /home/airflow/.local/lib/python3.8/site-packages/airflow/example_dags/example_trigger_target_dag.py
[2026-03-23T03:40:21.498+0000] {logging_mixin.py:188} INFO - [2026-03-23T03:40:21.498+0000] {dag.py:3047} INFO - Sync 1 DAGs
[2026-03-23T03:40:21.511+0000] {logging_mixin.py:188} INFO - [2026-03-23T03:40:21.511+0000] {dag.py:3834} INFO - Setting next_dagrun for example_trigger_target_dag to None, run_after=None
[2026-03-23T03:40:21.535+0000] {processor.py:183} INFO - Processing /home/airflow/.local/lib/python3.8/site-packages/airflow/example_dags/example_trigger_target_dag.py took 0.072 seconds
[2026-03-23T03:40:51.869+0000] {processor.py:161} INFO - Started process (PID=448) to work on /home/airflow/.local/lib/python3.8/site-packages/airflow/example_dags/example_trigger_target_dag.py
[2026-03-23T03:40:51.870+0000] {processor.py:830} INFO - Processing file /home/airflow/.local/lib/python3.8/site-packages/airflow/example_dags/example_trigger_target_dag.py for tasks to queue
[2026-03-23T03:40:51.873+0000] {logging_mixin.py:188} INFO - [2026-03-23T03:40:51.873+0000] {dagbag.py:540} INFO - Filling up the DagBag from /home/airflow/.local/lib/python3.8/site-packages/airflow/example_dags/example_trigger_target_dag.py
[2026-03-23T03:40:51.878+0000] {processor.py:840} INFO - DAG(s) 'example_trigger_target_dag' retrieved from /home/airflow/.local/lib/python3.8/site-packages/airflow/example_dags/example_trigger_target_dag.py
[2026-03-23T03:40:51.903+0000] {logging_mixin.py:188} INFO - [2026-03-23T03:40:51.902+0000] {dag.py:3047} INFO - Sync 1 DAGs
[2026-03-23T03:40:51.917+0000] {logging_mixin.py:188} INFO - [2026-03-23T03:40:51.917+0000] {dag.py:3834} INFO - Setting next_dagrun for example_trigger_target_dag to None, run_after=None
[2026-03-23T03:40:51.945+0000] {processor.py:183} INFO - Processing /home/airflow/.local/lib/python3.8/site-packages/airflow/example_dags/example_trigger_target_dag.py took 0.080 seconds
[2026-03-23T03:41:22.223+0000] {processor.py:161} INFO - Started process (PID=503) to work on /home/airflow/.local/lib/python3.8/site-packages/airflow/example_dags/example_trigger_target_dag.py
[2026-03-23T03:41:22.225+0000] {processor.py:830} INFO - Processing file /home/airflow/.local/lib/python3.8/site-packages/airflow/example_dags/example_trigger_target_dag.py for tasks to queue
[2026-03-23T03:41:22.227+0000] {logging_mixin.py:188} INFO - [2026-03-23T03:41:22.226+0000] {dagbag.py:540} INFO - Filling up the DagBag from /home/airflow/.local/lib/python3.8/site-packages/airflow/example_dags/example_trigger_target_dag.py
[2026-03-23T03:41:22.233+0000] {processor.py:840} INFO - DAG(s) 'example_trigger_target_dag' retrieved from /home/airflow/.local/lib/python3.8/site-packages/airflow/example_dags/example_trigger_target_dag.py
[2026-03-23T03:41:22.254+0000] {logging_mixin.py:188} INFO - [2026-03-23T03:41:22.254+0000] {dag.py:3047} INFO - Sync 1 DAGs
[2026-03-23T03:41:22.268+0000] {logging_mixin.py:188} INFO - [2026-03-23T03:41:22.267+0000] {dag.py:3834} INFO - Setting next_dagrun for example_trigger_target_dag to None, run_after=None
[2026-03-23T03:41:22.290+0000] {processor.py:183} INFO - Processing /home/airflow/.local/lib/python3.8/site-packages/airflow/example_dags/example_trigger_target_dag.py took 0.070 seconds
[2026-03-23T03:41:52.406+0000] {processor.py:161} INFO - Started process (PID=558) to work on /home/airflow/.local/lib/python3.8/site-packages/airflow/example_dags/example_trigger_target_dag.py
[2026-03-23T03:41:52.407+0000] {processor.py:830} INFO - Processing file /home/airflow/.local/lib/python3.8/site-packages/airflow/example_dags/example_trigger_target_dag.py for tasks to queue
[2026-03-23T03:41:52.410+0000] {logging_mixin.py:188} INFO - [2026-03-23T03:41:52.409+0000] {dagbag.py:540} INFO - Filling up the DagBag from /home/airflow/.local/lib/python3.8/site-packages/airflow/example_dags/example_trigger_target_dag.py
[2026-03-23T03:41:52.416+0000] {processor.py:840} INFO - DAG(s) 'example_trigger_target_dag' retrieved from /home/airflow/.local/lib/python3.8/site-packages/airflow/example_dags/example_trigger_target_dag.py
[2026-03-23T03:41:52.442+0000] {logging_mixin.py:188} INFO - [2026-03-23T03:41:52.442+0000] {dag.py:3047} INFO - Sync 1 DAGs
[2026-03-23T03:41:52.456+0000] {logging_mixin.py:188} INFO - [2026-03-23T03:41:52.455+0000] {dag.py:3834} INFO - Setting next_dagrun for example_trigger_target_dag to None, run_after=None
[2026-03-23T03:41:52.479+0000] {processor.py:183} INFO - Processing /home/airflow/.local/lib/python3.8/site-packages/airflow/example_dags/example_trigger_target_dag.py took 0.077 seconds
[2026-03-23T03:42:22.684+0000] {processor.py:161} INFO - Started process (PID=619) to work on /home/airflow/.local/lib/python3.8/site-packages/airflow/example_dags/example_trigger_target_dag.py
[2026-03-23T03:42:22.686+0000] {processor.py:830} INFO - Processing file /home/airflow/.local/lib/python3.8/site-packages/airflow/example_dags/example_trigger_target_dag.py for tasks to queue
[2026-03-23T03:42:22.688+0000] {logging_mixin.py:188} INFO - [2026-03-23T03:42:22.688+0000] {dagbag.py:540} INFO - Filling up the DagBag from /home/airflow/.local/lib/python3.8/site-packages/airflow/example_dags/example_trigger_target_dag.py
[2026-03-23T03:42:22.694+0000] {processor.py:840} INFO - DAG(s) 'example_trigger_target_dag' retrieved from /home/airflow/.local/lib/python3.8/site-packages/airflow/example_dags/example_trigger_target_dag.py
[2026-03-23T03:42:22.718+0000] {logging_mixin.py:188} INFO - [2026-03-23T03:42:22.718+0000] {dag.py:3047} INFO - Sync 1 DAGs
[2026-03-23T03:42:22.732+0000] {logging_mixin.py:188} INFO - [2026-03-23T03:42:22.732+0000] {dag.py:3834} INFO - Setting next_dagrun for example_trigger_target_dag to None, run_after=None
[2026-03-23T03:42:22.758+0000] {processor.py:183} INFO - Processing /home/airflow/.local/lib/python3.8/site-packages/airflow/example_dags/example_trigger_target_dag.py took 0.077 seconds
[2026-03-23T03:42:53.206+0000] {processor.py:161} INFO - Started process (PID=674) to work on /home/airflow/.local/lib/python3.8/site-packages/airflow/example_dags/example_trigger_target_dag.py
[2026-03-23T03:42:53.208+0000] {processor.py:830} INFO - Processing file /home/airflow/.local/lib/python3.8/site-packages/airflow/example_dags/example_trigger_target_dag.py for tasks to queue
[2026-03-23T03:42:53.210+0000] {logging_mixin.py:188} INFO - [2026-03-23T03:42:53.209+0000] {dagbag.py:540} INFO - Filling up the DagBag from /home/airflow/.local/lib/python3.8/site-packages/airflow/example_dags/example_trigger_target_dag.py
[2026-03-23T03:42:53.215+0000] {processor.py:840} INFO - DAG(s) 'example_trigger_target_dag' retrieved from /home/airflow/.local/lib/python3.8/site-packages/airflow/example_dags/example_trigger_target_dag.py
[2026-03-23T03:42:53.243+0000] {logging_mixin.py:188} INFO - [2026-03-23T03:42:53.243+0000] {dag.py:3047} INFO - Sync 1 DAGs
[2026-03-23T03:42:53.257+0000] {logging_mixin.py:188} INFO - [2026-03-23T03:42:53.257+0000] {dag.py:3834} INFO - Setting next_dagrun for example_trigger_target_dag to None, run_after=None
[2026-03-23T03:42:53.280+0000] {processor.py:183} INFO - Processing /home/airflow/.local/lib/python3.8/site-packages/airflow/example_dags/example_trigger_target_dag.py took 0.078 seconds
[2026-03-23T03:43:23.731+0000] {processor.py:161} INFO - Started process (PID=729) to work on /home/airflow/.local/lib/python3.8/site-packages/airflow/example_dags/example_trigger_target_dag.py
[2026-03-23T03:43:23.732+0000] {processor.py:830} INFO - Processing file /home/airflow/.local/lib/python3.8/site-packages/airflow/example_dags/example_trigger_target_dag.py for tasks to queue
[2026-03-23T03:43:23.734+0000] {logging_mixin.py:188} INFO - [2026-03-23T03:43:23.734+0000] {dagbag.py:540} INFO - Filling up the DagBag from /home/airflow/.local/lib/python3.8/site-packages/airflow/example_dags/example_trigger_target_dag.py
[2026-03-23T03:43:23.740+0000] {processor.py:840} INFO - DAG(s) 'example_trigger_target_dag' retrieved from /home/airflow/.local/lib/python3.8/site-packages/airflow/example_dags/example_trigger_target_dag.py
[2026-03-23T03:43:23.760+0000] {logging_mixin.py:188} INFO - [2026-03-23T03:43:23.760+0000] {dag.py:3047} INFO - Sync 1 DAGs
[2026-03-23T03:43:23.773+0000] {logging_mixin.py:188} INFO - [2026-03-23T03:43:23.773+0000] {dag.py:3834} INFO - Setting next_dagrun for example_trigger_target_dag to None, run_after=None
[2026-03-23T03:43:23.794+0000] {processor.py:183} INFO - Processing /home/airflow/.local/lib/python3.8/site-packages/airflow/example_dags/example_trigger_target_dag.py took 0.066 seconds
[2026-03-23T03:43:54.164+0000] {processor.py:161} INFO - Started process (PID=784) to work on /home/airflow/.local/lib/python3.8/site-packages/airflow/example_dags/example_trigger_target_dag.py
[2026-03-23T03:43:54.165+0000] {processor.py:830} INFO - Processing file /home/airflow/.local/lib/python3.8/site-packages/airflow/example_dags/example_trigger_target_dag.py for tasks to queue
[2026-03-23T03:43:54.167+0000] {logging_mixin.py:188} INFO - [2026-03-23T03:43:54.167+0000] {dagbag.py:540} INFO - Filling up the DagBag from /home/airflow/.local/lib/python3.8/site-packages/airflow/example_dags/example_trigger_target_dag.py
[2026-03-23T03:43:54.173+0000] {processor.py:840} INFO - DAG(s) 'example_trigger_target_dag' retrieved from /home/airflow/.local/lib/python3.8/site-packages/airflow/example_dags/example_trigger_target_dag.py
[2026-03-23T03:43:54.195+0000] {logging_mixin.py:188} INFO - [2026-03-23T03:43:54.194+0000] {dag.py:3047} INFO - Sync 1 DAGs
[2026-03-23T03:43:54.209+0000] {logging_mixin.py:188} INFO - [2026-03-23T03:43:54.209+0000] {dag.py:3834} INFO - Setting next_dagrun for example_trigger_target_dag to None, run_after=None
[2026-03-23T03:43:54.233+0000] {processor.py:183} INFO - Processing /home/airflow/.local/lib/python3.8/site-packages/airflow/example_dags/example_trigger_target_dag.py took 0.072 seconds
[2026-03-23T03:44:24.705+0000] {processor.py:161} INFO - Started process (PID=839) to work on /home/airflow/.local/lib/python3.8/site-packages/airflow/example_dags/example_trigger_target_dag.py
[2026-03-23T03:44:24.706+0000] {processor.py:830} INFO - Processing file /home/airflow/.local/lib/python3.8/site-packages/airflow/example_dags/example_trigger_target_dag.py for tasks to queue
[2026-03-23T03:44:24.708+0000] {logging_mixin.py:188} INFO - [2026-03-23T03:44:24.708+0000] {dagbag.py:540} INFO - Filling up the DagBag from /home/airflow/.local/lib/python3.8/site-packages/airflow/example_dags/example_trigger_target_dag.py
[2026-03-23T03:44:24.714+0000] {processor.py:840} INFO - DAG(s) 'example_trigger_target_dag' retrieved from /home/airflow/.local/lib/python3.8/site-packages/airflow/example_dags/example_trigger_target_dag.py
[2026-03-23T03:44:24.735+0000] {logging_mixin.py:188} INFO - [2026-03-23T03:44:24.734+0000] {dag.py:3047} INFO - Sync 1 DAGs
[2026-03-23T03:44:24.748+0000] {logging_mixin.py:188} INFO - [2026-03-23T03:44:24.747+0000] {dag.py:3834} INFO - Setting next_dagrun for example_trigger_target_dag to None, run_after=None
[2026-03-23T03:44:24.771+0000] {processor.py:183} INFO - Processing /home/airflow/.local/lib/python3.8/site-packages/airflow/example_dags/example_trigger_target_dag.py took 0.070 seconds
[2026-03-23T03:44:55.114+0000] {processor.py:161} INFO - Started process (PID=894) to work on /home/airflow/.local/lib/python3.8/site-packages/airflow/example_dags/example_trigger_target_dag.py
[2026-03-23T03:44:55.116+0000] {processor.py:830} INFO - Processing file /home/airflow/.local/lib/python3.8/site-packages/airflow/example_dags/example_trigger_target_dag.py for tasks to queue
[2026-03-23T03:44:55.118+0000] {logging_mixin.py:188} INFO - [2026-03-23T03:44:55.117+0000] {dagbag.py:540} INFO - Filling up the DagBag from /home/airflow/.local/lib/python3.8/site-packages/airflow/example_dags/example_trigger_target_dag.py
[2026-03-23T03:44:55.123+0000] {processor.py:840} INFO - DAG(s) 'example_trigger_target_dag' retrieved from /home/airflow/.local/lib/python3.8/site-packages/airflow/example_dags/example_trigger_target_dag.py
[2026-03-23T03:44:55.145+0000] {logging_mixin.py:188} INFO - [2026-03-23T03:44:55.144+0000] {dag.py:3047} INFO - Sync 1 DAGs
[2026-03-23T03:44:55.157+0000] {logging_mixin.py:188} INFO - [2026-03-23T03:44:55.157+0000] {dag.py:3834} INFO - Setting next_dagrun for example_trigger_target_dag to None, run_after=None
[2026-03-23T03:44:55.179+0000] {processor.py:183} INFO - Processing /home/airflow/.local/lib/python3.8/site-packages/airflow/example_dags/example_trigger_target_dag.py took 0.068 seconds
[2026-03-23T03:45:25.574+0000] {processor.py:161} INFO - Started process (PID=949) to work on /home/airflow/.local/lib/python3.8/site-packages/airflow/example_dags/example_trigger_target_dag.py
[2026-03-23T03:45:25.575+0000] {processor.py:830} INFO - Processing file /home/airflow/.local/lib/python3.8/site-packages/airflow/example_dags/example_trigger_target_dag.py for tasks to queue
[2026-03-23T03:45:25.577+0000] {logging_mixin.py:188} INFO - [2026-03-23T03:45:25.577+0000] {dagbag.py:540} INFO - Filling up the DagBag from /home/airflow/.local/lib/python3.8/site-packages/airflow/example_dags/example_trigger_target_dag.py
[2026-03-23T03:45:25.583+0000] {processor.py:840} INFO - DAG(s) 'example_trigger_target_dag' retrieved from /home/airflow/.local/lib/python3.8/site-packages/airflow/example_dags/example_trigger_target_dag.py
[2026-03-23T03:45:25.603+0000] {logging_mixin.py:188} INFO - [2026-03-23T03:45:25.603+0000] {dag.py:3047} INFO - Sync 1 DAGs
[2026-03-23T03:45:25.616+0000] {logging_mixin.py:188} INFO - [2026-03-23T03:45:25.615+0000] {dag.py:3834} INFO - Setting next_dagrun for example_trigger_target_dag to None, run_after=None
[2026-03-23T03:45:25.639+0000] {processor.py:183} INFO - Processing /home/airflow/.local/lib/python3.8/site-packages/airflow/example_dags/example_trigger_target_dag.py took 0.068 seconds
[2026-03-23T03:45:55.902+0000] {processor.py:161} INFO - Started process (PID=1004) to work on /home/airflow/.local/lib/python3.8/site-packages/airflow/example_dags/example_trigger_target_dag.py
[2026-03-23T03:45:55.904+0000] {processor.py:830} INFO - Processing file /home/airflow/.local/lib/python3.8/site-packages/airflow/example_dags/example_trigger_target_dag.py for tasks to queue
[2026-03-23T03:45:55.906+0000] {logging_mixin.py:188} INFO - [2026-03-23T03:45:55.905+0000] {dagbag.py:540} INFO - Filling up the DagBag from /home/airflow/.local/lib/python3.8/site-packages/airflow/example_dags/example_trigger_target_dag.py
[2026-03-23T03:45:55.911+0000] {processor.py:840} INFO - DAG(s) 'example_trigger_target_dag' retrieved from /home/airflow/.local/lib/python3.8/site-packages/airflow/example_dags/example_trigger_target_dag.py
[2026-03-23T03:45:55.929+0000] {logging_mixin.py:188} INFO - [2026-03-23T03:45:55.929+0000] {dag.py:3047} INFO - Sync 1 DAGs
[2026-03-23T03:45:55.940+0000] {logging_mixin.py:188} INFO - [2026-03-23T03:45:55.940+0000] {dag.py:3834} INFO - Setting next_dagrun for example_trigger_target_dag to None, run_after=None
[2026-03-23T03:45:55.960+0000] {processor.py:183} INFO - Processing /home/airflow/.local/lib/python3.8/site-packages/airflow/example_dags/example_trigger_target_dag.py took 0.060 seconds
[2026-03-23T03:46:26.052+0000] {processor.py:161} INFO - Started process (PID=1059) to work on /home/airflow/.local/lib/python3.8/site-packages/airflow/example_dags/example_trigger_target_dag.py
[2026-03-23T03:46:26.054+0000] {processor.py:830} INFO - Processing file /home/airflow/.local/lib/python3.8/site-packages/airflow/example_dags/example_trigger_target_dag.py for tasks to queue
[2026-03-23T03:46:26.056+0000] {logging_mixin.py:188} INFO - [2026-03-23T03:46:26.056+0000] {dagbag.py:540} INFO - Filling up the DagBag from /home/airflow/.local/lib/python3.8/site-packages/airflow/example_dags/example_trigger_target_dag.py
[2026-03-23T03:46:26.062+0000] {processor.py:840} INFO - DAG(s) 'example_trigger_target_dag' retrieved from /home/airflow/.local/lib/python3.8/site-packages/airflow/example_dags/example_trigger_target_dag.py
[2026-03-23T03:46:26.085+0000] {logging_mixin.py:188} INFO - [2026-03-23T03:46:26.085+0000] {dag.py:3047} INFO - Sync 1 DAGs
[2026-03-23T03:46:26.101+0000] {logging_mixin.py:188} INFO - [2026-03-23T03:46:26.100+0000] {dag.py:3834} INFO - Setting next_dagrun for example_trigger_target_dag to None, run_after=None
[2026-03-23T03:46:26.126+0000] {processor.py:183} INFO - Processing /home/airflow/.local/lib/python3.8/site-packages/airflow/example_dags/example_trigger_target_dag.py took 0.078 seconds
[2026-03-23T03:46:56.514+0000] {processor.py:161} INFO - Started process (PID=1114) to work on /home/airflow/.local/lib/python3.8/site-packages/airflow/example_dags/example_trigger_target_dag.py
[2026-03-23T03:46:56.515+0000] {processor.py:830} INFO - Processing file /home/airflow/.local/lib/python3.8/site-packages/airflow/example_dags/example_trigger_target_dag.py for tasks to queue
[2026-03-23T03:46:56.518+0000] {logging_mixin.py:188} INFO - [2026-03-23T03:46:56.518+0000] {dagbag.py:540} INFO - Filling up the DagBag from /home/airflow/.local/lib/python3.8/site-packages/airflow/example_dags/example_trigger_target_dag.py
[2026-03-23T03:46:56.526+0000] {processor.py:840} INFO - DAG(s) 'example_trigger_target_dag' retrieved from /home/airflow/.local/lib/python3.8/site-packages/airflow/example_dags/example_trigger_target_dag.py
[2026-03-23T03:46:56.551+0000] {logging_mixin.py:188} INFO - [2026-03-23T03:46:56.551+0000] {dag.py:3047} INFO - Sync 1 DAGs
[2026-03-23T03:46:56.564+0000] {logging_mixin.py:188} INFO - [2026-03-23T03:46:56.563+0000] {dag.py:3834} INFO - Setting next_dagrun for example_trigger_target_dag to None, run_after=None
[2026-03-23T03:46:56.586+0000] {processor.py:183} INFO - Processing /home/airflow/.local/lib/python3.8/site-packages/airflow/example_dags/example_trigger_target_dag.py took 0.075 seconds
[2026-03-23T03:47:26.877+0000] {processor.py:161} INFO - Started process (PID=1169) to work on /home/airflow/.local/lib/python3.8/site-packages/airflow/example_dags/example_trigger_target_dag.py
[2026-03-23T03:47:26.878+0000] {processor.py:830} INFO - Processing file /home/airflow/.local/lib/python3.8/site-packages/airflow/example_dags/example_trigger_target_dag.py for tasks to queue
[2026-03-23T03:47:26.880+0000] {logging_mixin.py:188} INFO - [2026-03-23T03:47:26.880+0000] {dagbag.py:540} INFO - Filling up the DagBag from /home/airflow/.local/lib/python3.8/site-packages/airflow/example_dags/example_trigger_target_dag.py
[2026-03-23T03:47:26.886+0000] {processor.py:840} INFO - DAG(s) 'example_trigger_target_dag' retrieved from /home/airflow/.local/lib/python3.8/site-packages/airflow/example_dags/example_trigger_target_dag.py
[2026-03-23T03:47:26.909+0000] {logging_mixin.py:188} INFO - [2026-03-23T03:47:26.908+0000] {dag.py:3047} INFO - Sync 1 DAGs
[2026-03-23T03:47:26.922+0000] {logging_mixin.py:188} INFO - [2026-03-23T03:47:26.921+0000] {dag.py:3834} INFO - Setting next_dagrun for example_trigger_target_dag to None, run_after=None
[2026-03-23T03:47:26.944+0000] {processor.py:183} INFO - Processing /home/airflow/.local/lib/python3.8/site-packages/airflow/example_dags/example_trigger_target_dag.py took 0.071 seconds
[2026-03-23T03:47:57.135+0000] {processor.py:161} INFO - Started process (PID=1224) to work on /home/airflow/.local/lib/python3.8/site-packages/airflow/example_dags/example_trigger_target_dag.py
[2026-03-23T03:47:57.137+0000] {processor.py:830} INFO - Processing file /home/airflow/.local/lib/python3.8/site-packages/airflow/example_dags/example_trigger_target_dag.py for tasks to queue
[2026-03-23T03:47:57.138+0000] {logging_mixin.py:188} INFO - [2026-03-23T03:47:57.138+0000] {dagbag.py:540} INFO - Filling up the DagBag from /home/airflow/.local/lib/python3.8/site-packages/airflow/example_dags/example_trigger_target_dag.py
[2026-03-23T03:47:57.145+0000] {processor.py:840} INFO - DAG(s) 'example_trigger_target_dag' retrieved from /home/airflow/.local/lib/python3.8/site-packages/airflow/example_dags/example_trigger_target_dag.py
[2026-03-23T03:47:57.164+0000] {logging_mixin.py:188} INFO - [2026-03-23T03:47:57.164+0000] {dag.py:3047} INFO - Sync 1 DAGs
[2026-03-23T03:47:57.177+0000] {logging_mixin.py:188} INFO - [2026-03-23T03:47:57.177+0000] {dag.py:3834} INFO - Setting next_dagrun for example_trigger_target_dag to None, run_after=None
[2026-03-23T03:47:57.199+0000] {processor.py:183} INFO - Processing /home/airflow/.local/lib/python3.8/site-packages/airflow/example_dags/example_trigger_target_dag.py took 0.067 seconds
[2026-03-23T03:48:27.463+0000] {processor.py:161} INFO - Started process (PID=1279) to work on /home/airflow/.local/lib/python3.8/site-packages/airflow/example_dags/example_trigger_target_dag.py
[2026-03-23T03:48:27.465+0000] {processor.py:830} INFO - Processing file /home/airflow/.local/lib/python3.8/site-packages/airflow/example_dags/example_trigger_target_dag.py for tasks to queue
[2026-03-23T03:48:27.467+0000] {logging_mixin.py:188} INFO - [2026-03-23T03:48:27.467+0000] {dagbag.py:540} INFO - Filling up the DagBag from /home/airflow/.local/lib/python3.8/site-packages/airflow/example_dags/example_trigger_target_dag.py
[2026-03-23T03:48:27.473+0000] {processor.py:840} INFO - DAG(s) 'example_trigger_target_dag' retrieved from /home/airflow/.local/lib/python3.8/site-packages/airflow/example_dags/example_trigger_target_dag.py
[2026-03-23T03:48:27.496+0000] {logging_mixin.py:188} INFO - [2026-03-23T03:48:27.496+0000] {dag.py:3047} INFO - Sync 1 DAGs
[2026-03-23T03:48:27.510+0000] {logging_mixin.py:188} INFO - [2026-03-23T03:48:27.510+0000] {dag.py:3834} INFO - Setting next_dagrun for example_trigger_target_dag to None, run_after=None
[2026-03-23T03:48:27.533+0000] {processor.py:183} INFO - Processing /home/airflow/.local/lib/python3.8/site-packages/airflow/example_dags/example_trigger_target_dag.py took 0.073 seconds
[2026-03-23T03:48:57.835+0000] {processor.py:161} INFO - Started process (PID=1334) to work on /home/airflow/.local/lib/python3.8/site-packages/airflow/example_dags/example_trigger_target_dag.py
[2026-03-23T03:48:57.837+0000] {processor.py:830} INFO - Processing file /home/airflow/.local/lib/python3.8/site-packages/airflow/example_dags/example_trigger_target_dag.py for tasks to queue
[2026-03-23T03:48:57.838+0000] {logging_mixin.py:188} INFO - [2026-03-23T03:48:57.838+0000] {dagbag.py:540} INFO - Filling up the DagBag from /home/airflow/.local/lib/python3.8/site-packages/airflow/example_dags/example_trigger_target_dag.py
[2026-03-23T03:48:57.845+0000] {processor.py:840} INFO - DAG(s) 'example_trigger_target_dag' retrieved from /home/airflow/.local/lib/python3.8/site-packages/airflow/example_dags/example_trigger_target_dag.py
[2026-03-23T03:48:57.867+0000] {logging_mixin.py:188} INFO - [2026-03-23T03:48:57.867+0000] {dag.py:3047} INFO - Sync 1 DAGs
[2026-03-23T03:48:57.885+0000] {logging_mixin.py:188} INFO - [2026-03-23T03:48:57.884+0000] {dag.py:3834} INFO - Setting next_dagrun for example_trigger_target_dag to None, run_after=None
[2026-03-23T03:48:57.916+0000] {processor.py:183} INFO - Processing /home/airflow/.local/lib/python3.8/site-packages/airflow/example_dags/example_trigger_target_dag.py took 0.084 seconds
[2026-03-23T03:49:28.143+0000] {processor.py:161} INFO - Started process (PID=1389) to work on /home/airflow/.local/lib/python3.8/site-packages/airflow/example_dags/example_trigger_target_dag.py
[2026-03-23T03:49:28.145+0000] {processor.py:830} INFO - Processing file /home/airflow/.local/lib/python3.8/site-packages/airflow/example_dags/example_trigger_target_dag.py for tasks to queue
[2026-03-23T03:49:28.147+0000] {logging_mixin.py:188} INFO - [2026-03-23T03:49:28.147+0000] {dagbag.py:540} INFO - Filling up the DagBag from /home/airflow/.local/lib/python3.8/site-packages/airflow/example_dags/example_trigger_target_dag.py
[2026-03-23T03:49:28.153+0000] {processor.py:840} INFO - DAG(s) 'example_trigger_target_dag' retrieved from /home/airflow/.local/lib/python3.8/site-packages/airflow/example_dags/example_trigger_target_dag.py
[2026-03-23T03:49:28.177+0000] {logging_mixin.py:188} INFO - [2026-03-23T03:49:28.177+0000] {dag.py:3047} INFO - Sync 1 DAGs
[2026-03-23T03:49:28.191+0000] {logging_mixin.py:188} INFO - [2026-03-23T03:49:28.191+0000] {dag.py:3834} INFO - Setting next_dagrun for example_trigger_target_dag to None, run_after=None
[2026-03-23T03:49:28.218+0000] {processor.py:183} INFO - Processing /home/airflow/.local/lib/python3.8/site-packages/airflow/example_dags/example_trigger_target_dag.py took 0.078 seconds
[2026-03-23T03:50:46.451+0000] {processor.py:161} INFO - Started process (PID=63) to work on /home/airflow/.local/lib/python3.8/site-packages/airflow/example_dags/example_trigger_target_dag.py
[2026-03-23T03:50:46.453+0000] {processor.py:830} INFO - Processing file /home/airflow/.local/lib/python3.8/site-packages/airflow/example_dags/example_trigger_target_dag.py for tasks to queue
[2026-03-23T03:50:46.455+0000] {logging_mixin.py:188} INFO - [2026-03-23T03:50:46.454+0000] {dagbag.py:540} INFO - Filling up the DagBag from /home/airflow/.local/lib/python3.8/site-packages/airflow/example_dags/example_trigger_target_dag.py
[2026-03-23T03:50:46.463+0000] {processor.py:840} INFO - DAG(s) 'example_trigger_target_dag' retrieved from /home/airflow/.local/lib/python3.8/site-packages/airflow/example_dags/example_trigger_target_dag.py
[2026-03-23T03:50:46.481+0000] {logging_mixin.py:188} INFO - [2026-03-23T03:50:46.480+0000] {dag.py:3047} INFO - Sync 1 DAGs
[2026-03-23T03:50:46.502+0000] {logging_mixin.py:188} INFO - [2026-03-23T03:50:46.502+0000] {dag.py:3834} INFO - Setting next_dagrun for example_trigger_target_dag to None, run_after=None
[2026-03-23T03:50:46.539+0000] {processor.py:183} INFO - Processing /home/airflow/.local/lib/python3.8/site-packages/airflow/example_dags/example_trigger_target_dag.py took 0.092 seconds
[2026-03-23T03:51:17.022+0000] {processor.py:161} INFO - Started process (PID=118) to work on /home/airflow/.local/lib/python3.8/site-packages/airflow/example_dags/example_trigger_target_dag.py
[2026-03-23T03:51:17.024+0000] {processor.py:830} INFO - Processing file /home/airflow/.local/lib/python3.8/site-packages/airflow/example_dags/example_trigger_target_dag.py for tasks to queue
[2026-03-23T03:51:17.026+0000] {logging_mixin.py:188} INFO - [2026-03-23T03:51:17.025+0000] {dagbag.py:540} INFO - Filling up the DagBag from /home/airflow/.local/lib/python3.8/site-packages/airflow/example_dags/example_trigger_target_dag.py
[2026-03-23T03:51:17.031+0000] {processor.py:840} INFO - DAG(s) 'example_trigger_target_dag' retrieved from /home/airflow/.local/lib/python3.8/site-packages/airflow/example_dags/example_trigger_target_dag.py
[2026-03-23T03:51:17.144+0000] {logging_mixin.py:188} INFO - [2026-03-23T03:51:17.144+0000] {dag.py:3047} INFO - Sync 1 DAGs
[2026-03-23T03:51:17.158+0000] {logging_mixin.py:188} INFO - [2026-03-23T03:51:17.158+0000] {dag.py:3834} INFO - Setting next_dagrun for example_trigger_target_dag to None, run_after=None
[2026-03-23T03:51:17.187+0000] {processor.py:183} INFO - Processing /home/airflow/.local/lib/python3.8/site-packages/airflow/example_dags/example_trigger_target_dag.py took 0.168 seconds
[2026-03-23T03:51:47.227+0000] {processor.py:161} INFO - Started process (PID=173) to work on /home/airflow/.local/lib/python3.8/site-packages/airflow/example_dags/example_trigger_target_dag.py
[2026-03-23T03:51:47.228+0000] {processor.py:830} INFO - Processing file /home/airflow/.local/lib/python3.8/site-packages/airflow/example_dags/example_trigger_target_dag.py for tasks to queue
[2026-03-23T03:51:47.231+0000] {logging_mixin.py:188} INFO - [2026-03-23T03:51:47.230+0000] {dagbag.py:540} INFO - Filling up the DagBag from /home/airflow/.local/lib/python3.8/site-packages/airflow/example_dags/example_trigger_target_dag.py
[2026-03-23T03:51:47.238+0000] {processor.py:840} INFO - DAG(s) 'example_trigger_target_dag' retrieved from /home/airflow/.local/lib/python3.8/site-packages/airflow/example_dags/example_trigger_target_dag.py
[2026-03-23T03:51:47.263+0000] {logging_mixin.py:188} INFO - [2026-03-23T03:51:47.263+0000] {dag.py:3047} INFO - Sync 1 DAGs
[2026-03-23T03:51:47.280+0000] {logging_mixin.py:188} INFO - [2026-03-23T03:51:47.279+0000] {dag.py:3834} INFO - Setting next_dagrun for example_trigger_target_dag to None, run_after=None
[2026-03-23T03:51:47.309+0000] {processor.py:183} INFO - Processing /home/airflow/.local/lib/python3.8/site-packages/airflow/example_dags/example_trigger_target_dag.py took 0.086 seconds
[2026-03-23T03:52:17.388+0000] {processor.py:161} INFO - Started process (PID=228) to work on /home/airflow/.local/lib/python3.8/site-packages/airflow/example_dags/example_trigger_target_dag.py
[2026-03-23T03:52:17.389+0000] {processor.py:830} INFO - Processing file /home/airflow/.local/lib/python3.8/site-packages/airflow/example_dags/example_trigger_target_dag.py for tasks to queue
[2026-03-23T03:52:17.392+0000] {logging_mixin.py:188} INFO - [2026-03-23T03:52:17.392+0000] {dagbag.py:540} INFO - Filling up the DagBag from /home/airflow/.local/lib/python3.8/site-packages/airflow/example_dags/example_trigger_target_dag.py
[2026-03-23T03:52:17.399+0000] {processor.py:840} INFO - DAG(s) 'example_trigger_target_dag' retrieved from /home/airflow/.local/lib/python3.8/site-packages/airflow/example_dags/example_trigger_target_dag.py
[2026-03-23T03:52:17.422+0000] {logging_mixin.py:188} INFO - [2026-03-23T03:52:17.422+0000] {dag.py:3047} INFO - Sync 1 DAGs
[2026-03-23T03:52:17.436+0000] {logging_mixin.py:188} INFO - [2026-03-23T03:52:17.435+0000] {dag.py:3834} INFO - Setting next_dagrun for example_trigger_target_dag to None, run_after=None
[2026-03-23T03:52:17.461+0000] {processor.py:183} INFO - Processing /home/airflow/.local/lib/python3.8/site-packages/airflow/example_dags/example_trigger_target_dag.py took 0.076 seconds
[2026-03-23T03:52:47.534+0000] {processor.py:161} INFO - Started process (PID=283) to work on /home/airflow/.local/lib/python3.8/site-packages/airflow/example_dags/example_trigger_target_dag.py
[2026-03-23T03:52:47.535+0000] {processor.py:830} INFO - Processing file /home/airflow/.local/lib/python3.8/site-packages/airflow/example_dags/example_trigger_target_dag.py for tasks to queue
[2026-03-23T03:52:47.537+0000] {logging_mixin.py:188} INFO - [2026-03-23T03:52:47.537+0000] {dagbag.py:540} INFO - Filling up the DagBag from /home/airflow/.local/lib/python3.8/site-packages/airflow/example_dags/example_trigger_target_dag.py
[2026-03-23T03:52:47.544+0000] {processor.py:840} INFO - DAG(s) 'example_trigger_target_dag' retrieved from /home/airflow/.local/lib/python3.8/site-packages/airflow/example_dags/example_trigger_target_dag.py
[2026-03-23T03:52:47.565+0000] {logging_mixin.py:188} INFO - [2026-03-23T03:52:47.565+0000] {dag.py:3047} INFO - Sync 1 DAGs
[2026-03-23T03:52:47.577+0000] {logging_mixin.py:188} INFO - [2026-03-23T03:52:47.577+0000] {dag.py:3834} INFO - Setting next_dagrun for example_trigger_target_dag to None, run_after=None
[2026-03-23T03:52:47.597+0000] {processor.py:183} INFO - Processing /home/airflow/.local/lib/python3.8/site-packages/airflow/example_dags/example_trigger_target_dag.py took 0.066 seconds
[2026-03-23T03:53:18.212+0000] {processor.py:161} INFO - Started process (PID=344) to work on /home/airflow/.local/lib/python3.8/site-packages/airflow/example_dags/example_trigger_target_dag.py
[2026-03-23T03:53:18.214+0000] {processor.py:830} INFO - Processing file /home/airflow/.local/lib/python3.8/site-packages/airflow/example_dags/example_trigger_target_dag.py for tasks to queue
[2026-03-23T03:53:18.217+0000] {logging_mixin.py:188} INFO - [2026-03-23T03:53:18.216+0000] {dagbag.py:540} INFO - Filling up the DagBag from /home/airflow/.local/lib/python3.8/site-packages/airflow/example_dags/example_trigger_target_dag.py
[2026-03-23T03:53:18.224+0000] {processor.py:840} INFO - DAG(s) 'example_trigger_target_dag' retrieved from /home/airflow/.local/lib/python3.8/site-packages/airflow/example_dags/example_trigger_target_dag.py
[2026-03-23T03:53:18.255+0000] {logging_mixin.py:188} INFO - [2026-03-23T03:53:18.254+0000] {dag.py:3047} INFO - Sync 1 DAGs
[2026-03-23T03:53:18.272+0000] {logging_mixin.py:188} INFO - [2026-03-23T03:53:18.272+0000] {dag.py:3834} INFO - Setting next_dagrun for example_trigger_target_dag to None, run_after=None
[2026-03-23T03:53:18.303+0000] {processor.py:183} INFO - Processing /home/airflow/.local/lib/python3.8/site-packages/airflow/example_dags/example_trigger_target_dag.py took 0.094 seconds
[2026-03-23T03:53:48.514+0000] {processor.py:161} INFO - Started process (PID=399) to work on /home/airflow/.local/lib/python3.8/site-packages/airflow/example_dags/example_trigger_target_dag.py
[2026-03-23T03:53:48.515+0000] {processor.py:830} INFO - Processing file /home/airflow/.local/lib/python3.8/site-packages/airflow/example_dags/example_trigger_target_dag.py for tasks to queue
[2026-03-23T03:53:48.517+0000] {logging_mixin.py:188} INFO - [2026-03-23T03:53:48.517+0000] {dagbag.py:540} INFO - Filling up the DagBag from /home/airflow/.local/lib/python3.8/site-packages/airflow/example_dags/example_trigger_target_dag.py
[2026-03-23T03:53:48.522+0000] {processor.py:840} INFO - DAG(s) 'example_trigger_target_dag' retrieved from /home/airflow/.local/lib/python3.8/site-packages/airflow/example_dags/example_trigger_target_dag.py
[2026-03-23T03:53:48.542+0000] {logging_mixin.py:188} INFO - [2026-03-23T03:53:48.542+0000] {dag.py:3047} INFO - Sync 1 DAGs
[2026-03-23T03:53:48.555+0000] {logging_mixin.py:188} INFO - [2026-03-23T03:53:48.555+0000] {dag.py:3834} INFO - Setting next_dagrun for example_trigger_target_dag to None, run_after=None
[2026-03-23T03:53:48.579+0000] {processor.py:183} INFO - Processing /home/airflow/.local/lib/python3.8/site-packages/airflow/example_dags/example_trigger_target_dag.py took 0.068 seconds
[2026-03-23T03:54:19.273+0000] {processor.py:161} INFO - Started process (PID=454) to work on /home/airflow/.local/lib/python3.8/site-packages/airflow/example_dags/example_trigger_target_dag.py
[2026-03-23T03:54:19.275+0000] {processor.py:830} INFO - Processing file /home/airflow/.local/lib/python3.8/site-packages/airflow/example_dags/example_trigger_target_dag.py for tasks to queue
[2026-03-23T03:54:19.277+0000] {logging_mixin.py:188} INFO - [2026-03-23T03:54:19.276+0000] {dagbag.py:540} INFO - Filling up the DagBag from /home/airflow/.local/lib/python3.8/site-packages/airflow/example_dags/example_trigger_target_dag.py
[2026-03-23T03:54:19.283+0000] {processor.py:840} INFO - DAG(s) 'example_trigger_target_dag' retrieved from /home/airflow/.local/lib/python3.8/site-packages/airflow/example_dags/example_trigger_target_dag.py
[2026-03-23T03:54:19.309+0000] {logging_mixin.py:188} INFO - [2026-03-23T03:54:19.308+0000] {dag.py:3047} INFO - Sync 1 DAGs
[2026-03-23T03:54:19.322+0000] {logging_mixin.py:188} INFO - [2026-03-23T03:54:19.322+0000] {dag.py:3834} INFO - Setting next_dagrun for example_trigger_target_dag to None, run_after=None
[2026-03-23T03:54:19.346+0000] {processor.py:183} INFO - Processing /home/airflow/.local/lib/python3.8/site-packages/airflow/example_dags/example_trigger_target_dag.py took 0.076 seconds
[2026-03-23T03:54:49.624+0000] {processor.py:161} INFO - Started process (PID=509) to work on /home/airflow/.local/lib/python3.8/site-packages/airflow/example_dags/example_trigger_target_dag.py
[2026-03-23T03:54:49.625+0000] {processor.py:830} INFO - Processing file /home/airflow/.local/lib/python3.8/site-packages/airflow/example_dags/example_trigger_target_dag.py for tasks to queue
[2026-03-23T03:54:49.627+0000] {logging_mixin.py:188} INFO - [2026-03-23T03:54:49.627+0000] {dagbag.py:540} INFO - Filling up the DagBag from /home/airflow/.local/lib/python3.8/site-packages/airflow/example_dags/example_trigger_target_dag.py
[2026-03-23T03:54:49.633+0000] {processor.py:840} INFO - DAG(s) 'example_trigger_target_dag' retrieved from /home/airflow/.local/lib/python3.8/site-packages/airflow/example_dags/example_trigger_target_dag.py
[2026-03-23T03:54:49.655+0000] {logging_mixin.py:188} INFO - [2026-03-23T03:54:49.654+0000] {dag.py:3047} INFO - Sync 1 DAGs
[2026-03-23T03:54:49.667+0000] {logging_mixin.py:188} INFO - [2026-03-23T03:54:49.667+0000] {dag.py:3834} INFO - Setting next_dagrun for example_trigger_target_dag to None, run_after=None
[2026-03-23T03:54:49.689+0000] {processor.py:183} INFO - Processing /home/airflow/.local/lib/python3.8/site-packages/airflow/example_dags/example_trigger_target_dag.py took 0.068 seconds
[2026-03-23T03:55:19.806+0000] {processor.py:161} INFO - Started process (PID=564) to work on /home/airflow/.local/lib/python3.8/site-packages/airflow/example_dags/example_trigger_target_dag.py
[2026-03-23T03:55:19.807+0000] {processor.py:830} INFO - Processing file /home/airflow/.local/lib/python3.8/site-packages/airflow/example_dags/example_trigger_target_dag.py for tasks to queue
[2026-03-23T03:55:19.809+0000] {logging_mixin.py:188} INFO - [2026-03-23T03:55:19.809+0000] {dagbag.py:540} INFO - Filling up the DagBag from /home/airflow/.local/lib/python3.8/site-packages/airflow/example_dags/example_trigger_target_dag.py
[2026-03-23T03:55:19.815+0000] {processor.py:840} INFO - DAG(s) 'example_trigger_target_dag' retrieved from /home/airflow/.local/lib/python3.8/site-packages/airflow/example_dags/example_trigger_target_dag.py
[2026-03-23T03:55:19.837+0000] {logging_mixin.py:188} INFO - [2026-03-23T03:55:19.837+0000] {dag.py:3047} INFO - Sync 1 DAGs
[2026-03-23T03:55:19.850+0000] {logging_mixin.py:188} INFO - [2026-03-23T03:55:19.850+0000] {dag.py:3834} INFO - Setting next_dagrun for example_trigger_target_dag to None, run_after=None
[2026-03-23T03:55:19.872+0000] {processor.py:183} INFO - Processing /home/airflow/.local/lib/python3.8/site-packages/airflow/example_dags/example_trigger_target_dag.py took 0.069 seconds
[2026-03-23T03:55:50.096+0000] {processor.py:161} INFO - Started process (PID=619) to work on /home/airflow/.local/lib/python3.8/site-packages/airflow/example_dags/example_trigger_target_dag.py
[2026-03-23T03:55:50.097+0000] {processor.py:830} INFO - Processing file /home/airflow/.local/lib/python3.8/site-packages/airflow/example_dags/example_trigger_target_dag.py for tasks to queue
[2026-03-23T03:55:50.100+0000] {logging_mixin.py:188} INFO - [2026-03-23T03:55:50.099+0000] {dagbag.py:540} INFO - Filling up the DagBag from /home/airflow/.local/lib/python3.8/site-packages/airflow/example_dags/example_trigger_target_dag.py
[2026-03-23T03:55:50.108+0000] {processor.py:840} INFO - DAG(s) 'example_trigger_target_dag' retrieved from /home/airflow/.local/lib/python3.8/site-packages/airflow/example_dags/example_trigger_target_dag.py
[2026-03-23T03:55:50.135+0000] {logging_mixin.py:188} INFO - [2026-03-23T03:55:50.135+0000] {dag.py:3047} INFO - Sync 1 DAGs
[2026-03-23T03:55:50.150+0000] {logging_mixin.py:188} INFO - [2026-03-23T03:55:50.150+0000] {dag.py:3834} INFO - Setting next_dagrun for example_trigger_target_dag to None, run_after=None
[2026-03-23T03:55:50.184+0000] {processor.py:183} INFO - Processing /home/airflow/.local/lib/python3.8/site-packages/airflow/example_dags/example_trigger_target_dag.py took 0.093 seconds
[2026-03-23T03:56:20.343+0000] {processor.py:161} INFO - Started process (PID=674) to work on /home/airflow/.local/lib/python3.8/site-packages/airflow/example_dags/example_trigger_target_dag.py
[2026-03-23T03:56:20.345+0000] {processor.py:830} INFO - Processing file /home/airflow/.local/lib/python3.8/site-packages/airflow/example_dags/example_trigger_target_dag.py for tasks to queue
[2026-03-23T03:56:20.347+0000] {logging_mixin.py:188} INFO - [2026-03-23T03:56:20.347+0000] {dagbag.py:540} INFO - Filling up the DagBag from /home/airflow/.local/lib/python3.8/site-packages/airflow/example_dags/example_trigger_target_dag.py
[2026-03-23T03:56:20.354+0000] {processor.py:840} INFO - DAG(s) 'example_trigger_target_dag' retrieved from /home/airflow/.local/lib/python3.8/site-packages/airflow/example_dags/example_trigger_target_dag.py
[2026-03-23T03:56:20.381+0000] {logging_mixin.py:188} INFO - [2026-03-23T03:56:20.381+0000] {dag.py:3047} INFO - Sync 1 DAGs
[2026-03-23T03:56:20.397+0000] {logging_mixin.py:188} INFO - [2026-03-23T03:56:20.397+0000] {dag.py:3834} INFO - Setting next_dagrun for example_trigger_target_dag to None, run_after=None
[2026-03-23T03:56:20.425+0000] {processor.py:183} INFO - Processing /home/airflow/.local/lib/python3.8/site-packages/airflow/example_dags/example_trigger_target_dag.py took 0.085 seconds
