[2026-03-23T03:21:15.888+0000] {processor.py:161} INFO - Started process (PID=91) to work on /home/airflow/.local/lib/python3.8/site-packages/airflow/example_dags/example_bash_operator.py
[2026-03-23T03:21:15.890+0000] {processor.py:830} INFO - Processing file /home/airflow/.local/lib/python3.8/site-packages/airflow/example_dags/example_bash_operator.py for tasks to queue
[2026-03-23T03:21:15.892+0000] {logging_mixin.py:188} INFO - [2026-03-23T03:21:15.892+0000] {dagbag.py:540} INFO - Filling up the DagBag from /home/airflow/.local/lib/python3.8/site-packages/airflow/example_dags/example_bash_operator.py
[2026-03-23T03:21:15.915+0000] {processor.py:840} INFO - DAG(s) 'example_bash_operator' retrieved from /home/airflow/.local/lib/python3.8/site-packages/airflow/example_dags/example_bash_operator.py
[2026-03-23T03:21:15.933+0000] {logging_mixin.py:188} INFO - [2026-03-23T03:21:15.933+0000] {dag.py:3047} INFO - Sync 1 DAGs
[2026-03-23T03:21:15.973+0000] {logging_mixin.py:188} INFO - [2026-03-23T03:21:15.973+0000] {dag.py:3834} INFO - Setting next_dagrun for example_bash_operator to 2026-03-22 00:00:00+00:00, run_after=2026-03-23 00:00:00+00:00
[2026-03-23T03:21:16.007+0000] {processor.py:183} INFO - Processing /home/airflow/.local/lib/python3.8/site-packages/airflow/example_dags/example_bash_operator.py took 0.123 seconds
[2026-03-23T03:21:46.772+0000] {processor.py:161} INFO - Started process (PID=146) to work on /home/airflow/.local/lib/python3.8/site-packages/airflow/example_dags/example_bash_operator.py
[2026-03-23T03:21:46.773+0000] {processor.py:830} INFO - Processing file /home/airflow/.local/lib/python3.8/site-packages/airflow/example_dags/example_bash_operator.py for tasks to queue
[2026-03-23T03:21:46.775+0000] {logging_mixin.py:188} INFO - [2026-03-23T03:21:46.775+0000] {dagbag.py:540} INFO - Filling up the DagBag from /home/airflow/.local/lib/python3.8/site-packages/airflow/example_dags/example_bash_operator.py
[2026-03-23T03:21:46.785+0000] {processor.py:840} INFO - DAG(s) 'example_bash_operator' retrieved from /home/airflow/.local/lib/python3.8/site-packages/airflow/example_dags/example_bash_operator.py
[2026-03-23T03:21:46.798+0000] {logging_mixin.py:188} INFO - [2026-03-23T03:21:46.798+0000] {dag.py:3047} INFO - Sync 1 DAGs
[2026-03-23T03:21:46.820+0000] {logging_mixin.py:188} INFO - [2026-03-23T03:21:46.820+0000] {dag.py:3834} INFO - Setting next_dagrun for example_bash_operator to 2026-03-22 00:00:00+00:00, run_after=2026-03-23 00:00:00+00:00
[2026-03-23T03:21:46.840+0000] {processor.py:183} INFO - Processing /home/airflow/.local/lib/python3.8/site-packages/airflow/example_dags/example_bash_operator.py took 0.071 seconds
[2026-03-23T03:22:17.967+0000] {processor.py:161} INFO - Started process (PID=207) to work on /home/airflow/.local/lib/python3.8/site-packages/airflow/example_dags/example_bash_operator.py
[2026-03-23T03:22:17.969+0000] {processor.py:830} INFO - Processing file /home/airflow/.local/lib/python3.8/site-packages/airflow/example_dags/example_bash_operator.py for tasks to queue
[2026-03-23T03:22:17.970+0000] {logging_mixin.py:188} INFO - [2026-03-23T03:22:17.970+0000] {dagbag.py:540} INFO - Filling up the DagBag from /home/airflow/.local/lib/python3.8/site-packages/airflow/example_dags/example_bash_operator.py
[2026-03-23T03:22:17.980+0000] {processor.py:840} INFO - DAG(s) 'example_bash_operator' retrieved from /home/airflow/.local/lib/python3.8/site-packages/airflow/example_dags/example_bash_operator.py
[2026-03-23T03:22:18.091+0000] {logging_mixin.py:188} INFO - [2026-03-23T03:22:18.090+0000] {dag.py:3047} INFO - Sync 1 DAGs
[2026-03-23T03:22:18.111+0000] {logging_mixin.py:188} INFO - [2026-03-23T03:22:18.111+0000] {dag.py:3834} INFO - Setting next_dagrun for example_bash_operator to 2026-03-22 00:00:00+00:00, run_after=2026-03-23 00:00:00+00:00
[2026-03-23T03:22:18.134+0000] {processor.py:183} INFO - Processing /home/airflow/.local/lib/python3.8/site-packages/airflow/example_dags/example_bash_operator.py took 0.170 seconds
[2026-03-23T03:22:48.530+0000] {processor.py:161} INFO - Started process (PID=262) to work on /home/airflow/.local/lib/python3.8/site-packages/airflow/example_dags/example_bash_operator.py
[2026-03-23T03:22:48.531+0000] {processor.py:830} INFO - Processing file /home/airflow/.local/lib/python3.8/site-packages/airflow/example_dags/example_bash_operator.py for tasks to queue
[2026-03-23T03:22:48.533+0000] {logging_mixin.py:188} INFO - [2026-03-23T03:22:48.533+0000] {dagbag.py:540} INFO - Filling up the DagBag from /home/airflow/.local/lib/python3.8/site-packages/airflow/example_dags/example_bash_operator.py
[2026-03-23T03:22:48.543+0000] {processor.py:840} INFO - DAG(s) 'example_bash_operator' retrieved from /home/airflow/.local/lib/python3.8/site-packages/airflow/example_dags/example_bash_operator.py
[2026-03-23T03:22:48.570+0000] {logging_mixin.py:188} INFO - [2026-03-23T03:22:48.570+0000] {dag.py:3047} INFO - Sync 1 DAGs
[2026-03-23T03:22:48.592+0000] {logging_mixin.py:188} INFO - [2026-03-23T03:22:48.592+0000] {dag.py:3834} INFO - Setting next_dagrun for example_bash_operator to 2026-03-22 00:00:00+00:00, run_after=2026-03-23 00:00:00+00:00
[2026-03-23T03:22:48.613+0000] {processor.py:183} INFO - Processing /home/airflow/.local/lib/python3.8/site-packages/airflow/example_dags/example_bash_operator.py took 0.085 seconds
[2026-03-23T03:23:19.542+0000] {processor.py:161} INFO - Started process (PID=317) to work on /home/airflow/.local/lib/python3.8/site-packages/airflow/example_dags/example_bash_operator.py
[2026-03-23T03:23:19.543+0000] {processor.py:830} INFO - Processing file /home/airflow/.local/lib/python3.8/site-packages/airflow/example_dags/example_bash_operator.py for tasks to queue
[2026-03-23T03:23:19.546+0000] {logging_mixin.py:188} INFO - [2026-03-23T03:23:19.546+0000] {dagbag.py:540} INFO - Filling up the DagBag from /home/airflow/.local/lib/python3.8/site-packages/airflow/example_dags/example_bash_operator.py
[2026-03-23T03:23:19.556+0000] {processor.py:840} INFO - DAG(s) 'example_bash_operator' retrieved from /home/airflow/.local/lib/python3.8/site-packages/airflow/example_dags/example_bash_operator.py
[2026-03-23T03:23:19.586+0000] {logging_mixin.py:188} INFO - [2026-03-23T03:23:19.585+0000] {dag.py:3047} INFO - Sync 1 DAGs
[2026-03-23T03:23:19.607+0000] {logging_mixin.py:188} INFO - [2026-03-23T03:23:19.607+0000] {dag.py:3834} INFO - Setting next_dagrun for example_bash_operator to 2026-03-22 00:00:00+00:00, run_after=2026-03-23 00:00:00+00:00
[2026-03-23T03:23:19.626+0000] {processor.py:183} INFO - Processing /home/airflow/.local/lib/python3.8/site-packages/airflow/example_dags/example_bash_operator.py took 0.087 seconds
[2026-03-23T03:25:10.204+0000] {processor.py:161} INFO - Started process (PID=91) to work on /home/airflow/.local/lib/python3.8/site-packages/airflow/example_dags/example_bash_operator.py
[2026-03-23T03:25:10.206+0000] {processor.py:830} INFO - Processing file /home/airflow/.local/lib/python3.8/site-packages/airflow/example_dags/example_bash_operator.py for tasks to queue
[2026-03-23T03:25:10.209+0000] {logging_mixin.py:188} INFO - [2026-03-23T03:25:10.209+0000] {dagbag.py:540} INFO - Filling up the DagBag from /home/airflow/.local/lib/python3.8/site-packages/airflow/example_dags/example_bash_operator.py
[2026-03-23T03:25:10.232+0000] {processor.py:840} INFO - DAG(s) 'example_bash_operator' retrieved from /home/airflow/.local/lib/python3.8/site-packages/airflow/example_dags/example_bash_operator.py
[2026-03-23T03:25:10.248+0000] {logging_mixin.py:188} INFO - [2026-03-23T03:25:10.248+0000] {dag.py:3047} INFO - Sync 1 DAGs
[2026-03-23T03:25:10.280+0000] {logging_mixin.py:188} INFO - [2026-03-23T03:25:10.279+0000] {dag.py:3834} INFO - Setting next_dagrun for example_bash_operator to 2026-03-22 00:00:00+00:00, run_after=2026-03-23 00:00:00+00:00
[2026-03-23T03:25:10.312+0000] {processor.py:183} INFO - Processing /home/airflow/.local/lib/python3.8/site-packages/airflow/example_dags/example_bash_operator.py took 0.114 seconds
[2026-03-23T03:25:42.193+0000] {processor.py:161} INFO - Started process (PID=152) to work on /home/airflow/.local/lib/python3.8/site-packages/airflow/example_dags/example_bash_operator.py
[2026-03-23T03:25:42.194+0000] {processor.py:830} INFO - Processing file /home/airflow/.local/lib/python3.8/site-packages/airflow/example_dags/example_bash_operator.py for tasks to queue
[2026-03-23T03:25:42.196+0000] {logging_mixin.py:188} INFO - [2026-03-23T03:25:42.196+0000] {dagbag.py:540} INFO - Filling up the DagBag from /home/airflow/.local/lib/python3.8/site-packages/airflow/example_dags/example_bash_operator.py
[2026-03-23T03:25:42.209+0000] {processor.py:840} INFO - DAG(s) 'example_bash_operator' retrieved from /home/airflow/.local/lib/python3.8/site-packages/airflow/example_dags/example_bash_operator.py
[2026-03-23T03:25:42.359+0000] {logging_mixin.py:188} INFO - [2026-03-23T03:25:42.358+0000] {dag.py:3047} INFO - Sync 1 DAGs
[2026-03-23T03:25:42.385+0000] {logging_mixin.py:188} INFO - [2026-03-23T03:25:42.384+0000] {dag.py:3834} INFO - Setting next_dagrun for example_bash_operator to 2026-03-22 00:00:00+00:00, run_after=2026-03-23 00:00:00+00:00
[2026-03-23T03:25:42.410+0000] {processor.py:183} INFO - Processing /home/airflow/.local/lib/python3.8/site-packages/airflow/example_dags/example_bash_operator.py took 0.221 seconds
[2026-03-23T03:26:13.003+0000] {processor.py:161} INFO - Started process (PID=207) to work on /home/airflow/.local/lib/python3.8/site-packages/airflow/example_dags/example_bash_operator.py
[2026-03-23T03:26:13.004+0000] {processor.py:830} INFO - Processing file /home/airflow/.local/lib/python3.8/site-packages/airflow/example_dags/example_bash_operator.py for tasks to queue
[2026-03-23T03:26:13.006+0000] {logging_mixin.py:188} INFO - [2026-03-23T03:26:13.006+0000] {dagbag.py:540} INFO - Filling up the DagBag from /home/airflow/.local/lib/python3.8/site-packages/airflow/example_dags/example_bash_operator.py
[2026-03-23T03:26:13.019+0000] {processor.py:840} INFO - DAG(s) 'example_bash_operator' retrieved from /home/airflow/.local/lib/python3.8/site-packages/airflow/example_dags/example_bash_operator.py
[2026-03-23T03:26:13.049+0000] {logging_mixin.py:188} INFO - [2026-03-23T03:26:13.048+0000] {dag.py:3047} INFO - Sync 1 DAGs
[2026-03-23T03:26:13.070+0000] {logging_mixin.py:188} INFO - [2026-03-23T03:26:13.070+0000] {dag.py:3834} INFO - Setting next_dagrun for example_bash_operator to 2026-03-22 00:00:00+00:00, run_after=2026-03-23 00:00:00+00:00
[2026-03-23T03:26:13.089+0000] {processor.py:183} INFO - Processing /home/airflow/.local/lib/python3.8/site-packages/airflow/example_dags/example_bash_operator.py took 0.089 seconds
[2026-03-23T03:26:43.996+0000] {processor.py:161} INFO - Started process (PID=262) to work on /home/airflow/.local/lib/python3.8/site-packages/airflow/example_dags/example_bash_operator.py
[2026-03-23T03:26:43.997+0000] {processor.py:830} INFO - Processing file /home/airflow/.local/lib/python3.8/site-packages/airflow/example_dags/example_bash_operator.py for tasks to queue
[2026-03-23T03:26:43.999+0000] {logging_mixin.py:188} INFO - [2026-03-23T03:26:43.999+0000] {dagbag.py:540} INFO - Filling up the DagBag from /home/airflow/.local/lib/python3.8/site-packages/airflow/example_dags/example_bash_operator.py
[2026-03-23T03:26:44.011+0000] {processor.py:840} INFO - DAG(s) 'example_bash_operator' retrieved from /home/airflow/.local/lib/python3.8/site-packages/airflow/example_dags/example_bash_operator.py
[2026-03-23T03:26:44.045+0000] {logging_mixin.py:188} INFO - [2026-03-23T03:26:44.045+0000] {dag.py:3047} INFO - Sync 1 DAGs
[2026-03-23T03:26:44.073+0000] {logging_mixin.py:188} INFO - [2026-03-23T03:26:44.073+0000] {dag.py:3834} INFO - Setting next_dagrun for example_bash_operator to 2026-03-22 00:00:00+00:00, run_after=2026-03-23 00:00:00+00:00
[2026-03-23T03:26:44.097+0000] {processor.py:183} INFO - Processing /home/airflow/.local/lib/python3.8/site-packages/airflow/example_dags/example_bash_operator.py took 0.104 seconds
[2026-03-23T03:27:14.240+0000] {processor.py:161} INFO - Started process (PID=317) to work on /home/airflow/.local/lib/python3.8/site-packages/airflow/example_dags/example_bash_operator.py
[2026-03-23T03:27:14.241+0000] {processor.py:830} INFO - Processing file /home/airflow/.local/lib/python3.8/site-packages/airflow/example_dags/example_bash_operator.py for tasks to queue
[2026-03-23T03:27:14.243+0000] {logging_mixin.py:188} INFO - [2026-03-23T03:27:14.242+0000] {dagbag.py:540} INFO - Filling up the DagBag from /home/airflow/.local/lib/python3.8/site-packages/airflow/example_dags/example_bash_operator.py
[2026-03-23T03:27:14.252+0000] {processor.py:840} INFO - DAG(s) 'example_bash_operator' retrieved from /home/airflow/.local/lib/python3.8/site-packages/airflow/example_dags/example_bash_operator.py
[2026-03-23T03:27:14.281+0000] {logging_mixin.py:188} INFO - [2026-03-23T03:27:14.280+0000] {dag.py:3047} INFO - Sync 1 DAGs
[2026-03-23T03:27:14.302+0000] {logging_mixin.py:188} INFO - [2026-03-23T03:27:14.302+0000] {dag.py:3834} INFO - Setting next_dagrun for example_bash_operator to 2026-03-22 00:00:00+00:00, run_after=2026-03-23 00:00:00+00:00
[2026-03-23T03:27:14.326+0000] {processor.py:183} INFO - Processing /home/airflow/.local/lib/python3.8/site-packages/airflow/example_dags/example_bash_operator.py took 0.089 seconds
[2026-03-23T03:27:44.490+0000] {processor.py:161} INFO - Started process (PID=372) to work on /home/airflow/.local/lib/python3.8/site-packages/airflow/example_dags/example_bash_operator.py
[2026-03-23T03:27:44.491+0000] {processor.py:830} INFO - Processing file /home/airflow/.local/lib/python3.8/site-packages/airflow/example_dags/example_bash_operator.py for tasks to queue
[2026-03-23T03:27:44.493+0000] {logging_mixin.py:188} INFO - [2026-03-23T03:27:44.492+0000] {dagbag.py:540} INFO - Filling up the DagBag from /home/airflow/.local/lib/python3.8/site-packages/airflow/example_dags/example_bash_operator.py
[2026-03-23T03:27:44.502+0000] {processor.py:840} INFO - DAG(s) 'example_bash_operator' retrieved from /home/airflow/.local/lib/python3.8/site-packages/airflow/example_dags/example_bash_operator.py
[2026-03-23T03:27:44.531+0000] {logging_mixin.py:188} INFO - [2026-03-23T03:27:44.530+0000] {dag.py:3047} INFO - Sync 1 DAGs
[2026-03-23T03:27:44.552+0000] {logging_mixin.py:188} INFO - [2026-03-23T03:27:44.552+0000] {dag.py:3834} INFO - Setting next_dagrun for example_bash_operator to 2026-03-22 00:00:00+00:00, run_after=2026-03-23 00:00:00+00:00
[2026-03-23T03:27:44.575+0000] {processor.py:183} INFO - Processing /home/airflow/.local/lib/python3.8/site-packages/airflow/example_dags/example_bash_operator.py took 0.087 seconds
[2026-03-23T03:28:14.852+0000] {processor.py:161} INFO - Started process (PID=427) to work on /home/airflow/.local/lib/python3.8/site-packages/airflow/example_dags/example_bash_operator.py
[2026-03-23T03:28:14.853+0000] {processor.py:830} INFO - Processing file /home/airflow/.local/lib/python3.8/site-packages/airflow/example_dags/example_bash_operator.py for tasks to queue
[2026-03-23T03:28:14.855+0000] {logging_mixin.py:188} INFO - [2026-03-23T03:28:14.855+0000] {dagbag.py:540} INFO - Filling up the DagBag from /home/airflow/.local/lib/python3.8/site-packages/airflow/example_dags/example_bash_operator.py
[2026-03-23T03:28:14.865+0000] {processor.py:840} INFO - DAG(s) 'example_bash_operator' retrieved from /home/airflow/.local/lib/python3.8/site-packages/airflow/example_dags/example_bash_operator.py
[2026-03-23T03:28:14.894+0000] {logging_mixin.py:188} INFO - [2026-03-23T03:28:14.893+0000] {dag.py:3047} INFO - Sync 1 DAGs
[2026-03-23T03:28:14.915+0000] {logging_mixin.py:188} INFO - [2026-03-23T03:28:14.915+0000] {dag.py:3834} INFO - Setting next_dagrun for example_bash_operator to 2026-03-22 00:00:00+00:00, run_after=2026-03-23 00:00:00+00:00
[2026-03-23T03:28:14.936+0000] {processor.py:183} INFO - Processing /home/airflow/.local/lib/python3.8/site-packages/airflow/example_dags/example_bash_operator.py took 0.086 seconds
[2026-03-23T03:28:45.202+0000] {processor.py:161} INFO - Started process (PID=481) to work on /home/airflow/.local/lib/python3.8/site-packages/airflow/example_dags/example_bash_operator.py
[2026-03-23T03:28:45.203+0000] {processor.py:830} INFO - Processing file /home/airflow/.local/lib/python3.8/site-packages/airflow/example_dags/example_bash_operator.py for tasks to queue
[2026-03-23T03:28:45.205+0000] {logging_mixin.py:188} INFO - [2026-03-23T03:28:45.204+0000] {dagbag.py:540} INFO - Filling up the DagBag from /home/airflow/.local/lib/python3.8/site-packages/airflow/example_dags/example_bash_operator.py
[2026-03-23T03:28:45.216+0000] {processor.py:840} INFO - DAG(s) 'example_bash_operator' retrieved from /home/airflow/.local/lib/python3.8/site-packages/airflow/example_dags/example_bash_operator.py
[2026-03-23T03:28:45.245+0000] {logging_mixin.py:188} INFO - [2026-03-23T03:28:45.244+0000] {dag.py:3047} INFO - Sync 1 DAGs
[2026-03-23T03:28:45.267+0000] {logging_mixin.py:188} INFO - [2026-03-23T03:28:45.266+0000] {dag.py:3834} INFO - Setting next_dagrun for example_bash_operator to 2026-03-22 00:00:00+00:00, run_after=2026-03-23 00:00:00+00:00
[2026-03-23T03:28:45.287+0000] {processor.py:183} INFO - Processing /home/airflow/.local/lib/python3.8/site-packages/airflow/example_dags/example_bash_operator.py took 0.088 seconds
[2026-03-23T03:29:15.883+0000] {processor.py:161} INFO - Started process (PID=537) to work on /home/airflow/.local/lib/python3.8/site-packages/airflow/example_dags/example_bash_operator.py
[2026-03-23T03:29:15.884+0000] {processor.py:830} INFO - Processing file /home/airflow/.local/lib/python3.8/site-packages/airflow/example_dags/example_bash_operator.py for tasks to queue
[2026-03-23T03:29:15.886+0000] {logging_mixin.py:188} INFO - [2026-03-23T03:29:15.886+0000] {dagbag.py:540} INFO - Filling up the DagBag from /home/airflow/.local/lib/python3.8/site-packages/airflow/example_dags/example_bash_operator.py
[2026-03-23T03:29:15.898+0000] {processor.py:840} INFO - DAG(s) 'example_bash_operator' retrieved from /home/airflow/.local/lib/python3.8/site-packages/airflow/example_dags/example_bash_operator.py
[2026-03-23T03:29:15.929+0000] {logging_mixin.py:188} INFO - [2026-03-23T03:29:15.928+0000] {dag.py:3047} INFO - Sync 1 DAGs
[2026-03-23T03:29:15.959+0000] {logging_mixin.py:188} INFO - [2026-03-23T03:29:15.959+0000] {dag.py:3834} INFO - Setting next_dagrun for example_bash_operator to 2026-03-22 00:00:00+00:00, run_after=2026-03-23 00:00:00+00:00
[2026-03-23T03:29:15.982+0000] {processor.py:183} INFO - Processing /home/airflow/.local/lib/python3.8/site-packages/airflow/example_dags/example_bash_operator.py took 0.103 seconds
[2026-03-23T03:29:46.074+0000] {processor.py:161} INFO - Started process (PID=592) to work on /home/airflow/.local/lib/python3.8/site-packages/airflow/example_dags/example_bash_operator.py
[2026-03-23T03:29:46.075+0000] {processor.py:830} INFO - Processing file /home/airflow/.local/lib/python3.8/site-packages/airflow/example_dags/example_bash_operator.py for tasks to queue
[2026-03-23T03:29:46.077+0000] {logging_mixin.py:188} INFO - [2026-03-23T03:29:46.076+0000] {dagbag.py:540} INFO - Filling up the DagBag from /home/airflow/.local/lib/python3.8/site-packages/airflow/example_dags/example_bash_operator.py
[2026-03-23T03:29:46.087+0000] {processor.py:840} INFO - DAG(s) 'example_bash_operator' retrieved from /home/airflow/.local/lib/python3.8/site-packages/airflow/example_dags/example_bash_operator.py
[2026-03-23T03:29:46.116+0000] {logging_mixin.py:188} INFO - [2026-03-23T03:29:46.115+0000] {dag.py:3047} INFO - Sync 1 DAGs
[2026-03-23T03:29:46.138+0000] {logging_mixin.py:188} INFO - [2026-03-23T03:29:46.137+0000] {dag.py:3834} INFO - Setting next_dagrun for example_bash_operator to 2026-03-22 00:00:00+00:00, run_after=2026-03-23 00:00:00+00:00
[2026-03-23T03:29:46.158+0000] {processor.py:183} INFO - Processing /home/airflow/.local/lib/python3.8/site-packages/airflow/example_dags/example_bash_operator.py took 0.087 seconds
[2026-03-23T03:30:16.399+0000] {processor.py:161} INFO - Started process (PID=647) to work on /home/airflow/.local/lib/python3.8/site-packages/airflow/example_dags/example_bash_operator.py
[2026-03-23T03:30:16.400+0000] {processor.py:830} INFO - Processing file /home/airflow/.local/lib/python3.8/site-packages/airflow/example_dags/example_bash_operator.py for tasks to queue
[2026-03-23T03:30:16.403+0000] {logging_mixin.py:188} INFO - [2026-03-23T03:30:16.402+0000] {dagbag.py:540} INFO - Filling up the DagBag from /home/airflow/.local/lib/python3.8/site-packages/airflow/example_dags/example_bash_operator.py
[2026-03-23T03:30:16.414+0000] {processor.py:840} INFO - DAG(s) 'example_bash_operator' retrieved from /home/airflow/.local/lib/python3.8/site-packages/airflow/example_dags/example_bash_operator.py
[2026-03-23T03:30:16.445+0000] {logging_mixin.py:188} INFO - [2026-03-23T03:30:16.444+0000] {dag.py:3047} INFO - Sync 1 DAGs
[2026-03-23T03:30:16.469+0000] {logging_mixin.py:188} INFO - [2026-03-23T03:30:16.469+0000] {dag.py:3834} INFO - Setting next_dagrun for example_bash_operator to 2026-03-22 00:00:00+00:00, run_after=2026-03-23 00:00:00+00:00
[2026-03-23T03:30:16.493+0000] {processor.py:183} INFO - Processing /home/airflow/.local/lib/python3.8/site-packages/airflow/example_dags/example_bash_operator.py took 0.097 seconds
[2026-03-23T03:30:47.492+0000] {processor.py:161} INFO - Started process (PID=702) to work on /home/airflow/.local/lib/python3.8/site-packages/airflow/example_dags/example_bash_operator.py
[2026-03-23T03:30:47.494+0000] {processor.py:830} INFO - Processing file /home/airflow/.local/lib/python3.8/site-packages/airflow/example_dags/example_bash_operator.py for tasks to queue
[2026-03-23T03:30:47.496+0000] {logging_mixin.py:188} INFO - [2026-03-23T03:30:47.495+0000] {dagbag.py:540} INFO - Filling up the DagBag from /home/airflow/.local/lib/python3.8/site-packages/airflow/example_dags/example_bash_operator.py
[2026-03-23T03:30:47.506+0000] {processor.py:840} INFO - DAG(s) 'example_bash_operator' retrieved from /home/airflow/.local/lib/python3.8/site-packages/airflow/example_dags/example_bash_operator.py
[2026-03-23T03:30:47.538+0000] {logging_mixin.py:188} INFO - [2026-03-23T03:30:47.538+0000] {dag.py:3047} INFO - Sync 1 DAGs
[2026-03-23T03:30:47.560+0000] {logging_mixin.py:188} INFO - [2026-03-23T03:30:47.559+0000] {dag.py:3834} INFO - Setting next_dagrun for example_bash_operator to 2026-03-22 00:00:00+00:00, run_after=2026-03-23 00:00:00+00:00
[2026-03-23T03:30:47.581+0000] {processor.py:183} INFO - Processing /home/airflow/.local/lib/python3.8/site-packages/airflow/example_dags/example_bash_operator.py took 0.092 seconds
[2026-03-23T03:31:17.662+0000] {processor.py:161} INFO - Started process (PID=756) to work on /home/airflow/.local/lib/python3.8/site-packages/airflow/example_dags/example_bash_operator.py
[2026-03-23T03:31:17.663+0000] {processor.py:830} INFO - Processing file /home/airflow/.local/lib/python3.8/site-packages/airflow/example_dags/example_bash_operator.py for tasks to queue
[2026-03-23T03:31:17.665+0000] {logging_mixin.py:188} INFO - [2026-03-23T03:31:17.665+0000] {dagbag.py:540} INFO - Filling up the DagBag from /home/airflow/.local/lib/python3.8/site-packages/airflow/example_dags/example_bash_operator.py
[2026-03-23T03:31:17.676+0000] {processor.py:840} INFO - DAG(s) 'example_bash_operator' retrieved from /home/airflow/.local/lib/python3.8/site-packages/airflow/example_dags/example_bash_operator.py
[2026-03-23T03:31:17.705+0000] {logging_mixin.py:188} INFO - [2026-03-23T03:31:17.705+0000] {dag.py:3047} INFO - Sync 1 DAGs
[2026-03-23T03:31:17.728+0000] {logging_mixin.py:188} INFO - [2026-03-23T03:31:17.727+0000] {dag.py:3834} INFO - Setting next_dagrun for example_bash_operator to 2026-03-22 00:00:00+00:00, run_after=2026-03-23 00:00:00+00:00
[2026-03-23T03:31:17.752+0000] {processor.py:183} INFO - Processing /home/airflow/.local/lib/python3.8/site-packages/airflow/example_dags/example_bash_operator.py took 0.093 seconds
[2026-03-23T03:31:48.292+0000] {processor.py:161} INFO - Started process (PID=812) to work on /home/airflow/.local/lib/python3.8/site-packages/airflow/example_dags/example_bash_operator.py
[2026-03-23T03:31:48.294+0000] {processor.py:830} INFO - Processing file /home/airflow/.local/lib/python3.8/site-packages/airflow/example_dags/example_bash_operator.py for tasks to queue
[2026-03-23T03:31:48.296+0000] {logging_mixin.py:188} INFO - [2026-03-23T03:31:48.296+0000] {dagbag.py:540} INFO - Filling up the DagBag from /home/airflow/.local/lib/python3.8/site-packages/airflow/example_dags/example_bash_operator.py
[2026-03-23T03:31:48.307+0000] {processor.py:840} INFO - DAG(s) 'example_bash_operator' retrieved from /home/airflow/.local/lib/python3.8/site-packages/airflow/example_dags/example_bash_operator.py
[2026-03-23T03:31:48.338+0000] {logging_mixin.py:188} INFO - [2026-03-23T03:31:48.338+0000] {dag.py:3047} INFO - Sync 1 DAGs
[2026-03-23T03:31:48.362+0000] {logging_mixin.py:188} INFO - [2026-03-23T03:31:48.362+0000] {dag.py:3834} INFO - Setting next_dagrun for example_bash_operator to 2026-03-22 00:00:00+00:00, run_after=2026-03-23 00:00:00+00:00
[2026-03-23T03:31:48.385+0000] {processor.py:183} INFO - Processing /home/airflow/.local/lib/python3.8/site-packages/airflow/example_dags/example_bash_operator.py took 0.096 seconds
[2026-03-23T03:32:19.073+0000] {processor.py:161} INFO - Started process (PID=867) to work on /home/airflow/.local/lib/python3.8/site-packages/airflow/example_dags/example_bash_operator.py
[2026-03-23T03:32:19.075+0000] {processor.py:830} INFO - Processing file /home/airflow/.local/lib/python3.8/site-packages/airflow/example_dags/example_bash_operator.py for tasks to queue
[2026-03-23T03:32:19.077+0000] {logging_mixin.py:188} INFO - [2026-03-23T03:32:19.076+0000] {dagbag.py:540} INFO - Filling up the DagBag from /home/airflow/.local/lib/python3.8/site-packages/airflow/example_dags/example_bash_operator.py
[2026-03-23T03:32:19.086+0000] {processor.py:840} INFO - DAG(s) 'example_bash_operator' retrieved from /home/airflow/.local/lib/python3.8/site-packages/airflow/example_dags/example_bash_operator.py
[2026-03-23T03:32:19.114+0000] {logging_mixin.py:188} INFO - [2026-03-23T03:32:19.114+0000] {dag.py:3047} INFO - Sync 1 DAGs
[2026-03-23T03:32:19.135+0000] {logging_mixin.py:188} INFO - [2026-03-23T03:32:19.135+0000] {dag.py:3834} INFO - Setting next_dagrun for example_bash_operator to 2026-03-22 00:00:00+00:00, run_after=2026-03-23 00:00:00+00:00
[2026-03-23T03:32:19.157+0000] {processor.py:183} INFO - Processing /home/airflow/.local/lib/python3.8/site-packages/airflow/example_dags/example_bash_operator.py took 0.086 seconds
[2026-03-23T03:32:50.110+0000] {processor.py:161} INFO - Started process (PID=922) to work on /home/airflow/.local/lib/python3.8/site-packages/airflow/example_dags/example_bash_operator.py
[2026-03-23T03:32:50.112+0000] {processor.py:830} INFO - Processing file /home/airflow/.local/lib/python3.8/site-packages/airflow/example_dags/example_bash_operator.py for tasks to queue
[2026-03-23T03:32:50.114+0000] {logging_mixin.py:188} INFO - [2026-03-23T03:32:50.113+0000] {dagbag.py:540} INFO - Filling up the DagBag from /home/airflow/.local/lib/python3.8/site-packages/airflow/example_dags/example_bash_operator.py
[2026-03-23T03:32:50.124+0000] {processor.py:840} INFO - DAG(s) 'example_bash_operator' retrieved from /home/airflow/.local/lib/python3.8/site-packages/airflow/example_dags/example_bash_operator.py
[2026-03-23T03:32:50.156+0000] {logging_mixin.py:188} INFO - [2026-03-23T03:32:50.156+0000] {dag.py:3047} INFO - Sync 1 DAGs
[2026-03-23T03:32:50.178+0000] {logging_mixin.py:188} INFO - [2026-03-23T03:32:50.178+0000] {dag.py:3834} INFO - Setting next_dagrun for example_bash_operator to 2026-03-22 00:00:00+00:00, run_after=2026-03-23 00:00:00+00:00
[2026-03-23T03:32:50.201+0000] {processor.py:183} INFO - Processing /home/airflow/.local/lib/python3.8/site-packages/airflow/example_dags/example_bash_operator.py took 0.093 seconds
[2026-03-23T03:33:20.368+0000] {processor.py:161} INFO - Started process (PID=976) to work on /home/airflow/.local/lib/python3.8/site-packages/airflow/example_dags/example_bash_operator.py
[2026-03-23T03:33:20.369+0000] {processor.py:830} INFO - Processing file /home/airflow/.local/lib/python3.8/site-packages/airflow/example_dags/example_bash_operator.py for tasks to queue
[2026-03-23T03:33:20.371+0000] {logging_mixin.py:188} INFO - [2026-03-23T03:33:20.371+0000] {dagbag.py:540} INFO - Filling up the DagBag from /home/airflow/.local/lib/python3.8/site-packages/airflow/example_dags/example_bash_operator.py
[2026-03-23T03:33:20.382+0000] {processor.py:840} INFO - DAG(s) 'example_bash_operator' retrieved from /home/airflow/.local/lib/python3.8/site-packages/airflow/example_dags/example_bash_operator.py
[2026-03-23T03:33:20.416+0000] {logging_mixin.py:188} INFO - [2026-03-23T03:33:20.416+0000] {dag.py:3047} INFO - Sync 1 DAGs
[2026-03-23T03:33:20.444+0000] {logging_mixin.py:188} INFO - [2026-03-23T03:33:20.444+0000] {dag.py:3834} INFO - Setting next_dagrun for example_bash_operator to 2026-03-22 00:00:00+00:00, run_after=2026-03-23 00:00:00+00:00
[2026-03-23T03:33:20.469+0000] {processor.py:183} INFO - Processing /home/airflow/.local/lib/python3.8/site-packages/airflow/example_dags/example_bash_operator.py took 0.104 seconds
[2026-03-23T03:33:50.610+0000] {processor.py:161} INFO - Started process (PID=1032) to work on /home/airflow/.local/lib/python3.8/site-packages/airflow/example_dags/example_bash_operator.py
[2026-03-23T03:33:50.612+0000] {processor.py:830} INFO - Processing file /home/airflow/.local/lib/python3.8/site-packages/airflow/example_dags/example_bash_operator.py for tasks to queue
[2026-03-23T03:33:50.614+0000] {logging_mixin.py:188} INFO - [2026-03-23T03:33:50.613+0000] {dagbag.py:540} INFO - Filling up the DagBag from /home/airflow/.local/lib/python3.8/site-packages/airflow/example_dags/example_bash_operator.py
[2026-03-23T03:33:50.625+0000] {processor.py:840} INFO - DAG(s) 'example_bash_operator' retrieved from /home/airflow/.local/lib/python3.8/site-packages/airflow/example_dags/example_bash_operator.py
[2026-03-23T03:33:50.655+0000] {logging_mixin.py:188} INFO - [2026-03-23T03:33:50.655+0000] {dag.py:3047} INFO - Sync 1 DAGs
[2026-03-23T03:33:50.679+0000] {logging_mixin.py:188} INFO - [2026-03-23T03:33:50.679+0000] {dag.py:3834} INFO - Setting next_dagrun for example_bash_operator to 2026-03-22 00:00:00+00:00, run_after=2026-03-23 00:00:00+00:00
[2026-03-23T03:33:50.703+0000] {processor.py:183} INFO - Processing /home/airflow/.local/lib/python3.8/site-packages/airflow/example_dags/example_bash_operator.py took 0.096 seconds
[2026-03-23T03:34:21.621+0000] {processor.py:161} INFO - Started process (PID=1088) to work on /home/airflow/.local/lib/python3.8/site-packages/airflow/example_dags/example_bash_operator.py
[2026-03-23T03:34:21.622+0000] {processor.py:830} INFO - Processing file /home/airflow/.local/lib/python3.8/site-packages/airflow/example_dags/example_bash_operator.py for tasks to queue
[2026-03-23T03:34:21.624+0000] {logging_mixin.py:188} INFO - [2026-03-23T03:34:21.624+0000] {dagbag.py:540} INFO - Filling up the DagBag from /home/airflow/.local/lib/python3.8/site-packages/airflow/example_dags/example_bash_operator.py
[2026-03-23T03:34:21.634+0000] {processor.py:840} INFO - DAG(s) 'example_bash_operator' retrieved from /home/airflow/.local/lib/python3.8/site-packages/airflow/example_dags/example_bash_operator.py
[2026-03-23T03:34:21.662+0000] {logging_mixin.py:188} INFO - [2026-03-23T03:34:21.662+0000] {dag.py:3047} INFO - Sync 1 DAGs
[2026-03-23T03:34:21.682+0000] {logging_mixin.py:188} INFO - [2026-03-23T03:34:21.682+0000] {dag.py:3834} INFO - Setting next_dagrun for example_bash_operator to 2026-03-22 00:00:00+00:00, run_after=2026-03-23 00:00:00+00:00
[2026-03-23T03:34:21.702+0000] {processor.py:183} INFO - Processing /home/airflow/.local/lib/python3.8/site-packages/airflow/example_dags/example_bash_operator.py took 0.084 seconds
[2026-03-23T03:34:51.882+0000] {processor.py:161} INFO - Started process (PID=1143) to work on /home/airflow/.local/lib/python3.8/site-packages/airflow/example_dags/example_bash_operator.py
[2026-03-23T03:34:51.883+0000] {processor.py:830} INFO - Processing file /home/airflow/.local/lib/python3.8/site-packages/airflow/example_dags/example_bash_operator.py for tasks to queue
[2026-03-23T03:34:51.885+0000] {logging_mixin.py:188} INFO - [2026-03-23T03:34:51.885+0000] {dagbag.py:540} INFO - Filling up the DagBag from /home/airflow/.local/lib/python3.8/site-packages/airflow/example_dags/example_bash_operator.py
[2026-03-23T03:34:51.898+0000] {processor.py:840} INFO - DAG(s) 'example_bash_operator' retrieved from /home/airflow/.local/lib/python3.8/site-packages/airflow/example_dags/example_bash_operator.py
[2026-03-23T03:34:51.937+0000] {logging_mixin.py:188} INFO - [2026-03-23T03:34:51.936+0000] {dag.py:3047} INFO - Sync 1 DAGs
[2026-03-23T03:34:51.972+0000] {logging_mixin.py:188} INFO - [2026-03-23T03:34:51.972+0000] {dag.py:3834} INFO - Setting next_dagrun for example_bash_operator to 2026-03-22 00:00:00+00:00, run_after=2026-03-23 00:00:00+00:00
[2026-03-23T03:34:52.001+0000] {processor.py:183} INFO - Processing /home/airflow/.local/lib/python3.8/site-packages/airflow/example_dags/example_bash_operator.py took 0.122 seconds
[2026-03-23T03:37:20.927+0000] {processor.py:161} INFO - Started process (PID=91) to work on /home/airflow/.local/lib/python3.8/site-packages/airflow/example_dags/example_bash_operator.py
[2026-03-23T03:37:20.929+0000] {processor.py:830} INFO - Processing file /home/airflow/.local/lib/python3.8/site-packages/airflow/example_dags/example_bash_operator.py for tasks to queue
[2026-03-23T03:37:20.932+0000] {logging_mixin.py:188} INFO - [2026-03-23T03:37:20.931+0000] {dagbag.py:540} INFO - Filling up the DagBag from /home/airflow/.local/lib/python3.8/site-packages/airflow/example_dags/example_bash_operator.py
[2026-03-23T03:37:20.946+0000] {processor.py:840} INFO - DAG(s) 'example_bash_operator' retrieved from /home/airflow/.local/lib/python3.8/site-packages/airflow/example_dags/example_bash_operator.py
[2026-03-23T03:37:20.960+0000] {logging_mixin.py:188} INFO - [2026-03-23T03:37:20.960+0000] {dag.py:3047} INFO - Sync 1 DAGs
[2026-03-23T03:37:20.987+0000] {logging_mixin.py:188} INFO - [2026-03-23T03:37:20.987+0000] {dag.py:3834} INFO - Setting next_dagrun for example_bash_operator to 2026-03-22 00:00:00+00:00, run_after=2026-03-23 00:00:00+00:00
[2026-03-23T03:37:21.011+0000] {processor.py:183} INFO - Processing /home/airflow/.local/lib/python3.8/site-packages/airflow/example_dags/example_bash_operator.py took 0.087 seconds
[2026-03-23T03:37:52.638+0000] {processor.py:161} INFO - Started process (PID=152) to work on /home/airflow/.local/lib/python3.8/site-packages/airflow/example_dags/example_bash_operator.py
[2026-03-23T03:37:52.640+0000] {processor.py:830} INFO - Processing file /home/airflow/.local/lib/python3.8/site-packages/airflow/example_dags/example_bash_operator.py for tasks to queue
[2026-03-23T03:37:52.642+0000] {logging_mixin.py:188} INFO - [2026-03-23T03:37:52.641+0000] {dagbag.py:540} INFO - Filling up the DagBag from /home/airflow/.local/lib/python3.8/site-packages/airflow/example_dags/example_bash_operator.py
[2026-03-23T03:37:52.657+0000] {processor.py:840} INFO - DAG(s) 'example_bash_operator' retrieved from /home/airflow/.local/lib/python3.8/site-packages/airflow/example_dags/example_bash_operator.py
[2026-03-23T03:37:52.799+0000] {logging_mixin.py:188} INFO - [2026-03-23T03:37:52.799+0000] {dag.py:3047} INFO - Sync 1 DAGs
[2026-03-23T03:37:52.823+0000] {logging_mixin.py:188} INFO - [2026-03-23T03:37:52.823+0000] {dag.py:3834} INFO - Setting next_dagrun for example_bash_operator to 2026-03-22 00:00:00+00:00, run_after=2026-03-23 00:00:00+00:00
[2026-03-23T03:37:52.851+0000] {processor.py:183} INFO - Processing /home/airflow/.local/lib/python3.8/site-packages/airflow/example_dags/example_bash_operator.py took 0.216 seconds
[2026-03-23T03:38:22.950+0000] {processor.py:161} INFO - Started process (PID=207) to work on /home/airflow/.local/lib/python3.8/site-packages/airflow/example_dags/example_bash_operator.py
[2026-03-23T03:38:22.951+0000] {processor.py:830} INFO - Processing file /home/airflow/.local/lib/python3.8/site-packages/airflow/example_dags/example_bash_operator.py for tasks to queue
[2026-03-23T03:38:22.952+0000] {logging_mixin.py:188} INFO - [2026-03-23T03:38:22.952+0000] {dagbag.py:540} INFO - Filling up the DagBag from /home/airflow/.local/lib/python3.8/site-packages/airflow/example_dags/example_bash_operator.py
[2026-03-23T03:38:22.962+0000] {processor.py:840} INFO - DAG(s) 'example_bash_operator' retrieved from /home/airflow/.local/lib/python3.8/site-packages/airflow/example_dags/example_bash_operator.py
[2026-03-23T03:38:22.990+0000] {logging_mixin.py:188} INFO - [2026-03-23T03:38:22.990+0000] {dag.py:3047} INFO - Sync 1 DAGs
[2026-03-23T03:38:23.011+0000] {logging_mixin.py:188} INFO - [2026-03-23T03:38:23.011+0000] {dag.py:3834} INFO - Setting next_dagrun for example_bash_operator to 2026-03-22 00:00:00+00:00, run_after=2026-03-23 00:00:00+00:00
[2026-03-23T03:38:23.033+0000] {processor.py:183} INFO - Processing /home/airflow/.local/lib/python3.8/site-packages/airflow/example_dags/example_bash_operator.py took 0.086 seconds
[2026-03-23T03:38:53.280+0000] {processor.py:161} INFO - Started process (PID=262) to work on /home/airflow/.local/lib/python3.8/site-packages/airflow/example_dags/example_bash_operator.py
[2026-03-23T03:38:53.281+0000] {processor.py:830} INFO - Processing file /home/airflow/.local/lib/python3.8/site-packages/airflow/example_dags/example_bash_operator.py for tasks to queue
[2026-03-23T03:38:53.283+0000] {logging_mixin.py:188} INFO - [2026-03-23T03:38:53.283+0000] {dagbag.py:540} INFO - Filling up the DagBag from /home/airflow/.local/lib/python3.8/site-packages/airflow/example_dags/example_bash_operator.py
[2026-03-23T03:38:53.295+0000] {processor.py:840} INFO - DAG(s) 'example_bash_operator' retrieved from /home/airflow/.local/lib/python3.8/site-packages/airflow/example_dags/example_bash_operator.py
[2026-03-23T03:38:53.327+0000] {logging_mixin.py:188} INFO - [2026-03-23T03:38:53.327+0000] {dag.py:3047} INFO - Sync 1 DAGs
[2026-03-23T03:38:53.352+0000] {logging_mixin.py:188} INFO - [2026-03-23T03:38:53.351+0000] {dag.py:3834} INFO - Setting next_dagrun for example_bash_operator to 2026-03-22 00:00:00+00:00, run_after=2026-03-23 00:00:00+00:00
[2026-03-23T03:38:53.375+0000] {processor.py:183} INFO - Processing /home/airflow/.local/lib/python3.8/site-packages/airflow/example_dags/example_bash_operator.py took 0.098 seconds
[2026-03-23T03:39:23.766+0000] {processor.py:161} INFO - Started process (PID=317) to work on /home/airflow/.local/lib/python3.8/site-packages/airflow/example_dags/example_bash_operator.py
[2026-03-23T03:39:23.767+0000] {processor.py:830} INFO - Processing file /home/airflow/.local/lib/python3.8/site-packages/airflow/example_dags/example_bash_operator.py for tasks to queue
[2026-03-23T03:39:23.769+0000] {logging_mixin.py:188} INFO - [2026-03-23T03:39:23.769+0000] {dagbag.py:540} INFO - Filling up the DagBag from /home/airflow/.local/lib/python3.8/site-packages/airflow/example_dags/example_bash_operator.py
[2026-03-23T03:39:23.781+0000] {processor.py:840} INFO - DAG(s) 'example_bash_operator' retrieved from /home/airflow/.local/lib/python3.8/site-packages/airflow/example_dags/example_bash_operator.py
[2026-03-23T03:39:23.813+0000] {logging_mixin.py:188} INFO - [2026-03-23T03:39:23.813+0000] {dag.py:3047} INFO - Sync 1 DAGs
[2026-03-23T03:39:23.840+0000] {logging_mixin.py:188} INFO - [2026-03-23T03:39:23.840+0000] {dag.py:3834} INFO - Setting next_dagrun for example_bash_operator to 2026-03-22 00:00:00+00:00, run_after=2026-03-23 00:00:00+00:00
[2026-03-23T03:39:23.866+0000] {processor.py:183} INFO - Processing /home/airflow/.local/lib/python3.8/site-packages/airflow/example_dags/example_bash_operator.py took 0.103 seconds
[2026-03-23T03:39:54.164+0000] {processor.py:161} INFO - Started process (PID=372) to work on /home/airflow/.local/lib/python3.8/site-packages/airflow/example_dags/example_bash_operator.py
[2026-03-23T03:39:54.166+0000] {processor.py:830} INFO - Processing file /home/airflow/.local/lib/python3.8/site-packages/airflow/example_dags/example_bash_operator.py for tasks to queue
[2026-03-23T03:39:54.167+0000] {logging_mixin.py:188} INFO - [2026-03-23T03:39:54.167+0000] {dagbag.py:540} INFO - Filling up the DagBag from /home/airflow/.local/lib/python3.8/site-packages/airflow/example_dags/example_bash_operator.py
[2026-03-23T03:39:54.178+0000] {processor.py:840} INFO - DAG(s) 'example_bash_operator' retrieved from /home/airflow/.local/lib/python3.8/site-packages/airflow/example_dags/example_bash_operator.py
[2026-03-23T03:39:54.207+0000] {logging_mixin.py:188} INFO - [2026-03-23T03:39:54.207+0000] {dag.py:3047} INFO - Sync 1 DAGs
[2026-03-23T03:39:54.228+0000] {logging_mixin.py:188} INFO - [2026-03-23T03:39:54.228+0000] {dag.py:3834} INFO - Setting next_dagrun for example_bash_operator to 2026-03-22 00:00:00+00:00, run_after=2026-03-23 00:00:00+00:00
[2026-03-23T03:39:54.248+0000] {processor.py:183} INFO - Processing /home/airflow/.local/lib/python3.8/site-packages/airflow/example_dags/example_bash_operator.py took 0.086 seconds
[2026-03-23T03:40:24.602+0000] {processor.py:161} INFO - Started process (PID=427) to work on /home/airflow/.local/lib/python3.8/site-packages/airflow/example_dags/example_bash_operator.py
[2026-03-23T03:40:24.604+0000] {processor.py:830} INFO - Processing file /home/airflow/.local/lib/python3.8/site-packages/airflow/example_dags/example_bash_operator.py for tasks to queue
[2026-03-23T03:40:24.606+0000] {logging_mixin.py:188} INFO - [2026-03-23T03:40:24.606+0000] {dagbag.py:540} INFO - Filling up the DagBag from /home/airflow/.local/lib/python3.8/site-packages/airflow/example_dags/example_bash_operator.py
[2026-03-23T03:40:24.617+0000] {processor.py:840} INFO - DAG(s) 'example_bash_operator' retrieved from /home/airflow/.local/lib/python3.8/site-packages/airflow/example_dags/example_bash_operator.py
[2026-03-23T03:40:24.650+0000] {logging_mixin.py:188} INFO - [2026-03-23T03:40:24.649+0000] {dag.py:3047} INFO - Sync 1 DAGs
[2026-03-23T03:40:24.674+0000] {logging_mixin.py:188} INFO - [2026-03-23T03:40:24.674+0000] {dag.py:3834} INFO - Setting next_dagrun for example_bash_operator to 2026-03-22 00:00:00+00:00, run_after=2026-03-23 00:00:00+00:00
[2026-03-23T03:40:24.698+0000] {processor.py:183} INFO - Processing /home/airflow/.local/lib/python3.8/site-packages/airflow/example_dags/example_bash_operator.py took 0.099 seconds
[2026-03-23T03:40:55.591+0000] {processor.py:161} INFO - Started process (PID=482) to work on /home/airflow/.local/lib/python3.8/site-packages/airflow/example_dags/example_bash_operator.py
[2026-03-23T03:40:55.592+0000] {processor.py:830} INFO - Processing file /home/airflow/.local/lib/python3.8/site-packages/airflow/example_dags/example_bash_operator.py for tasks to queue
[2026-03-23T03:40:55.594+0000] {logging_mixin.py:188} INFO - [2026-03-23T03:40:55.593+0000] {dagbag.py:540} INFO - Filling up the DagBag from /home/airflow/.local/lib/python3.8/site-packages/airflow/example_dags/example_bash_operator.py
[2026-03-23T03:40:55.607+0000] {processor.py:840} INFO - DAG(s) 'example_bash_operator' retrieved from /home/airflow/.local/lib/python3.8/site-packages/airflow/example_dags/example_bash_operator.py
[2026-03-23T03:40:55.643+0000] {logging_mixin.py:188} INFO - [2026-03-23T03:40:55.643+0000] {dag.py:3047} INFO - Sync 1 DAGs
[2026-03-23T03:40:55.681+0000] {logging_mixin.py:188} INFO - [2026-03-23T03:40:55.681+0000] {dag.py:3834} INFO - Setting next_dagrun for example_bash_operator to 2026-03-22 00:00:00+00:00, run_after=2026-03-23 00:00:00+00:00
[2026-03-23T03:40:55.710+0000] {processor.py:183} INFO - Processing /home/airflow/.local/lib/python3.8/site-packages/airflow/example_dags/example_bash_operator.py took 0.123 seconds
[2026-03-23T03:41:25.965+0000] {processor.py:161} INFO - Started process (PID=537) to work on /home/airflow/.local/lib/python3.8/site-packages/airflow/example_dags/example_bash_operator.py
[2026-03-23T03:41:25.967+0000] {processor.py:830} INFO - Processing file /home/airflow/.local/lib/python3.8/site-packages/airflow/example_dags/example_bash_operator.py for tasks to queue
[2026-03-23T03:41:25.969+0000] {logging_mixin.py:188} INFO - [2026-03-23T03:41:25.969+0000] {dagbag.py:540} INFO - Filling up the DagBag from /home/airflow/.local/lib/python3.8/site-packages/airflow/example_dags/example_bash_operator.py
[2026-03-23T03:41:25.979+0000] {processor.py:840} INFO - DAG(s) 'example_bash_operator' retrieved from /home/airflow/.local/lib/python3.8/site-packages/airflow/example_dags/example_bash_operator.py
[2026-03-23T03:41:26.007+0000] {logging_mixin.py:188} INFO - [2026-03-23T03:41:26.007+0000] {dag.py:3047} INFO - Sync 1 DAGs
[2026-03-23T03:41:26.028+0000] {logging_mixin.py:188} INFO - [2026-03-23T03:41:26.027+0000] {dag.py:3834} INFO - Setting next_dagrun for example_bash_operator to 2026-03-22 00:00:00+00:00, run_after=2026-03-23 00:00:00+00:00
[2026-03-23T03:41:26.049+0000] {processor.py:183} INFO - Processing /home/airflow/.local/lib/python3.8/site-packages/airflow/example_dags/example_bash_operator.py took 0.087 seconds
[2026-03-23T03:41:56.198+0000] {processor.py:161} INFO - Started process (PID=592) to work on /home/airflow/.local/lib/python3.8/site-packages/airflow/example_dags/example_bash_operator.py
[2026-03-23T03:41:56.199+0000] {processor.py:830} INFO - Processing file /home/airflow/.local/lib/python3.8/site-packages/airflow/example_dags/example_bash_operator.py for tasks to queue
[2026-03-23T03:41:56.201+0000] {logging_mixin.py:188} INFO - [2026-03-23T03:41:56.201+0000] {dagbag.py:540} INFO - Filling up the DagBag from /home/airflow/.local/lib/python3.8/site-packages/airflow/example_dags/example_bash_operator.py
[2026-03-23T03:41:56.211+0000] {processor.py:840} INFO - DAG(s) 'example_bash_operator' retrieved from /home/airflow/.local/lib/python3.8/site-packages/airflow/example_dags/example_bash_operator.py
[2026-03-23T03:41:56.241+0000] {logging_mixin.py:188} INFO - [2026-03-23T03:41:56.240+0000] {dag.py:3047} INFO - Sync 1 DAGs
[2026-03-23T03:41:56.262+0000] {logging_mixin.py:188} INFO - [2026-03-23T03:41:56.262+0000] {dag.py:3834} INFO - Setting next_dagrun for example_bash_operator to 2026-03-22 00:00:00+00:00, run_after=2026-03-23 00:00:00+00:00
[2026-03-23T03:41:56.282+0000] {processor.py:183} INFO - Processing /home/airflow/.local/lib/python3.8/site-packages/airflow/example_dags/example_bash_operator.py took 0.087 seconds
[2026-03-23T03:42:26.339+0000] {processor.py:161} INFO - Started process (PID=647) to work on /home/airflow/.local/lib/python3.8/site-packages/airflow/example_dags/example_bash_operator.py
[2026-03-23T03:42:26.340+0000] {processor.py:830} INFO - Processing file /home/airflow/.local/lib/python3.8/site-packages/airflow/example_dags/example_bash_operator.py for tasks to queue
[2026-03-23T03:42:26.342+0000] {logging_mixin.py:188} INFO - [2026-03-23T03:42:26.342+0000] {dagbag.py:540} INFO - Filling up the DagBag from /home/airflow/.local/lib/python3.8/site-packages/airflow/example_dags/example_bash_operator.py
[2026-03-23T03:42:26.352+0000] {processor.py:840} INFO - DAG(s) 'example_bash_operator' retrieved from /home/airflow/.local/lib/python3.8/site-packages/airflow/example_dags/example_bash_operator.py
[2026-03-23T03:42:26.381+0000] {logging_mixin.py:188} INFO - [2026-03-23T03:42:26.380+0000] {dag.py:3047} INFO - Sync 1 DAGs
[2026-03-23T03:42:26.404+0000] {logging_mixin.py:188} INFO - [2026-03-23T03:42:26.404+0000] {dag.py:3834} INFO - Setting next_dagrun for example_bash_operator to 2026-03-22 00:00:00+00:00, run_after=2026-03-23 00:00:00+00:00
[2026-03-23T03:42:26.426+0000] {processor.py:183} INFO - Processing /home/airflow/.local/lib/python3.8/site-packages/airflow/example_dags/example_bash_operator.py took 0.089 seconds
[2026-03-23T03:42:57.025+0000] {processor.py:161} INFO - Started process (PID=702) to work on /home/airflow/.local/lib/python3.8/site-packages/airflow/example_dags/example_bash_operator.py
[2026-03-23T03:42:57.026+0000] {processor.py:830} INFO - Processing file /home/airflow/.local/lib/python3.8/site-packages/airflow/example_dags/example_bash_operator.py for tasks to queue
[2026-03-23T03:42:57.028+0000] {logging_mixin.py:188} INFO - [2026-03-23T03:42:57.028+0000] {dagbag.py:540} INFO - Filling up the DagBag from /home/airflow/.local/lib/python3.8/site-packages/airflow/example_dags/example_bash_operator.py
[2026-03-23T03:42:57.038+0000] {processor.py:840} INFO - DAG(s) 'example_bash_operator' retrieved from /home/airflow/.local/lib/python3.8/site-packages/airflow/example_dags/example_bash_operator.py
[2026-03-23T03:42:57.065+0000] {logging_mixin.py:188} INFO - [2026-03-23T03:42:57.065+0000] {dag.py:3047} INFO - Sync 1 DAGs
[2026-03-23T03:42:57.086+0000] {logging_mixin.py:188} INFO - [2026-03-23T03:42:57.086+0000] {dag.py:3834} INFO - Setting next_dagrun for example_bash_operator to 2026-03-22 00:00:00+00:00, run_after=2026-03-23 00:00:00+00:00
[2026-03-23T03:42:57.106+0000] {processor.py:183} INFO - Processing /home/airflow/.local/lib/python3.8/site-packages/airflow/example_dags/example_bash_operator.py took 0.084 seconds
[2026-03-23T03:43:27.429+0000] {processor.py:161} INFO - Started process (PID=757) to work on /home/airflow/.local/lib/python3.8/site-packages/airflow/example_dags/example_bash_operator.py
[2026-03-23T03:43:27.430+0000] {processor.py:830} INFO - Processing file /home/airflow/.local/lib/python3.8/site-packages/airflow/example_dags/example_bash_operator.py for tasks to queue
[2026-03-23T03:43:27.432+0000] {logging_mixin.py:188} INFO - [2026-03-23T03:43:27.432+0000] {dagbag.py:540} INFO - Filling up the DagBag from /home/airflow/.local/lib/python3.8/site-packages/airflow/example_dags/example_bash_operator.py
[2026-03-23T03:43:27.443+0000] {processor.py:840} INFO - DAG(s) 'example_bash_operator' retrieved from /home/airflow/.local/lib/python3.8/site-packages/airflow/example_dags/example_bash_operator.py
[2026-03-23T03:43:27.473+0000] {logging_mixin.py:188} INFO - [2026-03-23T03:43:27.472+0000] {dag.py:3047} INFO - Sync 1 DAGs
[2026-03-23T03:43:27.495+0000] {logging_mixin.py:188} INFO - [2026-03-23T03:43:27.495+0000] {dag.py:3834} INFO - Setting next_dagrun for example_bash_operator to 2026-03-22 00:00:00+00:00, run_after=2026-03-23 00:00:00+00:00
[2026-03-23T03:43:27.515+0000] {processor.py:183} INFO - Processing /home/airflow/.local/lib/python3.8/site-packages/airflow/example_dags/example_bash_operator.py took 0.089 seconds
[2026-03-23T03:43:57.918+0000] {processor.py:161} INFO - Started process (PID=812) to work on /home/airflow/.local/lib/python3.8/site-packages/airflow/example_dags/example_bash_operator.py
[2026-03-23T03:43:57.920+0000] {processor.py:830} INFO - Processing file /home/airflow/.local/lib/python3.8/site-packages/airflow/example_dags/example_bash_operator.py for tasks to queue
[2026-03-23T03:43:57.922+0000] {logging_mixin.py:188} INFO - [2026-03-23T03:43:57.922+0000] {dagbag.py:540} INFO - Filling up the DagBag from /home/airflow/.local/lib/python3.8/site-packages/airflow/example_dags/example_bash_operator.py
[2026-03-23T03:43:57.934+0000] {processor.py:840} INFO - DAG(s) 'example_bash_operator' retrieved from /home/airflow/.local/lib/python3.8/site-packages/airflow/example_dags/example_bash_operator.py
[2026-03-23T03:43:57.966+0000] {logging_mixin.py:188} INFO - [2026-03-23T03:43:57.965+0000] {dag.py:3047} INFO - Sync 1 DAGs
[2026-03-23T03:43:57.990+0000] {logging_mixin.py:188} INFO - [2026-03-23T03:43:57.990+0000] {dag.py:3834} INFO - Setting next_dagrun for example_bash_operator to 2026-03-22 00:00:00+00:00, run_after=2026-03-23 00:00:00+00:00
[2026-03-23T03:43:58.010+0000] {processor.py:183} INFO - Processing /home/airflow/.local/lib/python3.8/site-packages/airflow/example_dags/example_bash_operator.py took 0.095 seconds
[2026-03-23T03:44:28.445+0000] {processor.py:161} INFO - Started process (PID=867) to work on /home/airflow/.local/lib/python3.8/site-packages/airflow/example_dags/example_bash_operator.py
[2026-03-23T03:44:28.446+0000] {processor.py:830} INFO - Processing file /home/airflow/.local/lib/python3.8/site-packages/airflow/example_dags/example_bash_operator.py for tasks to queue
[2026-03-23T03:44:28.448+0000] {logging_mixin.py:188} INFO - [2026-03-23T03:44:28.448+0000] {dagbag.py:540} INFO - Filling up the DagBag from /home/airflow/.local/lib/python3.8/site-packages/airflow/example_dags/example_bash_operator.py
[2026-03-23T03:44:28.458+0000] {processor.py:840} INFO - DAG(s) 'example_bash_operator' retrieved from /home/airflow/.local/lib/python3.8/site-packages/airflow/example_dags/example_bash_operator.py
[2026-03-23T03:44:28.486+0000] {logging_mixin.py:188} INFO - [2026-03-23T03:44:28.485+0000] {dag.py:3047} INFO - Sync 1 DAGs
[2026-03-23T03:44:28.505+0000] {logging_mixin.py:188} INFO - [2026-03-23T03:44:28.505+0000] {dag.py:3834} INFO - Setting next_dagrun for example_bash_operator to 2026-03-22 00:00:00+00:00, run_after=2026-03-23 00:00:00+00:00
[2026-03-23T03:44:28.523+0000] {processor.py:183} INFO - Processing /home/airflow/.local/lib/python3.8/site-packages/airflow/example_dags/example_bash_operator.py took 0.081 seconds
[2026-03-23T03:44:58.921+0000] {processor.py:161} INFO - Started process (PID=922) to work on /home/airflow/.local/lib/python3.8/site-packages/airflow/example_dags/example_bash_operator.py
[2026-03-23T03:44:58.923+0000] {processor.py:830} INFO - Processing file /home/airflow/.local/lib/python3.8/site-packages/airflow/example_dags/example_bash_operator.py for tasks to queue
[2026-03-23T03:44:58.925+0000] {logging_mixin.py:188} INFO - [2026-03-23T03:44:58.925+0000] {dagbag.py:540} INFO - Filling up the DagBag from /home/airflow/.local/lib/python3.8/site-packages/airflow/example_dags/example_bash_operator.py
[2026-03-23T03:44:58.938+0000] {processor.py:840} INFO - DAG(s) 'example_bash_operator' retrieved from /home/airflow/.local/lib/python3.8/site-packages/airflow/example_dags/example_bash_operator.py
[2026-03-23T03:44:58.974+0000] {logging_mixin.py:188} INFO - [2026-03-23T03:44:58.974+0000] {dag.py:3047} INFO - Sync 1 DAGs
[2026-03-23T03:44:59.003+0000] {logging_mixin.py:188} INFO - [2026-03-23T03:44:59.003+0000] {dag.py:3834} INFO - Setting next_dagrun for example_bash_operator to 2026-03-22 00:00:00+00:00, run_after=2026-03-23 00:00:00+00:00
[2026-03-23T03:44:59.029+0000] {processor.py:183} INFO - Processing /home/airflow/.local/lib/python3.8/site-packages/airflow/example_dags/example_bash_operator.py took 0.112 seconds
[2026-03-23T03:45:29.168+0000] {processor.py:161} INFO - Started process (PID=977) to work on /home/airflow/.local/lib/python3.8/site-packages/airflow/example_dags/example_bash_operator.py
[2026-03-23T03:45:29.169+0000] {processor.py:830} INFO - Processing file /home/airflow/.local/lib/python3.8/site-packages/airflow/example_dags/example_bash_operator.py for tasks to queue
[2026-03-23T03:45:29.171+0000] {logging_mixin.py:188} INFO - [2026-03-23T03:45:29.171+0000] {dagbag.py:540} INFO - Filling up the DagBag from /home/airflow/.local/lib/python3.8/site-packages/airflow/example_dags/example_bash_operator.py
[2026-03-23T03:45:29.181+0000] {processor.py:840} INFO - DAG(s) 'example_bash_operator' retrieved from /home/airflow/.local/lib/python3.8/site-packages/airflow/example_dags/example_bash_operator.py
[2026-03-23T03:45:29.208+0000] {logging_mixin.py:188} INFO - [2026-03-23T03:45:29.207+0000] {dag.py:3047} INFO - Sync 1 DAGs
[2026-03-23T03:45:29.229+0000] {logging_mixin.py:188} INFO - [2026-03-23T03:45:29.228+0000] {dag.py:3834} INFO - Setting next_dagrun for example_bash_operator to 2026-03-22 00:00:00+00:00, run_after=2026-03-23 00:00:00+00:00
[2026-03-23T03:45:29.247+0000] {processor.py:183} INFO - Processing /home/airflow/.local/lib/python3.8/site-packages/airflow/example_dags/example_bash_operator.py took 0.082 seconds
[2026-03-23T03:45:59.333+0000] {processor.py:161} INFO - Started process (PID=1031) to work on /home/airflow/.local/lib/python3.8/site-packages/airflow/example_dags/example_bash_operator.py
[2026-03-23T03:45:59.336+0000] {processor.py:830} INFO - Processing file /home/airflow/.local/lib/python3.8/site-packages/airflow/example_dags/example_bash_operator.py for tasks to queue
[2026-03-23T03:45:59.339+0000] {logging_mixin.py:188} INFO - [2026-03-23T03:45:59.338+0000] {dagbag.py:540} INFO - Filling up the DagBag from /home/airflow/.local/lib/python3.8/site-packages/airflow/example_dags/example_bash_operator.py
[2026-03-23T03:45:59.352+0000] {processor.py:840} INFO - DAG(s) 'example_bash_operator' retrieved from /home/airflow/.local/lib/python3.8/site-packages/airflow/example_dags/example_bash_operator.py
[2026-03-23T03:45:59.384+0000] {logging_mixin.py:188} INFO - [2026-03-23T03:45:59.384+0000] {dag.py:3047} INFO - Sync 1 DAGs
[2026-03-23T03:45:59.406+0000] {logging_mixin.py:188} INFO - [2026-03-23T03:45:59.405+0000] {dag.py:3834} INFO - Setting next_dagrun for example_bash_operator to 2026-03-22 00:00:00+00:00, run_after=2026-03-23 00:00:00+00:00
[2026-03-23T03:45:59.427+0000] {processor.py:183} INFO - Processing /home/airflow/.local/lib/python3.8/site-packages/airflow/example_dags/example_bash_operator.py took 0.097 seconds
[2026-03-23T03:46:29.534+0000] {processor.py:161} INFO - Started process (PID=1086) to work on /home/airflow/.local/lib/python3.8/site-packages/airflow/example_dags/example_bash_operator.py
[2026-03-23T03:46:29.535+0000] {processor.py:830} INFO - Processing file /home/airflow/.local/lib/python3.8/site-packages/airflow/example_dags/example_bash_operator.py for tasks to queue
[2026-03-23T03:46:29.537+0000] {logging_mixin.py:188} INFO - [2026-03-23T03:46:29.537+0000] {dagbag.py:540} INFO - Filling up the DagBag from /home/airflow/.local/lib/python3.8/site-packages/airflow/example_dags/example_bash_operator.py
[2026-03-23T03:46:29.548+0000] {processor.py:840} INFO - DAG(s) 'example_bash_operator' retrieved from /home/airflow/.local/lib/python3.8/site-packages/airflow/example_dags/example_bash_operator.py
[2026-03-23T03:46:29.581+0000] {logging_mixin.py:188} INFO - [2026-03-23T03:46:29.581+0000] {dag.py:3047} INFO - Sync 1 DAGs
[2026-03-23T03:46:29.606+0000] {logging_mixin.py:188} INFO - [2026-03-23T03:46:29.605+0000] {dag.py:3834} INFO - Setting next_dagrun for example_bash_operator to 2026-03-22 00:00:00+00:00, run_after=2026-03-23 00:00:00+00:00
[2026-03-23T03:46:29.632+0000] {processor.py:183} INFO - Processing /home/airflow/.local/lib/python3.8/site-packages/airflow/example_dags/example_bash_operator.py took 0.101 seconds
[2026-03-23T03:47:00.021+0000] {processor.py:161} INFO - Started process (PID=1141) to work on /home/airflow/.local/lib/python3.8/site-packages/airflow/example_dags/example_bash_operator.py
[2026-03-23T03:47:00.023+0000] {processor.py:830} INFO - Processing file /home/airflow/.local/lib/python3.8/site-packages/airflow/example_dags/example_bash_operator.py for tasks to queue
[2026-03-23T03:47:00.025+0000] {logging_mixin.py:188} INFO - [2026-03-23T03:47:00.024+0000] {dagbag.py:540} INFO - Filling up the DagBag from /home/airflow/.local/lib/python3.8/site-packages/airflow/example_dags/example_bash_operator.py
[2026-03-23T03:47:00.038+0000] {processor.py:840} INFO - DAG(s) 'example_bash_operator' retrieved from /home/airflow/.local/lib/python3.8/site-packages/airflow/example_dags/example_bash_operator.py
[2026-03-23T03:47:00.068+0000] {logging_mixin.py:188} INFO - [2026-03-23T03:47:00.068+0000] {dag.py:3047} INFO - Sync 1 DAGs
[2026-03-23T03:47:00.089+0000] {logging_mixin.py:188} INFO - [2026-03-23T03:47:00.089+0000] {dag.py:3834} INFO - Setting next_dagrun for example_bash_operator to 2026-03-22 00:00:00+00:00, run_after=2026-03-23 00:00:00+00:00
[2026-03-23T03:47:00.109+0000] {processor.py:183} INFO - Processing /home/airflow/.local/lib/python3.8/site-packages/airflow/example_dags/example_bash_operator.py took 0.091 seconds
[2026-03-23T03:47:30.259+0000] {processor.py:161} INFO - Started process (PID=1196) to work on /home/airflow/.local/lib/python3.8/site-packages/airflow/example_dags/example_bash_operator.py
[2026-03-23T03:47:30.260+0000] {processor.py:830} INFO - Processing file /home/airflow/.local/lib/python3.8/site-packages/airflow/example_dags/example_bash_operator.py for tasks to queue
[2026-03-23T03:47:30.262+0000] {logging_mixin.py:188} INFO - [2026-03-23T03:47:30.262+0000] {dagbag.py:540} INFO - Filling up the DagBag from /home/airflow/.local/lib/python3.8/site-packages/airflow/example_dags/example_bash_operator.py
[2026-03-23T03:47:30.273+0000] {processor.py:840} INFO - DAG(s) 'example_bash_operator' retrieved from /home/airflow/.local/lib/python3.8/site-packages/airflow/example_dags/example_bash_operator.py
[2026-03-23T03:47:30.303+0000] {logging_mixin.py:188} INFO - [2026-03-23T03:47:30.303+0000] {dag.py:3047} INFO - Sync 1 DAGs
[2026-03-23T03:47:30.326+0000] {logging_mixin.py:188} INFO - [2026-03-23T03:47:30.326+0000] {dag.py:3834} INFO - Setting next_dagrun for example_bash_operator to 2026-03-22 00:00:00+00:00, run_after=2026-03-23 00:00:00+00:00
[2026-03-23T03:47:30.347+0000] {processor.py:183} INFO - Processing /home/airflow/.local/lib/python3.8/site-packages/airflow/example_dags/example_bash_operator.py took 0.091 seconds
[2026-03-23T03:48:00.525+0000] {processor.py:161} INFO - Started process (PID=1251) to work on /home/airflow/.local/lib/python3.8/site-packages/airflow/example_dags/example_bash_operator.py
[2026-03-23T03:48:00.526+0000] {processor.py:830} INFO - Processing file /home/airflow/.local/lib/python3.8/site-packages/airflow/example_dags/example_bash_operator.py for tasks to queue
[2026-03-23T03:48:00.528+0000] {logging_mixin.py:188} INFO - [2026-03-23T03:48:00.528+0000] {dagbag.py:540} INFO - Filling up the DagBag from /home/airflow/.local/lib/python3.8/site-packages/airflow/example_dags/example_bash_operator.py
[2026-03-23T03:48:00.542+0000] {processor.py:840} INFO - DAG(s) 'example_bash_operator' retrieved from /home/airflow/.local/lib/python3.8/site-packages/airflow/example_dags/example_bash_operator.py
[2026-03-23T03:48:00.583+0000] {logging_mixin.py:188} INFO - [2026-03-23T03:48:00.583+0000] {dag.py:3047} INFO - Sync 1 DAGs
[2026-03-23T03:48:00.612+0000] {logging_mixin.py:188} INFO - [2026-03-23T03:48:00.611+0000] {dag.py:3834} INFO - Setting next_dagrun for example_bash_operator to 2026-03-22 00:00:00+00:00, run_after=2026-03-23 00:00:00+00:00
[2026-03-23T03:48:00.636+0000] {processor.py:183} INFO - Processing /home/airflow/.local/lib/python3.8/site-packages/airflow/example_dags/example_bash_operator.py took 0.114 seconds
[2026-03-23T03:48:31.144+0000] {processor.py:161} INFO - Started process (PID=1306) to work on /home/airflow/.local/lib/python3.8/site-packages/airflow/example_dags/example_bash_operator.py
[2026-03-23T03:48:31.146+0000] {processor.py:830} INFO - Processing file /home/airflow/.local/lib/python3.8/site-packages/airflow/example_dags/example_bash_operator.py for tasks to queue
[2026-03-23T03:48:31.148+0000] {logging_mixin.py:188} INFO - [2026-03-23T03:48:31.148+0000] {dagbag.py:540} INFO - Filling up the DagBag from /home/airflow/.local/lib/python3.8/site-packages/airflow/example_dags/example_bash_operator.py
[2026-03-23T03:48:31.159+0000] {processor.py:840} INFO - DAG(s) 'example_bash_operator' retrieved from /home/airflow/.local/lib/python3.8/site-packages/airflow/example_dags/example_bash_operator.py
[2026-03-23T03:48:31.192+0000] {logging_mixin.py:188} INFO - [2026-03-23T03:48:31.192+0000] {dag.py:3047} INFO - Sync 1 DAGs
[2026-03-23T03:48:31.218+0000] {logging_mixin.py:188} INFO - [2026-03-23T03:48:31.218+0000] {dag.py:3834} INFO - Setting next_dagrun for example_bash_operator to 2026-03-22 00:00:00+00:00, run_after=2026-03-23 00:00:00+00:00
[2026-03-23T03:48:31.242+0000] {processor.py:183} INFO - Processing /home/airflow/.local/lib/python3.8/site-packages/airflow/example_dags/example_bash_operator.py took 0.100 seconds
[2026-03-23T03:49:01.638+0000] {processor.py:161} INFO - Started process (PID=1361) to work on /home/airflow/.local/lib/python3.8/site-packages/airflow/example_dags/example_bash_operator.py
[2026-03-23T03:49:01.639+0000] {processor.py:830} INFO - Processing file /home/airflow/.local/lib/python3.8/site-packages/airflow/example_dags/example_bash_operator.py for tasks to queue
[2026-03-23T03:49:01.642+0000] {logging_mixin.py:188} INFO - [2026-03-23T03:49:01.641+0000] {dagbag.py:540} INFO - Filling up the DagBag from /home/airflow/.local/lib/python3.8/site-packages/airflow/example_dags/example_bash_operator.py
[2026-03-23T03:49:01.656+0000] {processor.py:840} INFO - DAG(s) 'example_bash_operator' retrieved from /home/airflow/.local/lib/python3.8/site-packages/airflow/example_dags/example_bash_operator.py
[2026-03-23T03:49:01.692+0000] {logging_mixin.py:188} INFO - [2026-03-23T03:49:01.692+0000] {dag.py:3047} INFO - Sync 1 DAGs
[2026-03-23T03:49:01.720+0000] {logging_mixin.py:188} INFO - [2026-03-23T03:49:01.720+0000] {dag.py:3834} INFO - Setting next_dagrun for example_bash_operator to 2026-03-22 00:00:00+00:00, run_after=2026-03-23 00:00:00+00:00
[2026-03-23T03:49:01.746+0000] {processor.py:183} INFO - Processing /home/airflow/.local/lib/python3.8/site-packages/airflow/example_dags/example_bash_operator.py took 0.112 seconds
[2026-03-23T03:49:31.805+0000] {processor.py:161} INFO - Started process (PID=1416) to work on /home/airflow/.local/lib/python3.8/site-packages/airflow/example_dags/example_bash_operator.py
[2026-03-23T03:49:31.807+0000] {processor.py:830} INFO - Processing file /home/airflow/.local/lib/python3.8/site-packages/airflow/example_dags/example_bash_operator.py for tasks to queue
[2026-03-23T03:49:31.809+0000] {logging_mixin.py:188} INFO - [2026-03-23T03:49:31.809+0000] {dagbag.py:540} INFO - Filling up the DagBag from /home/airflow/.local/lib/python3.8/site-packages/airflow/example_dags/example_bash_operator.py
[2026-03-23T03:49:31.821+0000] {processor.py:840} INFO - DAG(s) 'example_bash_operator' retrieved from /home/airflow/.local/lib/python3.8/site-packages/airflow/example_dags/example_bash_operator.py
[2026-03-23T03:49:31.853+0000] {logging_mixin.py:188} INFO - [2026-03-23T03:49:31.852+0000] {dag.py:3047} INFO - Sync 1 DAGs
[2026-03-23T03:49:31.874+0000] {logging_mixin.py:188} INFO - [2026-03-23T03:49:31.874+0000] {dag.py:3834} INFO - Setting next_dagrun for example_bash_operator to 2026-03-22 00:00:00+00:00, run_after=2026-03-23 00:00:00+00:00
[2026-03-23T03:49:31.897+0000] {processor.py:183} INFO - Processing /home/airflow/.local/lib/python3.8/site-packages/airflow/example_dags/example_bash_operator.py took 0.094 seconds
[2026-03-23T03:50:48.959+0000] {processor.py:161} INFO - Started process (PID=97) to work on /home/airflow/.local/lib/python3.8/site-packages/airflow/example_dags/example_bash_operator.py
[2026-03-23T03:50:48.961+0000] {processor.py:830} INFO - Processing file /home/airflow/.local/lib/python3.8/site-packages/airflow/example_dags/example_bash_operator.py for tasks to queue
[2026-03-23T03:50:48.964+0000] {logging_mixin.py:188} INFO - [2026-03-23T03:50:48.963+0000] {dagbag.py:540} INFO - Filling up the DagBag from /home/airflow/.local/lib/python3.8/site-packages/airflow/example_dags/example_bash_operator.py
[2026-03-23T03:50:48.984+0000] {processor.py:840} INFO - DAG(s) 'example_bash_operator' retrieved from /home/airflow/.local/lib/python3.8/site-packages/airflow/example_dags/example_bash_operator.py
[2026-03-23T03:50:49.002+0000] {logging_mixin.py:188} INFO - [2026-03-23T03:50:49.002+0000] {dag.py:3047} INFO - Sync 1 DAGs
[2026-03-23T03:50:49.047+0000] {logging_mixin.py:188} INFO - [2026-03-23T03:50:49.047+0000] {dag.py:3834} INFO - Setting next_dagrun for example_bash_operator to 2026-03-22 00:00:00+00:00, run_after=2026-03-23 00:00:00+00:00
[2026-03-23T03:50:49.084+0000] {processor.py:183} INFO - Processing /home/airflow/.local/lib/python3.8/site-packages/airflow/example_dags/example_bash_operator.py took 0.129 seconds
[2026-03-23T03:51:20.874+0000] {processor.py:161} INFO - Started process (PID=152) to work on /home/airflow/.local/lib/python3.8/site-packages/airflow/example_dags/example_bash_operator.py
[2026-03-23T03:51:20.876+0000] {processor.py:830} INFO - Processing file /home/airflow/.local/lib/python3.8/site-packages/airflow/example_dags/example_bash_operator.py for tasks to queue
[2026-03-23T03:51:20.878+0000] {logging_mixin.py:188} INFO - [2026-03-23T03:51:20.877+0000] {dagbag.py:540} INFO - Filling up the DagBag from /home/airflow/.local/lib/python3.8/site-packages/airflow/example_dags/example_bash_operator.py
[2026-03-23T03:51:20.892+0000] {processor.py:840} INFO - DAG(s) 'example_bash_operator' retrieved from /home/airflow/.local/lib/python3.8/site-packages/airflow/example_dags/example_bash_operator.py
[2026-03-23T03:51:21.059+0000] {logging_mixin.py:188} INFO - [2026-03-23T03:51:21.059+0000] {dag.py:3047} INFO - Sync 1 DAGs
[2026-03-23T03:51:21.091+0000] {logging_mixin.py:188} INFO - [2026-03-23T03:51:21.090+0000] {dag.py:3834} INFO - Setting next_dagrun for example_bash_operator to 2026-03-22 00:00:00+00:00, run_after=2026-03-23 00:00:00+00:00
[2026-03-23T03:51:21.122+0000] {processor.py:183} INFO - Processing /home/airflow/.local/lib/python3.8/site-packages/airflow/example_dags/example_bash_operator.py took 0.252 seconds
[2026-03-23T03:51:51.534+0000] {processor.py:161} INFO - Started process (PID=207) to work on /home/airflow/.local/lib/python3.8/site-packages/airflow/example_dags/example_bash_operator.py
[2026-03-23T03:51:51.536+0000] {processor.py:830} INFO - Processing file /home/airflow/.local/lib/python3.8/site-packages/airflow/example_dags/example_bash_operator.py for tasks to queue
[2026-03-23T03:51:51.538+0000] {logging_mixin.py:188} INFO - [2026-03-23T03:51:51.537+0000] {dagbag.py:540} INFO - Filling up the DagBag from /home/airflow/.local/lib/python3.8/site-packages/airflow/example_dags/example_bash_operator.py
[2026-03-23T03:51:51.550+0000] {processor.py:840} INFO - DAG(s) 'example_bash_operator' retrieved from /home/airflow/.local/lib/python3.8/site-packages/airflow/example_dags/example_bash_operator.py
[2026-03-23T03:51:51.585+0000] {logging_mixin.py:188} INFO - [2026-03-23T03:51:51.584+0000] {dag.py:3047} INFO - Sync 1 DAGs
[2026-03-23T03:51:51.613+0000] {logging_mixin.py:188} INFO - [2026-03-23T03:51:51.612+0000] {dag.py:3834} INFO - Setting next_dagrun for example_bash_operator to 2026-03-22 00:00:00+00:00, run_after=2026-03-23 00:00:00+00:00
[2026-03-23T03:51:51.638+0000] {processor.py:183} INFO - Processing /home/airflow/.local/lib/python3.8/site-packages/airflow/example_dags/example_bash_operator.py took 0.107 seconds
[2026-03-23T03:52:21.771+0000] {processor.py:161} INFO - Started process (PID=262) to work on /home/airflow/.local/lib/python3.8/site-packages/airflow/example_dags/example_bash_operator.py
[2026-03-23T03:52:21.772+0000] {processor.py:830} INFO - Processing file /home/airflow/.local/lib/python3.8/site-packages/airflow/example_dags/example_bash_operator.py for tasks to queue
[2026-03-23T03:52:21.774+0000] {logging_mixin.py:188} INFO - [2026-03-23T03:52:21.774+0000] {dagbag.py:540} INFO - Filling up the DagBag from /home/airflow/.local/lib/python3.8/site-packages/airflow/example_dags/example_bash_operator.py
[2026-03-23T03:52:21.785+0000] {processor.py:840} INFO - DAG(s) 'example_bash_operator' retrieved from /home/airflow/.local/lib/python3.8/site-packages/airflow/example_dags/example_bash_operator.py
[2026-03-23T03:52:21.820+0000] {logging_mixin.py:188} INFO - [2026-03-23T03:52:21.819+0000] {dag.py:3047} INFO - Sync 1 DAGs
[2026-03-23T03:52:21.845+0000] {logging_mixin.py:188} INFO - [2026-03-23T03:52:21.845+0000] {dag.py:3834} INFO - Setting next_dagrun for example_bash_operator to 2026-03-22 00:00:00+00:00, run_after=2026-03-23 00:00:00+00:00
[2026-03-23T03:52:21.868+0000] {processor.py:183} INFO - Processing /home/airflow/.local/lib/python3.8/site-packages/airflow/example_dags/example_bash_operator.py took 0.100 seconds
[2026-03-23T03:52:52.729+0000] {processor.py:161} INFO - Started process (PID=317) to work on /home/airflow/.local/lib/python3.8/site-packages/airflow/example_dags/example_bash_operator.py
[2026-03-23T03:52:52.730+0000] {processor.py:830} INFO - Processing file /home/airflow/.local/lib/python3.8/site-packages/airflow/example_dags/example_bash_operator.py for tasks to queue
[2026-03-23T03:52:52.733+0000] {logging_mixin.py:188} INFO - [2026-03-23T03:52:52.732+0000] {dagbag.py:540} INFO - Filling up the DagBag from /home/airflow/.local/lib/python3.8/site-packages/airflow/example_dags/example_bash_operator.py
[2026-03-23T03:52:52.747+0000] {processor.py:840} INFO - DAG(s) 'example_bash_operator' retrieved from /home/airflow/.local/lib/python3.8/site-packages/airflow/example_dags/example_bash_operator.py
[2026-03-23T03:52:52.785+0000] {logging_mixin.py:188} INFO - [2026-03-23T03:52:52.785+0000] {dag.py:3047} INFO - Sync 1 DAGs
[2026-03-23T03:52:52.814+0000] {logging_mixin.py:188} INFO - [2026-03-23T03:52:52.814+0000] {dag.py:3834} INFO - Setting next_dagrun for example_bash_operator to 2026-03-22 00:00:00+00:00, run_after=2026-03-23 00:00:00+00:00
[2026-03-23T03:52:52.842+0000] {processor.py:183} INFO - Processing /home/airflow/.local/lib/python3.8/site-packages/airflow/example_dags/example_bash_operator.py took 0.116 seconds
[2026-03-23T03:53:23.458+0000] {processor.py:161} INFO - Started process (PID=372) to work on /home/airflow/.local/lib/python3.8/site-packages/airflow/example_dags/example_bash_operator.py
[2026-03-23T03:53:23.460+0000] {processor.py:830} INFO - Processing file /home/airflow/.local/lib/python3.8/site-packages/airflow/example_dags/example_bash_operator.py for tasks to queue
[2026-03-23T03:53:23.462+0000] {logging_mixin.py:188} INFO - [2026-03-23T03:53:23.462+0000] {dagbag.py:540} INFO - Filling up the DagBag from /home/airflow/.local/lib/python3.8/site-packages/airflow/example_dags/example_bash_operator.py
[2026-03-23T03:53:23.473+0000] {processor.py:840} INFO - DAG(s) 'example_bash_operator' retrieved from /home/airflow/.local/lib/python3.8/site-packages/airflow/example_dags/example_bash_operator.py
[2026-03-23T03:53:23.505+0000] {logging_mixin.py:188} INFO - [2026-03-23T03:53:23.504+0000] {dag.py:3047} INFO - Sync 1 DAGs
[2026-03-23T03:53:23.532+0000] {logging_mixin.py:188} INFO - [2026-03-23T03:53:23.531+0000] {dag.py:3834} INFO - Setting next_dagrun for example_bash_operator to 2026-03-22 00:00:00+00:00, run_after=2026-03-23 00:00:00+00:00
[2026-03-23T03:53:23.553+0000] {processor.py:183} INFO - Processing /home/airflow/.local/lib/python3.8/site-packages/airflow/example_dags/example_bash_operator.py took 0.097 seconds
[2026-03-23T03:53:53.776+0000] {processor.py:161} INFO - Started process (PID=427) to work on /home/airflow/.local/lib/python3.8/site-packages/airflow/example_dags/example_bash_operator.py
[2026-03-23T03:53:53.777+0000] {processor.py:830} INFO - Processing file /home/airflow/.local/lib/python3.8/site-packages/airflow/example_dags/example_bash_operator.py for tasks to queue
[2026-03-23T03:53:53.779+0000] {logging_mixin.py:188} INFO - [2026-03-23T03:53:53.779+0000] {dagbag.py:540} INFO - Filling up the DagBag from /home/airflow/.local/lib/python3.8/site-packages/airflow/example_dags/example_bash_operator.py
[2026-03-23T03:53:53.792+0000] {processor.py:840} INFO - DAG(s) 'example_bash_operator' retrieved from /home/airflow/.local/lib/python3.8/site-packages/airflow/example_dags/example_bash_operator.py
[2026-03-23T03:53:53.829+0000] {logging_mixin.py:188} INFO - [2026-03-23T03:53:53.829+0000] {dag.py:3047} INFO - Sync 1 DAGs
[2026-03-23T03:53:53.863+0000] {logging_mixin.py:188} INFO - [2026-03-23T03:53:53.863+0000] {dag.py:3834} INFO - Setting next_dagrun for example_bash_operator to 2026-03-22 00:00:00+00:00, run_after=2026-03-23 00:00:00+00:00
[2026-03-23T03:53:53.893+0000] {processor.py:183} INFO - Processing /home/airflow/.local/lib/python3.8/site-packages/airflow/example_dags/example_bash_operator.py took 0.120 seconds
[2026-03-23T03:54:24.032+0000] {processor.py:161} INFO - Started process (PID=482) to work on /home/airflow/.local/lib/python3.8/site-packages/airflow/example_dags/example_bash_operator.py
[2026-03-23T03:54:24.034+0000] {processor.py:830} INFO - Processing file /home/airflow/.local/lib/python3.8/site-packages/airflow/example_dags/example_bash_operator.py for tasks to queue
[2026-03-23T03:54:24.037+0000] {logging_mixin.py:188} INFO - [2026-03-23T03:54:24.036+0000] {dagbag.py:540} INFO - Filling up the DagBag from /home/airflow/.local/lib/python3.8/site-packages/airflow/example_dags/example_bash_operator.py
[2026-03-23T03:54:24.062+0000] {processor.py:840} INFO - DAG(s) 'example_bash_operator' retrieved from /home/airflow/.local/lib/python3.8/site-packages/airflow/example_dags/example_bash_operator.py
[2026-03-23T03:54:24.116+0000] {logging_mixin.py:188} INFO - [2026-03-23T03:54:24.115+0000] {dag.py:3047} INFO - Sync 1 DAGs
[2026-03-23T03:54:24.150+0000] {logging_mixin.py:188} INFO - [2026-03-23T03:54:24.149+0000] {dag.py:3834} INFO - Setting next_dagrun for example_bash_operator to 2026-03-22 00:00:00+00:00, run_after=2026-03-23 00:00:00+00:00
[2026-03-23T03:54:24.179+0000] {processor.py:183} INFO - Processing /home/airflow/.local/lib/python3.8/site-packages/airflow/example_dags/example_bash_operator.py took 0.152 seconds
[2026-03-23T03:54:54.522+0000] {processor.py:161} INFO - Started process (PID=537) to work on /home/airflow/.local/lib/python3.8/site-packages/airflow/example_dags/example_bash_operator.py
[2026-03-23T03:54:54.523+0000] {processor.py:830} INFO - Processing file /home/airflow/.local/lib/python3.8/site-packages/airflow/example_dags/example_bash_operator.py for tasks to queue
[2026-03-23T03:54:54.525+0000] {logging_mixin.py:188} INFO - [2026-03-23T03:54:54.524+0000] {dagbag.py:540} INFO - Filling up the DagBag from /home/airflow/.local/lib/python3.8/site-packages/airflow/example_dags/example_bash_operator.py
[2026-03-23T03:54:54.535+0000] {processor.py:840} INFO - DAG(s) 'example_bash_operator' retrieved from /home/airflow/.local/lib/python3.8/site-packages/airflow/example_dags/example_bash_operator.py
[2026-03-23T03:54:54.564+0000] {logging_mixin.py:188} INFO - [2026-03-23T03:54:54.563+0000] {dag.py:3047} INFO - Sync 1 DAGs
[2026-03-23T03:54:54.588+0000] {logging_mixin.py:188} INFO - [2026-03-23T03:54:54.587+0000] {dag.py:3834} INFO - Setting next_dagrun for example_bash_operator to 2026-03-22 00:00:00+00:00, run_after=2026-03-23 00:00:00+00:00
[2026-03-23T03:54:54.609+0000] {processor.py:183} INFO - Processing /home/airflow/.local/lib/python3.8/site-packages/airflow/example_dags/example_bash_operator.py took 0.090 seconds
[2026-03-23T03:55:24.664+0000] {processor.py:161} INFO - Started process (PID=591) to work on /home/airflow/.local/lib/python3.8/site-packages/airflow/example_dags/example_bash_operator.py
[2026-03-23T03:55:24.665+0000] {processor.py:830} INFO - Processing file /home/airflow/.local/lib/python3.8/site-packages/airflow/example_dags/example_bash_operator.py for tasks to queue
[2026-03-23T03:55:24.667+0000] {logging_mixin.py:188} INFO - [2026-03-23T03:55:24.667+0000] {dagbag.py:540} INFO - Filling up the DagBag from /home/airflow/.local/lib/python3.8/site-packages/airflow/example_dags/example_bash_operator.py
[2026-03-23T03:55:24.677+0000] {processor.py:840} INFO - DAG(s) 'example_bash_operator' retrieved from /home/airflow/.local/lib/python3.8/site-packages/airflow/example_dags/example_bash_operator.py
[2026-03-23T03:55:24.706+0000] {logging_mixin.py:188} INFO - [2026-03-23T03:55:24.706+0000] {dag.py:3047} INFO - Sync 1 DAGs
[2026-03-23T03:55:24.729+0000] {logging_mixin.py:188} INFO - [2026-03-23T03:55:24.729+0000] {dag.py:3834} INFO - Setting next_dagrun for example_bash_operator to 2026-03-22 00:00:00+00:00, run_after=2026-03-23 00:00:00+00:00
[2026-03-23T03:55:24.752+0000] {processor.py:183} INFO - Processing /home/airflow/.local/lib/python3.8/site-packages/airflow/example_dags/example_bash_operator.py took 0.090 seconds
[2026-03-23T03:55:54.969+0000] {processor.py:161} INFO - Started process (PID=646) to work on /home/airflow/.local/lib/python3.8/site-packages/airflow/example_dags/example_bash_operator.py
[2026-03-23T03:55:54.970+0000] {processor.py:830} INFO - Processing file /home/airflow/.local/lib/python3.8/site-packages/airflow/example_dags/example_bash_operator.py for tasks to queue
[2026-03-23T03:55:54.972+0000] {logging_mixin.py:188} INFO - [2026-03-23T03:55:54.972+0000] {dagbag.py:540} INFO - Filling up the DagBag from /home/airflow/.local/lib/python3.8/site-packages/airflow/example_dags/example_bash_operator.py
[2026-03-23T03:55:54.982+0000] {processor.py:840} INFO - DAG(s) 'example_bash_operator' retrieved from /home/airflow/.local/lib/python3.8/site-packages/airflow/example_dags/example_bash_operator.py
[2026-03-23T03:55:55.011+0000] {logging_mixin.py:188} INFO - [2026-03-23T03:55:55.011+0000] {dag.py:3047} INFO - Sync 1 DAGs
[2026-03-23T03:55:55.031+0000] {logging_mixin.py:188} INFO - [2026-03-23T03:55:55.031+0000] {dag.py:3834} INFO - Setting next_dagrun for example_bash_operator to 2026-03-22 00:00:00+00:00, run_after=2026-03-23 00:00:00+00:00
[2026-03-23T03:55:55.051+0000] {processor.py:183} INFO - Processing /home/airflow/.local/lib/python3.8/site-packages/airflow/example_dags/example_bash_operator.py took 0.084 seconds
[2026-03-23T03:56:25.267+0000] {processor.py:161} INFO - Started process (PID=701) to work on /home/airflow/.local/lib/python3.8/site-packages/airflow/example_dags/example_bash_operator.py
[2026-03-23T03:56:25.269+0000] {processor.py:830} INFO - Processing file /home/airflow/.local/lib/python3.8/site-packages/airflow/example_dags/example_bash_operator.py for tasks to queue
[2026-03-23T03:56:25.271+0000] {logging_mixin.py:188} INFO - [2026-03-23T03:56:25.271+0000] {dagbag.py:540} INFO - Filling up the DagBag from /home/airflow/.local/lib/python3.8/site-packages/airflow/example_dags/example_bash_operator.py
[2026-03-23T03:56:25.280+0000] {processor.py:840} INFO - DAG(s) 'example_bash_operator' retrieved from /home/airflow/.local/lib/python3.8/site-packages/airflow/example_dags/example_bash_operator.py
[2026-03-23T03:56:25.308+0000] {logging_mixin.py:188} INFO - [2026-03-23T03:56:25.308+0000] {dag.py:3047} INFO - Sync 1 DAGs
[2026-03-23T03:56:25.329+0000] {logging_mixin.py:188} INFO - [2026-03-23T03:56:25.329+0000] {dag.py:3834} INFO - Setting next_dagrun for example_bash_operator to 2026-03-22 00:00:00+00:00, run_after=2026-03-23 00:00:00+00:00
[2026-03-23T03:56:25.348+0000] {processor.py:183} INFO - Processing /home/airflow/.local/lib/python3.8/site-packages/airflow/example_dags/example_bash_operator.py took 0.083 seconds
