[2026-03-23T03:21:16.164+0000] {processor.py:161} INFO - Started process (PID=95) to work on /home/airflow/.local/lib/python3.8/site-packages/airflow/example_dags/example_branch_operator_decorator.py
[2026-03-23T03:21:16.166+0000] {processor.py:830} INFO - Processing file /home/airflow/.local/lib/python3.8/site-packages/airflow/example_dags/example_branch_operator_decorator.py for tasks to queue
[2026-03-23T03:21:16.168+0000] {logging_mixin.py:188} INFO - [2026-03-23T03:21:16.168+0000] {dagbag.py:540} INFO - Filling up the DagBag from /home/airflow/.local/lib/python3.8/site-packages/airflow/example_dags/example_branch_operator_decorator.py
[2026-03-23T03:21:16.203+0000] {processor.py:840} INFO - DAG(s) 'example_branch_python_operator_decorator' retrieved from /home/airflow/.local/lib/python3.8/site-packages/airflow/example_dags/example_branch_operator_decorator.py
[2026-03-23T03:21:16.221+0000] {logging_mixin.py:188} INFO - [2026-03-23T03:21:16.221+0000] {dag.py:3047} INFO - Sync 1 DAGs
[2026-03-23T03:21:16.256+0000] {logging_mixin.py:188} INFO - [2026-03-23T03:21:16.256+0000] {dag.py:3834} INFO - Setting next_dagrun for example_branch_python_operator_decorator to 2026-03-22 00:00:00+00:00, run_after=2026-03-23 00:00:00+00:00
[2026-03-23T03:21:16.284+0000] {processor.py:183} INFO - Processing /home/airflow/.local/lib/python3.8/site-packages/airflow/example_dags/example_branch_operator_decorator.py took 0.125 seconds
[2026-03-23T03:21:46.968+0000] {processor.py:161} INFO - Started process (PID=150) to work on /home/airflow/.local/lib/python3.8/site-packages/airflow/example_dags/example_branch_operator_decorator.py
[2026-03-23T03:21:46.969+0000] {processor.py:830} INFO - Processing file /home/airflow/.local/lib/python3.8/site-packages/airflow/example_dags/example_branch_operator_decorator.py for tasks to queue
[2026-03-23T03:21:46.971+0000] {logging_mixin.py:188} INFO - [2026-03-23T03:21:46.970+0000] {dagbag.py:540} INFO - Filling up the DagBag from /home/airflow/.local/lib/python3.8/site-packages/airflow/example_dags/example_branch_operator_decorator.py
[2026-03-23T03:21:46.989+0000] {processor.py:840} INFO - DAG(s) 'example_branch_python_operator_decorator' retrieved from /home/airflow/.local/lib/python3.8/site-packages/airflow/example_dags/example_branch_operator_decorator.py
[2026-03-23T03:21:47.001+0000] {logging_mixin.py:188} INFO - [2026-03-23T03:21:47.001+0000] {dag.py:3047} INFO - Sync 1 DAGs
[2026-03-23T03:21:47.025+0000] {logging_mixin.py:188} INFO - [2026-03-23T03:21:47.025+0000] {dag.py:3834} INFO - Setting next_dagrun for example_branch_python_operator_decorator to 2026-03-22 00:00:00+00:00, run_after=2026-03-23 00:00:00+00:00
[2026-03-23T03:21:47.046+0000] {processor.py:183} INFO - Processing /home/airflow/.local/lib/python3.8/site-packages/airflow/example_dags/example_branch_operator_decorator.py took 0.081 seconds
[2026-03-23T03:22:18.351+0000] {processor.py:161} INFO - Started process (PID=211) to work on /home/airflow/.local/lib/python3.8/site-packages/airflow/example_dags/example_branch_operator_decorator.py
[2026-03-23T03:22:18.352+0000] {processor.py:830} INFO - Processing file /home/airflow/.local/lib/python3.8/site-packages/airflow/example_dags/example_branch_operator_decorator.py for tasks to queue
[2026-03-23T03:22:18.354+0000] {logging_mixin.py:188} INFO - [2026-03-23T03:22:18.354+0000] {dagbag.py:540} INFO - Filling up the DagBag from /home/airflow/.local/lib/python3.8/site-packages/airflow/example_dags/example_branch_operator_decorator.py
[2026-03-23T03:22:18.378+0000] {processor.py:840} INFO - DAG(s) 'example_branch_python_operator_decorator' retrieved from /home/airflow/.local/lib/python3.8/site-packages/airflow/example_dags/example_branch_operator_decorator.py
[2026-03-23T03:22:18.486+0000] {logging_mixin.py:188} INFO - [2026-03-23T03:22:18.486+0000] {dag.py:3047} INFO - Sync 1 DAGs
[2026-03-23T03:22:18.508+0000] {logging_mixin.py:188} INFO - [2026-03-23T03:22:18.507+0000] {dag.py:3834} INFO - Setting next_dagrun for example_branch_python_operator_decorator to 2026-03-22 00:00:00+00:00, run_after=2026-03-23 00:00:00+00:00
[2026-03-23T03:22:18.527+0000] {processor.py:183} INFO - Processing /home/airflow/.local/lib/python3.8/site-packages/airflow/example_dags/example_branch_operator_decorator.py took 0.180 seconds
[2026-03-23T03:22:48.742+0000] {processor.py:161} INFO - Started process (PID=266) to work on /home/airflow/.local/lib/python3.8/site-packages/airflow/example_dags/example_branch_operator_decorator.py
[2026-03-23T03:22:48.743+0000] {processor.py:830} INFO - Processing file /home/airflow/.local/lib/python3.8/site-packages/airflow/example_dags/example_branch_operator_decorator.py for tasks to queue
[2026-03-23T03:22:48.745+0000] {logging_mixin.py:188} INFO - [2026-03-23T03:22:48.745+0000] {dagbag.py:540} INFO - Filling up the DagBag from /home/airflow/.local/lib/python3.8/site-packages/airflow/example_dags/example_branch_operator_decorator.py
[2026-03-23T03:22:48.763+0000] {processor.py:840} INFO - DAG(s) 'example_branch_python_operator_decorator' retrieved from /home/airflow/.local/lib/python3.8/site-packages/airflow/example_dags/example_branch_operator_decorator.py
[2026-03-23T03:22:48.788+0000] {logging_mixin.py:188} INFO - [2026-03-23T03:22:48.787+0000] {dag.py:3047} INFO - Sync 1 DAGs
[2026-03-23T03:22:48.810+0000] {logging_mixin.py:188} INFO - [2026-03-23T03:22:48.810+0000] {dag.py:3834} INFO - Setting next_dagrun for example_branch_python_operator_decorator to 2026-03-22 00:00:00+00:00, run_after=2026-03-23 00:00:00+00:00
[2026-03-23T03:22:48.831+0000] {processor.py:183} INFO - Processing /home/airflow/.local/lib/python3.8/site-packages/airflow/example_dags/example_branch_operator_decorator.py took 0.092 seconds
[2026-03-23T03:23:19.754+0000] {processor.py:161} INFO - Started process (PID=321) to work on /home/airflow/.local/lib/python3.8/site-packages/airflow/example_dags/example_branch_operator_decorator.py
[2026-03-23T03:23:19.755+0000] {processor.py:830} INFO - Processing file /home/airflow/.local/lib/python3.8/site-packages/airflow/example_dags/example_branch_operator_decorator.py for tasks to queue
[2026-03-23T03:23:19.757+0000] {logging_mixin.py:188} INFO - [2026-03-23T03:23:19.756+0000] {dagbag.py:540} INFO - Filling up the DagBag from /home/airflow/.local/lib/python3.8/site-packages/airflow/example_dags/example_branch_operator_decorator.py
[2026-03-23T03:23:19.775+0000] {processor.py:840} INFO - DAG(s) 'example_branch_python_operator_decorator' retrieved from /home/airflow/.local/lib/python3.8/site-packages/airflow/example_dags/example_branch_operator_decorator.py
[2026-03-23T03:23:19.802+0000] {logging_mixin.py:188} INFO - [2026-03-23T03:23:19.802+0000] {dag.py:3047} INFO - Sync 1 DAGs
[2026-03-23T03:23:19.825+0000] {logging_mixin.py:188} INFO - [2026-03-23T03:23:19.825+0000] {dag.py:3834} INFO - Setting next_dagrun for example_branch_python_operator_decorator to 2026-03-22 00:00:00+00:00, run_after=2026-03-23 00:00:00+00:00
[2026-03-23T03:23:19.848+0000] {processor.py:183} INFO - Processing /home/airflow/.local/lib/python3.8/site-packages/airflow/example_dags/example_branch_operator_decorator.py took 0.097 seconds
[2026-03-23T03:25:10.478+0000] {processor.py:161} INFO - Started process (PID=95) to work on /home/airflow/.local/lib/python3.8/site-packages/airflow/example_dags/example_branch_operator_decorator.py
[2026-03-23T03:25:10.480+0000] {processor.py:830} INFO - Processing file /home/airflow/.local/lib/python3.8/site-packages/airflow/example_dags/example_branch_operator_decorator.py for tasks to queue
[2026-03-23T03:25:10.482+0000] {logging_mixin.py:188} INFO - [2026-03-23T03:25:10.482+0000] {dagbag.py:540} INFO - Filling up the DagBag from /home/airflow/.local/lib/python3.8/site-packages/airflow/example_dags/example_branch_operator_decorator.py
[2026-03-23T03:25:10.515+0000] {processor.py:840} INFO - DAG(s) 'example_branch_python_operator_decorator' retrieved from /home/airflow/.local/lib/python3.8/site-packages/airflow/example_dags/example_branch_operator_decorator.py
[2026-03-23T03:25:10.531+0000] {logging_mixin.py:188} INFO - [2026-03-23T03:25:10.531+0000] {dag.py:3047} INFO - Sync 1 DAGs
[2026-03-23T03:25:10.572+0000] {logging_mixin.py:188} INFO - [2026-03-23T03:25:10.572+0000] {dag.py:3834} INFO - Setting next_dagrun for example_branch_python_operator_decorator to 2026-03-22 00:00:00+00:00, run_after=2026-03-23 00:00:00+00:00
[2026-03-23T03:25:10.603+0000] {processor.py:183} INFO - Processing /home/airflow/.local/lib/python3.8/site-packages/airflow/example_dags/example_branch_operator_decorator.py took 0.129 seconds
[2026-03-23T03:25:42.672+0000] {processor.py:161} INFO - Started process (PID=156) to work on /home/airflow/.local/lib/python3.8/site-packages/airflow/example_dags/example_branch_operator_decorator.py
[2026-03-23T03:25:42.673+0000] {processor.py:830} INFO - Processing file /home/airflow/.local/lib/python3.8/site-packages/airflow/example_dags/example_branch_operator_decorator.py for tasks to queue
[2026-03-23T03:25:42.675+0000] {logging_mixin.py:188} INFO - [2026-03-23T03:25:42.675+0000] {dagbag.py:540} INFO - Filling up the DagBag from /home/airflow/.local/lib/python3.8/site-packages/airflow/example_dags/example_branch_operator_decorator.py
[2026-03-23T03:25:42.698+0000] {processor.py:840} INFO - DAG(s) 'example_branch_python_operator_decorator' retrieved from /home/airflow/.local/lib/python3.8/site-packages/airflow/example_dags/example_branch_operator_decorator.py
[2026-03-23T03:25:42.837+0000] {logging_mixin.py:188} INFO - [2026-03-23T03:25:42.836+0000] {dag.py:3047} INFO - Sync 1 DAGs
[2026-03-23T03:25:42.862+0000] {logging_mixin.py:188} INFO - [2026-03-23T03:25:42.861+0000] {dag.py:3834} INFO - Setting next_dagrun for example_branch_python_operator_decorator to 2026-03-22 00:00:00+00:00, run_after=2026-03-23 00:00:00+00:00
[2026-03-23T03:25:42.888+0000] {processor.py:183} INFO - Processing /home/airflow/.local/lib/python3.8/site-packages/airflow/example_dags/example_branch_operator_decorator.py took 0.220 seconds
[2026-03-23T03:26:13.218+0000] {processor.py:161} INFO - Started process (PID=211) to work on /home/airflow/.local/lib/python3.8/site-packages/airflow/example_dags/example_branch_operator_decorator.py
[2026-03-23T03:26:13.219+0000] {processor.py:830} INFO - Processing file /home/airflow/.local/lib/python3.8/site-packages/airflow/example_dags/example_branch_operator_decorator.py for tasks to queue
[2026-03-23T03:26:13.220+0000] {logging_mixin.py:188} INFO - [2026-03-23T03:26:13.220+0000] {dagbag.py:540} INFO - Filling up the DagBag from /home/airflow/.local/lib/python3.8/site-packages/airflow/example_dags/example_branch_operator_decorator.py
[2026-03-23T03:26:13.240+0000] {processor.py:840} INFO - DAG(s) 'example_branch_python_operator_decorator' retrieved from /home/airflow/.local/lib/python3.8/site-packages/airflow/example_dags/example_branch_operator_decorator.py
[2026-03-23T03:26:13.268+0000] {logging_mixin.py:188} INFO - [2026-03-23T03:26:13.267+0000] {dag.py:3047} INFO - Sync 1 DAGs
[2026-03-23T03:26:13.288+0000] {logging_mixin.py:188} INFO - [2026-03-23T03:26:13.288+0000] {dag.py:3834} INFO - Setting next_dagrun for example_branch_python_operator_decorator to 2026-03-22 00:00:00+00:00, run_after=2026-03-23 00:00:00+00:00
[2026-03-23T03:26:13.308+0000] {processor.py:183} INFO - Processing /home/airflow/.local/lib/python3.8/site-packages/airflow/example_dags/example_branch_operator_decorator.py took 0.093 seconds
[2026-03-23T03:26:44.240+0000] {processor.py:161} INFO - Started process (PID=266) to work on /home/airflow/.local/lib/python3.8/site-packages/airflow/example_dags/example_branch_operator_decorator.py
[2026-03-23T03:26:44.241+0000] {processor.py:830} INFO - Processing file /home/airflow/.local/lib/python3.8/site-packages/airflow/example_dags/example_branch_operator_decorator.py for tasks to queue
[2026-03-23T03:26:44.243+0000] {logging_mixin.py:188} INFO - [2026-03-23T03:26:44.242+0000] {dagbag.py:540} INFO - Filling up the DagBag from /home/airflow/.local/lib/python3.8/site-packages/airflow/example_dags/example_branch_operator_decorator.py
[2026-03-23T03:26:44.265+0000] {processor.py:840} INFO - DAG(s) 'example_branch_python_operator_decorator' retrieved from /home/airflow/.local/lib/python3.8/site-packages/airflow/example_dags/example_branch_operator_decorator.py
[2026-03-23T03:26:44.298+0000] {logging_mixin.py:188} INFO - [2026-03-23T03:26:44.297+0000] {dag.py:3047} INFO - Sync 1 DAGs
[2026-03-23T03:26:44.328+0000] {logging_mixin.py:188} INFO - [2026-03-23T03:26:44.328+0000] {dag.py:3834} INFO - Setting next_dagrun for example_branch_python_operator_decorator to 2026-03-22 00:00:00+00:00, run_after=2026-03-23 00:00:00+00:00
[2026-03-23T03:26:44.357+0000] {processor.py:183} INFO - Processing /home/airflow/.local/lib/python3.8/site-packages/airflow/example_dags/example_branch_operator_decorator.py took 0.121 seconds
[2026-03-23T03:27:14.557+0000] {processor.py:161} INFO - Started process (PID=321) to work on /home/airflow/.local/lib/python3.8/site-packages/airflow/example_dags/example_branch_operator_decorator.py
[2026-03-23T03:27:14.558+0000] {processor.py:830} INFO - Processing file /home/airflow/.local/lib/python3.8/site-packages/airflow/example_dags/example_branch_operator_decorator.py for tasks to queue
[2026-03-23T03:27:14.559+0000] {logging_mixin.py:188} INFO - [2026-03-23T03:27:14.559+0000] {dagbag.py:540} INFO - Filling up the DagBag from /home/airflow/.local/lib/python3.8/site-packages/airflow/example_dags/example_branch_operator_decorator.py
[2026-03-23T03:27:14.578+0000] {processor.py:840} INFO - DAG(s) 'example_branch_python_operator_decorator' retrieved from /home/airflow/.local/lib/python3.8/site-packages/airflow/example_dags/example_branch_operator_decorator.py
[2026-03-23T03:27:14.603+0000] {logging_mixin.py:188} INFO - [2026-03-23T03:27:14.603+0000] {dag.py:3047} INFO - Sync 1 DAGs
[2026-03-23T03:27:14.622+0000] {logging_mixin.py:188} INFO - [2026-03-23T03:27:14.622+0000] {dag.py:3834} INFO - Setting next_dagrun for example_branch_python_operator_decorator to 2026-03-22 00:00:00+00:00, run_after=2026-03-23 00:00:00+00:00
[2026-03-23T03:27:14.641+0000] {processor.py:183} INFO - Processing /home/airflow/.local/lib/python3.8/site-packages/airflow/example_dags/example_branch_operator_decorator.py took 0.086 seconds
[2026-03-23T03:27:44.820+0000] {processor.py:161} INFO - Started process (PID=376) to work on /home/airflow/.local/lib/python3.8/site-packages/airflow/example_dags/example_branch_operator_decorator.py
[2026-03-23T03:27:44.821+0000] {processor.py:830} INFO - Processing file /home/airflow/.local/lib/python3.8/site-packages/airflow/example_dags/example_branch_operator_decorator.py for tasks to queue
[2026-03-23T03:27:44.823+0000] {logging_mixin.py:188} INFO - [2026-03-23T03:27:44.822+0000] {dagbag.py:540} INFO - Filling up the DagBag from /home/airflow/.local/lib/python3.8/site-packages/airflow/example_dags/example_branch_operator_decorator.py
[2026-03-23T03:27:44.840+0000] {processor.py:840} INFO - DAG(s) 'example_branch_python_operator_decorator' retrieved from /home/airflow/.local/lib/python3.8/site-packages/airflow/example_dags/example_branch_operator_decorator.py
[2026-03-23T03:27:44.865+0000] {logging_mixin.py:188} INFO - [2026-03-23T03:27:44.864+0000] {dag.py:3047} INFO - Sync 1 DAGs
[2026-03-23T03:27:44.884+0000] {logging_mixin.py:188} INFO - [2026-03-23T03:27:44.884+0000] {dag.py:3834} INFO - Setting next_dagrun for example_branch_python_operator_decorator to 2026-03-22 00:00:00+00:00, run_after=2026-03-23 00:00:00+00:00
[2026-03-23T03:27:44.904+0000] {processor.py:183} INFO - Processing /home/airflow/.local/lib/python3.8/site-packages/airflow/example_dags/example_branch_operator_decorator.py took 0.086 seconds
[2026-03-23T03:28:15.165+0000] {processor.py:161} INFO - Started process (PID=431) to work on /home/airflow/.local/lib/python3.8/site-packages/airflow/example_dags/example_branch_operator_decorator.py
[2026-03-23T03:28:15.166+0000] {processor.py:830} INFO - Processing file /home/airflow/.local/lib/python3.8/site-packages/airflow/example_dags/example_branch_operator_decorator.py for tasks to queue
[2026-03-23T03:28:15.167+0000] {logging_mixin.py:188} INFO - [2026-03-23T03:28:15.167+0000] {dagbag.py:540} INFO - Filling up the DagBag from /home/airflow/.local/lib/python3.8/site-packages/airflow/example_dags/example_branch_operator_decorator.py
[2026-03-23T03:28:15.187+0000] {processor.py:840} INFO - DAG(s) 'example_branch_python_operator_decorator' retrieved from /home/airflow/.local/lib/python3.8/site-packages/airflow/example_dags/example_branch_operator_decorator.py
[2026-03-23T03:28:15.214+0000] {logging_mixin.py:188} INFO - [2026-03-23T03:28:15.213+0000] {dag.py:3047} INFO - Sync 1 DAGs
[2026-03-23T03:28:15.234+0000] {logging_mixin.py:188} INFO - [2026-03-23T03:28:15.234+0000] {dag.py:3834} INFO - Setting next_dagrun for example_branch_python_operator_decorator to 2026-03-22 00:00:00+00:00, run_after=2026-03-23 00:00:00+00:00
[2026-03-23T03:28:15.256+0000] {processor.py:183} INFO - Processing /home/airflow/.local/lib/python3.8/site-packages/airflow/example_dags/example_branch_operator_decorator.py took 0.093 seconds
[2026-03-23T03:28:45.529+0000] {processor.py:161} INFO - Started process (PID=486) to work on /home/airflow/.local/lib/python3.8/site-packages/airflow/example_dags/example_branch_operator_decorator.py
[2026-03-23T03:28:45.530+0000] {processor.py:830} INFO - Processing file /home/airflow/.local/lib/python3.8/site-packages/airflow/example_dags/example_branch_operator_decorator.py for tasks to queue
[2026-03-23T03:28:45.531+0000] {logging_mixin.py:188} INFO - [2026-03-23T03:28:45.531+0000] {dagbag.py:540} INFO - Filling up the DagBag from /home/airflow/.local/lib/python3.8/site-packages/airflow/example_dags/example_branch_operator_decorator.py
[2026-03-23T03:28:45.552+0000] {processor.py:840} INFO - DAG(s) 'example_branch_python_operator_decorator' retrieved from /home/airflow/.local/lib/python3.8/site-packages/airflow/example_dags/example_branch_operator_decorator.py
[2026-03-23T03:28:45.578+0000] {logging_mixin.py:188} INFO - [2026-03-23T03:28:45.578+0000] {dag.py:3047} INFO - Sync 1 DAGs
[2026-03-23T03:28:45.599+0000] {logging_mixin.py:188} INFO - [2026-03-23T03:28:45.599+0000] {dag.py:3834} INFO - Setting next_dagrun for example_branch_python_operator_decorator to 2026-03-22 00:00:00+00:00, run_after=2026-03-23 00:00:00+00:00
[2026-03-23T03:28:45.617+0000] {processor.py:183} INFO - Processing /home/airflow/.local/lib/python3.8/site-packages/airflow/example_dags/example_branch_operator_decorator.py took 0.091 seconds
[2026-03-23T03:29:16.114+0000] {processor.py:161} INFO - Started process (PID=541) to work on /home/airflow/.local/lib/python3.8/site-packages/airflow/example_dags/example_branch_operator_decorator.py
[2026-03-23T03:29:16.116+0000] {processor.py:830} INFO - Processing file /home/airflow/.local/lib/python3.8/site-packages/airflow/example_dags/example_branch_operator_decorator.py for tasks to queue
[2026-03-23T03:29:16.117+0000] {logging_mixin.py:188} INFO - [2026-03-23T03:29:16.117+0000] {dagbag.py:540} INFO - Filling up the DagBag from /home/airflow/.local/lib/python3.8/site-packages/airflow/example_dags/example_branch_operator_decorator.py
[2026-03-23T03:29:16.137+0000] {processor.py:840} INFO - DAG(s) 'example_branch_python_operator_decorator' retrieved from /home/airflow/.local/lib/python3.8/site-packages/airflow/example_dags/example_branch_operator_decorator.py
[2026-03-23T03:29:16.164+0000] {logging_mixin.py:188} INFO - [2026-03-23T03:29:16.164+0000] {dag.py:3047} INFO - Sync 1 DAGs
[2026-03-23T03:29:16.187+0000] {logging_mixin.py:188} INFO - [2026-03-23T03:29:16.187+0000] {dag.py:3834} INFO - Setting next_dagrun for example_branch_python_operator_decorator to 2026-03-22 00:00:00+00:00, run_after=2026-03-23 00:00:00+00:00
[2026-03-23T03:29:16.208+0000] {processor.py:183} INFO - Processing /home/airflow/.local/lib/python3.8/site-packages/airflow/example_dags/example_branch_operator_decorator.py took 0.097 seconds
[2026-03-23T03:29:46.329+0000] {processor.py:161} INFO - Started process (PID=596) to work on /home/airflow/.local/lib/python3.8/site-packages/airflow/example_dags/example_branch_operator_decorator.py
[2026-03-23T03:29:46.330+0000] {processor.py:830} INFO - Processing file /home/airflow/.local/lib/python3.8/site-packages/airflow/example_dags/example_branch_operator_decorator.py for tasks to queue
[2026-03-23T03:29:46.331+0000] {logging_mixin.py:188} INFO - [2026-03-23T03:29:46.331+0000] {dagbag.py:540} INFO - Filling up the DagBag from /home/airflow/.local/lib/python3.8/site-packages/airflow/example_dags/example_branch_operator_decorator.py
[2026-03-23T03:29:46.348+0000] {processor.py:840} INFO - DAG(s) 'example_branch_python_operator_decorator' retrieved from /home/airflow/.local/lib/python3.8/site-packages/airflow/example_dags/example_branch_operator_decorator.py
[2026-03-23T03:29:46.374+0000] {logging_mixin.py:188} INFO - [2026-03-23T03:29:46.373+0000] {dag.py:3047} INFO - Sync 1 DAGs
[2026-03-23T03:29:46.395+0000] {logging_mixin.py:188} INFO - [2026-03-23T03:29:46.395+0000] {dag.py:3834} INFO - Setting next_dagrun for example_branch_python_operator_decorator to 2026-03-22 00:00:00+00:00, run_after=2026-03-23 00:00:00+00:00
[2026-03-23T03:29:46.414+0000] {processor.py:183} INFO - Processing /home/airflow/.local/lib/python3.8/site-packages/airflow/example_dags/example_branch_operator_decorator.py took 0.089 seconds
[2026-03-23T03:30:16.773+0000] {processor.py:161} INFO - Started process (PID=651) to work on /home/airflow/.local/lib/python3.8/site-packages/airflow/example_dags/example_branch_operator_decorator.py
[2026-03-23T03:30:16.774+0000] {processor.py:830} INFO - Processing file /home/airflow/.local/lib/python3.8/site-packages/airflow/example_dags/example_branch_operator_decorator.py for tasks to queue
[2026-03-23T03:30:16.776+0000] {logging_mixin.py:188} INFO - [2026-03-23T03:30:16.776+0000] {dagbag.py:540} INFO - Filling up the DagBag from /home/airflow/.local/lib/python3.8/site-packages/airflow/example_dags/example_branch_operator_decorator.py
[2026-03-23T03:30:16.795+0000] {processor.py:840} INFO - DAG(s) 'example_branch_python_operator_decorator' retrieved from /home/airflow/.local/lib/python3.8/site-packages/airflow/example_dags/example_branch_operator_decorator.py
[2026-03-23T03:30:16.826+0000] {logging_mixin.py:188} INFO - [2026-03-23T03:30:16.826+0000] {dag.py:3047} INFO - Sync 1 DAGs
[2026-03-23T03:30:16.853+0000] {logging_mixin.py:188} INFO - [2026-03-23T03:30:16.852+0000] {dag.py:3834} INFO - Setting next_dagrun for example_branch_python_operator_decorator to 2026-03-22 00:00:00+00:00, run_after=2026-03-23 00:00:00+00:00
[2026-03-23T03:30:16.883+0000] {processor.py:183} INFO - Processing /home/airflow/.local/lib/python3.8/site-packages/airflow/example_dags/example_branch_operator_decorator.py took 0.113 seconds
[2026-03-23T03:30:47.863+0000] {processor.py:161} INFO - Started process (PID=706) to work on /home/airflow/.local/lib/python3.8/site-packages/airflow/example_dags/example_branch_operator_decorator.py
[2026-03-23T03:30:47.865+0000] {processor.py:830} INFO - Processing file /home/airflow/.local/lib/python3.8/site-packages/airflow/example_dags/example_branch_operator_decorator.py for tasks to queue
[2026-03-23T03:30:47.868+0000] {logging_mixin.py:188} INFO - [2026-03-23T03:30:47.867+0000] {dagbag.py:540} INFO - Filling up the DagBag from /home/airflow/.local/lib/python3.8/site-packages/airflow/example_dags/example_branch_operator_decorator.py
[2026-03-23T03:30:47.889+0000] {processor.py:840} INFO - DAG(s) 'example_branch_python_operator_decorator' retrieved from /home/airflow/.local/lib/python3.8/site-packages/airflow/example_dags/example_branch_operator_decorator.py
[2026-03-23T03:30:47.919+0000] {logging_mixin.py:188} INFO - [2026-03-23T03:30:47.919+0000] {dag.py:3047} INFO - Sync 1 DAGs
[2026-03-23T03:30:47.944+0000] {logging_mixin.py:188} INFO - [2026-03-23T03:30:47.944+0000] {dag.py:3834} INFO - Setting next_dagrun for example_branch_python_operator_decorator to 2026-03-22 00:00:00+00:00, run_after=2026-03-23 00:00:00+00:00
[2026-03-23T03:30:47.965+0000] {processor.py:183} INFO - Processing /home/airflow/.local/lib/python3.8/site-packages/airflow/example_dags/example_branch_operator_decorator.py took 0.105 seconds
[2026-03-23T03:31:18.070+0000] {processor.py:161} INFO - Started process (PID=761) to work on /home/airflow/.local/lib/python3.8/site-packages/airflow/example_dags/example_branch_operator_decorator.py
[2026-03-23T03:31:18.072+0000] {processor.py:830} INFO - Processing file /home/airflow/.local/lib/python3.8/site-packages/airflow/example_dags/example_branch_operator_decorator.py for tasks to queue
[2026-03-23T03:31:18.074+0000] {logging_mixin.py:188} INFO - [2026-03-23T03:31:18.073+0000] {dagbag.py:540} INFO - Filling up the DagBag from /home/airflow/.local/lib/python3.8/site-packages/airflow/example_dags/example_branch_operator_decorator.py
[2026-03-23T03:31:18.093+0000] {processor.py:840} INFO - DAG(s) 'example_branch_python_operator_decorator' retrieved from /home/airflow/.local/lib/python3.8/site-packages/airflow/example_dags/example_branch_operator_decorator.py
[2026-03-23T03:31:18.118+0000] {logging_mixin.py:188} INFO - [2026-03-23T03:31:18.118+0000] {dag.py:3047} INFO - Sync 1 DAGs
[2026-03-23T03:31:18.141+0000] {logging_mixin.py:188} INFO - [2026-03-23T03:31:18.141+0000] {dag.py:3834} INFO - Setting next_dagrun for example_branch_python_operator_decorator to 2026-03-22 00:00:00+00:00, run_after=2026-03-23 00:00:00+00:00
[2026-03-23T03:31:18.160+0000] {processor.py:183} INFO - Processing /home/airflow/.local/lib/python3.8/site-packages/airflow/example_dags/example_branch_operator_decorator.py took 0.093 seconds
[2026-03-23T03:31:48.659+0000] {processor.py:161} INFO - Started process (PID=816) to work on /home/airflow/.local/lib/python3.8/site-packages/airflow/example_dags/example_branch_operator_decorator.py
[2026-03-23T03:31:48.660+0000] {processor.py:830} INFO - Processing file /home/airflow/.local/lib/python3.8/site-packages/airflow/example_dags/example_branch_operator_decorator.py for tasks to queue
[2026-03-23T03:31:48.662+0000] {logging_mixin.py:188} INFO - [2026-03-23T03:31:48.661+0000] {dagbag.py:540} INFO - Filling up the DagBag from /home/airflow/.local/lib/python3.8/site-packages/airflow/example_dags/example_branch_operator_decorator.py
[2026-03-23T03:31:48.680+0000] {processor.py:840} INFO - DAG(s) 'example_branch_python_operator_decorator' retrieved from /home/airflow/.local/lib/python3.8/site-packages/airflow/example_dags/example_branch_operator_decorator.py
[2026-03-23T03:31:48.705+0000] {logging_mixin.py:188} INFO - [2026-03-23T03:31:48.705+0000] {dag.py:3047} INFO - Sync 1 DAGs
[2026-03-23T03:31:48.725+0000] {logging_mixin.py:188} INFO - [2026-03-23T03:31:48.725+0000] {dag.py:3834} INFO - Setting next_dagrun for example_branch_python_operator_decorator to 2026-03-22 00:00:00+00:00, run_after=2026-03-23 00:00:00+00:00
[2026-03-23T03:31:48.745+0000] {processor.py:183} INFO - Processing /home/airflow/.local/lib/python3.8/site-packages/airflow/example_dags/example_branch_operator_decorator.py took 0.089 seconds
[2026-03-23T03:32:19.389+0000] {processor.py:161} INFO - Started process (PID=871) to work on /home/airflow/.local/lib/python3.8/site-packages/airflow/example_dags/example_branch_operator_decorator.py
[2026-03-23T03:32:19.390+0000] {processor.py:830} INFO - Processing file /home/airflow/.local/lib/python3.8/site-packages/airflow/example_dags/example_branch_operator_decorator.py for tasks to queue
[2026-03-23T03:32:19.392+0000] {logging_mixin.py:188} INFO - [2026-03-23T03:32:19.391+0000] {dagbag.py:540} INFO - Filling up the DagBag from /home/airflow/.local/lib/python3.8/site-packages/airflow/example_dags/example_branch_operator_decorator.py
[2026-03-23T03:32:19.411+0000] {processor.py:840} INFO - DAG(s) 'example_branch_python_operator_decorator' retrieved from /home/airflow/.local/lib/python3.8/site-packages/airflow/example_dags/example_branch_operator_decorator.py
[2026-03-23T03:32:19.436+0000] {logging_mixin.py:188} INFO - [2026-03-23T03:32:19.435+0000] {dag.py:3047} INFO - Sync 1 DAGs
[2026-03-23T03:32:19.457+0000] {logging_mixin.py:188} INFO - [2026-03-23T03:32:19.457+0000] {dag.py:3834} INFO - Setting next_dagrun for example_branch_python_operator_decorator to 2026-03-22 00:00:00+00:00, run_after=2026-03-23 00:00:00+00:00
[2026-03-23T03:32:19.476+0000] {processor.py:183} INFO - Processing /home/airflow/.local/lib/python3.8/site-packages/airflow/example_dags/example_branch_operator_decorator.py took 0.090 seconds
[2026-03-23T03:32:50.473+0000] {processor.py:161} INFO - Started process (PID=926) to work on /home/airflow/.local/lib/python3.8/site-packages/airflow/example_dags/example_branch_operator_decorator.py
[2026-03-23T03:32:50.474+0000] {processor.py:830} INFO - Processing file /home/airflow/.local/lib/python3.8/site-packages/airflow/example_dags/example_branch_operator_decorator.py for tasks to queue
[2026-03-23T03:32:50.477+0000] {logging_mixin.py:188} INFO - [2026-03-23T03:32:50.476+0000] {dagbag.py:540} INFO - Filling up the DagBag from /home/airflow/.local/lib/python3.8/site-packages/airflow/example_dags/example_branch_operator_decorator.py
[2026-03-23T03:32:50.505+0000] {processor.py:840} INFO - DAG(s) 'example_branch_python_operator_decorator' retrieved from /home/airflow/.local/lib/python3.8/site-packages/airflow/example_dags/example_branch_operator_decorator.py
[2026-03-23T03:32:50.532+0000] {logging_mixin.py:188} INFO - [2026-03-23T03:32:50.532+0000] {dag.py:3047} INFO - Sync 1 DAGs
[2026-03-23T03:32:50.556+0000] {logging_mixin.py:188} INFO - [2026-03-23T03:32:50.556+0000] {dag.py:3834} INFO - Setting next_dagrun for example_branch_python_operator_decorator to 2026-03-22 00:00:00+00:00, run_after=2026-03-23 00:00:00+00:00
[2026-03-23T03:32:50.579+0000] {processor.py:183} INFO - Processing /home/airflow/.local/lib/python3.8/site-packages/airflow/example_dags/example_branch_operator_decorator.py took 0.110 seconds
[2026-03-23T03:33:20.737+0000] {processor.py:161} INFO - Started process (PID=981) to work on /home/airflow/.local/lib/python3.8/site-packages/airflow/example_dags/example_branch_operator_decorator.py
[2026-03-23T03:33:20.739+0000] {processor.py:830} INFO - Processing file /home/airflow/.local/lib/python3.8/site-packages/airflow/example_dags/example_branch_operator_decorator.py for tasks to queue
[2026-03-23T03:33:20.742+0000] {logging_mixin.py:188} INFO - [2026-03-23T03:33:20.741+0000] {dagbag.py:540} INFO - Filling up the DagBag from /home/airflow/.local/lib/python3.8/site-packages/airflow/example_dags/example_branch_operator_decorator.py
[2026-03-23T03:33:20.761+0000] {processor.py:840} INFO - DAG(s) 'example_branch_python_operator_decorator' retrieved from /home/airflow/.local/lib/python3.8/site-packages/airflow/example_dags/example_branch_operator_decorator.py
[2026-03-23T03:33:20.786+0000] {logging_mixin.py:188} INFO - [2026-03-23T03:33:20.786+0000] {dag.py:3047} INFO - Sync 1 DAGs
[2026-03-23T03:33:20.806+0000] {logging_mixin.py:188} INFO - [2026-03-23T03:33:20.806+0000] {dag.py:3834} INFO - Setting next_dagrun for example_branch_python_operator_decorator to 2026-03-22 00:00:00+00:00, run_after=2026-03-23 00:00:00+00:00
[2026-03-23T03:33:20.825+0000] {processor.py:183} INFO - Processing /home/airflow/.local/lib/python3.8/site-packages/airflow/example_dags/example_branch_operator_decorator.py took 0.091 seconds
[2026-03-23T03:33:50.975+0000] {processor.py:161} INFO - Started process (PID=1036) to work on /home/airflow/.local/lib/python3.8/site-packages/airflow/example_dags/example_branch_operator_decorator.py
[2026-03-23T03:33:50.976+0000] {processor.py:830} INFO - Processing file /home/airflow/.local/lib/python3.8/site-packages/airflow/example_dags/example_branch_operator_decorator.py for tasks to queue
[2026-03-23T03:33:50.978+0000] {logging_mixin.py:188} INFO - [2026-03-23T03:33:50.978+0000] {dagbag.py:540} INFO - Filling up the DagBag from /home/airflow/.local/lib/python3.8/site-packages/airflow/example_dags/example_branch_operator_decorator.py
[2026-03-23T03:33:50.997+0000] {processor.py:840} INFO - DAG(s) 'example_branch_python_operator_decorator' retrieved from /home/airflow/.local/lib/python3.8/site-packages/airflow/example_dags/example_branch_operator_decorator.py
[2026-03-23T03:33:51.024+0000] {logging_mixin.py:188} INFO - [2026-03-23T03:33:51.024+0000] {dag.py:3047} INFO - Sync 1 DAGs
[2026-03-23T03:33:51.045+0000] {logging_mixin.py:188} INFO - [2026-03-23T03:33:51.045+0000] {dag.py:3834} INFO - Setting next_dagrun for example_branch_python_operator_decorator to 2026-03-22 00:00:00+00:00, run_after=2026-03-23 00:00:00+00:00
[2026-03-23T03:33:51.066+0000] {processor.py:183} INFO - Processing /home/airflow/.local/lib/python3.8/site-packages/airflow/example_dags/example_branch_operator_decorator.py took 0.094 seconds
[2026-03-23T03:34:21.864+0000] {processor.py:161} INFO - Started process (PID=1091) to work on /home/airflow/.local/lib/python3.8/site-packages/airflow/example_dags/example_branch_operator_decorator.py
[2026-03-23T03:34:21.865+0000] {processor.py:830} INFO - Processing file /home/airflow/.local/lib/python3.8/site-packages/airflow/example_dags/example_branch_operator_decorator.py for tasks to queue
[2026-03-23T03:34:21.866+0000] {logging_mixin.py:188} INFO - [2026-03-23T03:34:21.866+0000] {dagbag.py:540} INFO - Filling up the DagBag from /home/airflow/.local/lib/python3.8/site-packages/airflow/example_dags/example_branch_operator_decorator.py
[2026-03-23T03:34:21.884+0000] {processor.py:840} INFO - DAG(s) 'example_branch_python_operator_decorator' retrieved from /home/airflow/.local/lib/python3.8/site-packages/airflow/example_dags/example_branch_operator_decorator.py
[2026-03-23T03:34:21.911+0000] {logging_mixin.py:188} INFO - [2026-03-23T03:34:21.910+0000] {dag.py:3047} INFO - Sync 1 DAGs
[2026-03-23T03:34:21.933+0000] {logging_mixin.py:188} INFO - [2026-03-23T03:34:21.932+0000] {dag.py:3834} INFO - Setting next_dagrun for example_branch_python_operator_decorator to 2026-03-22 00:00:00+00:00, run_after=2026-03-23 00:00:00+00:00
[2026-03-23T03:34:21.953+0000] {processor.py:183} INFO - Processing /home/airflow/.local/lib/python3.8/site-packages/airflow/example_dags/example_branch_operator_decorator.py took 0.092 seconds
[2026-03-23T03:34:52.187+0000] {processor.py:161} INFO - Started process (PID=1146) to work on /home/airflow/.local/lib/python3.8/site-packages/airflow/example_dags/example_branch_operator_decorator.py
[2026-03-23T03:34:52.188+0000] {processor.py:830} INFO - Processing file /home/airflow/.local/lib/python3.8/site-packages/airflow/example_dags/example_branch_operator_decorator.py for tasks to queue
[2026-03-23T03:34:52.190+0000] {logging_mixin.py:188} INFO - [2026-03-23T03:34:52.190+0000] {dagbag.py:540} INFO - Filling up the DagBag from /home/airflow/.local/lib/python3.8/site-packages/airflow/example_dags/example_branch_operator_decorator.py
[2026-03-23T03:34:52.210+0000] {processor.py:840} INFO - DAG(s) 'example_branch_python_operator_decorator' retrieved from /home/airflow/.local/lib/python3.8/site-packages/airflow/example_dags/example_branch_operator_decorator.py
[2026-03-23T03:34:52.241+0000] {logging_mixin.py:188} INFO - [2026-03-23T03:34:52.240+0000] {dag.py:3047} INFO - Sync 1 DAGs
[2026-03-23T03:34:52.267+0000] {logging_mixin.py:188} INFO - [2026-03-23T03:34:52.266+0000] {dag.py:3834} INFO - Setting next_dagrun for example_branch_python_operator_decorator to 2026-03-22 00:00:00+00:00, run_after=2026-03-23 00:00:00+00:00
[2026-03-23T03:34:52.290+0000] {processor.py:183} INFO - Processing /home/airflow/.local/lib/python3.8/site-packages/airflow/example_dags/example_branch_operator_decorator.py took 0.106 seconds
[2026-03-23T03:37:21.152+0000] {processor.py:161} INFO - Started process (PID=95) to work on /home/airflow/.local/lib/python3.8/site-packages/airflow/example_dags/example_branch_operator_decorator.py
[2026-03-23T03:37:21.153+0000] {processor.py:830} INFO - Processing file /home/airflow/.local/lib/python3.8/site-packages/airflow/example_dags/example_branch_operator_decorator.py for tasks to queue
[2026-03-23T03:37:21.156+0000] {logging_mixin.py:188} INFO - [2026-03-23T03:37:21.155+0000] {dagbag.py:540} INFO - Filling up the DagBag from /home/airflow/.local/lib/python3.8/site-packages/airflow/example_dags/example_branch_operator_decorator.py
[2026-03-23T03:37:21.188+0000] {processor.py:840} INFO - DAG(s) 'example_branch_python_operator_decorator' retrieved from /home/airflow/.local/lib/python3.8/site-packages/airflow/example_dags/example_branch_operator_decorator.py
[2026-03-23T03:37:21.203+0000] {logging_mixin.py:188} INFO - [2026-03-23T03:37:21.202+0000] {dag.py:3047} INFO - Sync 1 DAGs
[2026-03-23T03:37:21.232+0000] {logging_mixin.py:188} INFO - [2026-03-23T03:37:21.231+0000] {dag.py:3834} INFO - Setting next_dagrun for example_branch_python_operator_decorator to 2026-03-22 00:00:00+00:00, run_after=2026-03-23 00:00:00+00:00
[2026-03-23T03:37:21.258+0000] {processor.py:183} INFO - Processing /home/airflow/.local/lib/python3.8/site-packages/airflow/example_dags/example_branch_operator_decorator.py took 0.110 seconds
[2026-03-23T03:37:53.079+0000] {processor.py:161} INFO - Started process (PID=156) to work on /home/airflow/.local/lib/python3.8/site-packages/airflow/example_dags/example_branch_operator_decorator.py
[2026-03-23T03:37:53.081+0000] {processor.py:830} INFO - Processing file /home/airflow/.local/lib/python3.8/site-packages/airflow/example_dags/example_branch_operator_decorator.py for tasks to queue
[2026-03-23T03:37:53.083+0000] {logging_mixin.py:188} INFO - [2026-03-23T03:37:53.082+0000] {dagbag.py:540} INFO - Filling up the DagBag from /home/airflow/.local/lib/python3.8/site-packages/airflow/example_dags/example_branch_operator_decorator.py
[2026-03-23T03:37:53.105+0000] {processor.py:840} INFO - DAG(s) 'example_branch_python_operator_decorator' retrieved from /home/airflow/.local/lib/python3.8/site-packages/airflow/example_dags/example_branch_operator_decorator.py
[2026-03-23T03:37:53.242+0000] {logging_mixin.py:188} INFO - [2026-03-23T03:37:53.242+0000] {dag.py:3047} INFO - Sync 1 DAGs
[2026-03-23T03:37:53.266+0000] {logging_mixin.py:188} INFO - [2026-03-23T03:37:53.265+0000] {dag.py:3834} INFO - Setting next_dagrun for example_branch_python_operator_decorator to 2026-03-22 00:00:00+00:00, run_after=2026-03-23 00:00:00+00:00
[2026-03-23T03:37:53.297+0000] {processor.py:183} INFO - Processing /home/airflow/.local/lib/python3.8/site-packages/airflow/example_dags/example_branch_operator_decorator.py took 0.221 seconds
[2026-03-23T03:38:23.386+0000] {processor.py:161} INFO - Started process (PID=211) to work on /home/airflow/.local/lib/python3.8/site-packages/airflow/example_dags/example_branch_operator_decorator.py
[2026-03-23T03:38:23.387+0000] {processor.py:830} INFO - Processing file /home/airflow/.local/lib/python3.8/site-packages/airflow/example_dags/example_branch_operator_decorator.py for tasks to queue
[2026-03-23T03:38:23.389+0000] {logging_mixin.py:188} INFO - [2026-03-23T03:38:23.389+0000] {dagbag.py:540} INFO - Filling up the DagBag from /home/airflow/.local/lib/python3.8/site-packages/airflow/example_dags/example_branch_operator_decorator.py
[2026-03-23T03:38:23.407+0000] {processor.py:840} INFO - DAG(s) 'example_branch_python_operator_decorator' retrieved from /home/airflow/.local/lib/python3.8/site-packages/airflow/example_dags/example_branch_operator_decorator.py
[2026-03-23T03:38:23.434+0000] {logging_mixin.py:188} INFO - [2026-03-23T03:38:23.433+0000] {dag.py:3047} INFO - Sync 1 DAGs
[2026-03-23T03:38:23.452+0000] {logging_mixin.py:188} INFO - [2026-03-23T03:38:23.452+0000] {dag.py:3834} INFO - Setting next_dagrun for example_branch_python_operator_decorator to 2026-03-22 00:00:00+00:00, run_after=2026-03-23 00:00:00+00:00
[2026-03-23T03:38:23.470+0000] {processor.py:183} INFO - Processing /home/airflow/.local/lib/python3.8/site-packages/airflow/example_dags/example_branch_operator_decorator.py took 0.087 seconds
[2026-03-23T03:38:53.641+0000] {processor.py:161} INFO - Started process (PID=266) to work on /home/airflow/.local/lib/python3.8/site-packages/airflow/example_dags/example_branch_operator_decorator.py
[2026-03-23T03:38:53.642+0000] {processor.py:830} INFO - Processing file /home/airflow/.local/lib/python3.8/site-packages/airflow/example_dags/example_branch_operator_decorator.py for tasks to queue
[2026-03-23T03:38:53.644+0000] {logging_mixin.py:188} INFO - [2026-03-23T03:38:53.644+0000] {dagbag.py:540} INFO - Filling up the DagBag from /home/airflow/.local/lib/python3.8/site-packages/airflow/example_dags/example_branch_operator_decorator.py
[2026-03-23T03:38:53.664+0000] {processor.py:840} INFO - DAG(s) 'example_branch_python_operator_decorator' retrieved from /home/airflow/.local/lib/python3.8/site-packages/airflow/example_dags/example_branch_operator_decorator.py
[2026-03-23T03:38:53.692+0000] {logging_mixin.py:188} INFO - [2026-03-23T03:38:53.692+0000] {dag.py:3047} INFO - Sync 1 DAGs
[2026-03-23T03:38:53.714+0000] {logging_mixin.py:188} INFO - [2026-03-23T03:38:53.713+0000] {dag.py:3834} INFO - Setting next_dagrun for example_branch_python_operator_decorator to 2026-03-22 00:00:00+00:00, run_after=2026-03-23 00:00:00+00:00
[2026-03-23T03:38:53.737+0000] {processor.py:183} INFO - Processing /home/airflow/.local/lib/python3.8/site-packages/airflow/example_dags/example_branch_operator_decorator.py took 0.099 seconds
[2026-03-23T03:39:24.020+0000] {processor.py:161} INFO - Started process (PID=321) to work on /home/airflow/.local/lib/python3.8/site-packages/airflow/example_dags/example_branch_operator_decorator.py
[2026-03-23T03:39:24.022+0000] {processor.py:830} INFO - Processing file /home/airflow/.local/lib/python3.8/site-packages/airflow/example_dags/example_branch_operator_decorator.py for tasks to queue
[2026-03-23T03:39:24.023+0000] {logging_mixin.py:188} INFO - [2026-03-23T03:39:24.023+0000] {dagbag.py:540} INFO - Filling up the DagBag from /home/airflow/.local/lib/python3.8/site-packages/airflow/example_dags/example_branch_operator_decorator.py
[2026-03-23T03:39:24.045+0000] {processor.py:840} INFO - DAG(s) 'example_branch_python_operator_decorator' retrieved from /home/airflow/.local/lib/python3.8/site-packages/airflow/example_dags/example_branch_operator_decorator.py
[2026-03-23T03:39:24.073+0000] {logging_mixin.py:188} INFO - [2026-03-23T03:39:24.072+0000] {dag.py:3047} INFO - Sync 1 DAGs
[2026-03-23T03:39:24.096+0000] {logging_mixin.py:188} INFO - [2026-03-23T03:39:24.096+0000] {dag.py:3834} INFO - Setting next_dagrun for example_branch_python_operator_decorator to 2026-03-22 00:00:00+00:00, run_after=2026-03-23 00:00:00+00:00
[2026-03-23T03:39:24.117+0000] {processor.py:183} INFO - Processing /home/airflow/.local/lib/python3.8/site-packages/airflow/example_dags/example_branch_operator_decorator.py took 0.100 seconds
[2026-03-23T03:39:54.393+0000] {processor.py:161} INFO - Started process (PID=376) to work on /home/airflow/.local/lib/python3.8/site-packages/airflow/example_dags/example_branch_operator_decorator.py
[2026-03-23T03:39:54.394+0000] {processor.py:830} INFO - Processing file /home/airflow/.local/lib/python3.8/site-packages/airflow/example_dags/example_branch_operator_decorator.py for tasks to queue
[2026-03-23T03:39:54.396+0000] {logging_mixin.py:188} INFO - [2026-03-23T03:39:54.396+0000] {dagbag.py:540} INFO - Filling up the DagBag from /home/airflow/.local/lib/python3.8/site-packages/airflow/example_dags/example_branch_operator_decorator.py
[2026-03-23T03:39:54.416+0000] {processor.py:840} INFO - DAG(s) 'example_branch_python_operator_decorator' retrieved from /home/airflow/.local/lib/python3.8/site-packages/airflow/example_dags/example_branch_operator_decorator.py
[2026-03-23T03:39:54.444+0000] {logging_mixin.py:188} INFO - [2026-03-23T03:39:54.444+0000] {dag.py:3047} INFO - Sync 1 DAGs
[2026-03-23T03:39:54.464+0000] {logging_mixin.py:188} INFO - [2026-03-23T03:39:54.464+0000] {dag.py:3834} INFO - Setting next_dagrun for example_branch_python_operator_decorator to 2026-03-22 00:00:00+00:00, run_after=2026-03-23 00:00:00+00:00
[2026-03-23T03:39:54.485+0000] {processor.py:183} INFO - Processing /home/airflow/.local/lib/python3.8/site-packages/airflow/example_dags/example_branch_operator_decorator.py took 0.095 seconds
[2026-03-23T03:40:24.837+0000] {processor.py:161} INFO - Started process (PID=431) to work on /home/airflow/.local/lib/python3.8/site-packages/airflow/example_dags/example_branch_operator_decorator.py
[2026-03-23T03:40:24.838+0000] {processor.py:830} INFO - Processing file /home/airflow/.local/lib/python3.8/site-packages/airflow/example_dags/example_branch_operator_decorator.py for tasks to queue
[2026-03-23T03:40:24.839+0000] {logging_mixin.py:188} INFO - [2026-03-23T03:40:24.839+0000] {dagbag.py:540} INFO - Filling up the DagBag from /home/airflow/.local/lib/python3.8/site-packages/airflow/example_dags/example_branch_operator_decorator.py
[2026-03-23T03:40:24.858+0000] {processor.py:840} INFO - DAG(s) 'example_branch_python_operator_decorator' retrieved from /home/airflow/.local/lib/python3.8/site-packages/airflow/example_dags/example_branch_operator_decorator.py
[2026-03-23T03:40:24.883+0000] {logging_mixin.py:188} INFO - [2026-03-23T03:40:24.883+0000] {dag.py:3047} INFO - Sync 1 DAGs
[2026-03-23T03:40:24.904+0000] {logging_mixin.py:188} INFO - [2026-03-23T03:40:24.904+0000] {dag.py:3834} INFO - Setting next_dagrun for example_branch_python_operator_decorator to 2026-03-22 00:00:00+00:00, run_after=2026-03-23 00:00:00+00:00
[2026-03-23T03:40:24.924+0000] {processor.py:183} INFO - Processing /home/airflow/.local/lib/python3.8/site-packages/airflow/example_dags/example_branch_operator_decorator.py took 0.090 seconds
[2026-03-23T03:40:55.909+0000] {processor.py:161} INFO - Started process (PID=486) to work on /home/airflow/.local/lib/python3.8/site-packages/airflow/example_dags/example_branch_operator_decorator.py
[2026-03-23T03:40:55.910+0000] {processor.py:830} INFO - Processing file /home/airflow/.local/lib/python3.8/site-packages/airflow/example_dags/example_branch_operator_decorator.py for tasks to queue
[2026-03-23T03:40:55.913+0000] {logging_mixin.py:188} INFO - [2026-03-23T03:40:55.912+0000] {dagbag.py:540} INFO - Filling up the DagBag from /home/airflow/.local/lib/python3.8/site-packages/airflow/example_dags/example_branch_operator_decorator.py
[2026-03-23T03:40:55.944+0000] {processor.py:840} INFO - DAG(s) 'example_branch_python_operator_decorator' retrieved from /home/airflow/.local/lib/python3.8/site-packages/airflow/example_dags/example_branch_operator_decorator.py
[2026-03-23T03:40:55.982+0000] {logging_mixin.py:188} INFO - [2026-03-23T03:40:55.981+0000] {dag.py:3047} INFO - Sync 1 DAGs
[2026-03-23T03:40:56.013+0000] {logging_mixin.py:188} INFO - [2026-03-23T03:40:56.012+0000] {dag.py:3834} INFO - Setting next_dagrun for example_branch_python_operator_decorator to 2026-03-22 00:00:00+00:00, run_after=2026-03-23 00:00:00+00:00
[2026-03-23T03:40:56.049+0000] {processor.py:183} INFO - Processing /home/airflow/.local/lib/python3.8/site-packages/airflow/example_dags/example_branch_operator_decorator.py took 0.144 seconds
[2026-03-23T03:41:26.186+0000] {processor.py:161} INFO - Started process (PID=541) to work on /home/airflow/.local/lib/python3.8/site-packages/airflow/example_dags/example_branch_operator_decorator.py
[2026-03-23T03:41:26.188+0000] {processor.py:830} INFO - Processing file /home/airflow/.local/lib/python3.8/site-packages/airflow/example_dags/example_branch_operator_decorator.py for tasks to queue
[2026-03-23T03:41:26.190+0000] {logging_mixin.py:188} INFO - [2026-03-23T03:41:26.190+0000] {dagbag.py:540} INFO - Filling up the DagBag from /home/airflow/.local/lib/python3.8/site-packages/airflow/example_dags/example_branch_operator_decorator.py
[2026-03-23T03:41:26.209+0000] {processor.py:840} INFO - DAG(s) 'example_branch_python_operator_decorator' retrieved from /home/airflow/.local/lib/python3.8/site-packages/airflow/example_dags/example_branch_operator_decorator.py
[2026-03-23T03:41:26.237+0000] {logging_mixin.py:188} INFO - [2026-03-23T03:41:26.237+0000] {dag.py:3047} INFO - Sync 1 DAGs
[2026-03-23T03:41:26.261+0000] {logging_mixin.py:188} INFO - [2026-03-23T03:41:26.261+0000] {dag.py:3834} INFO - Setting next_dagrun for example_branch_python_operator_decorator to 2026-03-22 00:00:00+00:00, run_after=2026-03-23 00:00:00+00:00
[2026-03-23T03:41:26.284+0000] {processor.py:183} INFO - Processing /home/airflow/.local/lib/python3.8/site-packages/airflow/example_dags/example_branch_operator_decorator.py took 0.100 seconds
[2026-03-23T03:41:56.534+0000] {processor.py:161} INFO - Started process (PID=596) to work on /home/airflow/.local/lib/python3.8/site-packages/airflow/example_dags/example_branch_operator_decorator.py
[2026-03-23T03:41:56.535+0000] {processor.py:830} INFO - Processing file /home/airflow/.local/lib/python3.8/site-packages/airflow/example_dags/example_branch_operator_decorator.py for tasks to queue
[2026-03-23T03:41:56.537+0000] {logging_mixin.py:188} INFO - [2026-03-23T03:41:56.536+0000] {dagbag.py:540} INFO - Filling up the DagBag from /home/airflow/.local/lib/python3.8/site-packages/airflow/example_dags/example_branch_operator_decorator.py
[2026-03-23T03:41:56.558+0000] {processor.py:840} INFO - DAG(s) 'example_branch_python_operator_decorator' retrieved from /home/airflow/.local/lib/python3.8/site-packages/airflow/example_dags/example_branch_operator_decorator.py
[2026-03-23T03:41:56.587+0000] {logging_mixin.py:188} INFO - [2026-03-23T03:41:56.587+0000] {dag.py:3047} INFO - Sync 1 DAGs
[2026-03-23T03:41:56.613+0000] {logging_mixin.py:188} INFO - [2026-03-23T03:41:56.612+0000] {dag.py:3834} INFO - Setting next_dagrun for example_branch_python_operator_decorator to 2026-03-22 00:00:00+00:00, run_after=2026-03-23 00:00:00+00:00
[2026-03-23T03:41:56.634+0000] {processor.py:183} INFO - Processing /home/airflow/.local/lib/python3.8/site-packages/airflow/example_dags/example_branch_operator_decorator.py took 0.103 seconds
[2026-03-23T03:42:26.670+0000] {processor.py:161} INFO - Started process (PID=651) to work on /home/airflow/.local/lib/python3.8/site-packages/airflow/example_dags/example_branch_operator_decorator.py
[2026-03-23T03:42:26.671+0000] {processor.py:830} INFO - Processing file /home/airflow/.local/lib/python3.8/site-packages/airflow/example_dags/example_branch_operator_decorator.py for tasks to queue
[2026-03-23T03:42:26.673+0000] {logging_mixin.py:188} INFO - [2026-03-23T03:42:26.672+0000] {dagbag.py:540} INFO - Filling up the DagBag from /home/airflow/.local/lib/python3.8/site-packages/airflow/example_dags/example_branch_operator_decorator.py
[2026-03-23T03:42:26.692+0000] {processor.py:840} INFO - DAG(s) 'example_branch_python_operator_decorator' retrieved from /home/airflow/.local/lib/python3.8/site-packages/airflow/example_dags/example_branch_operator_decorator.py
[2026-03-23T03:42:26.720+0000] {logging_mixin.py:188} INFO - [2026-03-23T03:42:26.719+0000] {dag.py:3047} INFO - Sync 1 DAGs
[2026-03-23T03:42:26.740+0000] {logging_mixin.py:188} INFO - [2026-03-23T03:42:26.740+0000] {dag.py:3834} INFO - Setting next_dagrun for example_branch_python_operator_decorator to 2026-03-22 00:00:00+00:00, run_after=2026-03-23 00:00:00+00:00
[2026-03-23T03:42:26.758+0000] {processor.py:183} INFO - Processing /home/airflow/.local/lib/python3.8/site-packages/airflow/example_dags/example_branch_operator_decorator.py took 0.092 seconds
[2026-03-23T03:42:57.356+0000] {processor.py:161} INFO - Started process (PID=706) to work on /home/airflow/.local/lib/python3.8/site-packages/airflow/example_dags/example_branch_operator_decorator.py
[2026-03-23T03:42:57.357+0000] {processor.py:830} INFO - Processing file /home/airflow/.local/lib/python3.8/site-packages/airflow/example_dags/example_branch_operator_decorator.py for tasks to queue
[2026-03-23T03:42:57.359+0000] {logging_mixin.py:188} INFO - [2026-03-23T03:42:57.358+0000] {dagbag.py:540} INFO - Filling up the DagBag from /home/airflow/.local/lib/python3.8/site-packages/airflow/example_dags/example_branch_operator_decorator.py
[2026-03-23T03:42:57.376+0000] {processor.py:840} INFO - DAG(s) 'example_branch_python_operator_decorator' retrieved from /home/airflow/.local/lib/python3.8/site-packages/airflow/example_dags/example_branch_operator_decorator.py
[2026-03-23T03:42:57.402+0000] {logging_mixin.py:188} INFO - [2026-03-23T03:42:57.402+0000] {dag.py:3047} INFO - Sync 1 DAGs
[2026-03-23T03:42:57.424+0000] {logging_mixin.py:188} INFO - [2026-03-23T03:42:57.424+0000] {dag.py:3834} INFO - Setting next_dagrun for example_branch_python_operator_decorator to 2026-03-22 00:00:00+00:00, run_after=2026-03-23 00:00:00+00:00
[2026-03-23T03:42:57.445+0000] {processor.py:183} INFO - Processing /home/airflow/.local/lib/python3.8/site-packages/airflow/example_dags/example_branch_operator_decorator.py took 0.092 seconds
[2026-03-23T03:43:27.770+0000] {processor.py:161} INFO - Started process (PID=761) to work on /home/airflow/.local/lib/python3.8/site-packages/airflow/example_dags/example_branch_operator_decorator.py
[2026-03-23T03:43:27.771+0000] {processor.py:830} INFO - Processing file /home/airflow/.local/lib/python3.8/site-packages/airflow/example_dags/example_branch_operator_decorator.py for tasks to queue
[2026-03-23T03:43:27.773+0000] {logging_mixin.py:188} INFO - [2026-03-23T03:43:27.773+0000] {dagbag.py:540} INFO - Filling up the DagBag from /home/airflow/.local/lib/python3.8/site-packages/airflow/example_dags/example_branch_operator_decorator.py
[2026-03-23T03:43:27.793+0000] {processor.py:840} INFO - DAG(s) 'example_branch_python_operator_decorator' retrieved from /home/airflow/.local/lib/python3.8/site-packages/airflow/example_dags/example_branch_operator_decorator.py
[2026-03-23T03:43:27.822+0000] {logging_mixin.py:188} INFO - [2026-03-23T03:43:27.821+0000] {dag.py:3047} INFO - Sync 1 DAGs
[2026-03-23T03:43:27.845+0000] {logging_mixin.py:188} INFO - [2026-03-23T03:43:27.844+0000] {dag.py:3834} INFO - Setting next_dagrun for example_branch_python_operator_decorator to 2026-03-22 00:00:00+00:00, run_after=2026-03-23 00:00:00+00:00
[2026-03-23T03:43:27.867+0000] {processor.py:183} INFO - Processing /home/airflow/.local/lib/python3.8/site-packages/airflow/example_dags/example_branch_operator_decorator.py took 0.100 seconds
[2026-03-23T03:43:58.174+0000] {processor.py:161} INFO - Started process (PID=816) to work on /home/airflow/.local/lib/python3.8/site-packages/airflow/example_dags/example_branch_operator_decorator.py
[2026-03-23T03:43:58.175+0000] {processor.py:830} INFO - Processing file /home/airflow/.local/lib/python3.8/site-packages/airflow/example_dags/example_branch_operator_decorator.py for tasks to queue
[2026-03-23T03:43:58.177+0000] {logging_mixin.py:188} INFO - [2026-03-23T03:43:58.177+0000] {dagbag.py:540} INFO - Filling up the DagBag from /home/airflow/.local/lib/python3.8/site-packages/airflow/example_dags/example_branch_operator_decorator.py
[2026-03-23T03:43:58.196+0000] {processor.py:840} INFO - DAG(s) 'example_branch_python_operator_decorator' retrieved from /home/airflow/.local/lib/python3.8/site-packages/airflow/example_dags/example_branch_operator_decorator.py
[2026-03-23T03:43:58.222+0000] {logging_mixin.py:188} INFO - [2026-03-23T03:43:58.222+0000] {dag.py:3047} INFO - Sync 1 DAGs
[2026-03-23T03:43:58.241+0000] {logging_mixin.py:188} INFO - [2026-03-23T03:43:58.241+0000] {dag.py:3834} INFO - Setting next_dagrun for example_branch_python_operator_decorator to 2026-03-22 00:00:00+00:00, run_after=2026-03-23 00:00:00+00:00
[2026-03-23T03:43:58.260+0000] {processor.py:183} INFO - Processing /home/airflow/.local/lib/python3.8/site-packages/airflow/example_dags/example_branch_operator_decorator.py took 0.090 seconds
[2026-03-23T03:44:28.658+0000] {processor.py:161} INFO - Started process (PID=871) to work on /home/airflow/.local/lib/python3.8/site-packages/airflow/example_dags/example_branch_operator_decorator.py
[2026-03-23T03:44:28.659+0000] {processor.py:830} INFO - Processing file /home/airflow/.local/lib/python3.8/site-packages/airflow/example_dags/example_branch_operator_decorator.py for tasks to queue
[2026-03-23T03:44:28.661+0000] {logging_mixin.py:188} INFO - [2026-03-23T03:44:28.660+0000] {dagbag.py:540} INFO - Filling up the DagBag from /home/airflow/.local/lib/python3.8/site-packages/airflow/example_dags/example_branch_operator_decorator.py
[2026-03-23T03:44:28.678+0000] {processor.py:840} INFO - DAG(s) 'example_branch_python_operator_decorator' retrieved from /home/airflow/.local/lib/python3.8/site-packages/airflow/example_dags/example_branch_operator_decorator.py
[2026-03-23T03:44:28.704+0000] {logging_mixin.py:188} INFO - [2026-03-23T03:44:28.704+0000] {dag.py:3047} INFO - Sync 1 DAGs
[2026-03-23T03:44:28.727+0000] {logging_mixin.py:188} INFO - [2026-03-23T03:44:28.727+0000] {dag.py:3834} INFO - Setting next_dagrun for example_branch_python_operator_decorator to 2026-03-22 00:00:00+00:00, run_after=2026-03-23 00:00:00+00:00
[2026-03-23T03:44:28.746+0000] {processor.py:183} INFO - Processing /home/airflow/.local/lib/python3.8/site-packages/airflow/example_dags/example_branch_operator_decorator.py took 0.091 seconds
[2026-03-23T03:44:59.173+0000] {processor.py:161} INFO - Started process (PID=926) to work on /home/airflow/.local/lib/python3.8/site-packages/airflow/example_dags/example_branch_operator_decorator.py
[2026-03-23T03:44:59.174+0000] {processor.py:830} INFO - Processing file /home/airflow/.local/lib/python3.8/site-packages/airflow/example_dags/example_branch_operator_decorator.py for tasks to queue
[2026-03-23T03:44:59.176+0000] {logging_mixin.py:188} INFO - [2026-03-23T03:44:59.176+0000] {dagbag.py:540} INFO - Filling up the DagBag from /home/airflow/.local/lib/python3.8/site-packages/airflow/example_dags/example_branch_operator_decorator.py
[2026-03-23T03:44:59.195+0000] {processor.py:840} INFO - DAG(s) 'example_branch_python_operator_decorator' retrieved from /home/airflow/.local/lib/python3.8/site-packages/airflow/example_dags/example_branch_operator_decorator.py
[2026-03-23T03:44:59.223+0000] {logging_mixin.py:188} INFO - [2026-03-23T03:44:59.223+0000] {dag.py:3047} INFO - Sync 1 DAGs
[2026-03-23T03:44:59.249+0000] {logging_mixin.py:188} INFO - [2026-03-23T03:44:59.248+0000] {dag.py:3834} INFO - Setting next_dagrun for example_branch_python_operator_decorator to 2026-03-22 00:00:00+00:00, run_after=2026-03-23 00:00:00+00:00
[2026-03-23T03:44:59.271+0000] {processor.py:183} INFO - Processing /home/airflow/.local/lib/python3.8/site-packages/airflow/example_dags/example_branch_operator_decorator.py took 0.100 seconds
[2026-03-23T03:45:29.449+0000] {processor.py:161} INFO - Started process (PID=981) to work on /home/airflow/.local/lib/python3.8/site-packages/airflow/example_dags/example_branch_operator_decorator.py
[2026-03-23T03:45:29.451+0000] {processor.py:830} INFO - Processing file /home/airflow/.local/lib/python3.8/site-packages/airflow/example_dags/example_branch_operator_decorator.py for tasks to queue
[2026-03-23T03:45:29.453+0000] {logging_mixin.py:188} INFO - [2026-03-23T03:45:29.452+0000] {dagbag.py:540} INFO - Filling up the DagBag from /home/airflow/.local/lib/python3.8/site-packages/airflow/example_dags/example_branch_operator_decorator.py
[2026-03-23T03:45:29.473+0000] {processor.py:840} INFO - DAG(s) 'example_branch_python_operator_decorator' retrieved from /home/airflow/.local/lib/python3.8/site-packages/airflow/example_dags/example_branch_operator_decorator.py
[2026-03-23T03:45:29.503+0000] {logging_mixin.py:188} INFO - [2026-03-23T03:45:29.503+0000] {dag.py:3047} INFO - Sync 1 DAGs
[2026-03-23T03:45:29.528+0000] {logging_mixin.py:188} INFO - [2026-03-23T03:45:29.528+0000] {dag.py:3834} INFO - Setting next_dagrun for example_branch_python_operator_decorator to 2026-03-22 00:00:00+00:00, run_after=2026-03-23 00:00:00+00:00
[2026-03-23T03:45:29.551+0000] {processor.py:183} INFO - Processing /home/airflow/.local/lib/python3.8/site-packages/airflow/example_dags/example_branch_operator_decorator.py took 0.105 seconds
[2026-03-23T03:45:59.671+0000] {processor.py:161} INFO - Started process (PID=1036) to work on /home/airflow/.local/lib/python3.8/site-packages/airflow/example_dags/example_branch_operator_decorator.py
[2026-03-23T03:45:59.672+0000] {processor.py:830} INFO - Processing file /home/airflow/.local/lib/python3.8/site-packages/airflow/example_dags/example_branch_operator_decorator.py for tasks to queue
[2026-03-23T03:45:59.674+0000] {logging_mixin.py:188} INFO - [2026-03-23T03:45:59.674+0000] {dagbag.py:540} INFO - Filling up the DagBag from /home/airflow/.local/lib/python3.8/site-packages/airflow/example_dags/example_branch_operator_decorator.py
[2026-03-23T03:45:59.695+0000] {processor.py:840} INFO - DAG(s) 'example_branch_python_operator_decorator' retrieved from /home/airflow/.local/lib/python3.8/site-packages/airflow/example_dags/example_branch_operator_decorator.py
[2026-03-23T03:45:59.725+0000] {logging_mixin.py:188} INFO - [2026-03-23T03:45:59.725+0000] {dag.py:3047} INFO - Sync 1 DAGs
[2026-03-23T03:45:59.750+0000] {logging_mixin.py:188} INFO - [2026-03-23T03:45:59.750+0000] {dag.py:3834} INFO - Setting next_dagrun for example_branch_python_operator_decorator to 2026-03-22 00:00:00+00:00, run_after=2026-03-23 00:00:00+00:00
[2026-03-23T03:45:59.774+0000] {processor.py:183} INFO - Processing /home/airflow/.local/lib/python3.8/site-packages/airflow/example_dags/example_branch_operator_decorator.py took 0.106 seconds
[2026-03-23T03:46:30.028+0000] {processor.py:161} INFO - Started process (PID=1091) to work on /home/airflow/.local/lib/python3.8/site-packages/airflow/example_dags/example_branch_operator_decorator.py
[2026-03-23T03:46:30.029+0000] {processor.py:830} INFO - Processing file /home/airflow/.local/lib/python3.8/site-packages/airflow/example_dags/example_branch_operator_decorator.py for tasks to queue
[2026-03-23T03:46:30.032+0000] {logging_mixin.py:188} INFO - [2026-03-23T03:46:30.031+0000] {dagbag.py:540} INFO - Filling up the DagBag from /home/airflow/.local/lib/python3.8/site-packages/airflow/example_dags/example_branch_operator_decorator.py
[2026-03-23T03:46:30.054+0000] {processor.py:840} INFO - DAG(s) 'example_branch_python_operator_decorator' retrieved from /home/airflow/.local/lib/python3.8/site-packages/airflow/example_dags/example_branch_operator_decorator.py
[2026-03-23T03:46:30.084+0000] {logging_mixin.py:188} INFO - [2026-03-23T03:46:30.084+0000] {dag.py:3047} INFO - Sync 1 DAGs
[2026-03-23T03:46:30.109+0000] {logging_mixin.py:188} INFO - [2026-03-23T03:46:30.108+0000] {dag.py:3834} INFO - Setting next_dagrun for example_branch_python_operator_decorator to 2026-03-22 00:00:00+00:00, run_after=2026-03-23 00:00:00+00:00
[2026-03-23T03:46:30.133+0000] {processor.py:183} INFO - Processing /home/airflow/.local/lib/python3.8/site-packages/airflow/example_dags/example_branch_operator_decorator.py took 0.108 seconds
[2026-03-23T03:47:00.390+0000] {processor.py:161} INFO - Started process (PID=1146) to work on /home/airflow/.local/lib/python3.8/site-packages/airflow/example_dags/example_branch_operator_decorator.py
[2026-03-23T03:47:00.392+0000] {processor.py:830} INFO - Processing file /home/airflow/.local/lib/python3.8/site-packages/airflow/example_dags/example_branch_operator_decorator.py for tasks to queue
[2026-03-23T03:47:00.393+0000] {logging_mixin.py:188} INFO - [2026-03-23T03:47:00.393+0000] {dagbag.py:540} INFO - Filling up the DagBag from /home/airflow/.local/lib/python3.8/site-packages/airflow/example_dags/example_branch_operator_decorator.py
[2026-03-23T03:47:00.413+0000] {processor.py:840} INFO - DAG(s) 'example_branch_python_operator_decorator' retrieved from /home/airflow/.local/lib/python3.8/site-packages/airflow/example_dags/example_branch_operator_decorator.py
[2026-03-23T03:47:00.443+0000] {logging_mixin.py:188} INFO - [2026-03-23T03:47:00.443+0000] {dag.py:3047} INFO - Sync 1 DAGs
[2026-03-23T03:47:00.463+0000] {logging_mixin.py:188} INFO - [2026-03-23T03:47:00.463+0000] {dag.py:3834} INFO - Setting next_dagrun for example_branch_python_operator_decorator to 2026-03-22 00:00:00+00:00, run_after=2026-03-23 00:00:00+00:00
[2026-03-23T03:47:00.482+0000] {processor.py:183} INFO - Processing /home/airflow/.local/lib/python3.8/site-packages/airflow/example_dags/example_branch_operator_decorator.py took 0.095 seconds
[2026-03-23T03:47:30.588+0000] {processor.py:161} INFO - Started process (PID=1201) to work on /home/airflow/.local/lib/python3.8/site-packages/airflow/example_dags/example_branch_operator_decorator.py
[2026-03-23T03:47:30.589+0000] {processor.py:830} INFO - Processing file /home/airflow/.local/lib/python3.8/site-packages/airflow/example_dags/example_branch_operator_decorator.py for tasks to queue
[2026-03-23T03:47:30.591+0000] {logging_mixin.py:188} INFO - [2026-03-23T03:47:30.590+0000] {dagbag.py:540} INFO - Filling up the DagBag from /home/airflow/.local/lib/python3.8/site-packages/airflow/example_dags/example_branch_operator_decorator.py
[2026-03-23T03:47:30.617+0000] {processor.py:840} INFO - DAG(s) 'example_branch_python_operator_decorator' retrieved from /home/airflow/.local/lib/python3.8/site-packages/airflow/example_dags/example_branch_operator_decorator.py
[2026-03-23T03:47:30.642+0000] {logging_mixin.py:188} INFO - [2026-03-23T03:47:30.642+0000] {dag.py:3047} INFO - Sync 1 DAGs
[2026-03-23T03:47:30.664+0000] {logging_mixin.py:188} INFO - [2026-03-23T03:47:30.664+0000] {dag.py:3834} INFO - Setting next_dagrun for example_branch_python_operator_decorator to 2026-03-22 00:00:00+00:00, run_after=2026-03-23 00:00:00+00:00
[2026-03-23T03:47:30.682+0000] {processor.py:183} INFO - Processing /home/airflow/.local/lib/python3.8/site-packages/airflow/example_dags/example_branch_operator_decorator.py took 0.097 seconds
[2026-03-23T03:48:00.890+0000] {processor.py:161} INFO - Started process (PID=1256) to work on /home/airflow/.local/lib/python3.8/site-packages/airflow/example_dags/example_branch_operator_decorator.py
[2026-03-23T03:48:00.891+0000] {processor.py:830} INFO - Processing file /home/airflow/.local/lib/python3.8/site-packages/airflow/example_dags/example_branch_operator_decorator.py for tasks to queue
[2026-03-23T03:48:00.893+0000] {logging_mixin.py:188} INFO - [2026-03-23T03:48:00.893+0000] {dagbag.py:540} INFO - Filling up the DagBag from /home/airflow/.local/lib/python3.8/site-packages/airflow/example_dags/example_branch_operator_decorator.py
[2026-03-23T03:48:00.914+0000] {processor.py:840} INFO - DAG(s) 'example_branch_python_operator_decorator' retrieved from /home/airflow/.local/lib/python3.8/site-packages/airflow/example_dags/example_branch_operator_decorator.py
[2026-03-23T03:48:00.941+0000] {logging_mixin.py:188} INFO - [2026-03-23T03:48:00.941+0000] {dag.py:3047} INFO - Sync 1 DAGs
[2026-03-23T03:48:00.966+0000] {logging_mixin.py:188} INFO - [2026-03-23T03:48:00.966+0000] {dag.py:3834} INFO - Setting next_dagrun for example_branch_python_operator_decorator to 2026-03-22 00:00:00+00:00, run_after=2026-03-23 00:00:00+00:00
[2026-03-23T03:48:00.989+0000] {processor.py:183} INFO - Processing /home/airflow/.local/lib/python3.8/site-packages/airflow/example_dags/example_branch_operator_decorator.py took 0.102 seconds
[2026-03-23T03:48:31.540+0000] {processor.py:161} INFO - Started process (PID=1311) to work on /home/airflow/.local/lib/python3.8/site-packages/airflow/example_dags/example_branch_operator_decorator.py
[2026-03-23T03:48:31.541+0000] {processor.py:830} INFO - Processing file /home/airflow/.local/lib/python3.8/site-packages/airflow/example_dags/example_branch_operator_decorator.py for tasks to queue
[2026-03-23T03:48:31.544+0000] {logging_mixin.py:188} INFO - [2026-03-23T03:48:31.544+0000] {dagbag.py:540} INFO - Filling up the DagBag from /home/airflow/.local/lib/python3.8/site-packages/airflow/example_dags/example_branch_operator_decorator.py
[2026-03-23T03:48:31.569+0000] {processor.py:840} INFO - DAG(s) 'example_branch_python_operator_decorator' retrieved from /home/airflow/.local/lib/python3.8/site-packages/airflow/example_dags/example_branch_operator_decorator.py
[2026-03-23T03:48:31.606+0000] {logging_mixin.py:188} INFO - [2026-03-23T03:48:31.605+0000] {dag.py:3047} INFO - Sync 1 DAGs
[2026-03-23T03:48:31.631+0000] {logging_mixin.py:188} INFO - [2026-03-23T03:48:31.630+0000] {dag.py:3834} INFO - Setting next_dagrun for example_branch_python_operator_decorator to 2026-03-22 00:00:00+00:00, run_after=2026-03-23 00:00:00+00:00
[2026-03-23T03:48:31.654+0000] {processor.py:183} INFO - Processing /home/airflow/.local/lib/python3.8/site-packages/airflow/example_dags/example_branch_operator_decorator.py took 0.118 seconds
[2026-03-23T03:49:02.037+0000] {processor.py:161} INFO - Started process (PID=1366) to work on /home/airflow/.local/lib/python3.8/site-packages/airflow/example_dags/example_branch_operator_decorator.py
[2026-03-23T03:49:02.039+0000] {processor.py:830} INFO - Processing file /home/airflow/.local/lib/python3.8/site-packages/airflow/example_dags/example_branch_operator_decorator.py for tasks to queue
[2026-03-23T03:49:02.041+0000] {logging_mixin.py:188} INFO - [2026-03-23T03:49:02.041+0000] {dagbag.py:540} INFO - Filling up the DagBag from /home/airflow/.local/lib/python3.8/site-packages/airflow/example_dags/example_branch_operator_decorator.py
[2026-03-23T03:49:02.062+0000] {processor.py:840} INFO - DAG(s) 'example_branch_python_operator_decorator' retrieved from /home/airflow/.local/lib/python3.8/site-packages/airflow/example_dags/example_branch_operator_decorator.py
[2026-03-23T03:49:02.093+0000] {logging_mixin.py:188} INFO - [2026-03-23T03:49:02.093+0000] {dag.py:3047} INFO - Sync 1 DAGs
[2026-03-23T03:49:02.120+0000] {logging_mixin.py:188} INFO - [2026-03-23T03:49:02.120+0000] {dag.py:3834} INFO - Setting next_dagrun for example_branch_python_operator_decorator to 2026-03-22 00:00:00+00:00, run_after=2026-03-23 00:00:00+00:00
[2026-03-23T03:49:02.142+0000] {processor.py:183} INFO - Processing /home/airflow/.local/lib/python3.8/site-packages/airflow/example_dags/example_branch_operator_decorator.py took 0.109 seconds
[2026-03-23T03:49:32.397+0000] {processor.py:161} INFO - Started process (PID=1421) to work on /home/airflow/.local/lib/python3.8/site-packages/airflow/example_dags/example_branch_operator_decorator.py
[2026-03-23T03:49:32.398+0000] {processor.py:830} INFO - Processing file /home/airflow/.local/lib/python3.8/site-packages/airflow/example_dags/example_branch_operator_decorator.py for tasks to queue
[2026-03-23T03:49:32.400+0000] {logging_mixin.py:188} INFO - [2026-03-23T03:49:32.400+0000] {dagbag.py:540} INFO - Filling up the DagBag from /home/airflow/.local/lib/python3.8/site-packages/airflow/example_dags/example_branch_operator_decorator.py
[2026-03-23T03:49:32.420+0000] {processor.py:840} INFO - DAG(s) 'example_branch_python_operator_decorator' retrieved from /home/airflow/.local/lib/python3.8/site-packages/airflow/example_dags/example_branch_operator_decorator.py
[2026-03-23T03:49:32.450+0000] {logging_mixin.py:188} INFO - [2026-03-23T03:49:32.449+0000] {dag.py:3047} INFO - Sync 1 DAGs
[2026-03-23T03:49:32.471+0000] {logging_mixin.py:188} INFO - [2026-03-23T03:49:32.471+0000] {dag.py:3834} INFO - Setting next_dagrun for example_branch_python_operator_decorator to 2026-03-22 00:00:00+00:00, run_after=2026-03-23 00:00:00+00:00
[2026-03-23T03:49:32.493+0000] {processor.py:183} INFO - Processing /home/airflow/.local/lib/python3.8/site-packages/airflow/example_dags/example_branch_operator_decorator.py took 0.099 seconds
[2026-03-23T03:50:49.233+0000] {processor.py:161} INFO - Started process (PID=101) to work on /home/airflow/.local/lib/python3.8/site-packages/airflow/example_dags/example_branch_operator_decorator.py
[2026-03-23T03:50:49.234+0000] {processor.py:830} INFO - Processing file /home/airflow/.local/lib/python3.8/site-packages/airflow/example_dags/example_branch_operator_decorator.py for tasks to queue
[2026-03-23T03:50:49.236+0000] {logging_mixin.py:188} INFO - [2026-03-23T03:50:49.236+0000] {dagbag.py:540} INFO - Filling up the DagBag from /home/airflow/.local/lib/python3.8/site-packages/airflow/example_dags/example_branch_operator_decorator.py
[2026-03-23T03:50:49.262+0000] {processor.py:840} INFO - DAG(s) 'example_branch_python_operator_decorator' retrieved from /home/airflow/.local/lib/python3.8/site-packages/airflow/example_dags/example_branch_operator_decorator.py
[2026-03-23T03:50:49.279+0000] {logging_mixin.py:188} INFO - [2026-03-23T03:50:49.278+0000] {dag.py:3047} INFO - Sync 1 DAGs
[2026-03-23T03:50:49.312+0000] {logging_mixin.py:188} INFO - [2026-03-23T03:50:49.312+0000] {dag.py:3834} INFO - Setting next_dagrun for example_branch_python_operator_decorator to 2026-03-22 00:00:00+00:00, run_after=2026-03-23 00:00:00+00:00
[2026-03-23T03:50:49.341+0000] {processor.py:183} INFO - Processing /home/airflow/.local/lib/python3.8/site-packages/airflow/example_dags/example_branch_operator_decorator.py took 0.111 seconds
[2026-03-23T03:51:21.408+0000] {processor.py:161} INFO - Started process (PID=156) to work on /home/airflow/.local/lib/python3.8/site-packages/airflow/example_dags/example_branch_operator_decorator.py
[2026-03-23T03:51:21.409+0000] {processor.py:830} INFO - Processing file /home/airflow/.local/lib/python3.8/site-packages/airflow/example_dags/example_branch_operator_decorator.py for tasks to queue
[2026-03-23T03:51:21.411+0000] {logging_mixin.py:188} INFO - [2026-03-23T03:51:21.411+0000] {dagbag.py:540} INFO - Filling up the DagBag from /home/airflow/.local/lib/python3.8/site-packages/airflow/example_dags/example_branch_operator_decorator.py
[2026-03-23T03:51:21.436+0000] {processor.py:840} INFO - DAG(s) 'example_branch_python_operator_decorator' retrieved from /home/airflow/.local/lib/python3.8/site-packages/airflow/example_dags/example_branch_operator_decorator.py
[2026-03-23T03:51:21.575+0000] {logging_mixin.py:188} INFO - [2026-03-23T03:51:21.574+0000] {dag.py:3047} INFO - Sync 1 DAGs
[2026-03-23T03:51:21.606+0000] {logging_mixin.py:188} INFO - [2026-03-23T03:51:21.606+0000] {dag.py:3834} INFO - Setting next_dagrun for example_branch_python_operator_decorator to 2026-03-22 00:00:00+00:00, run_after=2026-03-23 00:00:00+00:00
[2026-03-23T03:51:21.637+0000] {processor.py:183} INFO - Processing /home/airflow/.local/lib/python3.8/site-packages/airflow/example_dags/example_branch_operator_decorator.py took 0.233 seconds
[2026-03-23T03:51:51.794+0000] {processor.py:161} INFO - Started process (PID=211) to work on /home/airflow/.local/lib/python3.8/site-packages/airflow/example_dags/example_branch_operator_decorator.py
[2026-03-23T03:51:51.795+0000] {processor.py:830} INFO - Processing file /home/airflow/.local/lib/python3.8/site-packages/airflow/example_dags/example_branch_operator_decorator.py for tasks to queue
[2026-03-23T03:51:51.797+0000] {logging_mixin.py:188} INFO - [2026-03-23T03:51:51.797+0000] {dagbag.py:540} INFO - Filling up the DagBag from /home/airflow/.local/lib/python3.8/site-packages/airflow/example_dags/example_branch_operator_decorator.py
[2026-03-23T03:51:51.821+0000] {processor.py:840} INFO - DAG(s) 'example_branch_python_operator_decorator' retrieved from /home/airflow/.local/lib/python3.8/site-packages/airflow/example_dags/example_branch_operator_decorator.py
[2026-03-23T03:51:51.852+0000] {logging_mixin.py:188} INFO - [2026-03-23T03:51:51.852+0000] {dag.py:3047} INFO - Sync 1 DAGs
[2026-03-23T03:51:51.882+0000] {logging_mixin.py:188} INFO - [2026-03-23T03:51:51.881+0000] {dag.py:3834} INFO - Setting next_dagrun for example_branch_python_operator_decorator to 2026-03-22 00:00:00+00:00, run_after=2026-03-23 00:00:00+00:00
[2026-03-23T03:51:51.908+0000] {processor.py:183} INFO - Processing /home/airflow/.local/lib/python3.8/site-packages/airflow/example_dags/example_branch_operator_decorator.py took 0.117 seconds
[2026-03-23T03:52:22.081+0000] {processor.py:161} INFO - Started process (PID=266) to work on /home/airflow/.local/lib/python3.8/site-packages/airflow/example_dags/example_branch_operator_decorator.py
[2026-03-23T03:52:22.083+0000] {processor.py:830} INFO - Processing file /home/airflow/.local/lib/python3.8/site-packages/airflow/example_dags/example_branch_operator_decorator.py for tasks to queue
[2026-03-23T03:52:22.085+0000] {logging_mixin.py:188} INFO - [2026-03-23T03:52:22.084+0000] {dagbag.py:540} INFO - Filling up the DagBag from /home/airflow/.local/lib/python3.8/site-packages/airflow/example_dags/example_branch_operator_decorator.py
[2026-03-23T03:52:22.107+0000] {processor.py:840} INFO - DAG(s) 'example_branch_python_operator_decorator' retrieved from /home/airflow/.local/lib/python3.8/site-packages/airflow/example_dags/example_branch_operator_decorator.py
[2026-03-23T03:52:22.141+0000] {logging_mixin.py:188} INFO - [2026-03-23T03:52:22.140+0000] {dag.py:3047} INFO - Sync 1 DAGs
[2026-03-23T03:52:22.167+0000] {logging_mixin.py:188} INFO - [2026-03-23T03:52:22.167+0000] {dag.py:3834} INFO - Setting next_dagrun for example_branch_python_operator_decorator to 2026-03-22 00:00:00+00:00, run_after=2026-03-23 00:00:00+00:00
[2026-03-23T03:52:22.195+0000] {processor.py:183} INFO - Processing /home/airflow/.local/lib/python3.8/site-packages/airflow/example_dags/example_branch_operator_decorator.py took 0.117 seconds
[2026-03-23T03:52:53.007+0000] {processor.py:161} INFO - Started process (PID=321) to work on /home/airflow/.local/lib/python3.8/site-packages/airflow/example_dags/example_branch_operator_decorator.py
[2026-03-23T03:52:53.008+0000] {processor.py:830} INFO - Processing file /home/airflow/.local/lib/python3.8/site-packages/airflow/example_dags/example_branch_operator_decorator.py for tasks to queue
[2026-03-23T03:52:53.011+0000] {logging_mixin.py:188} INFO - [2026-03-23T03:52:53.010+0000] {dagbag.py:540} INFO - Filling up the DagBag from /home/airflow/.local/lib/python3.8/site-packages/airflow/example_dags/example_branch_operator_decorator.py
[2026-03-23T03:52:53.036+0000] {processor.py:840} INFO - DAG(s) 'example_branch_python_operator_decorator' retrieved from /home/airflow/.local/lib/python3.8/site-packages/airflow/example_dags/example_branch_operator_decorator.py
[2026-03-23T03:52:53.067+0000] {logging_mixin.py:188} INFO - [2026-03-23T03:52:53.067+0000] {dag.py:3047} INFO - Sync 1 DAGs
[2026-03-23T03:52:53.094+0000] {logging_mixin.py:188} INFO - [2026-03-23T03:52:53.093+0000] {dag.py:3834} INFO - Setting next_dagrun for example_branch_python_operator_decorator to 2026-03-22 00:00:00+00:00, run_after=2026-03-23 00:00:00+00:00
[2026-03-23T03:52:53.117+0000] {processor.py:183} INFO - Processing /home/airflow/.local/lib/python3.8/site-packages/airflow/example_dags/example_branch_operator_decorator.py took 0.114 seconds
[2026-03-23T03:53:23.713+0000] {processor.py:161} INFO - Started process (PID=376) to work on /home/airflow/.local/lib/python3.8/site-packages/airflow/example_dags/example_branch_operator_decorator.py
[2026-03-23T03:53:23.715+0000] {processor.py:830} INFO - Processing file /home/airflow/.local/lib/python3.8/site-packages/airflow/example_dags/example_branch_operator_decorator.py for tasks to queue
[2026-03-23T03:53:23.717+0000] {logging_mixin.py:188} INFO - [2026-03-23T03:53:23.717+0000] {dagbag.py:540} INFO - Filling up the DagBag from /home/airflow/.local/lib/python3.8/site-packages/airflow/example_dags/example_branch_operator_decorator.py
[2026-03-23T03:53:23.748+0000] {processor.py:840} INFO - DAG(s) 'example_branch_python_operator_decorator' retrieved from /home/airflow/.local/lib/python3.8/site-packages/airflow/example_dags/example_branch_operator_decorator.py
[2026-03-23T03:53:23.792+0000] {logging_mixin.py:188} INFO - [2026-03-23T03:53:23.792+0000] {dag.py:3047} INFO - Sync 1 DAGs
[2026-03-23T03:53:23.829+0000] {logging_mixin.py:188} INFO - [2026-03-23T03:53:23.828+0000] {dag.py:3834} INFO - Setting next_dagrun for example_branch_python_operator_decorator to 2026-03-22 00:00:00+00:00, run_after=2026-03-23 00:00:00+00:00
[2026-03-23T03:53:23.858+0000] {processor.py:183} INFO - Processing /home/airflow/.local/lib/python3.8/site-packages/airflow/example_dags/example_branch_operator_decorator.py took 0.149 seconds
[2026-03-23T03:53:54.143+0000] {processor.py:161} INFO - Started process (PID=431) to work on /home/airflow/.local/lib/python3.8/site-packages/airflow/example_dags/example_branch_operator_decorator.py
[2026-03-23T03:53:54.145+0000] {processor.py:830} INFO - Processing file /home/airflow/.local/lib/python3.8/site-packages/airflow/example_dags/example_branch_operator_decorator.py for tasks to queue
[2026-03-23T03:53:54.147+0000] {logging_mixin.py:188} INFO - [2026-03-23T03:53:54.147+0000] {dagbag.py:540} INFO - Filling up the DagBag from /home/airflow/.local/lib/python3.8/site-packages/airflow/example_dags/example_branch_operator_decorator.py
[2026-03-23T03:53:54.176+0000] {processor.py:840} INFO - DAG(s) 'example_branch_python_operator_decorator' retrieved from /home/airflow/.local/lib/python3.8/site-packages/airflow/example_dags/example_branch_operator_decorator.py
[2026-03-23T03:53:54.223+0000] {logging_mixin.py:188} INFO - [2026-03-23T03:53:54.222+0000] {dag.py:3047} INFO - Sync 1 DAGs
[2026-03-23T03:53:54.253+0000] {logging_mixin.py:188} INFO - [2026-03-23T03:53:54.253+0000] {dag.py:3834} INFO - Setting next_dagrun for example_branch_python_operator_decorator to 2026-03-22 00:00:00+00:00, run_after=2026-03-23 00:00:00+00:00
[2026-03-23T03:53:54.278+0000] {processor.py:183} INFO - Processing /home/airflow/.local/lib/python3.8/site-packages/airflow/example_dags/example_branch_operator_decorator.py took 0.139 seconds
[2026-03-23T03:54:24.477+0000] {processor.py:161} INFO - Started process (PID=486) to work on /home/airflow/.local/lib/python3.8/site-packages/airflow/example_dags/example_branch_operator_decorator.py
[2026-03-23T03:54:24.478+0000] {processor.py:830} INFO - Processing file /home/airflow/.local/lib/python3.8/site-packages/airflow/example_dags/example_branch_operator_decorator.py for tasks to queue
[2026-03-23T03:54:24.480+0000] {logging_mixin.py:188} INFO - [2026-03-23T03:54:24.480+0000] {dagbag.py:540} INFO - Filling up the DagBag from /home/airflow/.local/lib/python3.8/site-packages/airflow/example_dags/example_branch_operator_decorator.py
[2026-03-23T03:54:24.503+0000] {processor.py:840} INFO - DAG(s) 'example_branch_python_operator_decorator' retrieved from /home/airflow/.local/lib/python3.8/site-packages/airflow/example_dags/example_branch_operator_decorator.py
[2026-03-23T03:54:24.531+0000] {logging_mixin.py:188} INFO - [2026-03-23T03:54:24.531+0000] {dag.py:3047} INFO - Sync 1 DAGs
[2026-03-23T03:54:24.556+0000] {logging_mixin.py:188} INFO - [2026-03-23T03:54:24.556+0000] {dag.py:3834} INFO - Setting next_dagrun for example_branch_python_operator_decorator to 2026-03-22 00:00:00+00:00, run_after=2026-03-23 00:00:00+00:00
[2026-03-23T03:54:24.578+0000] {processor.py:183} INFO - Processing /home/airflow/.local/lib/python3.8/site-packages/airflow/example_dags/example_branch_operator_decorator.py took 0.103 seconds
[2026-03-23T03:54:54.855+0000] {processor.py:161} INFO - Started process (PID=541) to work on /home/airflow/.local/lib/python3.8/site-packages/airflow/example_dags/example_branch_operator_decorator.py
[2026-03-23T03:54:54.856+0000] {processor.py:830} INFO - Processing file /home/airflow/.local/lib/python3.8/site-packages/airflow/example_dags/example_branch_operator_decorator.py for tasks to queue
[2026-03-23T03:54:54.858+0000] {logging_mixin.py:188} INFO - [2026-03-23T03:54:54.858+0000] {dagbag.py:540} INFO - Filling up the DagBag from /home/airflow/.local/lib/python3.8/site-packages/airflow/example_dags/example_branch_operator_decorator.py
[2026-03-23T03:54:54.882+0000] {processor.py:840} INFO - DAG(s) 'example_branch_python_operator_decorator' retrieved from /home/airflow/.local/lib/python3.8/site-packages/airflow/example_dags/example_branch_operator_decorator.py
[2026-03-23T03:54:54.917+0000] {logging_mixin.py:188} INFO - [2026-03-23T03:54:54.917+0000] {dag.py:3047} INFO - Sync 1 DAGs
[2026-03-23T03:54:54.950+0000] {logging_mixin.py:188} INFO - [2026-03-23T03:54:54.950+0000] {dag.py:3834} INFO - Setting next_dagrun for example_branch_python_operator_decorator to 2026-03-22 00:00:00+00:00, run_after=2026-03-23 00:00:00+00:00
[2026-03-23T03:54:54.979+0000] {processor.py:183} INFO - Processing /home/airflow/.local/lib/python3.8/site-packages/airflow/example_dags/example_branch_operator_decorator.py took 0.128 seconds
[2026-03-23T03:55:25.076+0000] {processor.py:161} INFO - Started process (PID=596) to work on /home/airflow/.local/lib/python3.8/site-packages/airflow/example_dags/example_branch_operator_decorator.py
[2026-03-23T03:55:25.077+0000] {processor.py:830} INFO - Processing file /home/airflow/.local/lib/python3.8/site-packages/airflow/example_dags/example_branch_operator_decorator.py for tasks to queue
[2026-03-23T03:55:25.079+0000] {logging_mixin.py:188} INFO - [2026-03-23T03:55:25.078+0000] {dagbag.py:540} INFO - Filling up the DagBag from /home/airflow/.local/lib/python3.8/site-packages/airflow/example_dags/example_branch_operator_decorator.py
[2026-03-23T03:55:25.098+0000] {processor.py:840} INFO - DAG(s) 'example_branch_python_operator_decorator' retrieved from /home/airflow/.local/lib/python3.8/site-packages/airflow/example_dags/example_branch_operator_decorator.py
[2026-03-23T03:55:25.128+0000] {logging_mixin.py:188} INFO - [2026-03-23T03:55:25.128+0000] {dag.py:3047} INFO - Sync 1 DAGs
[2026-03-23T03:55:25.150+0000] {logging_mixin.py:188} INFO - [2026-03-23T03:55:25.150+0000] {dag.py:3834} INFO - Setting next_dagrun for example_branch_python_operator_decorator to 2026-03-22 00:00:00+00:00, run_after=2026-03-23 00:00:00+00:00
[2026-03-23T03:55:25.171+0000] {processor.py:183} INFO - Processing /home/airflow/.local/lib/python3.8/site-packages/airflow/example_dags/example_branch_operator_decorator.py took 0.098 seconds
[2026-03-23T03:55:55.341+0000] {processor.py:161} INFO - Started process (PID=651) to work on /home/airflow/.local/lib/python3.8/site-packages/airflow/example_dags/example_branch_operator_decorator.py
[2026-03-23T03:55:55.342+0000] {processor.py:830} INFO - Processing file /home/airflow/.local/lib/python3.8/site-packages/airflow/example_dags/example_branch_operator_decorator.py for tasks to queue
[2026-03-23T03:55:55.343+0000] {logging_mixin.py:188} INFO - [2026-03-23T03:55:55.343+0000] {dagbag.py:540} INFO - Filling up the DagBag from /home/airflow/.local/lib/python3.8/site-packages/airflow/example_dags/example_branch_operator_decorator.py
[2026-03-23T03:55:55.362+0000] {processor.py:840} INFO - DAG(s) 'example_branch_python_operator_decorator' retrieved from /home/airflow/.local/lib/python3.8/site-packages/airflow/example_dags/example_branch_operator_decorator.py
[2026-03-23T03:55:55.390+0000] {logging_mixin.py:188} INFO - [2026-03-23T03:55:55.390+0000] {dag.py:3047} INFO - Sync 1 DAGs
[2026-03-23T03:55:55.414+0000] {logging_mixin.py:188} INFO - [2026-03-23T03:55:55.414+0000] {dag.py:3834} INFO - Setting next_dagrun for example_branch_python_operator_decorator to 2026-03-22 00:00:00+00:00, run_after=2026-03-23 00:00:00+00:00
[2026-03-23T03:55:55.439+0000] {processor.py:183} INFO - Processing /home/airflow/.local/lib/python3.8/site-packages/airflow/example_dags/example_branch_operator_decorator.py took 0.101 seconds
[2026-03-23T03:56:25.671+0000] {processor.py:161} INFO - Started process (PID=706) to work on /home/airflow/.local/lib/python3.8/site-packages/airflow/example_dags/example_branch_operator_decorator.py
[2026-03-23T03:56:25.672+0000] {processor.py:830} INFO - Processing file /home/airflow/.local/lib/python3.8/site-packages/airflow/example_dags/example_branch_operator_decorator.py for tasks to queue
[2026-03-23T03:56:25.674+0000] {logging_mixin.py:188} INFO - [2026-03-23T03:56:25.674+0000] {dagbag.py:540} INFO - Filling up the DagBag from /home/airflow/.local/lib/python3.8/site-packages/airflow/example_dags/example_branch_operator_decorator.py
[2026-03-23T03:56:25.694+0000] {processor.py:840} INFO - DAG(s) 'example_branch_python_operator_decorator' retrieved from /home/airflow/.local/lib/python3.8/site-packages/airflow/example_dags/example_branch_operator_decorator.py
[2026-03-23T03:56:25.722+0000] {logging_mixin.py:188} INFO - [2026-03-23T03:56:25.721+0000] {dag.py:3047} INFO - Sync 1 DAGs
[2026-03-23T03:56:25.747+0000] {logging_mixin.py:188} INFO - [2026-03-23T03:56:25.746+0000] {dag.py:3834} INFO - Setting next_dagrun for example_branch_python_operator_decorator to 2026-03-22 00:00:00+00:00, run_after=2026-03-23 00:00:00+00:00
[2026-03-23T03:56:25.770+0000] {processor.py:183} INFO - Processing /home/airflow/.local/lib/python3.8/site-packages/airflow/example_dags/example_branch_operator_decorator.py took 0.102 seconds
