[2026-03-23T03:21:15.066+0000] {processor.py:161} INFO - Started process (PID=81) to work on /home/airflow/.local/lib/python3.8/site-packages/airflow/example_dags/example_branch_python_dop_operator_3.py
[2026-03-23T03:21:15.067+0000] {processor.py:830} INFO - Processing file /home/airflow/.local/lib/python3.8/site-packages/airflow/example_dags/example_branch_python_dop_operator_3.py for tasks to queue
[2026-03-23T03:21:15.069+0000] {logging_mixin.py:188} INFO - [2026-03-23T03:21:15.069+0000] {dagbag.py:540} INFO - Filling up the DagBag from /home/airflow/.local/lib/python3.8/site-packages/airflow/example_dags/example_branch_python_dop_operator_3.py
[2026-03-23T03:21:15.078+0000] {processor.py:840} INFO - DAG(s) 'example_branch_dop_operator_v3' retrieved from /home/airflow/.local/lib/python3.8/site-packages/airflow/example_dags/example_branch_python_dop_operator_3.py
[2026-03-23T03:21:15.091+0000] {logging_mixin.py:188} INFO - [2026-03-23T03:21:15.091+0000] {dag.py:3047} INFO - Sync 1 DAGs
[2026-03-23T03:21:15.121+0000] {logging_mixin.py:188} INFO - [2026-03-23T03:21:15.121+0000] {dag.py:3834} INFO - Setting next_dagrun for example_branch_dop_operator_v3 to 2026-03-23 03:20:00+00:00, run_after=2026-03-23 03:21:00+00:00
[2026-03-23T03:21:15.146+0000] {processor.py:183} INFO - Processing /home/airflow/.local/lib/python3.8/site-packages/airflow/example_dags/example_branch_python_dop_operator_3.py took 0.083 seconds
[2026-03-23T03:21:45.195+0000] {processor.py:161} INFO - Started process (PID=136) to work on /home/airflow/.local/lib/python3.8/site-packages/airflow/example_dags/example_branch_python_dop_operator_3.py
[2026-03-23T03:21:45.196+0000] {processor.py:830} INFO - Processing file /home/airflow/.local/lib/python3.8/site-packages/airflow/example_dags/example_branch_python_dop_operator_3.py for tasks to queue
[2026-03-23T03:21:45.197+0000] {logging_mixin.py:188} INFO - [2026-03-23T03:21:45.197+0000] {dagbag.py:540} INFO - Filling up the DagBag from /home/airflow/.local/lib/python3.8/site-packages/airflow/example_dags/example_branch_python_dop_operator_3.py
[2026-03-23T03:21:45.206+0000] {processor.py:840} INFO - DAG(s) 'example_branch_dop_operator_v3' retrieved from /home/airflow/.local/lib/python3.8/site-packages/airflow/example_dags/example_branch_python_dop_operator_3.py
[2026-03-23T03:21:45.227+0000] {logging_mixin.py:188} INFO - [2026-03-23T03:21:45.227+0000] {dag.py:3047} INFO - Sync 1 DAGs
[2026-03-23T03:21:45.254+0000] {logging_mixin.py:188} INFO - [2026-03-23T03:21:45.253+0000] {dag.py:3834} INFO - Setting next_dagrun for example_branch_dop_operator_v3 to 2026-03-23 03:20:00+00:00, run_after=2026-03-23 03:21:00+00:00
[2026-03-23T03:21:45.275+0000] {processor.py:183} INFO - Processing /home/airflow/.local/lib/python3.8/site-packages/airflow/example_dags/example_branch_python_dop_operator_3.py took 0.083 seconds
[2026-03-23T03:22:16.937+0000] {processor.py:161} INFO - Started process (PID=191) to work on /home/airflow/.local/lib/python3.8/site-packages/airflow/example_dags/example_branch_python_dop_operator_3.py
[2026-03-23T03:22:16.938+0000] {processor.py:830} INFO - Processing file /home/airflow/.local/lib/python3.8/site-packages/airflow/example_dags/example_branch_python_dop_operator_3.py for tasks to queue
[2026-03-23T03:22:16.940+0000] {logging_mixin.py:188} INFO - [2026-03-23T03:22:16.940+0000] {dagbag.py:540} INFO - Filling up the DagBag from /home/airflow/.local/lib/python3.8/site-packages/airflow/example_dags/example_branch_python_dop_operator_3.py
[2026-03-23T03:22:16.948+0000] {processor.py:840} INFO - DAG(s) 'example_branch_dop_operator_v3' retrieved from /home/airflow/.local/lib/python3.8/site-packages/airflow/example_dags/example_branch_python_dop_operator_3.py
[2026-03-23T03:22:17.038+0000] {logging_mixin.py:188} INFO - [2026-03-23T03:22:17.038+0000] {dag.py:3047} INFO - Sync 1 DAGs
[2026-03-23T03:22:17.063+0000] {logging_mixin.py:188} INFO - [2026-03-23T03:22:17.062+0000] {dag.py:3834} INFO - Setting next_dagrun for example_branch_dop_operator_v3 to 2026-03-23 03:21:00+00:00, run_after=2026-03-23 03:22:00+00:00
[2026-03-23T03:22:17.084+0000] {processor.py:183} INFO - Processing /home/airflow/.local/lib/python3.8/site-packages/airflow/example_dags/example_branch_python_dop_operator_3.py took 0.149 seconds
[2026-03-23T03:22:47.864+0000] {processor.py:161} INFO - Started process (PID=252) to work on /home/airflow/.local/lib/python3.8/site-packages/airflow/example_dags/example_branch_python_dop_operator_3.py
[2026-03-23T03:22:47.865+0000] {processor.py:830} INFO - Processing file /home/airflow/.local/lib/python3.8/site-packages/airflow/example_dags/example_branch_python_dop_operator_3.py for tasks to queue
[2026-03-23T03:22:47.867+0000] {logging_mixin.py:188} INFO - [2026-03-23T03:22:47.866+0000] {dagbag.py:540} INFO - Filling up the DagBag from /home/airflow/.local/lib/python3.8/site-packages/airflow/example_dags/example_branch_python_dop_operator_3.py
[2026-03-23T03:22:47.874+0000] {processor.py:840} INFO - DAG(s) 'example_branch_dop_operator_v3' retrieved from /home/airflow/.local/lib/python3.8/site-packages/airflow/example_dags/example_branch_python_dop_operator_3.py
[2026-03-23T03:22:47.899+0000] {logging_mixin.py:188} INFO - [2026-03-23T03:22:47.899+0000] {dag.py:3047} INFO - Sync 1 DAGs
[2026-03-23T03:22:47.932+0000] {logging_mixin.py:188} INFO - [2026-03-23T03:22:47.932+0000] {dag.py:3834} INFO - Setting next_dagrun for example_branch_dop_operator_v3 to 2026-03-23 03:21:00+00:00, run_after=2026-03-23 03:22:00+00:00
[2026-03-23T03:22:47.958+0000] {processor.py:183} INFO - Processing /home/airflow/.local/lib/python3.8/site-packages/airflow/example_dags/example_branch_python_dop_operator_3.py took 0.097 seconds
[2026-03-23T03:23:18.890+0000] {processor.py:161} INFO - Started process (PID=307) to work on /home/airflow/.local/lib/python3.8/site-packages/airflow/example_dags/example_branch_python_dop_operator_3.py
[2026-03-23T03:23:18.891+0000] {processor.py:830} INFO - Processing file /home/airflow/.local/lib/python3.8/site-packages/airflow/example_dags/example_branch_python_dop_operator_3.py for tasks to queue
[2026-03-23T03:23:18.893+0000] {logging_mixin.py:188} INFO - [2026-03-23T03:23:18.893+0000] {dagbag.py:540} INFO - Filling up the DagBag from /home/airflow/.local/lib/python3.8/site-packages/airflow/example_dags/example_branch_python_dop_operator_3.py
[2026-03-23T03:23:18.901+0000] {processor.py:840} INFO - DAG(s) 'example_branch_dop_operator_v3' retrieved from /home/airflow/.local/lib/python3.8/site-packages/airflow/example_dags/example_branch_python_dop_operator_3.py
[2026-03-23T03:23:18.921+0000] {logging_mixin.py:188} INFO - [2026-03-23T03:23:18.921+0000] {dag.py:3047} INFO - Sync 1 DAGs
[2026-03-23T03:23:18.948+0000] {logging_mixin.py:188} INFO - [2026-03-23T03:23:18.948+0000] {dag.py:3834} INFO - Setting next_dagrun for example_branch_dop_operator_v3 to 2026-03-23 03:22:00+00:00, run_after=2026-03-23 03:23:00+00:00
[2026-03-23T03:23:18.970+0000] {processor.py:183} INFO - Processing /home/airflow/.local/lib/python3.8/site-packages/airflow/example_dags/example_branch_python_dop_operator_3.py took 0.083 seconds
[2026-03-23T03:25:09.203+0000] {processor.py:161} INFO - Started process (PID=81) to work on /home/airflow/.local/lib/python3.8/site-packages/airflow/example_dags/example_branch_python_dop_operator_3.py
[2026-03-23T03:25:09.205+0000] {processor.py:830} INFO - Processing file /home/airflow/.local/lib/python3.8/site-packages/airflow/example_dags/example_branch_python_dop_operator_3.py for tasks to queue
[2026-03-23T03:25:09.207+0000] {logging_mixin.py:188} INFO - [2026-03-23T03:25:09.207+0000] {dagbag.py:540} INFO - Filling up the DagBag from /home/airflow/.local/lib/python3.8/site-packages/airflow/example_dags/example_branch_python_dop_operator_3.py
[2026-03-23T03:25:09.218+0000] {processor.py:840} INFO - DAG(s) 'example_branch_dop_operator_v3' retrieved from /home/airflow/.local/lib/python3.8/site-packages/airflow/example_dags/example_branch_python_dop_operator_3.py
[2026-03-23T03:25:09.232+0000] {logging_mixin.py:188} INFO - [2026-03-23T03:25:09.232+0000] {dag.py:3047} INFO - Sync 1 DAGs
[2026-03-23T03:25:09.271+0000] {logging_mixin.py:188} INFO - [2026-03-23T03:25:09.271+0000] {dag.py:3834} INFO - Setting next_dagrun for example_branch_dop_operator_v3 to 2026-03-23 03:24:00+00:00, run_after=2026-03-23 03:25:00+00:00
[2026-03-23T03:25:09.309+0000] {processor.py:183} INFO - Processing /home/airflow/.local/lib/python3.8/site-packages/airflow/example_dags/example_branch_python_dop_operator_3.py took 0.109 seconds
[2026-03-23T03:25:41.042+0000] {processor.py:161} INFO - Started process (PID=136) to work on /home/airflow/.local/lib/python3.8/site-packages/airflow/example_dags/example_branch_python_dop_operator_3.py
[2026-03-23T03:25:41.043+0000] {processor.py:830} INFO - Processing file /home/airflow/.local/lib/python3.8/site-packages/airflow/example_dags/example_branch_python_dop_operator_3.py for tasks to queue
[2026-03-23T03:25:41.046+0000] {logging_mixin.py:188} INFO - [2026-03-23T03:25:41.046+0000] {dagbag.py:540} INFO - Filling up the DagBag from /home/airflow/.local/lib/python3.8/site-packages/airflow/example_dags/example_branch_python_dop_operator_3.py
[2026-03-23T03:25:41.059+0000] {processor.py:840} INFO - DAG(s) 'example_branch_dop_operator_v3' retrieved from /home/airflow/.local/lib/python3.8/site-packages/airflow/example_dags/example_branch_python_dop_operator_3.py
[2026-03-23T03:25:41.178+0000] {logging_mixin.py:188} INFO - [2026-03-23T03:25:41.177+0000] {dag.py:3047} INFO - Sync 1 DAGs
[2026-03-23T03:25:41.209+0000] {logging_mixin.py:188} INFO - [2026-03-23T03:25:41.209+0000] {dag.py:3834} INFO - Setting next_dagrun for example_branch_dop_operator_v3 to 2026-03-23 03:24:00+00:00, run_after=2026-03-23 03:25:00+00:00
[2026-03-23T03:25:41.235+0000] {processor.py:183} INFO - Processing /home/airflow/.local/lib/python3.8/site-packages/airflow/example_dags/example_branch_python_dop_operator_3.py took 0.197 seconds
[2026-03-23T03:26:12.212+0000] {processor.py:161} INFO - Started process (PID=197) to work on /home/airflow/.local/lib/python3.8/site-packages/airflow/example_dags/example_branch_python_dop_operator_3.py
[2026-03-23T03:26:12.214+0000] {processor.py:830} INFO - Processing file /home/airflow/.local/lib/python3.8/site-packages/airflow/example_dags/example_branch_python_dop_operator_3.py for tasks to queue
[2026-03-23T03:26:12.217+0000] {logging_mixin.py:188} INFO - [2026-03-23T03:26:12.216+0000] {dagbag.py:540} INFO - Filling up the DagBag from /home/airflow/.local/lib/python3.8/site-packages/airflow/example_dags/example_branch_python_dop_operator_3.py
[2026-03-23T03:26:12.228+0000] {processor.py:840} INFO - DAG(s) 'example_branch_dop_operator_v3' retrieved from /home/airflow/.local/lib/python3.8/site-packages/airflow/example_dags/example_branch_python_dop_operator_3.py
[2026-03-23T03:26:12.256+0000] {logging_mixin.py:188} INFO - [2026-03-23T03:26:12.256+0000] {dag.py:3047} INFO - Sync 1 DAGs
[2026-03-23T03:26:12.289+0000] {logging_mixin.py:188} INFO - [2026-03-23T03:26:12.288+0000] {dag.py:3834} INFO - Setting next_dagrun for example_branch_dop_operator_v3 to 2026-03-23 03:25:00+00:00, run_after=2026-03-23 03:26:00+00:00
[2026-03-23T03:26:12.337+0000] {processor.py:183} INFO - Processing /home/airflow/.local/lib/python3.8/site-packages/airflow/example_dags/example_branch_python_dop_operator_3.py took 0.128 seconds
[2026-03-23T03:26:43.289+0000] {processor.py:161} INFO - Started process (PID=252) to work on /home/airflow/.local/lib/python3.8/site-packages/airflow/example_dags/example_branch_python_dop_operator_3.py
[2026-03-23T03:26:43.290+0000] {processor.py:830} INFO - Processing file /home/airflow/.local/lib/python3.8/site-packages/airflow/example_dags/example_branch_python_dop_operator_3.py for tasks to queue
[2026-03-23T03:26:43.292+0000] {logging_mixin.py:188} INFO - [2026-03-23T03:26:43.292+0000] {dagbag.py:540} INFO - Filling up the DagBag from /home/airflow/.local/lib/python3.8/site-packages/airflow/example_dags/example_branch_python_dop_operator_3.py
[2026-03-23T03:26:43.301+0000] {processor.py:840} INFO - DAG(s) 'example_branch_dop_operator_v3' retrieved from /home/airflow/.local/lib/python3.8/site-packages/airflow/example_dags/example_branch_python_dop_operator_3.py
[2026-03-23T03:26:43.323+0000] {logging_mixin.py:188} INFO - [2026-03-23T03:26:43.323+0000] {dag.py:3047} INFO - Sync 1 DAGs
[2026-03-23T03:26:43.351+0000] {logging_mixin.py:188} INFO - [2026-03-23T03:26:43.351+0000] {dag.py:3834} INFO - Setting next_dagrun for example_branch_dop_operator_v3 to 2026-03-23 03:25:00+00:00, run_after=2026-03-23 03:26:00+00:00
[2026-03-23T03:26:43.378+0000] {processor.py:183} INFO - Processing /home/airflow/.local/lib/python3.8/site-packages/airflow/example_dags/example_branch_python_dop_operator_3.py took 0.092 seconds
[2026-03-23T03:27:13.731+0000] {processor.py:161} INFO - Started process (PID=307) to work on /home/airflow/.local/lib/python3.8/site-packages/airflow/example_dags/example_branch_python_dop_operator_3.py
[2026-03-23T03:27:13.732+0000] {processor.py:830} INFO - Processing file /home/airflow/.local/lib/python3.8/site-packages/airflow/example_dags/example_branch_python_dop_operator_3.py for tasks to queue
[2026-03-23T03:27:13.734+0000] {logging_mixin.py:188} INFO - [2026-03-23T03:27:13.733+0000] {dagbag.py:540} INFO - Filling up the DagBag from /home/airflow/.local/lib/python3.8/site-packages/airflow/example_dags/example_branch_python_dop_operator_3.py
[2026-03-23T03:27:13.741+0000] {processor.py:840} INFO - DAG(s) 'example_branch_dop_operator_v3' retrieved from /home/airflow/.local/lib/python3.8/site-packages/airflow/example_dags/example_branch_python_dop_operator_3.py
[2026-03-23T03:27:13.759+0000] {logging_mixin.py:188} INFO - [2026-03-23T03:27:13.759+0000] {dag.py:3047} INFO - Sync 1 DAGs
[2026-03-23T03:27:13.782+0000] {logging_mixin.py:188} INFO - [2026-03-23T03:27:13.782+0000] {dag.py:3834} INFO - Setting next_dagrun for example_branch_dop_operator_v3 to 2026-03-23 03:26:00+00:00, run_after=2026-03-23 03:27:00+00:00
[2026-03-23T03:27:13.804+0000] {processor.py:183} INFO - Processing /home/airflow/.local/lib/python3.8/site-packages/airflow/example_dags/example_branch_python_dop_operator_3.py took 0.075 seconds
[2026-03-23T03:27:43.914+0000] {processor.py:161} INFO - Started process (PID=362) to work on /home/airflow/.local/lib/python3.8/site-packages/airflow/example_dags/example_branch_python_dop_operator_3.py
[2026-03-23T03:27:43.915+0000] {processor.py:830} INFO - Processing file /home/airflow/.local/lib/python3.8/site-packages/airflow/example_dags/example_branch_python_dop_operator_3.py for tasks to queue
[2026-03-23T03:27:43.917+0000] {logging_mixin.py:188} INFO - [2026-03-23T03:27:43.917+0000] {dagbag.py:540} INFO - Filling up the DagBag from /home/airflow/.local/lib/python3.8/site-packages/airflow/example_dags/example_branch_python_dop_operator_3.py
[2026-03-23T03:27:43.926+0000] {processor.py:840} INFO - DAG(s) 'example_branch_dop_operator_v3' retrieved from /home/airflow/.local/lib/python3.8/site-packages/airflow/example_dags/example_branch_python_dop_operator_3.py
[2026-03-23T03:27:43.949+0000] {logging_mixin.py:188} INFO - [2026-03-23T03:27:43.948+0000] {dag.py:3047} INFO - Sync 1 DAGs
[2026-03-23T03:27:43.975+0000] {logging_mixin.py:188} INFO - [2026-03-23T03:27:43.975+0000] {dag.py:3834} INFO - Setting next_dagrun for example_branch_dop_operator_v3 to 2026-03-23 03:26:00+00:00, run_after=2026-03-23 03:27:00+00:00
[2026-03-23T03:27:44.003+0000] {processor.py:183} INFO - Processing /home/airflow/.local/lib/python3.8/site-packages/airflow/example_dags/example_branch_python_dop_operator_3.py took 0.092 seconds
[2026-03-23T03:28:14.253+0000] {processor.py:161} INFO - Started process (PID=417) to work on /home/airflow/.local/lib/python3.8/site-packages/airflow/example_dags/example_branch_python_dop_operator_3.py
[2026-03-23T03:28:14.254+0000] {processor.py:830} INFO - Processing file /home/airflow/.local/lib/python3.8/site-packages/airflow/example_dags/example_branch_python_dop_operator_3.py for tasks to queue
[2026-03-23T03:28:14.256+0000] {logging_mixin.py:188} INFO - [2026-03-23T03:28:14.256+0000] {dagbag.py:540} INFO - Filling up the DagBag from /home/airflow/.local/lib/python3.8/site-packages/airflow/example_dags/example_branch_python_dop_operator_3.py
[2026-03-23T03:28:14.263+0000] {processor.py:840} INFO - DAG(s) 'example_branch_dop_operator_v3' retrieved from /home/airflow/.local/lib/python3.8/site-packages/airflow/example_dags/example_branch_python_dop_operator_3.py
[2026-03-23T03:28:14.283+0000] {logging_mixin.py:188} INFO - [2026-03-23T03:28:14.282+0000] {dag.py:3047} INFO - Sync 1 DAGs
[2026-03-23T03:28:14.306+0000] {logging_mixin.py:188} INFO - [2026-03-23T03:28:14.305+0000] {dag.py:3834} INFO - Setting next_dagrun for example_branch_dop_operator_v3 to 2026-03-23 03:27:00+00:00, run_after=2026-03-23 03:28:00+00:00
[2026-03-23T03:28:14.328+0000] {processor.py:183} INFO - Processing /home/airflow/.local/lib/python3.8/site-packages/airflow/example_dags/example_branch_python_dop_operator_3.py took 0.077 seconds
[2026-03-23T03:28:44.722+0000] {processor.py:161} INFO - Started process (PID=472) to work on /home/airflow/.local/lib/python3.8/site-packages/airflow/example_dags/example_branch_python_dop_operator_3.py
[2026-03-23T03:28:44.724+0000] {processor.py:830} INFO - Processing file /home/airflow/.local/lib/python3.8/site-packages/airflow/example_dags/example_branch_python_dop_operator_3.py for tasks to queue
[2026-03-23T03:28:44.726+0000] {logging_mixin.py:188} INFO - [2026-03-23T03:28:44.725+0000] {dagbag.py:540} INFO - Filling up the DagBag from /home/airflow/.local/lib/python3.8/site-packages/airflow/example_dags/example_branch_python_dop_operator_3.py
[2026-03-23T03:28:44.734+0000] {processor.py:840} INFO - DAG(s) 'example_branch_dop_operator_v3' retrieved from /home/airflow/.local/lib/python3.8/site-packages/airflow/example_dags/example_branch_python_dop_operator_3.py
[2026-03-23T03:28:44.755+0000] {logging_mixin.py:188} INFO - [2026-03-23T03:28:44.755+0000] {dag.py:3047} INFO - Sync 1 DAGs
[2026-03-23T03:28:44.780+0000] {logging_mixin.py:188} INFO - [2026-03-23T03:28:44.780+0000] {dag.py:3834} INFO - Setting next_dagrun for example_branch_dop_operator_v3 to 2026-03-23 03:27:00+00:00, run_after=2026-03-23 03:28:00+00:00
[2026-03-23T03:28:44.800+0000] {processor.py:183} INFO - Processing /home/airflow/.local/lib/python3.8/site-packages/airflow/example_dags/example_branch_python_dop_operator_3.py took 0.081 seconds
[2026-03-23T03:29:15.160+0000] {processor.py:161} INFO - Started process (PID=527) to work on /home/airflow/.local/lib/python3.8/site-packages/airflow/example_dags/example_branch_python_dop_operator_3.py
[2026-03-23T03:29:15.162+0000] {processor.py:830} INFO - Processing file /home/airflow/.local/lib/python3.8/site-packages/airflow/example_dags/example_branch_python_dop_operator_3.py for tasks to queue
[2026-03-23T03:29:15.164+0000] {logging_mixin.py:188} INFO - [2026-03-23T03:29:15.164+0000] {dagbag.py:540} INFO - Filling up the DagBag from /home/airflow/.local/lib/python3.8/site-packages/airflow/example_dags/example_branch_python_dop_operator_3.py
[2026-03-23T03:29:15.174+0000] {processor.py:840} INFO - DAG(s) 'example_branch_dop_operator_v3' retrieved from /home/airflow/.local/lib/python3.8/site-packages/airflow/example_dags/example_branch_python_dop_operator_3.py
[2026-03-23T03:29:15.195+0000] {logging_mixin.py:188} INFO - [2026-03-23T03:29:15.194+0000] {dag.py:3047} INFO - Sync 1 DAGs
[2026-03-23T03:29:15.221+0000] {logging_mixin.py:188} INFO - [2026-03-23T03:29:15.220+0000] {dag.py:3834} INFO - Setting next_dagrun for example_branch_dop_operator_v3 to 2026-03-23 03:28:00+00:00, run_after=2026-03-23 03:29:00+00:00
[2026-03-23T03:29:15.249+0000] {processor.py:183} INFO - Processing /home/airflow/.local/lib/python3.8/site-packages/airflow/example_dags/example_branch_python_dop_operator_3.py took 0.092 seconds
[2026-03-23T03:29:45.297+0000] {processor.py:161} INFO - Started process (PID=583) to work on /home/airflow/.local/lib/python3.8/site-packages/airflow/example_dags/example_branch_python_dop_operator_3.py
[2026-03-23T03:29:45.299+0000] {processor.py:830} INFO - Processing file /home/airflow/.local/lib/python3.8/site-packages/airflow/example_dags/example_branch_python_dop_operator_3.py for tasks to queue
[2026-03-23T03:29:45.301+0000] {logging_mixin.py:188} INFO - [2026-03-23T03:29:45.300+0000] {dagbag.py:540} INFO - Filling up the DagBag from /home/airflow/.local/lib/python3.8/site-packages/airflow/example_dags/example_branch_python_dop_operator_3.py
[2026-03-23T03:29:45.310+0000] {processor.py:840} INFO - DAG(s) 'example_branch_dop_operator_v3' retrieved from /home/airflow/.local/lib/python3.8/site-packages/airflow/example_dags/example_branch_python_dop_operator_3.py
[2026-03-23T03:29:45.330+0000] {logging_mixin.py:188} INFO - [2026-03-23T03:29:45.330+0000] {dag.py:3047} INFO - Sync 1 DAGs
[2026-03-23T03:29:45.355+0000] {logging_mixin.py:188} INFO - [2026-03-23T03:29:45.355+0000] {dag.py:3834} INFO - Setting next_dagrun for example_branch_dop_operator_v3 to 2026-03-23 03:28:00+00:00, run_after=2026-03-23 03:29:00+00:00
[2026-03-23T03:29:45.376+0000] {processor.py:183} INFO - Processing /home/airflow/.local/lib/python3.8/site-packages/airflow/example_dags/example_branch_python_dop_operator_3.py took 0.082 seconds
[2026-03-23T03:30:15.783+0000] {processor.py:161} INFO - Started process (PID=637) to work on /home/airflow/.local/lib/python3.8/site-packages/airflow/example_dags/example_branch_python_dop_operator_3.py
[2026-03-23T03:30:15.784+0000] {processor.py:830} INFO - Processing file /home/airflow/.local/lib/python3.8/site-packages/airflow/example_dags/example_branch_python_dop_operator_3.py for tasks to queue
[2026-03-23T03:30:15.787+0000] {logging_mixin.py:188} INFO - [2026-03-23T03:30:15.786+0000] {dagbag.py:540} INFO - Filling up the DagBag from /home/airflow/.local/lib/python3.8/site-packages/airflow/example_dags/example_branch_python_dop_operator_3.py
[2026-03-23T03:30:15.796+0000] {processor.py:840} INFO - DAG(s) 'example_branch_dop_operator_v3' retrieved from /home/airflow/.local/lib/python3.8/site-packages/airflow/example_dags/example_branch_python_dop_operator_3.py
[2026-03-23T03:30:15.821+0000] {logging_mixin.py:188} INFO - [2026-03-23T03:30:15.821+0000] {dag.py:3047} INFO - Sync 1 DAGs
[2026-03-23T03:30:15.851+0000] {logging_mixin.py:188} INFO - [2026-03-23T03:30:15.851+0000] {dag.py:3834} INFO - Setting next_dagrun for example_branch_dop_operator_v3 to 2026-03-23 03:29:00+00:00, run_after=2026-03-23 03:30:00+00:00
[2026-03-23T03:30:15.879+0000] {processor.py:183} INFO - Processing /home/airflow/.local/lib/python3.8/site-packages/airflow/example_dags/example_branch_python_dop_operator_3.py took 0.099 seconds
[2026-03-23T03:30:45.933+0000] {processor.py:161} INFO - Started process (PID=692) to work on /home/airflow/.local/lib/python3.8/site-packages/airflow/example_dags/example_branch_python_dop_operator_3.py
[2026-03-23T03:30:45.935+0000] {processor.py:830} INFO - Processing file /home/airflow/.local/lib/python3.8/site-packages/airflow/example_dags/example_branch_python_dop_operator_3.py for tasks to queue
[2026-03-23T03:30:45.937+0000] {logging_mixin.py:188} INFO - [2026-03-23T03:30:45.936+0000] {dagbag.py:540} INFO - Filling up the DagBag from /home/airflow/.local/lib/python3.8/site-packages/airflow/example_dags/example_branch_python_dop_operator_3.py
[2026-03-23T03:30:45.945+0000] {processor.py:840} INFO - DAG(s) 'example_branch_dop_operator_v3' retrieved from /home/airflow/.local/lib/python3.8/site-packages/airflow/example_dags/example_branch_python_dop_operator_3.py
[2026-03-23T03:30:45.967+0000] {logging_mixin.py:188} INFO - [2026-03-23T03:30:45.967+0000] {dag.py:3047} INFO - Sync 1 DAGs
[2026-03-23T03:30:45.992+0000] {logging_mixin.py:188} INFO - [2026-03-23T03:30:45.992+0000] {dag.py:3834} INFO - Setting next_dagrun for example_branch_dop_operator_v3 to 2026-03-23 03:29:00+00:00, run_after=2026-03-23 03:30:00+00:00
[2026-03-23T03:30:46.013+0000] {processor.py:183} INFO - Processing /home/airflow/.local/lib/python3.8/site-packages/airflow/example_dags/example_branch_python_dop_operator_3.py took 0.083 seconds
[2026-03-23T03:31:16.151+0000] {processor.py:161} INFO - Started process (PID=748) to work on /home/airflow/.local/lib/python3.8/site-packages/airflow/example_dags/example_branch_python_dop_operator_3.py
[2026-03-23T03:31:16.152+0000] {processor.py:830} INFO - Processing file /home/airflow/.local/lib/python3.8/site-packages/airflow/example_dags/example_branch_python_dop_operator_3.py for tasks to queue
[2026-03-23T03:31:16.155+0000] {logging_mixin.py:188} INFO - [2026-03-23T03:31:16.154+0000] {dagbag.py:540} INFO - Filling up the DagBag from /home/airflow/.local/lib/python3.8/site-packages/airflow/example_dags/example_branch_python_dop_operator_3.py
[2026-03-23T03:31:16.162+0000] {processor.py:840} INFO - DAG(s) 'example_branch_dop_operator_v3' retrieved from /home/airflow/.local/lib/python3.8/site-packages/airflow/example_dags/example_branch_python_dop_operator_3.py
[2026-03-23T03:31:16.183+0000] {logging_mixin.py:188} INFO - [2026-03-23T03:31:16.183+0000] {dag.py:3047} INFO - Sync 1 DAGs
[2026-03-23T03:31:16.207+0000] {logging_mixin.py:188} INFO - [2026-03-23T03:31:16.207+0000] {dag.py:3834} INFO - Setting next_dagrun for example_branch_dop_operator_v3 to 2026-03-23 03:30:00+00:00, run_after=2026-03-23 03:31:00+00:00
[2026-03-23T03:31:16.226+0000] {processor.py:183} INFO - Processing /home/airflow/.local/lib/python3.8/site-packages/airflow/example_dags/example_branch_python_dop_operator_3.py took 0.077 seconds
[2026-03-23T03:31:46.723+0000] {processor.py:161} INFO - Started process (PID=802) to work on /home/airflow/.local/lib/python3.8/site-packages/airflow/example_dags/example_branch_python_dop_operator_3.py
[2026-03-23T03:31:46.724+0000] {processor.py:830} INFO - Processing file /home/airflow/.local/lib/python3.8/site-packages/airflow/example_dags/example_branch_python_dop_operator_3.py for tasks to queue
[2026-03-23T03:31:46.726+0000] {logging_mixin.py:188} INFO - [2026-03-23T03:31:46.726+0000] {dagbag.py:540} INFO - Filling up the DagBag from /home/airflow/.local/lib/python3.8/site-packages/airflow/example_dags/example_branch_python_dop_operator_3.py
[2026-03-23T03:31:46.735+0000] {processor.py:840} INFO - DAG(s) 'example_branch_dop_operator_v3' retrieved from /home/airflow/.local/lib/python3.8/site-packages/airflow/example_dags/example_branch_python_dop_operator_3.py
[2026-03-23T03:31:46.759+0000] {logging_mixin.py:188} INFO - [2026-03-23T03:31:46.759+0000] {dag.py:3047} INFO - Sync 1 DAGs
[2026-03-23T03:31:46.789+0000] {logging_mixin.py:188} INFO - [2026-03-23T03:31:46.789+0000] {dag.py:3834} INFO - Setting next_dagrun for example_branch_dop_operator_v3 to 2026-03-23 03:30:00+00:00, run_after=2026-03-23 03:31:00+00:00
[2026-03-23T03:31:46.819+0000] {processor.py:183} INFO - Processing /home/airflow/.local/lib/python3.8/site-packages/airflow/example_dags/example_branch_python_dop_operator_3.py took 0.100 seconds
[2026-03-23T03:32:17.498+0000] {processor.py:161} INFO - Started process (PID=857) to work on /home/airflow/.local/lib/python3.8/site-packages/airflow/example_dags/example_branch_python_dop_operator_3.py
[2026-03-23T03:32:17.499+0000] {processor.py:830} INFO - Processing file /home/airflow/.local/lib/python3.8/site-packages/airflow/example_dags/example_branch_python_dop_operator_3.py for tasks to queue
[2026-03-23T03:32:17.501+0000] {logging_mixin.py:188} INFO - [2026-03-23T03:32:17.501+0000] {dagbag.py:540} INFO - Filling up the DagBag from /home/airflow/.local/lib/python3.8/site-packages/airflow/example_dags/example_branch_python_dop_operator_3.py
[2026-03-23T03:32:17.510+0000] {processor.py:840} INFO - DAG(s) 'example_branch_dop_operator_v3' retrieved from /home/airflow/.local/lib/python3.8/site-packages/airflow/example_dags/example_branch_python_dop_operator_3.py
[2026-03-23T03:32:17.533+0000] {logging_mixin.py:188} INFO - [2026-03-23T03:32:17.532+0000] {dag.py:3047} INFO - Sync 1 DAGs
[2026-03-23T03:32:17.559+0000] {logging_mixin.py:188} INFO - [2026-03-23T03:32:17.559+0000] {dag.py:3834} INFO - Setting next_dagrun for example_branch_dop_operator_v3 to 2026-03-23 03:31:00+00:00, run_after=2026-03-23 03:32:00+00:00
[2026-03-23T03:32:17.583+0000] {processor.py:183} INFO - Processing /home/airflow/.local/lib/python3.8/site-packages/airflow/example_dags/example_branch_python_dop_operator_3.py took 0.088 seconds
[2026-03-23T03:32:47.630+0000] {processor.py:161} INFO - Started process (PID=913) to work on /home/airflow/.local/lib/python3.8/site-packages/airflow/example_dags/example_branch_python_dop_operator_3.py
[2026-03-23T03:32:47.631+0000] {processor.py:830} INFO - Processing file /home/airflow/.local/lib/python3.8/site-packages/airflow/example_dags/example_branch_python_dop_operator_3.py for tasks to queue
[2026-03-23T03:32:47.633+0000] {logging_mixin.py:188} INFO - [2026-03-23T03:32:47.633+0000] {dagbag.py:540} INFO - Filling up the DagBag from /home/airflow/.local/lib/python3.8/site-packages/airflow/example_dags/example_branch_python_dop_operator_3.py
[2026-03-23T03:32:47.641+0000] {processor.py:840} INFO - DAG(s) 'example_branch_dop_operator_v3' retrieved from /home/airflow/.local/lib/python3.8/site-packages/airflow/example_dags/example_branch_python_dop_operator_3.py
[2026-03-23T03:32:47.660+0000] {logging_mixin.py:188} INFO - [2026-03-23T03:32:47.660+0000] {dag.py:3047} INFO - Sync 1 DAGs
[2026-03-23T03:32:47.685+0000] {logging_mixin.py:188} INFO - [2026-03-23T03:32:47.685+0000] {dag.py:3834} INFO - Setting next_dagrun for example_branch_dop_operator_v3 to 2026-03-23 03:31:00+00:00, run_after=2026-03-23 03:32:00+00:00
[2026-03-23T03:32:47.709+0000] {processor.py:183} INFO - Processing /home/airflow/.local/lib/python3.8/site-packages/airflow/example_dags/example_branch_python_dop_operator_3.py took 0.083 seconds
[2026-03-23T03:33:17.790+0000] {processor.py:161} INFO - Started process (PID=967) to work on /home/airflow/.local/lib/python3.8/site-packages/airflow/example_dags/example_branch_python_dop_operator_3.py
[2026-03-23T03:33:17.792+0000] {processor.py:830} INFO - Processing file /home/airflow/.local/lib/python3.8/site-packages/airflow/example_dags/example_branch_python_dop_operator_3.py for tasks to queue
[2026-03-23T03:33:17.794+0000] {logging_mixin.py:188} INFO - [2026-03-23T03:33:17.794+0000] {dagbag.py:540} INFO - Filling up the DagBag from /home/airflow/.local/lib/python3.8/site-packages/airflow/example_dags/example_branch_python_dop_operator_3.py
[2026-03-23T03:33:17.802+0000] {processor.py:840} INFO - DAG(s) 'example_branch_dop_operator_v3' retrieved from /home/airflow/.local/lib/python3.8/site-packages/airflow/example_dags/example_branch_python_dop_operator_3.py
[2026-03-23T03:33:17.824+0000] {logging_mixin.py:188} INFO - [2026-03-23T03:33:17.823+0000] {dag.py:3047} INFO - Sync 1 DAGs
[2026-03-23T03:33:17.848+0000] {logging_mixin.py:188} INFO - [2026-03-23T03:33:17.848+0000] {dag.py:3834} INFO - Setting next_dagrun for example_branch_dop_operator_v3 to 2026-03-23 03:32:00+00:00, run_after=2026-03-23 03:33:00+00:00
[2026-03-23T03:33:17.871+0000] {processor.py:183} INFO - Processing /home/airflow/.local/lib/python3.8/site-packages/airflow/example_dags/example_branch_python_dop_operator_3.py took 0.084 seconds
[2026-03-23T03:33:47.976+0000] {processor.py:161} INFO - Started process (PID=1022) to work on /home/airflow/.local/lib/python3.8/site-packages/airflow/example_dags/example_branch_python_dop_operator_3.py
[2026-03-23T03:33:47.978+0000] {processor.py:830} INFO - Processing file /home/airflow/.local/lib/python3.8/site-packages/airflow/example_dags/example_branch_python_dop_operator_3.py for tasks to queue
[2026-03-23T03:33:47.980+0000] {logging_mixin.py:188} INFO - [2026-03-23T03:33:47.979+0000] {dagbag.py:540} INFO - Filling up the DagBag from /home/airflow/.local/lib/python3.8/site-packages/airflow/example_dags/example_branch_python_dop_operator_3.py
[2026-03-23T03:33:47.987+0000] {processor.py:840} INFO - DAG(s) 'example_branch_dop_operator_v3' retrieved from /home/airflow/.local/lib/python3.8/site-packages/airflow/example_dags/example_branch_python_dop_operator_3.py
[2026-03-23T03:33:48.009+0000] {logging_mixin.py:188} INFO - [2026-03-23T03:33:48.008+0000] {dag.py:3047} INFO - Sync 1 DAGs
[2026-03-23T03:33:48.036+0000] {logging_mixin.py:188} INFO - [2026-03-23T03:33:48.036+0000] {dag.py:3834} INFO - Setting next_dagrun for example_branch_dop_operator_v3 to 2026-03-23 03:32:00+00:00, run_after=2026-03-23 03:33:00+00:00
[2026-03-23T03:33:48.061+0000] {processor.py:183} INFO - Processing /home/airflow/.local/lib/python3.8/site-packages/airflow/example_dags/example_branch_python_dop_operator_3.py took 0.088 seconds
[2026-03-23T03:34:18.144+0000] {processor.py:161} INFO - Started process (PID=1078) to work on /home/airflow/.local/lib/python3.8/site-packages/airflow/example_dags/example_branch_python_dop_operator_3.py
[2026-03-23T03:34:18.145+0000] {processor.py:830} INFO - Processing file /home/airflow/.local/lib/python3.8/site-packages/airflow/example_dags/example_branch_python_dop_operator_3.py for tasks to queue
[2026-03-23T03:34:18.147+0000] {logging_mixin.py:188} INFO - [2026-03-23T03:34:18.146+0000] {dagbag.py:540} INFO - Filling up the DagBag from /home/airflow/.local/lib/python3.8/site-packages/airflow/example_dags/example_branch_python_dop_operator_3.py
[2026-03-23T03:34:18.154+0000] {processor.py:840} INFO - DAG(s) 'example_branch_dop_operator_v3' retrieved from /home/airflow/.local/lib/python3.8/site-packages/airflow/example_dags/example_branch_python_dop_operator_3.py
[2026-03-23T03:34:18.174+0000] {logging_mixin.py:188} INFO - [2026-03-23T03:34:18.174+0000] {dag.py:3047} INFO - Sync 1 DAGs
[2026-03-23T03:34:18.200+0000] {logging_mixin.py:188} INFO - [2026-03-23T03:34:18.200+0000] {dag.py:3834} INFO - Setting next_dagrun for example_branch_dop_operator_v3 to 2026-03-23 03:33:00+00:00, run_after=2026-03-23 03:34:00+00:00
[2026-03-23T03:34:18.221+0000] {processor.py:183} INFO - Processing /home/airflow/.local/lib/python3.8/site-packages/airflow/example_dags/example_branch_python_dop_operator_3.py took 0.080 seconds
[2026-03-23T03:34:48.388+0000] {processor.py:161} INFO - Started process (PID=1132) to work on /home/airflow/.local/lib/python3.8/site-packages/airflow/example_dags/example_branch_python_dop_operator_3.py
[2026-03-23T03:34:48.390+0000] {processor.py:830} INFO - Processing file /home/airflow/.local/lib/python3.8/site-packages/airflow/example_dags/example_branch_python_dop_operator_3.py for tasks to queue
[2026-03-23T03:34:48.393+0000] {logging_mixin.py:188} INFO - [2026-03-23T03:34:48.392+0000] {dagbag.py:540} INFO - Filling up the DagBag from /home/airflow/.local/lib/python3.8/site-packages/airflow/example_dags/example_branch_python_dop_operator_3.py
[2026-03-23T03:34:48.403+0000] {processor.py:840} INFO - DAG(s) 'example_branch_dop_operator_v3' retrieved from /home/airflow/.local/lib/python3.8/site-packages/airflow/example_dags/example_branch_python_dop_operator_3.py
[2026-03-23T03:34:48.426+0000] {logging_mixin.py:188} INFO - [2026-03-23T03:34:48.426+0000] {dag.py:3047} INFO - Sync 1 DAGs
[2026-03-23T03:34:48.453+0000] {logging_mixin.py:188} INFO - [2026-03-23T03:34:48.452+0000] {dag.py:3834} INFO - Setting next_dagrun for example_branch_dop_operator_v3 to 2026-03-23 03:33:00+00:00, run_after=2026-03-23 03:34:00+00:00
[2026-03-23T03:34:48.478+0000] {processor.py:183} INFO - Processing /home/airflow/.local/lib/python3.8/site-packages/airflow/example_dags/example_branch_python_dop_operator_3.py took 0.095 seconds
[2026-03-23T03:37:20.108+0000] {processor.py:161} INFO - Started process (PID=81) to work on /home/airflow/.local/lib/python3.8/site-packages/airflow/example_dags/example_branch_python_dop_operator_3.py
[2026-03-23T03:37:20.110+0000] {processor.py:830} INFO - Processing file /home/airflow/.local/lib/python3.8/site-packages/airflow/example_dags/example_branch_python_dop_operator_3.py for tasks to queue
[2026-03-23T03:37:20.112+0000] {logging_mixin.py:188} INFO - [2026-03-23T03:37:20.112+0000] {dagbag.py:540} INFO - Filling up the DagBag from /home/airflow/.local/lib/python3.8/site-packages/airflow/example_dags/example_branch_python_dop_operator_3.py
[2026-03-23T03:37:20.136+0000] {processor.py:840} INFO - DAG(s) 'example_branch_dop_operator_v3' retrieved from /home/airflow/.local/lib/python3.8/site-packages/airflow/example_dags/example_branch_python_dop_operator_3.py
[2026-03-23T03:37:20.155+0000] {logging_mixin.py:188} INFO - [2026-03-23T03:37:20.154+0000] {dag.py:3047} INFO - Sync 1 DAGs
[2026-03-23T03:37:20.195+0000] {logging_mixin.py:188} INFO - [2026-03-23T03:37:20.195+0000] {dag.py:3834} INFO - Setting next_dagrun for example_branch_dop_operator_v3 to 2026-03-23 03:36:00+00:00, run_after=2026-03-23 03:37:00+00:00
[2026-03-23T03:37:20.227+0000] {processor.py:183} INFO - Processing /home/airflow/.local/lib/python3.8/site-packages/airflow/example_dags/example_branch_python_dop_operator_3.py took 0.123 seconds
[2026-03-23T03:37:51.436+0000] {processor.py:161} INFO - Started process (PID=136) to work on /home/airflow/.local/lib/python3.8/site-packages/airflow/example_dags/example_branch_python_dop_operator_3.py
[2026-03-23T03:37:51.438+0000] {processor.py:830} INFO - Processing file /home/airflow/.local/lib/python3.8/site-packages/airflow/example_dags/example_branch_python_dop_operator_3.py for tasks to queue
[2026-03-23T03:37:51.439+0000] {logging_mixin.py:188} INFO - [2026-03-23T03:37:51.439+0000] {dagbag.py:540} INFO - Filling up the DagBag from /home/airflow/.local/lib/python3.8/site-packages/airflow/example_dags/example_branch_python_dop_operator_3.py
[2026-03-23T03:37:51.448+0000] {processor.py:840} INFO - DAG(s) 'example_branch_dop_operator_v3' retrieved from /home/airflow/.local/lib/python3.8/site-packages/airflow/example_dags/example_branch_python_dop_operator_3.py
[2026-03-23T03:37:51.533+0000] {logging_mixin.py:188} INFO - [2026-03-23T03:37:51.533+0000] {dag.py:3047} INFO - Sync 1 DAGs
[2026-03-23T03:37:51.557+0000] {logging_mixin.py:188} INFO - [2026-03-23T03:37:51.557+0000] {dag.py:3834} INFO - Setting next_dagrun for example_branch_dop_operator_v3 to 2026-03-23 03:36:00+00:00, run_after=2026-03-23 03:37:00+00:00
[2026-03-23T03:37:51.579+0000] {processor.py:183} INFO - Processing /home/airflow/.local/lib/python3.8/site-packages/airflow/example_dags/example_branch_python_dop_operator_3.py took 0.145 seconds
[2026-03-23T03:38:22.090+0000] {processor.py:161} INFO - Started process (PID=197) to work on /home/airflow/.local/lib/python3.8/site-packages/airflow/example_dags/example_branch_python_dop_operator_3.py
[2026-03-23T03:38:22.091+0000] {processor.py:830} INFO - Processing file /home/airflow/.local/lib/python3.8/site-packages/airflow/example_dags/example_branch_python_dop_operator_3.py for tasks to queue
[2026-03-23T03:38:22.093+0000] {logging_mixin.py:188} INFO - [2026-03-23T03:38:22.093+0000] {dagbag.py:540} INFO - Filling up the DagBag from /home/airflow/.local/lib/python3.8/site-packages/airflow/example_dags/example_branch_python_dop_operator_3.py
[2026-03-23T03:38:22.101+0000] {processor.py:840} INFO - DAG(s) 'example_branch_dop_operator_v3' retrieved from /home/airflow/.local/lib/python3.8/site-packages/airflow/example_dags/example_branch_python_dop_operator_3.py
[2026-03-23T03:38:22.125+0000] {logging_mixin.py:188} INFO - [2026-03-23T03:38:22.124+0000] {dag.py:3047} INFO - Sync 1 DAGs
[2026-03-23T03:38:22.151+0000] {logging_mixin.py:188} INFO - [2026-03-23T03:38:22.151+0000] {dag.py:3834} INFO - Setting next_dagrun for example_branch_dop_operator_v3 to 2026-03-23 03:37:00+00:00, run_after=2026-03-23 03:38:00+00:00
[2026-03-23T03:38:22.174+0000] {processor.py:183} INFO - Processing /home/airflow/.local/lib/python3.8/site-packages/airflow/example_dags/example_branch_python_dop_operator_3.py took 0.087 seconds
[2026-03-23T03:38:52.597+0000] {processor.py:161} INFO - Started process (PID=252) to work on /home/airflow/.local/lib/python3.8/site-packages/airflow/example_dags/example_branch_python_dop_operator_3.py
[2026-03-23T03:38:52.599+0000] {processor.py:830} INFO - Processing file /home/airflow/.local/lib/python3.8/site-packages/airflow/example_dags/example_branch_python_dop_operator_3.py for tasks to queue
[2026-03-23T03:38:52.600+0000] {logging_mixin.py:188} INFO - [2026-03-23T03:38:52.600+0000] {dagbag.py:540} INFO - Filling up the DagBag from /home/airflow/.local/lib/python3.8/site-packages/airflow/example_dags/example_branch_python_dop_operator_3.py
[2026-03-23T03:38:52.609+0000] {processor.py:840} INFO - DAG(s) 'example_branch_dop_operator_v3' retrieved from /home/airflow/.local/lib/python3.8/site-packages/airflow/example_dags/example_branch_python_dop_operator_3.py
[2026-03-23T03:38:52.631+0000] {logging_mixin.py:188} INFO - [2026-03-23T03:38:52.631+0000] {dag.py:3047} INFO - Sync 1 DAGs
[2026-03-23T03:38:52.661+0000] {logging_mixin.py:188} INFO - [2026-03-23T03:38:52.661+0000] {dag.py:3834} INFO - Setting next_dagrun for example_branch_dop_operator_v3 to 2026-03-23 03:37:00+00:00, run_after=2026-03-23 03:38:00+00:00
[2026-03-23T03:38:52.686+0000] {processor.py:183} INFO - Processing /home/airflow/.local/lib/python3.8/site-packages/airflow/example_dags/example_branch_python_dop_operator_3.py took 0.092 seconds
[2026-03-23T03:39:23.198+0000] {processor.py:161} INFO - Started process (PID=307) to work on /home/airflow/.local/lib/python3.8/site-packages/airflow/example_dags/example_branch_python_dop_operator_3.py
[2026-03-23T03:39:23.200+0000] {processor.py:830} INFO - Processing file /home/airflow/.local/lib/python3.8/site-packages/airflow/example_dags/example_branch_python_dop_operator_3.py for tasks to queue
[2026-03-23T03:39:23.201+0000] {logging_mixin.py:188} INFO - [2026-03-23T03:39:23.201+0000] {dagbag.py:540} INFO - Filling up the DagBag from /home/airflow/.local/lib/python3.8/site-packages/airflow/example_dags/example_branch_python_dop_operator_3.py
[2026-03-23T03:39:23.209+0000] {processor.py:840} INFO - DAG(s) 'example_branch_dop_operator_v3' retrieved from /home/airflow/.local/lib/python3.8/site-packages/airflow/example_dags/example_branch_python_dop_operator_3.py
[2026-03-23T03:39:23.228+0000] {logging_mixin.py:188} INFO - [2026-03-23T03:39:23.228+0000] {dag.py:3047} INFO - Sync 1 DAGs
[2026-03-23T03:39:23.253+0000] {logging_mixin.py:188} INFO - [2026-03-23T03:39:23.253+0000] {dag.py:3834} INFO - Setting next_dagrun for example_branch_dop_operator_v3 to 2026-03-23 03:38:00+00:00, run_after=2026-03-23 03:39:00+00:00
[2026-03-23T03:39:23.273+0000] {processor.py:183} INFO - Processing /home/airflow/.local/lib/python3.8/site-packages/airflow/example_dags/example_branch_python_dop_operator_3.py took 0.077 seconds
[2026-03-23T03:39:53.348+0000] {processor.py:161} INFO - Started process (PID=362) to work on /home/airflow/.local/lib/python3.8/site-packages/airflow/example_dags/example_branch_python_dop_operator_3.py
[2026-03-23T03:39:53.349+0000] {processor.py:830} INFO - Processing file /home/airflow/.local/lib/python3.8/site-packages/airflow/example_dags/example_branch_python_dop_operator_3.py for tasks to queue
[2026-03-23T03:39:53.351+0000] {logging_mixin.py:188} INFO - [2026-03-23T03:39:53.351+0000] {dagbag.py:540} INFO - Filling up the DagBag from /home/airflow/.local/lib/python3.8/site-packages/airflow/example_dags/example_branch_python_dop_operator_3.py
[2026-03-23T03:39:53.358+0000] {processor.py:840} INFO - DAG(s) 'example_branch_dop_operator_v3' retrieved from /home/airflow/.local/lib/python3.8/site-packages/airflow/example_dags/example_branch_python_dop_operator_3.py
[2026-03-23T03:39:53.377+0000] {logging_mixin.py:188} INFO - [2026-03-23T03:39:53.377+0000] {dag.py:3047} INFO - Sync 1 DAGs
[2026-03-23T03:39:53.400+0000] {logging_mixin.py:188} INFO - [2026-03-23T03:39:53.399+0000] {dag.py:3834} INFO - Setting next_dagrun for example_branch_dop_operator_v3 to 2026-03-23 03:38:00+00:00, run_after=2026-03-23 03:39:00+00:00
[2026-03-23T03:39:53.419+0000] {processor.py:183} INFO - Processing /home/airflow/.local/lib/python3.8/site-packages/airflow/example_dags/example_branch_python_dop_operator_3.py took 0.074 seconds
[2026-03-23T03:40:23.911+0000] {processor.py:161} INFO - Started process (PID=417) to work on /home/airflow/.local/lib/python3.8/site-packages/airflow/example_dags/example_branch_python_dop_operator_3.py
[2026-03-23T03:40:23.912+0000] {processor.py:830} INFO - Processing file /home/airflow/.local/lib/python3.8/site-packages/airflow/example_dags/example_branch_python_dop_operator_3.py for tasks to queue
[2026-03-23T03:40:23.914+0000] {logging_mixin.py:188} INFO - [2026-03-23T03:40:23.914+0000] {dagbag.py:540} INFO - Filling up the DagBag from /home/airflow/.local/lib/python3.8/site-packages/airflow/example_dags/example_branch_python_dop_operator_3.py
[2026-03-23T03:40:23.921+0000] {processor.py:840} INFO - DAG(s) 'example_branch_dop_operator_v3' retrieved from /home/airflow/.local/lib/python3.8/site-packages/airflow/example_dags/example_branch_python_dop_operator_3.py
[2026-03-23T03:40:23.942+0000] {logging_mixin.py:188} INFO - [2026-03-23T03:40:23.942+0000] {dag.py:3047} INFO - Sync 1 DAGs
[2026-03-23T03:40:23.966+0000] {logging_mixin.py:188} INFO - [2026-03-23T03:40:23.965+0000] {dag.py:3834} INFO - Setting next_dagrun for example_branch_dop_operator_v3 to 2026-03-23 03:39:00+00:00, run_after=2026-03-23 03:40:00+00:00
[2026-03-23T03:40:23.988+0000] {processor.py:183} INFO - Processing /home/airflow/.local/lib/python3.8/site-packages/airflow/example_dags/example_branch_python_dop_operator_3.py took 0.079 seconds
[2026-03-23T03:40:54.667+0000] {processor.py:161} INFO - Started process (PID=472) to work on /home/airflow/.local/lib/python3.8/site-packages/airflow/example_dags/example_branch_python_dop_operator_3.py
[2026-03-23T03:40:54.669+0000] {processor.py:830} INFO - Processing file /home/airflow/.local/lib/python3.8/site-packages/airflow/example_dags/example_branch_python_dop_operator_3.py for tasks to queue
[2026-03-23T03:40:54.672+0000] {logging_mixin.py:188} INFO - [2026-03-23T03:40:54.671+0000] {dagbag.py:540} INFO - Filling up the DagBag from /home/airflow/.local/lib/python3.8/site-packages/airflow/example_dags/example_branch_python_dop_operator_3.py
[2026-03-23T03:40:54.683+0000] {processor.py:840} INFO - DAG(s) 'example_branch_dop_operator_v3' retrieved from /home/airflow/.local/lib/python3.8/site-packages/airflow/example_dags/example_branch_python_dop_operator_3.py
[2026-03-23T03:40:54.711+0000] {logging_mixin.py:188} INFO - [2026-03-23T03:40:54.710+0000] {dag.py:3047} INFO - Sync 1 DAGs
[2026-03-23T03:40:54.747+0000] {logging_mixin.py:188} INFO - [2026-03-23T03:40:54.746+0000] {dag.py:3834} INFO - Setting next_dagrun for example_branch_dop_operator_v3 to 2026-03-23 03:39:00+00:00, run_after=2026-03-23 03:40:00+00:00
[2026-03-23T03:40:54.788+0000] {processor.py:183} INFO - Processing /home/airflow/.local/lib/python3.8/site-packages/airflow/example_dags/example_branch_python_dop_operator_3.py took 0.126 seconds
[2026-03-23T03:41:25.312+0000] {processor.py:161} INFO - Started process (PID=527) to work on /home/airflow/.local/lib/python3.8/site-packages/airflow/example_dags/example_branch_python_dop_operator_3.py
[2026-03-23T03:41:25.313+0000] {processor.py:830} INFO - Processing file /home/airflow/.local/lib/python3.8/site-packages/airflow/example_dags/example_branch_python_dop_operator_3.py for tasks to queue
[2026-03-23T03:41:25.316+0000] {logging_mixin.py:188} INFO - [2026-03-23T03:41:25.315+0000] {dagbag.py:540} INFO - Filling up the DagBag from /home/airflow/.local/lib/python3.8/site-packages/airflow/example_dags/example_branch_python_dop_operator_3.py
[2026-03-23T03:41:25.326+0000] {processor.py:840} INFO - DAG(s) 'example_branch_dop_operator_v3' retrieved from /home/airflow/.local/lib/python3.8/site-packages/airflow/example_dags/example_branch_python_dop_operator_3.py
[2026-03-23T03:41:25.349+0000] {logging_mixin.py:188} INFO - [2026-03-23T03:41:25.349+0000] {dag.py:3047} INFO - Sync 1 DAGs
[2026-03-23T03:41:25.382+0000] {logging_mixin.py:188} INFO - [2026-03-23T03:41:25.382+0000] {dag.py:3834} INFO - Setting next_dagrun for example_branch_dop_operator_v3 to 2026-03-23 03:40:00+00:00, run_after=2026-03-23 03:41:00+00:00
[2026-03-23T03:41:25.412+0000] {processor.py:183} INFO - Processing /home/airflow/.local/lib/python3.8/site-packages/airflow/example_dags/example_branch_python_dop_operator_3.py took 0.104 seconds
[2026-03-23T03:41:55.527+0000] {processor.py:161} INFO - Started process (PID=582) to work on /home/airflow/.local/lib/python3.8/site-packages/airflow/example_dags/example_branch_python_dop_operator_3.py
[2026-03-23T03:41:55.529+0000] {processor.py:830} INFO - Processing file /home/airflow/.local/lib/python3.8/site-packages/airflow/example_dags/example_branch_python_dop_operator_3.py for tasks to queue
[2026-03-23T03:41:55.533+0000] {logging_mixin.py:188} INFO - [2026-03-23T03:41:55.532+0000] {dagbag.py:540} INFO - Filling up the DagBag from /home/airflow/.local/lib/python3.8/site-packages/airflow/example_dags/example_branch_python_dop_operator_3.py
[2026-03-23T03:41:55.546+0000] {processor.py:840} INFO - DAG(s) 'example_branch_dop_operator_v3' retrieved from /home/airflow/.local/lib/python3.8/site-packages/airflow/example_dags/example_branch_python_dop_operator_3.py
[2026-03-23T03:41:55.568+0000] {logging_mixin.py:188} INFO - [2026-03-23T03:41:55.567+0000] {dag.py:3047} INFO - Sync 1 DAGs
[2026-03-23T03:41:55.596+0000] {logging_mixin.py:188} INFO - [2026-03-23T03:41:55.596+0000] {dag.py:3834} INFO - Setting next_dagrun for example_branch_dop_operator_v3 to 2026-03-23 03:40:00+00:00, run_after=2026-03-23 03:41:00+00:00
[2026-03-23T03:41:55.620+0000] {processor.py:183} INFO - Processing /home/airflow/.local/lib/python3.8/site-packages/airflow/example_dags/example_branch_python_dop_operator_3.py took 0.096 seconds
[2026-03-23T03:42:25.704+0000] {processor.py:161} INFO - Started process (PID=637) to work on /home/airflow/.local/lib/python3.8/site-packages/airflow/example_dags/example_branch_python_dop_operator_3.py
[2026-03-23T03:42:25.705+0000] {processor.py:830} INFO - Processing file /home/airflow/.local/lib/python3.8/site-packages/airflow/example_dags/example_branch_python_dop_operator_3.py for tasks to queue
[2026-03-23T03:42:25.707+0000] {logging_mixin.py:188} INFO - [2026-03-23T03:42:25.707+0000] {dagbag.py:540} INFO - Filling up the DagBag from /home/airflow/.local/lib/python3.8/site-packages/airflow/example_dags/example_branch_python_dop_operator_3.py
[2026-03-23T03:42:25.718+0000] {processor.py:840} INFO - DAG(s) 'example_branch_dop_operator_v3' retrieved from /home/airflow/.local/lib/python3.8/site-packages/airflow/example_dags/example_branch_python_dop_operator_3.py
[2026-03-23T03:42:25.741+0000] {logging_mixin.py:188} INFO - [2026-03-23T03:42:25.740+0000] {dag.py:3047} INFO - Sync 1 DAGs
[2026-03-23T03:42:25.771+0000] {logging_mixin.py:188} INFO - [2026-03-23T03:42:25.771+0000] {dag.py:3834} INFO - Setting next_dagrun for example_branch_dop_operator_v3 to 2026-03-23 03:41:00+00:00, run_after=2026-03-23 03:42:00+00:00
[2026-03-23T03:42:25.797+0000] {processor.py:183} INFO - Processing /home/airflow/.local/lib/python3.8/site-packages/airflow/example_dags/example_branch_python_dop_operator_3.py took 0.097 seconds
[2026-03-23T03:42:56.307+0000] {processor.py:161} INFO - Started process (PID=692) to work on /home/airflow/.local/lib/python3.8/site-packages/airflow/example_dags/example_branch_python_dop_operator_3.py
[2026-03-23T03:42:56.308+0000] {processor.py:830} INFO - Processing file /home/airflow/.local/lib/python3.8/site-packages/airflow/example_dags/example_branch_python_dop_operator_3.py for tasks to queue
[2026-03-23T03:42:56.310+0000] {logging_mixin.py:188} INFO - [2026-03-23T03:42:56.310+0000] {dagbag.py:540} INFO - Filling up the DagBag from /home/airflow/.local/lib/python3.8/site-packages/airflow/example_dags/example_branch_python_dop_operator_3.py
[2026-03-23T03:42:56.319+0000] {processor.py:840} INFO - DAG(s) 'example_branch_dop_operator_v3' retrieved from /home/airflow/.local/lib/python3.8/site-packages/airflow/example_dags/example_branch_python_dop_operator_3.py
[2026-03-23T03:42:56.340+0000] {logging_mixin.py:188} INFO - [2026-03-23T03:42:56.340+0000] {dag.py:3047} INFO - Sync 1 DAGs
[2026-03-23T03:42:56.367+0000] {logging_mixin.py:188} INFO - [2026-03-23T03:42:56.366+0000] {dag.py:3834} INFO - Setting next_dagrun for example_branch_dop_operator_v3 to 2026-03-23 03:41:00+00:00, run_after=2026-03-23 03:42:00+00:00
[2026-03-23T03:42:56.392+0000] {processor.py:183} INFO - Processing /home/airflow/.local/lib/python3.8/site-packages/airflow/example_dags/example_branch_python_dop_operator_3.py took 0.088 seconds
[2026-03-23T03:43:26.723+0000] {processor.py:161} INFO - Started process (PID=747) to work on /home/airflow/.local/lib/python3.8/site-packages/airflow/example_dags/example_branch_python_dop_operator_3.py
[2026-03-23T03:43:26.724+0000] {processor.py:830} INFO - Processing file /home/airflow/.local/lib/python3.8/site-packages/airflow/example_dags/example_branch_python_dop_operator_3.py for tasks to queue
[2026-03-23T03:43:26.727+0000] {logging_mixin.py:188} INFO - [2026-03-23T03:43:26.726+0000] {dagbag.py:540} INFO - Filling up the DagBag from /home/airflow/.local/lib/python3.8/site-packages/airflow/example_dags/example_branch_python_dop_operator_3.py
[2026-03-23T03:43:26.736+0000] {processor.py:840} INFO - DAG(s) 'example_branch_dop_operator_v3' retrieved from /home/airflow/.local/lib/python3.8/site-packages/airflow/example_dags/example_branch_python_dop_operator_3.py
[2026-03-23T03:43:26.760+0000] {logging_mixin.py:188} INFO - [2026-03-23T03:43:26.760+0000] {dag.py:3047} INFO - Sync 1 DAGs
[2026-03-23T03:43:26.789+0000] {logging_mixin.py:188} INFO - [2026-03-23T03:43:26.788+0000] {dag.py:3834} INFO - Setting next_dagrun for example_branch_dop_operator_v3 to 2026-03-23 03:42:00+00:00, run_after=2026-03-23 03:43:00+00:00
[2026-03-23T03:43:26.817+0000] {processor.py:183} INFO - Processing /home/airflow/.local/lib/python3.8/site-packages/airflow/example_dags/example_branch_python_dop_operator_3.py took 0.098 seconds
[2026-03-23T03:43:57.187+0000] {processor.py:161} INFO - Started process (PID=802) to work on /home/airflow/.local/lib/python3.8/site-packages/airflow/example_dags/example_branch_python_dop_operator_3.py
[2026-03-23T03:43:57.188+0000] {processor.py:830} INFO - Processing file /home/airflow/.local/lib/python3.8/site-packages/airflow/example_dags/example_branch_python_dop_operator_3.py for tasks to queue
[2026-03-23T03:43:57.191+0000] {logging_mixin.py:188} INFO - [2026-03-23T03:43:57.190+0000] {dagbag.py:540} INFO - Filling up the DagBag from /home/airflow/.local/lib/python3.8/site-packages/airflow/example_dags/example_branch_python_dop_operator_3.py
[2026-03-23T03:43:57.200+0000] {processor.py:840} INFO - DAG(s) 'example_branch_dop_operator_v3' retrieved from /home/airflow/.local/lib/python3.8/site-packages/airflow/example_dags/example_branch_python_dop_operator_3.py
[2026-03-23T03:43:57.222+0000] {logging_mixin.py:188} INFO - [2026-03-23T03:43:57.221+0000] {dag.py:3047} INFO - Sync 1 DAGs
[2026-03-23T03:43:57.248+0000] {logging_mixin.py:188} INFO - [2026-03-23T03:43:57.247+0000] {dag.py:3834} INFO - Setting next_dagrun for example_branch_dop_operator_v3 to 2026-03-23 03:42:00+00:00, run_after=2026-03-23 03:43:00+00:00
[2026-03-23T03:43:57.272+0000] {processor.py:183} INFO - Processing /home/airflow/.local/lib/python3.8/site-packages/airflow/example_dags/example_branch_python_dop_operator_3.py took 0.089 seconds
[2026-03-23T03:44:27.801+0000] {processor.py:161} INFO - Started process (PID=857) to work on /home/airflow/.local/lib/python3.8/site-packages/airflow/example_dags/example_branch_python_dop_operator_3.py
[2026-03-23T03:44:27.803+0000] {processor.py:830} INFO - Processing file /home/airflow/.local/lib/python3.8/site-packages/airflow/example_dags/example_branch_python_dop_operator_3.py for tasks to queue
[2026-03-23T03:44:27.805+0000] {logging_mixin.py:188} INFO - [2026-03-23T03:44:27.805+0000] {dagbag.py:540} INFO - Filling up the DagBag from /home/airflow/.local/lib/python3.8/site-packages/airflow/example_dags/example_branch_python_dop_operator_3.py
[2026-03-23T03:44:27.816+0000] {processor.py:840} INFO - DAG(s) 'example_branch_dop_operator_v3' retrieved from /home/airflow/.local/lib/python3.8/site-packages/airflow/example_dags/example_branch_python_dop_operator_3.py
[2026-03-23T03:44:27.843+0000] {logging_mixin.py:188} INFO - [2026-03-23T03:44:27.843+0000] {dag.py:3047} INFO - Sync 1 DAGs
[2026-03-23T03:44:27.871+0000] {logging_mixin.py:188} INFO - [2026-03-23T03:44:27.871+0000] {dag.py:3834} INFO - Setting next_dagrun for example_branch_dop_operator_v3 to 2026-03-23 03:43:00+00:00, run_after=2026-03-23 03:44:00+00:00
[2026-03-23T03:44:27.894+0000] {processor.py:183} INFO - Processing /home/airflow/.local/lib/python3.8/site-packages/airflow/example_dags/example_branch_python_dop_operator_3.py took 0.097 seconds
[2026-03-23T03:44:58.167+0000] {processor.py:161} INFO - Started process (PID=912) to work on /home/airflow/.local/lib/python3.8/site-packages/airflow/example_dags/example_branch_python_dop_operator_3.py
[2026-03-23T03:44:58.168+0000] {processor.py:830} INFO - Processing file /home/airflow/.local/lib/python3.8/site-packages/airflow/example_dags/example_branch_python_dop_operator_3.py for tasks to queue
[2026-03-23T03:44:58.170+0000] {logging_mixin.py:188} INFO - [2026-03-23T03:44:58.170+0000] {dagbag.py:540} INFO - Filling up the DagBag from /home/airflow/.local/lib/python3.8/site-packages/airflow/example_dags/example_branch_python_dop_operator_3.py
[2026-03-23T03:44:58.180+0000] {processor.py:840} INFO - DAG(s) 'example_branch_dop_operator_v3' retrieved from /home/airflow/.local/lib/python3.8/site-packages/airflow/example_dags/example_branch_python_dop_operator_3.py
[2026-03-23T03:44:58.202+0000] {logging_mixin.py:188} INFO - [2026-03-23T03:44:58.202+0000] {dag.py:3047} INFO - Sync 1 DAGs
[2026-03-23T03:44:58.230+0000] {logging_mixin.py:188} INFO - [2026-03-23T03:44:58.230+0000] {dag.py:3834} INFO - Setting next_dagrun for example_branch_dop_operator_v3 to 2026-03-23 03:43:00+00:00, run_after=2026-03-23 03:44:00+00:00
[2026-03-23T03:44:58.256+0000] {processor.py:183} INFO - Processing /home/airflow/.local/lib/python3.8/site-packages/airflow/example_dags/example_branch_python_dop_operator_3.py took 0.092 seconds
[2026-03-23T03:45:28.611+0000] {processor.py:161} INFO - Started process (PID=967) to work on /home/airflow/.local/lib/python3.8/site-packages/airflow/example_dags/example_branch_python_dop_operator_3.py
[2026-03-23T03:45:28.612+0000] {processor.py:830} INFO - Processing file /home/airflow/.local/lib/python3.8/site-packages/airflow/example_dags/example_branch_python_dop_operator_3.py for tasks to queue
[2026-03-23T03:45:28.614+0000] {logging_mixin.py:188} INFO - [2026-03-23T03:45:28.614+0000] {dagbag.py:540} INFO - Filling up the DagBag from /home/airflow/.local/lib/python3.8/site-packages/airflow/example_dags/example_branch_python_dop_operator_3.py
[2026-03-23T03:45:28.621+0000] {processor.py:840} INFO - DAG(s) 'example_branch_dop_operator_v3' retrieved from /home/airflow/.local/lib/python3.8/site-packages/airflow/example_dags/example_branch_python_dop_operator_3.py
[2026-03-23T03:45:28.640+0000] {logging_mixin.py:188} INFO - [2026-03-23T03:45:28.640+0000] {dag.py:3047} INFO - Sync 1 DAGs
[2026-03-23T03:45:28.665+0000] {logging_mixin.py:188} INFO - [2026-03-23T03:45:28.665+0000] {dag.py:3834} INFO - Setting next_dagrun for example_branch_dop_operator_v3 to 2026-03-23 03:44:00+00:00, run_after=2026-03-23 03:45:00+00:00
[2026-03-23T03:45:28.687+0000] {processor.py:183} INFO - Processing /home/airflow/.local/lib/python3.8/site-packages/airflow/example_dags/example_branch_python_dop_operator_3.py took 0.079 seconds
[2026-03-23T03:45:58.805+0000] {processor.py:161} INFO - Started process (PID=1022) to work on /home/airflow/.local/lib/python3.8/site-packages/airflow/example_dags/example_branch_python_dop_operator_3.py
[2026-03-23T03:45:58.806+0000] {processor.py:830} INFO - Processing file /home/airflow/.local/lib/python3.8/site-packages/airflow/example_dags/example_branch_python_dop_operator_3.py for tasks to queue
[2026-03-23T03:45:58.808+0000] {logging_mixin.py:188} INFO - [2026-03-23T03:45:58.808+0000] {dagbag.py:540} INFO - Filling up the DagBag from /home/airflow/.local/lib/python3.8/site-packages/airflow/example_dags/example_branch_python_dop_operator_3.py
[2026-03-23T03:45:58.818+0000] {processor.py:840} INFO - DAG(s) 'example_branch_dop_operator_v3' retrieved from /home/airflow/.local/lib/python3.8/site-packages/airflow/example_dags/example_branch_python_dop_operator_3.py
[2026-03-23T03:45:58.840+0000] {logging_mixin.py:188} INFO - [2026-03-23T03:45:58.840+0000] {dag.py:3047} INFO - Sync 1 DAGs
[2026-03-23T03:45:58.871+0000] {logging_mixin.py:188} INFO - [2026-03-23T03:45:58.870+0000] {dag.py:3834} INFO - Setting next_dagrun for example_branch_dop_operator_v3 to 2026-03-23 03:44:00+00:00, run_after=2026-03-23 03:45:00+00:00
[2026-03-23T03:45:58.895+0000] {processor.py:183} INFO - Processing /home/airflow/.local/lib/python3.8/site-packages/airflow/example_dags/example_branch_python_dop_operator_3.py took 0.094 seconds
[2026-03-23T03:46:29.067+0000] {processor.py:161} INFO - Started process (PID=1077) to work on /home/airflow/.local/lib/python3.8/site-packages/airflow/example_dags/example_branch_python_dop_operator_3.py
[2026-03-23T03:46:29.068+0000] {processor.py:830} INFO - Processing file /home/airflow/.local/lib/python3.8/site-packages/airflow/example_dags/example_branch_python_dop_operator_3.py for tasks to queue
[2026-03-23T03:46:29.070+0000] {logging_mixin.py:188} INFO - [2026-03-23T03:46:29.070+0000] {dagbag.py:540} INFO - Filling up the DagBag from /home/airflow/.local/lib/python3.8/site-packages/airflow/example_dags/example_branch_python_dop_operator_3.py
[2026-03-23T03:46:29.077+0000] {processor.py:840} INFO - DAG(s) 'example_branch_dop_operator_v3' retrieved from /home/airflow/.local/lib/python3.8/site-packages/airflow/example_dags/example_branch_python_dop_operator_3.py
[2026-03-23T03:46:29.096+0000] {logging_mixin.py:188} INFO - [2026-03-23T03:46:29.096+0000] {dag.py:3047} INFO - Sync 1 DAGs
[2026-03-23T03:46:29.122+0000] {logging_mixin.py:188} INFO - [2026-03-23T03:46:29.121+0000] {dag.py:3834} INFO - Setting next_dagrun for example_branch_dop_operator_v3 to 2026-03-23 03:45:00+00:00, run_after=2026-03-23 03:46:00+00:00
[2026-03-23T03:46:29.142+0000] {processor.py:183} INFO - Processing /home/airflow/.local/lib/python3.8/site-packages/airflow/example_dags/example_branch_python_dop_operator_3.py took 0.078 seconds
[2026-03-23T03:46:59.520+0000] {processor.py:161} INFO - Started process (PID=1132) to work on /home/airflow/.local/lib/python3.8/site-packages/airflow/example_dags/example_branch_python_dop_operator_3.py
[2026-03-23T03:46:59.522+0000] {processor.py:830} INFO - Processing file /home/airflow/.local/lib/python3.8/site-packages/airflow/example_dags/example_branch_python_dop_operator_3.py for tasks to queue
[2026-03-23T03:46:59.524+0000] {logging_mixin.py:188} INFO - [2026-03-23T03:46:59.523+0000] {dagbag.py:540} INFO - Filling up the DagBag from /home/airflow/.local/lib/python3.8/site-packages/airflow/example_dags/example_branch_python_dop_operator_3.py
[2026-03-23T03:46:59.532+0000] {processor.py:840} INFO - DAG(s) 'example_branch_dop_operator_v3' retrieved from /home/airflow/.local/lib/python3.8/site-packages/airflow/example_dags/example_branch_python_dop_operator_3.py
[2026-03-23T03:46:59.553+0000] {logging_mixin.py:188} INFO - [2026-03-23T03:46:59.552+0000] {dag.py:3047} INFO - Sync 1 DAGs
[2026-03-23T03:46:59.579+0000] {logging_mixin.py:188} INFO - [2026-03-23T03:46:59.578+0000] {dag.py:3834} INFO - Setting next_dagrun for example_branch_dop_operator_v3 to 2026-03-23 03:45:00+00:00, run_after=2026-03-23 03:46:00+00:00
[2026-03-23T03:46:59.601+0000] {processor.py:183} INFO - Processing /home/airflow/.local/lib/python3.8/site-packages/airflow/example_dags/example_branch_python_dop_operator_3.py took 0.083 seconds
[2026-03-23T03:47:29.775+0000] {processor.py:161} INFO - Started process (PID=1187) to work on /home/airflow/.local/lib/python3.8/site-packages/airflow/example_dags/example_branch_python_dop_operator_3.py
[2026-03-23T03:47:29.776+0000] {processor.py:830} INFO - Processing file /home/airflow/.local/lib/python3.8/site-packages/airflow/example_dags/example_branch_python_dop_operator_3.py for tasks to queue
[2026-03-23T03:47:29.778+0000] {logging_mixin.py:188} INFO - [2026-03-23T03:47:29.777+0000] {dagbag.py:540} INFO - Filling up the DagBag from /home/airflow/.local/lib/python3.8/site-packages/airflow/example_dags/example_branch_python_dop_operator_3.py
[2026-03-23T03:47:29.786+0000] {processor.py:840} INFO - DAG(s) 'example_branch_dop_operator_v3' retrieved from /home/airflow/.local/lib/python3.8/site-packages/airflow/example_dags/example_branch_python_dop_operator_3.py
[2026-03-23T03:47:29.808+0000] {logging_mixin.py:188} INFO - [2026-03-23T03:47:29.807+0000] {dag.py:3047} INFO - Sync 1 DAGs
[2026-03-23T03:47:29.831+0000] {logging_mixin.py:188} INFO - [2026-03-23T03:47:29.831+0000] {dag.py:3834} INFO - Setting next_dagrun for example_branch_dop_operator_v3 to 2026-03-23 03:46:00+00:00, run_after=2026-03-23 03:47:00+00:00
[2026-03-23T03:47:29.852+0000] {processor.py:183} INFO - Processing /home/airflow/.local/lib/python3.8/site-packages/airflow/example_dags/example_branch_python_dop_operator_3.py took 0.080 seconds
[2026-03-23T03:48:00.045+0000] {processor.py:161} INFO - Started process (PID=1242) to work on /home/airflow/.local/lib/python3.8/site-packages/airflow/example_dags/example_branch_python_dop_operator_3.py
[2026-03-23T03:48:00.046+0000] {processor.py:830} INFO - Processing file /home/airflow/.local/lib/python3.8/site-packages/airflow/example_dags/example_branch_python_dop_operator_3.py for tasks to queue
[2026-03-23T03:48:00.049+0000] {logging_mixin.py:188} INFO - [2026-03-23T03:48:00.048+0000] {dagbag.py:540} INFO - Filling up the DagBag from /home/airflow/.local/lib/python3.8/site-packages/airflow/example_dags/example_branch_python_dop_operator_3.py
[2026-03-23T03:48:00.056+0000] {processor.py:840} INFO - DAG(s) 'example_branch_dop_operator_v3' retrieved from /home/airflow/.local/lib/python3.8/site-packages/airflow/example_dags/example_branch_python_dop_operator_3.py
[2026-03-23T03:48:00.077+0000] {logging_mixin.py:188} INFO - [2026-03-23T03:48:00.077+0000] {dag.py:3047} INFO - Sync 1 DAGs
[2026-03-23T03:48:00.102+0000] {logging_mixin.py:188} INFO - [2026-03-23T03:48:00.102+0000] {dag.py:3834} INFO - Setting next_dagrun for example_branch_dop_operator_v3 to 2026-03-23 03:47:00+00:00, run_after=2026-03-23 03:48:00+00:00
[2026-03-23T03:48:00.122+0000] {processor.py:183} INFO - Processing /home/airflow/.local/lib/python3.8/site-packages/airflow/example_dags/example_branch_python_dop_operator_3.py took 0.079 seconds
[2026-03-23T03:48:30.551+0000] {processor.py:161} INFO - Started process (PID=1297) to work on /home/airflow/.local/lib/python3.8/site-packages/airflow/example_dags/example_branch_python_dop_operator_3.py
[2026-03-23T03:48:30.553+0000] {processor.py:830} INFO - Processing file /home/airflow/.local/lib/python3.8/site-packages/airflow/example_dags/example_branch_python_dop_operator_3.py for tasks to queue
[2026-03-23T03:48:30.555+0000] {logging_mixin.py:188} INFO - [2026-03-23T03:48:30.554+0000] {dagbag.py:540} INFO - Filling up the DagBag from /home/airflow/.local/lib/python3.8/site-packages/airflow/example_dags/example_branch_python_dop_operator_3.py
[2026-03-23T03:48:30.568+0000] {processor.py:840} INFO - DAG(s) 'example_branch_dop_operator_v3' retrieved from /home/airflow/.local/lib/python3.8/site-packages/airflow/example_dags/example_branch_python_dop_operator_3.py
[2026-03-23T03:48:30.596+0000] {logging_mixin.py:188} INFO - [2026-03-23T03:48:30.595+0000] {dag.py:3047} INFO - Sync 1 DAGs
[2026-03-23T03:48:30.639+0000] {logging_mixin.py:188} INFO - [2026-03-23T03:48:30.638+0000] {dag.py:3834} INFO - Setting next_dagrun for example_branch_dop_operator_v3 to 2026-03-23 03:47:00+00:00, run_after=2026-03-23 03:48:00+00:00
[2026-03-23T03:48:30.674+0000] {processor.py:183} INFO - Processing /home/airflow/.local/lib/python3.8/site-packages/airflow/example_dags/example_branch_python_dop_operator_3.py took 0.127 seconds
[2026-03-23T03:49:00.932+0000] {processor.py:161} INFO - Started process (PID=1352) to work on /home/airflow/.local/lib/python3.8/site-packages/airflow/example_dags/example_branch_python_dop_operator_3.py
[2026-03-23T03:49:00.933+0000] {processor.py:830} INFO - Processing file /home/airflow/.local/lib/python3.8/site-packages/airflow/example_dags/example_branch_python_dop_operator_3.py for tasks to queue
[2026-03-23T03:49:00.935+0000] {logging_mixin.py:188} INFO - [2026-03-23T03:49:00.935+0000] {dagbag.py:540} INFO - Filling up the DagBag from /home/airflow/.local/lib/python3.8/site-packages/airflow/example_dags/example_branch_python_dop_operator_3.py
[2026-03-23T03:49:00.945+0000] {processor.py:840} INFO - DAG(s) 'example_branch_dop_operator_v3' retrieved from /home/airflow/.local/lib/python3.8/site-packages/airflow/example_dags/example_branch_python_dop_operator_3.py
[2026-03-23T03:49:00.970+0000] {logging_mixin.py:188} INFO - [2026-03-23T03:49:00.970+0000] {dag.py:3047} INFO - Sync 1 DAGs
[2026-03-23T03:49:01.004+0000] {logging_mixin.py:188} INFO - [2026-03-23T03:49:01.004+0000] {dag.py:3834} INFO - Setting next_dagrun for example_branch_dop_operator_v3 to 2026-03-23 03:48:00+00:00, run_after=2026-03-23 03:49:00+00:00
[2026-03-23T03:49:01.035+0000] {processor.py:183} INFO - Processing /home/airflow/.local/lib/python3.8/site-packages/airflow/example_dags/example_branch_python_dop_operator_3.py took 0.107 seconds
[2026-03-23T03:49:31.184+0000] {processor.py:161} INFO - Started process (PID=1407) to work on /home/airflow/.local/lib/python3.8/site-packages/airflow/example_dags/example_branch_python_dop_operator_3.py
[2026-03-23T03:49:31.186+0000] {processor.py:830} INFO - Processing file /home/airflow/.local/lib/python3.8/site-packages/airflow/example_dags/example_branch_python_dop_operator_3.py for tasks to queue
[2026-03-23T03:49:31.188+0000] {logging_mixin.py:188} INFO - [2026-03-23T03:49:31.188+0000] {dagbag.py:540} INFO - Filling up the DagBag from /home/airflow/.local/lib/python3.8/site-packages/airflow/example_dags/example_branch_python_dop_operator_3.py
[2026-03-23T03:49:31.200+0000] {processor.py:840} INFO - DAG(s) 'example_branch_dop_operator_v3' retrieved from /home/airflow/.local/lib/python3.8/site-packages/airflow/example_dags/example_branch_python_dop_operator_3.py
[2026-03-23T03:49:31.224+0000] {logging_mixin.py:188} INFO - [2026-03-23T03:49:31.224+0000] {dag.py:3047} INFO - Sync 1 DAGs
[2026-03-23T03:49:31.254+0000] {logging_mixin.py:188} INFO - [2026-03-23T03:49:31.254+0000] {dag.py:3834} INFO - Setting next_dagrun for example_branch_dop_operator_v3 to 2026-03-23 03:48:00+00:00, run_after=2026-03-23 03:49:00+00:00
[2026-03-23T03:49:31.280+0000] {processor.py:183} INFO - Processing /home/airflow/.local/lib/python3.8/site-packages/airflow/example_dags/example_branch_python_dop_operator_3.py took 0.099 seconds
[2026-03-23T03:50:47.814+0000] {processor.py:161} INFO - Started process (PID=87) to work on /home/airflow/.local/lib/python3.8/site-packages/airflow/example_dags/example_branch_python_dop_operator_3.py
[2026-03-23T03:50:47.816+0000] {processor.py:830} INFO - Processing file /home/airflow/.local/lib/python3.8/site-packages/airflow/example_dags/example_branch_python_dop_operator_3.py for tasks to queue
[2026-03-23T03:50:47.821+0000] {logging_mixin.py:188} INFO - [2026-03-23T03:50:47.820+0000] {dagbag.py:540} INFO - Filling up the DagBag from /home/airflow/.local/lib/python3.8/site-packages/airflow/example_dags/example_branch_python_dop_operator_3.py
[2026-03-23T03:50:47.843+0000] {processor.py:840} INFO - DAG(s) 'example_branch_dop_operator_v3' retrieved from /home/airflow/.local/lib/python3.8/site-packages/airflow/example_dags/example_branch_python_dop_operator_3.py
[2026-03-23T03:50:47.867+0000] {logging_mixin.py:188} INFO - [2026-03-23T03:50:47.867+0000] {dag.py:3047} INFO - Sync 1 DAGs
[2026-03-23T03:50:47.926+0000] {logging_mixin.py:188} INFO - [2026-03-23T03:50:47.925+0000] {dag.py:3834} INFO - Setting next_dagrun for example_branch_dop_operator_v3 to 2026-03-23 03:49:00+00:00, run_after=2026-03-23 03:50:00+00:00
[2026-03-23T03:50:47.976+0000] {processor.py:183} INFO - Processing /home/airflow/.local/lib/python3.8/site-packages/airflow/example_dags/example_branch_python_dop_operator_3.py took 0.168 seconds
[2026-03-23T03:51:19.494+0000] {processor.py:161} INFO - Started process (PID=142) to work on /home/airflow/.local/lib/python3.8/site-packages/airflow/example_dags/example_branch_python_dop_operator_3.py
[2026-03-23T03:51:19.495+0000] {processor.py:830} INFO - Processing file /home/airflow/.local/lib/python3.8/site-packages/airflow/example_dags/example_branch_python_dop_operator_3.py for tasks to queue
[2026-03-23T03:51:19.497+0000] {logging_mixin.py:188} INFO - [2026-03-23T03:51:19.497+0000] {dagbag.py:540} INFO - Filling up the DagBag from /home/airflow/.local/lib/python3.8/site-packages/airflow/example_dags/example_branch_python_dop_operator_3.py
[2026-03-23T03:51:19.508+0000] {processor.py:840} INFO - DAG(s) 'example_branch_dop_operator_v3' retrieved from /home/airflow/.local/lib/python3.8/site-packages/airflow/example_dags/example_branch_python_dop_operator_3.py
[2026-03-23T03:51:19.624+0000] {logging_mixin.py:188} INFO - [2026-03-23T03:51:19.624+0000] {dag.py:3047} INFO - Sync 1 DAGs
[2026-03-23T03:51:19.651+0000] {logging_mixin.py:188} INFO - [2026-03-23T03:51:19.651+0000] {dag.py:3834} INFO - Setting next_dagrun for example_branch_dop_operator_v3 to 2026-03-23 03:50:00+00:00, run_after=2026-03-23 03:51:00+00:00
[2026-03-23T03:51:19.678+0000] {processor.py:183} INFO - Processing /home/airflow/.local/lib/python3.8/site-packages/airflow/example_dags/example_branch_python_dop_operator_3.py took 0.188 seconds
[2026-03-23T03:51:49.736+0000] {processor.py:161} INFO - Started process (PID=197) to work on /home/airflow/.local/lib/python3.8/site-packages/airflow/example_dags/example_branch_python_dop_operator_3.py
[2026-03-23T03:51:49.738+0000] {processor.py:830} INFO - Processing file /home/airflow/.local/lib/python3.8/site-packages/airflow/example_dags/example_branch_python_dop_operator_3.py for tasks to queue
[2026-03-23T03:51:49.740+0000] {logging_mixin.py:188} INFO - [2026-03-23T03:51:49.739+0000] {dagbag.py:540} INFO - Filling up the DagBag from /home/airflow/.local/lib/python3.8/site-packages/airflow/example_dags/example_branch_python_dop_operator_3.py
[2026-03-23T03:51:49.748+0000] {processor.py:840} INFO - DAG(s) 'example_branch_dop_operator_v3' retrieved from /home/airflow/.local/lib/python3.8/site-packages/airflow/example_dags/example_branch_python_dop_operator_3.py
[2026-03-23T03:51:49.770+0000] {logging_mixin.py:188} INFO - [2026-03-23T03:51:49.770+0000] {dag.py:3047} INFO - Sync 1 DAGs
[2026-03-23T03:51:49.794+0000] {logging_mixin.py:188} INFO - [2026-03-23T03:51:49.794+0000] {dag.py:3834} INFO - Setting next_dagrun for example_branch_dop_operator_v3 to 2026-03-23 03:50:00+00:00, run_after=2026-03-23 03:51:00+00:00
[2026-03-23T03:51:49.821+0000] {processor.py:183} INFO - Processing /home/airflow/.local/lib/python3.8/site-packages/airflow/example_dags/example_branch_python_dop_operator_3.py took 0.087 seconds
[2026-03-23T03:52:19.978+0000] {processor.py:161} INFO - Started process (PID=252) to work on /home/airflow/.local/lib/python3.8/site-packages/airflow/example_dags/example_branch_python_dop_operator_3.py
[2026-03-23T03:52:19.980+0000] {processor.py:830} INFO - Processing file /home/airflow/.local/lib/python3.8/site-packages/airflow/example_dags/example_branch_python_dop_operator_3.py for tasks to queue
[2026-03-23T03:52:19.982+0000] {logging_mixin.py:188} INFO - [2026-03-23T03:52:19.982+0000] {dagbag.py:540} INFO - Filling up the DagBag from /home/airflow/.local/lib/python3.8/site-packages/airflow/example_dags/example_branch_python_dop_operator_3.py
[2026-03-23T03:52:19.992+0000] {processor.py:840} INFO - DAG(s) 'example_branch_dop_operator_v3' retrieved from /home/airflow/.local/lib/python3.8/site-packages/airflow/example_dags/example_branch_python_dop_operator_3.py
[2026-03-23T03:52:20.017+0000] {logging_mixin.py:188} INFO - [2026-03-23T03:52:20.016+0000] {dag.py:3047} INFO - Sync 1 DAGs
[2026-03-23T03:52:20.055+0000] {logging_mixin.py:188} INFO - [2026-03-23T03:52:20.055+0000] {dag.py:3834} INFO - Setting next_dagrun for example_branch_dop_operator_v3 to 2026-03-23 03:51:00+00:00, run_after=2026-03-23 03:52:00+00:00
[2026-03-23T03:52:20.085+0000] {processor.py:183} INFO - Processing /home/airflow/.local/lib/python3.8/site-packages/airflow/example_dags/example_branch_python_dop_operator_3.py took 0.110 seconds
[2026-03-23T03:52:50.886+0000] {processor.py:161} INFO - Started process (PID=307) to work on /home/airflow/.local/lib/python3.8/site-packages/airflow/example_dags/example_branch_python_dop_operator_3.py
[2026-03-23T03:52:50.887+0000] {processor.py:830} INFO - Processing file /home/airflow/.local/lib/python3.8/site-packages/airflow/example_dags/example_branch_python_dop_operator_3.py for tasks to queue
[2026-03-23T03:52:50.889+0000] {logging_mixin.py:188} INFO - [2026-03-23T03:52:50.889+0000] {dagbag.py:540} INFO - Filling up the DagBag from /home/airflow/.local/lib/python3.8/site-packages/airflow/example_dags/example_branch_python_dop_operator_3.py
[2026-03-23T03:52:50.896+0000] {processor.py:840} INFO - DAG(s) 'example_branch_dop_operator_v3' retrieved from /home/airflow/.local/lib/python3.8/site-packages/airflow/example_dags/example_branch_python_dop_operator_3.py
[2026-03-23T03:52:50.916+0000] {logging_mixin.py:188} INFO - [2026-03-23T03:52:50.915+0000] {dag.py:3047} INFO - Sync 1 DAGs
[2026-03-23T03:52:50.942+0000] {logging_mixin.py:188} INFO - [2026-03-23T03:52:50.942+0000] {dag.py:3834} INFO - Setting next_dagrun for example_branch_dop_operator_v3 to 2026-03-23 03:51:00+00:00, run_after=2026-03-23 03:52:00+00:00
[2026-03-23T03:52:50.963+0000] {processor.py:183} INFO - Processing /home/airflow/.local/lib/python3.8/site-packages/airflow/example_dags/example_branch_python_dop_operator_3.py took 0.080 seconds
[2026-03-23T03:53:21.789+0000] {processor.py:161} INFO - Started process (PID=362) to work on /home/airflow/.local/lib/python3.8/site-packages/airflow/example_dags/example_branch_python_dop_operator_3.py
[2026-03-23T03:53:21.791+0000] {processor.py:830} INFO - Processing file /home/airflow/.local/lib/python3.8/site-packages/airflow/example_dags/example_branch_python_dop_operator_3.py for tasks to queue
[2026-03-23T03:53:21.793+0000] {logging_mixin.py:188} INFO - [2026-03-23T03:53:21.793+0000] {dagbag.py:540} INFO - Filling up the DagBag from /home/airflow/.local/lib/python3.8/site-packages/airflow/example_dags/example_branch_python_dop_operator_3.py
[2026-03-23T03:53:21.805+0000] {processor.py:840} INFO - DAG(s) 'example_branch_dop_operator_v3' retrieved from /home/airflow/.local/lib/python3.8/site-packages/airflow/example_dags/example_branch_python_dop_operator_3.py
[2026-03-23T03:53:21.832+0000] {logging_mixin.py:188} INFO - [2026-03-23T03:53:21.831+0000] {dag.py:3047} INFO - Sync 1 DAGs
[2026-03-23T03:53:21.868+0000] {logging_mixin.py:188} INFO - [2026-03-23T03:53:21.867+0000] {dag.py:3834} INFO - Setting next_dagrun for example_branch_dop_operator_v3 to 2026-03-23 03:52:00+00:00, run_after=2026-03-23 03:53:00+00:00
[2026-03-23T03:53:21.897+0000] {processor.py:183} INFO - Processing /home/airflow/.local/lib/python3.8/site-packages/airflow/example_dags/example_branch_python_dop_operator_3.py took 0.112 seconds
[2026-03-23T03:53:52.129+0000] {processor.py:161} INFO - Started process (PID=417) to work on /home/airflow/.local/lib/python3.8/site-packages/airflow/example_dags/example_branch_python_dop_operator_3.py
[2026-03-23T03:53:52.131+0000] {processor.py:830} INFO - Processing file /home/airflow/.local/lib/python3.8/site-packages/airflow/example_dags/example_branch_python_dop_operator_3.py for tasks to queue
[2026-03-23T03:53:52.134+0000] {logging_mixin.py:188} INFO - [2026-03-23T03:53:52.134+0000] {dagbag.py:540} INFO - Filling up the DagBag from /home/airflow/.local/lib/python3.8/site-packages/airflow/example_dags/example_branch_python_dop_operator_3.py
[2026-03-23T03:53:52.147+0000] {processor.py:840} INFO - DAG(s) 'example_branch_dop_operator_v3' retrieved from /home/airflow/.local/lib/python3.8/site-packages/airflow/example_dags/example_branch_python_dop_operator_3.py
[2026-03-23T03:53:52.177+0000] {logging_mixin.py:188} INFO - [2026-03-23T03:53:52.176+0000] {dag.py:3047} INFO - Sync 1 DAGs
[2026-03-23T03:53:52.216+0000] {logging_mixin.py:188} INFO - [2026-03-23T03:53:52.216+0000] {dag.py:3834} INFO - Setting next_dagrun for example_branch_dop_operator_v3 to 2026-03-23 03:52:00+00:00, run_after=2026-03-23 03:53:00+00:00
[2026-03-23T03:53:52.254+0000] {processor.py:183} INFO - Processing /home/airflow/.local/lib/python3.8/site-packages/airflow/example_dags/example_branch_python_dop_operator_3.py took 0.130 seconds
[2026-03-23T03:54:22.409+0000] {processor.py:161} INFO - Started process (PID=473) to work on /home/airflow/.local/lib/python3.8/site-packages/airflow/example_dags/example_branch_python_dop_operator_3.py
[2026-03-23T03:54:22.410+0000] {processor.py:830} INFO - Processing file /home/airflow/.local/lib/python3.8/site-packages/airflow/example_dags/example_branch_python_dop_operator_3.py for tasks to queue
[2026-03-23T03:54:22.412+0000] {logging_mixin.py:188} INFO - [2026-03-23T03:54:22.412+0000] {dagbag.py:540} INFO - Filling up the DagBag from /home/airflow/.local/lib/python3.8/site-packages/airflow/example_dags/example_branch_python_dop_operator_3.py
[2026-03-23T03:54:22.421+0000] {processor.py:840} INFO - DAG(s) 'example_branch_dop_operator_v3' retrieved from /home/airflow/.local/lib/python3.8/site-packages/airflow/example_dags/example_branch_python_dop_operator_3.py
[2026-03-23T03:54:22.439+0000] {logging_mixin.py:188} INFO - [2026-03-23T03:54:22.439+0000] {dag.py:3047} INFO - Sync 1 DAGs
[2026-03-23T03:54:22.465+0000] {logging_mixin.py:188} INFO - [2026-03-23T03:54:22.465+0000] {dag.py:3834} INFO - Setting next_dagrun for example_branch_dop_operator_v3 to 2026-03-23 03:53:00+00:00, run_after=2026-03-23 03:54:00+00:00
[2026-03-23T03:54:22.486+0000] {processor.py:183} INFO - Processing /home/airflow/.local/lib/python3.8/site-packages/airflow/example_dags/example_branch_python_dop_operator_3.py took 0.081 seconds
[2026-03-23T03:54:52.933+0000] {processor.py:161} INFO - Started process (PID=527) to work on /home/airflow/.local/lib/python3.8/site-packages/airflow/example_dags/example_branch_python_dop_operator_3.py
[2026-03-23T03:54:52.934+0000] {processor.py:830} INFO - Processing file /home/airflow/.local/lib/python3.8/site-packages/airflow/example_dags/example_branch_python_dop_operator_3.py for tasks to queue
[2026-03-23T03:54:52.936+0000] {logging_mixin.py:188} INFO - [2026-03-23T03:54:52.936+0000] {dagbag.py:540} INFO - Filling up the DagBag from /home/airflow/.local/lib/python3.8/site-packages/airflow/example_dags/example_branch_python_dop_operator_3.py
[2026-03-23T03:54:52.944+0000] {processor.py:840} INFO - DAG(s) 'example_branch_dop_operator_v3' retrieved from /home/airflow/.local/lib/python3.8/site-packages/airflow/example_dags/example_branch_python_dop_operator_3.py
[2026-03-23T03:54:52.964+0000] {logging_mixin.py:188} INFO - [2026-03-23T03:54:52.964+0000] {dag.py:3047} INFO - Sync 1 DAGs
[2026-03-23T03:54:52.988+0000] {logging_mixin.py:188} INFO - [2026-03-23T03:54:52.988+0000] {dag.py:3834} INFO - Setting next_dagrun for example_branch_dop_operator_v3 to 2026-03-23 03:53:00+00:00, run_after=2026-03-23 03:54:00+00:00
[2026-03-23T03:54:53.011+0000] {processor.py:183} INFO - Processing /home/airflow/.local/lib/python3.8/site-packages/airflow/example_dags/example_branch_python_dop_operator_3.py took 0.080 seconds
[2026-03-23T03:55:23.111+0000] {processor.py:161} INFO - Started process (PID=582) to work on /home/airflow/.local/lib/python3.8/site-packages/airflow/example_dags/example_branch_python_dop_operator_3.py
[2026-03-23T03:55:23.112+0000] {processor.py:830} INFO - Processing file /home/airflow/.local/lib/python3.8/site-packages/airflow/example_dags/example_branch_python_dop_operator_3.py for tasks to queue
[2026-03-23T03:55:23.114+0000] {logging_mixin.py:188} INFO - [2026-03-23T03:55:23.114+0000] {dagbag.py:540} INFO - Filling up the DagBag from /home/airflow/.local/lib/python3.8/site-packages/airflow/example_dags/example_branch_python_dop_operator_3.py
[2026-03-23T03:55:23.123+0000] {processor.py:840} INFO - DAG(s) 'example_branch_dop_operator_v3' retrieved from /home/airflow/.local/lib/python3.8/site-packages/airflow/example_dags/example_branch_python_dop_operator_3.py
[2026-03-23T03:55:23.146+0000] {logging_mixin.py:188} INFO - [2026-03-23T03:55:23.146+0000] {dag.py:3047} INFO - Sync 1 DAGs
[2026-03-23T03:55:23.175+0000] {logging_mixin.py:188} INFO - [2026-03-23T03:55:23.175+0000] {dag.py:3834} INFO - Setting next_dagrun for example_branch_dop_operator_v3 to 2026-03-23 03:54:00+00:00, run_after=2026-03-23 03:55:00+00:00
[2026-03-23T03:55:23.199+0000] {processor.py:183} INFO - Processing /home/airflow/.local/lib/python3.8/site-packages/airflow/example_dags/example_branch_python_dop_operator_3.py took 0.092 seconds
[2026-03-23T03:55:53.396+0000] {processor.py:161} INFO - Started process (PID=637) to work on /home/airflow/.local/lib/python3.8/site-packages/airflow/example_dags/example_branch_python_dop_operator_3.py
[2026-03-23T03:55:53.397+0000] {processor.py:830} INFO - Processing file /home/airflow/.local/lib/python3.8/site-packages/airflow/example_dags/example_branch_python_dop_operator_3.py for tasks to queue
[2026-03-23T03:55:53.399+0000] {logging_mixin.py:188} INFO - [2026-03-23T03:55:53.399+0000] {dagbag.py:540} INFO - Filling up the DagBag from /home/airflow/.local/lib/python3.8/site-packages/airflow/example_dags/example_branch_python_dop_operator_3.py
[2026-03-23T03:55:53.408+0000] {processor.py:840} INFO - DAG(s) 'example_branch_dop_operator_v3' retrieved from /home/airflow/.local/lib/python3.8/site-packages/airflow/example_dags/example_branch_python_dop_operator_3.py
[2026-03-23T03:55:53.430+0000] {logging_mixin.py:188} INFO - [2026-03-23T03:55:53.430+0000] {dag.py:3047} INFO - Sync 1 DAGs
[2026-03-23T03:55:53.462+0000] {logging_mixin.py:188} INFO - [2026-03-23T03:55:53.462+0000] {dag.py:3834} INFO - Setting next_dagrun for example_branch_dop_operator_v3 to 2026-03-23 03:54:00+00:00, run_after=2026-03-23 03:55:00+00:00
[2026-03-23T03:55:53.490+0000] {processor.py:183} INFO - Processing /home/airflow/.local/lib/python3.8/site-packages/airflow/example_dags/example_branch_python_dop_operator_3.py took 0.098 seconds
[2026-03-23T03:56:23.710+0000] {processor.py:161} INFO - Started process (PID=692) to work on /home/airflow/.local/lib/python3.8/site-packages/airflow/example_dags/example_branch_python_dop_operator_3.py
[2026-03-23T03:56:23.712+0000] {processor.py:830} INFO - Processing file /home/airflow/.local/lib/python3.8/site-packages/airflow/example_dags/example_branch_python_dop_operator_3.py for tasks to queue
[2026-03-23T03:56:23.714+0000] {logging_mixin.py:188} INFO - [2026-03-23T03:56:23.714+0000] {dagbag.py:540} INFO - Filling up the DagBag from /home/airflow/.local/lib/python3.8/site-packages/airflow/example_dags/example_branch_python_dop_operator_3.py
[2026-03-23T03:56:23.724+0000] {processor.py:840} INFO - DAG(s) 'example_branch_dop_operator_v3' retrieved from /home/airflow/.local/lib/python3.8/site-packages/airflow/example_dags/example_branch_python_dop_operator_3.py
[2026-03-23T03:56:23.747+0000] {logging_mixin.py:188} INFO - [2026-03-23T03:56:23.747+0000] {dag.py:3047} INFO - Sync 1 DAGs
[2026-03-23T03:56:23.776+0000] {logging_mixin.py:188} INFO - [2026-03-23T03:56:23.776+0000] {dag.py:3834} INFO - Setting next_dagrun for example_branch_dop_operator_v3 to 2026-03-23 03:55:00+00:00, run_after=2026-03-23 03:56:00+00:00
[2026-03-23T03:56:23.806+0000] {processor.py:183} INFO - Processing /home/airflow/.local/lib/python3.8/site-packages/airflow/example_dags/example_branch_python_dop_operator_3.py took 0.098 seconds
