[2026-03-23T03:21:14.384+0000] {processor.py:161} INFO - Started process (PID=71) to work on /home/airflow/.local/lib/python3.8/site-packages/airflow/example_dags/example_nested_branch_dag.py
[2026-03-23T03:21:14.386+0000] {processor.py:830} INFO - Processing file /home/airflow/.local/lib/python3.8/site-packages/airflow/example_dags/example_nested_branch_dag.py for tasks to queue
[2026-03-23T03:21:14.387+0000] {logging_mixin.py:188} INFO - [2026-03-23T03:21:14.387+0000] {dagbag.py:540} INFO - Filling up the DagBag from /home/airflow/.local/lib/python3.8/site-packages/airflow/example_dags/example_nested_branch_dag.py
[2026-03-23T03:21:14.400+0000] {processor.py:840} INFO - DAG(s) 'example_nested_branch_dag' retrieved from /home/airflow/.local/lib/python3.8/site-packages/airflow/example_dags/example_nested_branch_dag.py
[2026-03-23T03:21:14.415+0000] {logging_mixin.py:188} INFO - [2026-03-23T03:21:14.414+0000] {dag.py:3047} INFO - Sync 1 DAGs
[2026-03-23T03:21:14.441+0000] {logging_mixin.py:188} INFO - [2026-03-23T03:21:14.441+0000] {dag.py:3834} INFO - Setting next_dagrun for example_nested_branch_dag to 2026-03-22 00:00:00+00:00, run_after=2026-03-23 00:00:00+00:00
[2026-03-23T03:21:14.466+0000] {processor.py:183} INFO - Processing /home/airflow/.local/lib/python3.8/site-packages/airflow/example_dags/example_nested_branch_dag.py took 0.084 seconds
[2026-03-23T03:21:44.543+0000] {processor.py:161} INFO - Started process (PID=126) to work on /home/airflow/.local/lib/python3.8/site-packages/airflow/example_dags/example_nested_branch_dag.py
[2026-03-23T03:21:44.544+0000] {processor.py:830} INFO - Processing file /home/airflow/.local/lib/python3.8/site-packages/airflow/example_dags/example_nested_branch_dag.py for tasks to queue
[2026-03-23T03:21:44.546+0000] {logging_mixin.py:188} INFO - [2026-03-23T03:21:44.546+0000] {dagbag.py:540} INFO - Filling up the DagBag from /home/airflow/.local/lib/python3.8/site-packages/airflow/example_dags/example_nested_branch_dag.py
[2026-03-23T03:21:44.555+0000] {processor.py:840} INFO - DAG(s) 'example_nested_branch_dag' retrieved from /home/airflow/.local/lib/python3.8/site-packages/airflow/example_dags/example_nested_branch_dag.py
[2026-03-23T03:21:44.565+0000] {logging_mixin.py:188} INFO - [2026-03-23T03:21:44.565+0000] {dag.py:3047} INFO - Sync 1 DAGs
[2026-03-23T03:21:44.589+0000] {logging_mixin.py:188} INFO - [2026-03-23T03:21:44.589+0000] {dag.py:3834} INFO - Setting next_dagrun for example_nested_branch_dag to 2026-03-22 00:00:00+00:00, run_after=2026-03-23 00:00:00+00:00
[2026-03-23T03:21:44.611+0000] {processor.py:183} INFO - Processing /home/airflow/.local/lib/python3.8/site-packages/airflow/example_dags/example_nested_branch_dag.py took 0.072 seconds
[2026-03-23T03:22:15.975+0000] {processor.py:161} INFO - Started process (PID=181) to work on /home/airflow/.local/lib/python3.8/site-packages/airflow/example_dags/example_nested_branch_dag.py
[2026-03-23T03:22:15.976+0000] {processor.py:830} INFO - Processing file /home/airflow/.local/lib/python3.8/site-packages/airflow/example_dags/example_nested_branch_dag.py for tasks to queue
[2026-03-23T03:22:15.978+0000] {logging_mixin.py:188} INFO - [2026-03-23T03:22:15.978+0000] {dagbag.py:540} INFO - Filling up the DagBag from /home/airflow/.local/lib/python3.8/site-packages/airflow/example_dags/example_nested_branch_dag.py
[2026-03-23T03:22:15.987+0000] {processor.py:840} INFO - DAG(s) 'example_nested_branch_dag' retrieved from /home/airflow/.local/lib/python3.8/site-packages/airflow/example_dags/example_nested_branch_dag.py
[2026-03-23T03:22:16.102+0000] {logging_mixin.py:188} INFO - [2026-03-23T03:22:16.102+0000] {dag.py:3047} INFO - Sync 1 DAGs
[2026-03-23T03:22:16.125+0000] {logging_mixin.py:188} INFO - [2026-03-23T03:22:16.125+0000] {dag.py:3834} INFO - Setting next_dagrun for example_nested_branch_dag to 2026-03-22 00:00:00+00:00, run_after=2026-03-23 00:00:00+00:00
[2026-03-23T03:22:16.149+0000] {processor.py:183} INFO - Processing /home/airflow/.local/lib/python3.8/site-packages/airflow/example_dags/example_nested_branch_dag.py took 0.178 seconds
[2026-03-23T03:22:46.401+0000] {processor.py:161} INFO - Started process (PID=236) to work on /home/airflow/.local/lib/python3.8/site-packages/airflow/example_dags/example_nested_branch_dag.py
[2026-03-23T03:22:46.402+0000] {processor.py:830} INFO - Processing file /home/airflow/.local/lib/python3.8/site-packages/airflow/example_dags/example_nested_branch_dag.py for tasks to queue
[2026-03-23T03:22:46.404+0000] {logging_mixin.py:188} INFO - [2026-03-23T03:22:46.403+0000] {dagbag.py:540} INFO - Filling up the DagBag from /home/airflow/.local/lib/python3.8/site-packages/airflow/example_dags/example_nested_branch_dag.py
[2026-03-23T03:22:46.414+0000] {processor.py:840} INFO - DAG(s) 'example_nested_branch_dag' retrieved from /home/airflow/.local/lib/python3.8/site-packages/airflow/example_dags/example_nested_branch_dag.py
[2026-03-23T03:22:46.437+0000] {logging_mixin.py:188} INFO - [2026-03-23T03:22:46.436+0000] {dag.py:3047} INFO - Sync 1 DAGs
[2026-03-23T03:22:46.461+0000] {logging_mixin.py:188} INFO - [2026-03-23T03:22:46.460+0000] {dag.py:3834} INFO - Setting next_dagrun for example_nested_branch_dag to 2026-03-22 00:00:00+00:00, run_after=2026-03-23 00:00:00+00:00
[2026-03-23T03:22:46.484+0000] {processor.py:183} INFO - Processing /home/airflow/.local/lib/python3.8/site-packages/airflow/example_dags/example_nested_branch_dag.py took 0.087 seconds
[2026-03-23T03:23:17.396+0000] {processor.py:161} INFO - Started process (PID=297) to work on /home/airflow/.local/lib/python3.8/site-packages/airflow/example_dags/example_nested_branch_dag.py
[2026-03-23T03:23:17.398+0000] {processor.py:830} INFO - Processing file /home/airflow/.local/lib/python3.8/site-packages/airflow/example_dags/example_nested_branch_dag.py for tasks to queue
[2026-03-23T03:23:17.400+0000] {logging_mixin.py:188} INFO - [2026-03-23T03:23:17.399+0000] {dagbag.py:540} INFO - Filling up the DagBag from /home/airflow/.local/lib/python3.8/site-packages/airflow/example_dags/example_nested_branch_dag.py
[2026-03-23T03:23:17.409+0000] {processor.py:840} INFO - DAG(s) 'example_nested_branch_dag' retrieved from /home/airflow/.local/lib/python3.8/site-packages/airflow/example_dags/example_nested_branch_dag.py
[2026-03-23T03:23:17.432+0000] {logging_mixin.py:188} INFO - [2026-03-23T03:23:17.432+0000] {dag.py:3047} INFO - Sync 1 DAGs
[2026-03-23T03:23:17.452+0000] {logging_mixin.py:188} INFO - [2026-03-23T03:23:17.451+0000] {dag.py:3834} INFO - Setting next_dagrun for example_nested_branch_dag to 2026-03-22 00:00:00+00:00, run_after=2026-03-23 00:00:00+00:00
[2026-03-23T03:23:17.473+0000] {processor.py:183} INFO - Processing /home/airflow/.local/lib/python3.8/site-packages/airflow/example_dags/example_nested_branch_dag.py took 0.080 seconds
[2026-03-23T03:25:08.578+0000] {processor.py:161} INFO - Started process (PID=71) to work on /home/airflow/.local/lib/python3.8/site-packages/airflow/example_dags/example_nested_branch_dag.py
[2026-03-23T03:25:08.579+0000] {processor.py:830} INFO - Processing file /home/airflow/.local/lib/python3.8/site-packages/airflow/example_dags/example_nested_branch_dag.py for tasks to queue
[2026-03-23T03:25:08.582+0000] {logging_mixin.py:188} INFO - [2026-03-23T03:25:08.581+0000] {dagbag.py:540} INFO - Filling up the DagBag from /home/airflow/.local/lib/python3.8/site-packages/airflow/example_dags/example_nested_branch_dag.py
[2026-03-23T03:25:08.593+0000] {processor.py:840} INFO - DAG(s) 'example_nested_branch_dag' retrieved from /home/airflow/.local/lib/python3.8/site-packages/airflow/example_dags/example_nested_branch_dag.py
[2026-03-23T03:25:08.609+0000] {logging_mixin.py:188} INFO - [2026-03-23T03:25:08.609+0000] {dag.py:3047} INFO - Sync 1 DAGs
[2026-03-23T03:25:08.640+0000] {logging_mixin.py:188} INFO - [2026-03-23T03:25:08.640+0000] {dag.py:3834} INFO - Setting next_dagrun for example_nested_branch_dag to 2026-03-22 00:00:00+00:00, run_after=2026-03-23 00:00:00+00:00
[2026-03-23T03:25:08.671+0000] {processor.py:183} INFO - Processing /home/airflow/.local/lib/python3.8/site-packages/airflow/example_dags/example_nested_branch_dag.py took 0.096 seconds
[2026-03-23T03:25:39.978+0000] {processor.py:161} INFO - Started process (PID=126) to work on /home/airflow/.local/lib/python3.8/site-packages/airflow/example_dags/example_nested_branch_dag.py
[2026-03-23T03:25:39.980+0000] {processor.py:830} INFO - Processing file /home/airflow/.local/lib/python3.8/site-packages/airflow/example_dags/example_nested_branch_dag.py for tasks to queue
[2026-03-23T03:25:39.982+0000] {logging_mixin.py:188} INFO - [2026-03-23T03:25:39.981+0000] {dagbag.py:540} INFO - Filling up the DagBag from /home/airflow/.local/lib/python3.8/site-packages/airflow/example_dags/example_nested_branch_dag.py
[2026-03-23T03:25:39.991+0000] {processor.py:840} INFO - DAG(s) 'example_nested_branch_dag' retrieved from /home/airflow/.local/lib/python3.8/site-packages/airflow/example_dags/example_nested_branch_dag.py
[2026-03-23T03:25:40.096+0000] {logging_mixin.py:188} INFO - [2026-03-23T03:25:40.096+0000] {dag.py:3047} INFO - Sync 1 DAGs
[2026-03-23T03:25:40.122+0000] {logging_mixin.py:188} INFO - [2026-03-23T03:25:40.122+0000] {dag.py:3834} INFO - Setting next_dagrun for example_nested_branch_dag to 2026-03-22 00:00:00+00:00, run_after=2026-03-23 00:00:00+00:00
[2026-03-23T03:25:40.149+0000] {processor.py:183} INFO - Processing /home/airflow/.local/lib/python3.8/site-packages/airflow/example_dags/example_nested_branch_dag.py took 0.173 seconds
[2026-03-23T03:26:10.250+0000] {processor.py:161} INFO - Started process (PID=181) to work on /home/airflow/.local/lib/python3.8/site-packages/airflow/example_dags/example_nested_branch_dag.py
[2026-03-23T03:26:10.252+0000] {processor.py:830} INFO - Processing file /home/airflow/.local/lib/python3.8/site-packages/airflow/example_dags/example_nested_branch_dag.py for tasks to queue
[2026-03-23T03:26:10.254+0000] {logging_mixin.py:188} INFO - [2026-03-23T03:26:10.254+0000] {dagbag.py:540} INFO - Filling up the DagBag from /home/airflow/.local/lib/python3.8/site-packages/airflow/example_dags/example_nested_branch_dag.py
[2026-03-23T03:26:10.264+0000] {processor.py:840} INFO - DAG(s) 'example_nested_branch_dag' retrieved from /home/airflow/.local/lib/python3.8/site-packages/airflow/example_dags/example_nested_branch_dag.py
[2026-03-23T03:26:10.287+0000] {logging_mixin.py:188} INFO - [2026-03-23T03:26:10.287+0000] {dag.py:3047} INFO - Sync 1 DAGs
[2026-03-23T03:26:10.311+0000] {logging_mixin.py:188} INFO - [2026-03-23T03:26:10.310+0000] {dag.py:3834} INFO - Setting next_dagrun for example_nested_branch_dag to 2026-03-22 00:00:00+00:00, run_after=2026-03-23 00:00:00+00:00
[2026-03-23T03:26:10.333+0000] {processor.py:183} INFO - Processing /home/airflow/.local/lib/python3.8/site-packages/airflow/example_dags/example_nested_branch_dag.py took 0.086 seconds
[2026-03-23T03:26:40.737+0000] {processor.py:161} INFO - Started process (PID=236) to work on /home/airflow/.local/lib/python3.8/site-packages/airflow/example_dags/example_nested_branch_dag.py
[2026-03-23T03:26:40.738+0000] {processor.py:830} INFO - Processing file /home/airflow/.local/lib/python3.8/site-packages/airflow/example_dags/example_nested_branch_dag.py for tasks to queue
[2026-03-23T03:26:40.740+0000] {logging_mixin.py:188} INFO - [2026-03-23T03:26:40.740+0000] {dagbag.py:540} INFO - Filling up the DagBag from /home/airflow/.local/lib/python3.8/site-packages/airflow/example_dags/example_nested_branch_dag.py
[2026-03-23T03:26:40.749+0000] {processor.py:840} INFO - DAG(s) 'example_nested_branch_dag' retrieved from /home/airflow/.local/lib/python3.8/site-packages/airflow/example_dags/example_nested_branch_dag.py
[2026-03-23T03:26:40.771+0000] {logging_mixin.py:188} INFO - [2026-03-23T03:26:40.771+0000] {dag.py:3047} INFO - Sync 1 DAGs
[2026-03-23T03:26:40.796+0000] {logging_mixin.py:188} INFO - [2026-03-23T03:26:40.795+0000] {dag.py:3834} INFO - Setting next_dagrun for example_nested_branch_dag to 2026-03-22 00:00:00+00:00, run_after=2026-03-23 00:00:00+00:00
[2026-03-23T03:26:40.818+0000] {processor.py:183} INFO - Processing /home/airflow/.local/lib/python3.8/site-packages/airflow/example_dags/example_nested_branch_dag.py took 0.084 seconds
[2026-03-23T03:27:11.081+0000] {processor.py:161} INFO - Started process (PID=291) to work on /home/airflow/.local/lib/python3.8/site-packages/airflow/example_dags/example_nested_branch_dag.py
[2026-03-23T03:27:11.082+0000] {processor.py:830} INFO - Processing file /home/airflow/.local/lib/python3.8/site-packages/airflow/example_dags/example_nested_branch_dag.py for tasks to queue
[2026-03-23T03:27:11.085+0000] {logging_mixin.py:188} INFO - [2026-03-23T03:27:11.084+0000] {dagbag.py:540} INFO - Filling up the DagBag from /home/airflow/.local/lib/python3.8/site-packages/airflow/example_dags/example_nested_branch_dag.py
[2026-03-23T03:27:11.095+0000] {processor.py:840} INFO - DAG(s) 'example_nested_branch_dag' retrieved from /home/airflow/.local/lib/python3.8/site-packages/airflow/example_dags/example_nested_branch_dag.py
[2026-03-23T03:27:11.119+0000] {logging_mixin.py:188} INFO - [2026-03-23T03:27:11.119+0000] {dag.py:3047} INFO - Sync 1 DAGs
[2026-03-23T03:27:11.145+0000] {logging_mixin.py:188} INFO - [2026-03-23T03:27:11.144+0000] {dag.py:3834} INFO - Setting next_dagrun for example_nested_branch_dag to 2026-03-22 00:00:00+00:00, run_after=2026-03-23 00:00:00+00:00
[2026-03-23T03:27:11.168+0000] {processor.py:183} INFO - Processing /home/airflow/.local/lib/python3.8/site-packages/airflow/example_dags/example_nested_branch_dag.py took 0.092 seconds
[2026-03-23T03:27:41.358+0000] {processor.py:161} INFO - Started process (PID=346) to work on /home/airflow/.local/lib/python3.8/site-packages/airflow/example_dags/example_nested_branch_dag.py
[2026-03-23T03:27:41.359+0000] {processor.py:830} INFO - Processing file /home/airflow/.local/lib/python3.8/site-packages/airflow/example_dags/example_nested_branch_dag.py for tasks to queue
[2026-03-23T03:27:41.361+0000] {logging_mixin.py:188} INFO - [2026-03-23T03:27:41.361+0000] {dagbag.py:540} INFO - Filling up the DagBag from /home/airflow/.local/lib/python3.8/site-packages/airflow/example_dags/example_nested_branch_dag.py
[2026-03-23T03:27:41.370+0000] {processor.py:840} INFO - DAG(s) 'example_nested_branch_dag' retrieved from /home/airflow/.local/lib/python3.8/site-packages/airflow/example_dags/example_nested_branch_dag.py
[2026-03-23T03:27:41.395+0000] {logging_mixin.py:188} INFO - [2026-03-23T03:27:41.394+0000] {dag.py:3047} INFO - Sync 1 DAGs
[2026-03-23T03:27:41.416+0000] {logging_mixin.py:188} INFO - [2026-03-23T03:27:41.416+0000] {dag.py:3834} INFO - Setting next_dagrun for example_nested_branch_dag to 2026-03-22 00:00:00+00:00, run_after=2026-03-23 00:00:00+00:00
[2026-03-23T03:27:41.437+0000] {processor.py:183} INFO - Processing /home/airflow/.local/lib/python3.8/site-packages/airflow/example_dags/example_nested_branch_dag.py took 0.083 seconds
[2026-03-23T03:28:11.516+0000] {processor.py:161} INFO - Started process (PID=401) to work on /home/airflow/.local/lib/python3.8/site-packages/airflow/example_dags/example_nested_branch_dag.py
[2026-03-23T03:28:11.518+0000] {processor.py:830} INFO - Processing file /home/airflow/.local/lib/python3.8/site-packages/airflow/example_dags/example_nested_branch_dag.py for tasks to queue
[2026-03-23T03:28:11.520+0000] {logging_mixin.py:188} INFO - [2026-03-23T03:28:11.519+0000] {dagbag.py:540} INFO - Filling up the DagBag from /home/airflow/.local/lib/python3.8/site-packages/airflow/example_dags/example_nested_branch_dag.py
[2026-03-23T03:28:11.530+0000] {processor.py:840} INFO - DAG(s) 'example_nested_branch_dag' retrieved from /home/airflow/.local/lib/python3.8/site-packages/airflow/example_dags/example_nested_branch_dag.py
[2026-03-23T03:28:11.555+0000] {logging_mixin.py:188} INFO - [2026-03-23T03:28:11.555+0000] {dag.py:3047} INFO - Sync 1 DAGs
[2026-03-23T03:28:11.578+0000] {logging_mixin.py:188} INFO - [2026-03-23T03:28:11.578+0000] {dag.py:3834} INFO - Setting next_dagrun for example_nested_branch_dag to 2026-03-22 00:00:00+00:00, run_after=2026-03-23 00:00:00+00:00
[2026-03-23T03:28:11.600+0000] {processor.py:183} INFO - Processing /home/airflow/.local/lib/python3.8/site-packages/airflow/example_dags/example_nested_branch_dag.py took 0.087 seconds
[2026-03-23T03:28:42.178+0000] {processor.py:161} INFO - Started process (PID=462) to work on /home/airflow/.local/lib/python3.8/site-packages/airflow/example_dags/example_nested_branch_dag.py
[2026-03-23T03:28:42.179+0000] {processor.py:830} INFO - Processing file /home/airflow/.local/lib/python3.8/site-packages/airflow/example_dags/example_nested_branch_dag.py for tasks to queue
[2026-03-23T03:28:42.180+0000] {logging_mixin.py:188} INFO - [2026-03-23T03:28:42.180+0000] {dagbag.py:540} INFO - Filling up the DagBag from /home/airflow/.local/lib/python3.8/site-packages/airflow/example_dags/example_nested_branch_dag.py
[2026-03-23T03:28:42.188+0000] {processor.py:840} INFO - DAG(s) 'example_nested_branch_dag' retrieved from /home/airflow/.local/lib/python3.8/site-packages/airflow/example_dags/example_nested_branch_dag.py
[2026-03-23T03:28:42.210+0000] {logging_mixin.py:188} INFO - [2026-03-23T03:28:42.210+0000] {dag.py:3047} INFO - Sync 1 DAGs
[2026-03-23T03:28:42.231+0000] {logging_mixin.py:188} INFO - [2026-03-23T03:28:42.231+0000] {dag.py:3834} INFO - Setting next_dagrun for example_nested_branch_dag to 2026-03-22 00:00:00+00:00, run_after=2026-03-23 00:00:00+00:00
[2026-03-23T03:28:42.252+0000] {processor.py:183} INFO - Processing /home/airflow/.local/lib/python3.8/site-packages/airflow/example_dags/example_nested_branch_dag.py took 0.076 seconds
[2026-03-23T03:29:12.507+0000] {processor.py:161} INFO - Started process (PID=517) to work on /home/airflow/.local/lib/python3.8/site-packages/airflow/example_dags/example_nested_branch_dag.py
[2026-03-23T03:29:12.508+0000] {processor.py:830} INFO - Processing file /home/airflow/.local/lib/python3.8/site-packages/airflow/example_dags/example_nested_branch_dag.py for tasks to queue
[2026-03-23T03:29:12.510+0000] {logging_mixin.py:188} INFO - [2026-03-23T03:29:12.510+0000] {dagbag.py:540} INFO - Filling up the DagBag from /home/airflow/.local/lib/python3.8/site-packages/airflow/example_dags/example_nested_branch_dag.py
[2026-03-23T03:29:12.519+0000] {processor.py:840} INFO - DAG(s) 'example_nested_branch_dag' retrieved from /home/airflow/.local/lib/python3.8/site-packages/airflow/example_dags/example_nested_branch_dag.py
[2026-03-23T03:29:12.539+0000] {logging_mixin.py:188} INFO - [2026-03-23T03:29:12.539+0000] {dag.py:3047} INFO - Sync 1 DAGs
[2026-03-23T03:29:12.565+0000] {logging_mixin.py:188} INFO - [2026-03-23T03:29:12.565+0000] {dag.py:3834} INFO - Setting next_dagrun for example_nested_branch_dag to 2026-03-22 00:00:00+00:00, run_after=2026-03-23 00:00:00+00:00
[2026-03-23T03:29:12.585+0000] {processor.py:183} INFO - Processing /home/airflow/.local/lib/python3.8/site-packages/airflow/example_dags/example_nested_branch_dag.py took 0.081 seconds
[2026-03-23T03:29:42.753+0000] {processor.py:161} INFO - Started process (PID=572) to work on /home/airflow/.local/lib/python3.8/site-packages/airflow/example_dags/example_nested_branch_dag.py
[2026-03-23T03:29:42.754+0000] {processor.py:830} INFO - Processing file /home/airflow/.local/lib/python3.8/site-packages/airflow/example_dags/example_nested_branch_dag.py for tasks to queue
[2026-03-23T03:29:42.756+0000] {logging_mixin.py:188} INFO - [2026-03-23T03:29:42.756+0000] {dagbag.py:540} INFO - Filling up the DagBag from /home/airflow/.local/lib/python3.8/site-packages/airflow/example_dags/example_nested_branch_dag.py
[2026-03-23T03:29:42.767+0000] {processor.py:840} INFO - DAG(s) 'example_nested_branch_dag' retrieved from /home/airflow/.local/lib/python3.8/site-packages/airflow/example_dags/example_nested_branch_dag.py
[2026-03-23T03:29:42.790+0000] {logging_mixin.py:188} INFO - [2026-03-23T03:29:42.790+0000] {dag.py:3047} INFO - Sync 1 DAGs
[2026-03-23T03:29:42.815+0000] {logging_mixin.py:188} INFO - [2026-03-23T03:29:42.815+0000] {dag.py:3834} INFO - Setting next_dagrun for example_nested_branch_dag to 2026-03-22 00:00:00+00:00, run_after=2026-03-23 00:00:00+00:00
[2026-03-23T03:29:42.839+0000] {processor.py:183} INFO - Processing /home/airflow/.local/lib/python3.8/site-packages/airflow/example_dags/example_nested_branch_dag.py took 0.090 seconds
[2026-03-23T03:30:13.006+0000] {processor.py:161} INFO - Started process (PID=627) to work on /home/airflow/.local/lib/python3.8/site-packages/airflow/example_dags/example_nested_branch_dag.py
[2026-03-23T03:30:13.008+0000] {processor.py:830} INFO - Processing file /home/airflow/.local/lib/python3.8/site-packages/airflow/example_dags/example_nested_branch_dag.py for tasks to queue
[2026-03-23T03:30:13.010+0000] {logging_mixin.py:188} INFO - [2026-03-23T03:30:13.010+0000] {dagbag.py:540} INFO - Filling up the DagBag from /home/airflow/.local/lib/python3.8/site-packages/airflow/example_dags/example_nested_branch_dag.py
[2026-03-23T03:30:13.020+0000] {processor.py:840} INFO - DAG(s) 'example_nested_branch_dag' retrieved from /home/airflow/.local/lib/python3.8/site-packages/airflow/example_dags/example_nested_branch_dag.py
[2026-03-23T03:30:13.042+0000] {logging_mixin.py:188} INFO - [2026-03-23T03:30:13.042+0000] {dag.py:3047} INFO - Sync 1 DAGs
[2026-03-23T03:30:13.065+0000] {logging_mixin.py:188} INFO - [2026-03-23T03:30:13.065+0000] {dag.py:3834} INFO - Setting next_dagrun for example_nested_branch_dag to 2026-03-22 00:00:00+00:00, run_after=2026-03-23 00:00:00+00:00
[2026-03-23T03:30:13.091+0000] {processor.py:183} INFO - Processing /home/airflow/.local/lib/python3.8/site-packages/airflow/example_dags/example_nested_branch_dag.py took 0.088 seconds
[2026-03-23T03:30:43.316+0000] {processor.py:161} INFO - Started process (PID=682) to work on /home/airflow/.local/lib/python3.8/site-packages/airflow/example_dags/example_nested_branch_dag.py
[2026-03-23T03:30:43.317+0000] {processor.py:830} INFO - Processing file /home/airflow/.local/lib/python3.8/site-packages/airflow/example_dags/example_nested_branch_dag.py for tasks to queue
[2026-03-23T03:30:43.319+0000] {logging_mixin.py:188} INFO - [2026-03-23T03:30:43.319+0000] {dagbag.py:540} INFO - Filling up the DagBag from /home/airflow/.local/lib/python3.8/site-packages/airflow/example_dags/example_nested_branch_dag.py
[2026-03-23T03:30:43.329+0000] {processor.py:840} INFO - DAG(s) 'example_nested_branch_dag' retrieved from /home/airflow/.local/lib/python3.8/site-packages/airflow/example_dags/example_nested_branch_dag.py
[2026-03-23T03:30:43.351+0000] {logging_mixin.py:188} INFO - [2026-03-23T03:30:43.351+0000] {dag.py:3047} INFO - Sync 1 DAGs
[2026-03-23T03:30:43.376+0000] {logging_mixin.py:188} INFO - [2026-03-23T03:30:43.376+0000] {dag.py:3834} INFO - Setting next_dagrun for example_nested_branch_dag to 2026-03-22 00:00:00+00:00, run_after=2026-03-23 00:00:00+00:00
[2026-03-23T03:30:43.399+0000] {processor.py:183} INFO - Processing /home/airflow/.local/lib/python3.8/site-packages/airflow/example_dags/example_nested_branch_dag.py took 0.086 seconds
[2026-03-23T03:31:13.490+0000] {processor.py:161} INFO - Started process (PID=737) to work on /home/airflow/.local/lib/python3.8/site-packages/airflow/example_dags/example_nested_branch_dag.py
[2026-03-23T03:31:13.491+0000] {processor.py:830} INFO - Processing file /home/airflow/.local/lib/python3.8/site-packages/airflow/example_dags/example_nested_branch_dag.py for tasks to queue
[2026-03-23T03:31:13.493+0000] {logging_mixin.py:188} INFO - [2026-03-23T03:31:13.492+0000] {dagbag.py:540} INFO - Filling up the DagBag from /home/airflow/.local/lib/python3.8/site-packages/airflow/example_dags/example_nested_branch_dag.py
[2026-03-23T03:31:13.502+0000] {processor.py:840} INFO - DAG(s) 'example_nested_branch_dag' retrieved from /home/airflow/.local/lib/python3.8/site-packages/airflow/example_dags/example_nested_branch_dag.py
[2026-03-23T03:31:13.525+0000] {logging_mixin.py:188} INFO - [2026-03-23T03:31:13.525+0000] {dag.py:3047} INFO - Sync 1 DAGs
[2026-03-23T03:31:13.550+0000] {logging_mixin.py:188} INFO - [2026-03-23T03:31:13.550+0000] {dag.py:3834} INFO - Setting next_dagrun for example_nested_branch_dag to 2026-03-22 00:00:00+00:00, run_after=2026-03-23 00:00:00+00:00
[2026-03-23T03:31:13.573+0000] {processor.py:183} INFO - Processing /home/airflow/.local/lib/python3.8/site-packages/airflow/example_dags/example_nested_branch_dag.py took 0.086 seconds
[2026-03-23T03:31:44.012+0000] {processor.py:161} INFO - Started process (PID=792) to work on /home/airflow/.local/lib/python3.8/site-packages/airflow/example_dags/example_nested_branch_dag.py
[2026-03-23T03:31:44.013+0000] {processor.py:830} INFO - Processing file /home/airflow/.local/lib/python3.8/site-packages/airflow/example_dags/example_nested_branch_dag.py for tasks to queue
[2026-03-23T03:31:44.016+0000] {logging_mixin.py:188} INFO - [2026-03-23T03:31:44.015+0000] {dagbag.py:540} INFO - Filling up the DagBag from /home/airflow/.local/lib/python3.8/site-packages/airflow/example_dags/example_nested_branch_dag.py
[2026-03-23T03:31:44.026+0000] {processor.py:840} INFO - DAG(s) 'example_nested_branch_dag' retrieved from /home/airflow/.local/lib/python3.8/site-packages/airflow/example_dags/example_nested_branch_dag.py
[2026-03-23T03:31:44.048+0000] {logging_mixin.py:188} INFO - [2026-03-23T03:31:44.048+0000] {dag.py:3047} INFO - Sync 1 DAGs
[2026-03-23T03:31:44.070+0000] {logging_mixin.py:188} INFO - [2026-03-23T03:31:44.070+0000] {dag.py:3834} INFO - Setting next_dagrun for example_nested_branch_dag to 2026-03-22 00:00:00+00:00, run_after=2026-03-23 00:00:00+00:00
[2026-03-23T03:31:44.091+0000] {processor.py:183} INFO - Processing /home/airflow/.local/lib/python3.8/site-packages/airflow/example_dags/example_nested_branch_dag.py took 0.082 seconds
[2026-03-23T03:32:14.849+0000] {processor.py:161} INFO - Started process (PID=847) to work on /home/airflow/.local/lib/python3.8/site-packages/airflow/example_dags/example_nested_branch_dag.py
[2026-03-23T03:32:14.850+0000] {processor.py:830} INFO - Processing file /home/airflow/.local/lib/python3.8/site-packages/airflow/example_dags/example_nested_branch_dag.py for tasks to queue
[2026-03-23T03:32:14.852+0000] {logging_mixin.py:188} INFO - [2026-03-23T03:32:14.852+0000] {dagbag.py:540} INFO - Filling up the DagBag from /home/airflow/.local/lib/python3.8/site-packages/airflow/example_dags/example_nested_branch_dag.py
[2026-03-23T03:32:14.861+0000] {processor.py:840} INFO - DAG(s) 'example_nested_branch_dag' retrieved from /home/airflow/.local/lib/python3.8/site-packages/airflow/example_dags/example_nested_branch_dag.py
[2026-03-23T03:32:14.886+0000] {logging_mixin.py:188} INFO - [2026-03-23T03:32:14.885+0000] {dag.py:3047} INFO - Sync 1 DAGs
[2026-03-23T03:32:14.909+0000] {logging_mixin.py:188} INFO - [2026-03-23T03:32:14.909+0000] {dag.py:3834} INFO - Setting next_dagrun for example_nested_branch_dag to 2026-03-22 00:00:00+00:00, run_after=2026-03-23 00:00:00+00:00
[2026-03-23T03:32:14.931+0000] {processor.py:183} INFO - Processing /home/airflow/.local/lib/python3.8/site-packages/airflow/example_dags/example_nested_branch_dag.py took 0.086 seconds
[2026-03-23T03:32:44.989+0000] {processor.py:161} INFO - Started process (PID=902) to work on /home/airflow/.local/lib/python3.8/site-packages/airflow/example_dags/example_nested_branch_dag.py
[2026-03-23T03:32:44.990+0000] {processor.py:830} INFO - Processing file /home/airflow/.local/lib/python3.8/site-packages/airflow/example_dags/example_nested_branch_dag.py for tasks to queue
[2026-03-23T03:32:44.992+0000] {logging_mixin.py:188} INFO - [2026-03-23T03:32:44.992+0000] {dagbag.py:540} INFO - Filling up the DagBag from /home/airflow/.local/lib/python3.8/site-packages/airflow/example_dags/example_nested_branch_dag.py
[2026-03-23T03:32:45.001+0000] {processor.py:840} INFO - DAG(s) 'example_nested_branch_dag' retrieved from /home/airflow/.local/lib/python3.8/site-packages/airflow/example_dags/example_nested_branch_dag.py
[2026-03-23T03:32:45.022+0000] {logging_mixin.py:188} INFO - [2026-03-23T03:32:45.021+0000] {dag.py:3047} INFO - Sync 1 DAGs
[2026-03-23T03:32:45.044+0000] {logging_mixin.py:188} INFO - [2026-03-23T03:32:45.043+0000] {dag.py:3834} INFO - Setting next_dagrun for example_nested_branch_dag to 2026-03-22 00:00:00+00:00, run_after=2026-03-23 00:00:00+00:00
[2026-03-23T03:32:45.067+0000] {processor.py:183} INFO - Processing /home/airflow/.local/lib/python3.8/site-packages/airflow/example_dags/example_nested_branch_dag.py took 0.081 seconds
[2026-03-23T03:33:15.174+0000] {processor.py:161} INFO - Started process (PID=957) to work on /home/airflow/.local/lib/python3.8/site-packages/airflow/example_dags/example_nested_branch_dag.py
[2026-03-23T03:33:15.175+0000] {processor.py:830} INFO - Processing file /home/airflow/.local/lib/python3.8/site-packages/airflow/example_dags/example_nested_branch_dag.py for tasks to queue
[2026-03-23T03:33:15.177+0000] {logging_mixin.py:188} INFO - [2026-03-23T03:33:15.177+0000] {dagbag.py:540} INFO - Filling up the DagBag from /home/airflow/.local/lib/python3.8/site-packages/airflow/example_dags/example_nested_branch_dag.py
[2026-03-23T03:33:15.185+0000] {processor.py:840} INFO - DAG(s) 'example_nested_branch_dag' retrieved from /home/airflow/.local/lib/python3.8/site-packages/airflow/example_dags/example_nested_branch_dag.py
[2026-03-23T03:33:15.206+0000] {logging_mixin.py:188} INFO - [2026-03-23T03:33:15.206+0000] {dag.py:3047} INFO - Sync 1 DAGs
[2026-03-23T03:33:15.229+0000] {logging_mixin.py:188} INFO - [2026-03-23T03:33:15.229+0000] {dag.py:3834} INFO - Setting next_dagrun for example_nested_branch_dag to 2026-03-22 00:00:00+00:00, run_after=2026-03-23 00:00:00+00:00
[2026-03-23T03:33:15.250+0000] {processor.py:183} INFO - Processing /home/airflow/.local/lib/python3.8/site-packages/airflow/example_dags/example_nested_branch_dag.py took 0.079 seconds
[2026-03-23T03:33:45.348+0000] {processor.py:161} INFO - Started process (PID=1012) to work on /home/airflow/.local/lib/python3.8/site-packages/airflow/example_dags/example_nested_branch_dag.py
[2026-03-23T03:33:45.349+0000] {processor.py:830} INFO - Processing file /home/airflow/.local/lib/python3.8/site-packages/airflow/example_dags/example_nested_branch_dag.py for tasks to queue
[2026-03-23T03:33:45.351+0000] {logging_mixin.py:188} INFO - [2026-03-23T03:33:45.351+0000] {dagbag.py:540} INFO - Filling up the DagBag from /home/airflow/.local/lib/python3.8/site-packages/airflow/example_dags/example_nested_branch_dag.py
[2026-03-23T03:33:45.361+0000] {processor.py:840} INFO - DAG(s) 'example_nested_branch_dag' retrieved from /home/airflow/.local/lib/python3.8/site-packages/airflow/example_dags/example_nested_branch_dag.py
[2026-03-23T03:33:45.384+0000] {logging_mixin.py:188} INFO - [2026-03-23T03:33:45.384+0000] {dag.py:3047} INFO - Sync 1 DAGs
[2026-03-23T03:33:45.408+0000] {logging_mixin.py:188} INFO - [2026-03-23T03:33:45.408+0000] {dag.py:3834} INFO - Setting next_dagrun for example_nested_branch_dag to 2026-03-22 00:00:00+00:00, run_after=2026-03-23 00:00:00+00:00
[2026-03-23T03:33:45.429+0000] {processor.py:183} INFO - Processing /home/airflow/.local/lib/python3.8/site-packages/airflow/example_dags/example_nested_branch_dag.py took 0.084 seconds
[2026-03-23T03:34:15.550+0000] {processor.py:161} INFO - Started process (PID=1067) to work on /home/airflow/.local/lib/python3.8/site-packages/airflow/example_dags/example_nested_branch_dag.py
[2026-03-23T03:34:15.551+0000] {processor.py:830} INFO - Processing file /home/airflow/.local/lib/python3.8/site-packages/airflow/example_dags/example_nested_branch_dag.py for tasks to queue
[2026-03-23T03:34:15.554+0000] {logging_mixin.py:188} INFO - [2026-03-23T03:34:15.553+0000] {dagbag.py:540} INFO - Filling up the DagBag from /home/airflow/.local/lib/python3.8/site-packages/airflow/example_dags/example_nested_branch_dag.py
[2026-03-23T03:34:15.564+0000] {processor.py:840} INFO - DAG(s) 'example_nested_branch_dag' retrieved from /home/airflow/.local/lib/python3.8/site-packages/airflow/example_dags/example_nested_branch_dag.py
[2026-03-23T03:34:15.592+0000] {logging_mixin.py:188} INFO - [2026-03-23T03:34:15.591+0000] {dag.py:3047} INFO - Sync 1 DAGs
[2026-03-23T03:34:15.618+0000] {logging_mixin.py:188} INFO - [2026-03-23T03:34:15.618+0000] {dag.py:3834} INFO - Setting next_dagrun for example_nested_branch_dag to 2026-03-22 00:00:00+00:00, run_after=2026-03-23 00:00:00+00:00
[2026-03-23T03:34:15.644+0000] {processor.py:183} INFO - Processing /home/airflow/.local/lib/python3.8/site-packages/airflow/example_dags/example_nested_branch_dag.py took 0.099 seconds
[2026-03-23T03:34:45.772+0000] {processor.py:161} INFO - Started process (PID=1122) to work on /home/airflow/.local/lib/python3.8/site-packages/airflow/example_dags/example_nested_branch_dag.py
[2026-03-23T03:34:45.774+0000] {processor.py:830} INFO - Processing file /home/airflow/.local/lib/python3.8/site-packages/airflow/example_dags/example_nested_branch_dag.py for tasks to queue
[2026-03-23T03:34:45.776+0000] {logging_mixin.py:188} INFO - [2026-03-23T03:34:45.776+0000] {dagbag.py:540} INFO - Filling up the DagBag from /home/airflow/.local/lib/python3.8/site-packages/airflow/example_dags/example_nested_branch_dag.py
[2026-03-23T03:34:45.787+0000] {processor.py:840} INFO - DAG(s) 'example_nested_branch_dag' retrieved from /home/airflow/.local/lib/python3.8/site-packages/airflow/example_dags/example_nested_branch_dag.py
[2026-03-23T03:34:45.814+0000] {logging_mixin.py:188} INFO - [2026-03-23T03:34:45.814+0000] {dag.py:3047} INFO - Sync 1 DAGs
[2026-03-23T03:34:45.839+0000] {logging_mixin.py:188} INFO - [2026-03-23T03:34:45.839+0000] {dag.py:3834} INFO - Setting next_dagrun for example_nested_branch_dag to 2026-03-22 00:00:00+00:00, run_after=2026-03-23 00:00:00+00:00
[2026-03-23T03:34:45.861+0000] {processor.py:183} INFO - Processing /home/airflow/.local/lib/python3.8/site-packages/airflow/example_dags/example_nested_branch_dag.py took 0.092 seconds
[2026-03-23T03:37:19.214+0000] {processor.py:161} INFO - Started process (PID=71) to work on /home/airflow/.local/lib/python3.8/site-packages/airflow/example_dags/example_nested_branch_dag.py
[2026-03-23T03:37:19.215+0000] {processor.py:830} INFO - Processing file /home/airflow/.local/lib/python3.8/site-packages/airflow/example_dags/example_nested_branch_dag.py for tasks to queue
[2026-03-23T03:37:19.218+0000] {logging_mixin.py:188} INFO - [2026-03-23T03:37:19.218+0000] {dagbag.py:540} INFO - Filling up the DagBag from /home/airflow/.local/lib/python3.8/site-packages/airflow/example_dags/example_nested_branch_dag.py
[2026-03-23T03:37:19.230+0000] {processor.py:840} INFO - DAG(s) 'example_nested_branch_dag' retrieved from /home/airflow/.local/lib/python3.8/site-packages/airflow/example_dags/example_nested_branch_dag.py
[2026-03-23T03:37:19.246+0000] {logging_mixin.py:188} INFO - [2026-03-23T03:37:19.245+0000] {dag.py:3047} INFO - Sync 1 DAGs
[2026-03-23T03:37:19.273+0000] {logging_mixin.py:188} INFO - [2026-03-23T03:37:19.273+0000] {dag.py:3834} INFO - Setting next_dagrun for example_nested_branch_dag to 2026-03-22 00:00:00+00:00, run_after=2026-03-23 00:00:00+00:00
[2026-03-23T03:37:19.299+0000] {processor.py:183} INFO - Processing /home/airflow/.local/lib/python3.8/site-packages/airflow/example_dags/example_nested_branch_dag.py took 0.089 seconds
[2026-03-23T03:37:50.548+0000] {processor.py:161} INFO - Started process (PID=126) to work on /home/airflow/.local/lib/python3.8/site-packages/airflow/example_dags/example_nested_branch_dag.py
[2026-03-23T03:37:50.549+0000] {processor.py:830} INFO - Processing file /home/airflow/.local/lib/python3.8/site-packages/airflow/example_dags/example_nested_branch_dag.py for tasks to queue
[2026-03-23T03:37:50.551+0000] {logging_mixin.py:188} INFO - [2026-03-23T03:37:50.551+0000] {dagbag.py:540} INFO - Filling up the DagBag from /home/airflow/.local/lib/python3.8/site-packages/airflow/example_dags/example_nested_branch_dag.py
[2026-03-23T03:37:50.561+0000] {processor.py:840} INFO - DAG(s) 'example_nested_branch_dag' retrieved from /home/airflow/.local/lib/python3.8/site-packages/airflow/example_dags/example_nested_branch_dag.py
[2026-03-23T03:37:50.654+0000] {logging_mixin.py:188} INFO - [2026-03-23T03:37:50.654+0000] {dag.py:3047} INFO - Sync 1 DAGs
[2026-03-23T03:37:50.674+0000] {logging_mixin.py:188} INFO - [2026-03-23T03:37:50.674+0000] {dag.py:3834} INFO - Setting next_dagrun for example_nested_branch_dag to 2026-03-22 00:00:00+00:00, run_after=2026-03-23 00:00:00+00:00
[2026-03-23T03:37:50.694+0000] {processor.py:183} INFO - Processing /home/airflow/.local/lib/python3.8/site-packages/airflow/example_dags/example_nested_branch_dag.py took 0.149 seconds
[2026-03-23T03:38:21.487+0000] {processor.py:161} INFO - Started process (PID=181) to work on /home/airflow/.local/lib/python3.8/site-packages/airflow/example_dags/example_nested_branch_dag.py
[2026-03-23T03:38:21.488+0000] {processor.py:830} INFO - Processing file /home/airflow/.local/lib/python3.8/site-packages/airflow/example_dags/example_nested_branch_dag.py for tasks to queue
[2026-03-23T03:38:21.490+0000] {logging_mixin.py:188} INFO - [2026-03-23T03:38:21.489+0000] {dagbag.py:540} INFO - Filling up the DagBag from /home/airflow/.local/lib/python3.8/site-packages/airflow/example_dags/example_nested_branch_dag.py
[2026-03-23T03:38:21.498+0000] {processor.py:840} INFO - DAG(s) 'example_nested_branch_dag' retrieved from /home/airflow/.local/lib/python3.8/site-packages/airflow/example_dags/example_nested_branch_dag.py
[2026-03-23T03:38:21.519+0000] {logging_mixin.py:188} INFO - [2026-03-23T03:38:21.519+0000] {dag.py:3047} INFO - Sync 1 DAGs
[2026-03-23T03:38:21.543+0000] {logging_mixin.py:188} INFO - [2026-03-23T03:38:21.543+0000] {dag.py:3834} INFO - Setting next_dagrun for example_nested_branch_dag to 2026-03-22 00:00:00+00:00, run_after=2026-03-23 00:00:00+00:00
[2026-03-23T03:38:21.566+0000] {processor.py:183} INFO - Processing /home/airflow/.local/lib/python3.8/site-packages/airflow/example_dags/example_nested_branch_dag.py took 0.082 seconds
[2026-03-23T03:38:51.964+0000] {processor.py:161} INFO - Started process (PID=236) to work on /home/airflow/.local/lib/python3.8/site-packages/airflow/example_dags/example_nested_branch_dag.py
[2026-03-23T03:38:51.966+0000] {processor.py:830} INFO - Processing file /home/airflow/.local/lib/python3.8/site-packages/airflow/example_dags/example_nested_branch_dag.py for tasks to queue
[2026-03-23T03:38:51.968+0000] {logging_mixin.py:188} INFO - [2026-03-23T03:38:51.967+0000] {dagbag.py:540} INFO - Filling up the DagBag from /home/airflow/.local/lib/python3.8/site-packages/airflow/example_dags/example_nested_branch_dag.py
[2026-03-23T03:38:51.977+0000] {processor.py:840} INFO - DAG(s) 'example_nested_branch_dag' retrieved from /home/airflow/.local/lib/python3.8/site-packages/airflow/example_dags/example_nested_branch_dag.py
[2026-03-23T03:38:52.003+0000] {logging_mixin.py:188} INFO - [2026-03-23T03:38:52.002+0000] {dag.py:3047} INFO - Sync 1 DAGs
[2026-03-23T03:38:52.027+0000] {logging_mixin.py:188} INFO - [2026-03-23T03:38:52.027+0000] {dag.py:3834} INFO - Setting next_dagrun for example_nested_branch_dag to 2026-03-22 00:00:00+00:00, run_after=2026-03-23 00:00:00+00:00
[2026-03-23T03:38:52.054+0000] {processor.py:183} INFO - Processing /home/airflow/.local/lib/python3.8/site-packages/airflow/example_dags/example_nested_branch_dag.py took 0.093 seconds
[2026-03-23T03:39:22.461+0000] {processor.py:161} INFO - Started process (PID=297) to work on /home/airflow/.local/lib/python3.8/site-packages/airflow/example_dags/example_nested_branch_dag.py
[2026-03-23T03:39:22.462+0000] {processor.py:830} INFO - Processing file /home/airflow/.local/lib/python3.8/site-packages/airflow/example_dags/example_nested_branch_dag.py for tasks to queue
[2026-03-23T03:39:22.464+0000] {logging_mixin.py:188} INFO - [2026-03-23T03:39:22.464+0000] {dagbag.py:540} INFO - Filling up the DagBag from /home/airflow/.local/lib/python3.8/site-packages/airflow/example_dags/example_nested_branch_dag.py
[2026-03-23T03:39:22.474+0000] {processor.py:840} INFO - DAG(s) 'example_nested_branch_dag' retrieved from /home/airflow/.local/lib/python3.8/site-packages/airflow/example_dags/example_nested_branch_dag.py
[2026-03-23T03:39:22.497+0000] {logging_mixin.py:188} INFO - [2026-03-23T03:39:22.497+0000] {dag.py:3047} INFO - Sync 1 DAGs
[2026-03-23T03:39:22.520+0000] {logging_mixin.py:188} INFO - [2026-03-23T03:39:22.520+0000] {dag.py:3834} INFO - Setting next_dagrun for example_nested_branch_dag to 2026-03-22 00:00:00+00:00, run_after=2026-03-23 00:00:00+00:00
[2026-03-23T03:39:22.541+0000] {processor.py:183} INFO - Processing /home/airflow/.local/lib/python3.8/site-packages/airflow/example_dags/example_nested_branch_dag.py took 0.083 seconds
[2026-03-23T03:39:52.613+0000] {processor.py:161} INFO - Started process (PID=352) to work on /home/airflow/.local/lib/python3.8/site-packages/airflow/example_dags/example_nested_branch_dag.py
[2026-03-23T03:39:52.615+0000] {processor.py:830} INFO - Processing file /home/airflow/.local/lib/python3.8/site-packages/airflow/example_dags/example_nested_branch_dag.py for tasks to queue
[2026-03-23T03:39:52.618+0000] {logging_mixin.py:188} INFO - [2026-03-23T03:39:52.617+0000] {dagbag.py:540} INFO - Filling up the DagBag from /home/airflow/.local/lib/python3.8/site-packages/airflow/example_dags/example_nested_branch_dag.py
[2026-03-23T03:39:52.627+0000] {processor.py:840} INFO - DAG(s) 'example_nested_branch_dag' retrieved from /home/airflow/.local/lib/python3.8/site-packages/airflow/example_dags/example_nested_branch_dag.py
[2026-03-23T03:39:52.649+0000] {logging_mixin.py:188} INFO - [2026-03-23T03:39:52.648+0000] {dag.py:3047} INFO - Sync 1 DAGs
[2026-03-23T03:39:52.670+0000] {logging_mixin.py:188} INFO - [2026-03-23T03:39:52.669+0000] {dag.py:3834} INFO - Setting next_dagrun for example_nested_branch_dag to 2026-03-22 00:00:00+00:00, run_after=2026-03-23 00:00:00+00:00
[2026-03-23T03:39:52.694+0000] {processor.py:183} INFO - Processing /home/airflow/.local/lib/python3.8/site-packages/airflow/example_dags/example_nested_branch_dag.py took 0.084 seconds
[2026-03-23T03:40:23.079+0000] {processor.py:161} INFO - Started process (PID=407) to work on /home/airflow/.local/lib/python3.8/site-packages/airflow/example_dags/example_nested_branch_dag.py
[2026-03-23T03:40:23.080+0000] {processor.py:830} INFO - Processing file /home/airflow/.local/lib/python3.8/site-packages/airflow/example_dags/example_nested_branch_dag.py for tasks to queue
[2026-03-23T03:40:23.082+0000] {logging_mixin.py:188} INFO - [2026-03-23T03:40:23.082+0000] {dagbag.py:540} INFO - Filling up the DagBag from /home/airflow/.local/lib/python3.8/site-packages/airflow/example_dags/example_nested_branch_dag.py
[2026-03-23T03:40:23.091+0000] {processor.py:840} INFO - DAG(s) 'example_nested_branch_dag' retrieved from /home/airflow/.local/lib/python3.8/site-packages/airflow/example_dags/example_nested_branch_dag.py
[2026-03-23T03:40:23.115+0000] {logging_mixin.py:188} INFO - [2026-03-23T03:40:23.115+0000] {dag.py:3047} INFO - Sync 1 DAGs
[2026-03-23T03:40:23.140+0000] {logging_mixin.py:188} INFO - [2026-03-23T03:40:23.139+0000] {dag.py:3834} INFO - Setting next_dagrun for example_nested_branch_dag to 2026-03-22 00:00:00+00:00, run_after=2026-03-23 00:00:00+00:00
[2026-03-23T03:40:23.159+0000] {processor.py:183} INFO - Processing /home/airflow/.local/lib/python3.8/site-packages/airflow/example_dags/example_nested_branch_dag.py took 0.084 seconds
[2026-03-23T03:40:53.783+0000] {processor.py:161} INFO - Started process (PID=462) to work on /home/airflow/.local/lib/python3.8/site-packages/airflow/example_dags/example_nested_branch_dag.py
[2026-03-23T03:40:53.785+0000] {processor.py:830} INFO - Processing file /home/airflow/.local/lib/python3.8/site-packages/airflow/example_dags/example_nested_branch_dag.py for tasks to queue
[2026-03-23T03:40:53.789+0000] {logging_mixin.py:188} INFO - [2026-03-23T03:40:53.788+0000] {dagbag.py:540} INFO - Filling up the DagBag from /home/airflow/.local/lib/python3.8/site-packages/airflow/example_dags/example_nested_branch_dag.py
[2026-03-23T03:40:53.803+0000] {processor.py:840} INFO - DAG(s) 'example_nested_branch_dag' retrieved from /home/airflow/.local/lib/python3.8/site-packages/airflow/example_dags/example_nested_branch_dag.py
[2026-03-23T03:40:53.837+0000] {logging_mixin.py:188} INFO - [2026-03-23T03:40:53.837+0000] {dag.py:3047} INFO - Sync 1 DAGs
[2026-03-23T03:40:53.869+0000] {logging_mixin.py:188} INFO - [2026-03-23T03:40:53.869+0000] {dag.py:3834} INFO - Setting next_dagrun for example_nested_branch_dag to 2026-03-22 00:00:00+00:00, run_after=2026-03-23 00:00:00+00:00
[2026-03-23T03:40:53.902+0000] {processor.py:183} INFO - Processing /home/airflow/.local/lib/python3.8/site-packages/airflow/example_dags/example_nested_branch_dag.py took 0.124 seconds
[2026-03-23T03:41:24.690+0000] {processor.py:161} INFO - Started process (PID=517) to work on /home/airflow/.local/lib/python3.8/site-packages/airflow/example_dags/example_nested_branch_dag.py
[2026-03-23T03:41:24.691+0000] {processor.py:830} INFO - Processing file /home/airflow/.local/lib/python3.8/site-packages/airflow/example_dags/example_nested_branch_dag.py for tasks to queue
[2026-03-23T03:41:24.693+0000] {logging_mixin.py:188} INFO - [2026-03-23T03:41:24.693+0000] {dagbag.py:540} INFO - Filling up the DagBag from /home/airflow/.local/lib/python3.8/site-packages/airflow/example_dags/example_nested_branch_dag.py
[2026-03-23T03:41:24.702+0000] {processor.py:840} INFO - DAG(s) 'example_nested_branch_dag' retrieved from /home/airflow/.local/lib/python3.8/site-packages/airflow/example_dags/example_nested_branch_dag.py
[2026-03-23T03:41:24.726+0000] {logging_mixin.py:188} INFO - [2026-03-23T03:41:24.725+0000] {dag.py:3047} INFO - Sync 1 DAGs
[2026-03-23T03:41:24.748+0000] {logging_mixin.py:188} INFO - [2026-03-23T03:41:24.748+0000] {dag.py:3834} INFO - Setting next_dagrun for example_nested_branch_dag to 2026-03-22 00:00:00+00:00, run_after=2026-03-23 00:00:00+00:00
[2026-03-23T03:41:24.772+0000] {processor.py:183} INFO - Processing /home/airflow/.local/lib/python3.8/site-packages/airflow/example_dags/example_nested_branch_dag.py took 0.085 seconds
[2026-03-23T03:41:54.883+0000] {processor.py:161} INFO - Started process (PID=572) to work on /home/airflow/.local/lib/python3.8/site-packages/airflow/example_dags/example_nested_branch_dag.py
[2026-03-23T03:41:54.885+0000] {processor.py:830} INFO - Processing file /home/airflow/.local/lib/python3.8/site-packages/airflow/example_dags/example_nested_branch_dag.py for tasks to queue
[2026-03-23T03:41:54.887+0000] {logging_mixin.py:188} INFO - [2026-03-23T03:41:54.887+0000] {dagbag.py:540} INFO - Filling up the DagBag from /home/airflow/.local/lib/python3.8/site-packages/airflow/example_dags/example_nested_branch_dag.py
[2026-03-23T03:41:54.898+0000] {processor.py:840} INFO - DAG(s) 'example_nested_branch_dag' retrieved from /home/airflow/.local/lib/python3.8/site-packages/airflow/example_dags/example_nested_branch_dag.py
[2026-03-23T03:41:54.923+0000] {logging_mixin.py:188} INFO - [2026-03-23T03:41:54.922+0000] {dag.py:3047} INFO - Sync 1 DAGs
[2026-03-23T03:41:54.947+0000] {logging_mixin.py:188} INFO - [2026-03-23T03:41:54.947+0000] {dag.py:3834} INFO - Setting next_dagrun for example_nested_branch_dag to 2026-03-22 00:00:00+00:00, run_after=2026-03-23 00:00:00+00:00
[2026-03-23T03:41:54.973+0000] {processor.py:183} INFO - Processing /home/airflow/.local/lib/python3.8/site-packages/airflow/example_dags/example_nested_branch_dag.py took 0.093 seconds
[2026-03-23T03:42:25.067+0000] {processor.py:161} INFO - Started process (PID=627) to work on /home/airflow/.local/lib/python3.8/site-packages/airflow/example_dags/example_nested_branch_dag.py
[2026-03-23T03:42:25.068+0000] {processor.py:830} INFO - Processing file /home/airflow/.local/lib/python3.8/site-packages/airflow/example_dags/example_nested_branch_dag.py for tasks to queue
[2026-03-23T03:42:25.071+0000] {logging_mixin.py:188} INFO - [2026-03-23T03:42:25.071+0000] {dagbag.py:540} INFO - Filling up the DagBag from /home/airflow/.local/lib/python3.8/site-packages/airflow/example_dags/example_nested_branch_dag.py
[2026-03-23T03:42:25.080+0000] {processor.py:840} INFO - DAG(s) 'example_nested_branch_dag' retrieved from /home/airflow/.local/lib/python3.8/site-packages/airflow/example_dags/example_nested_branch_dag.py
[2026-03-23T03:42:25.105+0000] {logging_mixin.py:188} INFO - [2026-03-23T03:42:25.105+0000] {dag.py:3047} INFO - Sync 1 DAGs
[2026-03-23T03:42:25.131+0000] {logging_mixin.py:188} INFO - [2026-03-23T03:42:25.130+0000] {dag.py:3834} INFO - Setting next_dagrun for example_nested_branch_dag to 2026-03-22 00:00:00+00:00, run_after=2026-03-23 00:00:00+00:00
[2026-03-23T03:42:25.156+0000] {processor.py:183} INFO - Processing /home/airflow/.local/lib/python3.8/site-packages/airflow/example_dags/example_nested_branch_dag.py took 0.093 seconds
[2026-03-23T03:42:55.689+0000] {processor.py:161} INFO - Started process (PID=682) to work on /home/airflow/.local/lib/python3.8/site-packages/airflow/example_dags/example_nested_branch_dag.py
[2026-03-23T03:42:55.690+0000] {processor.py:830} INFO - Processing file /home/airflow/.local/lib/python3.8/site-packages/airflow/example_dags/example_nested_branch_dag.py for tasks to queue
[2026-03-23T03:42:55.692+0000] {logging_mixin.py:188} INFO - [2026-03-23T03:42:55.692+0000] {dagbag.py:540} INFO - Filling up the DagBag from /home/airflow/.local/lib/python3.8/site-packages/airflow/example_dags/example_nested_branch_dag.py
[2026-03-23T03:42:55.701+0000] {processor.py:840} INFO - DAG(s) 'example_nested_branch_dag' retrieved from /home/airflow/.local/lib/python3.8/site-packages/airflow/example_dags/example_nested_branch_dag.py
[2026-03-23T03:42:55.724+0000] {logging_mixin.py:188} INFO - [2026-03-23T03:42:55.724+0000] {dag.py:3047} INFO - Sync 1 DAGs
[2026-03-23T03:42:55.746+0000] {logging_mixin.py:188} INFO - [2026-03-23T03:42:55.745+0000] {dag.py:3834} INFO - Setting next_dagrun for example_nested_branch_dag to 2026-03-22 00:00:00+00:00, run_after=2026-03-23 00:00:00+00:00
[2026-03-23T03:42:55.770+0000] {processor.py:183} INFO - Processing /home/airflow/.local/lib/python3.8/site-packages/airflow/example_dags/example_nested_branch_dag.py took 0.084 seconds
[2026-03-23T03:43:26.096+0000] {processor.py:161} INFO - Started process (PID=737) to work on /home/airflow/.local/lib/python3.8/site-packages/airflow/example_dags/example_nested_branch_dag.py
[2026-03-23T03:43:26.098+0000] {processor.py:830} INFO - Processing file /home/airflow/.local/lib/python3.8/site-packages/airflow/example_dags/example_nested_branch_dag.py for tasks to queue
[2026-03-23T03:43:26.100+0000] {logging_mixin.py:188} INFO - [2026-03-23T03:43:26.099+0000] {dagbag.py:540} INFO - Filling up the DagBag from /home/airflow/.local/lib/python3.8/site-packages/airflow/example_dags/example_nested_branch_dag.py
[2026-03-23T03:43:26.108+0000] {processor.py:840} INFO - DAG(s) 'example_nested_branch_dag' retrieved from /home/airflow/.local/lib/python3.8/site-packages/airflow/example_dags/example_nested_branch_dag.py
[2026-03-23T03:43:26.133+0000] {logging_mixin.py:188} INFO - [2026-03-23T03:43:26.132+0000] {dag.py:3047} INFO - Sync 1 DAGs
[2026-03-23T03:43:26.156+0000] {logging_mixin.py:188} INFO - [2026-03-23T03:43:26.155+0000] {dag.py:3834} INFO - Setting next_dagrun for example_nested_branch_dag to 2026-03-22 00:00:00+00:00, run_after=2026-03-23 00:00:00+00:00
[2026-03-23T03:43:26.178+0000] {processor.py:183} INFO - Processing /home/airflow/.local/lib/python3.8/site-packages/airflow/example_dags/example_nested_branch_dag.py took 0.085 seconds
[2026-03-23T03:43:56.562+0000] {processor.py:161} INFO - Started process (PID=792) to work on /home/airflow/.local/lib/python3.8/site-packages/airflow/example_dags/example_nested_branch_dag.py
[2026-03-23T03:43:56.563+0000] {processor.py:830} INFO - Processing file /home/airflow/.local/lib/python3.8/site-packages/airflow/example_dags/example_nested_branch_dag.py for tasks to queue
[2026-03-23T03:43:56.565+0000] {logging_mixin.py:188} INFO - [2026-03-23T03:43:56.565+0000] {dagbag.py:540} INFO - Filling up the DagBag from /home/airflow/.local/lib/python3.8/site-packages/airflow/example_dags/example_nested_branch_dag.py
[2026-03-23T03:43:56.576+0000] {processor.py:840} INFO - DAG(s) 'example_nested_branch_dag' retrieved from /home/airflow/.local/lib/python3.8/site-packages/airflow/example_dags/example_nested_branch_dag.py
[2026-03-23T03:43:56.602+0000] {logging_mixin.py:188} INFO - [2026-03-23T03:43:56.602+0000] {dag.py:3047} INFO - Sync 1 DAGs
[2026-03-23T03:43:56.630+0000] {logging_mixin.py:188} INFO - [2026-03-23T03:43:56.630+0000] {dag.py:3834} INFO - Setting next_dagrun for example_nested_branch_dag to 2026-03-22 00:00:00+00:00, run_after=2026-03-23 00:00:00+00:00
[2026-03-23T03:43:56.656+0000] {processor.py:183} INFO - Processing /home/airflow/.local/lib/python3.8/site-packages/airflow/example_dags/example_nested_branch_dag.py took 0.097 seconds
[2026-03-23T03:44:27.180+0000] {processor.py:161} INFO - Started process (PID=847) to work on /home/airflow/.local/lib/python3.8/site-packages/airflow/example_dags/example_nested_branch_dag.py
[2026-03-23T03:44:27.182+0000] {processor.py:830} INFO - Processing file /home/airflow/.local/lib/python3.8/site-packages/airflow/example_dags/example_nested_branch_dag.py for tasks to queue
[2026-03-23T03:44:27.184+0000] {logging_mixin.py:188} INFO - [2026-03-23T03:44:27.183+0000] {dagbag.py:540} INFO - Filling up the DagBag from /home/airflow/.local/lib/python3.8/site-packages/airflow/example_dags/example_nested_branch_dag.py
[2026-03-23T03:44:27.196+0000] {processor.py:840} INFO - DAG(s) 'example_nested_branch_dag' retrieved from /home/airflow/.local/lib/python3.8/site-packages/airflow/example_dags/example_nested_branch_dag.py
[2026-03-23T03:44:27.222+0000] {logging_mixin.py:188} INFO - [2026-03-23T03:44:27.222+0000] {dag.py:3047} INFO - Sync 1 DAGs
[2026-03-23T03:44:27.249+0000] {logging_mixin.py:188} INFO - [2026-03-23T03:44:27.249+0000] {dag.py:3834} INFO - Setting next_dagrun for example_nested_branch_dag to 2026-03-22 00:00:00+00:00, run_after=2026-03-23 00:00:00+00:00
[2026-03-23T03:44:27.270+0000] {processor.py:183} INFO - Processing /home/airflow/.local/lib/python3.8/site-packages/airflow/example_dags/example_nested_branch_dag.py took 0.094 seconds
[2026-03-23T03:44:57.489+0000] {processor.py:161} INFO - Started process (PID=902) to work on /home/airflow/.local/lib/python3.8/site-packages/airflow/example_dags/example_nested_branch_dag.py
[2026-03-23T03:44:57.490+0000] {processor.py:830} INFO - Processing file /home/airflow/.local/lib/python3.8/site-packages/airflow/example_dags/example_nested_branch_dag.py for tasks to queue
[2026-03-23T03:44:57.492+0000] {logging_mixin.py:188} INFO - [2026-03-23T03:44:57.492+0000] {dagbag.py:540} INFO - Filling up the DagBag from /home/airflow/.local/lib/python3.8/site-packages/airflow/example_dags/example_nested_branch_dag.py
[2026-03-23T03:44:57.502+0000] {processor.py:840} INFO - DAG(s) 'example_nested_branch_dag' retrieved from /home/airflow/.local/lib/python3.8/site-packages/airflow/example_dags/example_nested_branch_dag.py
[2026-03-23T03:44:57.528+0000] {logging_mixin.py:188} INFO - [2026-03-23T03:44:57.528+0000] {dag.py:3047} INFO - Sync 1 DAGs
[2026-03-23T03:44:57.560+0000] {logging_mixin.py:188} INFO - [2026-03-23T03:44:57.559+0000] {dag.py:3834} INFO - Setting next_dagrun for example_nested_branch_dag to 2026-03-22 00:00:00+00:00, run_after=2026-03-23 00:00:00+00:00
[2026-03-23T03:44:57.601+0000] {processor.py:183} INFO - Processing /home/airflow/.local/lib/python3.8/site-packages/airflow/example_dags/example_nested_branch_dag.py took 0.115 seconds
[2026-03-23T03:45:27.925+0000] {processor.py:161} INFO - Started process (PID=957) to work on /home/airflow/.local/lib/python3.8/site-packages/airflow/example_dags/example_nested_branch_dag.py
[2026-03-23T03:45:27.926+0000] {processor.py:830} INFO - Processing file /home/airflow/.local/lib/python3.8/site-packages/airflow/example_dags/example_nested_branch_dag.py for tasks to queue
[2026-03-23T03:45:27.929+0000] {logging_mixin.py:188} INFO - [2026-03-23T03:45:27.928+0000] {dagbag.py:540} INFO - Filling up the DagBag from /home/airflow/.local/lib/python3.8/site-packages/airflow/example_dags/example_nested_branch_dag.py
[2026-03-23T03:45:27.942+0000] {processor.py:840} INFO - DAG(s) 'example_nested_branch_dag' retrieved from /home/airflow/.local/lib/python3.8/site-packages/airflow/example_dags/example_nested_branch_dag.py
[2026-03-23T03:45:27.973+0000] {logging_mixin.py:188} INFO - [2026-03-23T03:45:27.973+0000] {dag.py:3047} INFO - Sync 1 DAGs
[2026-03-23T03:45:28.008+0000] {logging_mixin.py:188} INFO - [2026-03-23T03:45:28.008+0000] {dag.py:3834} INFO - Setting next_dagrun for example_nested_branch_dag to 2026-03-22 00:00:00+00:00, run_after=2026-03-23 00:00:00+00:00
[2026-03-23T03:45:28.039+0000] {processor.py:183} INFO - Processing /home/airflow/.local/lib/python3.8/site-packages/airflow/example_dags/example_nested_branch_dag.py took 0.118 seconds
[2026-03-23T03:45:58.242+0000] {processor.py:161} INFO - Started process (PID=1012) to work on /home/airflow/.local/lib/python3.8/site-packages/airflow/example_dags/example_nested_branch_dag.py
[2026-03-23T03:45:58.243+0000] {processor.py:830} INFO - Processing file /home/airflow/.local/lib/python3.8/site-packages/airflow/example_dags/example_nested_branch_dag.py for tasks to queue
[2026-03-23T03:45:58.245+0000] {logging_mixin.py:188} INFO - [2026-03-23T03:45:58.245+0000] {dagbag.py:540} INFO - Filling up the DagBag from /home/airflow/.local/lib/python3.8/site-packages/airflow/example_dags/example_nested_branch_dag.py
[2026-03-23T03:45:58.255+0000] {processor.py:840} INFO - DAG(s) 'example_nested_branch_dag' retrieved from /home/airflow/.local/lib/python3.8/site-packages/airflow/example_dags/example_nested_branch_dag.py
[2026-03-23T03:45:58.281+0000] {logging_mixin.py:188} INFO - [2026-03-23T03:45:58.280+0000] {dag.py:3047} INFO - Sync 1 DAGs
[2026-03-23T03:45:58.303+0000] {logging_mixin.py:188} INFO - [2026-03-23T03:45:58.303+0000] {dag.py:3834} INFO - Setting next_dagrun for example_nested_branch_dag to 2026-03-22 00:00:00+00:00, run_after=2026-03-23 00:00:00+00:00
[2026-03-23T03:45:58.325+0000] {processor.py:183} INFO - Processing /home/airflow/.local/lib/python3.8/site-packages/airflow/example_dags/example_nested_branch_dag.py took 0.086 seconds
[2026-03-23T03:46:28.535+0000] {processor.py:161} INFO - Started process (PID=1067) to work on /home/airflow/.local/lib/python3.8/site-packages/airflow/example_dags/example_nested_branch_dag.py
[2026-03-23T03:46:28.536+0000] {processor.py:830} INFO - Processing file /home/airflow/.local/lib/python3.8/site-packages/airflow/example_dags/example_nested_branch_dag.py for tasks to queue
[2026-03-23T03:46:28.538+0000] {logging_mixin.py:188} INFO - [2026-03-23T03:46:28.538+0000] {dagbag.py:540} INFO - Filling up the DagBag from /home/airflow/.local/lib/python3.8/site-packages/airflow/example_dags/example_nested_branch_dag.py
[2026-03-23T03:46:28.547+0000] {processor.py:840} INFO - DAG(s) 'example_nested_branch_dag' retrieved from /home/airflow/.local/lib/python3.8/site-packages/airflow/example_dags/example_nested_branch_dag.py
[2026-03-23T03:46:28.570+0000] {logging_mixin.py:188} INFO - [2026-03-23T03:46:28.569+0000] {dag.py:3047} INFO - Sync 1 DAGs
[2026-03-23T03:46:28.596+0000] {logging_mixin.py:188} INFO - [2026-03-23T03:46:28.596+0000] {dag.py:3834} INFO - Setting next_dagrun for example_nested_branch_dag to 2026-03-22 00:00:00+00:00, run_after=2026-03-23 00:00:00+00:00
[2026-03-23T03:46:28.620+0000] {processor.py:183} INFO - Processing /home/airflow/.local/lib/python3.8/site-packages/airflow/example_dags/example_nested_branch_dag.py took 0.087 seconds
[2026-03-23T03:46:58.984+0000] {processor.py:161} INFO - Started process (PID=1122) to work on /home/airflow/.local/lib/python3.8/site-packages/airflow/example_dags/example_nested_branch_dag.py
[2026-03-23T03:46:58.985+0000] {processor.py:830} INFO - Processing file /home/airflow/.local/lib/python3.8/site-packages/airflow/example_dags/example_nested_branch_dag.py for tasks to queue
[2026-03-23T03:46:58.987+0000] {logging_mixin.py:188} INFO - [2026-03-23T03:46:58.987+0000] {dagbag.py:540} INFO - Filling up the DagBag from /home/airflow/.local/lib/python3.8/site-packages/airflow/example_dags/example_nested_branch_dag.py
[2026-03-23T03:46:58.997+0000] {processor.py:840} INFO - DAG(s) 'example_nested_branch_dag' retrieved from /home/airflow/.local/lib/python3.8/site-packages/airflow/example_dags/example_nested_branch_dag.py
[2026-03-23T03:46:59.020+0000] {logging_mixin.py:188} INFO - [2026-03-23T03:46:59.020+0000] {dag.py:3047} INFO - Sync 1 DAGs
[2026-03-23T03:46:59.043+0000] {logging_mixin.py:188} INFO - [2026-03-23T03:46:59.043+0000] {dag.py:3834} INFO - Setting next_dagrun for example_nested_branch_dag to 2026-03-22 00:00:00+00:00, run_after=2026-03-23 00:00:00+00:00
[2026-03-23T03:46:59.069+0000] {processor.py:183} INFO - Processing /home/airflow/.local/lib/python3.8/site-packages/airflow/example_dags/example_nested_branch_dag.py took 0.087 seconds
[2026-03-23T03:47:29.248+0000] {processor.py:161} INFO - Started process (PID=1177) to work on /home/airflow/.local/lib/python3.8/site-packages/airflow/example_dags/example_nested_branch_dag.py
[2026-03-23T03:47:29.249+0000] {processor.py:830} INFO - Processing file /home/airflow/.local/lib/python3.8/site-packages/airflow/example_dags/example_nested_branch_dag.py for tasks to queue
[2026-03-23T03:47:29.251+0000] {logging_mixin.py:188} INFO - [2026-03-23T03:47:29.251+0000] {dagbag.py:540} INFO - Filling up the DagBag from /home/airflow/.local/lib/python3.8/site-packages/airflow/example_dags/example_nested_branch_dag.py
[2026-03-23T03:47:29.261+0000] {processor.py:840} INFO - DAG(s) 'example_nested_branch_dag' retrieved from /home/airflow/.local/lib/python3.8/site-packages/airflow/example_dags/example_nested_branch_dag.py
[2026-03-23T03:47:29.285+0000] {logging_mixin.py:188} INFO - [2026-03-23T03:47:29.284+0000] {dag.py:3047} INFO - Sync 1 DAGs
[2026-03-23T03:47:29.307+0000] {logging_mixin.py:188} INFO - [2026-03-23T03:47:29.307+0000] {dag.py:3834} INFO - Setting next_dagrun for example_nested_branch_dag to 2026-03-22 00:00:00+00:00, run_after=2026-03-23 00:00:00+00:00
[2026-03-23T03:47:29.331+0000] {processor.py:183} INFO - Processing /home/airflow/.local/lib/python3.8/site-packages/airflow/example_dags/example_nested_branch_dag.py took 0.086 seconds
[2026-03-23T03:47:59.493+0000] {processor.py:161} INFO - Started process (PID=1232) to work on /home/airflow/.local/lib/python3.8/site-packages/airflow/example_dags/example_nested_branch_dag.py
[2026-03-23T03:47:59.494+0000] {processor.py:830} INFO - Processing file /home/airflow/.local/lib/python3.8/site-packages/airflow/example_dags/example_nested_branch_dag.py for tasks to queue
[2026-03-23T03:47:59.496+0000] {logging_mixin.py:188} INFO - [2026-03-23T03:47:59.496+0000] {dagbag.py:540} INFO - Filling up the DagBag from /home/airflow/.local/lib/python3.8/site-packages/airflow/example_dags/example_nested_branch_dag.py
[2026-03-23T03:47:59.505+0000] {processor.py:840} INFO - DAG(s) 'example_nested_branch_dag' retrieved from /home/airflow/.local/lib/python3.8/site-packages/airflow/example_dags/example_nested_branch_dag.py
[2026-03-23T03:47:59.527+0000] {logging_mixin.py:188} INFO - [2026-03-23T03:47:59.527+0000] {dag.py:3047} INFO - Sync 1 DAGs
[2026-03-23T03:47:59.552+0000] {logging_mixin.py:188} INFO - [2026-03-23T03:47:59.551+0000] {dag.py:3834} INFO - Setting next_dagrun for example_nested_branch_dag to 2026-03-22 00:00:00+00:00, run_after=2026-03-23 00:00:00+00:00
[2026-03-23T03:47:59.579+0000] {processor.py:183} INFO - Processing /home/airflow/.local/lib/python3.8/site-packages/airflow/example_dags/example_nested_branch_dag.py took 0.089 seconds
[2026-03-23T03:48:29.887+0000] {processor.py:161} INFO - Started process (PID=1287) to work on /home/airflow/.local/lib/python3.8/site-packages/airflow/example_dags/example_nested_branch_dag.py
[2026-03-23T03:48:29.889+0000] {processor.py:830} INFO - Processing file /home/airflow/.local/lib/python3.8/site-packages/airflow/example_dags/example_nested_branch_dag.py for tasks to queue
[2026-03-23T03:48:29.890+0000] {logging_mixin.py:188} INFO - [2026-03-23T03:48:29.890+0000] {dagbag.py:540} INFO - Filling up the DagBag from /home/airflow/.local/lib/python3.8/site-packages/airflow/example_dags/example_nested_branch_dag.py
[2026-03-23T03:48:29.899+0000] {processor.py:840} INFO - DAG(s) 'example_nested_branch_dag' retrieved from /home/airflow/.local/lib/python3.8/site-packages/airflow/example_dags/example_nested_branch_dag.py
[2026-03-23T03:48:29.921+0000] {logging_mixin.py:188} INFO - [2026-03-23T03:48:29.921+0000] {dag.py:3047} INFO - Sync 1 DAGs
[2026-03-23T03:48:29.945+0000] {logging_mixin.py:188} INFO - [2026-03-23T03:48:29.944+0000] {dag.py:3834} INFO - Setting next_dagrun for example_nested_branch_dag to 2026-03-22 00:00:00+00:00, run_after=2026-03-23 00:00:00+00:00
[2026-03-23T03:48:29.969+0000] {processor.py:183} INFO - Processing /home/airflow/.local/lib/python3.8/site-packages/airflow/example_dags/example_nested_branch_dag.py took 0.085 seconds
[2026-03-23T03:49:00.223+0000] {processor.py:161} INFO - Started process (PID=1342) to work on /home/airflow/.local/lib/python3.8/site-packages/airflow/example_dags/example_nested_branch_dag.py
[2026-03-23T03:49:00.225+0000] {processor.py:830} INFO - Processing file /home/airflow/.local/lib/python3.8/site-packages/airflow/example_dags/example_nested_branch_dag.py for tasks to queue
[2026-03-23T03:49:00.226+0000] {logging_mixin.py:188} INFO - [2026-03-23T03:49:00.226+0000] {dagbag.py:540} INFO - Filling up the DagBag from /home/airflow/.local/lib/python3.8/site-packages/airflow/example_dags/example_nested_branch_dag.py
[2026-03-23T03:49:00.238+0000] {processor.py:840} INFO - DAG(s) 'example_nested_branch_dag' retrieved from /home/airflow/.local/lib/python3.8/site-packages/airflow/example_dags/example_nested_branch_dag.py
[2026-03-23T03:49:00.264+0000] {logging_mixin.py:188} INFO - [2026-03-23T03:49:00.264+0000] {dag.py:3047} INFO - Sync 1 DAGs
[2026-03-23T03:49:00.292+0000] {logging_mixin.py:188} INFO - [2026-03-23T03:49:00.292+0000] {dag.py:3834} INFO - Setting next_dagrun for example_nested_branch_dag to 2026-03-22 00:00:00+00:00, run_after=2026-03-23 00:00:00+00:00
[2026-03-23T03:49:00.317+0000] {processor.py:183} INFO - Processing /home/airflow/.local/lib/python3.8/site-packages/airflow/example_dags/example_nested_branch_dag.py took 0.098 seconds
[2026-03-23T03:49:30.527+0000] {processor.py:161} INFO - Started process (PID=1397) to work on /home/airflow/.local/lib/python3.8/site-packages/airflow/example_dags/example_nested_branch_dag.py
[2026-03-23T03:49:30.528+0000] {processor.py:830} INFO - Processing file /home/airflow/.local/lib/python3.8/site-packages/airflow/example_dags/example_nested_branch_dag.py for tasks to queue
[2026-03-23T03:49:30.530+0000] {logging_mixin.py:188} INFO - [2026-03-23T03:49:30.530+0000] {dagbag.py:540} INFO - Filling up the DagBag from /home/airflow/.local/lib/python3.8/site-packages/airflow/example_dags/example_nested_branch_dag.py
[2026-03-23T03:49:30.544+0000] {processor.py:840} INFO - DAG(s) 'example_nested_branch_dag' retrieved from /home/airflow/.local/lib/python3.8/site-packages/airflow/example_dags/example_nested_branch_dag.py
[2026-03-23T03:49:30.575+0000] {logging_mixin.py:188} INFO - [2026-03-23T03:49:30.574+0000] {dag.py:3047} INFO - Sync 1 DAGs
[2026-03-23T03:49:30.605+0000] {logging_mixin.py:188} INFO - [2026-03-23T03:49:30.605+0000] {dag.py:3834} INFO - Setting next_dagrun for example_nested_branch_dag to 2026-03-22 00:00:00+00:00, run_after=2026-03-23 00:00:00+00:00
[2026-03-23T03:49:30.635+0000] {processor.py:183} INFO - Processing /home/airflow/.local/lib/python3.8/site-packages/airflow/example_dags/example_nested_branch_dag.py took 0.113 seconds
[2026-03-23T03:50:47.034+0000] {processor.py:161} INFO - Started process (PID=71) to work on /home/airflow/.local/lib/python3.8/site-packages/airflow/example_dags/example_nested_branch_dag.py
[2026-03-23T03:50:47.036+0000] {processor.py:830} INFO - Processing file /home/airflow/.local/lib/python3.8/site-packages/airflow/example_dags/example_nested_branch_dag.py for tasks to queue
[2026-03-23T03:50:47.039+0000] {logging_mixin.py:188} INFO - [2026-03-23T03:50:47.038+0000] {dagbag.py:540} INFO - Filling up the DagBag from /home/airflow/.local/lib/python3.8/site-packages/airflow/example_dags/example_nested_branch_dag.py
[2026-03-23T03:50:47.057+0000] {processor.py:840} INFO - DAG(s) 'example_nested_branch_dag' retrieved from /home/airflow/.local/lib/python3.8/site-packages/airflow/example_dags/example_nested_branch_dag.py
[2026-03-23T03:50:47.078+0000] {logging_mixin.py:188} INFO - [2026-03-23T03:50:47.077+0000] {dag.py:3047} INFO - Sync 1 DAGs
[2026-03-23T03:50:47.125+0000] {logging_mixin.py:188} INFO - [2026-03-23T03:50:47.125+0000] {dag.py:3834} INFO - Setting next_dagrun for example_nested_branch_dag to 2026-03-22 00:00:00+00:00, run_after=2026-03-23 00:00:00+00:00
[2026-03-23T03:50:47.158+0000] {processor.py:183} INFO - Processing /home/airflow/.local/lib/python3.8/site-packages/airflow/example_dags/example_nested_branch_dag.py took 0.129 seconds
[2026-03-23T03:51:18.174+0000] {processor.py:161} INFO - Started process (PID=132) to work on /home/airflow/.local/lib/python3.8/site-packages/airflow/example_dags/example_nested_branch_dag.py
[2026-03-23T03:51:18.176+0000] {processor.py:830} INFO - Processing file /home/airflow/.local/lib/python3.8/site-packages/airflow/example_dags/example_nested_branch_dag.py for tasks to queue
[2026-03-23T03:51:18.178+0000] {logging_mixin.py:188} INFO - [2026-03-23T03:51:18.177+0000] {dagbag.py:540} INFO - Filling up the DagBag from /home/airflow/.local/lib/python3.8/site-packages/airflow/example_dags/example_nested_branch_dag.py
[2026-03-23T03:51:18.188+0000] {processor.py:840} INFO - DAG(s) 'example_nested_branch_dag' retrieved from /home/airflow/.local/lib/python3.8/site-packages/airflow/example_dags/example_nested_branch_dag.py
[2026-03-23T03:51:18.311+0000] {logging_mixin.py:188} INFO - [2026-03-23T03:51:18.311+0000] {dag.py:3047} INFO - Sync 1 DAGs
[2026-03-23T03:51:18.342+0000] {logging_mixin.py:188} INFO - [2026-03-23T03:51:18.342+0000] {dag.py:3834} INFO - Setting next_dagrun for example_nested_branch_dag to 2026-03-22 00:00:00+00:00, run_after=2026-03-23 00:00:00+00:00
[2026-03-23T03:51:18.378+0000] {processor.py:183} INFO - Processing /home/airflow/.local/lib/python3.8/site-packages/airflow/example_dags/example_nested_branch_dag.py took 0.206 seconds
[2026-03-23T03:51:48.776+0000] {processor.py:161} INFO - Started process (PID=187) to work on /home/airflow/.local/lib/python3.8/site-packages/airflow/example_dags/example_nested_branch_dag.py
[2026-03-23T03:51:48.777+0000] {processor.py:830} INFO - Processing file /home/airflow/.local/lib/python3.8/site-packages/airflow/example_dags/example_nested_branch_dag.py for tasks to queue
[2026-03-23T03:51:48.780+0000] {logging_mixin.py:188} INFO - [2026-03-23T03:51:48.780+0000] {dagbag.py:540} INFO - Filling up the DagBag from /home/airflow/.local/lib/python3.8/site-packages/airflow/example_dags/example_nested_branch_dag.py
[2026-03-23T03:51:48.793+0000] {processor.py:840} INFO - DAG(s) 'example_nested_branch_dag' retrieved from /home/airflow/.local/lib/python3.8/site-packages/airflow/example_dags/example_nested_branch_dag.py
[2026-03-23T03:51:48.821+0000] {logging_mixin.py:188} INFO - [2026-03-23T03:51:48.820+0000] {dag.py:3047} INFO - Sync 1 DAGs
[2026-03-23T03:51:48.853+0000] {logging_mixin.py:188} INFO - [2026-03-23T03:51:48.852+0000] {dag.py:3834} INFO - Setting next_dagrun for example_nested_branch_dag to 2026-03-22 00:00:00+00:00, run_after=2026-03-23 00:00:00+00:00
[2026-03-23T03:51:48.886+0000] {processor.py:183} INFO - Processing /home/airflow/.local/lib/python3.8/site-packages/airflow/example_dags/example_nested_branch_dag.py took 0.113 seconds
[2026-03-23T03:52:19.186+0000] {processor.py:161} INFO - Started process (PID=242) to work on /home/airflow/.local/lib/python3.8/site-packages/airflow/example_dags/example_nested_branch_dag.py
[2026-03-23T03:52:19.187+0000] {processor.py:830} INFO - Processing file /home/airflow/.local/lib/python3.8/site-packages/airflow/example_dags/example_nested_branch_dag.py for tasks to queue
[2026-03-23T03:52:19.189+0000] {logging_mixin.py:188} INFO - [2026-03-23T03:52:19.189+0000] {dagbag.py:540} INFO - Filling up the DagBag from /home/airflow/.local/lib/python3.8/site-packages/airflow/example_dags/example_nested_branch_dag.py
[2026-03-23T03:52:19.199+0000] {processor.py:840} INFO - DAG(s) 'example_nested_branch_dag' retrieved from /home/airflow/.local/lib/python3.8/site-packages/airflow/example_dags/example_nested_branch_dag.py
[2026-03-23T03:52:19.225+0000] {logging_mixin.py:188} INFO - [2026-03-23T03:52:19.224+0000] {dag.py:3047} INFO - Sync 1 DAGs
[2026-03-23T03:52:19.252+0000] {logging_mixin.py:188} INFO - [2026-03-23T03:52:19.251+0000] {dag.py:3834} INFO - Setting next_dagrun for example_nested_branch_dag to 2026-03-22 00:00:00+00:00, run_after=2026-03-23 00:00:00+00:00
[2026-03-23T03:52:19.279+0000] {processor.py:183} INFO - Processing /home/airflow/.local/lib/python3.8/site-packages/airflow/example_dags/example_nested_branch_dag.py took 0.096 seconds
[2026-03-23T03:52:49.322+0000] {processor.py:161} INFO - Started process (PID=297) to work on /home/airflow/.local/lib/python3.8/site-packages/airflow/example_dags/example_nested_branch_dag.py
[2026-03-23T03:52:49.324+0000] {processor.py:830} INFO - Processing file /home/airflow/.local/lib/python3.8/site-packages/airflow/example_dags/example_nested_branch_dag.py for tasks to queue
[2026-03-23T03:52:49.326+0000] {logging_mixin.py:188} INFO - [2026-03-23T03:52:49.326+0000] {dagbag.py:540} INFO - Filling up the DagBag from /home/airflow/.local/lib/python3.8/site-packages/airflow/example_dags/example_nested_branch_dag.py
[2026-03-23T03:52:49.335+0000] {processor.py:840} INFO - DAG(s) 'example_nested_branch_dag' retrieved from /home/airflow/.local/lib/python3.8/site-packages/airflow/example_dags/example_nested_branch_dag.py
[2026-03-23T03:52:49.355+0000] {logging_mixin.py:188} INFO - [2026-03-23T03:52:49.355+0000] {dag.py:3047} INFO - Sync 1 DAGs
[2026-03-23T03:52:49.375+0000] {logging_mixin.py:188} INFO - [2026-03-23T03:52:49.375+0000] {dag.py:3834} INFO - Setting next_dagrun for example_nested_branch_dag to 2026-03-22 00:00:00+00:00, run_after=2026-03-23 00:00:00+00:00
[2026-03-23T03:52:49.396+0000] {processor.py:183} INFO - Processing /home/airflow/.local/lib/python3.8/site-packages/airflow/example_dags/example_nested_branch_dag.py took 0.076 seconds
[2026-03-23T03:53:19.705+0000] {processor.py:161} INFO - Started process (PID=352) to work on /home/airflow/.local/lib/python3.8/site-packages/airflow/example_dags/example_nested_branch_dag.py
[2026-03-23T03:53:19.706+0000] {processor.py:830} INFO - Processing file /home/airflow/.local/lib/python3.8/site-packages/airflow/example_dags/example_nested_branch_dag.py for tasks to queue
[2026-03-23T03:53:19.708+0000] {logging_mixin.py:188} INFO - [2026-03-23T03:53:19.708+0000] {dagbag.py:540} INFO - Filling up the DagBag from /home/airflow/.local/lib/python3.8/site-packages/airflow/example_dags/example_nested_branch_dag.py
[2026-03-23T03:53:19.718+0000] {processor.py:840} INFO - DAG(s) 'example_nested_branch_dag' retrieved from /home/airflow/.local/lib/python3.8/site-packages/airflow/example_dags/example_nested_branch_dag.py
[2026-03-23T03:53:19.742+0000] {logging_mixin.py:188} INFO - [2026-03-23T03:53:19.742+0000] {dag.py:3047} INFO - Sync 1 DAGs
[2026-03-23T03:53:19.772+0000] {logging_mixin.py:188} INFO - [2026-03-23T03:53:19.772+0000] {dag.py:3834} INFO - Setting next_dagrun for example_nested_branch_dag to 2026-03-22 00:00:00+00:00, run_after=2026-03-23 00:00:00+00:00
[2026-03-23T03:53:19.799+0000] {processor.py:183} INFO - Processing /home/airflow/.local/lib/python3.8/site-packages/airflow/example_dags/example_nested_branch_dag.py took 0.097 seconds
[2026-03-23T03:53:50.047+0000] {processor.py:161} INFO - Started process (PID=407) to work on /home/airflow/.local/lib/python3.8/site-packages/airflow/example_dags/example_nested_branch_dag.py
[2026-03-23T03:53:50.049+0000] {processor.py:830} INFO - Processing file /home/airflow/.local/lib/python3.8/site-packages/airflow/example_dags/example_nested_branch_dag.py for tasks to queue
[2026-03-23T03:53:50.051+0000] {logging_mixin.py:188} INFO - [2026-03-23T03:53:50.051+0000] {dagbag.py:540} INFO - Filling up the DagBag from /home/airflow/.local/lib/python3.8/site-packages/airflow/example_dags/example_nested_branch_dag.py
[2026-03-23T03:53:50.062+0000] {processor.py:840} INFO - DAG(s) 'example_nested_branch_dag' retrieved from /home/airflow/.local/lib/python3.8/site-packages/airflow/example_dags/example_nested_branch_dag.py
[2026-03-23T03:53:50.087+0000] {logging_mixin.py:188} INFO - [2026-03-23T03:53:50.086+0000] {dag.py:3047} INFO - Sync 1 DAGs
[2026-03-23T03:53:50.116+0000] {logging_mixin.py:188} INFO - [2026-03-23T03:53:50.116+0000] {dag.py:3834} INFO - Setting next_dagrun for example_nested_branch_dag to 2026-03-22 00:00:00+00:00, run_after=2026-03-23 00:00:00+00:00
[2026-03-23T03:53:50.141+0000] {processor.py:183} INFO - Processing /home/airflow/.local/lib/python3.8/site-packages/airflow/example_dags/example_nested_branch_dag.py took 0.098 seconds
[2026-03-23T03:54:20.692+0000] {processor.py:161} INFO - Started process (PID=462) to work on /home/airflow/.local/lib/python3.8/site-packages/airflow/example_dags/example_nested_branch_dag.py
[2026-03-23T03:54:20.693+0000] {processor.py:830} INFO - Processing file /home/airflow/.local/lib/python3.8/site-packages/airflow/example_dags/example_nested_branch_dag.py for tasks to queue
[2026-03-23T03:54:20.696+0000] {logging_mixin.py:188} INFO - [2026-03-23T03:54:20.695+0000] {dagbag.py:540} INFO - Filling up the DagBag from /home/airflow/.local/lib/python3.8/site-packages/airflow/example_dags/example_nested_branch_dag.py
[2026-03-23T03:54:20.706+0000] {processor.py:840} INFO - DAG(s) 'example_nested_branch_dag' retrieved from /home/airflow/.local/lib/python3.8/site-packages/airflow/example_dags/example_nested_branch_dag.py
[2026-03-23T03:54:20.732+0000] {logging_mixin.py:188} INFO - [2026-03-23T03:54:20.732+0000] {dag.py:3047} INFO - Sync 1 DAGs
[2026-03-23T03:54:20.756+0000] {logging_mixin.py:188} INFO - [2026-03-23T03:54:20.756+0000] {dag.py:3834} INFO - Setting next_dagrun for example_nested_branch_dag to 2026-03-22 00:00:00+00:00, run_after=2026-03-23 00:00:00+00:00
[2026-03-23T03:54:20.779+0000] {processor.py:183} INFO - Processing /home/airflow/.local/lib/python3.8/site-packages/airflow/example_dags/example_nested_branch_dag.py took 0.090 seconds
[2026-03-23T03:54:51.161+0000] {processor.py:161} INFO - Started process (PID=517) to work on /home/airflow/.local/lib/python3.8/site-packages/airflow/example_dags/example_nested_branch_dag.py
[2026-03-23T03:54:51.163+0000] {processor.py:830} INFO - Processing file /home/airflow/.local/lib/python3.8/site-packages/airflow/example_dags/example_nested_branch_dag.py for tasks to queue
[2026-03-23T03:54:51.165+0000] {logging_mixin.py:188} INFO - [2026-03-23T03:54:51.164+0000] {dagbag.py:540} INFO - Filling up the DagBag from /home/airflow/.local/lib/python3.8/site-packages/airflow/example_dags/example_nested_branch_dag.py
[2026-03-23T03:54:51.175+0000] {processor.py:840} INFO - DAG(s) 'example_nested_branch_dag' retrieved from /home/airflow/.local/lib/python3.8/site-packages/airflow/example_dags/example_nested_branch_dag.py
[2026-03-23T03:54:51.197+0000] {logging_mixin.py:188} INFO - [2026-03-23T03:54:51.197+0000] {dag.py:3047} INFO - Sync 1 DAGs
[2026-03-23T03:54:51.225+0000] {logging_mixin.py:188} INFO - [2026-03-23T03:54:51.225+0000] {dag.py:3834} INFO - Setting next_dagrun for example_nested_branch_dag to 2026-03-22 00:00:00+00:00, run_after=2026-03-23 00:00:00+00:00
[2026-03-23T03:54:51.249+0000] {processor.py:183} INFO - Processing /home/airflow/.local/lib/python3.8/site-packages/airflow/example_dags/example_nested_branch_dag.py took 0.092 seconds
[2026-03-23T03:55:21.358+0000] {processor.py:161} INFO - Started process (PID=572) to work on /home/airflow/.local/lib/python3.8/site-packages/airflow/example_dags/example_nested_branch_dag.py
[2026-03-23T03:55:21.360+0000] {processor.py:830} INFO - Processing file /home/airflow/.local/lib/python3.8/site-packages/airflow/example_dags/example_nested_branch_dag.py for tasks to queue
[2026-03-23T03:55:21.362+0000] {logging_mixin.py:188} INFO - [2026-03-23T03:55:21.361+0000] {dagbag.py:540} INFO - Filling up the DagBag from /home/airflow/.local/lib/python3.8/site-packages/airflow/example_dags/example_nested_branch_dag.py
[2026-03-23T03:55:21.375+0000] {processor.py:840} INFO - DAG(s) 'example_nested_branch_dag' retrieved from /home/airflow/.local/lib/python3.8/site-packages/airflow/example_dags/example_nested_branch_dag.py
[2026-03-23T03:55:21.402+0000] {logging_mixin.py:188} INFO - [2026-03-23T03:55:21.402+0000] {dag.py:3047} INFO - Sync 1 DAGs
[2026-03-23T03:55:21.430+0000] {logging_mixin.py:188} INFO - [2026-03-23T03:55:21.430+0000] {dag.py:3834} INFO - Setting next_dagrun for example_nested_branch_dag to 2026-03-22 00:00:00+00:00, run_after=2026-03-23 00:00:00+00:00
[2026-03-23T03:55:21.456+0000] {processor.py:183} INFO - Processing /home/airflow/.local/lib/python3.8/site-packages/airflow/example_dags/example_nested_branch_dag.py took 0.102 seconds
[2026-03-23T03:55:51.669+0000] {processor.py:161} INFO - Started process (PID=627) to work on /home/airflow/.local/lib/python3.8/site-packages/airflow/example_dags/example_nested_branch_dag.py
[2026-03-23T03:55:51.670+0000] {processor.py:830} INFO - Processing file /home/airflow/.local/lib/python3.8/site-packages/airflow/example_dags/example_nested_branch_dag.py for tasks to queue
[2026-03-23T03:55:51.672+0000] {logging_mixin.py:188} INFO - [2026-03-23T03:55:51.672+0000] {dagbag.py:540} INFO - Filling up the DagBag from /home/airflow/.local/lib/python3.8/site-packages/airflow/example_dags/example_nested_branch_dag.py
[2026-03-23T03:55:51.680+0000] {processor.py:840} INFO - DAG(s) 'example_nested_branch_dag' retrieved from /home/airflow/.local/lib/python3.8/site-packages/airflow/example_dags/example_nested_branch_dag.py
[2026-03-23T03:55:51.702+0000] {logging_mixin.py:188} INFO - [2026-03-23T03:55:51.702+0000] {dag.py:3047} INFO - Sync 1 DAGs
[2026-03-23T03:55:51.722+0000] {logging_mixin.py:188} INFO - [2026-03-23T03:55:51.722+0000] {dag.py:3834} INFO - Setting next_dagrun for example_nested_branch_dag to 2026-03-22 00:00:00+00:00, run_after=2026-03-23 00:00:00+00:00
[2026-03-23T03:55:51.742+0000] {processor.py:183} INFO - Processing /home/airflow/.local/lib/python3.8/site-packages/airflow/example_dags/example_nested_branch_dag.py took 0.076 seconds
[2026-03-23T03:56:21.944+0000] {processor.py:161} INFO - Started process (PID=682) to work on /home/airflow/.local/lib/python3.8/site-packages/airflow/example_dags/example_nested_branch_dag.py
[2026-03-23T03:56:21.945+0000] {processor.py:830} INFO - Processing file /home/airflow/.local/lib/python3.8/site-packages/airflow/example_dags/example_nested_branch_dag.py for tasks to queue
[2026-03-23T03:56:21.947+0000] {logging_mixin.py:188} INFO - [2026-03-23T03:56:21.947+0000] {dagbag.py:540} INFO - Filling up the DagBag from /home/airflow/.local/lib/python3.8/site-packages/airflow/example_dags/example_nested_branch_dag.py
[2026-03-23T03:56:21.957+0000] {processor.py:840} INFO - DAG(s) 'example_nested_branch_dag' retrieved from /home/airflow/.local/lib/python3.8/site-packages/airflow/example_dags/example_nested_branch_dag.py
[2026-03-23T03:56:21.983+0000] {logging_mixin.py:188} INFO - [2026-03-23T03:56:21.983+0000] {dag.py:3047} INFO - Sync 1 DAGs
[2026-03-23T03:56:22.010+0000] {logging_mixin.py:188} INFO - [2026-03-23T03:56:22.009+0000] {dag.py:3834} INFO - Setting next_dagrun for example_nested_branch_dag to 2026-03-22 00:00:00+00:00, run_after=2026-03-23 00:00:00+00:00
[2026-03-23T03:56:22.038+0000] {processor.py:183} INFO - Processing /home/airflow/.local/lib/python3.8/site-packages/airflow/example_dags/example_nested_branch_dag.py took 0.098 seconds
