[2026-03-23T03:21:15.968+0000] {processor.py:161} INFO - Started process (PID=92) to work on /home/airflow/.local/lib/python3.8/site-packages/airflow/example_dags/example_skip_dag.py
[2026-03-23T03:21:15.970+0000] {processor.py:830} INFO - Processing file /home/airflow/.local/lib/python3.8/site-packages/airflow/example_dags/example_skip_dag.py for tasks to queue
[2026-03-23T03:21:15.973+0000] {logging_mixin.py:188} INFO - [2026-03-23T03:21:15.972+0000] {dagbag.py:540} INFO - Filling up the DagBag from /home/airflow/.local/lib/python3.8/site-packages/airflow/example_dags/example_skip_dag.py
[2026-03-23T03:21:15.984+0000] {processor.py:840} INFO - DAG(s) 'example_skip_dag' retrieved from /home/airflow/.local/lib/python3.8/site-packages/airflow/example_dags/example_skip_dag.py
[2026-03-23T03:21:16.001+0000] {logging_mixin.py:188} INFO - [2026-03-23T03:21:16.001+0000] {dag.py:3047} INFO - Sync 1 DAGs
[2026-03-23T03:21:16.037+0000] {logging_mixin.py:188} INFO - [2026-03-23T03:21:16.036+0000] {dag.py:3834} INFO - Setting next_dagrun for example_skip_dag to 2026-03-22 00:00:00+00:00, run_after=2026-03-23 00:00:00+00:00
[2026-03-23T03:21:16.066+0000] {processor.py:183} INFO - Processing /home/airflow/.local/lib/python3.8/site-packages/airflow/example_dags/example_skip_dag.py took 0.102 seconds
[2026-03-23T03:21:46.874+0000] {processor.py:161} INFO - Started process (PID=147) to work on /home/airflow/.local/lib/python3.8/site-packages/airflow/example_dags/example_skip_dag.py
[2026-03-23T03:21:46.875+0000] {processor.py:830} INFO - Processing file /home/airflow/.local/lib/python3.8/site-packages/airflow/example_dags/example_skip_dag.py for tasks to queue
[2026-03-23T03:21:46.877+0000] {logging_mixin.py:188} INFO - [2026-03-23T03:21:46.877+0000] {dagbag.py:540} INFO - Filling up the DagBag from /home/airflow/.local/lib/python3.8/site-packages/airflow/example_dags/example_skip_dag.py
[2026-03-23T03:21:46.883+0000] {processor.py:840} INFO - DAG(s) 'example_skip_dag' retrieved from /home/airflow/.local/lib/python3.8/site-packages/airflow/example_dags/example_skip_dag.py
[2026-03-23T03:21:46.895+0000] {logging_mixin.py:188} INFO - [2026-03-23T03:21:46.895+0000] {dag.py:3047} INFO - Sync 1 DAGs
[2026-03-23T03:21:46.916+0000] {logging_mixin.py:188} INFO - [2026-03-23T03:21:46.916+0000] {dag.py:3834} INFO - Setting next_dagrun for example_skip_dag to 2026-03-22 00:00:00+00:00, run_after=2026-03-23 00:00:00+00:00
[2026-03-23T03:21:46.937+0000] {processor.py:183} INFO - Processing /home/airflow/.local/lib/python3.8/site-packages/airflow/example_dags/example_skip_dag.py took 0.066 seconds
[2026-03-23T03:22:18.105+0000] {processor.py:161} INFO - Started process (PID=208) to work on /home/airflow/.local/lib/python3.8/site-packages/airflow/example_dags/example_skip_dag.py
[2026-03-23T03:22:18.106+0000] {processor.py:830} INFO - Processing file /home/airflow/.local/lib/python3.8/site-packages/airflow/example_dags/example_skip_dag.py for tasks to queue
[2026-03-23T03:22:18.107+0000] {logging_mixin.py:188} INFO - [2026-03-23T03:22:18.107+0000] {dagbag.py:540} INFO - Filling up the DagBag from /home/airflow/.local/lib/python3.8/site-packages/airflow/example_dags/example_skip_dag.py
[2026-03-23T03:22:18.113+0000] {processor.py:840} INFO - DAG(s) 'example_skip_dag' retrieved from /home/airflow/.local/lib/python3.8/site-packages/airflow/example_dags/example_skip_dag.py
[2026-03-23T03:22:18.204+0000] {logging_mixin.py:188} INFO - [2026-03-23T03:22:18.204+0000] {dag.py:3047} INFO - Sync 1 DAGs
[2026-03-23T03:22:18.224+0000] {logging_mixin.py:188} INFO - [2026-03-23T03:22:18.224+0000] {dag.py:3834} INFO - Setting next_dagrun for example_skip_dag to 2026-03-22 00:00:00+00:00, run_after=2026-03-23 00:00:00+00:00
[2026-03-23T03:22:18.244+0000] {processor.py:183} INFO - Processing /home/airflow/.local/lib/python3.8/site-packages/airflow/example_dags/example_skip_dag.py took 0.142 seconds
[2026-03-23T03:22:48.552+0000] {processor.py:161} INFO - Started process (PID=263) to work on /home/airflow/.local/lib/python3.8/site-packages/airflow/example_dags/example_skip_dag.py
[2026-03-23T03:22:48.553+0000] {processor.py:830} INFO - Processing file /home/airflow/.local/lib/python3.8/site-packages/airflow/example_dags/example_skip_dag.py for tasks to queue
[2026-03-23T03:22:48.554+0000] {logging_mixin.py:188} INFO - [2026-03-23T03:22:48.554+0000] {dagbag.py:540} INFO - Filling up the DagBag from /home/airflow/.local/lib/python3.8/site-packages/airflow/example_dags/example_skip_dag.py
[2026-03-23T03:22:48.562+0000] {processor.py:840} INFO - DAG(s) 'example_skip_dag' retrieved from /home/airflow/.local/lib/python3.8/site-packages/airflow/example_dags/example_skip_dag.py
[2026-03-23T03:22:48.583+0000] {logging_mixin.py:188} INFO - [2026-03-23T03:22:48.582+0000] {dag.py:3047} INFO - Sync 1 DAGs
[2026-03-23T03:22:48.602+0000] {logging_mixin.py:188} INFO - [2026-03-23T03:22:48.601+0000] {dag.py:3834} INFO - Setting next_dagrun for example_skip_dag to 2026-03-22 00:00:00+00:00, run_after=2026-03-23 00:00:00+00:00
[2026-03-23T03:22:48.624+0000] {processor.py:183} INFO - Processing /home/airflow/.local/lib/python3.8/site-packages/airflow/example_dags/example_skip_dag.py took 0.075 seconds
[2026-03-23T03:23:19.582+0000] {processor.py:161} INFO - Started process (PID=318) to work on /home/airflow/.local/lib/python3.8/site-packages/airflow/example_dags/example_skip_dag.py
[2026-03-23T03:23:19.583+0000] {processor.py:830} INFO - Processing file /home/airflow/.local/lib/python3.8/site-packages/airflow/example_dags/example_skip_dag.py for tasks to queue
[2026-03-23T03:23:19.585+0000] {logging_mixin.py:188} INFO - [2026-03-23T03:23:19.584+0000] {dagbag.py:540} INFO - Filling up the DagBag from /home/airflow/.local/lib/python3.8/site-packages/airflow/example_dags/example_skip_dag.py
[2026-03-23T03:23:19.590+0000] {processor.py:840} INFO - DAG(s) 'example_skip_dag' retrieved from /home/airflow/.local/lib/python3.8/site-packages/airflow/example_dags/example_skip_dag.py
[2026-03-23T03:23:19.611+0000] {logging_mixin.py:188} INFO - [2026-03-23T03:23:19.610+0000] {dag.py:3047} INFO - Sync 1 DAGs
[2026-03-23T03:23:19.631+0000] {logging_mixin.py:188} INFO - [2026-03-23T03:23:19.631+0000] {dag.py:3834} INFO - Setting next_dagrun for example_skip_dag to 2026-03-22 00:00:00+00:00, run_after=2026-03-23 00:00:00+00:00
[2026-03-23T03:23:19.652+0000] {processor.py:183} INFO - Processing /home/airflow/.local/lib/python3.8/site-packages/airflow/example_dags/example_skip_dag.py took 0.073 seconds
[2026-03-23T03:25:10.268+0000] {processor.py:161} INFO - Started process (PID=92) to work on /home/airflow/.local/lib/python3.8/site-packages/airflow/example_dags/example_skip_dag.py
[2026-03-23T03:25:10.269+0000] {processor.py:830} INFO - Processing file /home/airflow/.local/lib/python3.8/site-packages/airflow/example_dags/example_skip_dag.py for tasks to queue
[2026-03-23T03:25:10.272+0000] {logging_mixin.py:188} INFO - [2026-03-23T03:25:10.271+0000] {dagbag.py:540} INFO - Filling up the DagBag from /home/airflow/.local/lib/python3.8/site-packages/airflow/example_dags/example_skip_dag.py
[2026-03-23T03:25:10.280+0000] {processor.py:840} INFO - DAG(s) 'example_skip_dag' retrieved from /home/airflow/.local/lib/python3.8/site-packages/airflow/example_dags/example_skip_dag.py
[2026-03-23T03:25:10.297+0000] {logging_mixin.py:188} INFO - [2026-03-23T03:25:10.297+0000] {dag.py:3047} INFO - Sync 1 DAGs
[2026-03-23T03:25:10.330+0000] {logging_mixin.py:188} INFO - [2026-03-23T03:25:10.330+0000] {dag.py:3834} INFO - Setting next_dagrun for example_skip_dag to 2026-03-22 00:00:00+00:00, run_after=2026-03-23 00:00:00+00:00
[2026-03-23T03:25:10.366+0000] {processor.py:183} INFO - Processing /home/airflow/.local/lib/python3.8/site-packages/airflow/example_dags/example_skip_dag.py took 0.101 seconds
[2026-03-23T03:25:42.263+0000] {processor.py:161} INFO - Started process (PID=153) to work on /home/airflow/.local/lib/python3.8/site-packages/airflow/example_dags/example_skip_dag.py
[2026-03-23T03:25:42.264+0000] {processor.py:830} INFO - Processing file /home/airflow/.local/lib/python3.8/site-packages/airflow/example_dags/example_skip_dag.py for tasks to queue
[2026-03-23T03:25:42.266+0000] {logging_mixin.py:188} INFO - [2026-03-23T03:25:42.266+0000] {dagbag.py:540} INFO - Filling up the DagBag from /home/airflow/.local/lib/python3.8/site-packages/airflow/example_dags/example_skip_dag.py
[2026-03-23T03:25:42.276+0000] {processor.py:840} INFO - DAG(s) 'example_skip_dag' retrieved from /home/airflow/.local/lib/python3.8/site-packages/airflow/example_dags/example_skip_dag.py
[2026-03-23T03:25:42.416+0000] {logging_mixin.py:188} INFO - [2026-03-23T03:25:42.415+0000] {dag.py:3047} INFO - Sync 1 DAGs
[2026-03-23T03:25:42.442+0000] {logging_mixin.py:188} INFO - [2026-03-23T03:25:42.442+0000] {dag.py:3834} INFO - Setting next_dagrun for example_skip_dag to 2026-03-22 00:00:00+00:00, run_after=2026-03-23 00:00:00+00:00
[2026-03-23T03:25:42.470+0000] {processor.py:183} INFO - Processing /home/airflow/.local/lib/python3.8/site-packages/airflow/example_dags/example_skip_dag.py took 0.211 seconds
[2026-03-23T03:26:13.066+0000] {processor.py:161} INFO - Started process (PID=208) to work on /home/airflow/.local/lib/python3.8/site-packages/airflow/example_dags/example_skip_dag.py
[2026-03-23T03:26:13.067+0000] {processor.py:830} INFO - Processing file /home/airflow/.local/lib/python3.8/site-packages/airflow/example_dags/example_skip_dag.py for tasks to queue
[2026-03-23T03:26:13.069+0000] {logging_mixin.py:188} INFO - [2026-03-23T03:26:13.068+0000] {dagbag.py:540} INFO - Filling up the DagBag from /home/airflow/.local/lib/python3.8/site-packages/airflow/example_dags/example_skip_dag.py
[2026-03-23T03:26:13.075+0000] {processor.py:840} INFO - DAG(s) 'example_skip_dag' retrieved from /home/airflow/.local/lib/python3.8/site-packages/airflow/example_dags/example_skip_dag.py
[2026-03-23T03:26:13.097+0000] {logging_mixin.py:188} INFO - [2026-03-23T03:26:13.096+0000] {dag.py:3047} INFO - Sync 1 DAGs
[2026-03-23T03:26:13.118+0000] {logging_mixin.py:188} INFO - [2026-03-23T03:26:13.117+0000] {dag.py:3834} INFO - Setting next_dagrun for example_skip_dag to 2026-03-22 00:00:00+00:00, run_after=2026-03-23 00:00:00+00:00
[2026-03-23T03:26:13.139+0000] {processor.py:183} INFO - Processing /home/airflow/.local/lib/python3.8/site-packages/airflow/example_dags/example_skip_dag.py took 0.076 seconds
[2026-03-23T03:26:44.036+0000] {processor.py:161} INFO - Started process (PID=263) to work on /home/airflow/.local/lib/python3.8/site-packages/airflow/example_dags/example_skip_dag.py
[2026-03-23T03:26:44.038+0000] {processor.py:830} INFO - Processing file /home/airflow/.local/lib/python3.8/site-packages/airflow/example_dags/example_skip_dag.py for tasks to queue
[2026-03-23T03:26:44.039+0000] {logging_mixin.py:188} INFO - [2026-03-23T03:26:44.039+0000] {dagbag.py:540} INFO - Filling up the DagBag from /home/airflow/.local/lib/python3.8/site-packages/airflow/example_dags/example_skip_dag.py
[2026-03-23T03:26:44.046+0000] {processor.py:840} INFO - DAG(s) 'example_skip_dag' retrieved from /home/airflow/.local/lib/python3.8/site-packages/airflow/example_dags/example_skip_dag.py
[2026-03-23T03:26:44.069+0000] {logging_mixin.py:188} INFO - [2026-03-23T03:26:44.068+0000] {dag.py:3047} INFO - Sync 1 DAGs
[2026-03-23T03:26:44.093+0000] {logging_mixin.py:188} INFO - [2026-03-23T03:26:44.093+0000] {dag.py:3834} INFO - Setting next_dagrun for example_skip_dag to 2026-03-22 00:00:00+00:00, run_after=2026-03-23 00:00:00+00:00
[2026-03-23T03:26:44.118+0000] {processor.py:183} INFO - Processing /home/airflow/.local/lib/python3.8/site-packages/airflow/example_dags/example_skip_dag.py took 0.086 seconds
[2026-03-23T03:27:14.350+0000] {processor.py:161} INFO - Started process (PID=318) to work on /home/airflow/.local/lib/python3.8/site-packages/airflow/example_dags/example_skip_dag.py
[2026-03-23T03:27:14.351+0000] {processor.py:830} INFO - Processing file /home/airflow/.local/lib/python3.8/site-packages/airflow/example_dags/example_skip_dag.py for tasks to queue
[2026-03-23T03:27:14.353+0000] {logging_mixin.py:188} INFO - [2026-03-23T03:27:14.352+0000] {dagbag.py:540} INFO - Filling up the DagBag from /home/airflow/.local/lib/python3.8/site-packages/airflow/example_dags/example_skip_dag.py
[2026-03-23T03:27:14.358+0000] {processor.py:840} INFO - DAG(s) 'example_skip_dag' retrieved from /home/airflow/.local/lib/python3.8/site-packages/airflow/example_dags/example_skip_dag.py
[2026-03-23T03:27:14.379+0000] {logging_mixin.py:188} INFO - [2026-03-23T03:27:14.379+0000] {dag.py:3047} INFO - Sync 1 DAGs
[2026-03-23T03:27:14.399+0000] {logging_mixin.py:188} INFO - [2026-03-23T03:27:14.399+0000] {dag.py:3834} INFO - Setting next_dagrun for example_skip_dag to 2026-03-22 00:00:00+00:00, run_after=2026-03-23 00:00:00+00:00
[2026-03-23T03:27:14.420+0000] {processor.py:183} INFO - Processing /home/airflow/.local/lib/python3.8/site-packages/airflow/example_dags/example_skip_dag.py took 0.073 seconds
[2026-03-23T03:27:44.603+0000] {processor.py:161} INFO - Started process (PID=373) to work on /home/airflow/.local/lib/python3.8/site-packages/airflow/example_dags/example_skip_dag.py
[2026-03-23T03:27:44.604+0000] {processor.py:830} INFO - Processing file /home/airflow/.local/lib/python3.8/site-packages/airflow/example_dags/example_skip_dag.py for tasks to queue
[2026-03-23T03:27:44.606+0000] {logging_mixin.py:188} INFO - [2026-03-23T03:27:44.605+0000] {dagbag.py:540} INFO - Filling up the DagBag from /home/airflow/.local/lib/python3.8/site-packages/airflow/example_dags/example_skip_dag.py
[2026-03-23T03:27:44.612+0000] {processor.py:840} INFO - DAG(s) 'example_skip_dag' retrieved from /home/airflow/.local/lib/python3.8/site-packages/airflow/example_dags/example_skip_dag.py
[2026-03-23T03:27:44.635+0000] {logging_mixin.py:188} INFO - [2026-03-23T03:27:44.634+0000] {dag.py:3047} INFO - Sync 1 DAGs
[2026-03-23T03:27:44.660+0000] {logging_mixin.py:188} INFO - [2026-03-23T03:27:44.660+0000] {dag.py:3834} INFO - Setting next_dagrun for example_skip_dag to 2026-03-22 00:00:00+00:00, run_after=2026-03-23 00:00:00+00:00
[2026-03-23T03:27:44.684+0000] {processor.py:183} INFO - Processing /home/airflow/.local/lib/python3.8/site-packages/airflow/example_dags/example_skip_dag.py took 0.084 seconds
[2026-03-23T03:28:14.962+0000] {processor.py:161} INFO - Started process (PID=428) to work on /home/airflow/.local/lib/python3.8/site-packages/airflow/example_dags/example_skip_dag.py
[2026-03-23T03:28:14.964+0000] {processor.py:830} INFO - Processing file /home/airflow/.local/lib/python3.8/site-packages/airflow/example_dags/example_skip_dag.py for tasks to queue
[2026-03-23T03:28:14.966+0000] {logging_mixin.py:188} INFO - [2026-03-23T03:28:14.966+0000] {dagbag.py:540} INFO - Filling up the DagBag from /home/airflow/.local/lib/python3.8/site-packages/airflow/example_dags/example_skip_dag.py
[2026-03-23T03:28:14.972+0000] {processor.py:840} INFO - DAG(s) 'example_skip_dag' retrieved from /home/airflow/.local/lib/python3.8/site-packages/airflow/example_dags/example_skip_dag.py
[2026-03-23T03:28:14.997+0000] {logging_mixin.py:188} INFO - [2026-03-23T03:28:14.997+0000] {dag.py:3047} INFO - Sync 1 DAGs
[2026-03-23T03:28:15.018+0000] {logging_mixin.py:188} INFO - [2026-03-23T03:28:15.018+0000] {dag.py:3834} INFO - Setting next_dagrun for example_skip_dag to 2026-03-22 00:00:00+00:00, run_after=2026-03-23 00:00:00+00:00
[2026-03-23T03:28:15.036+0000] {processor.py:183} INFO - Processing /home/airflow/.local/lib/python3.8/site-packages/airflow/example_dags/example_skip_dag.py took 0.077 seconds
[2026-03-23T03:28:45.315+0000] {processor.py:161} INFO - Started process (PID=483) to work on /home/airflow/.local/lib/python3.8/site-packages/airflow/example_dags/example_skip_dag.py
[2026-03-23T03:28:45.316+0000] {processor.py:830} INFO - Processing file /home/airflow/.local/lib/python3.8/site-packages/airflow/example_dags/example_skip_dag.py for tasks to queue
[2026-03-23T03:28:45.318+0000] {logging_mixin.py:188} INFO - [2026-03-23T03:28:45.317+0000] {dagbag.py:540} INFO - Filling up the DagBag from /home/airflow/.local/lib/python3.8/site-packages/airflow/example_dags/example_skip_dag.py
[2026-03-23T03:28:45.324+0000] {processor.py:840} INFO - DAG(s) 'example_skip_dag' retrieved from /home/airflow/.local/lib/python3.8/site-packages/airflow/example_dags/example_skip_dag.py
[2026-03-23T03:28:45.345+0000] {logging_mixin.py:188} INFO - [2026-03-23T03:28:45.345+0000] {dag.py:3047} INFO - Sync 1 DAGs
[2026-03-23T03:28:45.367+0000] {logging_mixin.py:188} INFO - [2026-03-23T03:28:45.366+0000] {dag.py:3834} INFO - Setting next_dagrun for example_skip_dag to 2026-03-22 00:00:00+00:00, run_after=2026-03-23 00:00:00+00:00
[2026-03-23T03:28:45.388+0000] {processor.py:183} INFO - Processing /home/airflow/.local/lib/python3.8/site-packages/airflow/example_dags/example_skip_dag.py took 0.076 seconds
[2026-03-23T03:29:15.923+0000] {processor.py:161} INFO - Started process (PID=538) to work on /home/airflow/.local/lib/python3.8/site-packages/airflow/example_dags/example_skip_dag.py
[2026-03-23T03:29:15.924+0000] {processor.py:830} INFO - Processing file /home/airflow/.local/lib/python3.8/site-packages/airflow/example_dags/example_skip_dag.py for tasks to queue
[2026-03-23T03:29:15.926+0000] {logging_mixin.py:188} INFO - [2026-03-23T03:29:15.926+0000] {dagbag.py:540} INFO - Filling up the DagBag from /home/airflow/.local/lib/python3.8/site-packages/airflow/example_dags/example_skip_dag.py
[2026-03-23T03:29:15.933+0000] {processor.py:840} INFO - DAG(s) 'example_skip_dag' retrieved from /home/airflow/.local/lib/python3.8/site-packages/airflow/example_dags/example_skip_dag.py
[2026-03-23T03:29:15.960+0000] {logging_mixin.py:188} INFO - [2026-03-23T03:29:15.960+0000] {dag.py:3047} INFO - Sync 1 DAGs
[2026-03-23T03:29:15.983+0000] {logging_mixin.py:188} INFO - [2026-03-23T03:29:15.982+0000] {dag.py:3834} INFO - Setting next_dagrun for example_skip_dag to 2026-03-22 00:00:00+00:00, run_after=2026-03-23 00:00:00+00:00
[2026-03-23T03:29:16.003+0000] {processor.py:183} INFO - Processing /home/airflow/.local/lib/python3.8/site-packages/airflow/example_dags/example_skip_dag.py took 0.083 seconds
[2026-03-23T03:29:46.184+0000] {processor.py:161} INFO - Started process (PID=593) to work on /home/airflow/.local/lib/python3.8/site-packages/airflow/example_dags/example_skip_dag.py
[2026-03-23T03:29:46.185+0000] {processor.py:830} INFO - Processing file /home/airflow/.local/lib/python3.8/site-packages/airflow/example_dags/example_skip_dag.py for tasks to queue
[2026-03-23T03:29:46.186+0000] {logging_mixin.py:188} INFO - [2026-03-23T03:29:46.186+0000] {dagbag.py:540} INFO - Filling up the DagBag from /home/airflow/.local/lib/python3.8/site-packages/airflow/example_dags/example_skip_dag.py
[2026-03-23T03:29:46.192+0000] {processor.py:840} INFO - DAG(s) 'example_skip_dag' retrieved from /home/airflow/.local/lib/python3.8/site-packages/airflow/example_dags/example_skip_dag.py
[2026-03-23T03:29:46.211+0000] {logging_mixin.py:188} INFO - [2026-03-23T03:29:46.211+0000] {dag.py:3047} INFO - Sync 1 DAGs
[2026-03-23T03:29:46.232+0000] {logging_mixin.py:188} INFO - [2026-03-23T03:29:46.231+0000] {dag.py:3834} INFO - Setting next_dagrun for example_skip_dag to 2026-03-22 00:00:00+00:00, run_after=2026-03-23 00:00:00+00:00
[2026-03-23T03:29:46.251+0000] {processor.py:183} INFO - Processing /home/airflow/.local/lib/python3.8/site-packages/airflow/example_dags/example_skip_dag.py took 0.070 seconds
[2026-03-23T03:30:16.528+0000] {processor.py:161} INFO - Started process (PID=648) to work on /home/airflow/.local/lib/python3.8/site-packages/airflow/example_dags/example_skip_dag.py
[2026-03-23T03:30:16.529+0000] {processor.py:830} INFO - Processing file /home/airflow/.local/lib/python3.8/site-packages/airflow/example_dags/example_skip_dag.py for tasks to queue
[2026-03-23T03:30:16.531+0000] {logging_mixin.py:188} INFO - [2026-03-23T03:30:16.531+0000] {dagbag.py:540} INFO - Filling up the DagBag from /home/airflow/.local/lib/python3.8/site-packages/airflow/example_dags/example_skip_dag.py
[2026-03-23T03:30:16.537+0000] {processor.py:840} INFO - DAG(s) 'example_skip_dag' retrieved from /home/airflow/.local/lib/python3.8/site-packages/airflow/example_dags/example_skip_dag.py
[2026-03-23T03:30:16.561+0000] {logging_mixin.py:188} INFO - [2026-03-23T03:30:16.561+0000] {dag.py:3047} INFO - Sync 1 DAGs
[2026-03-23T03:30:16.585+0000] {logging_mixin.py:188} INFO - [2026-03-23T03:30:16.585+0000] {dag.py:3834} INFO - Setting next_dagrun for example_skip_dag to 2026-03-22 00:00:00+00:00, run_after=2026-03-23 00:00:00+00:00
[2026-03-23T03:30:16.611+0000] {processor.py:183} INFO - Processing /home/airflow/.local/lib/python3.8/site-packages/airflow/example_dags/example_skip_dag.py took 0.087 seconds
[2026-03-23T03:30:47.615+0000] {processor.py:161} INFO - Started process (PID=703) to work on /home/airflow/.local/lib/python3.8/site-packages/airflow/example_dags/example_skip_dag.py
[2026-03-23T03:30:47.617+0000] {processor.py:830} INFO - Processing file /home/airflow/.local/lib/python3.8/site-packages/airflow/example_dags/example_skip_dag.py for tasks to queue
[2026-03-23T03:30:47.619+0000] {logging_mixin.py:188} INFO - [2026-03-23T03:30:47.619+0000] {dagbag.py:540} INFO - Filling up the DagBag from /home/airflow/.local/lib/python3.8/site-packages/airflow/example_dags/example_skip_dag.py
[2026-03-23T03:30:47.626+0000] {processor.py:840} INFO - DAG(s) 'example_skip_dag' retrieved from /home/airflow/.local/lib/python3.8/site-packages/airflow/example_dags/example_skip_dag.py
[2026-03-23T03:30:47.654+0000] {logging_mixin.py:188} INFO - [2026-03-23T03:30:47.654+0000] {dag.py:3047} INFO - Sync 1 DAGs
[2026-03-23T03:30:47.685+0000] {logging_mixin.py:188} INFO - [2026-03-23T03:30:47.684+0000] {dag.py:3834} INFO - Setting next_dagrun for example_skip_dag to 2026-03-22 00:00:00+00:00, run_after=2026-03-23 00:00:00+00:00
[2026-03-23T03:30:47.710+0000] {processor.py:183} INFO - Processing /home/airflow/.local/lib/python3.8/site-packages/airflow/example_dags/example_skip_dag.py took 0.098 seconds
[2026-03-23T03:31:17.794+0000] {processor.py:161} INFO - Started process (PID=758) to work on /home/airflow/.local/lib/python3.8/site-packages/airflow/example_dags/example_skip_dag.py
[2026-03-23T03:31:17.795+0000] {processor.py:830} INFO - Processing file /home/airflow/.local/lib/python3.8/site-packages/airflow/example_dags/example_skip_dag.py for tasks to queue
[2026-03-23T03:31:17.797+0000] {logging_mixin.py:188} INFO - [2026-03-23T03:31:17.797+0000] {dagbag.py:540} INFO - Filling up the DagBag from /home/airflow/.local/lib/python3.8/site-packages/airflow/example_dags/example_skip_dag.py
[2026-03-23T03:31:17.803+0000] {processor.py:840} INFO - DAG(s) 'example_skip_dag' retrieved from /home/airflow/.local/lib/python3.8/site-packages/airflow/example_dags/example_skip_dag.py
[2026-03-23T03:31:17.827+0000] {logging_mixin.py:188} INFO - [2026-03-23T03:31:17.827+0000] {dag.py:3047} INFO - Sync 1 DAGs
[2026-03-23T03:31:17.848+0000] {logging_mixin.py:188} INFO - [2026-03-23T03:31:17.848+0000] {dag.py:3834} INFO - Setting next_dagrun for example_skip_dag to 2026-03-22 00:00:00+00:00, run_after=2026-03-23 00:00:00+00:00
[2026-03-23T03:31:17.872+0000] {processor.py:183} INFO - Processing /home/airflow/.local/lib/python3.8/site-packages/airflow/example_dags/example_skip_dag.py took 0.081 seconds
[2026-03-23T03:31:48.417+0000] {processor.py:161} INFO - Started process (PID=813) to work on /home/airflow/.local/lib/python3.8/site-packages/airflow/example_dags/example_skip_dag.py
[2026-03-23T03:31:48.418+0000] {processor.py:830} INFO - Processing file /home/airflow/.local/lib/python3.8/site-packages/airflow/example_dags/example_skip_dag.py for tasks to queue
[2026-03-23T03:31:48.420+0000] {logging_mixin.py:188} INFO - [2026-03-23T03:31:48.420+0000] {dagbag.py:540} INFO - Filling up the DagBag from /home/airflow/.local/lib/python3.8/site-packages/airflow/example_dags/example_skip_dag.py
[2026-03-23T03:31:48.426+0000] {processor.py:840} INFO - DAG(s) 'example_skip_dag' retrieved from /home/airflow/.local/lib/python3.8/site-packages/airflow/example_dags/example_skip_dag.py
[2026-03-23T03:31:48.449+0000] {logging_mixin.py:188} INFO - [2026-03-23T03:31:48.449+0000] {dag.py:3047} INFO - Sync 1 DAGs
[2026-03-23T03:31:48.476+0000] {logging_mixin.py:188} INFO - [2026-03-23T03:31:48.476+0000] {dag.py:3834} INFO - Setting next_dagrun for example_skip_dag to 2026-03-22 00:00:00+00:00, run_after=2026-03-23 00:00:00+00:00
[2026-03-23T03:31:48.503+0000] {processor.py:183} INFO - Processing /home/airflow/.local/lib/python3.8/site-packages/airflow/example_dags/example_skip_dag.py took 0.089 seconds
[2026-03-23T03:32:19.184+0000] {processor.py:161} INFO - Started process (PID=868) to work on /home/airflow/.local/lib/python3.8/site-packages/airflow/example_dags/example_skip_dag.py
[2026-03-23T03:32:19.185+0000] {processor.py:830} INFO - Processing file /home/airflow/.local/lib/python3.8/site-packages/airflow/example_dags/example_skip_dag.py for tasks to queue
[2026-03-23T03:32:19.187+0000] {logging_mixin.py:188} INFO - [2026-03-23T03:32:19.187+0000] {dagbag.py:540} INFO - Filling up the DagBag from /home/airflow/.local/lib/python3.8/site-packages/airflow/example_dags/example_skip_dag.py
[2026-03-23T03:32:19.193+0000] {processor.py:840} INFO - DAG(s) 'example_skip_dag' retrieved from /home/airflow/.local/lib/python3.8/site-packages/airflow/example_dags/example_skip_dag.py
[2026-03-23T03:32:19.217+0000] {logging_mixin.py:188} INFO - [2026-03-23T03:32:19.217+0000] {dag.py:3047} INFO - Sync 1 DAGs
[2026-03-23T03:32:19.243+0000] {logging_mixin.py:188} INFO - [2026-03-23T03:32:19.243+0000] {dag.py:3834} INFO - Setting next_dagrun for example_skip_dag to 2026-03-22 00:00:00+00:00, run_after=2026-03-23 00:00:00+00:00
[2026-03-23T03:32:19.267+0000] {processor.py:183} INFO - Processing /home/airflow/.local/lib/python3.8/site-packages/airflow/example_dags/example_skip_dag.py took 0.086 seconds
[2026-03-23T03:32:50.237+0000] {processor.py:161} INFO - Started process (PID=923) to work on /home/airflow/.local/lib/python3.8/site-packages/airflow/example_dags/example_skip_dag.py
[2026-03-23T03:32:50.239+0000] {processor.py:830} INFO - Processing file /home/airflow/.local/lib/python3.8/site-packages/airflow/example_dags/example_skip_dag.py for tasks to queue
[2026-03-23T03:32:50.241+0000] {logging_mixin.py:188} INFO - [2026-03-23T03:32:50.240+0000] {dagbag.py:540} INFO - Filling up the DagBag from /home/airflow/.local/lib/python3.8/site-packages/airflow/example_dags/example_skip_dag.py
[2026-03-23T03:32:50.247+0000] {processor.py:840} INFO - DAG(s) 'example_skip_dag' retrieved from /home/airflow/.local/lib/python3.8/site-packages/airflow/example_dags/example_skip_dag.py
[2026-03-23T03:32:50.271+0000] {logging_mixin.py:188} INFO - [2026-03-23T03:32:50.271+0000] {dag.py:3047} INFO - Sync 1 DAGs
[2026-03-23T03:32:50.295+0000] {logging_mixin.py:188} INFO - [2026-03-23T03:32:50.294+0000] {dag.py:3834} INFO - Setting next_dagrun for example_skip_dag to 2026-03-22 00:00:00+00:00, run_after=2026-03-23 00:00:00+00:00
[2026-03-23T03:32:50.318+0000] {processor.py:183} INFO - Processing /home/airflow/.local/lib/python3.8/site-packages/airflow/example_dags/example_skip_dag.py took 0.085 seconds
[2026-03-23T03:33:20.369+0000] {processor.py:161} INFO - Started process (PID=977) to work on /home/airflow/.local/lib/python3.8/site-packages/airflow/example_dags/example_skip_dag.py
[2026-03-23T03:33:20.370+0000] {processor.py:830} INFO - Processing file /home/airflow/.local/lib/python3.8/site-packages/airflow/example_dags/example_skip_dag.py for tasks to queue
[2026-03-23T03:33:20.372+0000] {logging_mixin.py:188} INFO - [2026-03-23T03:33:20.372+0000] {dagbag.py:540} INFO - Filling up the DagBag from /home/airflow/.local/lib/python3.8/site-packages/airflow/example_dags/example_skip_dag.py
[2026-03-23T03:33:20.378+0000] {processor.py:840} INFO - DAG(s) 'example_skip_dag' retrieved from /home/airflow/.local/lib/python3.8/site-packages/airflow/example_dags/example_skip_dag.py
[2026-03-23T03:33:20.405+0000] {logging_mixin.py:188} INFO - [2026-03-23T03:33:20.404+0000] {dag.py:3047} INFO - Sync 1 DAGs
[2026-03-23T03:33:20.433+0000] {logging_mixin.py:188} INFO - [2026-03-23T03:33:20.432+0000] {dag.py:3834} INFO - Setting next_dagrun for example_skip_dag to 2026-03-22 00:00:00+00:00, run_after=2026-03-23 00:00:00+00:00
[2026-03-23T03:33:20.457+0000] {processor.py:183} INFO - Processing /home/airflow/.local/lib/python3.8/site-packages/airflow/example_dags/example_skip_dag.py took 0.091 seconds
[2026-03-23T03:33:50.498+0000] {processor.py:161} INFO - Started process (PID=1031) to work on /home/airflow/.local/lib/python3.8/site-packages/airflow/example_dags/example_skip_dag.py
[2026-03-23T03:33:50.499+0000] {processor.py:830} INFO - Processing file /home/airflow/.local/lib/python3.8/site-packages/airflow/example_dags/example_skip_dag.py for tasks to queue
[2026-03-23T03:33:50.501+0000] {logging_mixin.py:188} INFO - [2026-03-23T03:33:50.501+0000] {dagbag.py:540} INFO - Filling up the DagBag from /home/airflow/.local/lib/python3.8/site-packages/airflow/example_dags/example_skip_dag.py
[2026-03-23T03:33:50.507+0000] {processor.py:840} INFO - DAG(s) 'example_skip_dag' retrieved from /home/airflow/.local/lib/python3.8/site-packages/airflow/example_dags/example_skip_dag.py
[2026-03-23T03:33:50.530+0000] {logging_mixin.py:188} INFO - [2026-03-23T03:33:50.530+0000] {dag.py:3047} INFO - Sync 1 DAGs
[2026-03-23T03:33:50.552+0000] {logging_mixin.py:188} INFO - [2026-03-23T03:33:50.551+0000] {dag.py:3834} INFO - Setting next_dagrun for example_skip_dag to 2026-03-22 00:00:00+00:00, run_after=2026-03-23 00:00:00+00:00
[2026-03-23T03:33:50.573+0000] {processor.py:183} INFO - Processing /home/airflow/.local/lib/python3.8/site-packages/airflow/example_dags/example_skip_dag.py took 0.078 seconds
[2026-03-23T03:34:20.616+0000] {processor.py:161} INFO - Started process (PID=1086) to work on /home/airflow/.local/lib/python3.8/site-packages/airflow/example_dags/example_skip_dag.py
[2026-03-23T03:34:20.617+0000] {processor.py:830} INFO - Processing file /home/airflow/.local/lib/python3.8/site-packages/airflow/example_dags/example_skip_dag.py for tasks to queue
[2026-03-23T03:34:20.619+0000] {logging_mixin.py:188} INFO - [2026-03-23T03:34:20.618+0000] {dagbag.py:540} INFO - Filling up the DagBag from /home/airflow/.local/lib/python3.8/site-packages/airflow/example_dags/example_skip_dag.py
[2026-03-23T03:34:20.626+0000] {processor.py:840} INFO - DAG(s) 'example_skip_dag' retrieved from /home/airflow/.local/lib/python3.8/site-packages/airflow/example_dags/example_skip_dag.py
[2026-03-23T03:34:20.648+0000] {logging_mixin.py:188} INFO - [2026-03-23T03:34:20.648+0000] {dag.py:3047} INFO - Sync 1 DAGs
[2026-03-23T03:34:20.667+0000] {logging_mixin.py:188} INFO - [2026-03-23T03:34:20.667+0000] {dag.py:3834} INFO - Setting next_dagrun for example_skip_dag to 2026-03-22 00:00:00+00:00, run_after=2026-03-23 00:00:00+00:00
[2026-03-23T03:34:20.689+0000] {processor.py:183} INFO - Processing /home/airflow/.local/lib/python3.8/site-packages/airflow/example_dags/example_skip_dag.py took 0.076 seconds
[2026-03-23T03:34:50.851+0000] {processor.py:161} INFO - Started process (PID=1141) to work on /home/airflow/.local/lib/python3.8/site-packages/airflow/example_dags/example_skip_dag.py
[2026-03-23T03:34:50.852+0000] {processor.py:830} INFO - Processing file /home/airflow/.local/lib/python3.8/site-packages/airflow/example_dags/example_skip_dag.py for tasks to queue
[2026-03-23T03:34:50.854+0000] {logging_mixin.py:188} INFO - [2026-03-23T03:34:50.854+0000] {dagbag.py:540} INFO - Filling up the DagBag from /home/airflow/.local/lib/python3.8/site-packages/airflow/example_dags/example_skip_dag.py
[2026-03-23T03:34:50.861+0000] {processor.py:840} INFO - DAG(s) 'example_skip_dag' retrieved from /home/airflow/.local/lib/python3.8/site-packages/airflow/example_dags/example_skip_dag.py
[2026-03-23T03:34:50.882+0000] {logging_mixin.py:188} INFO - [2026-03-23T03:34:50.881+0000] {dag.py:3047} INFO - Sync 1 DAGs
[2026-03-23T03:34:50.904+0000] {logging_mixin.py:188} INFO - [2026-03-23T03:34:50.904+0000] {dag.py:3834} INFO - Setting next_dagrun for example_skip_dag to 2026-03-22 00:00:00+00:00, run_after=2026-03-23 00:00:00+00:00
[2026-03-23T03:34:50.925+0000] {processor.py:183} INFO - Processing /home/airflow/.local/lib/python3.8/site-packages/airflow/example_dags/example_skip_dag.py took 0.076 seconds
[2026-03-23T03:37:20.958+0000] {processor.py:161} INFO - Started process (PID=92) to work on /home/airflow/.local/lib/python3.8/site-packages/airflow/example_dags/example_skip_dag.py
[2026-03-23T03:37:20.959+0000] {processor.py:830} INFO - Processing file /home/airflow/.local/lib/python3.8/site-packages/airflow/example_dags/example_skip_dag.py for tasks to queue
[2026-03-23T03:37:20.961+0000] {logging_mixin.py:188} INFO - [2026-03-23T03:37:20.961+0000] {dagbag.py:540} INFO - Filling up the DagBag from /home/airflow/.local/lib/python3.8/site-packages/airflow/example_dags/example_skip_dag.py
[2026-03-23T03:37:20.968+0000] {processor.py:840} INFO - DAG(s) 'example_skip_dag' retrieved from /home/airflow/.local/lib/python3.8/site-packages/airflow/example_dags/example_skip_dag.py
[2026-03-23T03:37:20.982+0000] {logging_mixin.py:188} INFO - [2026-03-23T03:37:20.981+0000] {dag.py:3047} INFO - Sync 1 DAGs
[2026-03-23T03:37:21.005+0000] {logging_mixin.py:188} INFO - [2026-03-23T03:37:21.005+0000] {dag.py:3834} INFO - Setting next_dagrun for example_skip_dag to 2026-03-22 00:00:00+00:00, run_after=2026-03-23 00:00:00+00:00
[2026-03-23T03:37:21.029+0000] {processor.py:183} INFO - Processing /home/airflow/.local/lib/python3.8/site-packages/airflow/example_dags/example_skip_dag.py took 0.075 seconds
[2026-03-23T03:37:52.813+0000] {processor.py:161} INFO - Started process (PID=153) to work on /home/airflow/.local/lib/python3.8/site-packages/airflow/example_dags/example_skip_dag.py
[2026-03-23T03:37:52.814+0000] {processor.py:830} INFO - Processing file /home/airflow/.local/lib/python3.8/site-packages/airflow/example_dags/example_skip_dag.py for tasks to queue
[2026-03-23T03:37:52.816+0000] {logging_mixin.py:188} INFO - [2026-03-23T03:37:52.816+0000] {dagbag.py:540} INFO - Filling up the DagBag from /home/airflow/.local/lib/python3.8/site-packages/airflow/example_dags/example_skip_dag.py
[2026-03-23T03:37:52.822+0000] {processor.py:840} INFO - DAG(s) 'example_skip_dag' retrieved from /home/airflow/.local/lib/python3.8/site-packages/airflow/example_dags/example_skip_dag.py
[2026-03-23T03:37:52.927+0000] {logging_mixin.py:188} INFO - [2026-03-23T03:37:52.927+0000] {dag.py:3047} INFO - Sync 1 DAGs
[2026-03-23T03:37:52.945+0000] {logging_mixin.py:188} INFO - [2026-03-23T03:37:52.945+0000] {dag.py:3834} INFO - Setting next_dagrun for example_skip_dag to 2026-03-22 00:00:00+00:00, run_after=2026-03-23 00:00:00+00:00
[2026-03-23T03:37:52.964+0000] {processor.py:183} INFO - Processing /home/airflow/.local/lib/python3.8/site-packages/airflow/example_dags/example_skip_dag.py took 0.154 seconds
[2026-03-23T03:38:23.041+0000] {processor.py:161} INFO - Started process (PID=208) to work on /home/airflow/.local/lib/python3.8/site-packages/airflow/example_dags/example_skip_dag.py
[2026-03-23T03:38:23.042+0000] {processor.py:830} INFO - Processing file /home/airflow/.local/lib/python3.8/site-packages/airflow/example_dags/example_skip_dag.py for tasks to queue
[2026-03-23T03:38:23.044+0000] {logging_mixin.py:188} INFO - [2026-03-23T03:38:23.044+0000] {dagbag.py:540} INFO - Filling up the DagBag from /home/airflow/.local/lib/python3.8/site-packages/airflow/example_dags/example_skip_dag.py
[2026-03-23T03:38:23.049+0000] {processor.py:840} INFO - DAG(s) 'example_skip_dag' retrieved from /home/airflow/.local/lib/python3.8/site-packages/airflow/example_dags/example_skip_dag.py
[2026-03-23T03:38:23.071+0000] {logging_mixin.py:188} INFO - [2026-03-23T03:38:23.070+0000] {dag.py:3047} INFO - Sync 1 DAGs
[2026-03-23T03:38:23.090+0000] {logging_mixin.py:188} INFO - [2026-03-23T03:38:23.090+0000] {dag.py:3834} INFO - Setting next_dagrun for example_skip_dag to 2026-03-22 00:00:00+00:00, run_after=2026-03-23 00:00:00+00:00
[2026-03-23T03:38:23.111+0000] {processor.py:183} INFO - Processing /home/airflow/.local/lib/python3.8/site-packages/airflow/example_dags/example_skip_dag.py took 0.073 seconds
[2026-03-23T03:38:53.409+0000] {processor.py:161} INFO - Started process (PID=263) to work on /home/airflow/.local/lib/python3.8/site-packages/airflow/example_dags/example_skip_dag.py
[2026-03-23T03:38:53.410+0000] {processor.py:830} INFO - Processing file /home/airflow/.local/lib/python3.8/site-packages/airflow/example_dags/example_skip_dag.py for tasks to queue
[2026-03-23T03:38:53.412+0000] {logging_mixin.py:188} INFO - [2026-03-23T03:38:53.411+0000] {dagbag.py:540} INFO - Filling up the DagBag from /home/airflow/.local/lib/python3.8/site-packages/airflow/example_dags/example_skip_dag.py
[2026-03-23T03:38:53.417+0000] {processor.py:840} INFO - DAG(s) 'example_skip_dag' retrieved from /home/airflow/.local/lib/python3.8/site-packages/airflow/example_dags/example_skip_dag.py
[2026-03-23T03:38:53.439+0000] {logging_mixin.py:188} INFO - [2026-03-23T03:38:53.438+0000] {dag.py:3047} INFO - Sync 1 DAGs
[2026-03-23T03:38:53.462+0000] {logging_mixin.py:188} INFO - [2026-03-23T03:38:53.462+0000] {dag.py:3834} INFO - Setting next_dagrun for example_skip_dag to 2026-03-22 00:00:00+00:00, run_after=2026-03-23 00:00:00+00:00
[2026-03-23T03:38:53.485+0000] {processor.py:183} INFO - Processing /home/airflow/.local/lib/python3.8/site-packages/airflow/example_dags/example_skip_dag.py took 0.080 seconds
[2026-03-23T03:39:23.809+0000] {processor.py:161} INFO - Started process (PID=318) to work on /home/airflow/.local/lib/python3.8/site-packages/airflow/example_dags/example_skip_dag.py
[2026-03-23T03:39:23.811+0000] {processor.py:830} INFO - Processing file /home/airflow/.local/lib/python3.8/site-packages/airflow/example_dags/example_skip_dag.py for tasks to queue
[2026-03-23T03:39:23.813+0000] {logging_mixin.py:188} INFO - [2026-03-23T03:39:23.812+0000] {dagbag.py:540} INFO - Filling up the DagBag from /home/airflow/.local/lib/python3.8/site-packages/airflow/example_dags/example_skip_dag.py
[2026-03-23T03:39:23.819+0000] {processor.py:840} INFO - DAG(s) 'example_skip_dag' retrieved from /home/airflow/.local/lib/python3.8/site-packages/airflow/example_dags/example_skip_dag.py
[2026-03-23T03:39:23.843+0000] {logging_mixin.py:188} INFO - [2026-03-23T03:39:23.843+0000] {dag.py:3047} INFO - Sync 1 DAGs
[2026-03-23T03:39:23.870+0000] {logging_mixin.py:188} INFO - [2026-03-23T03:39:23.869+0000] {dag.py:3834} INFO - Setting next_dagrun for example_skip_dag to 2026-03-22 00:00:00+00:00, run_after=2026-03-23 00:00:00+00:00
[2026-03-23T03:39:23.898+0000] {processor.py:183} INFO - Processing /home/airflow/.local/lib/python3.8/site-packages/airflow/example_dags/example_skip_dag.py took 0.092 seconds
[2026-03-23T03:39:54.216+0000] {processor.py:161} INFO - Started process (PID=373) to work on /home/airflow/.local/lib/python3.8/site-packages/airflow/example_dags/example_skip_dag.py
[2026-03-23T03:39:54.217+0000] {processor.py:830} INFO - Processing file /home/airflow/.local/lib/python3.8/site-packages/airflow/example_dags/example_skip_dag.py for tasks to queue
[2026-03-23T03:39:54.219+0000] {logging_mixin.py:188} INFO - [2026-03-23T03:39:54.219+0000] {dagbag.py:540} INFO - Filling up the DagBag from /home/airflow/.local/lib/python3.8/site-packages/airflow/example_dags/example_skip_dag.py
[2026-03-23T03:39:54.225+0000] {processor.py:840} INFO - DAG(s) 'example_skip_dag' retrieved from /home/airflow/.local/lib/python3.8/site-packages/airflow/example_dags/example_skip_dag.py
[2026-03-23T03:39:54.245+0000] {logging_mixin.py:188} INFO - [2026-03-23T03:39:54.244+0000] {dag.py:3047} INFO - Sync 1 DAGs
[2026-03-23T03:39:54.267+0000] {logging_mixin.py:188} INFO - [2026-03-23T03:39:54.266+0000] {dag.py:3834} INFO - Setting next_dagrun for example_skip_dag to 2026-03-22 00:00:00+00:00, run_after=2026-03-23 00:00:00+00:00
[2026-03-23T03:39:54.290+0000] {processor.py:183} INFO - Processing /home/airflow/.local/lib/python3.8/site-packages/airflow/example_dags/example_skip_dag.py took 0.077 seconds
[2026-03-23T03:40:24.648+0000] {processor.py:161} INFO - Started process (PID=428) to work on /home/airflow/.local/lib/python3.8/site-packages/airflow/example_dags/example_skip_dag.py
[2026-03-23T03:40:24.649+0000] {processor.py:830} INFO - Processing file /home/airflow/.local/lib/python3.8/site-packages/airflow/example_dags/example_skip_dag.py for tasks to queue
[2026-03-23T03:40:24.651+0000] {logging_mixin.py:188} INFO - [2026-03-23T03:40:24.650+0000] {dagbag.py:540} INFO - Filling up the DagBag from /home/airflow/.local/lib/python3.8/site-packages/airflow/example_dags/example_skip_dag.py
[2026-03-23T03:40:24.657+0000] {processor.py:840} INFO - DAG(s) 'example_skip_dag' retrieved from /home/airflow/.local/lib/python3.8/site-packages/airflow/example_dags/example_skip_dag.py
[2026-03-23T03:40:24.681+0000] {logging_mixin.py:188} INFO - [2026-03-23T03:40:24.681+0000] {dag.py:3047} INFO - Sync 1 DAGs
[2026-03-23T03:40:24.702+0000] {logging_mixin.py:188} INFO - [2026-03-23T03:40:24.702+0000] {dag.py:3834} INFO - Setting next_dagrun for example_skip_dag to 2026-03-22 00:00:00+00:00, run_after=2026-03-23 00:00:00+00:00
[2026-03-23T03:40:24.726+0000] {processor.py:183} INFO - Processing /home/airflow/.local/lib/python3.8/site-packages/airflow/example_dags/example_skip_dag.py took 0.081 seconds
[2026-03-23T03:40:55.614+0000] {processor.py:161} INFO - Started process (PID=483) to work on /home/airflow/.local/lib/python3.8/site-packages/airflow/example_dags/example_skip_dag.py
[2026-03-23T03:40:55.615+0000] {processor.py:830} INFO - Processing file /home/airflow/.local/lib/python3.8/site-packages/airflow/example_dags/example_skip_dag.py for tasks to queue
[2026-03-23T03:40:55.617+0000] {logging_mixin.py:188} INFO - [2026-03-23T03:40:55.617+0000] {dagbag.py:540} INFO - Filling up the DagBag from /home/airflow/.local/lib/python3.8/site-packages/airflow/example_dags/example_skip_dag.py
[2026-03-23T03:40:55.625+0000] {processor.py:840} INFO - DAG(s) 'example_skip_dag' retrieved from /home/airflow/.local/lib/python3.8/site-packages/airflow/example_dags/example_skip_dag.py
[2026-03-23T03:40:55.653+0000] {logging_mixin.py:188} INFO - [2026-03-23T03:40:55.652+0000] {dag.py:3047} INFO - Sync 1 DAGs
[2026-03-23T03:40:55.689+0000] {logging_mixin.py:188} INFO - [2026-03-23T03:40:55.689+0000] {dag.py:3834} INFO - Setting next_dagrun for example_skip_dag to 2026-03-22 00:00:00+00:00, run_after=2026-03-23 00:00:00+00:00
[2026-03-23T03:40:55.720+0000] {processor.py:183} INFO - Processing /home/airflow/.local/lib/python3.8/site-packages/airflow/example_dags/example_skip_dag.py took 0.109 seconds
[2026-03-23T03:41:25.990+0000] {processor.py:161} INFO - Started process (PID=538) to work on /home/airflow/.local/lib/python3.8/site-packages/airflow/example_dags/example_skip_dag.py
[2026-03-23T03:41:25.991+0000] {processor.py:830} INFO - Processing file /home/airflow/.local/lib/python3.8/site-packages/airflow/example_dags/example_skip_dag.py for tasks to queue
[2026-03-23T03:41:25.993+0000] {logging_mixin.py:188} INFO - [2026-03-23T03:41:25.993+0000] {dagbag.py:540} INFO - Filling up the DagBag from /home/airflow/.local/lib/python3.8/site-packages/airflow/example_dags/example_skip_dag.py
[2026-03-23T03:41:25.999+0000] {processor.py:840} INFO - DAG(s) 'example_skip_dag' retrieved from /home/airflow/.local/lib/python3.8/site-packages/airflow/example_dags/example_skip_dag.py
[2026-03-23T03:41:26.020+0000] {logging_mixin.py:188} INFO - [2026-03-23T03:41:26.020+0000] {dag.py:3047} INFO - Sync 1 DAGs
[2026-03-23T03:41:26.039+0000] {logging_mixin.py:188} INFO - [2026-03-23T03:41:26.039+0000] {dag.py:3834} INFO - Setting next_dagrun for example_skip_dag to 2026-03-22 00:00:00+00:00, run_after=2026-03-23 00:00:00+00:00
[2026-03-23T03:41:26.060+0000] {processor.py:183} INFO - Processing /home/airflow/.local/lib/python3.8/site-packages/airflow/example_dags/example_skip_dag.py took 0.073 seconds
[2026-03-23T03:41:56.312+0000] {processor.py:161} INFO - Started process (PID=593) to work on /home/airflow/.local/lib/python3.8/site-packages/airflow/example_dags/example_skip_dag.py
[2026-03-23T03:41:56.313+0000] {processor.py:830} INFO - Processing file /home/airflow/.local/lib/python3.8/site-packages/airflow/example_dags/example_skip_dag.py for tasks to queue
[2026-03-23T03:41:56.315+0000] {logging_mixin.py:188} INFO - [2026-03-23T03:41:56.315+0000] {dagbag.py:540} INFO - Filling up the DagBag from /home/airflow/.local/lib/python3.8/site-packages/airflow/example_dags/example_skip_dag.py
[2026-03-23T03:41:56.320+0000] {processor.py:840} INFO - DAG(s) 'example_skip_dag' retrieved from /home/airflow/.local/lib/python3.8/site-packages/airflow/example_dags/example_skip_dag.py
[2026-03-23T03:41:56.341+0000] {logging_mixin.py:188} INFO - [2026-03-23T03:41:56.340+0000] {dag.py:3047} INFO - Sync 1 DAGs
[2026-03-23T03:41:56.361+0000] {logging_mixin.py:188} INFO - [2026-03-23T03:41:56.361+0000] {dag.py:3834} INFO - Setting next_dagrun for example_skip_dag to 2026-03-22 00:00:00+00:00, run_after=2026-03-23 00:00:00+00:00
[2026-03-23T03:41:56.383+0000] {processor.py:183} INFO - Processing /home/airflow/.local/lib/python3.8/site-packages/airflow/example_dags/example_skip_dag.py took 0.074 seconds
[2026-03-23T03:42:26.456+0000] {processor.py:161} INFO - Started process (PID=648) to work on /home/airflow/.local/lib/python3.8/site-packages/airflow/example_dags/example_skip_dag.py
[2026-03-23T03:42:26.457+0000] {processor.py:830} INFO - Processing file /home/airflow/.local/lib/python3.8/site-packages/airflow/example_dags/example_skip_dag.py for tasks to queue
[2026-03-23T03:42:26.458+0000] {logging_mixin.py:188} INFO - [2026-03-23T03:42:26.458+0000] {dagbag.py:540} INFO - Filling up the DagBag from /home/airflow/.local/lib/python3.8/site-packages/airflow/example_dags/example_skip_dag.py
[2026-03-23T03:42:26.464+0000] {processor.py:840} INFO - DAG(s) 'example_skip_dag' retrieved from /home/airflow/.local/lib/python3.8/site-packages/airflow/example_dags/example_skip_dag.py
[2026-03-23T03:42:26.484+0000] {logging_mixin.py:188} INFO - [2026-03-23T03:42:26.484+0000] {dag.py:3047} INFO - Sync 1 DAGs
[2026-03-23T03:42:26.505+0000] {logging_mixin.py:188} INFO - [2026-03-23T03:42:26.505+0000] {dag.py:3834} INFO - Setting next_dagrun for example_skip_dag to 2026-03-22 00:00:00+00:00, run_after=2026-03-23 00:00:00+00:00
[2026-03-23T03:42:26.528+0000] {processor.py:183} INFO - Processing /home/airflow/.local/lib/python3.8/site-packages/airflow/example_dags/example_skip_dag.py took 0.075 seconds
[2026-03-23T03:42:57.141+0000] {processor.py:161} INFO - Started process (PID=703) to work on /home/airflow/.local/lib/python3.8/site-packages/airflow/example_dags/example_skip_dag.py
[2026-03-23T03:42:57.143+0000] {processor.py:830} INFO - Processing file /home/airflow/.local/lib/python3.8/site-packages/airflow/example_dags/example_skip_dag.py for tasks to queue
[2026-03-23T03:42:57.144+0000] {logging_mixin.py:188} INFO - [2026-03-23T03:42:57.144+0000] {dagbag.py:540} INFO - Filling up the DagBag from /home/airflow/.local/lib/python3.8/site-packages/airflow/example_dags/example_skip_dag.py
[2026-03-23T03:42:57.150+0000] {processor.py:840} INFO - DAG(s) 'example_skip_dag' retrieved from /home/airflow/.local/lib/python3.8/site-packages/airflow/example_dags/example_skip_dag.py
[2026-03-23T03:42:57.171+0000] {logging_mixin.py:188} INFO - [2026-03-23T03:42:57.170+0000] {dag.py:3047} INFO - Sync 1 DAGs
[2026-03-23T03:42:57.190+0000] {logging_mixin.py:188} INFO - [2026-03-23T03:42:57.190+0000] {dag.py:3834} INFO - Setting next_dagrun for example_skip_dag to 2026-03-22 00:00:00+00:00, run_after=2026-03-23 00:00:00+00:00
[2026-03-23T03:42:57.210+0000] {processor.py:183} INFO - Processing /home/airflow/.local/lib/python3.8/site-packages/airflow/example_dags/example_skip_dag.py took 0.072 seconds
[2026-03-23T03:43:27.552+0000] {processor.py:161} INFO - Started process (PID=758) to work on /home/airflow/.local/lib/python3.8/site-packages/airflow/example_dags/example_skip_dag.py
[2026-03-23T03:43:27.553+0000] {processor.py:830} INFO - Processing file /home/airflow/.local/lib/python3.8/site-packages/airflow/example_dags/example_skip_dag.py for tasks to queue
[2026-03-23T03:43:27.555+0000] {logging_mixin.py:188} INFO - [2026-03-23T03:43:27.555+0000] {dagbag.py:540} INFO - Filling up the DagBag from /home/airflow/.local/lib/python3.8/site-packages/airflow/example_dags/example_skip_dag.py
[2026-03-23T03:43:27.560+0000] {processor.py:840} INFO - DAG(s) 'example_skip_dag' retrieved from /home/airflow/.local/lib/python3.8/site-packages/airflow/example_dags/example_skip_dag.py
[2026-03-23T03:43:27.580+0000] {logging_mixin.py:188} INFO - [2026-03-23T03:43:27.580+0000] {dag.py:3047} INFO - Sync 1 DAGs
[2026-03-23T03:43:27.600+0000] {logging_mixin.py:188} INFO - [2026-03-23T03:43:27.600+0000] {dag.py:3834} INFO - Setting next_dagrun for example_skip_dag to 2026-03-22 00:00:00+00:00, run_after=2026-03-23 00:00:00+00:00
[2026-03-23T03:43:27.621+0000] {processor.py:183} INFO - Processing /home/airflow/.local/lib/python3.8/site-packages/airflow/example_dags/example_skip_dag.py took 0.071 seconds
[2026-03-23T03:43:58.051+0000] {processor.py:161} INFO - Started process (PID=813) to work on /home/airflow/.local/lib/python3.8/site-packages/airflow/example_dags/example_skip_dag.py
[2026-03-23T03:43:58.053+0000] {processor.py:830} INFO - Processing file /home/airflow/.local/lib/python3.8/site-packages/airflow/example_dags/example_skip_dag.py for tasks to queue
[2026-03-23T03:43:58.055+0000] {logging_mixin.py:188} INFO - [2026-03-23T03:43:58.055+0000] {dagbag.py:540} INFO - Filling up the DagBag from /home/airflow/.local/lib/python3.8/site-packages/airflow/example_dags/example_skip_dag.py
[2026-03-23T03:43:58.062+0000] {processor.py:840} INFO - DAG(s) 'example_skip_dag' retrieved from /home/airflow/.local/lib/python3.8/site-packages/airflow/example_dags/example_skip_dag.py
[2026-03-23T03:43:58.086+0000] {logging_mixin.py:188} INFO - [2026-03-23T03:43:58.085+0000] {dag.py:3047} INFO - Sync 1 DAGs
[2026-03-23T03:43:58.110+0000] {logging_mixin.py:188} INFO - [2026-03-23T03:43:58.109+0000] {dag.py:3834} INFO - Setting next_dagrun for example_skip_dag to 2026-03-22 00:00:00+00:00, run_after=2026-03-23 00:00:00+00:00
[2026-03-23T03:43:58.132+0000] {processor.py:183} INFO - Processing /home/airflow/.local/lib/python3.8/site-packages/airflow/example_dags/example_skip_dag.py took 0.084 seconds
[2026-03-23T03:44:28.470+0000] {processor.py:161} INFO - Started process (PID=868) to work on /home/airflow/.local/lib/python3.8/site-packages/airflow/example_dags/example_skip_dag.py
[2026-03-23T03:44:28.471+0000] {processor.py:830} INFO - Processing file /home/airflow/.local/lib/python3.8/site-packages/airflow/example_dags/example_skip_dag.py for tasks to queue
[2026-03-23T03:44:28.473+0000] {logging_mixin.py:188} INFO - [2026-03-23T03:44:28.473+0000] {dagbag.py:540} INFO - Filling up the DagBag from /home/airflow/.local/lib/python3.8/site-packages/airflow/example_dags/example_skip_dag.py
[2026-03-23T03:44:28.478+0000] {processor.py:840} INFO - DAG(s) 'example_skip_dag' retrieved from /home/airflow/.local/lib/python3.8/site-packages/airflow/example_dags/example_skip_dag.py
[2026-03-23T03:44:28.500+0000] {logging_mixin.py:188} INFO - [2026-03-23T03:44:28.500+0000] {dag.py:3047} INFO - Sync 1 DAGs
[2026-03-23T03:44:28.520+0000] {logging_mixin.py:188} INFO - [2026-03-23T03:44:28.519+0000] {dag.py:3834} INFO - Setting next_dagrun for example_skip_dag to 2026-03-22 00:00:00+00:00, run_after=2026-03-23 00:00:00+00:00
[2026-03-23T03:44:28.540+0000] {processor.py:183} INFO - Processing /home/airflow/.local/lib/python3.8/site-packages/airflow/example_dags/example_skip_dag.py took 0.072 seconds
[2026-03-23T03:44:59.047+0000] {processor.py:161} INFO - Started process (PID=923) to work on /home/airflow/.local/lib/python3.8/site-packages/airflow/example_dags/example_skip_dag.py
[2026-03-23T03:44:59.048+0000] {processor.py:830} INFO - Processing file /home/airflow/.local/lib/python3.8/site-packages/airflow/example_dags/example_skip_dag.py for tasks to queue
[2026-03-23T03:44:59.050+0000] {logging_mixin.py:188} INFO - [2026-03-23T03:44:59.050+0000] {dagbag.py:540} INFO - Filling up the DagBag from /home/airflow/.local/lib/python3.8/site-packages/airflow/example_dags/example_skip_dag.py
[2026-03-23T03:44:59.056+0000] {processor.py:840} INFO - DAG(s) 'example_skip_dag' retrieved from /home/airflow/.local/lib/python3.8/site-packages/airflow/example_dags/example_skip_dag.py
[2026-03-23T03:44:59.076+0000] {logging_mixin.py:188} INFO - [2026-03-23T03:44:59.075+0000] {dag.py:3047} INFO - Sync 1 DAGs
[2026-03-23T03:44:59.097+0000] {logging_mixin.py:188} INFO - [2026-03-23T03:44:59.097+0000] {dag.py:3834} INFO - Setting next_dagrun for example_skip_dag to 2026-03-22 00:00:00+00:00, run_after=2026-03-23 00:00:00+00:00
[2026-03-23T03:44:59.119+0000] {processor.py:183} INFO - Processing /home/airflow/.local/lib/python3.8/site-packages/airflow/example_dags/example_skip_dag.py took 0.075 seconds
[2026-03-23T03:45:29.278+0000] {processor.py:161} INFO - Started process (PID=978) to work on /home/airflow/.local/lib/python3.8/site-packages/airflow/example_dags/example_skip_dag.py
[2026-03-23T03:45:29.279+0000] {processor.py:830} INFO - Processing file /home/airflow/.local/lib/python3.8/site-packages/airflow/example_dags/example_skip_dag.py for tasks to queue
[2026-03-23T03:45:29.281+0000] {logging_mixin.py:188} INFO - [2026-03-23T03:45:29.280+0000] {dagbag.py:540} INFO - Filling up the DagBag from /home/airflow/.local/lib/python3.8/site-packages/airflow/example_dags/example_skip_dag.py
[2026-03-23T03:45:29.286+0000] {processor.py:840} INFO - DAG(s) 'example_skip_dag' retrieved from /home/airflow/.local/lib/python3.8/site-packages/airflow/example_dags/example_skip_dag.py
[2026-03-23T03:45:29.306+0000] {logging_mixin.py:188} INFO - [2026-03-23T03:45:29.306+0000] {dag.py:3047} INFO - Sync 1 DAGs
[2026-03-23T03:45:29.327+0000] {logging_mixin.py:188} INFO - [2026-03-23T03:45:29.327+0000] {dag.py:3834} INFO - Setting next_dagrun for example_skip_dag to 2026-03-22 00:00:00+00:00, run_after=2026-03-23 00:00:00+00:00
[2026-03-23T03:45:29.347+0000] {processor.py:183} INFO - Processing /home/airflow/.local/lib/python3.8/site-packages/airflow/example_dags/example_skip_dag.py took 0.072 seconds
[2026-03-23T03:45:59.456+0000] {processor.py:161} INFO - Started process (PID=1033) to work on /home/airflow/.local/lib/python3.8/site-packages/airflow/example_dags/example_skip_dag.py
[2026-03-23T03:45:59.457+0000] {processor.py:830} INFO - Processing file /home/airflow/.local/lib/python3.8/site-packages/airflow/example_dags/example_skip_dag.py for tasks to queue
[2026-03-23T03:45:59.459+0000] {logging_mixin.py:188} INFO - [2026-03-23T03:45:59.458+0000] {dagbag.py:540} INFO - Filling up the DagBag from /home/airflow/.local/lib/python3.8/site-packages/airflow/example_dags/example_skip_dag.py
[2026-03-23T03:45:59.464+0000] {processor.py:840} INFO - DAG(s) 'example_skip_dag' retrieved from /home/airflow/.local/lib/python3.8/site-packages/airflow/example_dags/example_skip_dag.py
[2026-03-23T03:45:59.487+0000] {logging_mixin.py:188} INFO - [2026-03-23T03:45:59.487+0000] {dag.py:3047} INFO - Sync 1 DAGs
[2026-03-23T03:45:59.508+0000] {logging_mixin.py:188} INFO - [2026-03-23T03:45:59.508+0000] {dag.py:3834} INFO - Setting next_dagrun for example_skip_dag to 2026-03-22 00:00:00+00:00, run_after=2026-03-23 00:00:00+00:00
[2026-03-23T03:45:59.528+0000] {processor.py:183} INFO - Processing /home/airflow/.local/lib/python3.8/site-packages/airflow/example_dags/example_skip_dag.py took 0.075 seconds
[2026-03-23T03:46:29.587+0000] {processor.py:161} INFO - Started process (PID=1087) to work on /home/airflow/.local/lib/python3.8/site-packages/airflow/example_dags/example_skip_dag.py
[2026-03-23T03:46:29.589+0000] {processor.py:830} INFO - Processing file /home/airflow/.local/lib/python3.8/site-packages/airflow/example_dags/example_skip_dag.py for tasks to queue
[2026-03-23T03:46:29.590+0000] {logging_mixin.py:188} INFO - [2026-03-23T03:46:29.590+0000] {dagbag.py:540} INFO - Filling up the DagBag from /home/airflow/.local/lib/python3.8/site-packages/airflow/example_dags/example_skip_dag.py
[2026-03-23T03:46:29.597+0000] {processor.py:840} INFO - DAG(s) 'example_skip_dag' retrieved from /home/airflow/.local/lib/python3.8/site-packages/airflow/example_dags/example_skip_dag.py
[2026-03-23T03:46:29.622+0000] {logging_mixin.py:188} INFO - [2026-03-23T03:46:29.622+0000] {dag.py:3047} INFO - Sync 1 DAGs
[2026-03-23T03:46:29.649+0000] {logging_mixin.py:188} INFO - [2026-03-23T03:46:29.649+0000] {dag.py:3834} INFO - Setting next_dagrun for example_skip_dag to 2026-03-22 00:00:00+00:00, run_after=2026-03-23 00:00:00+00:00
[2026-03-23T03:46:29.698+0000] {processor.py:183} INFO - Processing /home/airflow/.local/lib/python3.8/site-packages/airflow/example_dags/example_skip_dag.py took 0.114 seconds
[2026-03-23T03:47:00.062+0000] {processor.py:161} INFO - Started process (PID=1142) to work on /home/airflow/.local/lib/python3.8/site-packages/airflow/example_dags/example_skip_dag.py
[2026-03-23T03:47:00.064+0000] {processor.py:830} INFO - Processing file /home/airflow/.local/lib/python3.8/site-packages/airflow/example_dags/example_skip_dag.py for tasks to queue
[2026-03-23T03:47:00.065+0000] {logging_mixin.py:188} INFO - [2026-03-23T03:47:00.065+0000] {dagbag.py:540} INFO - Filling up the DagBag from /home/airflow/.local/lib/python3.8/site-packages/airflow/example_dags/example_skip_dag.py
[2026-03-23T03:47:00.071+0000] {processor.py:840} INFO - DAG(s) 'example_skip_dag' retrieved from /home/airflow/.local/lib/python3.8/site-packages/airflow/example_dags/example_skip_dag.py
[2026-03-23T03:47:00.094+0000] {logging_mixin.py:188} INFO - [2026-03-23T03:47:00.093+0000] {dag.py:3047} INFO - Sync 1 DAGs
[2026-03-23T03:47:00.116+0000] {logging_mixin.py:188} INFO - [2026-03-23T03:47:00.116+0000] {dag.py:3834} INFO - Setting next_dagrun for example_skip_dag to 2026-03-22 00:00:00+00:00, run_after=2026-03-23 00:00:00+00:00
[2026-03-23T03:47:00.138+0000] {processor.py:183} INFO - Processing /home/airflow/.local/lib/python3.8/site-packages/airflow/example_dags/example_skip_dag.py took 0.078 seconds
[2026-03-23T03:47:30.291+0000] {processor.py:161} INFO - Started process (PID=1197) to work on /home/airflow/.local/lib/python3.8/site-packages/airflow/example_dags/example_skip_dag.py
[2026-03-23T03:47:30.293+0000] {processor.py:830} INFO - Processing file /home/airflow/.local/lib/python3.8/site-packages/airflow/example_dags/example_skip_dag.py for tasks to queue
[2026-03-23T03:47:30.295+0000] {logging_mixin.py:188} INFO - [2026-03-23T03:47:30.295+0000] {dagbag.py:540} INFO - Filling up the DagBag from /home/airflow/.local/lib/python3.8/site-packages/airflow/example_dags/example_skip_dag.py
[2026-03-23T03:47:30.301+0000] {processor.py:840} INFO - DAG(s) 'example_skip_dag' retrieved from /home/airflow/.local/lib/python3.8/site-packages/airflow/example_dags/example_skip_dag.py
[2026-03-23T03:47:30.322+0000] {logging_mixin.py:188} INFO - [2026-03-23T03:47:30.322+0000] {dag.py:3047} INFO - Sync 1 DAGs
[2026-03-23T03:47:30.342+0000] {logging_mixin.py:188} INFO - [2026-03-23T03:47:30.341+0000] {dag.py:3834} INFO - Setting next_dagrun for example_skip_dag to 2026-03-22 00:00:00+00:00, run_after=2026-03-23 00:00:00+00:00
[2026-03-23T03:47:30.365+0000] {processor.py:183} INFO - Processing /home/airflow/.local/lib/python3.8/site-packages/airflow/example_dags/example_skip_dag.py took 0.076 seconds
[2026-03-23T03:48:00.580+0000] {processor.py:161} INFO - Started process (PID=1252) to work on /home/airflow/.local/lib/python3.8/site-packages/airflow/example_dags/example_skip_dag.py
[2026-03-23T03:48:00.582+0000] {processor.py:830} INFO - Processing file /home/airflow/.local/lib/python3.8/site-packages/airflow/example_dags/example_skip_dag.py for tasks to queue
[2026-03-23T03:48:00.584+0000] {logging_mixin.py:188} INFO - [2026-03-23T03:48:00.583+0000] {dagbag.py:540} INFO - Filling up the DagBag from /home/airflow/.local/lib/python3.8/site-packages/airflow/example_dags/example_skip_dag.py
[2026-03-23T03:48:00.591+0000] {processor.py:840} INFO - DAG(s) 'example_skip_dag' retrieved from /home/airflow/.local/lib/python3.8/site-packages/airflow/example_dags/example_skip_dag.py
[2026-03-23T03:48:00.617+0000] {logging_mixin.py:188} INFO - [2026-03-23T03:48:00.617+0000] {dag.py:3047} INFO - Sync 1 DAGs
[2026-03-23T03:48:00.643+0000] {logging_mixin.py:188} INFO - [2026-03-23T03:48:00.642+0000] {dag.py:3834} INFO - Setting next_dagrun for example_skip_dag to 2026-03-22 00:00:00+00:00, run_after=2026-03-23 00:00:00+00:00
[2026-03-23T03:48:00.665+0000] {processor.py:183} INFO - Processing /home/airflow/.local/lib/python3.8/site-packages/airflow/example_dags/example_skip_dag.py took 0.088 seconds
[2026-03-23T03:48:31.206+0000] {processor.py:161} INFO - Started process (PID=1307) to work on /home/airflow/.local/lib/python3.8/site-packages/airflow/example_dags/example_skip_dag.py
[2026-03-23T03:48:31.207+0000] {processor.py:830} INFO - Processing file /home/airflow/.local/lib/python3.8/site-packages/airflow/example_dags/example_skip_dag.py for tasks to queue
[2026-03-23T03:48:31.209+0000] {logging_mixin.py:188} INFO - [2026-03-23T03:48:31.209+0000] {dagbag.py:540} INFO - Filling up the DagBag from /home/airflow/.local/lib/python3.8/site-packages/airflow/example_dags/example_skip_dag.py
[2026-03-23T03:48:31.216+0000] {processor.py:840} INFO - DAG(s) 'example_skip_dag' retrieved from /home/airflow/.local/lib/python3.8/site-packages/airflow/example_dags/example_skip_dag.py
[2026-03-23T03:48:31.238+0000] {logging_mixin.py:188} INFO - [2026-03-23T03:48:31.238+0000] {dag.py:3047} INFO - Sync 1 DAGs
[2026-03-23T03:48:31.265+0000] {logging_mixin.py:188} INFO - [2026-03-23T03:48:31.265+0000] {dag.py:3834} INFO - Setting next_dagrun for example_skip_dag to 2026-03-22 00:00:00+00:00, run_after=2026-03-23 00:00:00+00:00
[2026-03-23T03:48:31.290+0000] {processor.py:183} INFO - Processing /home/airflow/.local/lib/python3.8/site-packages/airflow/example_dags/example_skip_dag.py took 0.087 seconds
[2026-03-23T03:49:01.780+0000] {processor.py:161} INFO - Started process (PID=1363) to work on /home/airflow/.local/lib/python3.8/site-packages/airflow/example_dags/example_skip_dag.py
[2026-03-23T03:49:01.782+0000] {processor.py:830} INFO - Processing file /home/airflow/.local/lib/python3.8/site-packages/airflow/example_dags/example_skip_dag.py for tasks to queue
[2026-03-23T03:49:01.785+0000] {logging_mixin.py:188} INFO - [2026-03-23T03:49:01.784+0000] {dagbag.py:540} INFO - Filling up the DagBag from /home/airflow/.local/lib/python3.8/site-packages/airflow/example_dags/example_skip_dag.py
[2026-03-23T03:49:01.792+0000] {processor.py:840} INFO - DAG(s) 'example_skip_dag' retrieved from /home/airflow/.local/lib/python3.8/site-packages/airflow/example_dags/example_skip_dag.py
[2026-03-23T03:49:01.817+0000] {logging_mixin.py:188} INFO - [2026-03-23T03:49:01.816+0000] {dag.py:3047} INFO - Sync 1 DAGs
[2026-03-23T03:49:01.846+0000] {logging_mixin.py:188} INFO - [2026-03-23T03:49:01.846+0000] {dag.py:3834} INFO - Setting next_dagrun for example_skip_dag to 2026-03-22 00:00:00+00:00, run_after=2026-03-23 00:00:00+00:00
[2026-03-23T03:49:01.875+0000] {processor.py:183} INFO - Processing /home/airflow/.local/lib/python3.8/site-packages/airflow/example_dags/example_skip_dag.py took 0.098 seconds
[2026-03-23T03:49:31.930+0000] {processor.py:161} INFO - Started process (PID=1417) to work on /home/airflow/.local/lib/python3.8/site-packages/airflow/example_dags/example_skip_dag.py
[2026-03-23T03:49:31.931+0000] {processor.py:830} INFO - Processing file /home/airflow/.local/lib/python3.8/site-packages/airflow/example_dags/example_skip_dag.py for tasks to queue
[2026-03-23T03:49:31.932+0000] {logging_mixin.py:188} INFO - [2026-03-23T03:49:31.932+0000] {dagbag.py:540} INFO - Filling up the DagBag from /home/airflow/.local/lib/python3.8/site-packages/airflow/example_dags/example_skip_dag.py
[2026-03-23T03:49:31.938+0000] {processor.py:840} INFO - DAG(s) 'example_skip_dag' retrieved from /home/airflow/.local/lib/python3.8/site-packages/airflow/example_dags/example_skip_dag.py
[2026-03-23T03:49:31.958+0000] {logging_mixin.py:188} INFO - [2026-03-23T03:49:31.957+0000] {dag.py:3047} INFO - Sync 1 DAGs
[2026-03-23T03:49:31.976+0000] {logging_mixin.py:188} INFO - [2026-03-23T03:49:31.976+0000] {dag.py:3834} INFO - Setting next_dagrun for example_skip_dag to 2026-03-22 00:00:00+00:00, run_after=2026-03-23 00:00:00+00:00
[2026-03-23T03:49:31.994+0000] {processor.py:183} INFO - Processing /home/airflow/.local/lib/python3.8/site-packages/airflow/example_dags/example_skip_dag.py took 0.069 seconds
[2026-03-23T03:50:49.053+0000] {processor.py:161} INFO - Started process (PID=98) to work on /home/airflow/.local/lib/python3.8/site-packages/airflow/example_dags/example_skip_dag.py
[2026-03-23T03:50:49.055+0000] {processor.py:830} INFO - Processing file /home/airflow/.local/lib/python3.8/site-packages/airflow/example_dags/example_skip_dag.py for tasks to queue
[2026-03-23T03:50:49.058+0000] {logging_mixin.py:188} INFO - [2026-03-23T03:50:49.058+0000] {dagbag.py:540} INFO - Filling up the DagBag from /home/airflow/.local/lib/python3.8/site-packages/airflow/example_dags/example_skip_dag.py
[2026-03-23T03:50:49.072+0000] {processor.py:840} INFO - DAG(s) 'example_skip_dag' retrieved from /home/airflow/.local/lib/python3.8/site-packages/airflow/example_dags/example_skip_dag.py
[2026-03-23T03:50:49.089+0000] {logging_mixin.py:188} INFO - [2026-03-23T03:50:49.089+0000] {dag.py:3047} INFO - Sync 1 DAGs
[2026-03-23T03:50:49.130+0000] {logging_mixin.py:188} INFO - [2026-03-23T03:50:49.129+0000] {dag.py:3834} INFO - Setting next_dagrun for example_skip_dag to 2026-03-22 00:00:00+00:00, run_after=2026-03-23 00:00:00+00:00
[2026-03-23T03:50:49.160+0000] {processor.py:183} INFO - Processing /home/airflow/.local/lib/python3.8/site-packages/airflow/example_dags/example_skip_dag.py took 0.112 seconds
[2026-03-23T03:51:21.019+0000] {processor.py:161} INFO - Started process (PID=153) to work on /home/airflow/.local/lib/python3.8/site-packages/airflow/example_dags/example_skip_dag.py
[2026-03-23T03:51:21.021+0000] {processor.py:830} INFO - Processing file /home/airflow/.local/lib/python3.8/site-packages/airflow/example_dags/example_skip_dag.py for tasks to queue
[2026-03-23T03:51:21.023+0000] {logging_mixin.py:188} INFO - [2026-03-23T03:51:21.023+0000] {dagbag.py:540} INFO - Filling up the DagBag from /home/airflow/.local/lib/python3.8/site-packages/airflow/example_dags/example_skip_dag.py
[2026-03-23T03:51:21.032+0000] {processor.py:840} INFO - DAG(s) 'example_skip_dag' retrieved from /home/airflow/.local/lib/python3.8/site-packages/airflow/example_dags/example_skip_dag.py
[2026-03-23T03:51:21.164+0000] {logging_mixin.py:188} INFO - [2026-03-23T03:51:21.164+0000] {dag.py:3047} INFO - Sync 1 DAGs
[2026-03-23T03:51:21.187+0000] {logging_mixin.py:188} INFO - [2026-03-23T03:51:21.187+0000] {dag.py:3834} INFO - Setting next_dagrun for example_skip_dag to 2026-03-22 00:00:00+00:00, run_after=2026-03-23 00:00:00+00:00
[2026-03-23T03:51:21.216+0000] {processor.py:183} INFO - Processing /home/airflow/.local/lib/python3.8/site-packages/airflow/example_dags/example_skip_dag.py took 0.201 seconds
[2026-03-23T03:51:51.583+0000] {processor.py:161} INFO - Started process (PID=208) to work on /home/airflow/.local/lib/python3.8/site-packages/airflow/example_dags/example_skip_dag.py
[2026-03-23T03:51:51.585+0000] {processor.py:830} INFO - Processing file /home/airflow/.local/lib/python3.8/site-packages/airflow/example_dags/example_skip_dag.py for tasks to queue
[2026-03-23T03:51:51.587+0000] {logging_mixin.py:188} INFO - [2026-03-23T03:51:51.586+0000] {dagbag.py:540} INFO - Filling up the DagBag from /home/airflow/.local/lib/python3.8/site-packages/airflow/example_dags/example_skip_dag.py
[2026-03-23T03:51:51.596+0000] {processor.py:840} INFO - DAG(s) 'example_skip_dag' retrieved from /home/airflow/.local/lib/python3.8/site-packages/airflow/example_dags/example_skip_dag.py
[2026-03-23T03:51:51.622+0000] {logging_mixin.py:188} INFO - [2026-03-23T03:51:51.622+0000] {dag.py:3047} INFO - Sync 1 DAGs
[2026-03-23T03:51:51.648+0000] {logging_mixin.py:188} INFO - [2026-03-23T03:51:51.648+0000] {dag.py:3834} INFO - Setting next_dagrun for example_skip_dag to 2026-03-22 00:00:00+00:00, run_after=2026-03-23 00:00:00+00:00
[2026-03-23T03:51:51.673+0000] {processor.py:183} INFO - Processing /home/airflow/.local/lib/python3.8/site-packages/airflow/example_dags/example_skip_dag.py took 0.093 seconds
[2026-03-23T03:52:21.902+0000] {processor.py:161} INFO - Started process (PID=263) to work on /home/airflow/.local/lib/python3.8/site-packages/airflow/example_dags/example_skip_dag.py
[2026-03-23T03:52:21.903+0000] {processor.py:830} INFO - Processing file /home/airflow/.local/lib/python3.8/site-packages/airflow/example_dags/example_skip_dag.py for tasks to queue
[2026-03-23T03:52:21.905+0000] {logging_mixin.py:188} INFO - [2026-03-23T03:52:21.904+0000] {dagbag.py:540} INFO - Filling up the DagBag from /home/airflow/.local/lib/python3.8/site-packages/airflow/example_dags/example_skip_dag.py
[2026-03-23T03:52:21.911+0000] {processor.py:840} INFO - DAG(s) 'example_skip_dag' retrieved from /home/airflow/.local/lib/python3.8/site-packages/airflow/example_dags/example_skip_dag.py
[2026-03-23T03:52:21.935+0000] {logging_mixin.py:188} INFO - [2026-03-23T03:52:21.935+0000] {dag.py:3047} INFO - Sync 1 DAGs
[2026-03-23T03:52:21.960+0000] {logging_mixin.py:188} INFO - [2026-03-23T03:52:21.959+0000] {dag.py:3834} INFO - Setting next_dagrun for example_skip_dag to 2026-03-22 00:00:00+00:00, run_after=2026-03-23 00:00:00+00:00
[2026-03-23T03:52:21.987+0000] {processor.py:183} INFO - Processing /home/airflow/.local/lib/python3.8/site-packages/airflow/example_dags/example_skip_dag.py took 0.088 seconds
[2026-03-23T03:52:52.763+0000] {processor.py:161} INFO - Started process (PID=318) to work on /home/airflow/.local/lib/python3.8/site-packages/airflow/example_dags/example_skip_dag.py
[2026-03-23T03:52:52.765+0000] {processor.py:830} INFO - Processing file /home/airflow/.local/lib/python3.8/site-packages/airflow/example_dags/example_skip_dag.py for tasks to queue
[2026-03-23T03:52:52.767+0000] {logging_mixin.py:188} INFO - [2026-03-23T03:52:52.767+0000] {dagbag.py:540} INFO - Filling up the DagBag from /home/airflow/.local/lib/python3.8/site-packages/airflow/example_dags/example_skip_dag.py
[2026-03-23T03:52:52.775+0000] {processor.py:840} INFO - DAG(s) 'example_skip_dag' retrieved from /home/airflow/.local/lib/python3.8/site-packages/airflow/example_dags/example_skip_dag.py
[2026-03-23T03:52:52.802+0000] {logging_mixin.py:188} INFO - [2026-03-23T03:52:52.801+0000] {dag.py:3047} INFO - Sync 1 DAGs
[2026-03-23T03:52:52.830+0000] {logging_mixin.py:188} INFO - [2026-03-23T03:52:52.830+0000] {dag.py:3834} INFO - Setting next_dagrun for example_skip_dag to 2026-03-22 00:00:00+00:00, run_after=2026-03-23 00:00:00+00:00
[2026-03-23T03:52:52.860+0000] {processor.py:183} INFO - Processing /home/airflow/.local/lib/python3.8/site-packages/airflow/example_dags/example_skip_dag.py took 0.100 seconds
[2026-03-23T03:53:23.504+0000] {processor.py:161} INFO - Started process (PID=373) to work on /home/airflow/.local/lib/python3.8/site-packages/airflow/example_dags/example_skip_dag.py
[2026-03-23T03:53:23.505+0000] {processor.py:830} INFO - Processing file /home/airflow/.local/lib/python3.8/site-packages/airflow/example_dags/example_skip_dag.py for tasks to queue
[2026-03-23T03:53:23.507+0000] {logging_mixin.py:188} INFO - [2026-03-23T03:53:23.507+0000] {dagbag.py:540} INFO - Filling up the DagBag from /home/airflow/.local/lib/python3.8/site-packages/airflow/example_dags/example_skip_dag.py
[2026-03-23T03:53:23.517+0000] {processor.py:840} INFO - DAG(s) 'example_skip_dag' retrieved from /home/airflow/.local/lib/python3.8/site-packages/airflow/example_dags/example_skip_dag.py
[2026-03-23T03:53:23.539+0000] {logging_mixin.py:188} INFO - [2026-03-23T03:53:23.539+0000] {dag.py:3047} INFO - Sync 1 DAGs
[2026-03-23T03:53:23.562+0000] {logging_mixin.py:188} INFO - [2026-03-23T03:53:23.562+0000] {dag.py:3834} INFO - Setting next_dagrun for example_skip_dag to 2026-03-22 00:00:00+00:00, run_after=2026-03-23 00:00:00+00:00
[2026-03-23T03:53:23.583+0000] {processor.py:183} INFO - Processing /home/airflow/.local/lib/python3.8/site-packages/airflow/example_dags/example_skip_dag.py took 0.082 seconds
[2026-03-23T03:53:53.929+0000] {processor.py:161} INFO - Started process (PID=428) to work on /home/airflow/.local/lib/python3.8/site-packages/airflow/example_dags/example_skip_dag.py
[2026-03-23T03:53:53.931+0000] {processor.py:830} INFO - Processing file /home/airflow/.local/lib/python3.8/site-packages/airflow/example_dags/example_skip_dag.py for tasks to queue
[2026-03-23T03:53:53.933+0000] {logging_mixin.py:188} INFO - [2026-03-23T03:53:53.933+0000] {dagbag.py:540} INFO - Filling up the DagBag from /home/airflow/.local/lib/python3.8/site-packages/airflow/example_dags/example_skip_dag.py
[2026-03-23T03:53:53.942+0000] {processor.py:840} INFO - DAG(s) 'example_skip_dag' retrieved from /home/airflow/.local/lib/python3.8/site-packages/airflow/example_dags/example_skip_dag.py
[2026-03-23T03:53:53.975+0000] {logging_mixin.py:188} INFO - [2026-03-23T03:53:53.975+0000] {dag.py:3047} INFO - Sync 1 DAGs
[2026-03-23T03:53:54.008+0000] {logging_mixin.py:188} INFO - [2026-03-23T03:53:54.008+0000] {dag.py:3834} INFO - Setting next_dagrun for example_skip_dag to 2026-03-22 00:00:00+00:00, run_after=2026-03-23 00:00:00+00:00
[2026-03-23T03:53:54.043+0000] {processor.py:183} INFO - Processing /home/airflow/.local/lib/python3.8/site-packages/airflow/example_dags/example_skip_dag.py took 0.118 seconds
[2026-03-23T03:54:24.220+0000] {processor.py:161} INFO - Started process (PID=483) to work on /home/airflow/.local/lib/python3.8/site-packages/airflow/example_dags/example_skip_dag.py
[2026-03-23T03:54:24.222+0000] {processor.py:830} INFO - Processing file /home/airflow/.local/lib/python3.8/site-packages/airflow/example_dags/example_skip_dag.py for tasks to queue
[2026-03-23T03:54:24.225+0000] {logging_mixin.py:188} INFO - [2026-03-23T03:54:24.224+0000] {dagbag.py:540} INFO - Filling up the DagBag from /home/airflow/.local/lib/python3.8/site-packages/airflow/example_dags/example_skip_dag.py
[2026-03-23T03:54:24.236+0000] {processor.py:840} INFO - DAG(s) 'example_skip_dag' retrieved from /home/airflow/.local/lib/python3.8/site-packages/airflow/example_dags/example_skip_dag.py
[2026-03-23T03:54:24.263+0000] {logging_mixin.py:188} INFO - [2026-03-23T03:54:24.263+0000] {dag.py:3047} INFO - Sync 1 DAGs
[2026-03-23T03:54:24.294+0000] {logging_mixin.py:188} INFO - [2026-03-23T03:54:24.293+0000] {dag.py:3834} INFO - Setting next_dagrun for example_skip_dag to 2026-03-22 00:00:00+00:00, run_after=2026-03-23 00:00:00+00:00
[2026-03-23T03:54:24.322+0000] {processor.py:183} INFO - Processing /home/airflow/.local/lib/python3.8/site-packages/airflow/example_dags/example_skip_dag.py took 0.107 seconds
[2026-03-23T03:54:54.639+0000] {processor.py:161} INFO - Started process (PID=538) to work on /home/airflow/.local/lib/python3.8/site-packages/airflow/example_dags/example_skip_dag.py
[2026-03-23T03:54:54.640+0000] {processor.py:830} INFO - Processing file /home/airflow/.local/lib/python3.8/site-packages/airflow/example_dags/example_skip_dag.py for tasks to queue
[2026-03-23T03:54:54.642+0000] {logging_mixin.py:188} INFO - [2026-03-23T03:54:54.642+0000] {dagbag.py:540} INFO - Filling up the DagBag from /home/airflow/.local/lib/python3.8/site-packages/airflow/example_dags/example_skip_dag.py
[2026-03-23T03:54:54.648+0000] {processor.py:840} INFO - DAG(s) 'example_skip_dag' retrieved from /home/airflow/.local/lib/python3.8/site-packages/airflow/example_dags/example_skip_dag.py
[2026-03-23T03:54:54.671+0000] {logging_mixin.py:188} INFO - [2026-03-23T03:54:54.671+0000] {dag.py:3047} INFO - Sync 1 DAGs
[2026-03-23T03:54:54.692+0000] {logging_mixin.py:188} INFO - [2026-03-23T03:54:54.692+0000] {dag.py:3834} INFO - Setting next_dagrun for example_skip_dag to 2026-03-22 00:00:00+00:00, run_after=2026-03-23 00:00:00+00:00
[2026-03-23T03:54:54.713+0000] {processor.py:183} INFO - Processing /home/airflow/.local/lib/python3.8/site-packages/airflow/example_dags/example_skip_dag.py took 0.077 seconds
[2026-03-23T03:55:24.789+0000] {processor.py:161} INFO - Started process (PID=593) to work on /home/airflow/.local/lib/python3.8/site-packages/airflow/example_dags/example_skip_dag.py
[2026-03-23T03:55:24.790+0000] {processor.py:830} INFO - Processing file /home/airflow/.local/lib/python3.8/site-packages/airflow/example_dags/example_skip_dag.py for tasks to queue
[2026-03-23T03:55:24.792+0000] {logging_mixin.py:188} INFO - [2026-03-23T03:55:24.792+0000] {dagbag.py:540} INFO - Filling up the DagBag from /home/airflow/.local/lib/python3.8/site-packages/airflow/example_dags/example_skip_dag.py
[2026-03-23T03:55:24.800+0000] {processor.py:840} INFO - DAG(s) 'example_skip_dag' retrieved from /home/airflow/.local/lib/python3.8/site-packages/airflow/example_dags/example_skip_dag.py
[2026-03-23T03:55:24.825+0000] {logging_mixin.py:188} INFO - [2026-03-23T03:55:24.825+0000] {dag.py:3047} INFO - Sync 1 DAGs
[2026-03-23T03:55:24.852+0000] {logging_mixin.py:188} INFO - [2026-03-23T03:55:24.852+0000] {dag.py:3834} INFO - Setting next_dagrun for example_skip_dag to 2026-03-22 00:00:00+00:00, run_after=2026-03-23 00:00:00+00:00
[2026-03-23T03:55:24.877+0000] {processor.py:183} INFO - Processing /home/airflow/.local/lib/python3.8/site-packages/airflow/example_dags/example_skip_dag.py took 0.091 seconds
[2026-03-23T03:55:55.086+0000] {processor.py:161} INFO - Started process (PID=648) to work on /home/airflow/.local/lib/python3.8/site-packages/airflow/example_dags/example_skip_dag.py
[2026-03-23T03:55:55.088+0000] {processor.py:830} INFO - Processing file /home/airflow/.local/lib/python3.8/site-packages/airflow/example_dags/example_skip_dag.py for tasks to queue
[2026-03-23T03:55:55.089+0000] {logging_mixin.py:188} INFO - [2026-03-23T03:55:55.089+0000] {dagbag.py:540} INFO - Filling up the DagBag from /home/airflow/.local/lib/python3.8/site-packages/airflow/example_dags/example_skip_dag.py
[2026-03-23T03:55:55.095+0000] {processor.py:840} INFO - DAG(s) 'example_skip_dag' retrieved from /home/airflow/.local/lib/python3.8/site-packages/airflow/example_dags/example_skip_dag.py
[2026-03-23T03:55:55.116+0000] {logging_mixin.py:188} INFO - [2026-03-23T03:55:55.116+0000] {dag.py:3047} INFO - Sync 1 DAGs
[2026-03-23T03:55:55.136+0000] {logging_mixin.py:188} INFO - [2026-03-23T03:55:55.136+0000] {dag.py:3834} INFO - Setting next_dagrun for example_skip_dag to 2026-03-22 00:00:00+00:00, run_after=2026-03-23 00:00:00+00:00
[2026-03-23T03:55:55.157+0000] {processor.py:183} INFO - Processing /home/airflow/.local/lib/python3.8/site-packages/airflow/example_dags/example_skip_dag.py took 0.073 seconds
[2026-03-23T03:56:25.383+0000] {processor.py:161} INFO - Started process (PID=703) to work on /home/airflow/.local/lib/python3.8/site-packages/airflow/example_dags/example_skip_dag.py
[2026-03-23T03:56:25.385+0000] {processor.py:830} INFO - Processing file /home/airflow/.local/lib/python3.8/site-packages/airflow/example_dags/example_skip_dag.py for tasks to queue
[2026-03-23T03:56:25.387+0000] {logging_mixin.py:188} INFO - [2026-03-23T03:56:25.387+0000] {dagbag.py:540} INFO - Filling up the DagBag from /home/airflow/.local/lib/python3.8/site-packages/airflow/example_dags/example_skip_dag.py
[2026-03-23T03:56:25.393+0000] {processor.py:840} INFO - DAG(s) 'example_skip_dag' retrieved from /home/airflow/.local/lib/python3.8/site-packages/airflow/example_dags/example_skip_dag.py
[2026-03-23T03:56:25.418+0000] {logging_mixin.py:188} INFO - [2026-03-23T03:56:25.417+0000] {dag.py:3047} INFO - Sync 1 DAGs
[2026-03-23T03:56:25.444+0000] {logging_mixin.py:188} INFO - [2026-03-23T03:56:25.444+0000] {dag.py:3834} INFO - Setting next_dagrun for example_skip_dag to 2026-03-22 00:00:00+00:00, run_after=2026-03-23 00:00:00+00:00
[2026-03-23T03:56:25.472+0000] {processor.py:183} INFO - Processing /home/airflow/.local/lib/python3.8/site-packages/airflow/example_dags/example_skip_dag.py took 0.091 seconds
