[2026-03-23T03:21:13.951+0000] {processor.py:161} INFO - Started process (PID=65) to work on /home/airflow/.local/lib/python3.8/site-packages/airflow/example_dags/example_xcomargs.py
[2026-03-23T03:21:13.952+0000] {processor.py:830} INFO - Processing file /home/airflow/.local/lib/python3.8/site-packages/airflow/example_dags/example_xcomargs.py for tasks to queue
[2026-03-23T03:21:13.953+0000] {logging_mixin.py:188} INFO - [2026-03-23T03:21:13.953+0000] {dagbag.py:540} INFO - Filling up the DagBag from /home/airflow/.local/lib/python3.8/site-packages/airflow/example_dags/example_xcomargs.py
[2026-03-23T03:21:13.961+0000] {processor.py:840} INFO - DAG(s) 'example_xcom_args', 'example_xcom_args_with_operators' retrieved from /home/airflow/.local/lib/python3.8/site-packages/airflow/example_dags/example_xcomargs.py
[2026-03-23T03:21:13.977+0000] {logging_mixin.py:188} INFO - [2026-03-23T03:21:13.977+0000] {dag.py:3047} INFO - Sync 2 DAGs
[2026-03-23T03:21:13.995+0000] {logging_mixin.py:188} INFO - [2026-03-23T03:21:13.994+0000] {dag.py:3834} INFO - Setting next_dagrun for example_xcom_args to None, run_after=None
[2026-03-23T03:21:14.000+0000] {logging_mixin.py:188} INFO - [2026-03-23T03:21:13.999+0000] {dag.py:3834} INFO - Setting next_dagrun for example_xcom_args_with_operators to None, run_after=None
[2026-03-23T03:21:14.024+0000] {processor.py:183} INFO - Processing /home/airflow/.local/lib/python3.8/site-packages/airflow/example_dags/example_xcomargs.py took 0.076 seconds
[2026-03-23T03:21:44.265+0000] {processor.py:161} INFO - Started process (PID=120) to work on /home/airflow/.local/lib/python3.8/site-packages/airflow/example_dags/example_xcomargs.py
[2026-03-23T03:21:44.266+0000] {processor.py:830} INFO - Processing file /home/airflow/.local/lib/python3.8/site-packages/airflow/example_dags/example_xcomargs.py for tasks to queue
[2026-03-23T03:21:44.268+0000] {logging_mixin.py:188} INFO - [2026-03-23T03:21:44.268+0000] {dagbag.py:540} INFO - Filling up the DagBag from /home/airflow/.local/lib/python3.8/site-packages/airflow/example_dags/example_xcomargs.py
[2026-03-23T03:21:44.275+0000] {processor.py:840} INFO - DAG(s) 'example_xcom_args', 'example_xcom_args_with_operators' retrieved from /home/airflow/.local/lib/python3.8/site-packages/airflow/example_dags/example_xcomargs.py
[2026-03-23T03:21:44.288+0000] {logging_mixin.py:188} INFO - [2026-03-23T03:21:44.288+0000] {dag.py:3047} INFO - Sync 2 DAGs
[2026-03-23T03:21:44.302+0000] {logging_mixin.py:188} INFO - [2026-03-23T03:21:44.302+0000] {dag.py:3834} INFO - Setting next_dagrun for example_xcom_args to None, run_after=None
[2026-03-23T03:21:44.307+0000] {logging_mixin.py:188} INFO - [2026-03-23T03:21:44.307+0000] {dag.py:3834} INFO - Setting next_dagrun for example_xcom_args_with_operators to None, run_after=None
[2026-03-23T03:21:44.328+0000] {processor.py:183} INFO - Processing /home/airflow/.local/lib/python3.8/site-packages/airflow/example_dags/example_xcomargs.py took 0.065 seconds
[2026-03-23T03:22:15.406+0000] {processor.py:161} INFO - Started process (PID=175) to work on /home/airflow/.local/lib/python3.8/site-packages/airflow/example_dags/example_xcomargs.py
[2026-03-23T03:22:15.408+0000] {processor.py:830} INFO - Processing file /home/airflow/.local/lib/python3.8/site-packages/airflow/example_dags/example_xcomargs.py for tasks to queue
[2026-03-23T03:22:15.409+0000] {logging_mixin.py:188} INFO - [2026-03-23T03:22:15.409+0000] {dagbag.py:540} INFO - Filling up the DagBag from /home/airflow/.local/lib/python3.8/site-packages/airflow/example_dags/example_xcomargs.py
[2026-03-23T03:22:15.418+0000] {processor.py:840} INFO - DAG(s) 'example_xcom_args', 'example_xcom_args_with_operators' retrieved from /home/airflow/.local/lib/python3.8/site-packages/airflow/example_dags/example_xcomargs.py
[2026-03-23T03:22:15.535+0000] {logging_mixin.py:188} INFO - [2026-03-23T03:22:15.535+0000] {dag.py:3047} INFO - Sync 2 DAGs
[2026-03-23T03:22:15.550+0000] {logging_mixin.py:188} INFO - [2026-03-23T03:22:15.550+0000] {dag.py:3834} INFO - Setting next_dagrun for example_xcom_args to None, run_after=None
[2026-03-23T03:22:15.554+0000] {logging_mixin.py:188} INFO - [2026-03-23T03:22:15.553+0000] {dag.py:3834} INFO - Setting next_dagrun for example_xcom_args_with_operators to None, run_after=None
[2026-03-23T03:22:15.577+0000] {processor.py:183} INFO - Processing /home/airflow/.local/lib/python3.8/site-packages/airflow/example_dags/example_xcomargs.py took 0.174 seconds
[2026-03-23T03:22:45.949+0000] {processor.py:161} INFO - Started process (PID=230) to work on /home/airflow/.local/lib/python3.8/site-packages/airflow/example_dags/example_xcomargs.py
[2026-03-23T03:22:45.951+0000] {processor.py:830} INFO - Processing file /home/airflow/.local/lib/python3.8/site-packages/airflow/example_dags/example_xcomargs.py for tasks to queue
[2026-03-23T03:22:45.953+0000] {logging_mixin.py:188} INFO - [2026-03-23T03:22:45.953+0000] {dagbag.py:540} INFO - Filling up the DagBag from /home/airflow/.local/lib/python3.8/site-packages/airflow/example_dags/example_xcomargs.py
[2026-03-23T03:22:45.960+0000] {processor.py:840} INFO - DAG(s) 'example_xcom_args_with_operators', 'example_xcom_args' retrieved from /home/airflow/.local/lib/python3.8/site-packages/airflow/example_dags/example_xcomargs.py
[2026-03-23T03:22:45.985+0000] {logging_mixin.py:188} INFO - [2026-03-23T03:22:45.985+0000] {dag.py:3047} INFO - Sync 2 DAGs
[2026-03-23T03:22:45.997+0000] {logging_mixin.py:188} INFO - [2026-03-23T03:22:45.997+0000] {dag.py:3834} INFO - Setting next_dagrun for example_xcom_args to None, run_after=None
[2026-03-23T03:22:46.002+0000] {logging_mixin.py:188} INFO - [2026-03-23T03:22:46.001+0000] {dag.py:3834} INFO - Setting next_dagrun for example_xcom_args_with_operators to None, run_after=None
[2026-03-23T03:22:46.022+0000] {processor.py:183} INFO - Processing /home/airflow/.local/lib/python3.8/site-packages/airflow/example_dags/example_xcomargs.py took 0.077 seconds
[2026-03-23T03:23:16.099+0000] {processor.py:161} INFO - Started process (PID=285) to work on /home/airflow/.local/lib/python3.8/site-packages/airflow/example_dags/example_xcomargs.py
[2026-03-23T03:23:16.100+0000] {processor.py:830} INFO - Processing file /home/airflow/.local/lib/python3.8/site-packages/airflow/example_dags/example_xcomargs.py for tasks to queue
[2026-03-23T03:23:16.103+0000] {logging_mixin.py:188} INFO - [2026-03-23T03:23:16.102+0000] {dagbag.py:540} INFO - Filling up the DagBag from /home/airflow/.local/lib/python3.8/site-packages/airflow/example_dags/example_xcomargs.py
[2026-03-23T03:23:16.110+0000] {processor.py:840} INFO - DAG(s) 'example_xcom_args', 'example_xcom_args_with_operators' retrieved from /home/airflow/.local/lib/python3.8/site-packages/airflow/example_dags/example_xcomargs.py
[2026-03-23T03:23:16.130+0000] {logging_mixin.py:188} INFO - [2026-03-23T03:23:16.130+0000] {dag.py:3047} INFO - Sync 2 DAGs
[2026-03-23T03:23:16.144+0000] {logging_mixin.py:188} INFO - [2026-03-23T03:23:16.143+0000] {dag.py:3834} INFO - Setting next_dagrun for example_xcom_args to None, run_after=None
[2026-03-23T03:23:16.148+0000] {logging_mixin.py:188} INFO - [2026-03-23T03:23:16.148+0000] {dag.py:3834} INFO - Setting next_dagrun for example_xcom_args_with_operators to None, run_after=None
[2026-03-23T03:23:16.166+0000] {processor.py:183} INFO - Processing /home/airflow/.local/lib/python3.8/site-packages/airflow/example_dags/example_xcomargs.py took 0.069 seconds
[2026-03-23T03:25:08.176+0000] {processor.py:161} INFO - Started process (PID=65) to work on /home/airflow/.local/lib/python3.8/site-packages/airflow/example_dags/example_xcomargs.py
[2026-03-23T03:25:08.177+0000] {processor.py:830} INFO - Processing file /home/airflow/.local/lib/python3.8/site-packages/airflow/example_dags/example_xcomargs.py for tasks to queue
[2026-03-23T03:25:08.180+0000] {logging_mixin.py:188} INFO - [2026-03-23T03:25:08.179+0000] {dagbag.py:540} INFO - Filling up the DagBag from /home/airflow/.local/lib/python3.8/site-packages/airflow/example_dags/example_xcomargs.py
[2026-03-23T03:25:08.192+0000] {processor.py:840} INFO - DAG(s) 'example_xcom_args', 'example_xcom_args_with_operators' retrieved from /home/airflow/.local/lib/python3.8/site-packages/airflow/example_dags/example_xcomargs.py
[2026-03-23T03:25:08.213+0000] {logging_mixin.py:188} INFO - [2026-03-23T03:25:08.212+0000] {dag.py:3047} INFO - Sync 2 DAGs
[2026-03-23T03:25:08.233+0000] {logging_mixin.py:188} INFO - [2026-03-23T03:25:08.232+0000] {dag.py:3834} INFO - Setting next_dagrun for example_xcom_args to None, run_after=None
[2026-03-23T03:25:08.239+0000] {logging_mixin.py:188} INFO - [2026-03-23T03:25:08.238+0000] {dag.py:3834} INFO - Setting next_dagrun for example_xcom_args_with_operators to None, run_after=None
[2026-03-23T03:25:08.269+0000] {processor.py:183} INFO - Processing /home/airflow/.local/lib/python3.8/site-packages/airflow/example_dags/example_xcomargs.py took 0.096 seconds
[2026-03-23T03:25:39.248+0000] {processor.py:161} INFO - Started process (PID=120) to work on /home/airflow/.local/lib/python3.8/site-packages/airflow/example_dags/example_xcomargs.py
[2026-03-23T03:25:39.250+0000] {processor.py:830} INFO - Processing file /home/airflow/.local/lib/python3.8/site-packages/airflow/example_dags/example_xcomargs.py for tasks to queue
[2026-03-23T03:25:39.252+0000] {logging_mixin.py:188} INFO - [2026-03-23T03:25:39.252+0000] {dagbag.py:540} INFO - Filling up the DagBag from /home/airflow/.local/lib/python3.8/site-packages/airflow/example_dags/example_xcomargs.py
[2026-03-23T03:25:39.262+0000] {processor.py:840} INFO - DAG(s) 'example_xcom_args', 'example_xcom_args_with_operators' retrieved from /home/airflow/.local/lib/python3.8/site-packages/airflow/example_dags/example_xcomargs.py
[2026-03-23T03:25:39.393+0000] {logging_mixin.py:188} INFO - [2026-03-23T03:25:39.392+0000] {dag.py:3047} INFO - Sync 2 DAGs
[2026-03-23T03:25:39.406+0000] {logging_mixin.py:188} INFO - [2026-03-23T03:25:39.405+0000] {dag.py:3834} INFO - Setting next_dagrun for example_xcom_args to None, run_after=None
[2026-03-23T03:25:39.410+0000] {logging_mixin.py:188} INFO - [2026-03-23T03:25:39.410+0000] {dag.py:3834} INFO - Setting next_dagrun for example_xcom_args_with_operators to None, run_after=None
[2026-03-23T03:25:39.435+0000] {processor.py:183} INFO - Processing /home/airflow/.local/lib/python3.8/site-packages/airflow/example_dags/example_xcomargs.py took 0.190 seconds
[2026-03-23T03:26:09.467+0000] {processor.py:161} INFO - Started process (PID=175) to work on /home/airflow/.local/lib/python3.8/site-packages/airflow/example_dags/example_xcomargs.py
[2026-03-23T03:26:09.468+0000] {processor.py:830} INFO - Processing file /home/airflow/.local/lib/python3.8/site-packages/airflow/example_dags/example_xcomargs.py for tasks to queue
[2026-03-23T03:26:09.470+0000] {logging_mixin.py:188} INFO - [2026-03-23T03:26:09.469+0000] {dagbag.py:540} INFO - Filling up the DagBag from /home/airflow/.local/lib/python3.8/site-packages/airflow/example_dags/example_xcomargs.py
[2026-03-23T03:26:09.477+0000] {processor.py:840} INFO - DAG(s) 'example_xcom_args_with_operators', 'example_xcom_args' retrieved from /home/airflow/.local/lib/python3.8/site-packages/airflow/example_dags/example_xcomargs.py
[2026-03-23T03:26:09.503+0000] {logging_mixin.py:188} INFO - [2026-03-23T03:26:09.503+0000] {dag.py:3047} INFO - Sync 2 DAGs
[2026-03-23T03:26:09.518+0000] {logging_mixin.py:188} INFO - [2026-03-23T03:26:09.518+0000] {dag.py:3834} INFO - Setting next_dagrun for example_xcom_args to None, run_after=None
[2026-03-23T03:26:09.524+0000] {logging_mixin.py:188} INFO - [2026-03-23T03:26:09.523+0000] {dag.py:3834} INFO - Setting next_dagrun for example_xcom_args_with_operators to None, run_after=None
[2026-03-23T03:26:09.550+0000] {processor.py:183} INFO - Processing /home/airflow/.local/lib/python3.8/site-packages/airflow/example_dags/example_xcomargs.py took 0.086 seconds
[2026-03-23T03:26:40.322+0000] {processor.py:161} INFO - Started process (PID=230) to work on /home/airflow/.local/lib/python3.8/site-packages/airflow/example_dags/example_xcomargs.py
[2026-03-23T03:26:40.323+0000] {processor.py:830} INFO - Processing file /home/airflow/.local/lib/python3.8/site-packages/airflow/example_dags/example_xcomargs.py for tasks to queue
[2026-03-23T03:26:40.324+0000] {logging_mixin.py:188} INFO - [2026-03-23T03:26:40.324+0000] {dagbag.py:540} INFO - Filling up the DagBag from /home/airflow/.local/lib/python3.8/site-packages/airflow/example_dags/example_xcomargs.py
[2026-03-23T03:26:40.332+0000] {processor.py:840} INFO - DAG(s) 'example_xcom_args', 'example_xcom_args_with_operators' retrieved from /home/airflow/.local/lib/python3.8/site-packages/airflow/example_dags/example_xcomargs.py
[2026-03-23T03:26:40.357+0000] {logging_mixin.py:188} INFO - [2026-03-23T03:26:40.357+0000] {dag.py:3047} INFO - Sync 2 DAGs
[2026-03-23T03:26:40.370+0000] {logging_mixin.py:188} INFO - [2026-03-23T03:26:40.370+0000] {dag.py:3834} INFO - Setting next_dagrun for example_xcom_args to None, run_after=None
[2026-03-23T03:26:40.374+0000] {logging_mixin.py:188} INFO - [2026-03-23T03:26:40.374+0000] {dag.py:3834} INFO - Setting next_dagrun for example_xcom_args_with_operators to None, run_after=None
[2026-03-23T03:26:40.395+0000] {processor.py:183} INFO - Processing /home/airflow/.local/lib/python3.8/site-packages/airflow/example_dags/example_xcomargs.py took 0.076 seconds
[2026-03-23T03:27:10.729+0000] {processor.py:161} INFO - Started process (PID=285) to work on /home/airflow/.local/lib/python3.8/site-packages/airflow/example_dags/example_xcomargs.py
[2026-03-23T03:27:10.731+0000] {processor.py:830} INFO - Processing file /home/airflow/.local/lib/python3.8/site-packages/airflow/example_dags/example_xcomargs.py for tasks to queue
[2026-03-23T03:27:10.732+0000] {logging_mixin.py:188} INFO - [2026-03-23T03:27:10.732+0000] {dagbag.py:540} INFO - Filling up the DagBag from /home/airflow/.local/lib/python3.8/site-packages/airflow/example_dags/example_xcomargs.py
[2026-03-23T03:27:10.741+0000] {processor.py:840} INFO - DAG(s) 'example_xcom_args_with_operators', 'example_xcom_args' retrieved from /home/airflow/.local/lib/python3.8/site-packages/airflow/example_dags/example_xcomargs.py
[2026-03-23T03:27:10.766+0000] {logging_mixin.py:188} INFO - [2026-03-23T03:27:10.766+0000] {dag.py:3047} INFO - Sync 2 DAGs
[2026-03-23T03:27:10.782+0000] {logging_mixin.py:188} INFO - [2026-03-23T03:27:10.781+0000] {dag.py:3834} INFO - Setting next_dagrun for example_xcom_args to None, run_after=None
[2026-03-23T03:27:10.786+0000] {logging_mixin.py:188} INFO - [2026-03-23T03:27:10.786+0000] {dag.py:3834} INFO - Setting next_dagrun for example_xcom_args_with_operators to None, run_after=None
[2026-03-23T03:27:10.811+0000] {processor.py:183} INFO - Processing /home/airflow/.local/lib/python3.8/site-packages/airflow/example_dags/example_xcomargs.py took 0.084 seconds
[2026-03-23T03:27:40.903+0000] {processor.py:161} INFO - Started process (PID=340) to work on /home/airflow/.local/lib/python3.8/site-packages/airflow/example_dags/example_xcomargs.py
[2026-03-23T03:27:40.904+0000] {processor.py:830} INFO - Processing file /home/airflow/.local/lib/python3.8/site-packages/airflow/example_dags/example_xcomargs.py for tasks to queue
[2026-03-23T03:27:40.907+0000] {logging_mixin.py:188} INFO - [2026-03-23T03:27:40.906+0000] {dagbag.py:540} INFO - Filling up the DagBag from /home/airflow/.local/lib/python3.8/site-packages/airflow/example_dags/example_xcomargs.py
[2026-03-23T03:27:40.915+0000] {processor.py:840} INFO - DAG(s) 'example_xcom_args_with_operators', 'example_xcom_args' retrieved from /home/airflow/.local/lib/python3.8/site-packages/airflow/example_dags/example_xcomargs.py
[2026-03-23T03:27:40.940+0000] {logging_mixin.py:188} INFO - [2026-03-23T03:27:40.940+0000] {dag.py:3047} INFO - Sync 2 DAGs
[2026-03-23T03:27:40.954+0000] {logging_mixin.py:188} INFO - [2026-03-23T03:27:40.954+0000] {dag.py:3834} INFO - Setting next_dagrun for example_xcom_args to None, run_after=None
[2026-03-23T03:27:40.959+0000] {logging_mixin.py:188} INFO - [2026-03-23T03:27:40.958+0000] {dag.py:3834} INFO - Setting next_dagrun for example_xcom_args_with_operators to None, run_after=None
[2026-03-23T03:27:40.980+0000] {processor.py:183} INFO - Processing /home/airflow/.local/lib/python3.8/site-packages/airflow/example_dags/example_xcomargs.py took 0.080 seconds
[2026-03-23T03:28:11.176+0000] {processor.py:161} INFO - Started process (PID=395) to work on /home/airflow/.local/lib/python3.8/site-packages/airflow/example_dags/example_xcomargs.py
[2026-03-23T03:28:11.177+0000] {processor.py:830} INFO - Processing file /home/airflow/.local/lib/python3.8/site-packages/airflow/example_dags/example_xcomargs.py for tasks to queue
[2026-03-23T03:28:11.179+0000] {logging_mixin.py:188} INFO - [2026-03-23T03:28:11.179+0000] {dagbag.py:540} INFO - Filling up the DagBag from /home/airflow/.local/lib/python3.8/site-packages/airflow/example_dags/example_xcomargs.py
[2026-03-23T03:28:11.187+0000] {processor.py:840} INFO - DAG(s) 'example_xcom_args_with_operators', 'example_xcom_args' retrieved from /home/airflow/.local/lib/python3.8/site-packages/airflow/example_dags/example_xcomargs.py
[2026-03-23T03:28:11.217+0000] {logging_mixin.py:188} INFO - [2026-03-23T03:28:11.217+0000] {dag.py:3047} INFO - Sync 2 DAGs
[2026-03-23T03:28:11.231+0000] {logging_mixin.py:188} INFO - [2026-03-23T03:28:11.231+0000] {dag.py:3834} INFO - Setting next_dagrun for example_xcom_args to None, run_after=None
[2026-03-23T03:28:11.236+0000] {logging_mixin.py:188} INFO - [2026-03-23T03:28:11.236+0000] {dag.py:3834} INFO - Setting next_dagrun for example_xcom_args_with_operators to None, run_after=None
[2026-03-23T03:28:11.258+0000] {processor.py:183} INFO - Processing /home/airflow/.local/lib/python3.8/site-packages/airflow/example_dags/example_xcomargs.py took 0.085 seconds
[2026-03-23T03:28:41.765+0000] {processor.py:161} INFO - Started process (PID=450) to work on /home/airflow/.local/lib/python3.8/site-packages/airflow/example_dags/example_xcomargs.py
[2026-03-23T03:28:41.766+0000] {processor.py:830} INFO - Processing file /home/airflow/.local/lib/python3.8/site-packages/airflow/example_dags/example_xcomargs.py for tasks to queue
[2026-03-23T03:28:41.768+0000] {logging_mixin.py:188} INFO - [2026-03-23T03:28:41.768+0000] {dagbag.py:540} INFO - Filling up the DagBag from /home/airflow/.local/lib/python3.8/site-packages/airflow/example_dags/example_xcomargs.py
[2026-03-23T03:28:41.776+0000] {processor.py:840} INFO - DAG(s) 'example_xcom_args', 'example_xcom_args_with_operators' retrieved from /home/airflow/.local/lib/python3.8/site-packages/airflow/example_dags/example_xcomargs.py
[2026-03-23T03:28:41.801+0000] {logging_mixin.py:188} INFO - [2026-03-23T03:28:41.801+0000] {dag.py:3047} INFO - Sync 2 DAGs
[2026-03-23T03:28:41.814+0000] {logging_mixin.py:188} INFO - [2026-03-23T03:28:41.814+0000] {dag.py:3834} INFO - Setting next_dagrun for example_xcom_args to None, run_after=None
[2026-03-23T03:28:41.819+0000] {logging_mixin.py:188} INFO - [2026-03-23T03:28:41.819+0000] {dag.py:3834} INFO - Setting next_dagrun for example_xcom_args_with_operators to None, run_after=None
[2026-03-23T03:28:41.845+0000] {processor.py:183} INFO - Processing /home/airflow/.local/lib/python3.8/site-packages/airflow/example_dags/example_xcomargs.py took 0.083 seconds
[2026-03-23T03:29:11.945+0000] {processor.py:161} INFO - Started process (PID=505) to work on /home/airflow/.local/lib/python3.8/site-packages/airflow/example_dags/example_xcomargs.py
[2026-03-23T03:29:11.946+0000] {processor.py:830} INFO - Processing file /home/airflow/.local/lib/python3.8/site-packages/airflow/example_dags/example_xcomargs.py for tasks to queue
[2026-03-23T03:29:11.948+0000] {logging_mixin.py:188} INFO - [2026-03-23T03:29:11.948+0000] {dagbag.py:540} INFO - Filling up the DagBag from /home/airflow/.local/lib/python3.8/site-packages/airflow/example_dags/example_xcomargs.py
[2026-03-23T03:29:11.956+0000] {processor.py:840} INFO - DAG(s) 'example_xcom_args_with_operators', 'example_xcom_args' retrieved from /home/airflow/.local/lib/python3.8/site-packages/airflow/example_dags/example_xcomargs.py
[2026-03-23T03:29:11.984+0000] {logging_mixin.py:188} INFO - [2026-03-23T03:29:11.984+0000] {dag.py:3047} INFO - Sync 2 DAGs
[2026-03-23T03:29:11.998+0000] {logging_mixin.py:188} INFO - [2026-03-23T03:29:11.998+0000] {dag.py:3834} INFO - Setting next_dagrun for example_xcom_args to None, run_after=None
[2026-03-23T03:29:12.002+0000] {logging_mixin.py:188} INFO - [2026-03-23T03:29:12.002+0000] {dag.py:3834} INFO - Setting next_dagrun for example_xcom_args_with_operators to None, run_after=None
[2026-03-23T03:29:12.021+0000] {processor.py:183} INFO - Processing /home/airflow/.local/lib/python3.8/site-packages/airflow/example_dags/example_xcomargs.py took 0.080 seconds
[2026-03-23T03:29:42.254+0000] {processor.py:161} INFO - Started process (PID=566) to work on /home/airflow/.local/lib/python3.8/site-packages/airflow/example_dags/example_xcomargs.py
[2026-03-23T03:29:42.256+0000] {processor.py:830} INFO - Processing file /home/airflow/.local/lib/python3.8/site-packages/airflow/example_dags/example_xcomargs.py for tasks to queue
[2026-03-23T03:29:42.258+0000] {logging_mixin.py:188} INFO - [2026-03-23T03:29:42.257+0000] {dagbag.py:540} INFO - Filling up the DagBag from /home/airflow/.local/lib/python3.8/site-packages/airflow/example_dags/example_xcomargs.py
[2026-03-23T03:29:42.266+0000] {processor.py:840} INFO - DAG(s) 'example_xcom_args_with_operators', 'example_xcom_args' retrieved from /home/airflow/.local/lib/python3.8/site-packages/airflow/example_dags/example_xcomargs.py
[2026-03-23T03:29:42.290+0000] {logging_mixin.py:188} INFO - [2026-03-23T03:29:42.289+0000] {dag.py:3047} INFO - Sync 2 DAGs
[2026-03-23T03:29:42.302+0000] {logging_mixin.py:188} INFO - [2026-03-23T03:29:42.302+0000] {dag.py:3834} INFO - Setting next_dagrun for example_xcom_args to None, run_after=None
[2026-03-23T03:29:42.305+0000] {logging_mixin.py:188} INFO - [2026-03-23T03:29:42.305+0000] {dag.py:3834} INFO - Setting next_dagrun for example_xcom_args_with_operators to None, run_after=None
[2026-03-23T03:29:42.327+0000] {processor.py:183} INFO - Processing /home/airflow/.local/lib/python3.8/site-packages/airflow/example_dags/example_xcomargs.py took 0.077 seconds
[2026-03-23T03:30:12.504+0000] {processor.py:161} INFO - Started process (PID=621) to work on /home/airflow/.local/lib/python3.8/site-packages/airflow/example_dags/example_xcomargs.py
[2026-03-23T03:30:12.506+0000] {processor.py:830} INFO - Processing file /home/airflow/.local/lib/python3.8/site-packages/airflow/example_dags/example_xcomargs.py for tasks to queue
[2026-03-23T03:30:12.508+0000] {logging_mixin.py:188} INFO - [2026-03-23T03:30:12.507+0000] {dagbag.py:540} INFO - Filling up the DagBag from /home/airflow/.local/lib/python3.8/site-packages/airflow/example_dags/example_xcomargs.py
[2026-03-23T03:30:12.516+0000] {processor.py:840} INFO - DAG(s) 'example_xcom_args_with_operators', 'example_xcom_args' retrieved from /home/airflow/.local/lib/python3.8/site-packages/airflow/example_dags/example_xcomargs.py
[2026-03-23T03:30:12.543+0000] {logging_mixin.py:188} INFO - [2026-03-23T03:30:12.542+0000] {dag.py:3047} INFO - Sync 2 DAGs
[2026-03-23T03:30:12.556+0000] {logging_mixin.py:188} INFO - [2026-03-23T03:30:12.555+0000] {dag.py:3834} INFO - Setting next_dagrun for example_xcom_args to None, run_after=None
[2026-03-23T03:30:12.560+0000] {logging_mixin.py:188} INFO - [2026-03-23T03:30:12.559+0000] {dag.py:3834} INFO - Setting next_dagrun for example_xcom_args_with_operators to None, run_after=None
[2026-03-23T03:30:12.582+0000] {processor.py:183} INFO - Processing /home/airflow/.local/lib/python3.8/site-packages/airflow/example_dags/example_xcomargs.py took 0.082 seconds
[2026-03-23T03:30:42.892+0000] {processor.py:161} INFO - Started process (PID=676) to work on /home/airflow/.local/lib/python3.8/site-packages/airflow/example_dags/example_xcomargs.py
[2026-03-23T03:30:42.894+0000] {processor.py:830} INFO - Processing file /home/airflow/.local/lib/python3.8/site-packages/airflow/example_dags/example_xcomargs.py for tasks to queue
[2026-03-23T03:30:42.896+0000] {logging_mixin.py:188} INFO - [2026-03-23T03:30:42.895+0000] {dagbag.py:540} INFO - Filling up the DagBag from /home/airflow/.local/lib/python3.8/site-packages/airflow/example_dags/example_xcomargs.py
[2026-03-23T03:30:42.904+0000] {processor.py:840} INFO - DAG(s) 'example_xcom_args_with_operators', 'example_xcom_args' retrieved from /home/airflow/.local/lib/python3.8/site-packages/airflow/example_dags/example_xcomargs.py
[2026-03-23T03:30:42.930+0000] {logging_mixin.py:188} INFO - [2026-03-23T03:30:42.929+0000] {dag.py:3047} INFO - Sync 2 DAGs
[2026-03-23T03:30:42.944+0000] {logging_mixin.py:188} INFO - [2026-03-23T03:30:42.943+0000] {dag.py:3834} INFO - Setting next_dagrun for example_xcom_args to None, run_after=None
[2026-03-23T03:30:42.948+0000] {logging_mixin.py:188} INFO - [2026-03-23T03:30:42.948+0000] {dag.py:3834} INFO - Setting next_dagrun for example_xcom_args_with_operators to None, run_after=None
[2026-03-23T03:30:42.969+0000] {processor.py:183} INFO - Processing /home/airflow/.local/lib/python3.8/site-packages/airflow/example_dags/example_xcomargs.py took 0.081 seconds
[2026-03-23T03:31:13.105+0000] {processor.py:161} INFO - Started process (PID=731) to work on /home/airflow/.local/lib/python3.8/site-packages/airflow/example_dags/example_xcomargs.py
[2026-03-23T03:31:13.106+0000] {processor.py:830} INFO - Processing file /home/airflow/.local/lib/python3.8/site-packages/airflow/example_dags/example_xcomargs.py for tasks to queue
[2026-03-23T03:31:13.108+0000] {logging_mixin.py:188} INFO - [2026-03-23T03:31:13.107+0000] {dagbag.py:540} INFO - Filling up the DagBag from /home/airflow/.local/lib/python3.8/site-packages/airflow/example_dags/example_xcomargs.py
[2026-03-23T03:31:13.114+0000] {processor.py:840} INFO - DAG(s) 'example_xcom_args_with_operators', 'example_xcom_args' retrieved from /home/airflow/.local/lib/python3.8/site-packages/airflow/example_dags/example_xcomargs.py
[2026-03-23T03:31:13.136+0000] {logging_mixin.py:188} INFO - [2026-03-23T03:31:13.135+0000] {dag.py:3047} INFO - Sync 2 DAGs
[2026-03-23T03:31:13.148+0000] {logging_mixin.py:188} INFO - [2026-03-23T03:31:13.147+0000] {dag.py:3834} INFO - Setting next_dagrun for example_xcom_args to None, run_after=None
[2026-03-23T03:31:13.152+0000] {logging_mixin.py:188} INFO - [2026-03-23T03:31:13.152+0000] {dag.py:3834} INFO - Setting next_dagrun for example_xcom_args_with_operators to None, run_after=None
[2026-03-23T03:31:13.170+0000] {processor.py:183} INFO - Processing /home/airflow/.local/lib/python3.8/site-packages/airflow/example_dags/example_xcomargs.py took 0.068 seconds
[2026-03-23T03:31:43.719+0000] {processor.py:161} INFO - Started process (PID=786) to work on /home/airflow/.local/lib/python3.8/site-packages/airflow/example_dags/example_xcomargs.py
[2026-03-23T03:31:43.720+0000] {processor.py:830} INFO - Processing file /home/airflow/.local/lib/python3.8/site-packages/airflow/example_dags/example_xcomargs.py for tasks to queue
[2026-03-23T03:31:43.722+0000] {logging_mixin.py:188} INFO - [2026-03-23T03:31:43.721+0000] {dagbag.py:540} INFO - Filling up the DagBag from /home/airflow/.local/lib/python3.8/site-packages/airflow/example_dags/example_xcomargs.py
[2026-03-23T03:31:43.728+0000] {processor.py:840} INFO - DAG(s) 'example_xcom_args', 'example_xcom_args_with_operators' retrieved from /home/airflow/.local/lib/python3.8/site-packages/airflow/example_dags/example_xcomargs.py
[2026-03-23T03:31:43.751+0000] {logging_mixin.py:188} INFO - [2026-03-23T03:31:43.750+0000] {dag.py:3047} INFO - Sync 2 DAGs
[2026-03-23T03:31:43.763+0000] {logging_mixin.py:188} INFO - [2026-03-23T03:31:43.763+0000] {dag.py:3834} INFO - Setting next_dagrun for example_xcom_args to None, run_after=None
[2026-03-23T03:31:43.767+0000] {logging_mixin.py:188} INFO - [2026-03-23T03:31:43.767+0000] {dag.py:3834} INFO - Setting next_dagrun for example_xcom_args_with_operators to None, run_after=None
[2026-03-23T03:31:43.788+0000] {processor.py:183} INFO - Processing /home/airflow/.local/lib/python3.8/site-packages/airflow/example_dags/example_xcomargs.py took 0.072 seconds
[2026-03-23T03:32:14.357+0000] {processor.py:161} INFO - Started process (PID=841) to work on /home/airflow/.local/lib/python3.8/site-packages/airflow/example_dags/example_xcomargs.py
[2026-03-23T03:32:14.359+0000] {processor.py:830} INFO - Processing file /home/airflow/.local/lib/python3.8/site-packages/airflow/example_dags/example_xcomargs.py for tasks to queue
[2026-03-23T03:32:14.362+0000] {logging_mixin.py:188} INFO - [2026-03-23T03:32:14.361+0000] {dagbag.py:540} INFO - Filling up the DagBag from /home/airflow/.local/lib/python3.8/site-packages/airflow/example_dags/example_xcomargs.py
[2026-03-23T03:32:14.371+0000] {processor.py:840} INFO - DAG(s) 'example_xcom_args_with_operators', 'example_xcom_args' retrieved from /home/airflow/.local/lib/python3.8/site-packages/airflow/example_dags/example_xcomargs.py
[2026-03-23T03:32:14.399+0000] {logging_mixin.py:188} INFO - [2026-03-23T03:32:14.399+0000] {dag.py:3047} INFO - Sync 2 DAGs
[2026-03-23T03:32:14.412+0000] {logging_mixin.py:188} INFO - [2026-03-23T03:32:14.412+0000] {dag.py:3834} INFO - Setting next_dagrun for example_xcom_args to None, run_after=None
[2026-03-23T03:32:14.417+0000] {logging_mixin.py:188} INFO - [2026-03-23T03:32:14.416+0000] {dag.py:3834} INFO - Setting next_dagrun for example_xcom_args_with_operators to None, run_after=None
[2026-03-23T03:32:14.439+0000] {processor.py:183} INFO - Processing /home/airflow/.local/lib/python3.8/site-packages/airflow/example_dags/example_xcomargs.py took 0.086 seconds
[2026-03-23T03:32:44.560+0000] {processor.py:161} INFO - Started process (PID=896) to work on /home/airflow/.local/lib/python3.8/site-packages/airflow/example_dags/example_xcomargs.py
[2026-03-23T03:32:44.561+0000] {processor.py:830} INFO - Processing file /home/airflow/.local/lib/python3.8/site-packages/airflow/example_dags/example_xcomargs.py for tasks to queue
[2026-03-23T03:32:44.563+0000] {logging_mixin.py:188} INFO - [2026-03-23T03:32:44.562+0000] {dagbag.py:540} INFO - Filling up the DagBag from /home/airflow/.local/lib/python3.8/site-packages/airflow/example_dags/example_xcomargs.py
[2026-03-23T03:32:44.570+0000] {processor.py:840} INFO - DAG(s) 'example_xcom_args_with_operators', 'example_xcom_args' retrieved from /home/airflow/.local/lib/python3.8/site-packages/airflow/example_dags/example_xcomargs.py
[2026-03-23T03:32:44.591+0000] {logging_mixin.py:188} INFO - [2026-03-23T03:32:44.591+0000] {dag.py:3047} INFO - Sync 2 DAGs
[2026-03-23T03:32:44.605+0000] {logging_mixin.py:188} INFO - [2026-03-23T03:32:44.605+0000] {dag.py:3834} INFO - Setting next_dagrun for example_xcom_args to None, run_after=None
[2026-03-23T03:32:44.609+0000] {logging_mixin.py:188} INFO - [2026-03-23T03:32:44.609+0000] {dag.py:3834} INFO - Setting next_dagrun for example_xcom_args_with_operators to None, run_after=None
[2026-03-23T03:32:44.630+0000] {processor.py:183} INFO - Processing /home/airflow/.local/lib/python3.8/site-packages/airflow/example_dags/example_xcomargs.py took 0.073 seconds
[2026-03-23T03:33:14.719+0000] {processor.py:161} INFO - Started process (PID=951) to work on /home/airflow/.local/lib/python3.8/site-packages/airflow/example_dags/example_xcomargs.py
[2026-03-23T03:33:14.720+0000] {processor.py:830} INFO - Processing file /home/airflow/.local/lib/python3.8/site-packages/airflow/example_dags/example_xcomargs.py for tasks to queue
[2026-03-23T03:33:14.722+0000] {logging_mixin.py:188} INFO - [2026-03-23T03:33:14.721+0000] {dagbag.py:540} INFO - Filling up the DagBag from /home/airflow/.local/lib/python3.8/site-packages/airflow/example_dags/example_xcomargs.py
[2026-03-23T03:33:14.732+0000] {processor.py:840} INFO - DAG(s) 'example_xcom_args_with_operators', 'example_xcom_args' retrieved from /home/airflow/.local/lib/python3.8/site-packages/airflow/example_dags/example_xcomargs.py
[2026-03-23T03:33:14.757+0000] {logging_mixin.py:188} INFO - [2026-03-23T03:33:14.757+0000] {dag.py:3047} INFO - Sync 2 DAGs
[2026-03-23T03:33:14.770+0000] {logging_mixin.py:188} INFO - [2026-03-23T03:33:14.770+0000] {dag.py:3834} INFO - Setting next_dagrun for example_xcom_args to None, run_after=None
[2026-03-23T03:33:14.775+0000] {logging_mixin.py:188} INFO - [2026-03-23T03:33:14.774+0000] {dag.py:3834} INFO - Setting next_dagrun for example_xcom_args_with_operators to None, run_after=None
[2026-03-23T03:33:14.794+0000] {processor.py:183} INFO - Processing /home/airflow/.local/lib/python3.8/site-packages/airflow/example_dags/example_xcomargs.py took 0.078 seconds
[2026-03-23T03:33:44.927+0000] {processor.py:161} INFO - Started process (PID=1006) to work on /home/airflow/.local/lib/python3.8/site-packages/airflow/example_dags/example_xcomargs.py
[2026-03-23T03:33:44.928+0000] {processor.py:830} INFO - Processing file /home/airflow/.local/lib/python3.8/site-packages/airflow/example_dags/example_xcomargs.py for tasks to queue
[2026-03-23T03:33:44.930+0000] {logging_mixin.py:188} INFO - [2026-03-23T03:33:44.930+0000] {dagbag.py:540} INFO - Filling up the DagBag from /home/airflow/.local/lib/python3.8/site-packages/airflow/example_dags/example_xcomargs.py
[2026-03-23T03:33:44.937+0000] {processor.py:840} INFO - DAG(s) 'example_xcom_args', 'example_xcom_args_with_operators' retrieved from /home/airflow/.local/lib/python3.8/site-packages/airflow/example_dags/example_xcomargs.py
[2026-03-23T03:33:44.959+0000] {logging_mixin.py:188} INFO - [2026-03-23T03:33:44.958+0000] {dag.py:3047} INFO - Sync 2 DAGs
[2026-03-23T03:33:44.971+0000] {logging_mixin.py:188} INFO - [2026-03-23T03:33:44.971+0000] {dag.py:3834} INFO - Setting next_dagrun for example_xcom_args to None, run_after=None
[2026-03-23T03:33:44.975+0000] {logging_mixin.py:188} INFO - [2026-03-23T03:33:44.975+0000] {dag.py:3834} INFO - Setting next_dagrun for example_xcom_args_with_operators to None, run_after=None
[2026-03-23T03:33:44.993+0000] {processor.py:183} INFO - Processing /home/airflow/.local/lib/python3.8/site-packages/airflow/example_dags/example_xcomargs.py took 0.069 seconds
[2026-03-23T03:34:15.085+0000] {processor.py:161} INFO - Started process (PID=1061) to work on /home/airflow/.local/lib/python3.8/site-packages/airflow/example_dags/example_xcomargs.py
[2026-03-23T03:34:15.086+0000] {processor.py:830} INFO - Processing file /home/airflow/.local/lib/python3.8/site-packages/airflow/example_dags/example_xcomargs.py for tasks to queue
[2026-03-23T03:34:15.088+0000] {logging_mixin.py:188} INFO - [2026-03-23T03:34:15.088+0000] {dagbag.py:540} INFO - Filling up the DagBag from /home/airflow/.local/lib/python3.8/site-packages/airflow/example_dags/example_xcomargs.py
[2026-03-23T03:34:15.096+0000] {processor.py:840} INFO - DAG(s) 'example_xcom_args_with_operators', 'example_xcom_args' retrieved from /home/airflow/.local/lib/python3.8/site-packages/airflow/example_dags/example_xcomargs.py
[2026-03-23T03:34:15.122+0000] {logging_mixin.py:188} INFO - [2026-03-23T03:34:15.121+0000] {dag.py:3047} INFO - Sync 2 DAGs
[2026-03-23T03:34:15.135+0000] {logging_mixin.py:188} INFO - [2026-03-23T03:34:15.135+0000] {dag.py:3834} INFO - Setting next_dagrun for example_xcom_args to None, run_after=None
[2026-03-23T03:34:15.139+0000] {logging_mixin.py:188} INFO - [2026-03-23T03:34:15.139+0000] {dag.py:3834} INFO - Setting next_dagrun for example_xcom_args_with_operators to None, run_after=None
[2026-03-23T03:34:15.161+0000] {processor.py:183} INFO - Processing /home/airflow/.local/lib/python3.8/site-packages/airflow/example_dags/example_xcomargs.py took 0.080 seconds
[2026-03-23T03:34:45.305+0000] {processor.py:161} INFO - Started process (PID=1116) to work on /home/airflow/.local/lib/python3.8/site-packages/airflow/example_dags/example_xcomargs.py
[2026-03-23T03:34:45.306+0000] {processor.py:830} INFO - Processing file /home/airflow/.local/lib/python3.8/site-packages/airflow/example_dags/example_xcomargs.py for tasks to queue
[2026-03-23T03:34:45.308+0000] {logging_mixin.py:188} INFO - [2026-03-23T03:34:45.308+0000] {dagbag.py:540} INFO - Filling up the DagBag from /home/airflow/.local/lib/python3.8/site-packages/airflow/example_dags/example_xcomargs.py
[2026-03-23T03:34:45.316+0000] {processor.py:840} INFO - DAG(s) 'example_xcom_args', 'example_xcom_args_with_operators' retrieved from /home/airflow/.local/lib/python3.8/site-packages/airflow/example_dags/example_xcomargs.py
[2026-03-23T03:34:45.344+0000] {logging_mixin.py:188} INFO - [2026-03-23T03:34:45.343+0000] {dag.py:3047} INFO - Sync 2 DAGs
[2026-03-23T03:34:45.357+0000] {logging_mixin.py:188} INFO - [2026-03-23T03:34:45.357+0000] {dag.py:3834} INFO - Setting next_dagrun for example_xcom_args to None, run_after=None
[2026-03-23T03:34:45.363+0000] {logging_mixin.py:188} INFO - [2026-03-23T03:34:45.362+0000] {dag.py:3834} INFO - Setting next_dagrun for example_xcom_args_with_operators to None, run_after=None
[2026-03-23T03:34:45.385+0000] {processor.py:183} INFO - Processing /home/airflow/.local/lib/python3.8/site-packages/airflow/example_dags/example_xcomargs.py took 0.084 seconds
[2026-03-23T03:37:18.739+0000] {processor.py:161} INFO - Started process (PID=65) to work on /home/airflow/.local/lib/python3.8/site-packages/airflow/example_dags/example_xcomargs.py
[2026-03-23T03:37:18.740+0000] {processor.py:830} INFO - Processing file /home/airflow/.local/lib/python3.8/site-packages/airflow/example_dags/example_xcomargs.py for tasks to queue
[2026-03-23T03:37:18.743+0000] {logging_mixin.py:188} INFO - [2026-03-23T03:37:18.743+0000] {dagbag.py:540} INFO - Filling up the DagBag from /home/airflow/.local/lib/python3.8/site-packages/airflow/example_dags/example_xcomargs.py
[2026-03-23T03:37:18.754+0000] {processor.py:840} INFO - DAG(s) 'example_xcom_args_with_operators', 'example_xcom_args' retrieved from /home/airflow/.local/lib/python3.8/site-packages/airflow/example_dags/example_xcomargs.py
[2026-03-23T03:37:18.771+0000] {logging_mixin.py:188} INFO - [2026-03-23T03:37:18.771+0000] {dag.py:3047} INFO - Sync 2 DAGs
[2026-03-23T03:37:18.790+0000] {logging_mixin.py:188} INFO - [2026-03-23T03:37:18.789+0000] {dag.py:3834} INFO - Setting next_dagrun for example_xcom_args to None, run_after=None
[2026-03-23T03:37:18.795+0000] {logging_mixin.py:188} INFO - [2026-03-23T03:37:18.795+0000] {dag.py:3834} INFO - Setting next_dagrun for example_xcom_args_with_operators to None, run_after=None
[2026-03-23T03:37:18.820+0000] {processor.py:183} INFO - Processing /home/airflow/.local/lib/python3.8/site-packages/airflow/example_dags/example_xcomargs.py took 0.085 seconds
[2026-03-23T03:37:49.757+0000] {processor.py:161} INFO - Started process (PID=120) to work on /home/airflow/.local/lib/python3.8/site-packages/airflow/example_dags/example_xcomargs.py
[2026-03-23T03:37:49.758+0000] {processor.py:830} INFO - Processing file /home/airflow/.local/lib/python3.8/site-packages/airflow/example_dags/example_xcomargs.py for tasks to queue
[2026-03-23T03:37:49.760+0000] {logging_mixin.py:188} INFO - [2026-03-23T03:37:49.760+0000] {dagbag.py:540} INFO - Filling up the DagBag from /home/airflow/.local/lib/python3.8/site-packages/airflow/example_dags/example_xcomargs.py
[2026-03-23T03:37:49.769+0000] {processor.py:840} INFO - DAG(s) 'example_xcom_args', 'example_xcom_args_with_operators' retrieved from /home/airflow/.local/lib/python3.8/site-packages/airflow/example_dags/example_xcomargs.py
[2026-03-23T03:37:49.886+0000] {logging_mixin.py:188} INFO - [2026-03-23T03:37:49.886+0000] {dag.py:3047} INFO - Sync 2 DAGs
[2026-03-23T03:37:49.904+0000] {logging_mixin.py:188} INFO - [2026-03-23T03:37:49.904+0000] {dag.py:3834} INFO - Setting next_dagrun for example_xcom_args to None, run_after=None
[2026-03-23T03:37:49.909+0000] {logging_mixin.py:188} INFO - [2026-03-23T03:37:49.908+0000] {dag.py:3834} INFO - Setting next_dagrun for example_xcom_args_with_operators to None, run_after=None
[2026-03-23T03:37:49.939+0000] {processor.py:183} INFO - Processing /home/airflow/.local/lib/python3.8/site-packages/airflow/example_dags/example_xcomargs.py took 0.184 seconds
[2026-03-23T03:38:20.089+0000] {processor.py:161} INFO - Started process (PID=175) to work on /home/airflow/.local/lib/python3.8/site-packages/airflow/example_dags/example_xcomargs.py
[2026-03-23T03:38:20.090+0000] {processor.py:830} INFO - Processing file /home/airflow/.local/lib/python3.8/site-packages/airflow/example_dags/example_xcomargs.py for tasks to queue
[2026-03-23T03:38:20.092+0000] {logging_mixin.py:188} INFO - [2026-03-23T03:38:20.092+0000] {dagbag.py:540} INFO - Filling up the DagBag from /home/airflow/.local/lib/python3.8/site-packages/airflow/example_dags/example_xcomargs.py
[2026-03-23T03:38:20.102+0000] {processor.py:840} INFO - DAG(s) 'example_xcom_args_with_operators', 'example_xcom_args' retrieved from /home/airflow/.local/lib/python3.8/site-packages/airflow/example_dags/example_xcomargs.py
[2026-03-23T03:38:20.134+0000] {logging_mixin.py:188} INFO - [2026-03-23T03:38:20.134+0000] {dag.py:3047} INFO - Sync 2 DAGs
[2026-03-23T03:38:20.150+0000] {logging_mixin.py:188} INFO - [2026-03-23T03:38:20.149+0000] {dag.py:3834} INFO - Setting next_dagrun for example_xcom_args to None, run_after=None
[2026-03-23T03:38:20.155+0000] {logging_mixin.py:188} INFO - [2026-03-23T03:38:20.155+0000] {dag.py:3834} INFO - Setting next_dagrun for example_xcom_args_with_operators to None, run_after=None
[2026-03-23T03:38:20.177+0000] {processor.py:183} INFO - Processing /home/airflow/.local/lib/python3.8/site-packages/airflow/example_dags/example_xcomargs.py took 0.093 seconds
[2026-03-23T03:38:50.709+0000] {processor.py:161} INFO - Started process (PID=230) to work on /home/airflow/.local/lib/python3.8/site-packages/airflow/example_dags/example_xcomargs.py
[2026-03-23T03:38:50.711+0000] {processor.py:830} INFO - Processing file /home/airflow/.local/lib/python3.8/site-packages/airflow/example_dags/example_xcomargs.py for tasks to queue
[2026-03-23T03:38:50.713+0000] {logging_mixin.py:188} INFO - [2026-03-23T03:38:50.712+0000] {dagbag.py:540} INFO - Filling up the DagBag from /home/airflow/.local/lib/python3.8/site-packages/airflow/example_dags/example_xcomargs.py
[2026-03-23T03:38:50.721+0000] {processor.py:840} INFO - DAG(s) 'example_xcom_args_with_operators', 'example_xcom_args' retrieved from /home/airflow/.local/lib/python3.8/site-packages/airflow/example_dags/example_xcomargs.py
[2026-03-23T03:38:50.746+0000] {logging_mixin.py:188} INFO - [2026-03-23T03:38:50.746+0000] {dag.py:3047} INFO - Sync 2 DAGs
[2026-03-23T03:38:50.761+0000] {logging_mixin.py:188} INFO - [2026-03-23T03:38:50.760+0000] {dag.py:3834} INFO - Setting next_dagrun for example_xcom_args to None, run_after=None
[2026-03-23T03:38:50.766+0000] {logging_mixin.py:188} INFO - [2026-03-23T03:38:50.766+0000] {dag.py:3834} INFO - Setting next_dagrun for example_xcom_args_with_operators to None, run_after=None
[2026-03-23T03:38:50.788+0000] {processor.py:183} INFO - Processing /home/airflow/.local/lib/python3.8/site-packages/airflow/example_dags/example_xcomargs.py took 0.083 seconds
[2026-03-23T03:39:20.985+0000] {processor.py:161} INFO - Started process (PID=285) to work on /home/airflow/.local/lib/python3.8/site-packages/airflow/example_dags/example_xcomargs.py
[2026-03-23T03:39:20.986+0000] {processor.py:830} INFO - Processing file /home/airflow/.local/lib/python3.8/site-packages/airflow/example_dags/example_xcomargs.py for tasks to queue
[2026-03-23T03:39:20.989+0000] {logging_mixin.py:188} INFO - [2026-03-23T03:39:20.988+0000] {dagbag.py:540} INFO - Filling up the DagBag from /home/airflow/.local/lib/python3.8/site-packages/airflow/example_dags/example_xcomargs.py
[2026-03-23T03:39:20.997+0000] {processor.py:840} INFO - DAG(s) 'example_xcom_args', 'example_xcom_args_with_operators' retrieved from /home/airflow/.local/lib/python3.8/site-packages/airflow/example_dags/example_xcomargs.py
[2026-03-23T03:39:21.027+0000] {logging_mixin.py:188} INFO - [2026-03-23T03:39:21.027+0000] {dag.py:3047} INFO - Sync 2 DAGs
[2026-03-23T03:39:21.042+0000] {logging_mixin.py:188} INFO - [2026-03-23T03:39:21.041+0000] {dag.py:3834} INFO - Setting next_dagrun for example_xcom_args to None, run_after=None
[2026-03-23T03:39:21.047+0000] {logging_mixin.py:188} INFO - [2026-03-23T03:39:21.046+0000] {dag.py:3834} INFO - Setting next_dagrun for example_xcom_args_with_operators to None, run_after=None
[2026-03-23T03:39:21.075+0000] {processor.py:183} INFO - Processing /home/airflow/.local/lib/python3.8/site-packages/airflow/example_dags/example_xcomargs.py took 0.094 seconds
[2026-03-23T03:39:51.135+0000] {processor.py:161} INFO - Started process (PID=340) to work on /home/airflow/.local/lib/python3.8/site-packages/airflow/example_dags/example_xcomargs.py
[2026-03-23T03:39:51.137+0000] {processor.py:830} INFO - Processing file /home/airflow/.local/lib/python3.8/site-packages/airflow/example_dags/example_xcomargs.py for tasks to queue
[2026-03-23T03:39:51.138+0000] {logging_mixin.py:188} INFO - [2026-03-23T03:39:51.138+0000] {dagbag.py:540} INFO - Filling up the DagBag from /home/airflow/.local/lib/python3.8/site-packages/airflow/example_dags/example_xcomargs.py
[2026-03-23T03:39:51.146+0000] {processor.py:840} INFO - DAG(s) 'example_xcom_args', 'example_xcom_args_with_operators' retrieved from /home/airflow/.local/lib/python3.8/site-packages/airflow/example_dags/example_xcomargs.py
[2026-03-23T03:39:51.168+0000] {logging_mixin.py:188} INFO - [2026-03-23T03:39:51.168+0000] {dag.py:3047} INFO - Sync 2 DAGs
[2026-03-23T03:39:51.180+0000] {logging_mixin.py:188} INFO - [2026-03-23T03:39:51.180+0000] {dag.py:3834} INFO - Setting next_dagrun for example_xcom_args to None, run_after=None
[2026-03-23T03:39:51.184+0000] {logging_mixin.py:188} INFO - [2026-03-23T03:39:51.184+0000] {dag.py:3834} INFO - Setting next_dagrun for example_xcom_args_with_operators to None, run_after=None
[2026-03-23T03:39:51.206+0000] {processor.py:183} INFO - Processing /home/airflow/.local/lib/python3.8/site-packages/airflow/example_dags/example_xcomargs.py took 0.074 seconds
[2026-03-23T03:40:21.589+0000] {processor.py:161} INFO - Started process (PID=395) to work on /home/airflow/.local/lib/python3.8/site-packages/airflow/example_dags/example_xcomargs.py
[2026-03-23T03:40:21.591+0000] {processor.py:830} INFO - Processing file /home/airflow/.local/lib/python3.8/site-packages/airflow/example_dags/example_xcomargs.py for tasks to queue
[2026-03-23T03:40:21.593+0000] {logging_mixin.py:188} INFO - [2026-03-23T03:40:21.593+0000] {dagbag.py:540} INFO - Filling up the DagBag from /home/airflow/.local/lib/python3.8/site-packages/airflow/example_dags/example_xcomargs.py
[2026-03-23T03:40:21.602+0000] {processor.py:840} INFO - DAG(s) 'example_xcom_args_with_operators', 'example_xcom_args' retrieved from /home/airflow/.local/lib/python3.8/site-packages/airflow/example_dags/example_xcomargs.py
[2026-03-23T03:40:21.629+0000] {logging_mixin.py:188} INFO - [2026-03-23T03:40:21.629+0000] {dag.py:3047} INFO - Sync 2 DAGs
[2026-03-23T03:40:21.644+0000] {logging_mixin.py:188} INFO - [2026-03-23T03:40:21.644+0000] {dag.py:3834} INFO - Setting next_dagrun for example_xcom_args to None, run_after=None
[2026-03-23T03:40:21.648+0000] {logging_mixin.py:188} INFO - [2026-03-23T03:40:21.647+0000] {dag.py:3834} INFO - Setting next_dagrun for example_xcom_args_with_operators to None, run_after=None
[2026-03-23T03:40:21.668+0000] {processor.py:183} INFO - Processing /home/airflow/.local/lib/python3.8/site-packages/airflow/example_dags/example_xcomargs.py took 0.083 seconds
[2026-03-23T03:40:51.995+0000] {processor.py:161} INFO - Started process (PID=450) to work on /home/airflow/.local/lib/python3.8/site-packages/airflow/example_dags/example_xcomargs.py
[2026-03-23T03:40:51.997+0000] {processor.py:830} INFO - Processing file /home/airflow/.local/lib/python3.8/site-packages/airflow/example_dags/example_xcomargs.py for tasks to queue
[2026-03-23T03:40:51.999+0000] {logging_mixin.py:188} INFO - [2026-03-23T03:40:51.998+0000] {dagbag.py:540} INFO - Filling up the DagBag from /home/airflow/.local/lib/python3.8/site-packages/airflow/example_dags/example_xcomargs.py
[2026-03-23T03:40:52.010+0000] {processor.py:840} INFO - DAG(s) 'example_xcom_args_with_operators', 'example_xcom_args' retrieved from /home/airflow/.local/lib/python3.8/site-packages/airflow/example_dags/example_xcomargs.py
[2026-03-23T03:40:52.056+0000] {logging_mixin.py:188} INFO - [2026-03-23T03:40:52.056+0000] {dag.py:3047} INFO - Sync 2 DAGs
[2026-03-23T03:40:52.082+0000] {logging_mixin.py:188} INFO - [2026-03-23T03:40:52.082+0000] {dag.py:3834} INFO - Setting next_dagrun for example_xcom_args to None, run_after=None
[2026-03-23T03:40:52.090+0000] {logging_mixin.py:188} INFO - [2026-03-23T03:40:52.090+0000] {dag.py:3834} INFO - Setting next_dagrun for example_xcom_args_with_operators to None, run_after=None
[2026-03-23T03:40:52.134+0000] {processor.py:183} INFO - Processing /home/airflow/.local/lib/python3.8/site-packages/airflow/example_dags/example_xcomargs.py took 0.142 seconds
[2026-03-23T03:41:22.350+0000] {processor.py:161} INFO - Started process (PID=505) to work on /home/airflow/.local/lib/python3.8/site-packages/airflow/example_dags/example_xcomargs.py
[2026-03-23T03:41:22.351+0000] {processor.py:830} INFO - Processing file /home/airflow/.local/lib/python3.8/site-packages/airflow/example_dags/example_xcomargs.py for tasks to queue
[2026-03-23T03:41:22.354+0000] {logging_mixin.py:188} INFO - [2026-03-23T03:41:22.353+0000] {dagbag.py:540} INFO - Filling up the DagBag from /home/airflow/.local/lib/python3.8/site-packages/airflow/example_dags/example_xcomargs.py
[2026-03-23T03:41:22.363+0000] {processor.py:840} INFO - DAG(s) 'example_xcom_args_with_operators', 'example_xcom_args' retrieved from /home/airflow/.local/lib/python3.8/site-packages/airflow/example_dags/example_xcomargs.py
[2026-03-23T03:41:22.391+0000] {logging_mixin.py:188} INFO - [2026-03-23T03:41:22.391+0000] {dag.py:3047} INFO - Sync 2 DAGs
[2026-03-23T03:41:22.404+0000] {logging_mixin.py:188} INFO - [2026-03-23T03:41:22.404+0000] {dag.py:3834} INFO - Setting next_dagrun for example_xcom_args to None, run_after=None
[2026-03-23T03:41:22.408+0000] {logging_mixin.py:188} INFO - [2026-03-23T03:41:22.408+0000] {dag.py:3834} INFO - Setting next_dagrun for example_xcom_args_with_operators to None, run_after=None
[2026-03-23T03:41:22.430+0000] {processor.py:183} INFO - Processing /home/airflow/.local/lib/python3.8/site-packages/airflow/example_dags/example_xcomargs.py took 0.086 seconds
[2026-03-23T03:41:52.539+0000] {processor.py:161} INFO - Started process (PID=566) to work on /home/airflow/.local/lib/python3.8/site-packages/airflow/example_dags/example_xcomargs.py
[2026-03-23T03:41:52.541+0000] {processor.py:830} INFO - Processing file /home/airflow/.local/lib/python3.8/site-packages/airflow/example_dags/example_xcomargs.py for tasks to queue
[2026-03-23T03:41:52.543+0000] {logging_mixin.py:188} INFO - [2026-03-23T03:41:52.542+0000] {dagbag.py:540} INFO - Filling up the DagBag from /home/airflow/.local/lib/python3.8/site-packages/airflow/example_dags/example_xcomargs.py
[2026-03-23T03:41:52.551+0000] {processor.py:840} INFO - DAG(s) 'example_xcom_args', 'example_xcom_args_with_operators' retrieved from /home/airflow/.local/lib/python3.8/site-packages/airflow/example_dags/example_xcomargs.py
[2026-03-23T03:41:52.578+0000] {logging_mixin.py:188} INFO - [2026-03-23T03:41:52.578+0000] {dag.py:3047} INFO - Sync 2 DAGs
[2026-03-23T03:41:52.591+0000] {logging_mixin.py:188} INFO - [2026-03-23T03:41:52.590+0000] {dag.py:3834} INFO - Setting next_dagrun for example_xcom_args to None, run_after=None
[2026-03-23T03:41:52.595+0000] {logging_mixin.py:188} INFO - [2026-03-23T03:41:52.595+0000] {dag.py:3834} INFO - Setting next_dagrun for example_xcom_args_with_operators to None, run_after=None
[2026-03-23T03:41:52.620+0000] {processor.py:183} INFO - Processing /home/airflow/.local/lib/python3.8/site-packages/airflow/example_dags/example_xcomargs.py took 0.084 seconds
[2026-03-23T03:42:22.810+0000] {processor.py:161} INFO - Started process (PID=621) to work on /home/airflow/.local/lib/python3.8/site-packages/airflow/example_dags/example_xcomargs.py
[2026-03-23T03:42:22.811+0000] {processor.py:830} INFO - Processing file /home/airflow/.local/lib/python3.8/site-packages/airflow/example_dags/example_xcomargs.py for tasks to queue
[2026-03-23T03:42:22.814+0000] {logging_mixin.py:188} INFO - [2026-03-23T03:42:22.814+0000] {dagbag.py:540} INFO - Filling up the DagBag from /home/airflow/.local/lib/python3.8/site-packages/airflow/example_dags/example_xcomargs.py
[2026-03-23T03:42:22.824+0000] {processor.py:840} INFO - DAG(s) 'example_xcom_args', 'example_xcom_args_with_operators' retrieved from /home/airflow/.local/lib/python3.8/site-packages/airflow/example_dags/example_xcomargs.py
[2026-03-23T03:42:22.852+0000] {logging_mixin.py:188} INFO - [2026-03-23T03:42:22.852+0000] {dag.py:3047} INFO - Sync 2 DAGs
[2026-03-23T03:42:22.867+0000] {logging_mixin.py:188} INFO - [2026-03-23T03:42:22.866+0000] {dag.py:3834} INFO - Setting next_dagrun for example_xcom_args to None, run_after=None
[2026-03-23T03:42:22.873+0000] {logging_mixin.py:188} INFO - [2026-03-23T03:42:22.873+0000] {dag.py:3834} INFO - Setting next_dagrun for example_xcom_args_with_operators to None, run_after=None
[2026-03-23T03:42:22.895+0000] {processor.py:183} INFO - Processing /home/airflow/.local/lib/python3.8/site-packages/airflow/example_dags/example_xcomargs.py took 0.089 seconds
[2026-03-23T03:42:53.452+0000] {processor.py:161} INFO - Started process (PID=676) to work on /home/airflow/.local/lib/python3.8/site-packages/airflow/example_dags/example_xcomargs.py
[2026-03-23T03:42:53.454+0000] {processor.py:830} INFO - Processing file /home/airflow/.local/lib/python3.8/site-packages/airflow/example_dags/example_xcomargs.py for tasks to queue
[2026-03-23T03:42:53.456+0000] {logging_mixin.py:188} INFO - [2026-03-23T03:42:53.455+0000] {dagbag.py:540} INFO - Filling up the DagBag from /home/airflow/.local/lib/python3.8/site-packages/airflow/example_dags/example_xcomargs.py
[2026-03-23T03:42:53.463+0000] {processor.py:840} INFO - DAG(s) 'example_xcom_args', 'example_xcom_args_with_operators' retrieved from /home/airflow/.local/lib/python3.8/site-packages/airflow/example_dags/example_xcomargs.py
[2026-03-23T03:42:53.488+0000] {logging_mixin.py:188} INFO - [2026-03-23T03:42:53.487+0000] {dag.py:3047} INFO - Sync 2 DAGs
[2026-03-23T03:42:53.500+0000] {logging_mixin.py:188} INFO - [2026-03-23T03:42:53.499+0000] {dag.py:3834} INFO - Setting next_dagrun for example_xcom_args to None, run_after=None
[2026-03-23T03:42:53.504+0000] {logging_mixin.py:188} INFO - [2026-03-23T03:42:53.504+0000] {dag.py:3834} INFO - Setting next_dagrun for example_xcom_args_with_operators to None, run_after=None
[2026-03-23T03:42:53.525+0000] {processor.py:183} INFO - Processing /home/airflow/.local/lib/python3.8/site-packages/airflow/example_dags/example_xcomargs.py took 0.076 seconds
[2026-03-23T03:43:23.852+0000] {processor.py:161} INFO - Started process (PID=731) to work on /home/airflow/.local/lib/python3.8/site-packages/airflow/example_dags/example_xcomargs.py
[2026-03-23T03:43:23.853+0000] {processor.py:830} INFO - Processing file /home/airflow/.local/lib/python3.8/site-packages/airflow/example_dags/example_xcomargs.py for tasks to queue
[2026-03-23T03:43:23.855+0000] {logging_mixin.py:188} INFO - [2026-03-23T03:43:23.855+0000] {dagbag.py:540} INFO - Filling up the DagBag from /home/airflow/.local/lib/python3.8/site-packages/airflow/example_dags/example_xcomargs.py
[2026-03-23T03:43:23.863+0000] {processor.py:840} INFO - DAG(s) 'example_xcom_args', 'example_xcom_args_with_operators' retrieved from /home/airflow/.local/lib/python3.8/site-packages/airflow/example_dags/example_xcomargs.py
[2026-03-23T03:43:23.891+0000] {logging_mixin.py:188} INFO - [2026-03-23T03:43:23.891+0000] {dag.py:3047} INFO - Sync 2 DAGs
[2026-03-23T03:43:23.904+0000] {logging_mixin.py:188} INFO - [2026-03-23T03:43:23.904+0000] {dag.py:3834} INFO - Setting next_dagrun for example_xcom_args to None, run_after=None
[2026-03-23T03:43:23.909+0000] {logging_mixin.py:188} INFO - [2026-03-23T03:43:23.908+0000] {dag.py:3834} INFO - Setting next_dagrun for example_xcom_args_with_operators to None, run_after=None
[2026-03-23T03:43:23.931+0000] {processor.py:183} INFO - Processing /home/airflow/.local/lib/python3.8/site-packages/airflow/example_dags/example_xcomargs.py took 0.083 seconds
[2026-03-23T03:43:54.289+0000] {processor.py:161} INFO - Started process (PID=786) to work on /home/airflow/.local/lib/python3.8/site-packages/airflow/example_dags/example_xcomargs.py
[2026-03-23T03:43:54.291+0000] {processor.py:830} INFO - Processing file /home/airflow/.local/lib/python3.8/site-packages/airflow/example_dags/example_xcomargs.py for tasks to queue
[2026-03-23T03:43:54.293+0000] {logging_mixin.py:188} INFO - [2026-03-23T03:43:54.293+0000] {dagbag.py:540} INFO - Filling up the DagBag from /home/airflow/.local/lib/python3.8/site-packages/airflow/example_dags/example_xcomargs.py
[2026-03-23T03:43:54.303+0000] {processor.py:840} INFO - DAG(s) 'example_xcom_args', 'example_xcom_args_with_operators' retrieved from /home/airflow/.local/lib/python3.8/site-packages/airflow/example_dags/example_xcomargs.py
[2026-03-23T03:43:54.336+0000] {logging_mixin.py:188} INFO - [2026-03-23T03:43:54.335+0000] {dag.py:3047} INFO - Sync 2 DAGs
[2026-03-23T03:43:54.352+0000] {logging_mixin.py:188} INFO - [2026-03-23T03:43:54.351+0000] {dag.py:3834} INFO - Setting next_dagrun for example_xcom_args to None, run_after=None
[2026-03-23T03:43:54.358+0000] {logging_mixin.py:188} INFO - [2026-03-23T03:43:54.357+0000] {dag.py:3834} INFO - Setting next_dagrun for example_xcom_args_with_operators to None, run_after=None
[2026-03-23T03:43:54.385+0000] {processor.py:183} INFO - Processing /home/airflow/.local/lib/python3.8/site-packages/airflow/example_dags/example_xcomargs.py took 0.099 seconds
[2026-03-23T03:44:24.818+0000] {processor.py:161} INFO - Started process (PID=841) to work on /home/airflow/.local/lib/python3.8/site-packages/airflow/example_dags/example_xcomargs.py
[2026-03-23T03:44:24.819+0000] {processor.py:830} INFO - Processing file /home/airflow/.local/lib/python3.8/site-packages/airflow/example_dags/example_xcomargs.py for tasks to queue
[2026-03-23T03:44:24.821+0000] {logging_mixin.py:188} INFO - [2026-03-23T03:44:24.821+0000] {dagbag.py:540} INFO - Filling up the DagBag from /home/airflow/.local/lib/python3.8/site-packages/airflow/example_dags/example_xcomargs.py
[2026-03-23T03:44:24.829+0000] {processor.py:840} INFO - DAG(s) 'example_xcom_args_with_operators', 'example_xcom_args' retrieved from /home/airflow/.local/lib/python3.8/site-packages/airflow/example_dags/example_xcomargs.py
[2026-03-23T03:44:24.857+0000] {logging_mixin.py:188} INFO - [2026-03-23T03:44:24.856+0000] {dag.py:3047} INFO - Sync 2 DAGs
[2026-03-23T03:44:24.870+0000] {logging_mixin.py:188} INFO - [2026-03-23T03:44:24.869+0000] {dag.py:3834} INFO - Setting next_dagrun for example_xcom_args to None, run_after=None
[2026-03-23T03:44:24.874+0000] {logging_mixin.py:188} INFO - [2026-03-23T03:44:24.873+0000] {dag.py:3834} INFO - Setting next_dagrun for example_xcom_args_with_operators to None, run_after=None
[2026-03-23T03:44:24.896+0000] {processor.py:183} INFO - Processing /home/airflow/.local/lib/python3.8/site-packages/airflow/example_dags/example_xcomargs.py took 0.082 seconds
[2026-03-23T03:44:55.232+0000] {processor.py:161} INFO - Started process (PID=896) to work on /home/airflow/.local/lib/python3.8/site-packages/airflow/example_dags/example_xcomargs.py
[2026-03-23T03:44:55.233+0000] {processor.py:830} INFO - Processing file /home/airflow/.local/lib/python3.8/site-packages/airflow/example_dags/example_xcomargs.py for tasks to queue
[2026-03-23T03:44:55.236+0000] {logging_mixin.py:188} INFO - [2026-03-23T03:44:55.236+0000] {dagbag.py:540} INFO - Filling up the DagBag from /home/airflow/.local/lib/python3.8/site-packages/airflow/example_dags/example_xcomargs.py
[2026-03-23T03:44:55.245+0000] {processor.py:840} INFO - DAG(s) 'example_xcom_args_with_operators', 'example_xcom_args' retrieved from /home/airflow/.local/lib/python3.8/site-packages/airflow/example_dags/example_xcomargs.py
[2026-03-23T03:44:55.275+0000] {logging_mixin.py:188} INFO - [2026-03-23T03:44:55.274+0000] {dag.py:3047} INFO - Sync 2 DAGs
[2026-03-23T03:44:55.289+0000] {logging_mixin.py:188} INFO - [2026-03-23T03:44:55.289+0000] {dag.py:3834} INFO - Setting next_dagrun for example_xcom_args to None, run_after=None
[2026-03-23T03:44:55.294+0000] {logging_mixin.py:188} INFO - [2026-03-23T03:44:55.293+0000] {dag.py:3834} INFO - Setting next_dagrun for example_xcom_args_with_operators to None, run_after=None
[2026-03-23T03:44:55.318+0000] {processor.py:183} INFO - Processing /home/airflow/.local/lib/python3.8/site-packages/airflow/example_dags/example_xcomargs.py took 0.090 seconds
[2026-03-23T03:45:25.684+0000] {processor.py:161} INFO - Started process (PID=951) to work on /home/airflow/.local/lib/python3.8/site-packages/airflow/example_dags/example_xcomargs.py
[2026-03-23T03:45:25.685+0000] {processor.py:830} INFO - Processing file /home/airflow/.local/lib/python3.8/site-packages/airflow/example_dags/example_xcomargs.py for tasks to queue
[2026-03-23T03:45:25.687+0000] {logging_mixin.py:188} INFO - [2026-03-23T03:45:25.686+0000] {dagbag.py:540} INFO - Filling up the DagBag from /home/airflow/.local/lib/python3.8/site-packages/airflow/example_dags/example_xcomargs.py
[2026-03-23T03:45:25.694+0000] {processor.py:840} INFO - DAG(s) 'example_xcom_args_with_operators', 'example_xcom_args' retrieved from /home/airflow/.local/lib/python3.8/site-packages/airflow/example_dags/example_xcomargs.py
[2026-03-23T03:45:25.718+0000] {logging_mixin.py:188} INFO - [2026-03-23T03:45:25.718+0000] {dag.py:3047} INFO - Sync 2 DAGs
[2026-03-23T03:45:25.731+0000] {logging_mixin.py:188} INFO - [2026-03-23T03:45:25.731+0000] {dag.py:3834} INFO - Setting next_dagrun for example_xcom_args to None, run_after=None
[2026-03-23T03:45:25.735+0000] {logging_mixin.py:188} INFO - [2026-03-23T03:45:25.735+0000] {dag.py:3834} INFO - Setting next_dagrun for example_xcom_args_with_operators to None, run_after=None
[2026-03-23T03:45:25.758+0000] {processor.py:183} INFO - Processing /home/airflow/.local/lib/python3.8/site-packages/airflow/example_dags/example_xcomargs.py took 0.077 seconds
[2026-03-23T03:45:56.004+0000] {processor.py:161} INFO - Started process (PID=1006) to work on /home/airflow/.local/lib/python3.8/site-packages/airflow/example_dags/example_xcomargs.py
[2026-03-23T03:45:56.005+0000] {processor.py:830} INFO - Processing file /home/airflow/.local/lib/python3.8/site-packages/airflow/example_dags/example_xcomargs.py for tasks to queue
[2026-03-23T03:45:56.007+0000] {logging_mixin.py:188} INFO - [2026-03-23T03:45:56.007+0000] {dagbag.py:540} INFO - Filling up the DagBag from /home/airflow/.local/lib/python3.8/site-packages/airflow/example_dags/example_xcomargs.py
[2026-03-23T03:45:56.014+0000] {processor.py:840} INFO - DAG(s) 'example_xcom_args_with_operators', 'example_xcom_args' retrieved from /home/airflow/.local/lib/python3.8/site-packages/airflow/example_dags/example_xcomargs.py
[2026-03-23T03:45:56.039+0000] {logging_mixin.py:188} INFO - [2026-03-23T03:45:56.039+0000] {dag.py:3047} INFO - Sync 2 DAGs
[2026-03-23T03:45:56.054+0000] {logging_mixin.py:188} INFO - [2026-03-23T03:45:56.054+0000] {dag.py:3834} INFO - Setting next_dagrun for example_xcom_args to None, run_after=None
[2026-03-23T03:45:56.058+0000] {logging_mixin.py:188} INFO - [2026-03-23T03:45:56.058+0000] {dag.py:3834} INFO - Setting next_dagrun for example_xcom_args_with_operators to None, run_after=None
[2026-03-23T03:45:56.081+0000] {processor.py:183} INFO - Processing /home/airflow/.local/lib/python3.8/site-packages/airflow/example_dags/example_xcomargs.py took 0.079 seconds
[2026-03-23T03:46:26.175+0000] {processor.py:161} INFO - Started process (PID=1061) to work on /home/airflow/.local/lib/python3.8/site-packages/airflow/example_dags/example_xcomargs.py
[2026-03-23T03:46:26.177+0000] {processor.py:830} INFO - Processing file /home/airflow/.local/lib/python3.8/site-packages/airflow/example_dags/example_xcomargs.py for tasks to queue
[2026-03-23T03:46:26.179+0000] {logging_mixin.py:188} INFO - [2026-03-23T03:46:26.178+0000] {dagbag.py:540} INFO - Filling up the DagBag from /home/airflow/.local/lib/python3.8/site-packages/airflow/example_dags/example_xcomargs.py
[2026-03-23T03:46:26.187+0000] {processor.py:840} INFO - DAG(s) 'example_xcom_args_with_operators', 'example_xcom_args' retrieved from /home/airflow/.local/lib/python3.8/site-packages/airflow/example_dags/example_xcomargs.py
[2026-03-23T03:46:26.215+0000] {logging_mixin.py:188} INFO - [2026-03-23T03:46:26.214+0000] {dag.py:3047} INFO - Sync 2 DAGs
[2026-03-23T03:46:26.230+0000] {logging_mixin.py:188} INFO - [2026-03-23T03:46:26.230+0000] {dag.py:3834} INFO - Setting next_dagrun for example_xcom_args to None, run_after=None
[2026-03-23T03:46:26.236+0000] {logging_mixin.py:188} INFO - [2026-03-23T03:46:26.235+0000] {dag.py:3834} INFO - Setting next_dagrun for example_xcom_args_with_operators to None, run_after=None
[2026-03-23T03:46:26.264+0000] {processor.py:183} INFO - Processing /home/airflow/.local/lib/python3.8/site-packages/airflow/example_dags/example_xcomargs.py took 0.092 seconds
[2026-03-23T03:46:56.638+0000] {processor.py:161} INFO - Started process (PID=1116) to work on /home/airflow/.local/lib/python3.8/site-packages/airflow/example_dags/example_xcomargs.py
[2026-03-23T03:46:56.639+0000] {processor.py:830} INFO - Processing file /home/airflow/.local/lib/python3.8/site-packages/airflow/example_dags/example_xcomargs.py for tasks to queue
[2026-03-23T03:46:56.642+0000] {logging_mixin.py:188} INFO - [2026-03-23T03:46:56.641+0000] {dagbag.py:540} INFO - Filling up the DagBag from /home/airflow/.local/lib/python3.8/site-packages/airflow/example_dags/example_xcomargs.py
[2026-03-23T03:46:56.650+0000] {processor.py:840} INFO - DAG(s) 'example_xcom_args_with_operators', 'example_xcom_args' retrieved from /home/airflow/.local/lib/python3.8/site-packages/airflow/example_dags/example_xcomargs.py
[2026-03-23T03:46:56.677+0000] {logging_mixin.py:188} INFO - [2026-03-23T03:46:56.677+0000] {dag.py:3047} INFO - Sync 2 DAGs
[2026-03-23T03:46:56.691+0000] {logging_mixin.py:188} INFO - [2026-03-23T03:46:56.691+0000] {dag.py:3834} INFO - Setting next_dagrun for example_xcom_args to None, run_after=None
[2026-03-23T03:46:56.696+0000] {logging_mixin.py:188} INFO - [2026-03-23T03:46:56.695+0000] {dag.py:3834} INFO - Setting next_dagrun for example_xcom_args_with_operators to None, run_after=None
[2026-03-23T03:46:56.716+0000] {processor.py:183} INFO - Processing /home/airflow/.local/lib/python3.8/site-packages/airflow/example_dags/example_xcomargs.py took 0.082 seconds
[2026-03-23T03:47:27.002+0000] {processor.py:161} INFO - Started process (PID=1171) to work on /home/airflow/.local/lib/python3.8/site-packages/airflow/example_dags/example_xcomargs.py
[2026-03-23T03:47:27.004+0000] {processor.py:830} INFO - Processing file /home/airflow/.local/lib/python3.8/site-packages/airflow/example_dags/example_xcomargs.py for tasks to queue
[2026-03-23T03:47:27.005+0000] {logging_mixin.py:188} INFO - [2026-03-23T03:47:27.005+0000] {dagbag.py:540} INFO - Filling up the DagBag from /home/airflow/.local/lib/python3.8/site-packages/airflow/example_dags/example_xcomargs.py
[2026-03-23T03:47:27.013+0000] {processor.py:840} INFO - DAG(s) 'example_xcom_args_with_operators', 'example_xcom_args' retrieved from /home/airflow/.local/lib/python3.8/site-packages/airflow/example_dags/example_xcomargs.py
[2026-03-23T03:47:27.039+0000] {logging_mixin.py:188} INFO - [2026-03-23T03:47:27.038+0000] {dag.py:3047} INFO - Sync 2 DAGs
[2026-03-23T03:47:27.052+0000] {logging_mixin.py:188} INFO - [2026-03-23T03:47:27.052+0000] {dag.py:3834} INFO - Setting next_dagrun for example_xcom_args to None, run_after=None
[2026-03-23T03:47:27.056+0000] {logging_mixin.py:188} INFO - [2026-03-23T03:47:27.056+0000] {dag.py:3834} INFO - Setting next_dagrun for example_xcom_args_with_operators to None, run_after=None
[2026-03-23T03:47:27.079+0000] {processor.py:183} INFO - Processing /home/airflow/.local/lib/python3.8/site-packages/airflow/example_dags/example_xcomargs.py took 0.081 seconds
[2026-03-23T03:47:57.272+0000] {processor.py:161} INFO - Started process (PID=1226) to work on /home/airflow/.local/lib/python3.8/site-packages/airflow/example_dags/example_xcomargs.py
[2026-03-23T03:47:57.274+0000] {processor.py:830} INFO - Processing file /home/airflow/.local/lib/python3.8/site-packages/airflow/example_dags/example_xcomargs.py for tasks to queue
[2026-03-23T03:47:57.275+0000] {logging_mixin.py:188} INFO - [2026-03-23T03:47:57.275+0000] {dagbag.py:540} INFO - Filling up the DagBag from /home/airflow/.local/lib/python3.8/site-packages/airflow/example_dags/example_xcomargs.py
[2026-03-23T03:47:57.283+0000] {processor.py:840} INFO - DAG(s) 'example_xcom_args_with_operators', 'example_xcom_args' retrieved from /home/airflow/.local/lib/python3.8/site-packages/airflow/example_dags/example_xcomargs.py
[2026-03-23T03:47:57.310+0000] {logging_mixin.py:188} INFO - [2026-03-23T03:47:57.309+0000] {dag.py:3047} INFO - Sync 2 DAGs
[2026-03-23T03:47:57.324+0000] {logging_mixin.py:188} INFO - [2026-03-23T03:47:57.324+0000] {dag.py:3834} INFO - Setting next_dagrun for example_xcom_args to None, run_after=None
[2026-03-23T03:47:57.328+0000] {logging_mixin.py:188} INFO - [2026-03-23T03:47:57.328+0000] {dag.py:3834} INFO - Setting next_dagrun for example_xcom_args_with_operators to None, run_after=None
[2026-03-23T03:47:57.348+0000] {processor.py:183} INFO - Processing /home/airflow/.local/lib/python3.8/site-packages/airflow/example_dags/example_xcomargs.py took 0.078 seconds
[2026-03-23T03:48:27.581+0000] {processor.py:161} INFO - Started process (PID=1281) to work on /home/airflow/.local/lib/python3.8/site-packages/airflow/example_dags/example_xcomargs.py
[2026-03-23T03:48:27.582+0000] {processor.py:830} INFO - Processing file /home/airflow/.local/lib/python3.8/site-packages/airflow/example_dags/example_xcomargs.py for tasks to queue
[2026-03-23T03:48:27.584+0000] {logging_mixin.py:188} INFO - [2026-03-23T03:48:27.584+0000] {dagbag.py:540} INFO - Filling up the DagBag from /home/airflow/.local/lib/python3.8/site-packages/airflow/example_dags/example_xcomargs.py
[2026-03-23T03:48:27.592+0000] {processor.py:840} INFO - DAG(s) 'example_xcom_args', 'example_xcom_args_with_operators' retrieved from /home/airflow/.local/lib/python3.8/site-packages/airflow/example_dags/example_xcomargs.py
[2026-03-23T03:48:27.620+0000] {logging_mixin.py:188} INFO - [2026-03-23T03:48:27.620+0000] {dag.py:3047} INFO - Sync 2 DAGs
[2026-03-23T03:48:27.640+0000] {logging_mixin.py:188} INFO - [2026-03-23T03:48:27.639+0000] {dag.py:3834} INFO - Setting next_dagrun for example_xcom_args to None, run_after=None
[2026-03-23T03:48:27.647+0000] {logging_mixin.py:188} INFO - [2026-03-23T03:48:27.646+0000] {dag.py:3834} INFO - Setting next_dagrun for example_xcom_args_with_operators to None, run_after=None
[2026-03-23T03:48:27.682+0000] {processor.py:183} INFO - Processing /home/airflow/.local/lib/python3.8/site-packages/airflow/example_dags/example_xcomargs.py took 0.104 seconds
[2026-03-23T03:48:57.970+0000] {processor.py:161} INFO - Started process (PID=1336) to work on /home/airflow/.local/lib/python3.8/site-packages/airflow/example_dags/example_xcomargs.py
[2026-03-23T03:48:57.971+0000] {processor.py:830} INFO - Processing file /home/airflow/.local/lib/python3.8/site-packages/airflow/example_dags/example_xcomargs.py for tasks to queue
[2026-03-23T03:48:57.973+0000] {logging_mixin.py:188} INFO - [2026-03-23T03:48:57.973+0000] {dagbag.py:540} INFO - Filling up the DagBag from /home/airflow/.local/lib/python3.8/site-packages/airflow/example_dags/example_xcomargs.py
[2026-03-23T03:48:57.982+0000] {processor.py:840} INFO - DAG(s) 'example_xcom_args_with_operators', 'example_xcom_args' retrieved from /home/airflow/.local/lib/python3.8/site-packages/airflow/example_dags/example_xcomargs.py
[2026-03-23T03:48:58.012+0000] {logging_mixin.py:188} INFO - [2026-03-23T03:48:58.011+0000] {dag.py:3047} INFO - Sync 2 DAGs
[2026-03-23T03:48:58.027+0000] {logging_mixin.py:188} INFO - [2026-03-23T03:48:58.026+0000] {dag.py:3834} INFO - Setting next_dagrun for example_xcom_args to None, run_after=None
[2026-03-23T03:48:58.032+0000] {logging_mixin.py:188} INFO - [2026-03-23T03:48:58.031+0000] {dag.py:3834} INFO - Setting next_dagrun for example_xcom_args_with_operators to None, run_after=None
[2026-03-23T03:48:58.055+0000] {processor.py:183} INFO - Processing /home/airflow/.local/lib/python3.8/site-packages/airflow/example_dags/example_xcomargs.py took 0.089 seconds
[2026-03-23T03:49:28.270+0000] {processor.py:161} INFO - Started process (PID=1391) to work on /home/airflow/.local/lib/python3.8/site-packages/airflow/example_dags/example_xcomargs.py
[2026-03-23T03:49:28.272+0000] {processor.py:830} INFO - Processing file /home/airflow/.local/lib/python3.8/site-packages/airflow/example_dags/example_xcomargs.py for tasks to queue
[2026-03-23T03:49:28.274+0000] {logging_mixin.py:188} INFO - [2026-03-23T03:49:28.274+0000] {dagbag.py:540} INFO - Filling up the DagBag from /home/airflow/.local/lib/python3.8/site-packages/airflow/example_dags/example_xcomargs.py
[2026-03-23T03:49:28.283+0000] {processor.py:840} INFO - DAG(s) 'example_xcom_args', 'example_xcom_args_with_operators' retrieved from /home/airflow/.local/lib/python3.8/site-packages/airflow/example_dags/example_xcomargs.py
[2026-03-23T03:49:28.311+0000] {logging_mixin.py:188} INFO - [2026-03-23T03:49:28.310+0000] {dag.py:3047} INFO - Sync 2 DAGs
[2026-03-23T03:49:28.324+0000] {logging_mixin.py:188} INFO - [2026-03-23T03:49:28.324+0000] {dag.py:3834} INFO - Setting next_dagrun for example_xcom_args to None, run_after=None
[2026-03-23T03:49:28.328+0000] {logging_mixin.py:188} INFO - [2026-03-23T03:49:28.328+0000] {dag.py:3834} INFO - Setting next_dagrun for example_xcom_args_with_operators to None, run_after=None
[2026-03-23T03:49:28.349+0000] {processor.py:183} INFO - Processing /home/airflow/.local/lib/python3.8/site-packages/airflow/example_dags/example_xcomargs.py took 0.082 seconds
[2026-03-23T03:50:46.592+0000] {processor.py:161} INFO - Started process (PID=65) to work on /home/airflow/.local/lib/python3.8/site-packages/airflow/example_dags/example_xcomargs.py
[2026-03-23T03:50:46.594+0000] {processor.py:830} INFO - Processing file /home/airflow/.local/lib/python3.8/site-packages/airflow/example_dags/example_xcomargs.py for tasks to queue
[2026-03-23T03:50:46.597+0000] {logging_mixin.py:188} INFO - [2026-03-23T03:50:46.596+0000] {dagbag.py:540} INFO - Filling up the DagBag from /home/airflow/.local/lib/python3.8/site-packages/airflow/example_dags/example_xcomargs.py
[2026-03-23T03:50:46.611+0000] {processor.py:840} INFO - DAG(s) 'example_xcom_args', 'example_xcom_args_with_operators' retrieved from /home/airflow/.local/lib/python3.8/site-packages/airflow/example_dags/example_xcomargs.py
[2026-03-23T03:50:46.630+0000] {logging_mixin.py:188} INFO - [2026-03-23T03:50:46.629+0000] {dag.py:3047} INFO - Sync 2 DAGs
[2026-03-23T03:50:46.655+0000] {logging_mixin.py:188} INFO - [2026-03-23T03:50:46.655+0000] {dag.py:3834} INFO - Setting next_dagrun for example_xcom_args to None, run_after=None
[2026-03-23T03:50:46.665+0000] {logging_mixin.py:188} INFO - [2026-03-23T03:50:46.665+0000] {dag.py:3834} INFO - Setting next_dagrun for example_xcom_args_with_operators to None, run_after=None
[2026-03-23T03:50:46.696+0000] {processor.py:183} INFO - Processing /home/airflow/.local/lib/python3.8/site-packages/airflow/example_dags/example_xcomargs.py took 0.110 seconds
[2026-03-23T03:51:17.232+0000] {processor.py:161} INFO - Started process (PID=120) to work on /home/airflow/.local/lib/python3.8/site-packages/airflow/example_dags/example_xcomargs.py
[2026-03-23T03:51:17.234+0000] {processor.py:830} INFO - Processing file /home/airflow/.local/lib/python3.8/site-packages/airflow/example_dags/example_xcomargs.py for tasks to queue
[2026-03-23T03:51:17.237+0000] {logging_mixin.py:188} INFO - [2026-03-23T03:51:17.236+0000] {dagbag.py:540} INFO - Filling up the DagBag from /home/airflow/.local/lib/python3.8/site-packages/airflow/example_dags/example_xcomargs.py
[2026-03-23T03:51:17.246+0000] {processor.py:840} INFO - DAG(s) 'example_xcom_args', 'example_xcom_args_with_operators' retrieved from /home/airflow/.local/lib/python3.8/site-packages/airflow/example_dags/example_xcomargs.py
[2026-03-23T03:51:17.383+0000] {logging_mixin.py:188} INFO - [2026-03-23T03:51:17.383+0000] {dag.py:3047} INFO - Sync 2 DAGs
[2026-03-23T03:51:17.397+0000] {logging_mixin.py:188} INFO - [2026-03-23T03:51:17.397+0000] {dag.py:3834} INFO - Setting next_dagrun for example_xcom_args to None, run_after=None
[2026-03-23T03:51:17.404+0000] {logging_mixin.py:188} INFO - [2026-03-23T03:51:17.403+0000] {dag.py:3834} INFO - Setting next_dagrun for example_xcom_args_with_operators to None, run_after=None
[2026-03-23T03:51:17.433+0000] {processor.py:183} INFO - Processing /home/airflow/.local/lib/python3.8/site-packages/airflow/example_dags/example_xcomargs.py took 0.206 seconds
[2026-03-23T03:51:47.478+0000] {processor.py:161} INFO - Started process (PID=181) to work on /home/airflow/.local/lib/python3.8/site-packages/airflow/example_dags/example_xcomargs.py
[2026-03-23T03:51:47.480+0000] {processor.py:830} INFO - Processing file /home/airflow/.local/lib/python3.8/site-packages/airflow/example_dags/example_xcomargs.py for tasks to queue
[2026-03-23T03:51:47.482+0000] {logging_mixin.py:188} INFO - [2026-03-23T03:51:47.481+0000] {dagbag.py:540} INFO - Filling up the DagBag from /home/airflow/.local/lib/python3.8/site-packages/airflow/example_dags/example_xcomargs.py
[2026-03-23T03:51:47.491+0000] {processor.py:840} INFO - DAG(s) 'example_xcom_args', 'example_xcom_args_with_operators' retrieved from /home/airflow/.local/lib/python3.8/site-packages/airflow/example_dags/example_xcomargs.py
[2026-03-23T03:51:47.520+0000] {logging_mixin.py:188} INFO - [2026-03-23T03:51:47.520+0000] {dag.py:3047} INFO - Sync 2 DAGs
[2026-03-23T03:51:47.534+0000] {logging_mixin.py:188} INFO - [2026-03-23T03:51:47.533+0000] {dag.py:3834} INFO - Setting next_dagrun for example_xcom_args to None, run_after=None
[2026-03-23T03:51:47.539+0000] {logging_mixin.py:188} INFO - [2026-03-23T03:51:47.539+0000] {dag.py:3834} INFO - Setting next_dagrun for example_xcom_args_with_operators to None, run_after=None
[2026-03-23T03:51:47.563+0000] {processor.py:183} INFO - Processing /home/airflow/.local/lib/python3.8/site-packages/airflow/example_dags/example_xcomargs.py took 0.089 seconds
[2026-03-23T03:52:17.625+0000] {processor.py:161} INFO - Started process (PID=236) to work on /home/airflow/.local/lib/python3.8/site-packages/airflow/example_dags/example_xcomargs.py
[2026-03-23T03:52:17.626+0000] {processor.py:830} INFO - Processing file /home/airflow/.local/lib/python3.8/site-packages/airflow/example_dags/example_xcomargs.py for tasks to queue
[2026-03-23T03:52:17.628+0000] {logging_mixin.py:188} INFO - [2026-03-23T03:52:17.628+0000] {dagbag.py:540} INFO - Filling up the DagBag from /home/airflow/.local/lib/python3.8/site-packages/airflow/example_dags/example_xcomargs.py
[2026-03-23T03:52:17.637+0000] {processor.py:840} INFO - DAG(s) 'example_xcom_args_with_operators', 'example_xcom_args' retrieved from /home/airflow/.local/lib/python3.8/site-packages/airflow/example_dags/example_xcomargs.py
[2026-03-23T03:52:17.662+0000] {logging_mixin.py:188} INFO - [2026-03-23T03:52:17.662+0000] {dag.py:3047} INFO - Sync 2 DAGs
[2026-03-23T03:52:17.676+0000] {logging_mixin.py:188} INFO - [2026-03-23T03:52:17.676+0000] {dag.py:3834} INFO - Setting next_dagrun for example_xcom_args to None, run_after=None
[2026-03-23T03:52:17.681+0000] {logging_mixin.py:188} INFO - [2026-03-23T03:52:17.681+0000] {dag.py:3834} INFO - Setting next_dagrun for example_xcom_args_with_operators to None, run_after=None
[2026-03-23T03:52:17.701+0000] {processor.py:183} INFO - Processing /home/airflow/.local/lib/python3.8/site-packages/airflow/example_dags/example_xcomargs.py took 0.079 seconds
[2026-03-23T03:52:47.746+0000] {processor.py:161} INFO - Started process (PID=291) to work on /home/airflow/.local/lib/python3.8/site-packages/airflow/example_dags/example_xcomargs.py
[2026-03-23T03:52:47.747+0000] {processor.py:830} INFO - Processing file /home/airflow/.local/lib/python3.8/site-packages/airflow/example_dags/example_xcomargs.py for tasks to queue
[2026-03-23T03:52:47.749+0000] {logging_mixin.py:188} INFO - [2026-03-23T03:52:47.749+0000] {dagbag.py:540} INFO - Filling up the DagBag from /home/airflow/.local/lib/python3.8/site-packages/airflow/example_dags/example_xcomargs.py
[2026-03-23T03:52:47.757+0000] {processor.py:840} INFO - DAG(s) 'example_xcom_args_with_operators', 'example_xcom_args' retrieved from /home/airflow/.local/lib/python3.8/site-packages/airflow/example_dags/example_xcomargs.py
[2026-03-23T03:52:47.779+0000] {logging_mixin.py:188} INFO - [2026-03-23T03:52:47.779+0000] {dag.py:3047} INFO - Sync 2 DAGs
[2026-03-23T03:52:47.792+0000] {logging_mixin.py:188} INFO - [2026-03-23T03:52:47.791+0000] {dag.py:3834} INFO - Setting next_dagrun for example_xcom_args to None, run_after=None
[2026-03-23T03:52:47.795+0000] {logging_mixin.py:188} INFO - [2026-03-23T03:52:47.795+0000] {dag.py:3834} INFO - Setting next_dagrun for example_xcom_args_with_operators to None, run_after=None
[2026-03-23T03:52:47.812+0000] {processor.py:183} INFO - Processing /home/airflow/.local/lib/python3.8/site-packages/airflow/example_dags/example_xcomargs.py took 0.069 seconds
[2026-03-23T03:53:18.374+0000] {processor.py:161} INFO - Started process (PID=346) to work on /home/airflow/.local/lib/python3.8/site-packages/airflow/example_dags/example_xcomargs.py
[2026-03-23T03:53:18.375+0000] {processor.py:830} INFO - Processing file /home/airflow/.local/lib/python3.8/site-packages/airflow/example_dags/example_xcomargs.py for tasks to queue
[2026-03-23T03:53:18.377+0000] {logging_mixin.py:188} INFO - [2026-03-23T03:53:18.377+0000] {dagbag.py:540} INFO - Filling up the DagBag from /home/airflow/.local/lib/python3.8/site-packages/airflow/example_dags/example_xcomargs.py
[2026-03-23T03:53:18.387+0000] {processor.py:840} INFO - DAG(s) 'example_xcom_args', 'example_xcom_args_with_operators' retrieved from /home/airflow/.local/lib/python3.8/site-packages/airflow/example_dags/example_xcomargs.py
[2026-03-23T03:53:18.418+0000] {logging_mixin.py:188} INFO - [2026-03-23T03:53:18.418+0000] {dag.py:3047} INFO - Sync 2 DAGs
[2026-03-23T03:53:18.434+0000] {logging_mixin.py:188} INFO - [2026-03-23T03:53:18.433+0000] {dag.py:3834} INFO - Setting next_dagrun for example_xcom_args to None, run_after=None
[2026-03-23T03:53:18.438+0000] {logging_mixin.py:188} INFO - [2026-03-23T03:53:18.438+0000] {dag.py:3834} INFO - Setting next_dagrun for example_xcom_args_with_operators to None, run_after=None
[2026-03-23T03:53:18.463+0000] {processor.py:183} INFO - Processing /home/airflow/.local/lib/python3.8/site-packages/airflow/example_dags/example_xcomargs.py took 0.093 seconds
[2026-03-23T03:53:48.635+0000] {processor.py:161} INFO - Started process (PID=401) to work on /home/airflow/.local/lib/python3.8/site-packages/airflow/example_dags/example_xcomargs.py
[2026-03-23T03:53:48.636+0000] {processor.py:830} INFO - Processing file /home/airflow/.local/lib/python3.8/site-packages/airflow/example_dags/example_xcomargs.py for tasks to queue
[2026-03-23T03:53:48.638+0000] {logging_mixin.py:188} INFO - [2026-03-23T03:53:48.638+0000] {dagbag.py:540} INFO - Filling up the DagBag from /home/airflow/.local/lib/python3.8/site-packages/airflow/example_dags/example_xcomargs.py
[2026-03-23T03:53:48.646+0000] {processor.py:840} INFO - DAG(s) 'example_xcom_args', 'example_xcom_args_with_operators' retrieved from /home/airflow/.local/lib/python3.8/site-packages/airflow/example_dags/example_xcomargs.py
[2026-03-23T03:53:48.671+0000] {logging_mixin.py:188} INFO - [2026-03-23T03:53:48.670+0000] {dag.py:3047} INFO - Sync 2 DAGs
[2026-03-23T03:53:48.685+0000] {logging_mixin.py:188} INFO - [2026-03-23T03:53:48.684+0000] {dag.py:3834} INFO - Setting next_dagrun for example_xcom_args to None, run_after=None
[2026-03-23T03:53:48.689+0000] {logging_mixin.py:188} INFO - [2026-03-23T03:53:48.689+0000] {dag.py:3834} INFO - Setting next_dagrun for example_xcom_args_with_operators to None, run_after=None
[2026-03-23T03:53:48.711+0000] {processor.py:183} INFO - Processing /home/airflow/.local/lib/python3.8/site-packages/airflow/example_dags/example_xcomargs.py took 0.079 seconds
[2026-03-23T03:54:19.394+0000] {processor.py:161} INFO - Started process (PID=456) to work on /home/airflow/.local/lib/python3.8/site-packages/airflow/example_dags/example_xcomargs.py
[2026-03-23T03:54:19.395+0000] {processor.py:830} INFO - Processing file /home/airflow/.local/lib/python3.8/site-packages/airflow/example_dags/example_xcomargs.py for tasks to queue
[2026-03-23T03:54:19.397+0000] {logging_mixin.py:188} INFO - [2026-03-23T03:54:19.397+0000] {dagbag.py:540} INFO - Filling up the DagBag from /home/airflow/.local/lib/python3.8/site-packages/airflow/example_dags/example_xcomargs.py
[2026-03-23T03:54:19.407+0000] {processor.py:840} INFO - DAG(s) 'example_xcom_args_with_operators', 'example_xcom_args' retrieved from /home/airflow/.local/lib/python3.8/site-packages/airflow/example_dags/example_xcomargs.py
[2026-03-23T03:54:19.433+0000] {logging_mixin.py:188} INFO - [2026-03-23T03:54:19.433+0000] {dag.py:3047} INFO - Sync 2 DAGs
[2026-03-23T03:54:19.446+0000] {logging_mixin.py:188} INFO - [2026-03-23T03:54:19.445+0000] {dag.py:3834} INFO - Setting next_dagrun for example_xcom_args to None, run_after=None
[2026-03-23T03:54:19.449+0000] {logging_mixin.py:188} INFO - [2026-03-23T03:54:19.449+0000] {dag.py:3834} INFO - Setting next_dagrun for example_xcom_args_with_operators to None, run_after=None
[2026-03-23T03:54:19.469+0000] {processor.py:183} INFO - Processing /home/airflow/.local/lib/python3.8/site-packages/airflow/example_dags/example_xcomargs.py took 0.079 seconds
[2026-03-23T03:54:49.737+0000] {processor.py:161} INFO - Started process (PID=511) to work on /home/airflow/.local/lib/python3.8/site-packages/airflow/example_dags/example_xcomargs.py
[2026-03-23T03:54:49.738+0000] {processor.py:830} INFO - Processing file /home/airflow/.local/lib/python3.8/site-packages/airflow/example_dags/example_xcomargs.py for tasks to queue
[2026-03-23T03:54:49.740+0000] {logging_mixin.py:188} INFO - [2026-03-23T03:54:49.739+0000] {dagbag.py:540} INFO - Filling up the DagBag from /home/airflow/.local/lib/python3.8/site-packages/airflow/example_dags/example_xcomargs.py
[2026-03-23T03:54:49.748+0000] {processor.py:840} INFO - DAG(s) 'example_xcom_args', 'example_xcom_args_with_operators' retrieved from /home/airflow/.local/lib/python3.8/site-packages/airflow/example_dags/example_xcomargs.py
[2026-03-23T03:54:49.775+0000] {logging_mixin.py:188} INFO - [2026-03-23T03:54:49.774+0000] {dag.py:3047} INFO - Sync 2 DAGs
[2026-03-23T03:54:49.788+0000] {logging_mixin.py:188} INFO - [2026-03-23T03:54:49.787+0000] {dag.py:3834} INFO - Setting next_dagrun for example_xcom_args to None, run_after=None
[2026-03-23T03:54:49.792+0000] {logging_mixin.py:188} INFO - [2026-03-23T03:54:49.792+0000] {dag.py:3834} INFO - Setting next_dagrun for example_xcom_args_with_operators to None, run_after=None
[2026-03-23T03:54:49.811+0000] {processor.py:183} INFO - Processing /home/airflow/.local/lib/python3.8/site-packages/airflow/example_dags/example_xcomargs.py took 0.077 seconds
[2026-03-23T03:55:19.929+0000] {processor.py:161} INFO - Started process (PID=566) to work on /home/airflow/.local/lib/python3.8/site-packages/airflow/example_dags/example_xcomargs.py
[2026-03-23T03:55:19.931+0000] {processor.py:830} INFO - Processing file /home/airflow/.local/lib/python3.8/site-packages/airflow/example_dags/example_xcomargs.py for tasks to queue
[2026-03-23T03:55:19.933+0000] {logging_mixin.py:188} INFO - [2026-03-23T03:55:19.932+0000] {dagbag.py:540} INFO - Filling up the DagBag from /home/airflow/.local/lib/python3.8/site-packages/airflow/example_dags/example_xcomargs.py
[2026-03-23T03:55:19.941+0000] {processor.py:840} INFO - DAG(s) 'example_xcom_args', 'example_xcom_args_with_operators' retrieved from /home/airflow/.local/lib/python3.8/site-packages/airflow/example_dags/example_xcomargs.py
[2026-03-23T03:55:19.964+0000] {logging_mixin.py:188} INFO - [2026-03-23T03:55:19.964+0000] {dag.py:3047} INFO - Sync 2 DAGs
[2026-03-23T03:55:19.979+0000] {logging_mixin.py:188} INFO - [2026-03-23T03:55:19.979+0000] {dag.py:3834} INFO - Setting next_dagrun for example_xcom_args to None, run_after=None
[2026-03-23T03:55:19.984+0000] {logging_mixin.py:188} INFO - [2026-03-23T03:55:19.983+0000] {dag.py:3834} INFO - Setting next_dagrun for example_xcom_args_with_operators to None, run_after=None
[2026-03-23T03:55:20.003+0000] {processor.py:183} INFO - Processing /home/airflow/.local/lib/python3.8/site-packages/airflow/example_dags/example_xcomargs.py took 0.076 seconds
[2026-03-23T03:55:50.354+0000] {processor.py:161} INFO - Started process (PID=621) to work on /home/airflow/.local/lib/python3.8/site-packages/airflow/example_dags/example_xcomargs.py
[2026-03-23T03:55:50.355+0000] {processor.py:830} INFO - Processing file /home/airflow/.local/lib/python3.8/site-packages/airflow/example_dags/example_xcomargs.py for tasks to queue
[2026-03-23T03:55:50.358+0000] {logging_mixin.py:188} INFO - [2026-03-23T03:55:50.357+0000] {dagbag.py:540} INFO - Filling up the DagBag from /home/airflow/.local/lib/python3.8/site-packages/airflow/example_dags/example_xcomargs.py
[2026-03-23T03:55:50.366+0000] {processor.py:840} INFO - DAG(s) 'example_xcom_args_with_operators', 'example_xcom_args' retrieved from /home/airflow/.local/lib/python3.8/site-packages/airflow/example_dags/example_xcomargs.py
[2026-03-23T03:55:50.395+0000] {logging_mixin.py:188} INFO - [2026-03-23T03:55:50.394+0000] {dag.py:3047} INFO - Sync 2 DAGs
[2026-03-23T03:55:50.408+0000] {logging_mixin.py:188} INFO - [2026-03-23T03:55:50.407+0000] {dag.py:3834} INFO - Setting next_dagrun for example_xcom_args to None, run_after=None
[2026-03-23T03:55:50.414+0000] {logging_mixin.py:188} INFO - [2026-03-23T03:55:50.414+0000] {dag.py:3834} INFO - Setting next_dagrun for example_xcom_args_with_operators to None, run_after=None
[2026-03-23T03:55:50.435+0000] {processor.py:183} INFO - Processing /home/airflow/.local/lib/python3.8/site-packages/airflow/example_dags/example_xcomargs.py took 0.085 seconds
[2026-03-23T03:56:20.481+0000] {processor.py:161} INFO - Started process (PID=676) to work on /home/airflow/.local/lib/python3.8/site-packages/airflow/example_dags/example_xcomargs.py
[2026-03-23T03:56:20.483+0000] {processor.py:830} INFO - Processing file /home/airflow/.local/lib/python3.8/site-packages/airflow/example_dags/example_xcomargs.py for tasks to queue
[2026-03-23T03:56:20.485+0000] {logging_mixin.py:188} INFO - [2026-03-23T03:56:20.485+0000] {dagbag.py:540} INFO - Filling up the DagBag from /home/airflow/.local/lib/python3.8/site-packages/airflow/example_dags/example_xcomargs.py
[2026-03-23T03:56:20.494+0000] {processor.py:840} INFO - DAG(s) 'example_xcom_args', 'example_xcom_args_with_operators' retrieved from /home/airflow/.local/lib/python3.8/site-packages/airflow/example_dags/example_xcomargs.py
[2026-03-23T03:56:20.526+0000] {logging_mixin.py:188} INFO - [2026-03-23T03:56:20.525+0000] {dag.py:3047} INFO - Sync 2 DAGs
[2026-03-23T03:56:20.541+0000] {logging_mixin.py:188} INFO - [2026-03-23T03:56:20.541+0000] {dag.py:3834} INFO - Setting next_dagrun for example_xcom_args to None, run_after=None
[2026-03-23T03:56:20.547+0000] {logging_mixin.py:188} INFO - [2026-03-23T03:56:20.546+0000] {dag.py:3834} INFO - Setting next_dagrun for example_xcom_args_with_operators to None, run_after=None
[2026-03-23T03:56:20.573+0000] {processor.py:183} INFO - Processing /home/airflow/.local/lib/python3.8/site-packages/airflow/example_dags/example_xcomargs.py took 0.095 seconds
