[2026-03-23T03:21:15.116+0000] {processor.py:161} INFO - Started process (PID=82) to work on /home/airflow/.local/lib/python3.8/site-packages/airflow/example_dags/example_setup_teardown_taskflow.py
[2026-03-23T03:21:15.117+0000] {processor.py:830} INFO - Processing file /home/airflow/.local/lib/python3.8/site-packages/airflow/example_dags/example_setup_teardown_taskflow.py for tasks to queue
[2026-03-23T03:21:15.120+0000] {logging_mixin.py:188} INFO - [2026-03-23T03:21:15.119+0000] {dagbag.py:540} INFO - Filling up the DagBag from /home/airflow/.local/lib/python3.8/site-packages/airflow/example_dags/example_setup_teardown_taskflow.py
[2026-03-23T03:21:15.133+0000] {processor.py:840} INFO - DAG(s) 'example_setup_teardown_taskflow' retrieved from /home/airflow/.local/lib/python3.8/site-packages/airflow/example_dags/example_setup_teardown_taskflow.py
[2026-03-23T03:21:15.148+0000] {logging_mixin.py:188} INFO - [2026-03-23T03:21:15.148+0000] {dag.py:3047} INFO - Sync 1 DAGs
[2026-03-23T03:21:15.173+0000] {logging_mixin.py:188} INFO - [2026-03-23T03:21:15.173+0000] {dag.py:3834} INFO - Setting next_dagrun for example_setup_teardown_taskflow to 2026-03-22 00:00:00+00:00, run_after=2026-03-23 00:00:00+00:00
[2026-03-23T03:21:15.200+0000] {processor.py:183} INFO - Processing /home/airflow/.local/lib/python3.8/site-packages/airflow/example_dags/example_setup_teardown_taskflow.py took 0.088 seconds
[2026-03-23T03:21:45.232+0000] {processor.py:161} INFO - Started process (PID=137) to work on /home/airflow/.local/lib/python3.8/site-packages/airflow/example_dags/example_setup_teardown_taskflow.py
[2026-03-23T03:21:45.232+0000] {processor.py:830} INFO - Processing file /home/airflow/.local/lib/python3.8/site-packages/airflow/example_dags/example_setup_teardown_taskflow.py for tasks to queue
[2026-03-23T03:21:45.234+0000] {logging_mixin.py:188} INFO - [2026-03-23T03:21:45.234+0000] {dagbag.py:540} INFO - Filling up the DagBag from /home/airflow/.local/lib/python3.8/site-packages/airflow/example_dags/example_setup_teardown_taskflow.py
[2026-03-23T03:21:45.242+0000] {processor.py:840} INFO - DAG(s) 'example_setup_teardown_taskflow' retrieved from /home/airflow/.local/lib/python3.8/site-packages/airflow/example_dags/example_setup_teardown_taskflow.py
[2026-03-23T03:21:45.253+0000] {logging_mixin.py:188} INFO - [2026-03-23T03:21:45.253+0000] {dag.py:3047} INFO - Sync 1 DAGs
[2026-03-23T03:21:45.275+0000] {logging_mixin.py:188} INFO - [2026-03-23T03:21:45.274+0000] {dag.py:3834} INFO - Setting next_dagrun for example_setup_teardown_taskflow to 2026-03-22 00:00:00+00:00, run_after=2026-03-23 00:00:00+00:00
[2026-03-23T03:21:45.299+0000] {processor.py:183} INFO - Processing /home/airflow/.local/lib/python3.8/site-packages/airflow/example_dags/example_setup_teardown_taskflow.py took 0.070 seconds
[2026-03-23T03:22:17.062+0000] {processor.py:161} INFO - Started process (PID=192) to work on /home/airflow/.local/lib/python3.8/site-packages/airflow/example_dags/example_setup_teardown_taskflow.py
[2026-03-23T03:22:17.063+0000] {processor.py:830} INFO - Processing file /home/airflow/.local/lib/python3.8/site-packages/airflow/example_dags/example_setup_teardown_taskflow.py for tasks to queue
[2026-03-23T03:22:17.065+0000] {logging_mixin.py:188} INFO - [2026-03-23T03:22:17.065+0000] {dagbag.py:540} INFO - Filling up the DagBag from /home/airflow/.local/lib/python3.8/site-packages/airflow/example_dags/example_setup_teardown_taskflow.py
[2026-03-23T03:22:17.073+0000] {processor.py:840} INFO - DAG(s) 'example_setup_teardown_taskflow' retrieved from /home/airflow/.local/lib/python3.8/site-packages/airflow/example_dags/example_setup_teardown_taskflow.py
[2026-03-23T03:22:17.189+0000] {logging_mixin.py:188} INFO - [2026-03-23T03:22:17.189+0000] {dag.py:3047} INFO - Sync 1 DAGs
[2026-03-23T03:22:17.225+0000] {logging_mixin.py:188} INFO - [2026-03-23T03:22:17.225+0000] {dag.py:3834} INFO - Setting next_dagrun for example_setup_teardown_taskflow to 2026-03-22 00:00:00+00:00, run_after=2026-03-23 00:00:00+00:00
[2026-03-23T03:22:17.272+0000] {processor.py:183} INFO - Processing /home/airflow/.local/lib/python3.8/site-packages/airflow/example_dags/example_setup_teardown_taskflow.py took 0.212 seconds
[2026-03-23T03:22:47.955+0000] {processor.py:161} INFO - Started process (PID=253) to work on /home/airflow/.local/lib/python3.8/site-packages/airflow/example_dags/example_setup_teardown_taskflow.py
[2026-03-23T03:22:47.957+0000] {processor.py:830} INFO - Processing file /home/airflow/.local/lib/python3.8/site-packages/airflow/example_dags/example_setup_teardown_taskflow.py for tasks to queue
[2026-03-23T03:22:47.958+0000] {logging_mixin.py:188} INFO - [2026-03-23T03:22:47.958+0000] {dagbag.py:540} INFO - Filling up the DagBag from /home/airflow/.local/lib/python3.8/site-packages/airflow/example_dags/example_setup_teardown_taskflow.py
[2026-03-23T03:22:47.967+0000] {processor.py:840} INFO - DAG(s) 'example_setup_teardown_taskflow' retrieved from /home/airflow/.local/lib/python3.8/site-packages/airflow/example_dags/example_setup_teardown_taskflow.py
[2026-03-23T03:22:47.989+0000] {logging_mixin.py:188} INFO - [2026-03-23T03:22:47.988+0000] {dag.py:3047} INFO - Sync 1 DAGs
[2026-03-23T03:22:48.012+0000] {logging_mixin.py:188} INFO - [2026-03-23T03:22:48.012+0000] {dag.py:3834} INFO - Setting next_dagrun for example_setup_teardown_taskflow to 2026-03-22 00:00:00+00:00, run_after=2026-03-23 00:00:00+00:00
[2026-03-23T03:22:48.037+0000] {processor.py:183} INFO - Processing /home/airflow/.local/lib/python3.8/site-packages/airflow/example_dags/example_setup_teardown_taskflow.py took 0.084 seconds
[2026-03-23T03:23:18.973+0000] {processor.py:161} INFO - Started process (PID=308) to work on /home/airflow/.local/lib/python3.8/site-packages/airflow/example_dags/example_setup_teardown_taskflow.py
[2026-03-23T03:23:18.974+0000] {processor.py:830} INFO - Processing file /home/airflow/.local/lib/python3.8/site-packages/airflow/example_dags/example_setup_teardown_taskflow.py for tasks to queue
[2026-03-23T03:23:18.975+0000] {logging_mixin.py:188} INFO - [2026-03-23T03:23:18.975+0000] {dagbag.py:540} INFO - Filling up the DagBag from /home/airflow/.local/lib/python3.8/site-packages/airflow/example_dags/example_setup_teardown_taskflow.py
[2026-03-23T03:23:18.985+0000] {processor.py:840} INFO - DAG(s) 'example_setup_teardown_taskflow' retrieved from /home/airflow/.local/lib/python3.8/site-packages/airflow/example_dags/example_setup_teardown_taskflow.py
[2026-03-23T03:23:19.005+0000] {logging_mixin.py:188} INFO - [2026-03-23T03:23:19.005+0000] {dag.py:3047} INFO - Sync 1 DAGs
[2026-03-23T03:23:19.025+0000] {logging_mixin.py:188} INFO - [2026-03-23T03:23:19.025+0000] {dag.py:3834} INFO - Setting next_dagrun for example_setup_teardown_taskflow to 2026-03-22 00:00:00+00:00, run_after=2026-03-23 00:00:00+00:00
[2026-03-23T03:23:19.045+0000] {processor.py:183} INFO - Processing /home/airflow/.local/lib/python3.8/site-packages/airflow/example_dags/example_setup_teardown_taskflow.py took 0.075 seconds
[2026-03-23T03:25:09.295+0000] {processor.py:161} INFO - Started process (PID=82) to work on /home/airflow/.local/lib/python3.8/site-packages/airflow/example_dags/example_setup_teardown_taskflow.py
[2026-03-23T03:25:09.297+0000] {processor.py:830} INFO - Processing file /home/airflow/.local/lib/python3.8/site-packages/airflow/example_dags/example_setup_teardown_taskflow.py for tasks to queue
[2026-03-23T03:25:09.300+0000] {logging_mixin.py:188} INFO - [2026-03-23T03:25:09.300+0000] {dagbag.py:540} INFO - Filling up the DagBag from /home/airflow/.local/lib/python3.8/site-packages/airflow/example_dags/example_setup_teardown_taskflow.py
[2026-03-23T03:25:09.320+0000] {processor.py:840} INFO - DAG(s) 'example_setup_teardown_taskflow' retrieved from /home/airflow/.local/lib/python3.8/site-packages/airflow/example_dags/example_setup_teardown_taskflow.py
[2026-03-23T03:25:09.337+0000] {logging_mixin.py:188} INFO - [2026-03-23T03:25:09.337+0000] {dag.py:3047} INFO - Sync 1 DAGs
[2026-03-23T03:25:09.375+0000] {logging_mixin.py:188} INFO - [2026-03-23T03:25:09.374+0000] {dag.py:3834} INFO - Setting next_dagrun for example_setup_teardown_taskflow to 2026-03-22 00:00:00+00:00, run_after=2026-03-23 00:00:00+00:00
[2026-03-23T03:25:09.411+0000] {processor.py:183} INFO - Processing /home/airflow/.local/lib/python3.8/site-packages/airflow/example_dags/example_setup_teardown_taskflow.py took 0.122 seconds
[2026-03-23T03:25:41.093+0000] {processor.py:161} INFO - Started process (PID=137) to work on /home/airflow/.local/lib/python3.8/site-packages/airflow/example_dags/example_setup_teardown_taskflow.py
[2026-03-23T03:25:41.095+0000] {processor.py:830} INFO - Processing file /home/airflow/.local/lib/python3.8/site-packages/airflow/example_dags/example_setup_teardown_taskflow.py for tasks to queue
[2026-03-23T03:25:41.097+0000] {logging_mixin.py:188} INFO - [2026-03-23T03:25:41.097+0000] {dagbag.py:540} INFO - Filling up the DagBag from /home/airflow/.local/lib/python3.8/site-packages/airflow/example_dags/example_setup_teardown_taskflow.py
[2026-03-23T03:25:41.108+0000] {processor.py:840} INFO - DAG(s) 'example_setup_teardown_taskflow' retrieved from /home/airflow/.local/lib/python3.8/site-packages/airflow/example_dags/example_setup_teardown_taskflow.py
[2026-03-23T03:25:41.226+0000] {logging_mixin.py:188} INFO - [2026-03-23T03:25:41.226+0000] {dag.py:3047} INFO - Sync 1 DAGs
[2026-03-23T03:25:41.250+0000] {logging_mixin.py:188} INFO - [2026-03-23T03:25:41.249+0000] {dag.py:3834} INFO - Setting next_dagrun for example_setup_teardown_taskflow to 2026-03-22 00:00:00+00:00, run_after=2026-03-23 00:00:00+00:00
[2026-03-23T03:25:41.279+0000] {processor.py:183} INFO - Processing /home/airflow/.local/lib/python3.8/site-packages/airflow/example_dags/example_setup_teardown_taskflow.py took 0.189 seconds
[2026-03-23T03:26:12.212+0000] {processor.py:161} INFO - Started process (PID=198) to work on /home/airflow/.local/lib/python3.8/site-packages/airflow/example_dags/example_setup_teardown_taskflow.py
[2026-03-23T03:26:12.214+0000] {processor.py:830} INFO - Processing file /home/airflow/.local/lib/python3.8/site-packages/airflow/example_dags/example_setup_teardown_taskflow.py for tasks to queue
[2026-03-23T03:26:12.217+0000] {logging_mixin.py:188} INFO - [2026-03-23T03:26:12.216+0000] {dagbag.py:540} INFO - Filling up the DagBag from /home/airflow/.local/lib/python3.8/site-packages/airflow/example_dags/example_setup_teardown_taskflow.py
[2026-03-23T03:26:12.228+0000] {processor.py:840} INFO - DAG(s) 'example_setup_teardown_taskflow' retrieved from /home/airflow/.local/lib/python3.8/site-packages/airflow/example_dags/example_setup_teardown_taskflow.py
[2026-03-23T03:26:12.256+0000] {logging_mixin.py:188} INFO - [2026-03-23T03:26:12.256+0000] {dag.py:3047} INFO - Sync 1 DAGs
[2026-03-23T03:26:12.285+0000] {logging_mixin.py:188} INFO - [2026-03-23T03:26:12.284+0000] {dag.py:3834} INFO - Setting next_dagrun for example_setup_teardown_taskflow to 2026-03-22 00:00:00+00:00, run_after=2026-03-23 00:00:00+00:00
[2026-03-23T03:26:12.323+0000] {processor.py:183} INFO - Processing /home/airflow/.local/lib/python3.8/site-packages/airflow/example_dags/example_setup_teardown_taskflow.py took 0.114 seconds
[2026-03-23T03:26:43.289+0000] {processor.py:161} INFO - Started process (PID=253) to work on /home/airflow/.local/lib/python3.8/site-packages/airflow/example_dags/example_setup_teardown_taskflow.py
[2026-03-23T03:26:43.290+0000] {processor.py:830} INFO - Processing file /home/airflow/.local/lib/python3.8/site-packages/airflow/example_dags/example_setup_teardown_taskflow.py for tasks to queue
[2026-03-23T03:26:43.292+0000] {logging_mixin.py:188} INFO - [2026-03-23T03:26:43.292+0000] {dagbag.py:540} INFO - Filling up the DagBag from /home/airflow/.local/lib/python3.8/site-packages/airflow/example_dags/example_setup_teardown_taskflow.py
[2026-03-23T03:26:43.302+0000] {processor.py:840} INFO - DAG(s) 'example_setup_teardown_taskflow' retrieved from /home/airflow/.local/lib/python3.8/site-packages/airflow/example_dags/example_setup_teardown_taskflow.py
[2026-03-23T03:26:43.325+0000] {logging_mixin.py:188} INFO - [2026-03-23T03:26:43.324+0000] {dag.py:3047} INFO - Sync 1 DAGs
[2026-03-23T03:26:43.349+0000] {logging_mixin.py:188} INFO - [2026-03-23T03:26:43.349+0000] {dag.py:3834} INFO - Setting next_dagrun for example_setup_teardown_taskflow to 2026-03-22 00:00:00+00:00, run_after=2026-03-23 00:00:00+00:00
[2026-03-23T03:26:43.374+0000] {processor.py:183} INFO - Processing /home/airflow/.local/lib/python3.8/site-packages/airflow/example_dags/example_setup_teardown_taskflow.py took 0.087 seconds
[2026-03-23T03:27:13.731+0000] {processor.py:161} INFO - Started process (PID=308) to work on /home/airflow/.local/lib/python3.8/site-packages/airflow/example_dags/example_setup_teardown_taskflow.py
[2026-03-23T03:27:13.732+0000] {processor.py:830} INFO - Processing file /home/airflow/.local/lib/python3.8/site-packages/airflow/example_dags/example_setup_teardown_taskflow.py for tasks to queue
[2026-03-23T03:27:13.734+0000] {logging_mixin.py:188} INFO - [2026-03-23T03:27:13.734+0000] {dagbag.py:540} INFO - Filling up the DagBag from /home/airflow/.local/lib/python3.8/site-packages/airflow/example_dags/example_setup_teardown_taskflow.py
[2026-03-23T03:27:13.742+0000] {processor.py:840} INFO - DAG(s) 'example_setup_teardown_taskflow' retrieved from /home/airflow/.local/lib/python3.8/site-packages/airflow/example_dags/example_setup_teardown_taskflow.py
[2026-03-23T03:27:13.760+0000] {logging_mixin.py:188} INFO - [2026-03-23T03:27:13.760+0000] {dag.py:3047} INFO - Sync 1 DAGs
[2026-03-23T03:27:13.780+0000] {logging_mixin.py:188} INFO - [2026-03-23T03:27:13.779+0000] {dag.py:3834} INFO - Setting next_dagrun for example_setup_teardown_taskflow to 2026-03-22 00:00:00+00:00, run_after=2026-03-23 00:00:00+00:00
[2026-03-23T03:27:13.798+0000] {processor.py:183} INFO - Processing /home/airflow/.local/lib/python3.8/site-packages/airflow/example_dags/example_setup_teardown_taskflow.py took 0.069 seconds
[2026-03-23T03:27:43.914+0000] {processor.py:161} INFO - Started process (PID=363) to work on /home/airflow/.local/lib/python3.8/site-packages/airflow/example_dags/example_setup_teardown_taskflow.py
[2026-03-23T03:27:43.915+0000] {processor.py:830} INFO - Processing file /home/airflow/.local/lib/python3.8/site-packages/airflow/example_dags/example_setup_teardown_taskflow.py for tasks to queue
[2026-03-23T03:27:43.917+0000] {logging_mixin.py:188} INFO - [2026-03-23T03:27:43.917+0000] {dagbag.py:540} INFO - Filling up the DagBag from /home/airflow/.local/lib/python3.8/site-packages/airflow/example_dags/example_setup_teardown_taskflow.py
[2026-03-23T03:27:43.926+0000] {processor.py:840} INFO - DAG(s) 'example_setup_teardown_taskflow' retrieved from /home/airflow/.local/lib/python3.8/site-packages/airflow/example_dags/example_setup_teardown_taskflow.py
[2026-03-23T03:27:43.950+0000] {logging_mixin.py:188} INFO - [2026-03-23T03:27:43.950+0000] {dag.py:3047} INFO - Sync 1 DAGs
[2026-03-23T03:27:43.972+0000] {logging_mixin.py:188} INFO - [2026-03-23T03:27:43.972+0000] {dag.py:3834} INFO - Setting next_dagrun for example_setup_teardown_taskflow to 2026-03-22 00:00:00+00:00, run_after=2026-03-23 00:00:00+00:00
[2026-03-23T03:27:43.998+0000] {processor.py:183} INFO - Processing /home/airflow/.local/lib/python3.8/site-packages/airflow/example_dags/example_setup_teardown_taskflow.py took 0.086 seconds
[2026-03-23T03:28:14.253+0000] {processor.py:161} INFO - Started process (PID=418) to work on /home/airflow/.local/lib/python3.8/site-packages/airflow/example_dags/example_setup_teardown_taskflow.py
[2026-03-23T03:28:14.254+0000] {processor.py:830} INFO - Processing file /home/airflow/.local/lib/python3.8/site-packages/airflow/example_dags/example_setup_teardown_taskflow.py for tasks to queue
[2026-03-23T03:28:14.257+0000] {logging_mixin.py:188} INFO - [2026-03-23T03:28:14.256+0000] {dagbag.py:540} INFO - Filling up the DagBag from /home/airflow/.local/lib/python3.8/site-packages/airflow/example_dags/example_setup_teardown_taskflow.py
[2026-03-23T03:28:14.264+0000] {processor.py:840} INFO - DAG(s) 'example_setup_teardown_taskflow' retrieved from /home/airflow/.local/lib/python3.8/site-packages/airflow/example_dags/example_setup_teardown_taskflow.py
[2026-03-23T03:28:14.284+0000] {logging_mixin.py:188} INFO - [2026-03-23T03:28:14.284+0000] {dag.py:3047} INFO - Sync 1 DAGs
[2026-03-23T03:28:14.304+0000] {logging_mixin.py:188} INFO - [2026-03-23T03:28:14.304+0000] {dag.py:3834} INFO - Setting next_dagrun for example_setup_teardown_taskflow to 2026-03-22 00:00:00+00:00, run_after=2026-03-23 00:00:00+00:00
[2026-03-23T03:28:14.324+0000] {processor.py:183} INFO - Processing /home/airflow/.local/lib/python3.8/site-packages/airflow/example_dags/example_setup_teardown_taskflow.py took 0.074 seconds
[2026-03-23T03:28:44.722+0000] {processor.py:161} INFO - Started process (PID=473) to work on /home/airflow/.local/lib/python3.8/site-packages/airflow/example_dags/example_setup_teardown_taskflow.py
[2026-03-23T03:28:44.724+0000] {processor.py:830} INFO - Processing file /home/airflow/.local/lib/python3.8/site-packages/airflow/example_dags/example_setup_teardown_taskflow.py for tasks to queue
[2026-03-23T03:28:44.726+0000] {logging_mixin.py:188} INFO - [2026-03-23T03:28:44.725+0000] {dagbag.py:540} INFO - Filling up the DagBag from /home/airflow/.local/lib/python3.8/site-packages/airflow/example_dags/example_setup_teardown_taskflow.py
[2026-03-23T03:28:44.734+0000] {processor.py:840} INFO - DAG(s) 'example_setup_teardown_taskflow' retrieved from /home/airflow/.local/lib/python3.8/site-packages/airflow/example_dags/example_setup_teardown_taskflow.py
[2026-03-23T03:28:44.756+0000] {logging_mixin.py:188} INFO - [2026-03-23T03:28:44.756+0000] {dag.py:3047} INFO - Sync 1 DAGs
[2026-03-23T03:28:44.778+0000] {logging_mixin.py:188} INFO - [2026-03-23T03:28:44.777+0000] {dag.py:3834} INFO - Setting next_dagrun for example_setup_teardown_taskflow to 2026-03-22 00:00:00+00:00, run_after=2026-03-23 00:00:00+00:00
[2026-03-23T03:28:44.798+0000] {processor.py:183} INFO - Processing /home/airflow/.local/lib/python3.8/site-packages/airflow/example_dags/example_setup_teardown_taskflow.py took 0.079 seconds
[2026-03-23T03:29:15.161+0000] {processor.py:161} INFO - Started process (PID=528) to work on /home/airflow/.local/lib/python3.8/site-packages/airflow/example_dags/example_setup_teardown_taskflow.py
[2026-03-23T03:29:15.162+0000] {processor.py:830} INFO - Processing file /home/airflow/.local/lib/python3.8/site-packages/airflow/example_dags/example_setup_teardown_taskflow.py for tasks to queue
[2026-03-23T03:29:15.164+0000] {logging_mixin.py:188} INFO - [2026-03-23T03:29:15.164+0000] {dagbag.py:540} INFO - Filling up the DagBag from /home/airflow/.local/lib/python3.8/site-packages/airflow/example_dags/example_setup_teardown_taskflow.py
[2026-03-23T03:29:15.175+0000] {processor.py:840} INFO - DAG(s) 'example_setup_teardown_taskflow' retrieved from /home/airflow/.local/lib/python3.8/site-packages/airflow/example_dags/example_setup_teardown_taskflow.py
[2026-03-23T03:29:15.195+0000] {logging_mixin.py:188} INFO - [2026-03-23T03:29:15.195+0000] {dag.py:3047} INFO - Sync 1 DAGs
[2026-03-23T03:29:15.217+0000] {logging_mixin.py:188} INFO - [2026-03-23T03:29:15.217+0000] {dag.py:3834} INFO - Setting next_dagrun for example_setup_teardown_taskflow to 2026-03-22 00:00:00+00:00, run_after=2026-03-23 00:00:00+00:00
[2026-03-23T03:29:15.245+0000] {processor.py:183} INFO - Processing /home/airflow/.local/lib/python3.8/site-packages/airflow/example_dags/example_setup_teardown_taskflow.py took 0.087 seconds
[2026-03-23T03:29:45.290+0000] {processor.py:161} INFO - Started process (PID=582) to work on /home/airflow/.local/lib/python3.8/site-packages/airflow/example_dags/example_setup_teardown_taskflow.py
[2026-03-23T03:29:45.291+0000] {processor.py:830} INFO - Processing file /home/airflow/.local/lib/python3.8/site-packages/airflow/example_dags/example_setup_teardown_taskflow.py for tasks to queue
[2026-03-23T03:29:45.293+0000] {logging_mixin.py:188} INFO - [2026-03-23T03:29:45.293+0000] {dagbag.py:540} INFO - Filling up the DagBag from /home/airflow/.local/lib/python3.8/site-packages/airflow/example_dags/example_setup_teardown_taskflow.py
[2026-03-23T03:29:45.302+0000] {processor.py:840} INFO - DAG(s) 'example_setup_teardown_taskflow' retrieved from /home/airflow/.local/lib/python3.8/site-packages/airflow/example_dags/example_setup_teardown_taskflow.py
[2026-03-23T03:29:45.325+0000] {logging_mixin.py:188} INFO - [2026-03-23T03:29:45.325+0000] {dag.py:3047} INFO - Sync 1 DAGs
[2026-03-23T03:29:45.346+0000] {logging_mixin.py:188} INFO - [2026-03-23T03:29:45.346+0000] {dag.py:3834} INFO - Setting next_dagrun for example_setup_teardown_taskflow to 2026-03-22 00:00:00+00:00, run_after=2026-03-23 00:00:00+00:00
[2026-03-23T03:29:45.368+0000] {processor.py:183} INFO - Processing /home/airflow/.local/lib/python3.8/site-packages/airflow/example_dags/example_setup_teardown_taskflow.py took 0.082 seconds
[2026-03-23T03:30:15.783+0000] {processor.py:161} INFO - Started process (PID=638) to work on /home/airflow/.local/lib/python3.8/site-packages/airflow/example_dags/example_setup_teardown_taskflow.py
[2026-03-23T03:30:15.784+0000] {processor.py:830} INFO - Processing file /home/airflow/.local/lib/python3.8/site-packages/airflow/example_dags/example_setup_teardown_taskflow.py for tasks to queue
[2026-03-23T03:30:15.787+0000] {logging_mixin.py:188} INFO - [2026-03-23T03:30:15.786+0000] {dagbag.py:540} INFO - Filling up the DagBag from /home/airflow/.local/lib/python3.8/site-packages/airflow/example_dags/example_setup_teardown_taskflow.py
[2026-03-23T03:30:15.797+0000] {processor.py:840} INFO - DAG(s) 'example_setup_teardown_taskflow' retrieved from /home/airflow/.local/lib/python3.8/site-packages/airflow/example_dags/example_setup_teardown_taskflow.py
[2026-03-23T03:30:15.822+0000] {logging_mixin.py:188} INFO - [2026-03-23T03:30:15.821+0000] {dag.py:3047} INFO - Sync 1 DAGs
[2026-03-23T03:30:15.848+0000] {logging_mixin.py:188} INFO - [2026-03-23T03:30:15.847+0000] {dag.py:3834} INFO - Setting next_dagrun for example_setup_teardown_taskflow to 2026-03-22 00:00:00+00:00, run_after=2026-03-23 00:00:00+00:00
[2026-03-23T03:30:15.875+0000] {processor.py:183} INFO - Processing /home/airflow/.local/lib/python3.8/site-packages/airflow/example_dags/example_setup_teardown_taskflow.py took 0.096 seconds
[2026-03-23T03:30:45.933+0000] {processor.py:161} INFO - Started process (PID=693) to work on /home/airflow/.local/lib/python3.8/site-packages/airflow/example_dags/example_setup_teardown_taskflow.py
[2026-03-23T03:30:45.935+0000] {processor.py:830} INFO - Processing file /home/airflow/.local/lib/python3.8/site-packages/airflow/example_dags/example_setup_teardown_taskflow.py for tasks to queue
[2026-03-23T03:30:45.937+0000] {logging_mixin.py:188} INFO - [2026-03-23T03:30:45.937+0000] {dagbag.py:540} INFO - Filling up the DagBag from /home/airflow/.local/lib/python3.8/site-packages/airflow/example_dags/example_setup_teardown_taskflow.py
[2026-03-23T03:30:45.947+0000] {processor.py:840} INFO - DAG(s) 'example_setup_teardown_taskflow' retrieved from /home/airflow/.local/lib/python3.8/site-packages/airflow/example_dags/example_setup_teardown_taskflow.py
[2026-03-23T03:30:45.968+0000] {logging_mixin.py:188} INFO - [2026-03-23T03:30:45.968+0000] {dag.py:3047} INFO - Sync 1 DAGs
[2026-03-23T03:30:45.990+0000] {logging_mixin.py:188} INFO - [2026-03-23T03:30:45.990+0000] {dag.py:3834} INFO - Setting next_dagrun for example_setup_teardown_taskflow to 2026-03-22 00:00:00+00:00, run_after=2026-03-23 00:00:00+00:00
[2026-03-23T03:30:46.011+0000] {processor.py:183} INFO - Processing /home/airflow/.local/lib/python3.8/site-packages/airflow/example_dags/example_setup_teardown_taskflow.py took 0.081 seconds
[2026-03-23T03:31:16.043+0000] {processor.py:161} INFO - Started process (PID=747) to work on /home/airflow/.local/lib/python3.8/site-packages/airflow/example_dags/example_setup_teardown_taskflow.py
[2026-03-23T03:31:16.044+0000] {processor.py:830} INFO - Processing file /home/airflow/.local/lib/python3.8/site-packages/airflow/example_dags/example_setup_teardown_taskflow.py for tasks to queue
[2026-03-23T03:31:16.045+0000] {logging_mixin.py:188} INFO - [2026-03-23T03:31:16.045+0000] {dagbag.py:540} INFO - Filling up the DagBag from /home/airflow/.local/lib/python3.8/site-packages/airflow/example_dags/example_setup_teardown_taskflow.py
[2026-03-23T03:31:16.054+0000] {processor.py:840} INFO - DAG(s) 'example_setup_teardown_taskflow' retrieved from /home/airflow/.local/lib/python3.8/site-packages/airflow/example_dags/example_setup_teardown_taskflow.py
[2026-03-23T03:31:16.075+0000] {logging_mixin.py:188} INFO - [2026-03-23T03:31:16.075+0000] {dag.py:3047} INFO - Sync 1 DAGs
[2026-03-23T03:31:16.096+0000] {logging_mixin.py:188} INFO - [2026-03-23T03:31:16.095+0000] {dag.py:3834} INFO - Setting next_dagrun for example_setup_teardown_taskflow to 2026-03-22 00:00:00+00:00, run_after=2026-03-23 00:00:00+00:00
[2026-03-23T03:31:16.117+0000] {processor.py:183} INFO - Processing /home/airflow/.local/lib/python3.8/site-packages/airflow/example_dags/example_setup_teardown_taskflow.py took 0.077 seconds
[2026-03-23T03:31:46.723+0000] {processor.py:161} INFO - Started process (PID=803) to work on /home/airflow/.local/lib/python3.8/site-packages/airflow/example_dags/example_setup_teardown_taskflow.py
[2026-03-23T03:31:46.724+0000] {processor.py:830} INFO - Processing file /home/airflow/.local/lib/python3.8/site-packages/airflow/example_dags/example_setup_teardown_taskflow.py for tasks to queue
[2026-03-23T03:31:46.726+0000] {logging_mixin.py:188} INFO - [2026-03-23T03:31:46.726+0000] {dagbag.py:540} INFO - Filling up the DagBag from /home/airflow/.local/lib/python3.8/site-packages/airflow/example_dags/example_setup_teardown_taskflow.py
[2026-03-23T03:31:46.736+0000] {processor.py:840} INFO - DAG(s) 'example_setup_teardown_taskflow' retrieved from /home/airflow/.local/lib/python3.8/site-packages/airflow/example_dags/example_setup_teardown_taskflow.py
[2026-03-23T03:31:46.759+0000] {logging_mixin.py:188} INFO - [2026-03-23T03:31:46.759+0000] {dag.py:3047} INFO - Sync 1 DAGs
[2026-03-23T03:31:46.786+0000] {logging_mixin.py:188} INFO - [2026-03-23T03:31:46.785+0000] {dag.py:3834} INFO - Setting next_dagrun for example_setup_teardown_taskflow to 2026-03-22 00:00:00+00:00, run_after=2026-03-23 00:00:00+00:00
[2026-03-23T03:31:46.817+0000] {processor.py:183} INFO - Processing /home/airflow/.local/lib/python3.8/site-packages/airflow/example_dags/example_setup_teardown_taskflow.py took 0.097 seconds
[2026-03-23T03:32:17.498+0000] {processor.py:161} INFO - Started process (PID=858) to work on /home/airflow/.local/lib/python3.8/site-packages/airflow/example_dags/example_setup_teardown_taskflow.py
[2026-03-23T03:32:17.499+0000] {processor.py:830} INFO - Processing file /home/airflow/.local/lib/python3.8/site-packages/airflow/example_dags/example_setup_teardown_taskflow.py for tasks to queue
[2026-03-23T03:32:17.501+0000] {logging_mixin.py:188} INFO - [2026-03-23T03:32:17.501+0000] {dagbag.py:540} INFO - Filling up the DagBag from /home/airflow/.local/lib/python3.8/site-packages/airflow/example_dags/example_setup_teardown_taskflow.py
[2026-03-23T03:32:17.510+0000] {processor.py:840} INFO - DAG(s) 'example_setup_teardown_taskflow' retrieved from /home/airflow/.local/lib/python3.8/site-packages/airflow/example_dags/example_setup_teardown_taskflow.py
[2026-03-23T03:32:17.533+0000] {logging_mixin.py:188} INFO - [2026-03-23T03:32:17.533+0000] {dag.py:3047} INFO - Sync 1 DAGs
[2026-03-23T03:32:17.556+0000] {logging_mixin.py:188} INFO - [2026-03-23T03:32:17.556+0000] {dag.py:3834} INFO - Setting next_dagrun for example_setup_teardown_taskflow to 2026-03-22 00:00:00+00:00, run_after=2026-03-23 00:00:00+00:00
[2026-03-23T03:32:17.579+0000] {processor.py:183} INFO - Processing /home/airflow/.local/lib/python3.8/site-packages/airflow/example_dags/example_setup_teardown_taskflow.py took 0.084 seconds
[2026-03-23T03:32:47.627+0000] {processor.py:161} INFO - Started process (PID=912) to work on /home/airflow/.local/lib/python3.8/site-packages/airflow/example_dags/example_setup_teardown_taskflow.py
[2026-03-23T03:32:47.628+0000] {processor.py:830} INFO - Processing file /home/airflow/.local/lib/python3.8/site-packages/airflow/example_dags/example_setup_teardown_taskflow.py for tasks to queue
[2026-03-23T03:32:47.630+0000] {logging_mixin.py:188} INFO - [2026-03-23T03:32:47.630+0000] {dagbag.py:540} INFO - Filling up the DagBag from /home/airflow/.local/lib/python3.8/site-packages/airflow/example_dags/example_setup_teardown_taskflow.py
[2026-03-23T03:32:47.639+0000] {processor.py:840} INFO - DAG(s) 'example_setup_teardown_taskflow' retrieved from /home/airflow/.local/lib/python3.8/site-packages/airflow/example_dags/example_setup_teardown_taskflow.py
[2026-03-23T03:32:47.661+0000] {logging_mixin.py:188} INFO - [2026-03-23T03:32:47.661+0000] {dag.py:3047} INFO - Sync 1 DAGs
[2026-03-23T03:32:47.682+0000] {logging_mixin.py:188} INFO - [2026-03-23T03:32:47.682+0000] {dag.py:3834} INFO - Setting next_dagrun for example_setup_teardown_taskflow to 2026-03-22 00:00:00+00:00, run_after=2026-03-23 00:00:00+00:00
[2026-03-23T03:32:47.704+0000] {processor.py:183} INFO - Processing /home/airflow/.local/lib/python3.8/site-packages/airflow/example_dags/example_setup_teardown_taskflow.py took 0.080 seconds
[2026-03-23T03:33:17.790+0000] {processor.py:161} INFO - Started process (PID=968) to work on /home/airflow/.local/lib/python3.8/site-packages/airflow/example_dags/example_setup_teardown_taskflow.py
[2026-03-23T03:33:17.792+0000] {processor.py:830} INFO - Processing file /home/airflow/.local/lib/python3.8/site-packages/airflow/example_dags/example_setup_teardown_taskflow.py for tasks to queue
[2026-03-23T03:33:17.794+0000] {logging_mixin.py:188} INFO - [2026-03-23T03:33:17.793+0000] {dagbag.py:540} INFO - Filling up the DagBag from /home/airflow/.local/lib/python3.8/site-packages/airflow/example_dags/example_setup_teardown_taskflow.py
[2026-03-23T03:33:17.802+0000] {processor.py:840} INFO - DAG(s) 'example_setup_teardown_taskflow' retrieved from /home/airflow/.local/lib/python3.8/site-packages/airflow/example_dags/example_setup_teardown_taskflow.py
[2026-03-23T03:33:17.825+0000] {logging_mixin.py:188} INFO - [2026-03-23T03:33:17.824+0000] {dag.py:3047} INFO - Sync 1 DAGs
[2026-03-23T03:33:17.845+0000] {logging_mixin.py:188} INFO - [2026-03-23T03:33:17.844+0000] {dag.py:3834} INFO - Setting next_dagrun for example_setup_teardown_taskflow to 2026-03-22 00:00:00+00:00, run_after=2026-03-23 00:00:00+00:00
[2026-03-23T03:33:17.867+0000] {processor.py:183} INFO - Processing /home/airflow/.local/lib/python3.8/site-packages/airflow/example_dags/example_setup_teardown_taskflow.py took 0.080 seconds
[2026-03-23T03:33:47.976+0000] {processor.py:161} INFO - Started process (PID=1023) to work on /home/airflow/.local/lib/python3.8/site-packages/airflow/example_dags/example_setup_teardown_taskflow.py
[2026-03-23T03:33:47.977+0000] {processor.py:830} INFO - Processing file /home/airflow/.local/lib/python3.8/site-packages/airflow/example_dags/example_setup_teardown_taskflow.py for tasks to queue
[2026-03-23T03:33:47.979+0000] {logging_mixin.py:188} INFO - [2026-03-23T03:33:47.979+0000] {dagbag.py:540} INFO - Filling up the DagBag from /home/airflow/.local/lib/python3.8/site-packages/airflow/example_dags/example_setup_teardown_taskflow.py
[2026-03-23T03:33:47.987+0000] {processor.py:840} INFO - DAG(s) 'example_setup_teardown_taskflow' retrieved from /home/airflow/.local/lib/python3.8/site-packages/airflow/example_dags/example_setup_teardown_taskflow.py
[2026-03-23T03:33:48.011+0000] {logging_mixin.py:188} INFO - [2026-03-23T03:33:48.011+0000] {dag.py:3047} INFO - Sync 1 DAGs
[2026-03-23T03:33:48.034+0000] {logging_mixin.py:188} INFO - [2026-03-23T03:33:48.034+0000] {dag.py:3834} INFO - Setting next_dagrun for example_setup_teardown_taskflow to 2026-03-22 00:00:00+00:00, run_after=2026-03-23 00:00:00+00:00
[2026-03-23T03:33:48.058+0000] {processor.py:183} INFO - Processing /home/airflow/.local/lib/python3.8/site-packages/airflow/example_dags/example_setup_teardown_taskflow.py took 0.085 seconds
[2026-03-23T03:34:18.094+0000] {processor.py:161} INFO - Started process (PID=1077) to work on /home/airflow/.local/lib/python3.8/site-packages/airflow/example_dags/example_setup_teardown_taskflow.py
[2026-03-23T03:34:18.095+0000] {processor.py:830} INFO - Processing file /home/airflow/.local/lib/python3.8/site-packages/airflow/example_dags/example_setup_teardown_taskflow.py for tasks to queue
[2026-03-23T03:34:18.097+0000] {logging_mixin.py:188} INFO - [2026-03-23T03:34:18.097+0000] {dagbag.py:540} INFO - Filling up the DagBag from /home/airflow/.local/lib/python3.8/site-packages/airflow/example_dags/example_setup_teardown_taskflow.py
[2026-03-23T03:34:18.105+0000] {processor.py:840} INFO - DAG(s) 'example_setup_teardown_taskflow' retrieved from /home/airflow/.local/lib/python3.8/site-packages/airflow/example_dags/example_setup_teardown_taskflow.py
[2026-03-23T03:34:18.127+0000] {logging_mixin.py:188} INFO - [2026-03-23T03:34:18.127+0000] {dag.py:3047} INFO - Sync 1 DAGs
[2026-03-23T03:34:18.150+0000] {logging_mixin.py:188} INFO - [2026-03-23T03:34:18.150+0000] {dag.py:3834} INFO - Setting next_dagrun for example_setup_teardown_taskflow to 2026-03-22 00:00:00+00:00, run_after=2026-03-23 00:00:00+00:00
[2026-03-23T03:34:18.172+0000] {processor.py:183} INFO - Processing /home/airflow/.local/lib/python3.8/site-packages/airflow/example_dags/example_setup_teardown_taskflow.py took 0.081 seconds
[2026-03-23T03:34:48.388+0000] {processor.py:161} INFO - Started process (PID=1133) to work on /home/airflow/.local/lib/python3.8/site-packages/airflow/example_dags/example_setup_teardown_taskflow.py
[2026-03-23T03:34:48.390+0000] {processor.py:830} INFO - Processing file /home/airflow/.local/lib/python3.8/site-packages/airflow/example_dags/example_setup_teardown_taskflow.py for tasks to queue
[2026-03-23T03:34:48.393+0000] {logging_mixin.py:188} INFO - [2026-03-23T03:34:48.393+0000] {dagbag.py:540} INFO - Filling up the DagBag from /home/airflow/.local/lib/python3.8/site-packages/airflow/example_dags/example_setup_teardown_taskflow.py
[2026-03-23T03:34:48.404+0000] {processor.py:840} INFO - DAG(s) 'example_setup_teardown_taskflow' retrieved from /home/airflow/.local/lib/python3.8/site-packages/airflow/example_dags/example_setup_teardown_taskflow.py
[2026-03-23T03:34:48.427+0000] {logging_mixin.py:188} INFO - [2026-03-23T03:34:48.427+0000] {dag.py:3047} INFO - Sync 1 DAGs
[2026-03-23T03:34:48.449+0000] {logging_mixin.py:188} INFO - [2026-03-23T03:34:48.448+0000] {dag.py:3834} INFO - Setting next_dagrun for example_setup_teardown_taskflow to 2026-03-22 00:00:00+00:00, run_after=2026-03-23 00:00:00+00:00
[2026-03-23T03:34:48.474+0000] {processor.py:183} INFO - Processing /home/airflow/.local/lib/python3.8/site-packages/airflow/example_dags/example_setup_teardown_taskflow.py took 0.090 seconds
[2026-03-23T03:37:20.108+0000] {processor.py:161} INFO - Started process (PID=82) to work on /home/airflow/.local/lib/python3.8/site-packages/airflow/example_dags/example_setup_teardown_taskflow.py
[2026-03-23T03:37:20.110+0000] {processor.py:830} INFO - Processing file /home/airflow/.local/lib/python3.8/site-packages/airflow/example_dags/example_setup_teardown_taskflow.py for tasks to queue
[2026-03-23T03:37:20.113+0000] {logging_mixin.py:188} INFO - [2026-03-23T03:37:20.112+0000] {dagbag.py:540} INFO - Filling up the DagBag from /home/airflow/.local/lib/python3.8/site-packages/airflow/example_dags/example_setup_teardown_taskflow.py
[2026-03-23T03:37:20.138+0000] {processor.py:840} INFO - DAG(s) 'example_setup_teardown_taskflow' retrieved from /home/airflow/.local/lib/python3.8/site-packages/airflow/example_dags/example_setup_teardown_taskflow.py
[2026-03-23T03:37:20.156+0000] {logging_mixin.py:188} INFO - [2026-03-23T03:37:20.155+0000] {dag.py:3047} INFO - Sync 1 DAGs
[2026-03-23T03:37:20.189+0000] {logging_mixin.py:188} INFO - [2026-03-23T03:37:20.189+0000] {dag.py:3834} INFO - Setting next_dagrun for example_setup_teardown_taskflow to 2026-03-22 00:00:00+00:00, run_after=2026-03-23 00:00:00+00:00
[2026-03-23T03:37:20.222+0000] {processor.py:183} INFO - Processing /home/airflow/.local/lib/python3.8/site-packages/airflow/example_dags/example_setup_teardown_taskflow.py took 0.119 seconds
[2026-03-23T03:37:51.609+0000] {processor.py:161} INFO - Started process (PID=137) to work on /home/airflow/.local/lib/python3.8/site-packages/airflow/example_dags/example_setup_teardown_taskflow.py
[2026-03-23T03:37:51.610+0000] {processor.py:830} INFO - Processing file /home/airflow/.local/lib/python3.8/site-packages/airflow/example_dags/example_setup_teardown_taskflow.py for tasks to queue
[2026-03-23T03:37:51.611+0000] {logging_mixin.py:188} INFO - [2026-03-23T03:37:51.611+0000] {dagbag.py:540} INFO - Filling up the DagBag from /home/airflow/.local/lib/python3.8/site-packages/airflow/example_dags/example_setup_teardown_taskflow.py
[2026-03-23T03:37:51.621+0000] {processor.py:840} INFO - DAG(s) 'example_setup_teardown_taskflow' retrieved from /home/airflow/.local/lib/python3.8/site-packages/airflow/example_dags/example_setup_teardown_taskflow.py
[2026-03-23T03:37:51.717+0000] {logging_mixin.py:188} INFO - [2026-03-23T03:37:51.717+0000] {dag.py:3047} INFO - Sync 1 DAGs
[2026-03-23T03:37:51.735+0000] {logging_mixin.py:188} INFO - [2026-03-23T03:37:51.735+0000] {dag.py:3834} INFO - Setting next_dagrun for example_setup_teardown_taskflow to 2026-03-22 00:00:00+00:00, run_after=2026-03-23 00:00:00+00:00
[2026-03-23T03:37:51.754+0000] {processor.py:183} INFO - Processing /home/airflow/.local/lib/python3.8/site-packages/airflow/example_dags/example_setup_teardown_taskflow.py took 0.148 seconds
[2026-03-23T03:38:22.136+0000] {processor.py:161} INFO - Started process (PID=198) to work on /home/airflow/.local/lib/python3.8/site-packages/airflow/example_dags/example_setup_teardown_taskflow.py
[2026-03-23T03:38:22.138+0000] {processor.py:830} INFO - Processing file /home/airflow/.local/lib/python3.8/site-packages/airflow/example_dags/example_setup_teardown_taskflow.py for tasks to queue
[2026-03-23T03:38:22.140+0000] {logging_mixin.py:188} INFO - [2026-03-23T03:38:22.139+0000] {dagbag.py:540} INFO - Filling up the DagBag from /home/airflow/.local/lib/python3.8/site-packages/airflow/example_dags/example_setup_teardown_taskflow.py
[2026-03-23T03:38:22.149+0000] {processor.py:840} INFO - DAG(s) 'example_setup_teardown_taskflow' retrieved from /home/airflow/.local/lib/python3.8/site-packages/airflow/example_dags/example_setup_teardown_taskflow.py
[2026-03-23T03:38:22.170+0000] {logging_mixin.py:188} INFO - [2026-03-23T03:38:22.170+0000] {dag.py:3047} INFO - Sync 1 DAGs
[2026-03-23T03:38:22.194+0000] {logging_mixin.py:188} INFO - [2026-03-23T03:38:22.194+0000] {dag.py:3834} INFO - Setting next_dagrun for example_setup_teardown_taskflow to 2026-03-22 00:00:00+00:00, run_after=2026-03-23 00:00:00+00:00
[2026-03-23T03:38:22.216+0000] {processor.py:183} INFO - Processing /home/airflow/.local/lib/python3.8/site-packages/airflow/example_dags/example_setup_teardown_taskflow.py took 0.083 seconds
[2026-03-23T03:38:52.676+0000] {processor.py:161} INFO - Started process (PID=253) to work on /home/airflow/.local/lib/python3.8/site-packages/airflow/example_dags/example_setup_teardown_taskflow.py
[2026-03-23T03:38:52.677+0000] {processor.py:830} INFO - Processing file /home/airflow/.local/lib/python3.8/site-packages/airflow/example_dags/example_setup_teardown_taskflow.py for tasks to queue
[2026-03-23T03:38:52.679+0000] {logging_mixin.py:188} INFO - [2026-03-23T03:38:52.679+0000] {dagbag.py:540} INFO - Filling up the DagBag from /home/airflow/.local/lib/python3.8/site-packages/airflow/example_dags/example_setup_teardown_taskflow.py
[2026-03-23T03:38:52.688+0000] {processor.py:840} INFO - DAG(s) 'example_setup_teardown_taskflow' retrieved from /home/airflow/.local/lib/python3.8/site-packages/airflow/example_dags/example_setup_teardown_taskflow.py
[2026-03-23T03:38:52.715+0000] {logging_mixin.py:188} INFO - [2026-03-23T03:38:52.715+0000] {dag.py:3047} INFO - Sync 1 DAGs
[2026-03-23T03:38:52.742+0000] {logging_mixin.py:188} INFO - [2026-03-23T03:38:52.741+0000] {dag.py:3834} INFO - Setting next_dagrun for example_setup_teardown_taskflow to 2026-03-22 00:00:00+00:00, run_after=2026-03-23 00:00:00+00:00
[2026-03-23T03:38:52.769+0000] {processor.py:183} INFO - Processing /home/airflow/.local/lib/python3.8/site-packages/airflow/example_dags/example_setup_teardown_taskflow.py took 0.096 seconds
[2026-03-23T03:39:23.214+0000] {processor.py:161} INFO - Started process (PID=308) to work on /home/airflow/.local/lib/python3.8/site-packages/airflow/example_dags/example_setup_teardown_taskflow.py
[2026-03-23T03:39:23.215+0000] {processor.py:830} INFO - Processing file /home/airflow/.local/lib/python3.8/site-packages/airflow/example_dags/example_setup_teardown_taskflow.py for tasks to queue
[2026-03-23T03:39:23.217+0000] {logging_mixin.py:188} INFO - [2026-03-23T03:39:23.217+0000] {dagbag.py:540} INFO - Filling up the DagBag from /home/airflow/.local/lib/python3.8/site-packages/airflow/example_dags/example_setup_teardown_taskflow.py
[2026-03-23T03:39:23.225+0000] {processor.py:840} INFO - DAG(s) 'example_setup_teardown_taskflow' retrieved from /home/airflow/.local/lib/python3.8/site-packages/airflow/example_dags/example_setup_teardown_taskflow.py
[2026-03-23T03:39:23.246+0000] {logging_mixin.py:188} INFO - [2026-03-23T03:39:23.246+0000] {dag.py:3047} INFO - Sync 1 DAGs
[2026-03-23T03:39:23.266+0000] {logging_mixin.py:188} INFO - [2026-03-23T03:39:23.266+0000] {dag.py:3834} INFO - Setting next_dagrun for example_setup_teardown_taskflow to 2026-03-22 00:00:00+00:00, run_after=2026-03-23 00:00:00+00:00
[2026-03-23T03:39:23.286+0000] {processor.py:183} INFO - Processing /home/airflow/.local/lib/python3.8/site-packages/airflow/example_dags/example_setup_teardown_taskflow.py took 0.075 seconds
[2026-03-23T03:39:53.454+0000] {processor.py:161} INFO - Started process (PID=363) to work on /home/airflow/.local/lib/python3.8/site-packages/airflow/example_dags/example_setup_teardown_taskflow.py
[2026-03-23T03:39:53.455+0000] {processor.py:830} INFO - Processing file /home/airflow/.local/lib/python3.8/site-packages/airflow/example_dags/example_setup_teardown_taskflow.py for tasks to queue
[2026-03-23T03:39:53.457+0000] {logging_mixin.py:188} INFO - [2026-03-23T03:39:53.457+0000] {dagbag.py:540} INFO - Filling up the DagBag from /home/airflow/.local/lib/python3.8/site-packages/airflow/example_dags/example_setup_teardown_taskflow.py
[2026-03-23T03:39:53.465+0000] {processor.py:840} INFO - DAG(s) 'example_setup_teardown_taskflow' retrieved from /home/airflow/.local/lib/python3.8/site-packages/airflow/example_dags/example_setup_teardown_taskflow.py
[2026-03-23T03:39:53.486+0000] {logging_mixin.py:188} INFO - [2026-03-23T03:39:53.485+0000] {dag.py:3047} INFO - Sync 1 DAGs
[2026-03-23T03:39:53.508+0000] {logging_mixin.py:188} INFO - [2026-03-23T03:39:53.508+0000] {dag.py:3834} INFO - Setting next_dagrun for example_setup_teardown_taskflow to 2026-03-22 00:00:00+00:00, run_after=2026-03-23 00:00:00+00:00
[2026-03-23T03:39:53.530+0000] {processor.py:183} INFO - Processing /home/airflow/.local/lib/python3.8/site-packages/airflow/example_dags/example_setup_teardown_taskflow.py took 0.079 seconds
[2026-03-23T03:40:23.911+0000] {processor.py:161} INFO - Started process (PID=418) to work on /home/airflow/.local/lib/python3.8/site-packages/airflow/example_dags/example_setup_teardown_taskflow.py
[2026-03-23T03:40:23.912+0000] {processor.py:830} INFO - Processing file /home/airflow/.local/lib/python3.8/site-packages/airflow/example_dags/example_setup_teardown_taskflow.py for tasks to queue
[2026-03-23T03:40:23.914+0000] {logging_mixin.py:188} INFO - [2026-03-23T03:40:23.914+0000] {dagbag.py:540} INFO - Filling up the DagBag from /home/airflow/.local/lib/python3.8/site-packages/airflow/example_dags/example_setup_teardown_taskflow.py
[2026-03-23T03:40:23.924+0000] {processor.py:840} INFO - DAG(s) 'example_setup_teardown_taskflow' retrieved from /home/airflow/.local/lib/python3.8/site-packages/airflow/example_dags/example_setup_teardown_taskflow.py
[2026-03-23T03:40:23.943+0000] {logging_mixin.py:188} INFO - [2026-03-23T03:40:23.943+0000] {dag.py:3047} INFO - Sync 1 DAGs
[2026-03-23T03:40:23.965+0000] {logging_mixin.py:188} INFO - [2026-03-23T03:40:23.965+0000] {dag.py:3834} INFO - Setting next_dagrun for example_setup_teardown_taskflow to 2026-03-22 00:00:00+00:00, run_after=2026-03-23 00:00:00+00:00
[2026-03-23T03:40:23.992+0000] {processor.py:183} INFO - Processing /home/airflow/.local/lib/python3.8/site-packages/airflow/example_dags/example_setup_teardown_taskflow.py took 0.083 seconds
[2026-03-23T03:40:54.718+0000] {processor.py:161} INFO - Started process (PID=473) to work on /home/airflow/.local/lib/python3.8/site-packages/airflow/example_dags/example_setup_teardown_taskflow.py
[2026-03-23T03:40:54.720+0000] {processor.py:830} INFO - Processing file /home/airflow/.local/lib/python3.8/site-packages/airflow/example_dags/example_setup_teardown_taskflow.py for tasks to queue
[2026-03-23T03:40:54.722+0000] {logging_mixin.py:188} INFO - [2026-03-23T03:40:54.722+0000] {dagbag.py:540} INFO - Filling up the DagBag from /home/airflow/.local/lib/python3.8/site-packages/airflow/example_dags/example_setup_teardown_taskflow.py
[2026-03-23T03:40:54.734+0000] {processor.py:840} INFO - DAG(s) 'example_setup_teardown_taskflow' retrieved from /home/airflow/.local/lib/python3.8/site-packages/airflow/example_dags/example_setup_teardown_taskflow.py
[2026-03-23T03:40:54.760+0000] {logging_mixin.py:188} INFO - [2026-03-23T03:40:54.760+0000] {dag.py:3047} INFO - Sync 1 DAGs
[2026-03-23T03:40:54.795+0000] {logging_mixin.py:188} INFO - [2026-03-23T03:40:54.795+0000] {dag.py:3834} INFO - Setting next_dagrun for example_setup_teardown_taskflow to 2026-03-22 00:00:00+00:00, run_after=2026-03-23 00:00:00+00:00
[2026-03-23T03:40:54.835+0000] {processor.py:183} INFO - Processing /home/airflow/.local/lib/python3.8/site-packages/airflow/example_dags/example_setup_teardown_taskflow.py took 0.121 seconds
[2026-03-23T03:41:25.392+0000] {processor.py:161} INFO - Started process (PID=528) to work on /home/airflow/.local/lib/python3.8/site-packages/airflow/example_dags/example_setup_teardown_taskflow.py
[2026-03-23T03:41:25.393+0000] {processor.py:830} INFO - Processing file /home/airflow/.local/lib/python3.8/site-packages/airflow/example_dags/example_setup_teardown_taskflow.py for tasks to queue
[2026-03-23T03:41:25.395+0000] {logging_mixin.py:188} INFO - [2026-03-23T03:41:25.395+0000] {dagbag.py:540} INFO - Filling up the DagBag from /home/airflow/.local/lib/python3.8/site-packages/airflow/example_dags/example_setup_teardown_taskflow.py
[2026-03-23T03:41:25.405+0000] {processor.py:840} INFO - DAG(s) 'example_setup_teardown_taskflow' retrieved from /home/airflow/.local/lib/python3.8/site-packages/airflow/example_dags/example_setup_teardown_taskflow.py
[2026-03-23T03:41:25.432+0000] {logging_mixin.py:188} INFO - [2026-03-23T03:41:25.432+0000] {dag.py:3047} INFO - Sync 1 DAGs
[2026-03-23T03:41:25.458+0000] {logging_mixin.py:188} INFO - [2026-03-23T03:41:25.457+0000] {dag.py:3834} INFO - Setting next_dagrun for example_setup_teardown_taskflow to 2026-03-22 00:00:00+00:00, run_after=2026-03-23 00:00:00+00:00
[2026-03-23T03:41:25.480+0000] {processor.py:183} INFO - Processing /home/airflow/.local/lib/python3.8/site-packages/airflow/example_dags/example_setup_teardown_taskflow.py took 0.092 seconds
[2026-03-23T03:41:55.612+0000] {processor.py:161} INFO - Started process (PID=583) to work on /home/airflow/.local/lib/python3.8/site-packages/airflow/example_dags/example_setup_teardown_taskflow.py
[2026-03-23T03:41:55.613+0000] {processor.py:830} INFO - Processing file /home/airflow/.local/lib/python3.8/site-packages/airflow/example_dags/example_setup_teardown_taskflow.py for tasks to queue
[2026-03-23T03:41:55.615+0000] {logging_mixin.py:188} INFO - [2026-03-23T03:41:55.615+0000] {dagbag.py:540} INFO - Filling up the DagBag from /home/airflow/.local/lib/python3.8/site-packages/airflow/example_dags/example_setup_teardown_taskflow.py
[2026-03-23T03:41:55.624+0000] {processor.py:840} INFO - DAG(s) 'example_setup_teardown_taskflow' retrieved from /home/airflow/.local/lib/python3.8/site-packages/airflow/example_dags/example_setup_teardown_taskflow.py
[2026-03-23T03:41:55.649+0000] {logging_mixin.py:188} INFO - [2026-03-23T03:41:55.648+0000] {dag.py:3047} INFO - Sync 1 DAGs
[2026-03-23T03:41:55.673+0000] {logging_mixin.py:188} INFO - [2026-03-23T03:41:55.673+0000] {dag.py:3834} INFO - Setting next_dagrun for example_setup_teardown_taskflow to 2026-03-22 00:00:00+00:00, run_after=2026-03-23 00:00:00+00:00
[2026-03-23T03:41:55.700+0000] {processor.py:183} INFO - Processing /home/airflow/.local/lib/python3.8/site-packages/airflow/example_dags/example_setup_teardown_taskflow.py took 0.092 seconds
[2026-03-23T03:42:25.791+0000] {processor.py:161} INFO - Started process (PID=638) to work on /home/airflow/.local/lib/python3.8/site-packages/airflow/example_dags/example_setup_teardown_taskflow.py
[2026-03-23T03:42:25.793+0000] {processor.py:830} INFO - Processing file /home/airflow/.local/lib/python3.8/site-packages/airflow/example_dags/example_setup_teardown_taskflow.py for tasks to queue
[2026-03-23T03:42:25.795+0000] {logging_mixin.py:188} INFO - [2026-03-23T03:42:25.795+0000] {dagbag.py:540} INFO - Filling up the DagBag from /home/airflow/.local/lib/python3.8/site-packages/airflow/example_dags/example_setup_teardown_taskflow.py
[2026-03-23T03:42:25.804+0000] {processor.py:840} INFO - DAG(s) 'example_setup_teardown_taskflow' retrieved from /home/airflow/.local/lib/python3.8/site-packages/airflow/example_dags/example_setup_teardown_taskflow.py
[2026-03-23T03:42:25.830+0000] {logging_mixin.py:188} INFO - [2026-03-23T03:42:25.830+0000] {dag.py:3047} INFO - Sync 1 DAGs
[2026-03-23T03:42:25.852+0000] {logging_mixin.py:188} INFO - [2026-03-23T03:42:25.852+0000] {dag.py:3834} INFO - Setting next_dagrun for example_setup_teardown_taskflow to 2026-03-22 00:00:00+00:00, run_after=2026-03-23 00:00:00+00:00
[2026-03-23T03:42:25.874+0000] {processor.py:183} INFO - Processing /home/airflow/.local/lib/python3.8/site-packages/airflow/example_dags/example_setup_teardown_taskflow.py took 0.086 seconds
[2026-03-23T03:42:56.378+0000] {processor.py:161} INFO - Started process (PID=693) to work on /home/airflow/.local/lib/python3.8/site-packages/airflow/example_dags/example_setup_teardown_taskflow.py
[2026-03-23T03:42:56.379+0000] {processor.py:830} INFO - Processing file /home/airflow/.local/lib/python3.8/site-packages/airflow/example_dags/example_setup_teardown_taskflow.py for tasks to queue
[2026-03-23T03:42:56.381+0000] {logging_mixin.py:188} INFO - [2026-03-23T03:42:56.381+0000] {dagbag.py:540} INFO - Filling up the DagBag from /home/airflow/.local/lib/python3.8/site-packages/airflow/example_dags/example_setup_teardown_taskflow.py
[2026-03-23T03:42:56.391+0000] {processor.py:840} INFO - DAG(s) 'example_setup_teardown_taskflow' retrieved from /home/airflow/.local/lib/python3.8/site-packages/airflow/example_dags/example_setup_teardown_taskflow.py
[2026-03-23T03:42:56.418+0000] {logging_mixin.py:188} INFO - [2026-03-23T03:42:56.417+0000] {dag.py:3047} INFO - Sync 1 DAGs
[2026-03-23T03:42:56.447+0000] {logging_mixin.py:188} INFO - [2026-03-23T03:42:56.447+0000] {dag.py:3834} INFO - Setting next_dagrun for example_setup_teardown_taskflow to 2026-03-22 00:00:00+00:00, run_after=2026-03-23 00:00:00+00:00
[2026-03-23T03:42:56.477+0000] {processor.py:183} INFO - Processing /home/airflow/.local/lib/python3.8/site-packages/airflow/example_dags/example_setup_teardown_taskflow.py took 0.102 seconds
[2026-03-23T03:43:26.806+0000] {processor.py:161} INFO - Started process (PID=748) to work on /home/airflow/.local/lib/python3.8/site-packages/airflow/example_dags/example_setup_teardown_taskflow.py
[2026-03-23T03:43:26.808+0000] {processor.py:830} INFO - Processing file /home/airflow/.local/lib/python3.8/site-packages/airflow/example_dags/example_setup_teardown_taskflow.py for tasks to queue
[2026-03-23T03:43:26.810+0000] {logging_mixin.py:188} INFO - [2026-03-23T03:43:26.810+0000] {dagbag.py:540} INFO - Filling up the DagBag from /home/airflow/.local/lib/python3.8/site-packages/airflow/example_dags/example_setup_teardown_taskflow.py
[2026-03-23T03:43:26.821+0000] {processor.py:840} INFO - DAG(s) 'example_setup_teardown_taskflow' retrieved from /home/airflow/.local/lib/python3.8/site-packages/airflow/example_dags/example_setup_teardown_taskflow.py
[2026-03-23T03:43:26.852+0000] {logging_mixin.py:188} INFO - [2026-03-23T03:43:26.851+0000] {dag.py:3047} INFO - Sync 1 DAGs
[2026-03-23T03:43:26.881+0000] {logging_mixin.py:188} INFO - [2026-03-23T03:43:26.881+0000] {dag.py:3834} INFO - Setting next_dagrun for example_setup_teardown_taskflow to 2026-03-22 00:00:00+00:00, run_after=2026-03-23 00:00:00+00:00
[2026-03-23T03:43:26.905+0000] {processor.py:183} INFO - Processing /home/airflow/.local/lib/python3.8/site-packages/airflow/example_dags/example_setup_teardown_taskflow.py took 0.102 seconds
[2026-03-23T03:43:57.267+0000] {processor.py:161} INFO - Started process (PID=803) to work on /home/airflow/.local/lib/python3.8/site-packages/airflow/example_dags/example_setup_teardown_taskflow.py
[2026-03-23T03:43:57.269+0000] {processor.py:830} INFO - Processing file /home/airflow/.local/lib/python3.8/site-packages/airflow/example_dags/example_setup_teardown_taskflow.py for tasks to queue
[2026-03-23T03:43:57.271+0000] {logging_mixin.py:188} INFO - [2026-03-23T03:43:57.271+0000] {dagbag.py:540} INFO - Filling up the DagBag from /home/airflow/.local/lib/python3.8/site-packages/airflow/example_dags/example_setup_teardown_taskflow.py
[2026-03-23T03:43:57.280+0000] {processor.py:840} INFO - DAG(s) 'example_setup_teardown_taskflow' retrieved from /home/airflow/.local/lib/python3.8/site-packages/airflow/example_dags/example_setup_teardown_taskflow.py
[2026-03-23T03:43:57.305+0000] {logging_mixin.py:188} INFO - [2026-03-23T03:43:57.305+0000] {dag.py:3047} INFO - Sync 1 DAGs
[2026-03-23T03:43:57.327+0000] {logging_mixin.py:188} INFO - [2026-03-23T03:43:57.327+0000] {dag.py:3834} INFO - Setting next_dagrun for example_setup_teardown_taskflow to 2026-03-22 00:00:00+00:00, run_after=2026-03-23 00:00:00+00:00
[2026-03-23T03:43:57.349+0000] {processor.py:183} INFO - Processing /home/airflow/.local/lib/python3.8/site-packages/airflow/example_dags/example_setup_teardown_taskflow.py took 0.085 seconds
[2026-03-23T03:44:27.895+0000] {processor.py:161} INFO - Started process (PID=858) to work on /home/airflow/.local/lib/python3.8/site-packages/airflow/example_dags/example_setup_teardown_taskflow.py
[2026-03-23T03:44:27.897+0000] {processor.py:830} INFO - Processing file /home/airflow/.local/lib/python3.8/site-packages/airflow/example_dags/example_setup_teardown_taskflow.py for tasks to queue
[2026-03-23T03:44:27.899+0000] {logging_mixin.py:188} INFO - [2026-03-23T03:44:27.898+0000] {dagbag.py:540} INFO - Filling up the DagBag from /home/airflow/.local/lib/python3.8/site-packages/airflow/example_dags/example_setup_teardown_taskflow.py
[2026-03-23T03:44:27.908+0000] {processor.py:840} INFO - DAG(s) 'example_setup_teardown_taskflow' retrieved from /home/airflow/.local/lib/python3.8/site-packages/airflow/example_dags/example_setup_teardown_taskflow.py
[2026-03-23T03:44:27.933+0000] {logging_mixin.py:188} INFO - [2026-03-23T03:44:27.933+0000] {dag.py:3047} INFO - Sync 1 DAGs
[2026-03-23T03:44:27.954+0000] {logging_mixin.py:188} INFO - [2026-03-23T03:44:27.954+0000] {dag.py:3834} INFO - Setting next_dagrun for example_setup_teardown_taskflow to 2026-03-22 00:00:00+00:00, run_after=2026-03-23 00:00:00+00:00
[2026-03-23T03:44:27.976+0000] {processor.py:183} INFO - Processing /home/airflow/.local/lib/python3.8/site-packages/airflow/example_dags/example_setup_teardown_taskflow.py took 0.084 seconds
[2026-03-23T03:44:58.261+0000] {processor.py:161} INFO - Started process (PID=913) to work on /home/airflow/.local/lib/python3.8/site-packages/airflow/example_dags/example_setup_teardown_taskflow.py
[2026-03-23T03:44:58.263+0000] {processor.py:830} INFO - Processing file /home/airflow/.local/lib/python3.8/site-packages/airflow/example_dags/example_setup_teardown_taskflow.py for tasks to queue
[2026-03-23T03:44:58.265+0000] {logging_mixin.py:188} INFO - [2026-03-23T03:44:58.264+0000] {dagbag.py:540} INFO - Filling up the DagBag from /home/airflow/.local/lib/python3.8/site-packages/airflow/example_dags/example_setup_teardown_taskflow.py
[2026-03-23T03:44:58.276+0000] {processor.py:840} INFO - DAG(s) 'example_setup_teardown_taskflow' retrieved from /home/airflow/.local/lib/python3.8/site-packages/airflow/example_dags/example_setup_teardown_taskflow.py
[2026-03-23T03:44:58.302+0000] {logging_mixin.py:188} INFO - [2026-03-23T03:44:58.302+0000] {dag.py:3047} INFO - Sync 1 DAGs
[2026-03-23T03:44:58.326+0000] {logging_mixin.py:188} INFO - [2026-03-23T03:44:58.326+0000] {dag.py:3834} INFO - Setting next_dagrun for example_setup_teardown_taskflow to 2026-03-22 00:00:00+00:00, run_after=2026-03-23 00:00:00+00:00
[2026-03-23T03:44:58.350+0000] {processor.py:183} INFO - Processing /home/airflow/.local/lib/python3.8/site-packages/airflow/example_dags/example_setup_teardown_taskflow.py took 0.092 seconds
[2026-03-23T03:45:28.643+0000] {processor.py:161} INFO - Started process (PID=968) to work on /home/airflow/.local/lib/python3.8/site-packages/airflow/example_dags/example_setup_teardown_taskflow.py
[2026-03-23T03:45:28.644+0000] {processor.py:830} INFO - Processing file /home/airflow/.local/lib/python3.8/site-packages/airflow/example_dags/example_setup_teardown_taskflow.py for tasks to queue
[2026-03-23T03:45:28.646+0000] {logging_mixin.py:188} INFO - [2026-03-23T03:45:28.645+0000] {dagbag.py:540} INFO - Filling up the DagBag from /home/airflow/.local/lib/python3.8/site-packages/airflow/example_dags/example_setup_teardown_taskflow.py
[2026-03-23T03:45:28.654+0000] {processor.py:840} INFO - DAG(s) 'example_setup_teardown_taskflow' retrieved from /home/airflow/.local/lib/python3.8/site-packages/airflow/example_dags/example_setup_teardown_taskflow.py
[2026-03-23T03:45:28.675+0000] {logging_mixin.py:188} INFO - [2026-03-23T03:45:28.675+0000] {dag.py:3047} INFO - Sync 1 DAGs
[2026-03-23T03:45:28.696+0000] {logging_mixin.py:188} INFO - [2026-03-23T03:45:28.696+0000] {dag.py:3834} INFO - Setting next_dagrun for example_setup_teardown_taskflow to 2026-03-22 00:00:00+00:00, run_after=2026-03-23 00:00:00+00:00
[2026-03-23T03:45:28.720+0000] {processor.py:183} INFO - Processing /home/airflow/.local/lib/python3.8/site-packages/airflow/example_dags/example_setup_teardown_taskflow.py took 0.080 seconds
[2026-03-23T03:45:58.877+0000] {processor.py:161} INFO - Started process (PID=1023) to work on /home/airflow/.local/lib/python3.8/site-packages/airflow/example_dags/example_setup_teardown_taskflow.py
[2026-03-23T03:45:58.879+0000] {processor.py:830} INFO - Processing file /home/airflow/.local/lib/python3.8/site-packages/airflow/example_dags/example_setup_teardown_taskflow.py for tasks to queue
[2026-03-23T03:45:58.881+0000] {logging_mixin.py:188} INFO - [2026-03-23T03:45:58.881+0000] {dagbag.py:540} INFO - Filling up the DagBag from /home/airflow/.local/lib/python3.8/site-packages/airflow/example_dags/example_setup_teardown_taskflow.py
[2026-03-23T03:45:58.890+0000] {processor.py:840} INFO - DAG(s) 'example_setup_teardown_taskflow' retrieved from /home/airflow/.local/lib/python3.8/site-packages/airflow/example_dags/example_setup_teardown_taskflow.py
[2026-03-23T03:45:58.913+0000] {logging_mixin.py:188} INFO - [2026-03-23T03:45:58.912+0000] {dag.py:3047} INFO - Sync 1 DAGs
[2026-03-23T03:45:58.934+0000] {logging_mixin.py:188} INFO - [2026-03-23T03:45:58.934+0000] {dag.py:3834} INFO - Setting next_dagrun for example_setup_teardown_taskflow to 2026-03-22 00:00:00+00:00, run_after=2026-03-23 00:00:00+00:00
[2026-03-23T03:45:58.957+0000] {processor.py:183} INFO - Processing /home/airflow/.local/lib/python3.8/site-packages/airflow/example_dags/example_setup_teardown_taskflow.py took 0.083 seconds
[2026-03-23T03:46:29.123+0000] {processor.py:161} INFO - Started process (PID=1078) to work on /home/airflow/.local/lib/python3.8/site-packages/airflow/example_dags/example_setup_teardown_taskflow.py
[2026-03-23T03:46:29.124+0000] {processor.py:830} INFO - Processing file /home/airflow/.local/lib/python3.8/site-packages/airflow/example_dags/example_setup_teardown_taskflow.py for tasks to queue
[2026-03-23T03:46:29.126+0000] {logging_mixin.py:188} INFO - [2026-03-23T03:46:29.126+0000] {dagbag.py:540} INFO - Filling up the DagBag from /home/airflow/.local/lib/python3.8/site-packages/airflow/example_dags/example_setup_teardown_taskflow.py
[2026-03-23T03:46:29.134+0000] {processor.py:840} INFO - DAG(s) 'example_setup_teardown_taskflow' retrieved from /home/airflow/.local/lib/python3.8/site-packages/airflow/example_dags/example_setup_teardown_taskflow.py
[2026-03-23T03:46:29.156+0000] {logging_mixin.py:188} INFO - [2026-03-23T03:46:29.155+0000] {dag.py:3047} INFO - Sync 1 DAGs
[2026-03-23T03:46:29.177+0000] {logging_mixin.py:188} INFO - [2026-03-23T03:46:29.177+0000] {dag.py:3834} INFO - Setting next_dagrun for example_setup_teardown_taskflow to 2026-03-22 00:00:00+00:00, run_after=2026-03-23 00:00:00+00:00
[2026-03-23T03:46:29.201+0000] {processor.py:183} INFO - Processing /home/airflow/.local/lib/python3.8/site-packages/airflow/example_dags/example_setup_teardown_taskflow.py took 0.081 seconds
[2026-03-23T03:46:59.589+0000] {processor.py:161} INFO - Started process (PID=1133) to work on /home/airflow/.local/lib/python3.8/site-packages/airflow/example_dags/example_setup_teardown_taskflow.py
[2026-03-23T03:46:59.591+0000] {processor.py:830} INFO - Processing file /home/airflow/.local/lib/python3.8/site-packages/airflow/example_dags/example_setup_teardown_taskflow.py for tasks to queue
[2026-03-23T03:46:59.592+0000] {logging_mixin.py:188} INFO - [2026-03-23T03:46:59.592+0000] {dagbag.py:540} INFO - Filling up the DagBag from /home/airflow/.local/lib/python3.8/site-packages/airflow/example_dags/example_setup_teardown_taskflow.py
[2026-03-23T03:46:59.600+0000] {processor.py:840} INFO - DAG(s) 'example_setup_teardown_taskflow' retrieved from /home/airflow/.local/lib/python3.8/site-packages/airflow/example_dags/example_setup_teardown_taskflow.py
[2026-03-23T03:46:59.622+0000] {logging_mixin.py:188} INFO - [2026-03-23T03:46:59.622+0000] {dag.py:3047} INFO - Sync 1 DAGs
[2026-03-23T03:46:59.644+0000] {logging_mixin.py:188} INFO - [2026-03-23T03:46:59.644+0000] {dag.py:3834} INFO - Setting next_dagrun for example_setup_teardown_taskflow to 2026-03-22 00:00:00+00:00, run_after=2026-03-23 00:00:00+00:00
[2026-03-23T03:46:59.668+0000] {processor.py:183} INFO - Processing /home/airflow/.local/lib/python3.8/site-packages/airflow/example_dags/example_setup_teardown_taskflow.py took 0.081 seconds
[2026-03-23T03:47:29.847+0000] {processor.py:161} INFO - Started process (PID=1188) to work on /home/airflow/.local/lib/python3.8/site-packages/airflow/example_dags/example_setup_teardown_taskflow.py
[2026-03-23T03:47:29.848+0000] {processor.py:830} INFO - Processing file /home/airflow/.local/lib/python3.8/site-packages/airflow/example_dags/example_setup_teardown_taskflow.py for tasks to queue
[2026-03-23T03:47:29.850+0000] {logging_mixin.py:188} INFO - [2026-03-23T03:47:29.850+0000] {dagbag.py:540} INFO - Filling up the DagBag from /home/airflow/.local/lib/python3.8/site-packages/airflow/example_dags/example_setup_teardown_taskflow.py
[2026-03-23T03:47:29.858+0000] {processor.py:840} INFO - DAG(s) 'example_setup_teardown_taskflow' retrieved from /home/airflow/.local/lib/python3.8/site-packages/airflow/example_dags/example_setup_teardown_taskflow.py
[2026-03-23T03:47:29.878+0000] {logging_mixin.py:188} INFO - [2026-03-23T03:47:29.878+0000] {dag.py:3047} INFO - Sync 1 DAGs
[2026-03-23T03:47:29.899+0000] {logging_mixin.py:188} INFO - [2026-03-23T03:47:29.899+0000] {dag.py:3834} INFO - Setting next_dagrun for example_setup_teardown_taskflow to 2026-03-22 00:00:00+00:00, run_after=2026-03-23 00:00:00+00:00
[2026-03-23T03:47:29.919+0000] {processor.py:183} INFO - Processing /home/airflow/.local/lib/python3.8/site-packages/airflow/example_dags/example_setup_teardown_taskflow.py took 0.075 seconds
[2026-03-23T03:48:00.111+0000] {processor.py:161} INFO - Started process (PID=1243) to work on /home/airflow/.local/lib/python3.8/site-packages/airflow/example_dags/example_setup_teardown_taskflow.py
[2026-03-23T03:48:00.112+0000] {processor.py:830} INFO - Processing file /home/airflow/.local/lib/python3.8/site-packages/airflow/example_dags/example_setup_teardown_taskflow.py for tasks to queue
[2026-03-23T03:48:00.114+0000] {logging_mixin.py:188} INFO - [2026-03-23T03:48:00.114+0000] {dagbag.py:540} INFO - Filling up the DagBag from /home/airflow/.local/lib/python3.8/site-packages/airflow/example_dags/example_setup_teardown_taskflow.py
[2026-03-23T03:48:00.122+0000] {processor.py:840} INFO - DAG(s) 'example_setup_teardown_taskflow' retrieved from /home/airflow/.local/lib/python3.8/site-packages/airflow/example_dags/example_setup_teardown_taskflow.py
[2026-03-23T03:48:00.144+0000] {logging_mixin.py:188} INFO - [2026-03-23T03:48:00.144+0000] {dag.py:3047} INFO - Sync 1 DAGs
[2026-03-23T03:48:00.164+0000] {logging_mixin.py:188} INFO - [2026-03-23T03:48:00.163+0000] {dag.py:3834} INFO - Setting next_dagrun for example_setup_teardown_taskflow to 2026-03-22 00:00:00+00:00, run_after=2026-03-23 00:00:00+00:00
[2026-03-23T03:48:00.182+0000] {processor.py:183} INFO - Processing /home/airflow/.local/lib/python3.8/site-packages/airflow/example_dags/example_setup_teardown_taskflow.py took 0.074 seconds
[2026-03-23T03:48:30.657+0000] {processor.py:161} INFO - Started process (PID=1298) to work on /home/airflow/.local/lib/python3.8/site-packages/airflow/example_dags/example_setup_teardown_taskflow.py
[2026-03-23T03:48:30.658+0000] {processor.py:830} INFO - Processing file /home/airflow/.local/lib/python3.8/site-packages/airflow/example_dags/example_setup_teardown_taskflow.py for tasks to queue
[2026-03-23T03:48:30.662+0000] {logging_mixin.py:188} INFO - [2026-03-23T03:48:30.661+0000] {dagbag.py:540} INFO - Filling up the DagBag from /home/airflow/.local/lib/python3.8/site-packages/airflow/example_dags/example_setup_teardown_taskflow.py
[2026-03-23T03:48:30.678+0000] {processor.py:840} INFO - DAG(s) 'example_setup_teardown_taskflow' retrieved from /home/airflow/.local/lib/python3.8/site-packages/airflow/example_dags/example_setup_teardown_taskflow.py
[2026-03-23T03:48:30.712+0000] {logging_mixin.py:188} INFO - [2026-03-23T03:48:30.711+0000] {dag.py:3047} INFO - Sync 1 DAGs
[2026-03-23T03:48:30.742+0000] {logging_mixin.py:188} INFO - [2026-03-23T03:48:30.742+0000] {dag.py:3834} INFO - Setting next_dagrun for example_setup_teardown_taskflow to 2026-03-22 00:00:00+00:00, run_after=2026-03-23 00:00:00+00:00
[2026-03-23T03:48:30.768+0000] {processor.py:183} INFO - Processing /home/airflow/.local/lib/python3.8/site-packages/airflow/example_dags/example_setup_teardown_taskflow.py took 0.116 seconds
[2026-03-23T03:49:01.009+0000] {processor.py:161} INFO - Started process (PID=1353) to work on /home/airflow/.local/lib/python3.8/site-packages/airflow/example_dags/example_setup_teardown_taskflow.py
[2026-03-23T03:49:01.011+0000] {processor.py:830} INFO - Processing file /home/airflow/.local/lib/python3.8/site-packages/airflow/example_dags/example_setup_teardown_taskflow.py for tasks to queue
[2026-03-23T03:49:01.014+0000] {logging_mixin.py:188} INFO - [2026-03-23T03:49:01.014+0000] {dagbag.py:540} INFO - Filling up the DagBag from /home/airflow/.local/lib/python3.8/site-packages/airflow/example_dags/example_setup_teardown_taskflow.py
[2026-03-23T03:49:01.026+0000] {processor.py:840} INFO - DAG(s) 'example_setup_teardown_taskflow' retrieved from /home/airflow/.local/lib/python3.8/site-packages/airflow/example_dags/example_setup_teardown_taskflow.py
[2026-03-23T03:49:01.057+0000] {logging_mixin.py:188} INFO - [2026-03-23T03:49:01.057+0000] {dag.py:3047} INFO - Sync 1 DAGs
[2026-03-23T03:49:01.087+0000] {logging_mixin.py:188} INFO - [2026-03-23T03:49:01.086+0000] {dag.py:3834} INFO - Setting next_dagrun for example_setup_teardown_taskflow to 2026-03-22 00:00:00+00:00, run_after=2026-03-23 00:00:00+00:00
[2026-03-23T03:49:01.117+0000] {processor.py:183} INFO - Processing /home/airflow/.local/lib/python3.8/site-packages/airflow/example_dags/example_setup_teardown_taskflow.py took 0.111 seconds
[2026-03-23T03:49:31.280+0000] {processor.py:161} INFO - Started process (PID=1408) to work on /home/airflow/.local/lib/python3.8/site-packages/airflow/example_dags/example_setup_teardown_taskflow.py
[2026-03-23T03:49:31.281+0000] {processor.py:830} INFO - Processing file /home/airflow/.local/lib/python3.8/site-packages/airflow/example_dags/example_setup_teardown_taskflow.py for tasks to queue
[2026-03-23T03:49:31.283+0000] {logging_mixin.py:188} INFO - [2026-03-23T03:49:31.282+0000] {dagbag.py:540} INFO - Filling up the DagBag from /home/airflow/.local/lib/python3.8/site-packages/airflow/example_dags/example_setup_teardown_taskflow.py
[2026-03-23T03:49:31.292+0000] {processor.py:840} INFO - DAG(s) 'example_setup_teardown_taskflow' retrieved from /home/airflow/.local/lib/python3.8/site-packages/airflow/example_dags/example_setup_teardown_taskflow.py
[2026-03-23T03:49:31.314+0000] {logging_mixin.py:188} INFO - [2026-03-23T03:49:31.314+0000] {dag.py:3047} INFO - Sync 1 DAGs
[2026-03-23T03:49:31.334+0000] {logging_mixin.py:188} INFO - [2026-03-23T03:49:31.333+0000] {dag.py:3834} INFO - Setting next_dagrun for example_setup_teardown_taskflow to 2026-03-22 00:00:00+00:00, run_after=2026-03-23 00:00:00+00:00
[2026-03-23T03:49:31.355+0000] {processor.py:183} INFO - Processing /home/airflow/.local/lib/python3.8/site-packages/airflow/example_dags/example_setup_teardown_taskflow.py took 0.078 seconds
[2026-03-23T03:50:47.898+0000] {processor.py:161} INFO - Started process (PID=88) to work on /home/airflow/.local/lib/python3.8/site-packages/airflow/example_dags/example_setup_teardown_taskflow.py
[2026-03-23T03:50:47.901+0000] {processor.py:830} INFO - Processing file /home/airflow/.local/lib/python3.8/site-packages/airflow/example_dags/example_setup_teardown_taskflow.py for tasks to queue
[2026-03-23T03:50:47.904+0000] {logging_mixin.py:188} INFO - [2026-03-23T03:50:47.903+0000] {dagbag.py:540} INFO - Filling up the DagBag from /home/airflow/.local/lib/python3.8/site-packages/airflow/example_dags/example_setup_teardown_taskflow.py
[2026-03-23T03:50:47.930+0000] {processor.py:840} INFO - DAG(s) 'example_setup_teardown_taskflow' retrieved from /home/airflow/.local/lib/python3.8/site-packages/airflow/example_dags/example_setup_teardown_taskflow.py
[2026-03-23T03:50:47.957+0000] {logging_mixin.py:188} INFO - [2026-03-23T03:50:47.956+0000] {dag.py:3047} INFO - Sync 1 DAGs
[2026-03-23T03:50:48.010+0000] {logging_mixin.py:188} INFO - [2026-03-23T03:50:48.009+0000] {dag.py:3834} INFO - Setting next_dagrun for example_setup_teardown_taskflow to 2026-03-22 00:00:00+00:00, run_after=2026-03-23 00:00:00+00:00
[2026-03-23T03:50:48.063+0000] {processor.py:183} INFO - Processing /home/airflow/.local/lib/python3.8/site-packages/airflow/example_dags/example_setup_teardown_taskflow.py took 0.172 seconds
[2026-03-23T03:51:19.532+0000] {processor.py:161} INFO - Started process (PID=143) to work on /home/airflow/.local/lib/python3.8/site-packages/airflow/example_dags/example_setup_teardown_taskflow.py
[2026-03-23T03:51:19.533+0000] {processor.py:830} INFO - Processing file /home/airflow/.local/lib/python3.8/site-packages/airflow/example_dags/example_setup_teardown_taskflow.py for tasks to queue
[2026-03-23T03:51:19.535+0000] {logging_mixin.py:188} INFO - [2026-03-23T03:51:19.535+0000] {dagbag.py:540} INFO - Filling up the DagBag from /home/airflow/.local/lib/python3.8/site-packages/airflow/example_dags/example_setup_teardown_taskflow.py
[2026-03-23T03:51:19.546+0000] {processor.py:840} INFO - DAG(s) 'example_setup_teardown_taskflow' retrieved from /home/airflow/.local/lib/python3.8/site-packages/airflow/example_dags/example_setup_teardown_taskflow.py
[2026-03-23T03:51:19.659+0000] {logging_mixin.py:188} INFO - [2026-03-23T03:51:19.658+0000] {dag.py:3047} INFO - Sync 1 DAGs
[2026-03-23T03:51:19.681+0000] {logging_mixin.py:188} INFO - [2026-03-23T03:51:19.681+0000] {dag.py:3834} INFO - Setting next_dagrun for example_setup_teardown_taskflow to 2026-03-22 00:00:00+00:00, run_after=2026-03-23 00:00:00+00:00
[2026-03-23T03:51:19.710+0000] {processor.py:183} INFO - Processing /home/airflow/.local/lib/python3.8/site-packages/airflow/example_dags/example_setup_teardown_taskflow.py took 0.182 seconds
[2026-03-23T03:51:49.860+0000] {processor.py:161} INFO - Started process (PID=198) to work on /home/airflow/.local/lib/python3.8/site-packages/airflow/example_dags/example_setup_teardown_taskflow.py
[2026-03-23T03:51:49.862+0000] {processor.py:830} INFO - Processing file /home/airflow/.local/lib/python3.8/site-packages/airflow/example_dags/example_setup_teardown_taskflow.py for tasks to queue
[2026-03-23T03:51:49.864+0000] {logging_mixin.py:188} INFO - [2026-03-23T03:51:49.863+0000] {dagbag.py:540} INFO - Filling up the DagBag from /home/airflow/.local/lib/python3.8/site-packages/airflow/example_dags/example_setup_teardown_taskflow.py
[2026-03-23T03:51:49.873+0000] {processor.py:840} INFO - DAG(s) 'example_setup_teardown_taskflow' retrieved from /home/airflow/.local/lib/python3.8/site-packages/airflow/example_dags/example_setup_teardown_taskflow.py
[2026-03-23T03:51:49.898+0000] {logging_mixin.py:188} INFO - [2026-03-23T03:51:49.898+0000] {dag.py:3047} INFO - Sync 1 DAGs
[2026-03-23T03:51:49.923+0000] {logging_mixin.py:188} INFO - [2026-03-23T03:51:49.923+0000] {dag.py:3834} INFO - Setting next_dagrun for example_setup_teardown_taskflow to 2026-03-22 00:00:00+00:00, run_after=2026-03-23 00:00:00+00:00
[2026-03-23T03:51:49.949+0000] {processor.py:183} INFO - Processing /home/airflow/.local/lib/python3.8/site-packages/airflow/example_dags/example_setup_teardown_taskflow.py took 0.092 seconds
[2026-03-23T03:52:20.086+0000] {processor.py:161} INFO - Started process (PID=253) to work on /home/airflow/.local/lib/python3.8/site-packages/airflow/example_dags/example_setup_teardown_taskflow.py
[2026-03-23T03:52:20.088+0000] {processor.py:830} INFO - Processing file /home/airflow/.local/lib/python3.8/site-packages/airflow/example_dags/example_setup_teardown_taskflow.py for tasks to queue
[2026-03-23T03:52:20.091+0000] {logging_mixin.py:188} INFO - [2026-03-23T03:52:20.090+0000] {dagbag.py:540} INFO - Filling up the DagBag from /home/airflow/.local/lib/python3.8/site-packages/airflow/example_dags/example_setup_teardown_taskflow.py
[2026-03-23T03:52:20.102+0000] {processor.py:840} INFO - DAG(s) 'example_setup_teardown_taskflow' retrieved from /home/airflow/.local/lib/python3.8/site-packages/airflow/example_dags/example_setup_teardown_taskflow.py
[2026-03-23T03:52:20.132+0000] {logging_mixin.py:188} INFO - [2026-03-23T03:52:20.131+0000] {dag.py:3047} INFO - Sync 1 DAGs
[2026-03-23T03:52:20.160+0000] {logging_mixin.py:188} INFO - [2026-03-23T03:52:20.160+0000] {dag.py:3834} INFO - Setting next_dagrun for example_setup_teardown_taskflow to 2026-03-22 00:00:00+00:00, run_after=2026-03-23 00:00:00+00:00
[2026-03-23T03:52:20.188+0000] {processor.py:183} INFO - Processing /home/airflow/.local/lib/python3.8/site-packages/airflow/example_dags/example_setup_teardown_taskflow.py took 0.107 seconds
[2026-03-23T03:52:50.993+0000] {processor.py:161} INFO - Started process (PID=308) to work on /home/airflow/.local/lib/python3.8/site-packages/airflow/example_dags/example_setup_teardown_taskflow.py
[2026-03-23T03:52:50.995+0000] {processor.py:830} INFO - Processing file /home/airflow/.local/lib/python3.8/site-packages/airflow/example_dags/example_setup_teardown_taskflow.py for tasks to queue
[2026-03-23T03:52:50.996+0000] {logging_mixin.py:188} INFO - [2026-03-23T03:52:50.996+0000] {dagbag.py:540} INFO - Filling up the DagBag from /home/airflow/.local/lib/python3.8/site-packages/airflow/example_dags/example_setup_teardown_taskflow.py
[2026-03-23T03:52:51.004+0000] {processor.py:840} INFO - DAG(s) 'example_setup_teardown_taskflow' retrieved from /home/airflow/.local/lib/python3.8/site-packages/airflow/example_dags/example_setup_teardown_taskflow.py
[2026-03-23T03:52:51.026+0000] {logging_mixin.py:188} INFO - [2026-03-23T03:52:51.026+0000] {dag.py:3047} INFO - Sync 1 DAGs
[2026-03-23T03:52:51.048+0000] {logging_mixin.py:188} INFO - [2026-03-23T03:52:51.048+0000] {dag.py:3834} INFO - Setting next_dagrun for example_setup_teardown_taskflow to 2026-03-22 00:00:00+00:00, run_after=2026-03-23 00:00:00+00:00
[2026-03-23T03:52:51.071+0000] {processor.py:183} INFO - Processing /home/airflow/.local/lib/python3.8/site-packages/airflow/example_dags/example_setup_teardown_taskflow.py took 0.081 seconds
[2026-03-23T03:53:21.789+0000] {processor.py:161} INFO - Started process (PID=363) to work on /home/airflow/.local/lib/python3.8/site-packages/airflow/example_dags/example_setup_teardown_taskflow.py
[2026-03-23T03:53:21.791+0000] {processor.py:830} INFO - Processing file /home/airflow/.local/lib/python3.8/site-packages/airflow/example_dags/example_setup_teardown_taskflow.py for tasks to queue
[2026-03-23T03:53:21.793+0000] {logging_mixin.py:188} INFO - [2026-03-23T03:53:21.793+0000] {dagbag.py:540} INFO - Filling up the DagBag from /home/airflow/.local/lib/python3.8/site-packages/airflow/example_dags/example_setup_teardown_taskflow.py
[2026-03-23T03:53:21.806+0000] {processor.py:840} INFO - DAG(s) 'example_setup_teardown_taskflow' retrieved from /home/airflow/.local/lib/python3.8/site-packages/airflow/example_dags/example_setup_teardown_taskflow.py
[2026-03-23T03:53:21.832+0000] {logging_mixin.py:188} INFO - [2026-03-23T03:53:21.832+0000] {dag.py:3047} INFO - Sync 1 DAGs
[2026-03-23T03:53:21.862+0000] {logging_mixin.py:188} INFO - [2026-03-23T03:53:21.862+0000] {dag.py:3834} INFO - Setting next_dagrun for example_setup_teardown_taskflow to 2026-03-22 00:00:00+00:00, run_after=2026-03-23 00:00:00+00:00
[2026-03-23T03:53:21.891+0000] {processor.py:183} INFO - Processing /home/airflow/.local/lib/python3.8/site-packages/airflow/example_dags/example_setup_teardown_taskflow.py took 0.106 seconds
[2026-03-23T03:53:52.131+0000] {processor.py:161} INFO - Started process (PID=418) to work on /home/airflow/.local/lib/python3.8/site-packages/airflow/example_dags/example_setup_teardown_taskflow.py
[2026-03-23T03:53:52.132+0000] {processor.py:830} INFO - Processing file /home/airflow/.local/lib/python3.8/site-packages/airflow/example_dags/example_setup_teardown_taskflow.py for tasks to queue
[2026-03-23T03:53:52.135+0000] {logging_mixin.py:188} INFO - [2026-03-23T03:53:52.135+0000] {dagbag.py:540} INFO - Filling up the DagBag from /home/airflow/.local/lib/python3.8/site-packages/airflow/example_dags/example_setup_teardown_taskflow.py
[2026-03-23T03:53:52.149+0000] {processor.py:840} INFO - DAG(s) 'example_setup_teardown_taskflow' retrieved from /home/airflow/.local/lib/python3.8/site-packages/airflow/example_dags/example_setup_teardown_taskflow.py
[2026-03-23T03:53:52.178+0000] {logging_mixin.py:188} INFO - [2026-03-23T03:53:52.178+0000] {dag.py:3047} INFO - Sync 1 DAGs
[2026-03-23T03:53:52.209+0000] {logging_mixin.py:188} INFO - [2026-03-23T03:53:52.209+0000] {dag.py:3834} INFO - Setting next_dagrun for example_setup_teardown_taskflow to 2026-03-22 00:00:00+00:00, run_after=2026-03-23 00:00:00+00:00
[2026-03-23T03:53:52.245+0000] {processor.py:183} INFO - Processing /home/airflow/.local/lib/python3.8/site-packages/airflow/example_dags/example_setup_teardown_taskflow.py took 0.119 seconds
[2026-03-23T03:54:22.282+0000] {processor.py:161} INFO - Started process (PID=472) to work on /home/airflow/.local/lib/python3.8/site-packages/airflow/example_dags/example_setup_teardown_taskflow.py
[2026-03-23T03:54:22.284+0000] {processor.py:830} INFO - Processing file /home/airflow/.local/lib/python3.8/site-packages/airflow/example_dags/example_setup_teardown_taskflow.py for tasks to queue
[2026-03-23T03:54:22.286+0000] {logging_mixin.py:188} INFO - [2026-03-23T03:54:22.286+0000] {dagbag.py:540} INFO - Filling up the DagBag from /home/airflow/.local/lib/python3.8/site-packages/airflow/example_dags/example_setup_teardown_taskflow.py
[2026-03-23T03:54:22.297+0000] {processor.py:840} INFO - DAG(s) 'example_setup_teardown_taskflow' retrieved from /home/airflow/.local/lib/python3.8/site-packages/airflow/example_dags/example_setup_teardown_taskflow.py
[2026-03-23T03:54:22.322+0000] {logging_mixin.py:188} INFO - [2026-03-23T03:54:22.322+0000] {dag.py:3047} INFO - Sync 1 DAGs
[2026-03-23T03:54:22.350+0000] {logging_mixin.py:188} INFO - [2026-03-23T03:54:22.349+0000] {dag.py:3834} INFO - Setting next_dagrun for example_setup_teardown_taskflow to 2026-03-22 00:00:00+00:00, run_after=2026-03-23 00:00:00+00:00
[2026-03-23T03:54:22.375+0000] {processor.py:183} INFO - Processing /home/airflow/.local/lib/python3.8/site-packages/airflow/example_dags/example_setup_teardown_taskflow.py took 0.096 seconds
[2026-03-23T03:54:52.945+0000] {processor.py:161} INFO - Started process (PID=528) to work on /home/airflow/.local/lib/python3.8/site-packages/airflow/example_dags/example_setup_teardown_taskflow.py
[2026-03-23T03:54:52.946+0000] {processor.py:830} INFO - Processing file /home/airflow/.local/lib/python3.8/site-packages/airflow/example_dags/example_setup_teardown_taskflow.py for tasks to queue
[2026-03-23T03:54:52.949+0000] {logging_mixin.py:188} INFO - [2026-03-23T03:54:52.948+0000] {dagbag.py:540} INFO - Filling up the DagBag from /home/airflow/.local/lib/python3.8/site-packages/airflow/example_dags/example_setup_teardown_taskflow.py
[2026-03-23T03:54:52.958+0000] {processor.py:840} INFO - DAG(s) 'example_setup_teardown_taskflow' retrieved from /home/airflow/.local/lib/python3.8/site-packages/airflow/example_dags/example_setup_teardown_taskflow.py
[2026-03-23T03:54:52.980+0000] {logging_mixin.py:188} INFO - [2026-03-23T03:54:52.979+0000] {dag.py:3047} INFO - Sync 1 DAGs
[2026-03-23T03:54:52.999+0000] {logging_mixin.py:188} INFO - [2026-03-23T03:54:52.999+0000] {dag.py:3834} INFO - Setting next_dagrun for example_setup_teardown_taskflow to 2026-03-22 00:00:00+00:00, run_after=2026-03-23 00:00:00+00:00
[2026-03-23T03:54:53.029+0000] {processor.py:183} INFO - Processing /home/airflow/.local/lib/python3.8/site-packages/airflow/example_dags/example_setup_teardown_taskflow.py took 0.087 seconds
[2026-03-23T03:55:23.123+0000] {processor.py:161} INFO - Started process (PID=583) to work on /home/airflow/.local/lib/python3.8/site-packages/airflow/example_dags/example_setup_teardown_taskflow.py
[2026-03-23T03:55:23.125+0000] {processor.py:830} INFO - Processing file /home/airflow/.local/lib/python3.8/site-packages/airflow/example_dags/example_setup_teardown_taskflow.py for tasks to queue
[2026-03-23T03:55:23.126+0000] {logging_mixin.py:188} INFO - [2026-03-23T03:55:23.126+0000] {dagbag.py:540} INFO - Filling up the DagBag from /home/airflow/.local/lib/python3.8/site-packages/airflow/example_dags/example_setup_teardown_taskflow.py
[2026-03-23T03:55:23.135+0000] {processor.py:840} INFO - DAG(s) 'example_setup_teardown_taskflow' retrieved from /home/airflow/.local/lib/python3.8/site-packages/airflow/example_dags/example_setup_teardown_taskflow.py
[2026-03-23T03:55:23.160+0000] {logging_mixin.py:188} INFO - [2026-03-23T03:55:23.159+0000] {dag.py:3047} INFO - Sync 1 DAGs
[2026-03-23T03:55:23.183+0000] {logging_mixin.py:188} INFO - [2026-03-23T03:55:23.183+0000] {dag.py:3834} INFO - Setting next_dagrun for example_setup_teardown_taskflow to 2026-03-22 00:00:00+00:00, run_after=2026-03-23 00:00:00+00:00
[2026-03-23T03:55:23.207+0000] {processor.py:183} INFO - Processing /home/airflow/.local/lib/python3.8/site-packages/airflow/example_dags/example_setup_teardown_taskflow.py took 0.087 seconds
[2026-03-23T03:55:53.415+0000] {processor.py:161} INFO - Started process (PID=638) to work on /home/airflow/.local/lib/python3.8/site-packages/airflow/example_dags/example_setup_teardown_taskflow.py
[2026-03-23T03:55:53.416+0000] {processor.py:830} INFO - Processing file /home/airflow/.local/lib/python3.8/site-packages/airflow/example_dags/example_setup_teardown_taskflow.py for tasks to queue
[2026-03-23T03:55:53.418+0000] {logging_mixin.py:188} INFO - [2026-03-23T03:55:53.417+0000] {dagbag.py:540} INFO - Filling up the DagBag from /home/airflow/.local/lib/python3.8/site-packages/airflow/example_dags/example_setup_teardown_taskflow.py
[2026-03-23T03:55:53.428+0000] {processor.py:840} INFO - DAG(s) 'example_setup_teardown_taskflow' retrieved from /home/airflow/.local/lib/python3.8/site-packages/airflow/example_dags/example_setup_teardown_taskflow.py
[2026-03-23T03:55:53.453+0000] {logging_mixin.py:188} INFO - [2026-03-23T03:55:53.453+0000] {dag.py:3047} INFO - Sync 1 DAGs
[2026-03-23T03:55:53.480+0000] {logging_mixin.py:188} INFO - [2026-03-23T03:55:53.480+0000] {dag.py:3834} INFO - Setting next_dagrun for example_setup_teardown_taskflow to 2026-03-22 00:00:00+00:00, run_after=2026-03-23 00:00:00+00:00
[2026-03-23T03:55:53.507+0000] {processor.py:183} INFO - Processing /home/airflow/.local/lib/python3.8/site-packages/airflow/example_dags/example_setup_teardown_taskflow.py took 0.096 seconds
[2026-03-23T03:56:23.711+0000] {processor.py:161} INFO - Started process (PID=693) to work on /home/airflow/.local/lib/python3.8/site-packages/airflow/example_dags/example_setup_teardown_taskflow.py
[2026-03-23T03:56:23.712+0000] {processor.py:830} INFO - Processing file /home/airflow/.local/lib/python3.8/site-packages/airflow/example_dags/example_setup_teardown_taskflow.py for tasks to queue
[2026-03-23T03:56:23.714+0000] {logging_mixin.py:188} INFO - [2026-03-23T03:56:23.713+0000] {dagbag.py:540} INFO - Filling up the DagBag from /home/airflow/.local/lib/python3.8/site-packages/airflow/example_dags/example_setup_teardown_taskflow.py
[2026-03-23T03:56:23.724+0000] {processor.py:840} INFO - DAG(s) 'example_setup_teardown_taskflow' retrieved from /home/airflow/.local/lib/python3.8/site-packages/airflow/example_dags/example_setup_teardown_taskflow.py
[2026-03-23T03:56:23.747+0000] {logging_mixin.py:188} INFO - [2026-03-23T03:56:23.747+0000] {dag.py:3047} INFO - Sync 1 DAGs
[2026-03-23T03:56:23.771+0000] {logging_mixin.py:188} INFO - [2026-03-23T03:56:23.770+0000] {dag.py:3834} INFO - Setting next_dagrun for example_setup_teardown_taskflow to 2026-03-22 00:00:00+00:00, run_after=2026-03-23 00:00:00+00:00
[2026-03-23T03:56:23.796+0000] {processor.py:183} INFO - Processing /home/airflow/.local/lib/python3.8/site-packages/airflow/example_dags/example_setup_teardown_taskflow.py took 0.088 seconds
