[2026-03-23T03:21:15.230+0000] {processor.py:161} INFO - Started process (PID=84) to work on /home/airflow/.local/lib/python3.8/site-packages/airflow/example_dags/example_setup_teardown.py
[2026-03-23T03:21:15.231+0000] {processor.py:830} INFO - Processing file /home/airflow/.local/lib/python3.8/site-packages/airflow/example_dags/example_setup_teardown.py for tasks to queue
[2026-03-23T03:21:15.233+0000] {logging_mixin.py:188} INFO - [2026-03-23T03:21:15.233+0000] {dagbag.py:540} INFO - Filling up the DagBag from /home/airflow/.local/lib/python3.8/site-packages/airflow/example_dags/example_setup_teardown.py
[2026-03-23T03:21:15.244+0000] {processor.py:840} INFO - DAG(s) 'example_setup_teardown' retrieved from /home/airflow/.local/lib/python3.8/site-packages/airflow/example_dags/example_setup_teardown.py
[2026-03-23T03:21:15.257+0000] {logging_mixin.py:188} INFO - [2026-03-23T03:21:15.257+0000] {dag.py:3047} INFO - Sync 1 DAGs
[2026-03-23T03:21:15.287+0000] {logging_mixin.py:188} INFO - [2026-03-23T03:21:15.287+0000] {dag.py:3834} INFO - Setting next_dagrun for example_setup_teardown to 2026-03-22 00:00:00+00:00, run_after=2026-03-23 00:00:00+00:00
[2026-03-23T03:21:15.318+0000] {processor.py:183} INFO - Processing /home/airflow/.local/lib/python3.8/site-packages/airflow/example_dags/example_setup_teardown.py took 0.091 seconds
[2026-03-23T03:21:45.392+0000] {processor.py:161} INFO - Started process (PID=139) to work on /home/airflow/.local/lib/python3.8/site-packages/airflow/example_dags/example_setup_teardown.py
[2026-03-23T03:21:45.394+0000] {processor.py:830} INFO - Processing file /home/airflow/.local/lib/python3.8/site-packages/airflow/example_dags/example_setup_teardown.py for tasks to queue
[2026-03-23T03:21:45.396+0000] {logging_mixin.py:188} INFO - [2026-03-23T03:21:45.396+0000] {dagbag.py:540} INFO - Filling up the DagBag from /home/airflow/.local/lib/python3.8/site-packages/airflow/example_dags/example_setup_teardown.py
[2026-03-23T03:21:45.402+0000] {processor.py:840} INFO - DAG(s) 'example_setup_teardown' retrieved from /home/airflow/.local/lib/python3.8/site-packages/airflow/example_dags/example_setup_teardown.py
[2026-03-23T03:21:45.415+0000] {logging_mixin.py:188} INFO - [2026-03-23T03:21:45.415+0000] {dag.py:3047} INFO - Sync 1 DAGs
[2026-03-23T03:21:45.434+0000] {logging_mixin.py:188} INFO - [2026-03-23T03:21:45.434+0000] {dag.py:3834} INFO - Setting next_dagrun for example_setup_teardown to 2026-03-22 00:00:00+00:00, run_after=2026-03-23 00:00:00+00:00
[2026-03-23T03:21:45.454+0000] {processor.py:183} INFO - Processing /home/airflow/.local/lib/python3.8/site-packages/airflow/example_dags/example_setup_teardown.py took 0.065 seconds
[2026-03-23T03:22:17.314+0000] {processor.py:161} INFO - Started process (PID=200) to work on /home/airflow/.local/lib/python3.8/site-packages/airflow/example_dags/example_setup_teardown.py
[2026-03-23T03:22:17.315+0000] {processor.py:830} INFO - Processing file /home/airflow/.local/lib/python3.8/site-packages/airflow/example_dags/example_setup_teardown.py for tasks to queue
[2026-03-23T03:22:17.317+0000] {logging_mixin.py:188} INFO - [2026-03-23T03:22:17.317+0000] {dagbag.py:540} INFO - Filling up the DagBag from /home/airflow/.local/lib/python3.8/site-packages/airflow/example_dags/example_setup_teardown.py
[2026-03-23T03:22:17.325+0000] {processor.py:840} INFO - DAG(s) 'example_setup_teardown' retrieved from /home/airflow/.local/lib/python3.8/site-packages/airflow/example_dags/example_setup_teardown.py
[2026-03-23T03:22:17.428+0000] {logging_mixin.py:188} INFO - [2026-03-23T03:22:17.428+0000] {dag.py:3047} INFO - Sync 1 DAGs
[2026-03-23T03:22:17.450+0000] {logging_mixin.py:188} INFO - [2026-03-23T03:22:17.449+0000] {dag.py:3834} INFO - Setting next_dagrun for example_setup_teardown to 2026-03-22 00:00:00+00:00, run_after=2026-03-23 00:00:00+00:00
[2026-03-23T03:22:17.476+0000] {processor.py:183} INFO - Processing /home/airflow/.local/lib/python3.8/site-packages/airflow/example_dags/example_setup_teardown.py took 0.166 seconds
[2026-03-23T03:22:48.065+0000] {processor.py:161} INFO - Started process (PID=255) to work on /home/airflow/.local/lib/python3.8/site-packages/airflow/example_dags/example_setup_teardown.py
[2026-03-23T03:22:48.066+0000] {processor.py:830} INFO - Processing file /home/airflow/.local/lib/python3.8/site-packages/airflow/example_dags/example_setup_teardown.py for tasks to queue
[2026-03-23T03:22:48.068+0000] {logging_mixin.py:188} INFO - [2026-03-23T03:22:48.068+0000] {dagbag.py:540} INFO - Filling up the DagBag from /home/airflow/.local/lib/python3.8/site-packages/airflow/example_dags/example_setup_teardown.py
[2026-03-23T03:22:48.074+0000] {processor.py:840} INFO - DAG(s) 'example_setup_teardown' retrieved from /home/airflow/.local/lib/python3.8/site-packages/airflow/example_dags/example_setup_teardown.py
[2026-03-23T03:22:48.094+0000] {logging_mixin.py:188} INFO - [2026-03-23T03:22:48.094+0000] {dag.py:3047} INFO - Sync 1 DAGs
[2026-03-23T03:22:48.117+0000] {logging_mixin.py:188} INFO - [2026-03-23T03:22:48.117+0000] {dag.py:3834} INFO - Setting next_dagrun for example_setup_teardown to 2026-03-22 00:00:00+00:00, run_after=2026-03-23 00:00:00+00:00
[2026-03-23T03:22:48.141+0000] {processor.py:183} INFO - Processing /home/airflow/.local/lib/python3.8/site-packages/airflow/example_dags/example_setup_teardown.py took 0.079 seconds
[2026-03-23T03:23:19.074+0000] {processor.py:161} INFO - Started process (PID=310) to work on /home/airflow/.local/lib/python3.8/site-packages/airflow/example_dags/example_setup_teardown.py
[2026-03-23T03:23:19.075+0000] {processor.py:830} INFO - Processing file /home/airflow/.local/lib/python3.8/site-packages/airflow/example_dags/example_setup_teardown.py for tasks to queue
[2026-03-23T03:23:19.077+0000] {logging_mixin.py:188} INFO - [2026-03-23T03:23:19.077+0000] {dagbag.py:540} INFO - Filling up the DagBag from /home/airflow/.local/lib/python3.8/site-packages/airflow/example_dags/example_setup_teardown.py
[2026-03-23T03:23:19.082+0000] {processor.py:840} INFO - DAG(s) 'example_setup_teardown' retrieved from /home/airflow/.local/lib/python3.8/site-packages/airflow/example_dags/example_setup_teardown.py
[2026-03-23T03:23:19.102+0000] {logging_mixin.py:188} INFO - [2026-03-23T03:23:19.102+0000] {dag.py:3047} INFO - Sync 1 DAGs
[2026-03-23T03:23:19.124+0000] {logging_mixin.py:188} INFO - [2026-03-23T03:23:19.124+0000] {dag.py:3834} INFO - Setting next_dagrun for example_setup_teardown to 2026-03-22 00:00:00+00:00, run_after=2026-03-23 00:00:00+00:00
[2026-03-23T03:23:19.144+0000] {processor.py:183} INFO - Processing /home/airflow/.local/lib/python3.8/site-packages/airflow/example_dags/example_setup_teardown.py took 0.072 seconds
[2026-03-23T03:25:09.448+0000] {processor.py:161} INFO - Started process (PID=84) to work on /home/airflow/.local/lib/python3.8/site-packages/airflow/example_dags/example_setup_teardown.py
[2026-03-23T03:25:09.449+0000] {processor.py:830} INFO - Processing file /home/airflow/.local/lib/python3.8/site-packages/airflow/example_dags/example_setup_teardown.py for tasks to queue
[2026-03-23T03:25:09.451+0000] {logging_mixin.py:188} INFO - [2026-03-23T03:25:09.451+0000] {dagbag.py:540} INFO - Filling up the DagBag from /home/airflow/.local/lib/python3.8/site-packages/airflow/example_dags/example_setup_teardown.py
[2026-03-23T03:25:09.462+0000] {processor.py:840} INFO - DAG(s) 'example_setup_teardown' retrieved from /home/airflow/.local/lib/python3.8/site-packages/airflow/example_dags/example_setup_teardown.py
[2026-03-23T03:25:09.480+0000] {logging_mixin.py:188} INFO - [2026-03-23T03:25:09.480+0000] {dag.py:3047} INFO - Sync 1 DAGs
[2026-03-23T03:25:09.527+0000] {logging_mixin.py:188} INFO - [2026-03-23T03:25:09.527+0000] {dag.py:3834} INFO - Setting next_dagrun for example_setup_teardown to 2026-03-22 00:00:00+00:00, run_after=2026-03-23 00:00:00+00:00
[2026-03-23T03:25:09.570+0000] {processor.py:183} INFO - Processing /home/airflow/.local/lib/python3.8/site-packages/airflow/example_dags/example_setup_teardown.py took 0.126 seconds
[2026-03-23T03:25:41.314+0000] {processor.py:161} INFO - Started process (PID=139) to work on /home/airflow/.local/lib/python3.8/site-packages/airflow/example_dags/example_setup_teardown.py
[2026-03-23T03:25:41.316+0000] {processor.py:830} INFO - Processing file /home/airflow/.local/lib/python3.8/site-packages/airflow/example_dags/example_setup_teardown.py for tasks to queue
[2026-03-23T03:25:41.318+0000] {logging_mixin.py:188} INFO - [2026-03-23T03:25:41.317+0000] {dagbag.py:540} INFO - Filling up the DagBag from /home/airflow/.local/lib/python3.8/site-packages/airflow/example_dags/example_setup_teardown.py
[2026-03-23T03:25:41.326+0000] {processor.py:840} INFO - DAG(s) 'example_setup_teardown' retrieved from /home/airflow/.local/lib/python3.8/site-packages/airflow/example_dags/example_setup_teardown.py
[2026-03-23T03:25:41.455+0000] {logging_mixin.py:188} INFO - [2026-03-23T03:25:41.455+0000] {dag.py:3047} INFO - Sync 1 DAGs
[2026-03-23T03:25:41.479+0000] {logging_mixin.py:188} INFO - [2026-03-23T03:25:41.478+0000] {dag.py:3834} INFO - Setting next_dagrun for example_setup_teardown to 2026-03-22 00:00:00+00:00, run_after=2026-03-23 00:00:00+00:00
[2026-03-23T03:25:41.503+0000] {processor.py:183} INFO - Processing /home/airflow/.local/lib/python3.8/site-packages/airflow/example_dags/example_setup_teardown.py took 0.192 seconds
[2026-03-23T03:26:12.386+0000] {processor.py:161} INFO - Started process (PID=200) to work on /home/airflow/.local/lib/python3.8/site-packages/airflow/example_dags/example_setup_teardown.py
[2026-03-23T03:26:12.388+0000] {processor.py:830} INFO - Processing file /home/airflow/.local/lib/python3.8/site-packages/airflow/example_dags/example_setup_teardown.py for tasks to queue
[2026-03-23T03:26:12.391+0000] {logging_mixin.py:188} INFO - [2026-03-23T03:26:12.390+0000] {dagbag.py:540} INFO - Filling up the DagBag from /home/airflow/.local/lib/python3.8/site-packages/airflow/example_dags/example_setup_teardown.py
[2026-03-23T03:26:12.398+0000] {processor.py:840} INFO - DAG(s) 'example_setup_teardown' retrieved from /home/airflow/.local/lib/python3.8/site-packages/airflow/example_dags/example_setup_teardown.py
[2026-03-23T03:26:12.424+0000] {logging_mixin.py:188} INFO - [2026-03-23T03:26:12.424+0000] {dag.py:3047} INFO - Sync 1 DAGs
[2026-03-23T03:26:12.449+0000] {logging_mixin.py:188} INFO - [2026-03-23T03:26:12.449+0000] {dag.py:3834} INFO - Setting next_dagrun for example_setup_teardown to 2026-03-22 00:00:00+00:00, run_after=2026-03-23 00:00:00+00:00
[2026-03-23T03:26:12.498+0000] {processor.py:183} INFO - Processing /home/airflow/.local/lib/python3.8/site-packages/airflow/example_dags/example_setup_teardown.py took 0.115 seconds
[2026-03-23T03:26:43.504+0000] {processor.py:161} INFO - Started process (PID=255) to work on /home/airflow/.local/lib/python3.8/site-packages/airflow/example_dags/example_setup_teardown.py
[2026-03-23T03:26:43.505+0000] {processor.py:830} INFO - Processing file /home/airflow/.local/lib/python3.8/site-packages/airflow/example_dags/example_setup_teardown.py for tasks to queue
[2026-03-23T03:26:43.506+0000] {logging_mixin.py:188} INFO - [2026-03-23T03:26:43.506+0000] {dagbag.py:540} INFO - Filling up the DagBag from /home/airflow/.local/lib/python3.8/site-packages/airflow/example_dags/example_setup_teardown.py
[2026-03-23T03:26:43.512+0000] {processor.py:840} INFO - DAG(s) 'example_setup_teardown' retrieved from /home/airflow/.local/lib/python3.8/site-packages/airflow/example_dags/example_setup_teardown.py
[2026-03-23T03:26:43.535+0000] {logging_mixin.py:188} INFO - [2026-03-23T03:26:43.535+0000] {dag.py:3047} INFO - Sync 1 DAGs
[2026-03-23T03:26:43.562+0000] {logging_mixin.py:188} INFO - [2026-03-23T03:26:43.561+0000] {dag.py:3834} INFO - Setting next_dagrun for example_setup_teardown to 2026-03-22 00:00:00+00:00, run_after=2026-03-23 00:00:00+00:00
[2026-03-23T03:26:43.586+0000] {processor.py:183} INFO - Processing /home/airflow/.local/lib/python3.8/site-packages/airflow/example_dags/example_setup_teardown.py took 0.085 seconds
[2026-03-23T03:27:13.924+0000] {processor.py:161} INFO - Started process (PID=310) to work on /home/airflow/.local/lib/python3.8/site-packages/airflow/example_dags/example_setup_teardown.py
[2026-03-23T03:27:13.925+0000] {processor.py:830} INFO - Processing file /home/airflow/.local/lib/python3.8/site-packages/airflow/example_dags/example_setup_teardown.py for tasks to queue
[2026-03-23T03:27:13.926+0000] {logging_mixin.py:188} INFO - [2026-03-23T03:27:13.926+0000] {dagbag.py:540} INFO - Filling up the DagBag from /home/airflow/.local/lib/python3.8/site-packages/airflow/example_dags/example_setup_teardown.py
[2026-03-23T03:27:13.932+0000] {processor.py:840} INFO - DAG(s) 'example_setup_teardown' retrieved from /home/airflow/.local/lib/python3.8/site-packages/airflow/example_dags/example_setup_teardown.py
[2026-03-23T03:27:13.951+0000] {logging_mixin.py:188} INFO - [2026-03-23T03:27:13.951+0000] {dag.py:3047} INFO - Sync 1 DAGs
[2026-03-23T03:27:13.971+0000] {logging_mixin.py:188} INFO - [2026-03-23T03:27:13.971+0000] {dag.py:3834} INFO - Setting next_dagrun for example_setup_teardown to 2026-03-22 00:00:00+00:00, run_after=2026-03-23 00:00:00+00:00
[2026-03-23T03:27:13.995+0000] {processor.py:183} INFO - Processing /home/airflow/.local/lib/python3.8/site-packages/airflow/example_dags/example_setup_teardown.py took 0.074 seconds
[2026-03-23T03:27:44.135+0000] {processor.py:161} INFO - Started process (PID=365) to work on /home/airflow/.local/lib/python3.8/site-packages/airflow/example_dags/example_setup_teardown.py
[2026-03-23T03:27:44.137+0000] {processor.py:830} INFO - Processing file /home/airflow/.local/lib/python3.8/site-packages/airflow/example_dags/example_setup_teardown.py for tasks to queue
[2026-03-23T03:27:44.139+0000] {logging_mixin.py:188} INFO - [2026-03-23T03:27:44.139+0000] {dagbag.py:540} INFO - Filling up the DagBag from /home/airflow/.local/lib/python3.8/site-packages/airflow/example_dags/example_setup_teardown.py
[2026-03-23T03:27:44.145+0000] {processor.py:840} INFO - DAG(s) 'example_setup_teardown' retrieved from /home/airflow/.local/lib/python3.8/site-packages/airflow/example_dags/example_setup_teardown.py
[2026-03-23T03:27:44.168+0000] {logging_mixin.py:188} INFO - [2026-03-23T03:27:44.168+0000] {dag.py:3047} INFO - Sync 1 DAGs
[2026-03-23T03:27:44.192+0000] {logging_mixin.py:188} INFO - [2026-03-23T03:27:44.192+0000] {dag.py:3834} INFO - Setting next_dagrun for example_setup_teardown to 2026-03-22 00:00:00+00:00, run_after=2026-03-23 00:00:00+00:00
[2026-03-23T03:27:44.215+0000] {processor.py:183} INFO - Processing /home/airflow/.local/lib/python3.8/site-packages/airflow/example_dags/example_setup_teardown.py took 0.083 seconds
[2026-03-23T03:28:14.444+0000] {processor.py:161} INFO - Started process (PID=420) to work on /home/airflow/.local/lib/python3.8/site-packages/airflow/example_dags/example_setup_teardown.py
[2026-03-23T03:28:14.445+0000] {processor.py:830} INFO - Processing file /home/airflow/.local/lib/python3.8/site-packages/airflow/example_dags/example_setup_teardown.py for tasks to queue
[2026-03-23T03:28:14.448+0000] {logging_mixin.py:188} INFO - [2026-03-23T03:28:14.447+0000] {dagbag.py:540} INFO - Filling up the DagBag from /home/airflow/.local/lib/python3.8/site-packages/airflow/example_dags/example_setup_teardown.py
[2026-03-23T03:28:14.453+0000] {processor.py:840} INFO - DAG(s) 'example_setup_teardown' retrieved from /home/airflow/.local/lib/python3.8/site-packages/airflow/example_dags/example_setup_teardown.py
[2026-03-23T03:28:14.472+0000] {logging_mixin.py:188} INFO - [2026-03-23T03:28:14.472+0000] {dag.py:3047} INFO - Sync 1 DAGs
[2026-03-23T03:28:14.491+0000] {logging_mixin.py:188} INFO - [2026-03-23T03:28:14.491+0000] {dag.py:3834} INFO - Setting next_dagrun for example_setup_teardown to 2026-03-22 00:00:00+00:00, run_after=2026-03-23 00:00:00+00:00
[2026-03-23T03:28:14.510+0000] {processor.py:183} INFO - Processing /home/airflow/.local/lib/python3.8/site-packages/airflow/example_dags/example_setup_teardown.py took 0.068 seconds
[2026-03-23T03:28:44.915+0000] {processor.py:161} INFO - Started process (PID=475) to work on /home/airflow/.local/lib/python3.8/site-packages/airflow/example_dags/example_setup_teardown.py
[2026-03-23T03:28:44.916+0000] {processor.py:830} INFO - Processing file /home/airflow/.local/lib/python3.8/site-packages/airflow/example_dags/example_setup_teardown.py for tasks to queue
[2026-03-23T03:28:44.918+0000] {logging_mixin.py:188} INFO - [2026-03-23T03:28:44.917+0000] {dagbag.py:540} INFO - Filling up the DagBag from /home/airflow/.local/lib/python3.8/site-packages/airflow/example_dags/example_setup_teardown.py
[2026-03-23T03:28:44.923+0000] {processor.py:840} INFO - DAG(s) 'example_setup_teardown' retrieved from /home/airflow/.local/lib/python3.8/site-packages/airflow/example_dags/example_setup_teardown.py
[2026-03-23T03:28:44.943+0000] {logging_mixin.py:188} INFO - [2026-03-23T03:28:44.943+0000] {dag.py:3047} INFO - Sync 1 DAGs
[2026-03-23T03:28:44.963+0000] {logging_mixin.py:188} INFO - [2026-03-23T03:28:44.962+0000] {dag.py:3834} INFO - Setting next_dagrun for example_setup_teardown to 2026-03-22 00:00:00+00:00, run_after=2026-03-23 00:00:00+00:00
[2026-03-23T03:28:44.982+0000] {processor.py:183} INFO - Processing /home/airflow/.local/lib/python3.8/site-packages/airflow/example_dags/example_setup_teardown.py took 0.070 seconds
[2026-03-23T03:29:15.396+0000] {processor.py:161} INFO - Started process (PID=530) to work on /home/airflow/.local/lib/python3.8/site-packages/airflow/example_dags/example_setup_teardown.py
[2026-03-23T03:29:15.397+0000] {processor.py:830} INFO - Processing file /home/airflow/.local/lib/python3.8/site-packages/airflow/example_dags/example_setup_teardown.py for tasks to queue
[2026-03-23T03:29:15.400+0000] {logging_mixin.py:188} INFO - [2026-03-23T03:29:15.399+0000] {dagbag.py:540} INFO - Filling up the DagBag from /home/airflow/.local/lib/python3.8/site-packages/airflow/example_dags/example_setup_teardown.py
[2026-03-23T03:29:15.406+0000] {processor.py:840} INFO - DAG(s) 'example_setup_teardown' retrieved from /home/airflow/.local/lib/python3.8/site-packages/airflow/example_dags/example_setup_teardown.py
[2026-03-23T03:29:15.428+0000] {logging_mixin.py:188} INFO - [2026-03-23T03:29:15.427+0000] {dag.py:3047} INFO - Sync 1 DAGs
[2026-03-23T03:29:15.449+0000] {logging_mixin.py:188} INFO - [2026-03-23T03:29:15.448+0000] {dag.py:3834} INFO - Setting next_dagrun for example_setup_teardown to 2026-03-22 00:00:00+00:00, run_after=2026-03-23 00:00:00+00:00
[2026-03-23T03:29:15.471+0000] {processor.py:183} INFO - Processing /home/airflow/.local/lib/python3.8/site-packages/airflow/example_dags/example_setup_teardown.py took 0.077 seconds
[2026-03-23T03:29:45.512+0000] {processor.py:161} INFO - Started process (PID=585) to work on /home/airflow/.local/lib/python3.8/site-packages/airflow/example_dags/example_setup_teardown.py
[2026-03-23T03:29:45.513+0000] {processor.py:830} INFO - Processing file /home/airflow/.local/lib/python3.8/site-packages/airflow/example_dags/example_setup_teardown.py for tasks to queue
[2026-03-23T03:29:45.515+0000] {logging_mixin.py:188} INFO - [2026-03-23T03:29:45.515+0000] {dagbag.py:540} INFO - Filling up the DagBag from /home/airflow/.local/lib/python3.8/site-packages/airflow/example_dags/example_setup_teardown.py
[2026-03-23T03:29:45.522+0000] {processor.py:840} INFO - DAG(s) 'example_setup_teardown' retrieved from /home/airflow/.local/lib/python3.8/site-packages/airflow/example_dags/example_setup_teardown.py
[2026-03-23T03:29:45.545+0000] {logging_mixin.py:188} INFO - [2026-03-23T03:29:45.545+0000] {dag.py:3047} INFO - Sync 1 DAGs
[2026-03-23T03:29:45.567+0000] {logging_mixin.py:188} INFO - [2026-03-23T03:29:45.567+0000] {dag.py:3834} INFO - Setting next_dagrun for example_setup_teardown to 2026-03-22 00:00:00+00:00, run_after=2026-03-23 00:00:00+00:00
[2026-03-23T03:29:45.591+0000] {processor.py:183} INFO - Processing /home/airflow/.local/lib/python3.8/site-packages/airflow/example_dags/example_setup_teardown.py took 0.082 seconds
[2026-03-23T03:30:16.023+0000] {processor.py:161} INFO - Started process (PID=640) to work on /home/airflow/.local/lib/python3.8/site-packages/airflow/example_dags/example_setup_teardown.py
[2026-03-23T03:30:16.024+0000] {processor.py:830} INFO - Processing file /home/airflow/.local/lib/python3.8/site-packages/airflow/example_dags/example_setup_teardown.py for tasks to queue
[2026-03-23T03:30:16.026+0000] {logging_mixin.py:188} INFO - [2026-03-23T03:30:16.026+0000] {dagbag.py:540} INFO - Filling up the DagBag from /home/airflow/.local/lib/python3.8/site-packages/airflow/example_dags/example_setup_teardown.py
[2026-03-23T03:30:16.032+0000] {processor.py:840} INFO - DAG(s) 'example_setup_teardown' retrieved from /home/airflow/.local/lib/python3.8/site-packages/airflow/example_dags/example_setup_teardown.py
[2026-03-23T03:30:16.055+0000] {logging_mixin.py:188} INFO - [2026-03-23T03:30:16.055+0000] {dag.py:3047} INFO - Sync 1 DAGs
[2026-03-23T03:30:16.076+0000] {logging_mixin.py:188} INFO - [2026-03-23T03:30:16.076+0000] {dag.py:3834} INFO - Setting next_dagrun for example_setup_teardown to 2026-03-22 00:00:00+00:00, run_after=2026-03-23 00:00:00+00:00
[2026-03-23T03:30:16.098+0000] {processor.py:183} INFO - Processing /home/airflow/.local/lib/python3.8/site-packages/airflow/example_dags/example_setup_teardown.py took 0.079 seconds
[2026-03-23T03:30:46.164+0000] {processor.py:161} INFO - Started process (PID=695) to work on /home/airflow/.local/lib/python3.8/site-packages/airflow/example_dags/example_setup_teardown.py
[2026-03-23T03:30:46.166+0000] {processor.py:830} INFO - Processing file /home/airflow/.local/lib/python3.8/site-packages/airflow/example_dags/example_setup_teardown.py for tasks to queue
[2026-03-23T03:30:46.168+0000] {logging_mixin.py:188} INFO - [2026-03-23T03:30:46.168+0000] {dagbag.py:540} INFO - Filling up the DagBag from /home/airflow/.local/lib/python3.8/site-packages/airflow/example_dags/example_setup_teardown.py
[2026-03-23T03:30:46.174+0000] {processor.py:840} INFO - DAG(s) 'example_setup_teardown' retrieved from /home/airflow/.local/lib/python3.8/site-packages/airflow/example_dags/example_setup_teardown.py
[2026-03-23T03:30:46.196+0000] {logging_mixin.py:188} INFO - [2026-03-23T03:30:46.196+0000] {dag.py:3047} INFO - Sync 1 DAGs
[2026-03-23T03:30:46.219+0000] {logging_mixin.py:188} INFO - [2026-03-23T03:30:46.219+0000] {dag.py:3834} INFO - Setting next_dagrun for example_setup_teardown to 2026-03-22 00:00:00+00:00, run_after=2026-03-23 00:00:00+00:00
[2026-03-23T03:30:46.243+0000] {processor.py:183} INFO - Processing /home/airflow/.local/lib/python3.8/site-packages/airflow/example_dags/example_setup_teardown.py took 0.082 seconds
[2026-03-23T03:31:16.346+0000] {processor.py:161} INFO - Started process (PID=750) to work on /home/airflow/.local/lib/python3.8/site-packages/airflow/example_dags/example_setup_teardown.py
[2026-03-23T03:31:16.347+0000] {processor.py:830} INFO - Processing file /home/airflow/.local/lib/python3.8/site-packages/airflow/example_dags/example_setup_teardown.py for tasks to queue
[2026-03-23T03:31:16.349+0000] {logging_mixin.py:188} INFO - [2026-03-23T03:31:16.349+0000] {dagbag.py:540} INFO - Filling up the DagBag from /home/airflow/.local/lib/python3.8/site-packages/airflow/example_dags/example_setup_teardown.py
[2026-03-23T03:31:16.354+0000] {processor.py:840} INFO - DAG(s) 'example_setup_teardown' retrieved from /home/airflow/.local/lib/python3.8/site-packages/airflow/example_dags/example_setup_teardown.py
[2026-03-23T03:31:16.373+0000] {logging_mixin.py:188} INFO - [2026-03-23T03:31:16.373+0000] {dag.py:3047} INFO - Sync 1 DAGs
[2026-03-23T03:31:16.393+0000] {logging_mixin.py:188} INFO - [2026-03-23T03:31:16.393+0000] {dag.py:3834} INFO - Setting next_dagrun for example_setup_teardown to 2026-03-22 00:00:00+00:00, run_after=2026-03-23 00:00:00+00:00
[2026-03-23T03:31:16.415+0000] {processor.py:183} INFO - Processing /home/airflow/.local/lib/python3.8/site-packages/airflow/example_dags/example_setup_teardown.py took 0.071 seconds
[2026-03-23T03:31:46.974+0000] {processor.py:161} INFO - Started process (PID=805) to work on /home/airflow/.local/lib/python3.8/site-packages/airflow/example_dags/example_setup_teardown.py
[2026-03-23T03:31:46.975+0000] {processor.py:830} INFO - Processing file /home/airflow/.local/lib/python3.8/site-packages/airflow/example_dags/example_setup_teardown.py for tasks to queue
[2026-03-23T03:31:46.977+0000] {logging_mixin.py:188} INFO - [2026-03-23T03:31:46.976+0000] {dagbag.py:540} INFO - Filling up the DagBag from /home/airflow/.local/lib/python3.8/site-packages/airflow/example_dags/example_setup_teardown.py
[2026-03-23T03:31:46.983+0000] {processor.py:840} INFO - DAG(s) 'example_setup_teardown' retrieved from /home/airflow/.local/lib/python3.8/site-packages/airflow/example_dags/example_setup_teardown.py
[2026-03-23T03:31:47.004+0000] {logging_mixin.py:188} INFO - [2026-03-23T03:31:47.003+0000] {dag.py:3047} INFO - Sync 1 DAGs
[2026-03-23T03:31:47.024+0000] {logging_mixin.py:188} INFO - [2026-03-23T03:31:47.023+0000] {dag.py:3834} INFO - Setting next_dagrun for example_setup_teardown to 2026-03-22 00:00:00+00:00, run_after=2026-03-23 00:00:00+00:00
[2026-03-23T03:31:47.044+0000] {processor.py:183} INFO - Processing /home/airflow/.local/lib/python3.8/site-packages/airflow/example_dags/example_setup_teardown.py took 0.073 seconds
[2026-03-23T03:32:17.744+0000] {processor.py:161} INFO - Started process (PID=860) to work on /home/airflow/.local/lib/python3.8/site-packages/airflow/example_dags/example_setup_teardown.py
[2026-03-23T03:32:17.746+0000] {processor.py:830} INFO - Processing file /home/airflow/.local/lib/python3.8/site-packages/airflow/example_dags/example_setup_teardown.py for tasks to queue
[2026-03-23T03:32:17.749+0000] {logging_mixin.py:188} INFO - [2026-03-23T03:32:17.748+0000] {dagbag.py:540} INFO - Filling up the DagBag from /home/airflow/.local/lib/python3.8/site-packages/airflow/example_dags/example_setup_teardown.py
[2026-03-23T03:32:17.757+0000] {processor.py:840} INFO - DAG(s) 'example_setup_teardown' retrieved from /home/airflow/.local/lib/python3.8/site-packages/airflow/example_dags/example_setup_teardown.py
[2026-03-23T03:32:17.780+0000] {logging_mixin.py:188} INFO - [2026-03-23T03:32:17.779+0000] {dag.py:3047} INFO - Sync 1 DAGs
[2026-03-23T03:32:17.804+0000] {logging_mixin.py:188} INFO - [2026-03-23T03:32:17.803+0000] {dag.py:3834} INFO - Setting next_dagrun for example_setup_teardown to 2026-03-22 00:00:00+00:00, run_after=2026-03-23 00:00:00+00:00
[2026-03-23T03:32:17.827+0000] {processor.py:183} INFO - Processing /home/airflow/.local/lib/python3.8/site-packages/airflow/example_dags/example_setup_teardown.py took 0.088 seconds
[2026-03-23T03:32:48.760+0000] {processor.py:161} INFO - Started process (PID=915) to work on /home/airflow/.local/lib/python3.8/site-packages/airflow/example_dags/example_setup_teardown.py
[2026-03-23T03:32:48.761+0000] {processor.py:830} INFO - Processing file /home/airflow/.local/lib/python3.8/site-packages/airflow/example_dags/example_setup_teardown.py for tasks to queue
[2026-03-23T03:32:48.763+0000] {logging_mixin.py:188} INFO - [2026-03-23T03:32:48.763+0000] {dagbag.py:540} INFO - Filling up the DagBag from /home/airflow/.local/lib/python3.8/site-packages/airflow/example_dags/example_setup_teardown.py
[2026-03-23T03:32:48.769+0000] {processor.py:840} INFO - DAG(s) 'example_setup_teardown' retrieved from /home/airflow/.local/lib/python3.8/site-packages/airflow/example_dags/example_setup_teardown.py
[2026-03-23T03:32:48.791+0000] {logging_mixin.py:188} INFO - [2026-03-23T03:32:48.791+0000] {dag.py:3047} INFO - Sync 1 DAGs
[2026-03-23T03:32:48.813+0000] {logging_mixin.py:188} INFO - [2026-03-23T03:32:48.812+0000] {dag.py:3834} INFO - Setting next_dagrun for example_setup_teardown to 2026-03-22 00:00:00+00:00, run_after=2026-03-23 00:00:00+00:00
[2026-03-23T03:32:48.834+0000] {processor.py:183} INFO - Processing /home/airflow/.local/lib/python3.8/site-packages/airflow/example_dags/example_setup_teardown.py took 0.078 seconds
[2026-03-23T03:33:18.921+0000] {processor.py:161} INFO - Started process (PID=970) to work on /home/airflow/.local/lib/python3.8/site-packages/airflow/example_dags/example_setup_teardown.py
[2026-03-23T03:33:18.923+0000] {processor.py:830} INFO - Processing file /home/airflow/.local/lib/python3.8/site-packages/airflow/example_dags/example_setup_teardown.py for tasks to queue
[2026-03-23T03:33:18.925+0000] {logging_mixin.py:188} INFO - [2026-03-23T03:33:18.924+0000] {dagbag.py:540} INFO - Filling up the DagBag from /home/airflow/.local/lib/python3.8/site-packages/airflow/example_dags/example_setup_teardown.py
[2026-03-23T03:33:18.931+0000] {processor.py:840} INFO - DAG(s) 'example_setup_teardown' retrieved from /home/airflow/.local/lib/python3.8/site-packages/airflow/example_dags/example_setup_teardown.py
[2026-03-23T03:33:18.956+0000] {logging_mixin.py:188} INFO - [2026-03-23T03:33:18.955+0000] {dag.py:3047} INFO - Sync 1 DAGs
[2026-03-23T03:33:18.977+0000] {logging_mixin.py:188} INFO - [2026-03-23T03:33:18.977+0000] {dag.py:3834} INFO - Setting next_dagrun for example_setup_teardown to 2026-03-22 00:00:00+00:00, run_after=2026-03-23 00:00:00+00:00
[2026-03-23T03:33:19.001+0000] {processor.py:183} INFO - Processing /home/airflow/.local/lib/python3.8/site-packages/airflow/example_dags/example_setup_teardown.py took 0.083 seconds
[2026-03-23T03:33:49.107+0000] {processor.py:161} INFO - Started process (PID=1025) to work on /home/airflow/.local/lib/python3.8/site-packages/airflow/example_dags/example_setup_teardown.py
[2026-03-23T03:33:49.109+0000] {processor.py:830} INFO - Processing file /home/airflow/.local/lib/python3.8/site-packages/airflow/example_dags/example_setup_teardown.py for tasks to queue
[2026-03-23T03:33:49.111+0000] {logging_mixin.py:188} INFO - [2026-03-23T03:33:49.111+0000] {dagbag.py:540} INFO - Filling up the DagBag from /home/airflow/.local/lib/python3.8/site-packages/airflow/example_dags/example_setup_teardown.py
[2026-03-23T03:33:49.118+0000] {processor.py:840} INFO - DAG(s) 'example_setup_teardown' retrieved from /home/airflow/.local/lib/python3.8/site-packages/airflow/example_dags/example_setup_teardown.py
[2026-03-23T03:33:49.143+0000] {logging_mixin.py:188} INFO - [2026-03-23T03:33:49.143+0000] {dag.py:3047} INFO - Sync 1 DAGs
[2026-03-23T03:33:49.167+0000] {logging_mixin.py:188} INFO - [2026-03-23T03:33:49.167+0000] {dag.py:3834} INFO - Setting next_dagrun for example_setup_teardown to 2026-03-22 00:00:00+00:00, run_after=2026-03-23 00:00:00+00:00
[2026-03-23T03:33:49.192+0000] {processor.py:183} INFO - Processing /home/airflow/.local/lib/python3.8/site-packages/airflow/example_dags/example_setup_teardown.py took 0.088 seconds
[2026-03-23T03:34:19.264+0000] {processor.py:161} INFO - Started process (PID=1080) to work on /home/airflow/.local/lib/python3.8/site-packages/airflow/example_dags/example_setup_teardown.py
[2026-03-23T03:34:19.265+0000] {processor.py:830} INFO - Processing file /home/airflow/.local/lib/python3.8/site-packages/airflow/example_dags/example_setup_teardown.py for tasks to queue
[2026-03-23T03:34:19.267+0000] {logging_mixin.py:188} INFO - [2026-03-23T03:34:19.267+0000] {dagbag.py:540} INFO - Filling up the DagBag from /home/airflow/.local/lib/python3.8/site-packages/airflow/example_dags/example_setup_teardown.py
[2026-03-23T03:34:19.272+0000] {processor.py:840} INFO - DAG(s) 'example_setup_teardown' retrieved from /home/airflow/.local/lib/python3.8/site-packages/airflow/example_dags/example_setup_teardown.py
[2026-03-23T03:34:19.295+0000] {logging_mixin.py:188} INFO - [2026-03-23T03:34:19.295+0000] {dag.py:3047} INFO - Sync 1 DAGs
[2026-03-23T03:34:19.321+0000] {logging_mixin.py:188} INFO - [2026-03-23T03:34:19.320+0000] {dag.py:3834} INFO - Setting next_dagrun for example_setup_teardown to 2026-03-22 00:00:00+00:00, run_after=2026-03-23 00:00:00+00:00
[2026-03-23T03:34:19.347+0000] {processor.py:183} INFO - Processing /home/airflow/.local/lib/python3.8/site-packages/airflow/example_dags/example_setup_teardown.py took 0.085 seconds
[2026-03-23T03:34:49.518+0000] {processor.py:161} INFO - Started process (PID=1135) to work on /home/airflow/.local/lib/python3.8/site-packages/airflow/example_dags/example_setup_teardown.py
[2026-03-23T03:34:49.520+0000] {processor.py:830} INFO - Processing file /home/airflow/.local/lib/python3.8/site-packages/airflow/example_dags/example_setup_teardown.py for tasks to queue
[2026-03-23T03:34:49.522+0000] {logging_mixin.py:188} INFO - [2026-03-23T03:34:49.522+0000] {dagbag.py:540} INFO - Filling up the DagBag from /home/airflow/.local/lib/python3.8/site-packages/airflow/example_dags/example_setup_teardown.py
[2026-03-23T03:34:49.529+0000] {processor.py:840} INFO - DAG(s) 'example_setup_teardown' retrieved from /home/airflow/.local/lib/python3.8/site-packages/airflow/example_dags/example_setup_teardown.py
[2026-03-23T03:34:49.552+0000] {logging_mixin.py:188} INFO - [2026-03-23T03:34:49.551+0000] {dag.py:3047} INFO - Sync 1 DAGs
[2026-03-23T03:34:49.573+0000] {logging_mixin.py:188} INFO - [2026-03-23T03:34:49.573+0000] {dag.py:3834} INFO - Setting next_dagrun for example_setup_teardown to 2026-03-22 00:00:00+00:00, run_after=2026-03-23 00:00:00+00:00
[2026-03-23T03:34:49.594+0000] {processor.py:183} INFO - Processing /home/airflow/.local/lib/python3.8/site-packages/airflow/example_dags/example_setup_teardown.py took 0.080 seconds
[2026-03-23T03:37:20.376+0000] {processor.py:161} INFO - Started process (PID=84) to work on /home/airflow/.local/lib/python3.8/site-packages/airflow/example_dags/example_setup_teardown.py
[2026-03-23T03:37:20.378+0000] {processor.py:830} INFO - Processing file /home/airflow/.local/lib/python3.8/site-packages/airflow/example_dags/example_setup_teardown.py for tasks to queue
[2026-03-23T03:37:20.380+0000] {logging_mixin.py:188} INFO - [2026-03-23T03:37:20.380+0000] {dagbag.py:540} INFO - Filling up the DagBag from /home/airflow/.local/lib/python3.8/site-packages/airflow/example_dags/example_setup_teardown.py
[2026-03-23T03:37:20.391+0000] {processor.py:840} INFO - DAG(s) 'example_setup_teardown' retrieved from /home/airflow/.local/lib/python3.8/site-packages/airflow/example_dags/example_setup_teardown.py
[2026-03-23T03:37:20.407+0000] {logging_mixin.py:188} INFO - [2026-03-23T03:37:20.406+0000] {dag.py:3047} INFO - Sync 1 DAGs
[2026-03-23T03:37:20.433+0000] {logging_mixin.py:188} INFO - [2026-03-23T03:37:20.433+0000] {dag.py:3834} INFO - Setting next_dagrun for example_setup_teardown to 2026-03-22 00:00:00+00:00, run_after=2026-03-23 00:00:00+00:00
[2026-03-23T03:37:20.459+0000] {processor.py:183} INFO - Processing /home/airflow/.local/lib/python3.8/site-packages/airflow/example_dags/example_setup_teardown.py took 0.086 seconds
[2026-03-23T03:37:51.962+0000] {processor.py:161} INFO - Started process (PID=139) to work on /home/airflow/.local/lib/python3.8/site-packages/airflow/example_dags/example_setup_teardown.py
[2026-03-23T03:37:51.964+0000] {processor.py:830} INFO - Processing file /home/airflow/.local/lib/python3.8/site-packages/airflow/example_dags/example_setup_teardown.py for tasks to queue
[2026-03-23T03:37:51.966+0000] {logging_mixin.py:188} INFO - [2026-03-23T03:37:51.965+0000] {dagbag.py:540} INFO - Filling up the DagBag from /home/airflow/.local/lib/python3.8/site-packages/airflow/example_dags/example_setup_teardown.py
[2026-03-23T03:37:51.972+0000] {processor.py:840} INFO - DAG(s) 'example_setup_teardown' retrieved from /home/airflow/.local/lib/python3.8/site-packages/airflow/example_dags/example_setup_teardown.py
[2026-03-23T03:37:52.098+0000] {logging_mixin.py:188} INFO - [2026-03-23T03:37:52.097+0000] {dag.py:3047} INFO - Sync 1 DAGs
[2026-03-23T03:37:52.119+0000] {logging_mixin.py:188} INFO - [2026-03-23T03:37:52.119+0000] {dag.py:3834} INFO - Setting next_dagrun for example_setup_teardown to 2026-03-22 00:00:00+00:00, run_after=2026-03-23 00:00:00+00:00
[2026-03-23T03:37:52.147+0000] {processor.py:183} INFO - Processing /home/airflow/.local/lib/python3.8/site-packages/airflow/example_dags/example_setup_teardown.py took 0.187 seconds
[2026-03-23T03:38:22.246+0000] {processor.py:161} INFO - Started process (PID=200) to work on /home/airflow/.local/lib/python3.8/site-packages/airflow/example_dags/example_setup_teardown.py
[2026-03-23T03:38:22.247+0000] {processor.py:830} INFO - Processing file /home/airflow/.local/lib/python3.8/site-packages/airflow/example_dags/example_setup_teardown.py for tasks to queue
[2026-03-23T03:38:22.249+0000] {logging_mixin.py:188} INFO - [2026-03-23T03:38:22.248+0000] {dagbag.py:540} INFO - Filling up the DagBag from /home/airflow/.local/lib/python3.8/site-packages/airflow/example_dags/example_setup_teardown.py
[2026-03-23T03:38:22.255+0000] {processor.py:840} INFO - DAG(s) 'example_setup_teardown' retrieved from /home/airflow/.local/lib/python3.8/site-packages/airflow/example_dags/example_setup_teardown.py
[2026-03-23T03:38:22.275+0000] {logging_mixin.py:188} INFO - [2026-03-23T03:38:22.275+0000] {dag.py:3047} INFO - Sync 1 DAGs
[2026-03-23T03:38:22.297+0000] {logging_mixin.py:188} INFO - [2026-03-23T03:38:22.296+0000] {dag.py:3834} INFO - Setting next_dagrun for example_setup_teardown to 2026-03-22 00:00:00+00:00, run_after=2026-03-23 00:00:00+00:00
[2026-03-23T03:38:22.318+0000] {processor.py:183} INFO - Processing /home/airflow/.local/lib/python3.8/site-packages/airflow/example_dags/example_setup_teardown.py took 0.076 seconds
[2026-03-23T03:38:52.808+0000] {processor.py:161} INFO - Started process (PID=255) to work on /home/airflow/.local/lib/python3.8/site-packages/airflow/example_dags/example_setup_teardown.py
[2026-03-23T03:38:52.809+0000] {processor.py:830} INFO - Processing file /home/airflow/.local/lib/python3.8/site-packages/airflow/example_dags/example_setup_teardown.py for tasks to queue
[2026-03-23T03:38:52.812+0000] {logging_mixin.py:188} INFO - [2026-03-23T03:38:52.811+0000] {dagbag.py:540} INFO - Filling up the DagBag from /home/airflow/.local/lib/python3.8/site-packages/airflow/example_dags/example_setup_teardown.py
[2026-03-23T03:38:52.819+0000] {processor.py:840} INFO - DAG(s) 'example_setup_teardown' retrieved from /home/airflow/.local/lib/python3.8/site-packages/airflow/example_dags/example_setup_teardown.py
[2026-03-23T03:38:52.858+0000] {logging_mixin.py:188} INFO - [2026-03-23T03:38:52.858+0000] {dag.py:3047} INFO - Sync 1 DAGs
[2026-03-23T03:38:52.886+0000] {logging_mixin.py:188} INFO - [2026-03-23T03:38:52.885+0000] {dag.py:3834} INFO - Setting next_dagrun for example_setup_teardown to 2026-03-22 00:00:00+00:00, run_after=2026-03-23 00:00:00+00:00
[2026-03-23T03:38:52.914+0000] {processor.py:183} INFO - Processing /home/airflow/.local/lib/python3.8/site-packages/airflow/example_dags/example_setup_teardown.py took 0.111 seconds
[2026-03-23T03:39:23.318+0000] {processor.py:161} INFO - Started process (PID=310) to work on /home/airflow/.local/lib/python3.8/site-packages/airflow/example_dags/example_setup_teardown.py
[2026-03-23T03:39:23.319+0000] {processor.py:830} INFO - Processing file /home/airflow/.local/lib/python3.8/site-packages/airflow/example_dags/example_setup_teardown.py for tasks to queue
[2026-03-23T03:39:23.320+0000] {logging_mixin.py:188} INFO - [2026-03-23T03:39:23.320+0000] {dagbag.py:540} INFO - Filling up the DagBag from /home/airflow/.local/lib/python3.8/site-packages/airflow/example_dags/example_setup_teardown.py
[2026-03-23T03:39:23.326+0000] {processor.py:840} INFO - DAG(s) 'example_setup_teardown' retrieved from /home/airflow/.local/lib/python3.8/site-packages/airflow/example_dags/example_setup_teardown.py
[2026-03-23T03:39:23.346+0000] {logging_mixin.py:188} INFO - [2026-03-23T03:39:23.345+0000] {dag.py:3047} INFO - Sync 1 DAGs
[2026-03-23T03:39:23.366+0000] {logging_mixin.py:188} INFO - [2026-03-23T03:39:23.366+0000] {dag.py:3834} INFO - Setting next_dagrun for example_setup_teardown to 2026-03-22 00:00:00+00:00, run_after=2026-03-23 00:00:00+00:00
[2026-03-23T03:39:23.388+0000] {processor.py:183} INFO - Processing /home/airflow/.local/lib/python3.8/site-packages/airflow/example_dags/example_setup_teardown.py took 0.073 seconds
[2026-03-23T03:39:53.570+0000] {processor.py:161} INFO - Started process (PID=365) to work on /home/airflow/.local/lib/python3.8/site-packages/airflow/example_dags/example_setup_teardown.py
[2026-03-23T03:39:53.571+0000] {processor.py:830} INFO - Processing file /home/airflow/.local/lib/python3.8/site-packages/airflow/example_dags/example_setup_teardown.py for tasks to queue
[2026-03-23T03:39:53.572+0000] {logging_mixin.py:188} INFO - [2026-03-23T03:39:53.572+0000] {dagbag.py:540} INFO - Filling up the DagBag from /home/airflow/.local/lib/python3.8/site-packages/airflow/example_dags/example_setup_teardown.py
[2026-03-23T03:39:53.578+0000] {processor.py:840} INFO - DAG(s) 'example_setup_teardown' retrieved from /home/airflow/.local/lib/python3.8/site-packages/airflow/example_dags/example_setup_teardown.py
[2026-03-23T03:39:53.598+0000] {logging_mixin.py:188} INFO - [2026-03-23T03:39:53.598+0000] {dag.py:3047} INFO - Sync 1 DAGs
[2026-03-23T03:39:53.618+0000] {logging_mixin.py:188} INFO - [2026-03-23T03:39:53.618+0000] {dag.py:3834} INFO - Setting next_dagrun for example_setup_teardown to 2026-03-22 00:00:00+00:00, run_after=2026-03-23 00:00:00+00:00
[2026-03-23T03:39:53.638+0000] {processor.py:183} INFO - Processing /home/airflow/.local/lib/python3.8/site-packages/airflow/example_dags/example_setup_teardown.py took 0.072 seconds
[2026-03-23T03:40:24.118+0000] {processor.py:161} INFO - Started process (PID=420) to work on /home/airflow/.local/lib/python3.8/site-packages/airflow/example_dags/example_setup_teardown.py
[2026-03-23T03:40:24.119+0000] {processor.py:830} INFO - Processing file /home/airflow/.local/lib/python3.8/site-packages/airflow/example_dags/example_setup_teardown.py for tasks to queue
[2026-03-23T03:40:24.120+0000] {logging_mixin.py:188} INFO - [2026-03-23T03:40:24.120+0000] {dagbag.py:540} INFO - Filling up the DagBag from /home/airflow/.local/lib/python3.8/site-packages/airflow/example_dags/example_setup_teardown.py
[2026-03-23T03:40:24.127+0000] {processor.py:840} INFO - DAG(s) 'example_setup_teardown' retrieved from /home/airflow/.local/lib/python3.8/site-packages/airflow/example_dags/example_setup_teardown.py
[2026-03-23T03:40:24.148+0000] {logging_mixin.py:188} INFO - [2026-03-23T03:40:24.147+0000] {dag.py:3047} INFO - Sync 1 DAGs
[2026-03-23T03:40:24.168+0000] {logging_mixin.py:188} INFO - [2026-03-23T03:40:24.168+0000] {dag.py:3834} INFO - Setting next_dagrun for example_setup_teardown to 2026-03-22 00:00:00+00:00, run_after=2026-03-23 00:00:00+00:00
[2026-03-23T03:40:24.191+0000] {processor.py:183} INFO - Processing /home/airflow/.local/lib/python3.8/site-packages/airflow/example_dags/example_setup_teardown.py took 0.076 seconds
[2026-03-23T03:40:54.886+0000] {processor.py:161} INFO - Started process (PID=475) to work on /home/airflow/.local/lib/python3.8/site-packages/airflow/example_dags/example_setup_teardown.py
[2026-03-23T03:40:54.888+0000] {processor.py:830} INFO - Processing file /home/airflow/.local/lib/python3.8/site-packages/airflow/example_dags/example_setup_teardown.py for tasks to queue
[2026-03-23T03:40:54.891+0000] {logging_mixin.py:188} INFO - [2026-03-23T03:40:54.890+0000] {dagbag.py:540} INFO - Filling up the DagBag from /home/airflow/.local/lib/python3.8/site-packages/airflow/example_dags/example_setup_teardown.py
[2026-03-23T03:40:54.901+0000] {processor.py:840} INFO - DAG(s) 'example_setup_teardown' retrieved from /home/airflow/.local/lib/python3.8/site-packages/airflow/example_dags/example_setup_teardown.py
[2026-03-23T03:40:54.932+0000] {logging_mixin.py:188} INFO - [2026-03-23T03:40:54.932+0000] {dag.py:3047} INFO - Sync 1 DAGs
[2026-03-23T03:40:54.969+0000] {logging_mixin.py:188} INFO - [2026-03-23T03:40:54.969+0000] {dag.py:3834} INFO - Setting next_dagrun for example_setup_teardown to 2026-03-22 00:00:00+00:00, run_after=2026-03-23 00:00:00+00:00
[2026-03-23T03:40:55.007+0000] {processor.py:183} INFO - Processing /home/airflow/.local/lib/python3.8/site-packages/airflow/example_dags/example_setup_teardown.py took 0.126 seconds
[2026-03-23T03:41:25.519+0000] {processor.py:161} INFO - Started process (PID=530) to work on /home/airflow/.local/lib/python3.8/site-packages/airflow/example_dags/example_setup_teardown.py
[2026-03-23T03:41:25.520+0000] {processor.py:830} INFO - Processing file /home/airflow/.local/lib/python3.8/site-packages/airflow/example_dags/example_setup_teardown.py for tasks to queue
[2026-03-23T03:41:25.522+0000] {logging_mixin.py:188} INFO - [2026-03-23T03:41:25.522+0000] {dagbag.py:540} INFO - Filling up the DagBag from /home/airflow/.local/lib/python3.8/site-packages/airflow/example_dags/example_setup_teardown.py
[2026-03-23T03:41:25.530+0000] {processor.py:840} INFO - DAG(s) 'example_setup_teardown' retrieved from /home/airflow/.local/lib/python3.8/site-packages/airflow/example_dags/example_setup_teardown.py
[2026-03-23T03:41:25.553+0000] {logging_mixin.py:188} INFO - [2026-03-23T03:41:25.553+0000] {dag.py:3047} INFO - Sync 1 DAGs
[2026-03-23T03:41:25.575+0000] {logging_mixin.py:188} INFO - [2026-03-23T03:41:25.575+0000] {dag.py:3834} INFO - Setting next_dagrun for example_setup_teardown to 2026-03-22 00:00:00+00:00, run_after=2026-03-23 00:00:00+00:00
[2026-03-23T03:41:25.595+0000] {processor.py:183} INFO - Processing /home/airflow/.local/lib/python3.8/site-packages/airflow/example_dags/example_setup_teardown.py took 0.081 seconds
[2026-03-23T03:41:55.736+0000] {processor.py:161} INFO - Started process (PID=585) to work on /home/airflow/.local/lib/python3.8/site-packages/airflow/example_dags/example_setup_teardown.py
[2026-03-23T03:41:55.737+0000] {processor.py:830} INFO - Processing file /home/airflow/.local/lib/python3.8/site-packages/airflow/example_dags/example_setup_teardown.py for tasks to queue
[2026-03-23T03:41:55.740+0000] {logging_mixin.py:188} INFO - [2026-03-23T03:41:55.739+0000] {dagbag.py:540} INFO - Filling up the DagBag from /home/airflow/.local/lib/python3.8/site-packages/airflow/example_dags/example_setup_teardown.py
[2026-03-23T03:41:55.746+0000] {processor.py:840} INFO - DAG(s) 'example_setup_teardown' retrieved from /home/airflow/.local/lib/python3.8/site-packages/airflow/example_dags/example_setup_teardown.py
[2026-03-23T03:41:55.771+0000] {logging_mixin.py:188} INFO - [2026-03-23T03:41:55.771+0000] {dag.py:3047} INFO - Sync 1 DAGs
[2026-03-23T03:41:55.795+0000] {logging_mixin.py:188} INFO - [2026-03-23T03:41:55.795+0000] {dag.py:3834} INFO - Setting next_dagrun for example_setup_teardown to 2026-03-22 00:00:00+00:00, run_after=2026-03-23 00:00:00+00:00
[2026-03-23T03:41:55.820+0000] {processor.py:183} INFO - Processing /home/airflow/.local/lib/python3.8/site-packages/airflow/example_dags/example_setup_teardown.py took 0.087 seconds
[2026-03-23T03:42:25.910+0000] {processor.py:161} INFO - Started process (PID=640) to work on /home/airflow/.local/lib/python3.8/site-packages/airflow/example_dags/example_setup_teardown.py
[2026-03-23T03:42:25.912+0000] {processor.py:830} INFO - Processing file /home/airflow/.local/lib/python3.8/site-packages/airflow/example_dags/example_setup_teardown.py for tasks to queue
[2026-03-23T03:42:25.914+0000] {logging_mixin.py:188} INFO - [2026-03-23T03:42:25.914+0000] {dagbag.py:540} INFO - Filling up the DagBag from /home/airflow/.local/lib/python3.8/site-packages/airflow/example_dags/example_setup_teardown.py
[2026-03-23T03:42:25.920+0000] {processor.py:840} INFO - DAG(s) 'example_setup_teardown' retrieved from /home/airflow/.local/lib/python3.8/site-packages/airflow/example_dags/example_setup_teardown.py
[2026-03-23T03:42:25.945+0000] {logging_mixin.py:188} INFO - [2026-03-23T03:42:25.944+0000] {dag.py:3047} INFO - Sync 1 DAGs
[2026-03-23T03:42:25.968+0000] {logging_mixin.py:188} INFO - [2026-03-23T03:42:25.968+0000] {dag.py:3834} INFO - Setting next_dagrun for example_setup_teardown to 2026-03-22 00:00:00+00:00, run_after=2026-03-23 00:00:00+00:00
[2026-03-23T03:42:25.992+0000] {processor.py:183} INFO - Processing /home/airflow/.local/lib/python3.8/site-packages/airflow/example_dags/example_setup_teardown.py took 0.085 seconds
[2026-03-23T03:42:56.515+0000] {processor.py:161} INFO - Started process (PID=695) to work on /home/airflow/.local/lib/python3.8/site-packages/airflow/example_dags/example_setup_teardown.py
[2026-03-23T03:42:56.517+0000] {processor.py:830} INFO - Processing file /home/airflow/.local/lib/python3.8/site-packages/airflow/example_dags/example_setup_teardown.py for tasks to queue
[2026-03-23T03:42:56.520+0000] {logging_mixin.py:188} INFO - [2026-03-23T03:42:56.520+0000] {dagbag.py:540} INFO - Filling up the DagBag from /home/airflow/.local/lib/python3.8/site-packages/airflow/example_dags/example_setup_teardown.py
[2026-03-23T03:42:56.528+0000] {processor.py:840} INFO - DAG(s) 'example_setup_teardown' retrieved from /home/airflow/.local/lib/python3.8/site-packages/airflow/example_dags/example_setup_teardown.py
[2026-03-23T03:42:56.558+0000] {logging_mixin.py:188} INFO - [2026-03-23T03:42:56.557+0000] {dag.py:3047} INFO - Sync 1 DAGs
[2026-03-23T03:42:56.585+0000] {logging_mixin.py:188} INFO - [2026-03-23T03:42:56.585+0000] {dag.py:3834} INFO - Setting next_dagrun for example_setup_teardown to 2026-03-22 00:00:00+00:00, run_after=2026-03-23 00:00:00+00:00
[2026-03-23T03:42:56.613+0000] {processor.py:183} INFO - Processing /home/airflow/.local/lib/python3.8/site-packages/airflow/example_dags/example_setup_teardown.py took 0.102 seconds
[2026-03-23T03:43:26.939+0000] {processor.py:161} INFO - Started process (PID=750) to work on /home/airflow/.local/lib/python3.8/site-packages/airflow/example_dags/example_setup_teardown.py
[2026-03-23T03:43:26.940+0000] {processor.py:830} INFO - Processing file /home/airflow/.local/lib/python3.8/site-packages/airflow/example_dags/example_setup_teardown.py for tasks to queue
[2026-03-23T03:43:26.943+0000] {logging_mixin.py:188} INFO - [2026-03-23T03:43:26.943+0000] {dagbag.py:540} INFO - Filling up the DagBag from /home/airflow/.local/lib/python3.8/site-packages/airflow/example_dags/example_setup_teardown.py
[2026-03-23T03:43:26.950+0000] {processor.py:840} INFO - DAG(s) 'example_setup_teardown' retrieved from /home/airflow/.local/lib/python3.8/site-packages/airflow/example_dags/example_setup_teardown.py
[2026-03-23T03:43:26.972+0000] {logging_mixin.py:188} INFO - [2026-03-23T03:43:26.971+0000] {dag.py:3047} INFO - Sync 1 DAGs
[2026-03-23T03:43:26.994+0000] {logging_mixin.py:188} INFO - [2026-03-23T03:43:26.994+0000] {dag.py:3834} INFO - Setting next_dagrun for example_setup_teardown to 2026-03-22 00:00:00+00:00, run_after=2026-03-23 00:00:00+00:00
[2026-03-23T03:43:27.016+0000] {processor.py:183} INFO - Processing /home/airflow/.local/lib/python3.8/site-packages/airflow/example_dags/example_setup_teardown.py took 0.081 seconds
[2026-03-23T03:43:57.385+0000] {processor.py:161} INFO - Started process (PID=805) to work on /home/airflow/.local/lib/python3.8/site-packages/airflow/example_dags/example_setup_teardown.py
[2026-03-23T03:43:57.387+0000] {processor.py:830} INFO - Processing file /home/airflow/.local/lib/python3.8/site-packages/airflow/example_dags/example_setup_teardown.py for tasks to queue
[2026-03-23T03:43:57.389+0000] {logging_mixin.py:188} INFO - [2026-03-23T03:43:57.389+0000] {dagbag.py:540} INFO - Filling up the DagBag from /home/airflow/.local/lib/python3.8/site-packages/airflow/example_dags/example_setup_teardown.py
[2026-03-23T03:43:57.396+0000] {processor.py:840} INFO - DAG(s) 'example_setup_teardown' retrieved from /home/airflow/.local/lib/python3.8/site-packages/airflow/example_dags/example_setup_teardown.py
[2026-03-23T03:43:57.419+0000] {logging_mixin.py:188} INFO - [2026-03-23T03:43:57.419+0000] {dag.py:3047} INFO - Sync 1 DAGs
[2026-03-23T03:43:57.441+0000] {logging_mixin.py:188} INFO - [2026-03-23T03:43:57.441+0000] {dag.py:3834} INFO - Setting next_dagrun for example_setup_teardown to 2026-03-22 00:00:00+00:00, run_after=2026-03-23 00:00:00+00:00
[2026-03-23T03:43:57.463+0000] {processor.py:183} INFO - Processing /home/airflow/.local/lib/python3.8/site-packages/airflow/example_dags/example_setup_teardown.py took 0.081 seconds
[2026-03-23T03:44:28.008+0000] {processor.py:161} INFO - Started process (PID=860) to work on /home/airflow/.local/lib/python3.8/site-packages/airflow/example_dags/example_setup_teardown.py
[2026-03-23T03:44:28.010+0000] {processor.py:830} INFO - Processing file /home/airflow/.local/lib/python3.8/site-packages/airflow/example_dags/example_setup_teardown.py for tasks to queue
[2026-03-23T03:44:28.012+0000] {logging_mixin.py:188} INFO - [2026-03-23T03:44:28.011+0000] {dagbag.py:540} INFO - Filling up the DagBag from /home/airflow/.local/lib/python3.8/site-packages/airflow/example_dags/example_setup_teardown.py
[2026-03-23T03:44:28.019+0000] {processor.py:840} INFO - DAG(s) 'example_setup_teardown' retrieved from /home/airflow/.local/lib/python3.8/site-packages/airflow/example_dags/example_setup_teardown.py
[2026-03-23T03:44:28.042+0000] {logging_mixin.py:188} INFO - [2026-03-23T03:44:28.041+0000] {dag.py:3047} INFO - Sync 1 DAGs
[2026-03-23T03:44:28.064+0000] {logging_mixin.py:188} INFO - [2026-03-23T03:44:28.063+0000] {dag.py:3834} INFO - Setting next_dagrun for example_setup_teardown to 2026-03-22 00:00:00+00:00, run_after=2026-03-23 00:00:00+00:00
[2026-03-23T03:44:28.084+0000] {processor.py:183} INFO - Processing /home/airflow/.local/lib/python3.8/site-packages/airflow/example_dags/example_setup_teardown.py took 0.080 seconds
[2026-03-23T03:44:58.389+0000] {processor.py:161} INFO - Started process (PID=915) to work on /home/airflow/.local/lib/python3.8/site-packages/airflow/example_dags/example_setup_teardown.py
[2026-03-23T03:44:58.391+0000] {processor.py:830} INFO - Processing file /home/airflow/.local/lib/python3.8/site-packages/airflow/example_dags/example_setup_teardown.py for tasks to queue
[2026-03-23T03:44:58.393+0000] {logging_mixin.py:188} INFO - [2026-03-23T03:44:58.392+0000] {dagbag.py:540} INFO - Filling up the DagBag from /home/airflow/.local/lib/python3.8/site-packages/airflow/example_dags/example_setup_teardown.py
[2026-03-23T03:44:58.399+0000] {processor.py:840} INFO - DAG(s) 'example_setup_teardown' retrieved from /home/airflow/.local/lib/python3.8/site-packages/airflow/example_dags/example_setup_teardown.py
[2026-03-23T03:44:58.422+0000] {logging_mixin.py:188} INFO - [2026-03-23T03:44:58.422+0000] {dag.py:3047} INFO - Sync 1 DAGs
[2026-03-23T03:44:58.444+0000] {logging_mixin.py:188} INFO - [2026-03-23T03:44:58.444+0000] {dag.py:3834} INFO - Setting next_dagrun for example_setup_teardown to 2026-03-22 00:00:00+00:00, run_after=2026-03-23 00:00:00+00:00
[2026-03-23T03:44:58.466+0000] {processor.py:183} INFO - Processing /home/airflow/.local/lib/python3.8/site-packages/airflow/example_dags/example_setup_teardown.py took 0.079 seconds
[2026-03-23T03:45:28.750+0000] {processor.py:161} INFO - Started process (PID=970) to work on /home/airflow/.local/lib/python3.8/site-packages/airflow/example_dags/example_setup_teardown.py
[2026-03-23T03:45:28.751+0000] {processor.py:830} INFO - Processing file /home/airflow/.local/lib/python3.8/site-packages/airflow/example_dags/example_setup_teardown.py for tasks to queue
[2026-03-23T03:45:28.753+0000] {logging_mixin.py:188} INFO - [2026-03-23T03:45:28.753+0000] {dagbag.py:540} INFO - Filling up the DagBag from /home/airflow/.local/lib/python3.8/site-packages/airflow/example_dags/example_setup_teardown.py
[2026-03-23T03:45:28.761+0000] {processor.py:840} INFO - DAG(s) 'example_setup_teardown' retrieved from /home/airflow/.local/lib/python3.8/site-packages/airflow/example_dags/example_setup_teardown.py
[2026-03-23T03:45:28.783+0000] {logging_mixin.py:188} INFO - [2026-03-23T03:45:28.783+0000] {dag.py:3047} INFO - Sync 1 DAGs
[2026-03-23T03:45:28.806+0000] {logging_mixin.py:188} INFO - [2026-03-23T03:45:28.806+0000] {dag.py:3834} INFO - Setting next_dagrun for example_setup_teardown to 2026-03-22 00:00:00+00:00, run_after=2026-03-23 00:00:00+00:00
[2026-03-23T03:45:28.831+0000] {processor.py:183} INFO - Processing /home/airflow/.local/lib/python3.8/site-packages/airflow/example_dags/example_setup_teardown.py took 0.084 seconds
[2026-03-23T03:45:58.991+0000] {processor.py:161} INFO - Started process (PID=1025) to work on /home/airflow/.local/lib/python3.8/site-packages/airflow/example_dags/example_setup_teardown.py
[2026-03-23T03:45:58.992+0000] {processor.py:830} INFO - Processing file /home/airflow/.local/lib/python3.8/site-packages/airflow/example_dags/example_setup_teardown.py for tasks to queue
[2026-03-23T03:45:58.994+0000] {logging_mixin.py:188} INFO - [2026-03-23T03:45:58.993+0000] {dagbag.py:540} INFO - Filling up the DagBag from /home/airflow/.local/lib/python3.8/site-packages/airflow/example_dags/example_setup_teardown.py
[2026-03-23T03:45:59.001+0000] {processor.py:840} INFO - DAG(s) 'example_setup_teardown' retrieved from /home/airflow/.local/lib/python3.8/site-packages/airflow/example_dags/example_setup_teardown.py
[2026-03-23T03:45:59.028+0000] {logging_mixin.py:188} INFO - [2026-03-23T03:45:59.027+0000] {dag.py:3047} INFO - Sync 1 DAGs
[2026-03-23T03:45:59.052+0000] {logging_mixin.py:188} INFO - [2026-03-23T03:45:59.052+0000] {dag.py:3834} INFO - Setting next_dagrun for example_setup_teardown to 2026-03-22 00:00:00+00:00, run_after=2026-03-23 00:00:00+00:00
[2026-03-23T03:45:59.074+0000] {processor.py:183} INFO - Processing /home/airflow/.local/lib/python3.8/site-packages/airflow/example_dags/example_setup_teardown.py took 0.087 seconds
[2026-03-23T03:46:29.229+0000] {processor.py:161} INFO - Started process (PID=1080) to work on /home/airflow/.local/lib/python3.8/site-packages/airflow/example_dags/example_setup_teardown.py
[2026-03-23T03:46:29.231+0000] {processor.py:830} INFO - Processing file /home/airflow/.local/lib/python3.8/site-packages/airflow/example_dags/example_setup_teardown.py for tasks to queue
[2026-03-23T03:46:29.232+0000] {logging_mixin.py:188} INFO - [2026-03-23T03:46:29.232+0000] {dagbag.py:540} INFO - Filling up the DagBag from /home/airflow/.local/lib/python3.8/site-packages/airflow/example_dags/example_setup_teardown.py
[2026-03-23T03:46:29.238+0000] {processor.py:840} INFO - DAG(s) 'example_setup_teardown' retrieved from /home/airflow/.local/lib/python3.8/site-packages/airflow/example_dags/example_setup_teardown.py
[2026-03-23T03:46:29.258+0000] {logging_mixin.py:188} INFO - [2026-03-23T03:46:29.258+0000] {dag.py:3047} INFO - Sync 1 DAGs
[2026-03-23T03:46:29.279+0000] {logging_mixin.py:188} INFO - [2026-03-23T03:46:29.279+0000] {dag.py:3834} INFO - Setting next_dagrun for example_setup_teardown to 2026-03-22 00:00:00+00:00, run_after=2026-03-23 00:00:00+00:00
[2026-03-23T03:46:29.301+0000] {processor.py:183} INFO - Processing /home/airflow/.local/lib/python3.8/site-packages/airflow/example_dags/example_setup_teardown.py took 0.074 seconds
[2026-03-23T03:46:59.695+0000] {processor.py:161} INFO - Started process (PID=1135) to work on /home/airflow/.local/lib/python3.8/site-packages/airflow/example_dags/example_setup_teardown.py
[2026-03-23T03:46:59.697+0000] {processor.py:830} INFO - Processing file /home/airflow/.local/lib/python3.8/site-packages/airflow/example_dags/example_setup_teardown.py for tasks to queue
[2026-03-23T03:46:59.699+0000] {logging_mixin.py:188} INFO - [2026-03-23T03:46:59.698+0000] {dagbag.py:540} INFO - Filling up the DagBag from /home/airflow/.local/lib/python3.8/site-packages/airflow/example_dags/example_setup_teardown.py
[2026-03-23T03:46:59.706+0000] {processor.py:840} INFO - DAG(s) 'example_setup_teardown' retrieved from /home/airflow/.local/lib/python3.8/site-packages/airflow/example_dags/example_setup_teardown.py
[2026-03-23T03:46:59.727+0000] {logging_mixin.py:188} INFO - [2026-03-23T03:46:59.727+0000] {dag.py:3047} INFO - Sync 1 DAGs
[2026-03-23T03:46:59.757+0000] {logging_mixin.py:188} INFO - [2026-03-23T03:46:59.756+0000] {dag.py:3834} INFO - Setting next_dagrun for example_setup_teardown to 2026-03-22 00:00:00+00:00, run_after=2026-03-23 00:00:00+00:00
[2026-03-23T03:46:59.783+0000] {processor.py:183} INFO - Processing /home/airflow/.local/lib/python3.8/site-packages/airflow/example_dags/example_setup_teardown.py took 0.091 seconds
[2026-03-23T03:47:29.946+0000] {processor.py:161} INFO - Started process (PID=1190) to work on /home/airflow/.local/lib/python3.8/site-packages/airflow/example_dags/example_setup_teardown.py
[2026-03-23T03:47:29.948+0000] {processor.py:830} INFO - Processing file /home/airflow/.local/lib/python3.8/site-packages/airflow/example_dags/example_setup_teardown.py for tasks to queue
[2026-03-23T03:47:29.949+0000] {logging_mixin.py:188} INFO - [2026-03-23T03:47:29.949+0000] {dagbag.py:540} INFO - Filling up the DagBag from /home/airflow/.local/lib/python3.8/site-packages/airflow/example_dags/example_setup_teardown.py
[2026-03-23T03:47:29.956+0000] {processor.py:840} INFO - DAG(s) 'example_setup_teardown' retrieved from /home/airflow/.local/lib/python3.8/site-packages/airflow/example_dags/example_setup_teardown.py
[2026-03-23T03:47:29.977+0000] {logging_mixin.py:188} INFO - [2026-03-23T03:47:29.977+0000] {dag.py:3047} INFO - Sync 1 DAGs
[2026-03-23T03:47:29.996+0000] {logging_mixin.py:188} INFO - [2026-03-23T03:47:29.996+0000] {dag.py:3834} INFO - Setting next_dagrun for example_setup_teardown to 2026-03-22 00:00:00+00:00, run_after=2026-03-23 00:00:00+00:00
[2026-03-23T03:47:30.019+0000] {processor.py:183} INFO - Processing /home/airflow/.local/lib/python3.8/site-packages/airflow/example_dags/example_setup_teardown.py took 0.075 seconds
[2026-03-23T03:48:00.211+0000] {processor.py:161} INFO - Started process (PID=1245) to work on /home/airflow/.local/lib/python3.8/site-packages/airflow/example_dags/example_setup_teardown.py
[2026-03-23T03:48:00.212+0000] {processor.py:830} INFO - Processing file /home/airflow/.local/lib/python3.8/site-packages/airflow/example_dags/example_setup_teardown.py for tasks to queue
[2026-03-23T03:48:00.213+0000] {logging_mixin.py:188} INFO - [2026-03-23T03:48:00.213+0000] {dagbag.py:540} INFO - Filling up the DagBag from /home/airflow/.local/lib/python3.8/site-packages/airflow/example_dags/example_setup_teardown.py
[2026-03-23T03:48:00.219+0000] {processor.py:840} INFO - DAG(s) 'example_setup_teardown' retrieved from /home/airflow/.local/lib/python3.8/site-packages/airflow/example_dags/example_setup_teardown.py
[2026-03-23T03:48:00.241+0000] {logging_mixin.py:188} INFO - [2026-03-23T03:48:00.240+0000] {dag.py:3047} INFO - Sync 1 DAGs
[2026-03-23T03:48:00.261+0000] {logging_mixin.py:188} INFO - [2026-03-23T03:48:00.261+0000] {dag.py:3834} INFO - Setting next_dagrun for example_setup_teardown to 2026-03-22 00:00:00+00:00, run_after=2026-03-23 00:00:00+00:00
[2026-03-23T03:48:00.281+0000] {processor.py:183} INFO - Processing /home/airflow/.local/lib/python3.8/site-packages/airflow/example_dags/example_setup_teardown.py took 0.073 seconds
[2026-03-23T03:48:30.802+0000] {processor.py:161} INFO - Started process (PID=1300) to work on /home/airflow/.local/lib/python3.8/site-packages/airflow/example_dags/example_setup_teardown.py
[2026-03-23T03:48:30.803+0000] {processor.py:830} INFO - Processing file /home/airflow/.local/lib/python3.8/site-packages/airflow/example_dags/example_setup_teardown.py for tasks to queue
[2026-03-23T03:48:30.805+0000] {logging_mixin.py:188} INFO - [2026-03-23T03:48:30.805+0000] {dagbag.py:540} INFO - Filling up the DagBag from /home/airflow/.local/lib/python3.8/site-packages/airflow/example_dags/example_setup_teardown.py
[2026-03-23T03:48:30.812+0000] {processor.py:840} INFO - DAG(s) 'example_setup_teardown' retrieved from /home/airflow/.local/lib/python3.8/site-packages/airflow/example_dags/example_setup_teardown.py
[2026-03-23T03:48:30.835+0000] {logging_mixin.py:188} INFO - [2026-03-23T03:48:30.835+0000] {dag.py:3047} INFO - Sync 1 DAGs
[2026-03-23T03:48:30.859+0000] {logging_mixin.py:188} INFO - [2026-03-23T03:48:30.859+0000] {dag.py:3834} INFO - Setting next_dagrun for example_setup_teardown to 2026-03-22 00:00:00+00:00, run_after=2026-03-23 00:00:00+00:00
[2026-03-23T03:48:30.882+0000] {processor.py:183} INFO - Processing /home/airflow/.local/lib/python3.8/site-packages/airflow/example_dags/example_setup_teardown.py took 0.084 seconds
[2026-03-23T03:49:01.155+0000] {processor.py:161} INFO - Started process (PID=1355) to work on /home/airflow/.local/lib/python3.8/site-packages/airflow/example_dags/example_setup_teardown.py
[2026-03-23T03:49:01.157+0000] {processor.py:830} INFO - Processing file /home/airflow/.local/lib/python3.8/site-packages/airflow/example_dags/example_setup_teardown.py for tasks to queue
[2026-03-23T03:49:01.159+0000] {logging_mixin.py:188} INFO - [2026-03-23T03:49:01.159+0000] {dagbag.py:540} INFO - Filling up the DagBag from /home/airflow/.local/lib/python3.8/site-packages/airflow/example_dags/example_setup_teardown.py
[2026-03-23T03:49:01.168+0000] {processor.py:840} INFO - DAG(s) 'example_setup_teardown' retrieved from /home/airflow/.local/lib/python3.8/site-packages/airflow/example_dags/example_setup_teardown.py
[2026-03-23T03:49:01.196+0000] {logging_mixin.py:188} INFO - [2026-03-23T03:49:01.196+0000] {dag.py:3047} INFO - Sync 1 DAGs
[2026-03-23T03:49:01.224+0000] {logging_mixin.py:188} INFO - [2026-03-23T03:49:01.224+0000] {dag.py:3834} INFO - Setting next_dagrun for example_setup_teardown to 2026-03-22 00:00:00+00:00, run_after=2026-03-23 00:00:00+00:00
[2026-03-23T03:49:01.252+0000] {processor.py:183} INFO - Processing /home/airflow/.local/lib/python3.8/site-packages/airflow/example_dags/example_setup_teardown.py took 0.101 seconds
[2026-03-23T03:49:31.385+0000] {processor.py:161} INFO - Started process (PID=1410) to work on /home/airflow/.local/lib/python3.8/site-packages/airflow/example_dags/example_setup_teardown.py
[2026-03-23T03:49:31.387+0000] {processor.py:830} INFO - Processing file /home/airflow/.local/lib/python3.8/site-packages/airflow/example_dags/example_setup_teardown.py for tasks to queue
[2026-03-23T03:49:31.388+0000] {logging_mixin.py:188} INFO - [2026-03-23T03:49:31.388+0000] {dagbag.py:540} INFO - Filling up the DagBag from /home/airflow/.local/lib/python3.8/site-packages/airflow/example_dags/example_setup_teardown.py
[2026-03-23T03:49:31.394+0000] {processor.py:840} INFO - DAG(s) 'example_setup_teardown' retrieved from /home/airflow/.local/lib/python3.8/site-packages/airflow/example_dags/example_setup_teardown.py
[2026-03-23T03:49:31.413+0000] {logging_mixin.py:188} INFO - [2026-03-23T03:49:31.413+0000] {dag.py:3047} INFO - Sync 1 DAGs
[2026-03-23T03:49:31.434+0000] {logging_mixin.py:188} INFO - [2026-03-23T03:49:31.433+0000] {dag.py:3834} INFO - Setting next_dagrun for example_setup_teardown to 2026-03-22 00:00:00+00:00, run_after=2026-03-23 00:00:00+00:00
[2026-03-23T03:49:31.454+0000] {processor.py:183} INFO - Processing /home/airflow/.local/lib/python3.8/site-packages/airflow/example_dags/example_setup_teardown.py took 0.071 seconds
[2026-03-23T03:50:48.123+0000] {processor.py:161} INFO - Started process (PID=90) to work on /home/airflow/.local/lib/python3.8/site-packages/airflow/example_dags/example_setup_teardown.py
[2026-03-23T03:50:48.126+0000] {processor.py:830} INFO - Processing file /home/airflow/.local/lib/python3.8/site-packages/airflow/example_dags/example_setup_teardown.py for tasks to queue
[2026-03-23T03:50:48.131+0000] {logging_mixin.py:188} INFO - [2026-03-23T03:50:48.130+0000] {dagbag.py:540} INFO - Filling up the DagBag from /home/airflow/.local/lib/python3.8/site-packages/airflow/example_dags/example_setup_teardown.py
[2026-03-23T03:50:48.149+0000] {processor.py:840} INFO - DAG(s) 'example_setup_teardown' retrieved from /home/airflow/.local/lib/python3.8/site-packages/airflow/example_dags/example_setup_teardown.py
[2026-03-23T03:50:48.177+0000] {logging_mixin.py:188} INFO - [2026-03-23T03:50:48.177+0000] {dag.py:3047} INFO - Sync 1 DAGs
[2026-03-23T03:50:48.233+0000] {logging_mixin.py:188} INFO - [2026-03-23T03:50:48.233+0000] {dag.py:3834} INFO - Setting next_dagrun for example_setup_teardown to 2026-03-22 00:00:00+00:00, run_after=2026-03-23 00:00:00+00:00
[2026-03-23T03:50:48.286+0000] {processor.py:183} INFO - Processing /home/airflow/.local/lib/python3.8/site-packages/airflow/example_dags/example_setup_teardown.py took 0.171 seconds
[2026-03-23T03:51:19.742+0000] {processor.py:161} INFO - Started process (PID=145) to work on /home/airflow/.local/lib/python3.8/site-packages/airflow/example_dags/example_setup_teardown.py
[2026-03-23T03:51:19.744+0000] {processor.py:830} INFO - Processing file /home/airflow/.local/lib/python3.8/site-packages/airflow/example_dags/example_setup_teardown.py for tasks to queue
[2026-03-23T03:51:19.746+0000] {logging_mixin.py:188} INFO - [2026-03-23T03:51:19.746+0000] {dagbag.py:540} INFO - Filling up the DagBag from /home/airflow/.local/lib/python3.8/site-packages/airflow/example_dags/example_setup_teardown.py
[2026-03-23T03:51:19.754+0000] {processor.py:840} INFO - DAG(s) 'example_setup_teardown' retrieved from /home/airflow/.local/lib/python3.8/site-packages/airflow/example_dags/example_setup_teardown.py
[2026-03-23T03:51:19.877+0000] {logging_mixin.py:188} INFO - [2026-03-23T03:51:19.877+0000] {dag.py:3047} INFO - Sync 1 DAGs
[2026-03-23T03:51:19.899+0000] {logging_mixin.py:188} INFO - [2026-03-23T03:51:19.899+0000] {dag.py:3834} INFO - Setting next_dagrun for example_setup_teardown to 2026-03-22 00:00:00+00:00, run_after=2026-03-23 00:00:00+00:00
[2026-03-23T03:51:19.926+0000] {processor.py:183} INFO - Processing /home/airflow/.local/lib/python3.8/site-packages/airflow/example_dags/example_setup_teardown.py took 0.187 seconds
[2026-03-23T03:51:49.988+0000] {processor.py:161} INFO - Started process (PID=200) to work on /home/airflow/.local/lib/python3.8/site-packages/airflow/example_dags/example_setup_teardown.py
[2026-03-23T03:51:49.990+0000] {processor.py:830} INFO - Processing file /home/airflow/.local/lib/python3.8/site-packages/airflow/example_dags/example_setup_teardown.py for tasks to queue
[2026-03-23T03:51:49.991+0000] {logging_mixin.py:188} INFO - [2026-03-23T03:51:49.991+0000] {dagbag.py:540} INFO - Filling up the DagBag from /home/airflow/.local/lib/python3.8/site-packages/airflow/example_dags/example_setup_teardown.py
[2026-03-23T03:51:49.998+0000] {processor.py:840} INFO - DAG(s) 'example_setup_teardown' retrieved from /home/airflow/.local/lib/python3.8/site-packages/airflow/example_dags/example_setup_teardown.py
[2026-03-23T03:51:50.019+0000] {logging_mixin.py:188} INFO - [2026-03-23T03:51:50.019+0000] {dag.py:3047} INFO - Sync 1 DAGs
[2026-03-23T03:51:50.045+0000] {logging_mixin.py:188} INFO - [2026-03-23T03:51:50.044+0000] {dag.py:3834} INFO - Setting next_dagrun for example_setup_teardown to 2026-03-22 00:00:00+00:00, run_after=2026-03-23 00:00:00+00:00
[2026-03-23T03:51:50.072+0000] {processor.py:183} INFO - Processing /home/airflow/.local/lib/python3.8/site-packages/airflow/example_dags/example_setup_teardown.py took 0.087 seconds
[2026-03-23T03:52:20.222+0000] {processor.py:161} INFO - Started process (PID=255) to work on /home/airflow/.local/lib/python3.8/site-packages/airflow/example_dags/example_setup_teardown.py
[2026-03-23T03:52:20.224+0000] {processor.py:830} INFO - Processing file /home/airflow/.local/lib/python3.8/site-packages/airflow/example_dags/example_setup_teardown.py for tasks to queue
[2026-03-23T03:52:20.226+0000] {logging_mixin.py:188} INFO - [2026-03-23T03:52:20.226+0000] {dagbag.py:540} INFO - Filling up the DagBag from /home/airflow/.local/lib/python3.8/site-packages/airflow/example_dags/example_setup_teardown.py
[2026-03-23T03:52:20.233+0000] {processor.py:840} INFO - DAG(s) 'example_setup_teardown' retrieved from /home/airflow/.local/lib/python3.8/site-packages/airflow/example_dags/example_setup_teardown.py
[2026-03-23T03:52:20.258+0000] {logging_mixin.py:188} INFO - [2026-03-23T03:52:20.257+0000] {dag.py:3047} INFO - Sync 1 DAGs
[2026-03-23T03:52:20.283+0000] {logging_mixin.py:188} INFO - [2026-03-23T03:52:20.282+0000] {dag.py:3834} INFO - Setting next_dagrun for example_setup_teardown to 2026-03-22 00:00:00+00:00, run_after=2026-03-23 00:00:00+00:00
[2026-03-23T03:52:20.308+0000] {processor.py:183} INFO - Processing /home/airflow/.local/lib/python3.8/site-packages/airflow/example_dags/example_setup_teardown.py took 0.090 seconds
[2026-03-23T03:52:51.214+0000] {processor.py:161} INFO - Started process (PID=310) to work on /home/airflow/.local/lib/python3.8/site-packages/airflow/example_dags/example_setup_teardown.py
[2026-03-23T03:52:51.215+0000] {processor.py:830} INFO - Processing file /home/airflow/.local/lib/python3.8/site-packages/airflow/example_dags/example_setup_teardown.py for tasks to queue
[2026-03-23T03:52:51.217+0000] {logging_mixin.py:188} INFO - [2026-03-23T03:52:51.217+0000] {dagbag.py:540} INFO - Filling up the DagBag from /home/airflow/.local/lib/python3.8/site-packages/airflow/example_dags/example_setup_teardown.py
[2026-03-23T03:52:51.224+0000] {processor.py:840} INFO - DAG(s) 'example_setup_teardown' retrieved from /home/airflow/.local/lib/python3.8/site-packages/airflow/example_dags/example_setup_teardown.py
[2026-03-23T03:52:51.246+0000] {logging_mixin.py:188} INFO - [2026-03-23T03:52:51.246+0000] {dag.py:3047} INFO - Sync 1 DAGs
[2026-03-23T03:52:51.269+0000] {logging_mixin.py:188} INFO - [2026-03-23T03:52:51.268+0000] {dag.py:3834} INFO - Setting next_dagrun for example_setup_teardown to 2026-03-22 00:00:00+00:00, run_after=2026-03-23 00:00:00+00:00
[2026-03-23T03:52:51.291+0000] {processor.py:183} INFO - Processing /home/airflow/.local/lib/python3.8/site-packages/airflow/example_dags/example_setup_teardown.py took 0.081 seconds
[2026-03-23T03:53:22.040+0000] {processor.py:161} INFO - Started process (PID=365) to work on /home/airflow/.local/lib/python3.8/site-packages/airflow/example_dags/example_setup_teardown.py
[2026-03-23T03:53:22.041+0000] {processor.py:830} INFO - Processing file /home/airflow/.local/lib/python3.8/site-packages/airflow/example_dags/example_setup_teardown.py for tasks to queue
[2026-03-23T03:53:22.044+0000] {logging_mixin.py:188} INFO - [2026-03-23T03:53:22.043+0000] {dagbag.py:540} INFO - Filling up the DagBag from /home/airflow/.local/lib/python3.8/site-packages/airflow/example_dags/example_setup_teardown.py
[2026-03-23T03:53:22.051+0000] {processor.py:840} INFO - DAG(s) 'example_setup_teardown' retrieved from /home/airflow/.local/lib/python3.8/site-packages/airflow/example_dags/example_setup_teardown.py
[2026-03-23T03:53:22.075+0000] {logging_mixin.py:188} INFO - [2026-03-23T03:53:22.075+0000] {dag.py:3047} INFO - Sync 1 DAGs
[2026-03-23T03:53:22.097+0000] {logging_mixin.py:188} INFO - [2026-03-23T03:53:22.097+0000] {dag.py:3834} INFO - Setting next_dagrun for example_setup_teardown to 2026-03-22 00:00:00+00:00, run_after=2026-03-23 00:00:00+00:00
[2026-03-23T03:53:22.117+0000] {processor.py:183} INFO - Processing /home/airflow/.local/lib/python3.8/site-packages/airflow/example_dags/example_setup_teardown.py took 0.080 seconds
[2026-03-23T03:53:52.435+0000] {processor.py:161} INFO - Started process (PID=420) to work on /home/airflow/.local/lib/python3.8/site-packages/airflow/example_dags/example_setup_teardown.py
[2026-03-23T03:53:52.437+0000] {processor.py:830} INFO - Processing file /home/airflow/.local/lib/python3.8/site-packages/airflow/example_dags/example_setup_teardown.py for tasks to queue
[2026-03-23T03:53:52.440+0000] {logging_mixin.py:188} INFO - [2026-03-23T03:53:52.440+0000] {dagbag.py:540} INFO - Filling up the DagBag from /home/airflow/.local/lib/python3.8/site-packages/airflow/example_dags/example_setup_teardown.py
[2026-03-23T03:53:52.448+0000] {processor.py:840} INFO - DAG(s) 'example_setup_teardown' retrieved from /home/airflow/.local/lib/python3.8/site-packages/airflow/example_dags/example_setup_teardown.py
[2026-03-23T03:53:52.481+0000] {logging_mixin.py:188} INFO - [2026-03-23T03:53:52.481+0000] {dag.py:3047} INFO - Sync 1 DAGs
[2026-03-23T03:53:52.516+0000] {logging_mixin.py:188} INFO - [2026-03-23T03:53:52.515+0000] {dag.py:3834} INFO - Setting next_dagrun for example_setup_teardown to 2026-03-22 00:00:00+00:00, run_after=2026-03-23 00:00:00+00:00
[2026-03-23T03:53:52.554+0000] {processor.py:183} INFO - Processing /home/airflow/.local/lib/python3.8/site-packages/airflow/example_dags/example_setup_teardown.py took 0.123 seconds
[2026-03-23T03:54:22.637+0000] {processor.py:161} INFO - Started process (PID=475) to work on /home/airflow/.local/lib/python3.8/site-packages/airflow/example_dags/example_setup_teardown.py
[2026-03-23T03:54:22.639+0000] {processor.py:830} INFO - Processing file /home/airflow/.local/lib/python3.8/site-packages/airflow/example_dags/example_setup_teardown.py for tasks to queue
[2026-03-23T03:54:22.641+0000] {logging_mixin.py:188} INFO - [2026-03-23T03:54:22.641+0000] {dagbag.py:540} INFO - Filling up the DagBag from /home/airflow/.local/lib/python3.8/site-packages/airflow/example_dags/example_setup_teardown.py
[2026-03-23T03:54:22.648+0000] {processor.py:840} INFO - DAG(s) 'example_setup_teardown' retrieved from /home/airflow/.local/lib/python3.8/site-packages/airflow/example_dags/example_setup_teardown.py
[2026-03-23T03:54:22.672+0000] {logging_mixin.py:188} INFO - [2026-03-23T03:54:22.671+0000] {dag.py:3047} INFO - Sync 1 DAGs
[2026-03-23T03:54:22.697+0000] {logging_mixin.py:188} INFO - [2026-03-23T03:54:22.697+0000] {dag.py:3834} INFO - Setting next_dagrun for example_setup_teardown to 2026-03-22 00:00:00+00:00, run_after=2026-03-23 00:00:00+00:00
[2026-03-23T03:54:22.722+0000] {processor.py:183} INFO - Processing /home/airflow/.local/lib/python3.8/site-packages/airflow/example_dags/example_setup_teardown.py took 0.089 seconds
[2026-03-23T03:54:53.074+0000] {processor.py:161} INFO - Started process (PID=530) to work on /home/airflow/.local/lib/python3.8/site-packages/airflow/example_dags/example_setup_teardown.py
[2026-03-23T03:54:53.076+0000] {processor.py:830} INFO - Processing file /home/airflow/.local/lib/python3.8/site-packages/airflow/example_dags/example_setup_teardown.py for tasks to queue
[2026-03-23T03:54:53.078+0000] {logging_mixin.py:188} INFO - [2026-03-23T03:54:53.078+0000] {dagbag.py:540} INFO - Filling up the DagBag from /home/airflow/.local/lib/python3.8/site-packages/airflow/example_dags/example_setup_teardown.py
[2026-03-23T03:54:53.086+0000] {processor.py:840} INFO - DAG(s) 'example_setup_teardown' retrieved from /home/airflow/.local/lib/python3.8/site-packages/airflow/example_dags/example_setup_teardown.py
[2026-03-23T03:54:53.113+0000] {logging_mixin.py:188} INFO - [2026-03-23T03:54:53.113+0000] {dag.py:3047} INFO - Sync 1 DAGs
[2026-03-23T03:54:53.145+0000] {logging_mixin.py:188} INFO - [2026-03-23T03:54:53.145+0000] {dag.py:3834} INFO - Setting next_dagrun for example_setup_teardown to 2026-03-22 00:00:00+00:00, run_after=2026-03-23 00:00:00+00:00
[2026-03-23T03:54:53.175+0000] {processor.py:183} INFO - Processing /home/airflow/.local/lib/python3.8/site-packages/airflow/example_dags/example_setup_teardown.py took 0.104 seconds
[2026-03-23T03:55:23.347+0000] {processor.py:161} INFO - Started process (PID=585) to work on /home/airflow/.local/lib/python3.8/site-packages/airflow/example_dags/example_setup_teardown.py
[2026-03-23T03:55:23.348+0000] {processor.py:830} INFO - Processing file /home/airflow/.local/lib/python3.8/site-packages/airflow/example_dags/example_setup_teardown.py for tasks to queue
[2026-03-23T03:55:23.350+0000] {logging_mixin.py:188} INFO - [2026-03-23T03:55:23.350+0000] {dagbag.py:540} INFO - Filling up the DagBag from /home/airflow/.local/lib/python3.8/site-packages/airflow/example_dags/example_setup_teardown.py
[2026-03-23T03:55:23.358+0000] {processor.py:840} INFO - DAG(s) 'example_setup_teardown' retrieved from /home/airflow/.local/lib/python3.8/site-packages/airflow/example_dags/example_setup_teardown.py
[2026-03-23T03:55:23.383+0000] {logging_mixin.py:188} INFO - [2026-03-23T03:55:23.383+0000] {dag.py:3047} INFO - Sync 1 DAGs
[2026-03-23T03:55:23.406+0000] {logging_mixin.py:188} INFO - [2026-03-23T03:55:23.406+0000] {dag.py:3834} INFO - Setting next_dagrun for example_setup_teardown to 2026-03-22 00:00:00+00:00, run_after=2026-03-23 00:00:00+00:00
[2026-03-23T03:55:23.428+0000] {processor.py:183} INFO - Processing /home/airflow/.local/lib/python3.8/site-packages/airflow/example_dags/example_setup_teardown.py took 0.084 seconds
[2026-03-23T03:55:53.540+0000] {processor.py:161} INFO - Started process (PID=640) to work on /home/airflow/.local/lib/python3.8/site-packages/airflow/example_dags/example_setup_teardown.py
[2026-03-23T03:55:53.542+0000] {processor.py:830} INFO - Processing file /home/airflow/.local/lib/python3.8/site-packages/airflow/example_dags/example_setup_teardown.py for tasks to queue
[2026-03-23T03:55:53.544+0000] {logging_mixin.py:188} INFO - [2026-03-23T03:55:53.544+0000] {dagbag.py:540} INFO - Filling up the DagBag from /home/airflow/.local/lib/python3.8/site-packages/airflow/example_dags/example_setup_teardown.py
[2026-03-23T03:55:53.551+0000] {processor.py:840} INFO - DAG(s) 'example_setup_teardown' retrieved from /home/airflow/.local/lib/python3.8/site-packages/airflow/example_dags/example_setup_teardown.py
[2026-03-23T03:55:53.575+0000] {logging_mixin.py:188} INFO - [2026-03-23T03:55:53.575+0000] {dag.py:3047} INFO - Sync 1 DAGs
[2026-03-23T03:55:53.598+0000] {logging_mixin.py:188} INFO - [2026-03-23T03:55:53.598+0000] {dag.py:3834} INFO - Setting next_dagrun for example_setup_teardown to 2026-03-22 00:00:00+00:00, run_after=2026-03-23 00:00:00+00:00
[2026-03-23T03:55:53.620+0000] {processor.py:183} INFO - Processing /home/airflow/.local/lib/python3.8/site-packages/airflow/example_dags/example_setup_teardown.py took 0.083 seconds
[2026-03-23T03:56:23.840+0000] {processor.py:161} INFO - Started process (PID=695) to work on /home/airflow/.local/lib/python3.8/site-packages/airflow/example_dags/example_setup_teardown.py
[2026-03-23T03:56:23.841+0000] {processor.py:830} INFO - Processing file /home/airflow/.local/lib/python3.8/site-packages/airflow/example_dags/example_setup_teardown.py for tasks to queue
[2026-03-23T03:56:23.843+0000] {logging_mixin.py:188} INFO - [2026-03-23T03:56:23.843+0000] {dagbag.py:540} INFO - Filling up the DagBag from /home/airflow/.local/lib/python3.8/site-packages/airflow/example_dags/example_setup_teardown.py
[2026-03-23T03:56:23.849+0000] {processor.py:840} INFO - DAG(s) 'example_setup_teardown' retrieved from /home/airflow/.local/lib/python3.8/site-packages/airflow/example_dags/example_setup_teardown.py
[2026-03-23T03:56:23.874+0000] {logging_mixin.py:188} INFO - [2026-03-23T03:56:23.874+0000] {dag.py:3047} INFO - Sync 1 DAGs
[2026-03-23T03:56:23.898+0000] {logging_mixin.py:188} INFO - [2026-03-23T03:56:23.898+0000] {dag.py:3834} INFO - Setting next_dagrun for example_setup_teardown to 2026-03-22 00:00:00+00:00, run_after=2026-03-23 00:00:00+00:00
[2026-03-23T03:56:23.923+0000] {processor.py:183} INFO - Processing /home/airflow/.local/lib/python3.8/site-packages/airflow/example_dags/example_setup_teardown.py took 0.087 seconds
