[2026-03-23T03:21:13.703+0000] {processor.py:161} INFO - Started process (PID=62) to work on /home/airflow/.local/lib/python3.8/site-packages/airflow/example_dags/example_params_ui_tutorial.py
[2026-03-23T03:21:13.705+0000] {processor.py:830} INFO - Processing file /home/airflow/.local/lib/python3.8/site-packages/airflow/example_dags/example_params_ui_tutorial.py for tasks to queue
[2026-03-23T03:21:13.708+0000] {logging_mixin.py:188} INFO - [2026-03-23T03:21:13.707+0000] {dagbag.py:540} INFO - Filling up the DagBag from /home/airflow/.local/lib/python3.8/site-packages/airflow/example_dags/example_params_ui_tutorial.py
[2026-03-23T03:21:13.733+0000] {processor.py:840} INFO - DAG(s) 'example_params_ui_tutorial' retrieved from /home/airflow/.local/lib/python3.8/site-packages/airflow/example_dags/example_params_ui_tutorial.py
[2026-03-23T03:21:13.749+0000] {logging_mixin.py:188} INFO - [2026-03-23T03:21:13.748+0000] {dag.py:3047} INFO - Sync 1 DAGs
[2026-03-23T03:21:13.765+0000] {logging_mixin.py:188} INFO - [2026-03-23T03:21:13.765+0000] {dag.py:3834} INFO - Setting next_dagrun for example_params_ui_tutorial to None, run_after=None
[2026-03-23T03:21:13.799+0000] {processor.py:183} INFO - Processing /home/airflow/.local/lib/python3.8/site-packages/airflow/example_dags/example_params_ui_tutorial.py took 0.100 seconds
[2026-03-23T03:21:44.154+0000] {processor.py:161} INFO - Started process (PID=117) to work on /home/airflow/.local/lib/python3.8/site-packages/airflow/example_dags/example_params_ui_tutorial.py
[2026-03-23T03:21:44.155+0000] {processor.py:830} INFO - Processing file /home/airflow/.local/lib/python3.8/site-packages/airflow/example_dags/example_params_ui_tutorial.py for tasks to queue
[2026-03-23T03:21:44.157+0000] {logging_mixin.py:188} INFO - [2026-03-23T03:21:44.156+0000] {dagbag.py:540} INFO - Filling up the DagBag from /home/airflow/.local/lib/python3.8/site-packages/airflow/example_dags/example_params_ui_tutorial.py
[2026-03-23T03:21:44.168+0000] {processor.py:840} INFO - DAG(s) 'example_params_ui_tutorial' retrieved from /home/airflow/.local/lib/python3.8/site-packages/airflow/example_dags/example_params_ui_tutorial.py
[2026-03-23T03:21:44.179+0000] {logging_mixin.py:188} INFO - [2026-03-23T03:21:44.179+0000] {dag.py:3047} INFO - Sync 1 DAGs
[2026-03-23T03:21:44.192+0000] {logging_mixin.py:188} INFO - [2026-03-23T03:21:44.192+0000] {dag.py:3834} INFO - Setting next_dagrun for example_params_ui_tutorial to None, run_after=None
[2026-03-23T03:21:44.215+0000] {processor.py:183} INFO - Processing /home/airflow/.local/lib/python3.8/site-packages/airflow/example_dags/example_params_ui_tutorial.py took 0.064 seconds
[2026-03-23T03:22:14.955+0000] {processor.py:161} INFO - Started process (PID=172) to work on /home/airflow/.local/lib/python3.8/site-packages/airflow/example_dags/example_params_ui_tutorial.py
[2026-03-23T03:22:14.956+0000] {processor.py:830} INFO - Processing file /home/airflow/.local/lib/python3.8/site-packages/airflow/example_dags/example_params_ui_tutorial.py for tasks to queue
[2026-03-23T03:22:14.958+0000] {logging_mixin.py:188} INFO - [2026-03-23T03:22:14.958+0000] {dagbag.py:540} INFO - Filling up the DagBag from /home/airflow/.local/lib/python3.8/site-packages/airflow/example_dags/example_params_ui_tutorial.py
[2026-03-23T03:22:14.970+0000] {processor.py:840} INFO - DAG(s) 'example_params_ui_tutorial' retrieved from /home/airflow/.local/lib/python3.8/site-packages/airflow/example_dags/example_params_ui_tutorial.py
[2026-03-23T03:22:15.136+0000] {logging_mixin.py:188} INFO - [2026-03-23T03:22:15.135+0000] {dag.py:3047} INFO - Sync 1 DAGs
[2026-03-23T03:22:15.154+0000] {logging_mixin.py:188} INFO - [2026-03-23T03:22:15.153+0000] {dag.py:3834} INFO - Setting next_dagrun for example_params_ui_tutorial to None, run_after=None
[2026-03-23T03:22:15.180+0000] {processor.py:183} INFO - Processing /home/airflow/.local/lib/python3.8/site-packages/airflow/example_dags/example_params_ui_tutorial.py took 0.229 seconds
[2026-03-23T03:22:45.665+0000] {processor.py:161} INFO - Started process (PID=227) to work on /home/airflow/.local/lib/python3.8/site-packages/airflow/example_dags/example_params_ui_tutorial.py
[2026-03-23T03:22:45.666+0000] {processor.py:830} INFO - Processing file /home/airflow/.local/lib/python3.8/site-packages/airflow/example_dags/example_params_ui_tutorial.py for tasks to queue
[2026-03-23T03:22:45.670+0000] {logging_mixin.py:188} INFO - [2026-03-23T03:22:45.669+0000] {dagbag.py:540} INFO - Filling up the DagBag from /home/airflow/.local/lib/python3.8/site-packages/airflow/example_dags/example_params_ui_tutorial.py
[2026-03-23T03:22:45.694+0000] {processor.py:840} INFO - DAG(s) 'example_params_ui_tutorial' retrieved from /home/airflow/.local/lib/python3.8/site-packages/airflow/example_dags/example_params_ui_tutorial.py
[2026-03-23T03:22:45.756+0000] {logging_mixin.py:188} INFO - [2026-03-23T03:22:45.756+0000] {dag.py:3047} INFO - Sync 1 DAGs
[2026-03-23T03:22:45.771+0000] {logging_mixin.py:188} INFO - [2026-03-23T03:22:45.771+0000] {dag.py:3834} INFO - Setting next_dagrun for example_params_ui_tutorial to None, run_after=None
[2026-03-23T03:22:45.798+0000] {processor.py:183} INFO - Processing /home/airflow/.local/lib/python3.8/site-packages/airflow/example_dags/example_params_ui_tutorial.py took 0.138 seconds
[2026-03-23T03:23:15.969+0000] {processor.py:161} INFO - Started process (PID=282) to work on /home/airflow/.local/lib/python3.8/site-packages/airflow/example_dags/example_params_ui_tutorial.py
[2026-03-23T03:23:15.970+0000] {processor.py:830} INFO - Processing file /home/airflow/.local/lib/python3.8/site-packages/airflow/example_dags/example_params_ui_tutorial.py for tasks to queue
[2026-03-23T03:23:15.972+0000] {logging_mixin.py:188} INFO - [2026-03-23T03:23:15.971+0000] {dagbag.py:540} INFO - Filling up the DagBag from /home/airflow/.local/lib/python3.8/site-packages/airflow/example_dags/example_params_ui_tutorial.py
[2026-03-23T03:23:15.982+0000] {processor.py:840} INFO - DAG(s) 'example_params_ui_tutorial' retrieved from /home/airflow/.local/lib/python3.8/site-packages/airflow/example_dags/example_params_ui_tutorial.py
[2026-03-23T03:23:16.040+0000] {logging_mixin.py:188} INFO - [2026-03-23T03:23:16.040+0000] {dag.py:3047} INFO - Sync 1 DAGs
[2026-03-23T03:23:16.052+0000] {logging_mixin.py:188} INFO - [2026-03-23T03:23:16.052+0000] {dag.py:3834} INFO - Setting next_dagrun for example_params_ui_tutorial to None, run_after=None
[2026-03-23T03:23:16.072+0000] {processor.py:183} INFO - Processing /home/airflow/.local/lib/python3.8/site-packages/airflow/example_dags/example_params_ui_tutorial.py took 0.106 seconds
[2026-03-23T03:25:07.901+0000] {processor.py:161} INFO - Started process (PID=62) to work on /home/airflow/.local/lib/python3.8/site-packages/airflow/example_dags/example_params_ui_tutorial.py
[2026-03-23T03:25:07.902+0000] {processor.py:830} INFO - Processing file /home/airflow/.local/lib/python3.8/site-packages/airflow/example_dags/example_params_ui_tutorial.py for tasks to queue
[2026-03-23T03:25:07.904+0000] {logging_mixin.py:188} INFO - [2026-03-23T03:25:07.904+0000] {dagbag.py:540} INFO - Filling up the DagBag from /home/airflow/.local/lib/python3.8/site-packages/airflow/example_dags/example_params_ui_tutorial.py
[2026-03-23T03:25:07.923+0000] {processor.py:840} INFO - DAG(s) 'example_params_ui_tutorial' retrieved from /home/airflow/.local/lib/python3.8/site-packages/airflow/example_dags/example_params_ui_tutorial.py
[2026-03-23T03:25:07.940+0000] {logging_mixin.py:188} INFO - [2026-03-23T03:25:07.939+0000] {dag.py:3047} INFO - Sync 1 DAGs
[2026-03-23T03:25:07.959+0000] {logging_mixin.py:188} INFO - [2026-03-23T03:25:07.958+0000] {dag.py:3834} INFO - Setting next_dagrun for example_params_ui_tutorial to None, run_after=None
[2026-03-23T03:25:07.991+0000] {processor.py:183} INFO - Processing /home/airflow/.local/lib/python3.8/site-packages/airflow/example_dags/example_params_ui_tutorial.py took 0.093 seconds
[2026-03-23T03:25:38.804+0000] {processor.py:161} INFO - Started process (PID=117) to work on /home/airflow/.local/lib/python3.8/site-packages/airflow/example_dags/example_params_ui_tutorial.py
[2026-03-23T03:25:38.805+0000] {processor.py:830} INFO - Processing file /home/airflow/.local/lib/python3.8/site-packages/airflow/example_dags/example_params_ui_tutorial.py for tasks to queue
[2026-03-23T03:25:38.807+0000] {logging_mixin.py:188} INFO - [2026-03-23T03:25:38.806+0000] {dagbag.py:540} INFO - Filling up the DagBag from /home/airflow/.local/lib/python3.8/site-packages/airflow/example_dags/example_params_ui_tutorial.py
[2026-03-23T03:25:38.818+0000] {processor.py:840} INFO - DAG(s) 'example_params_ui_tutorial' retrieved from /home/airflow/.local/lib/python3.8/site-packages/airflow/example_dags/example_params_ui_tutorial.py
[2026-03-23T03:25:38.967+0000] {logging_mixin.py:188} INFO - [2026-03-23T03:25:38.967+0000] {dag.py:3047} INFO - Sync 1 DAGs
[2026-03-23T03:25:38.977+0000] {logging_mixin.py:188} INFO - [2026-03-23T03:25:38.977+0000] {dag.py:3834} INFO - Setting next_dagrun for example_params_ui_tutorial to None, run_after=None
[2026-03-23T03:25:39.006+0000] {processor.py:183} INFO - Processing /home/airflow/.local/lib/python3.8/site-packages/airflow/example_dags/example_params_ui_tutorial.py took 0.204 seconds
[2026-03-23T03:26:09.228+0000] {processor.py:161} INFO - Started process (PID=172) to work on /home/airflow/.local/lib/python3.8/site-packages/airflow/example_dags/example_params_ui_tutorial.py
[2026-03-23T03:26:09.229+0000] {processor.py:830} INFO - Processing file /home/airflow/.local/lib/python3.8/site-packages/airflow/example_dags/example_params_ui_tutorial.py for tasks to queue
[2026-03-23T03:26:09.231+0000] {logging_mixin.py:188} INFO - [2026-03-23T03:26:09.231+0000] {dagbag.py:540} INFO - Filling up the DagBag from /home/airflow/.local/lib/python3.8/site-packages/airflow/example_dags/example_params_ui_tutorial.py
[2026-03-23T03:26:09.241+0000] {processor.py:840} INFO - DAG(s) 'example_params_ui_tutorial' retrieved from /home/airflow/.local/lib/python3.8/site-packages/airflow/example_dags/example_params_ui_tutorial.py
[2026-03-23T03:26:09.300+0000] {logging_mixin.py:188} INFO - [2026-03-23T03:26:09.300+0000] {dag.py:3047} INFO - Sync 1 DAGs
[2026-03-23T03:26:09.315+0000] {logging_mixin.py:188} INFO - [2026-03-23T03:26:09.315+0000] {dag.py:3834} INFO - Setting next_dagrun for example_params_ui_tutorial to None, run_after=None
[2026-03-23T03:26:09.342+0000] {processor.py:183} INFO - Processing /home/airflow/.local/lib/python3.8/site-packages/airflow/example_dags/example_params_ui_tutorial.py took 0.116 seconds
[2026-03-23T03:26:40.174+0000] {processor.py:161} INFO - Started process (PID=227) to work on /home/airflow/.local/lib/python3.8/site-packages/airflow/example_dags/example_params_ui_tutorial.py
[2026-03-23T03:26:40.175+0000] {processor.py:830} INFO - Processing file /home/airflow/.local/lib/python3.8/site-packages/airflow/example_dags/example_params_ui_tutorial.py for tasks to queue
[2026-03-23T03:26:40.178+0000] {logging_mixin.py:188} INFO - [2026-03-23T03:26:40.177+0000] {dagbag.py:540} INFO - Filling up the DagBag from /home/airflow/.local/lib/python3.8/site-packages/airflow/example_dags/example_params_ui_tutorial.py
[2026-03-23T03:26:40.190+0000] {processor.py:840} INFO - DAG(s) 'example_params_ui_tutorial' retrieved from /home/airflow/.local/lib/python3.8/site-packages/airflow/example_dags/example_params_ui_tutorial.py
[2026-03-23T03:26:40.255+0000] {logging_mixin.py:188} INFO - [2026-03-23T03:26:40.255+0000] {dag.py:3047} INFO - Sync 1 DAGs
[2026-03-23T03:26:40.268+0000] {logging_mixin.py:188} INFO - [2026-03-23T03:26:40.267+0000] {dag.py:3834} INFO - Setting next_dagrun for example_params_ui_tutorial to None, run_after=None
[2026-03-23T03:26:40.293+0000] {processor.py:183} INFO - Processing /home/airflow/.local/lib/python3.8/site-packages/airflow/example_dags/example_params_ui_tutorial.py took 0.123 seconds
[2026-03-23T03:27:10.580+0000] {processor.py:161} INFO - Started process (PID=282) to work on /home/airflow/.local/lib/python3.8/site-packages/airflow/example_dags/example_params_ui_tutorial.py
[2026-03-23T03:27:10.582+0000] {processor.py:830} INFO - Processing file /home/airflow/.local/lib/python3.8/site-packages/airflow/example_dags/example_params_ui_tutorial.py for tasks to queue
[2026-03-23T03:27:10.584+0000] {logging_mixin.py:188} INFO - [2026-03-23T03:27:10.584+0000] {dagbag.py:540} INFO - Filling up the DagBag from /home/airflow/.local/lib/python3.8/site-packages/airflow/example_dags/example_params_ui_tutorial.py
[2026-03-23T03:27:10.597+0000] {processor.py:840} INFO - DAG(s) 'example_params_ui_tutorial' retrieved from /home/airflow/.local/lib/python3.8/site-packages/airflow/example_dags/example_params_ui_tutorial.py
[2026-03-23T03:27:10.657+0000] {logging_mixin.py:188} INFO - [2026-03-23T03:27:10.657+0000] {dag.py:3047} INFO - Sync 1 DAGs
[2026-03-23T03:27:10.671+0000] {logging_mixin.py:188} INFO - [2026-03-23T03:27:10.670+0000] {dag.py:3834} INFO - Setting next_dagrun for example_params_ui_tutorial to None, run_after=None
[2026-03-23T03:27:10.695+0000] {processor.py:183} INFO - Processing /home/airflow/.local/lib/python3.8/site-packages/airflow/example_dags/example_params_ui_tutorial.py took 0.118 seconds
[2026-03-23T03:27:40.759+0000] {processor.py:161} INFO - Started process (PID=337) to work on /home/airflow/.local/lib/python3.8/site-packages/airflow/example_dags/example_params_ui_tutorial.py
[2026-03-23T03:27:40.760+0000] {processor.py:830} INFO - Processing file /home/airflow/.local/lib/python3.8/site-packages/airflow/example_dags/example_params_ui_tutorial.py for tasks to queue
[2026-03-23T03:27:40.762+0000] {logging_mixin.py:188} INFO - [2026-03-23T03:27:40.762+0000] {dagbag.py:540} INFO - Filling up the DagBag from /home/airflow/.local/lib/python3.8/site-packages/airflow/example_dags/example_params_ui_tutorial.py
[2026-03-23T03:27:40.774+0000] {processor.py:840} INFO - DAG(s) 'example_params_ui_tutorial' retrieved from /home/airflow/.local/lib/python3.8/site-packages/airflow/example_dags/example_params_ui_tutorial.py
[2026-03-23T03:27:40.833+0000] {logging_mixin.py:188} INFO - [2026-03-23T03:27:40.833+0000] {dag.py:3047} INFO - Sync 1 DAGs
[2026-03-23T03:27:40.845+0000] {logging_mixin.py:188} INFO - [2026-03-23T03:27:40.845+0000] {dag.py:3834} INFO - Setting next_dagrun for example_params_ui_tutorial to None, run_after=None
[2026-03-23T03:27:40.867+0000] {processor.py:183} INFO - Processing /home/airflow/.local/lib/python3.8/site-packages/airflow/example_dags/example_params_ui_tutorial.py took 0.111 seconds
[2026-03-23T03:28:11.024+0000] {processor.py:161} INFO - Started process (PID=392) to work on /home/airflow/.local/lib/python3.8/site-packages/airflow/example_dags/example_params_ui_tutorial.py
[2026-03-23T03:28:11.026+0000] {processor.py:830} INFO - Processing file /home/airflow/.local/lib/python3.8/site-packages/airflow/example_dags/example_params_ui_tutorial.py for tasks to queue
[2026-03-23T03:28:11.028+0000] {logging_mixin.py:188} INFO - [2026-03-23T03:28:11.028+0000] {dagbag.py:540} INFO - Filling up the DagBag from /home/airflow/.local/lib/python3.8/site-packages/airflow/example_dags/example_params_ui_tutorial.py
[2026-03-23T03:28:11.041+0000] {processor.py:840} INFO - DAG(s) 'example_params_ui_tutorial' retrieved from /home/airflow/.local/lib/python3.8/site-packages/airflow/example_dags/example_params_ui_tutorial.py
[2026-03-23T03:28:11.103+0000] {logging_mixin.py:188} INFO - [2026-03-23T03:28:11.102+0000] {dag.py:3047} INFO - Sync 1 DAGs
[2026-03-23T03:28:11.116+0000] {logging_mixin.py:188} INFO - [2026-03-23T03:28:11.116+0000] {dag.py:3834} INFO - Setting next_dagrun for example_params_ui_tutorial to None, run_after=None
[2026-03-23T03:28:11.141+0000] {processor.py:183} INFO - Processing /home/airflow/.local/lib/python3.8/site-packages/airflow/example_dags/example_params_ui_tutorial.py took 0.120 seconds
[2026-03-23T03:28:41.624+0000] {processor.py:161} INFO - Started process (PID=447) to work on /home/airflow/.local/lib/python3.8/site-packages/airflow/example_dags/example_params_ui_tutorial.py
[2026-03-23T03:28:41.625+0000] {processor.py:830} INFO - Processing file /home/airflow/.local/lib/python3.8/site-packages/airflow/example_dags/example_params_ui_tutorial.py for tasks to queue
[2026-03-23T03:28:41.627+0000] {logging_mixin.py:188} INFO - [2026-03-23T03:28:41.627+0000] {dagbag.py:540} INFO - Filling up the DagBag from /home/airflow/.local/lib/python3.8/site-packages/airflow/example_dags/example_params_ui_tutorial.py
[2026-03-23T03:28:41.638+0000] {processor.py:840} INFO - DAG(s) 'example_params_ui_tutorial' retrieved from /home/airflow/.local/lib/python3.8/site-packages/airflow/example_dags/example_params_ui_tutorial.py
[2026-03-23T03:28:41.695+0000] {logging_mixin.py:188} INFO - [2026-03-23T03:28:41.695+0000] {dag.py:3047} INFO - Sync 1 DAGs
[2026-03-23T03:28:41.707+0000] {logging_mixin.py:188} INFO - [2026-03-23T03:28:41.707+0000] {dag.py:3834} INFO - Setting next_dagrun for example_params_ui_tutorial to None, run_after=None
[2026-03-23T03:28:41.729+0000] {processor.py:183} INFO - Processing /home/airflow/.local/lib/python3.8/site-packages/airflow/example_dags/example_params_ui_tutorial.py took 0.109 seconds
[2026-03-23T03:29:11.787+0000] {processor.py:161} INFO - Started process (PID=502) to work on /home/airflow/.local/lib/python3.8/site-packages/airflow/example_dags/example_params_ui_tutorial.py
[2026-03-23T03:29:11.789+0000] {processor.py:830} INFO - Processing file /home/airflow/.local/lib/python3.8/site-packages/airflow/example_dags/example_params_ui_tutorial.py for tasks to queue
[2026-03-23T03:29:11.791+0000] {logging_mixin.py:188} INFO - [2026-03-23T03:29:11.791+0000] {dagbag.py:540} INFO - Filling up the DagBag from /home/airflow/.local/lib/python3.8/site-packages/airflow/example_dags/example_params_ui_tutorial.py
[2026-03-23T03:29:11.805+0000] {processor.py:840} INFO - DAG(s) 'example_params_ui_tutorial' retrieved from /home/airflow/.local/lib/python3.8/site-packages/airflow/example_dags/example_params_ui_tutorial.py
[2026-03-23T03:29:11.873+0000] {logging_mixin.py:188} INFO - [2026-03-23T03:29:11.873+0000] {dag.py:3047} INFO - Sync 1 DAGs
[2026-03-23T03:29:11.886+0000] {logging_mixin.py:188} INFO - [2026-03-23T03:29:11.886+0000] {dag.py:3834} INFO - Setting next_dagrun for example_params_ui_tutorial to None, run_after=None
[2026-03-23T03:29:11.910+0000] {processor.py:183} INFO - Processing /home/airflow/.local/lib/python3.8/site-packages/airflow/example_dags/example_params_ui_tutorial.py took 0.126 seconds
[2026-03-23T03:29:42.092+0000] {processor.py:161} INFO - Started process (PID=557) to work on /home/airflow/.local/lib/python3.8/site-packages/airflow/example_dags/example_params_ui_tutorial.py
[2026-03-23T03:29:42.093+0000] {processor.py:830} INFO - Processing file /home/airflow/.local/lib/python3.8/site-packages/airflow/example_dags/example_params_ui_tutorial.py for tasks to queue
[2026-03-23T03:29:42.095+0000] {logging_mixin.py:188} INFO - [2026-03-23T03:29:42.095+0000] {dagbag.py:540} INFO - Filling up the DagBag from /home/airflow/.local/lib/python3.8/site-packages/airflow/example_dags/example_params_ui_tutorial.py
[2026-03-23T03:29:42.107+0000] {processor.py:840} INFO - DAG(s) 'example_params_ui_tutorial' retrieved from /home/airflow/.local/lib/python3.8/site-packages/airflow/example_dags/example_params_ui_tutorial.py
[2026-03-23T03:29:42.174+0000] {logging_mixin.py:188} INFO - [2026-03-23T03:29:42.174+0000] {dag.py:3047} INFO - Sync 1 DAGs
[2026-03-23T03:29:42.191+0000] {logging_mixin.py:188} INFO - [2026-03-23T03:29:42.191+0000] {dag.py:3834} INFO - Setting next_dagrun for example_params_ui_tutorial to None, run_after=None
[2026-03-23T03:29:42.219+0000] {processor.py:183} INFO - Processing /home/airflow/.local/lib/python3.8/site-packages/airflow/example_dags/example_params_ui_tutorial.py took 0.131 seconds
[2026-03-23T03:30:12.344+0000] {processor.py:161} INFO - Started process (PID=618) to work on /home/airflow/.local/lib/python3.8/site-packages/airflow/example_dags/example_params_ui_tutorial.py
[2026-03-23T03:30:12.346+0000] {processor.py:830} INFO - Processing file /home/airflow/.local/lib/python3.8/site-packages/airflow/example_dags/example_params_ui_tutorial.py for tasks to queue
[2026-03-23T03:30:12.348+0000] {logging_mixin.py:188} INFO - [2026-03-23T03:30:12.348+0000] {dagbag.py:540} INFO - Filling up the DagBag from /home/airflow/.local/lib/python3.8/site-packages/airflow/example_dags/example_params_ui_tutorial.py
[2026-03-23T03:30:12.362+0000] {processor.py:840} INFO - DAG(s) 'example_params_ui_tutorial' retrieved from /home/airflow/.local/lib/python3.8/site-packages/airflow/example_dags/example_params_ui_tutorial.py
[2026-03-23T03:30:12.434+0000] {logging_mixin.py:188} INFO - [2026-03-23T03:30:12.433+0000] {dag.py:3047} INFO - Sync 1 DAGs
[2026-03-23T03:30:12.447+0000] {logging_mixin.py:188} INFO - [2026-03-23T03:30:12.446+0000] {dag.py:3834} INFO - Setting next_dagrun for example_params_ui_tutorial to None, run_after=None
[2026-03-23T03:30:12.470+0000] {processor.py:183} INFO - Processing /home/airflow/.local/lib/python3.8/site-packages/airflow/example_dags/example_params_ui_tutorial.py took 0.129 seconds
[2026-03-23T03:30:42.740+0000] {processor.py:161} INFO - Started process (PID=673) to work on /home/airflow/.local/lib/python3.8/site-packages/airflow/example_dags/example_params_ui_tutorial.py
[2026-03-23T03:30:42.742+0000] {processor.py:830} INFO - Processing file /home/airflow/.local/lib/python3.8/site-packages/airflow/example_dags/example_params_ui_tutorial.py for tasks to queue
[2026-03-23T03:30:42.744+0000] {logging_mixin.py:188} INFO - [2026-03-23T03:30:42.744+0000] {dagbag.py:540} INFO - Filling up the DagBag from /home/airflow/.local/lib/python3.8/site-packages/airflow/example_dags/example_params_ui_tutorial.py
[2026-03-23T03:30:42.757+0000] {processor.py:840} INFO - DAG(s) 'example_params_ui_tutorial' retrieved from /home/airflow/.local/lib/python3.8/site-packages/airflow/example_dags/example_params_ui_tutorial.py
[2026-03-23T03:30:42.821+0000] {logging_mixin.py:188} INFO - [2026-03-23T03:30:42.821+0000] {dag.py:3047} INFO - Sync 1 DAGs
[2026-03-23T03:30:42.833+0000] {logging_mixin.py:188} INFO - [2026-03-23T03:30:42.833+0000] {dag.py:3834} INFO - Setting next_dagrun for example_params_ui_tutorial to None, run_after=None
[2026-03-23T03:30:42.855+0000] {processor.py:183} INFO - Processing /home/airflow/.local/lib/python3.8/site-packages/airflow/example_dags/example_params_ui_tutorial.py took 0.119 seconds
[2026-03-23T03:31:12.972+0000] {processor.py:161} INFO - Started process (PID=728) to work on /home/airflow/.local/lib/python3.8/site-packages/airflow/example_dags/example_params_ui_tutorial.py
[2026-03-23T03:31:12.974+0000] {processor.py:830} INFO - Processing file /home/airflow/.local/lib/python3.8/site-packages/airflow/example_dags/example_params_ui_tutorial.py for tasks to queue
[2026-03-23T03:31:12.976+0000] {logging_mixin.py:188} INFO - [2026-03-23T03:31:12.976+0000] {dagbag.py:540} INFO - Filling up the DagBag from /home/airflow/.local/lib/python3.8/site-packages/airflow/example_dags/example_params_ui_tutorial.py
[2026-03-23T03:31:12.987+0000] {processor.py:840} INFO - DAG(s) 'example_params_ui_tutorial' retrieved from /home/airflow/.local/lib/python3.8/site-packages/airflow/example_dags/example_params_ui_tutorial.py
[2026-03-23T03:31:13.045+0000] {logging_mixin.py:188} INFO - [2026-03-23T03:31:13.045+0000] {dag.py:3047} INFO - Sync 1 DAGs
[2026-03-23T03:31:13.056+0000] {logging_mixin.py:188} INFO - [2026-03-23T03:31:13.056+0000] {dag.py:3834} INFO - Setting next_dagrun for example_params_ui_tutorial to None, run_after=None
[2026-03-23T03:31:13.077+0000] {processor.py:183} INFO - Processing /home/airflow/.local/lib/python3.8/site-packages/airflow/example_dags/example_params_ui_tutorial.py took 0.108 seconds
[2026-03-23T03:31:43.586+0000] {processor.py:161} INFO - Started process (PID=783) to work on /home/airflow/.local/lib/python3.8/site-packages/airflow/example_dags/example_params_ui_tutorial.py
[2026-03-23T03:31:43.587+0000] {processor.py:830} INFO - Processing file /home/airflow/.local/lib/python3.8/site-packages/airflow/example_dags/example_params_ui_tutorial.py for tasks to queue
[2026-03-23T03:31:43.589+0000] {logging_mixin.py:188} INFO - [2026-03-23T03:31:43.589+0000] {dagbag.py:540} INFO - Filling up the DagBag from /home/airflow/.local/lib/python3.8/site-packages/airflow/example_dags/example_params_ui_tutorial.py
[2026-03-23T03:31:43.599+0000] {processor.py:840} INFO - DAG(s) 'example_params_ui_tutorial' retrieved from /home/airflow/.local/lib/python3.8/site-packages/airflow/example_dags/example_params_ui_tutorial.py
[2026-03-23T03:31:43.656+0000] {logging_mixin.py:188} INFO - [2026-03-23T03:31:43.655+0000] {dag.py:3047} INFO - Sync 1 DAGs
[2026-03-23T03:31:43.667+0000] {logging_mixin.py:188} INFO - [2026-03-23T03:31:43.667+0000] {dag.py:3834} INFO - Setting next_dagrun for example_params_ui_tutorial to None, run_after=None
[2026-03-23T03:31:43.688+0000] {processor.py:183} INFO - Processing /home/airflow/.local/lib/python3.8/site-packages/airflow/example_dags/example_params_ui_tutorial.py took 0.105 seconds
[2026-03-23T03:32:14.188+0000] {processor.py:161} INFO - Started process (PID=838) to work on /home/airflow/.local/lib/python3.8/site-packages/airflow/example_dags/example_params_ui_tutorial.py
[2026-03-23T03:32:14.189+0000] {processor.py:830} INFO - Processing file /home/airflow/.local/lib/python3.8/site-packages/airflow/example_dags/example_params_ui_tutorial.py for tasks to queue
[2026-03-23T03:32:14.192+0000] {logging_mixin.py:188} INFO - [2026-03-23T03:32:14.191+0000] {dagbag.py:540} INFO - Filling up the DagBag from /home/airflow/.local/lib/python3.8/site-packages/airflow/example_dags/example_params_ui_tutorial.py
[2026-03-23T03:32:14.204+0000] {processor.py:840} INFO - DAG(s) 'example_params_ui_tutorial' retrieved from /home/airflow/.local/lib/python3.8/site-packages/airflow/example_dags/example_params_ui_tutorial.py
[2026-03-23T03:32:14.271+0000] {logging_mixin.py:188} INFO - [2026-03-23T03:32:14.270+0000] {dag.py:3047} INFO - Sync 1 DAGs
[2026-03-23T03:32:14.284+0000] {logging_mixin.py:188} INFO - [2026-03-23T03:32:14.284+0000] {dag.py:3834} INFO - Setting next_dagrun for example_params_ui_tutorial to None, run_after=None
[2026-03-23T03:32:14.314+0000] {processor.py:183} INFO - Processing /home/airflow/.local/lib/python3.8/site-packages/airflow/example_dags/example_params_ui_tutorial.py took 0.129 seconds
[2026-03-23T03:32:44.428+0000] {processor.py:161} INFO - Started process (PID=893) to work on /home/airflow/.local/lib/python3.8/site-packages/airflow/example_dags/example_params_ui_tutorial.py
[2026-03-23T03:32:44.429+0000] {processor.py:830} INFO - Processing file /home/airflow/.local/lib/python3.8/site-packages/airflow/example_dags/example_params_ui_tutorial.py for tasks to queue
[2026-03-23T03:32:44.431+0000] {logging_mixin.py:188} INFO - [2026-03-23T03:32:44.431+0000] {dagbag.py:540} INFO - Filling up the DagBag from /home/airflow/.local/lib/python3.8/site-packages/airflow/example_dags/example_params_ui_tutorial.py
[2026-03-23T03:32:44.441+0000] {processor.py:840} INFO - DAG(s) 'example_params_ui_tutorial' retrieved from /home/airflow/.local/lib/python3.8/site-packages/airflow/example_dags/example_params_ui_tutorial.py
[2026-03-23T03:32:44.496+0000] {logging_mixin.py:188} INFO - [2026-03-23T03:32:44.496+0000] {dag.py:3047} INFO - Sync 1 DAGs
[2026-03-23T03:32:44.508+0000] {logging_mixin.py:188} INFO - [2026-03-23T03:32:44.508+0000] {dag.py:3834} INFO - Setting next_dagrun for example_params_ui_tutorial to None, run_after=None
[2026-03-23T03:32:44.530+0000] {processor.py:183} INFO - Processing /home/airflow/.local/lib/python3.8/site-packages/airflow/example_dags/example_params_ui_tutorial.py took 0.104 seconds
[2026-03-23T03:33:14.569+0000] {processor.py:161} INFO - Started process (PID=949) to work on /home/airflow/.local/lib/python3.8/site-packages/airflow/example_dags/example_params_ui_tutorial.py
[2026-03-23T03:33:14.571+0000] {processor.py:830} INFO - Processing file /home/airflow/.local/lib/python3.8/site-packages/airflow/example_dags/example_params_ui_tutorial.py for tasks to queue
[2026-03-23T03:33:14.572+0000] {logging_mixin.py:188} INFO - [2026-03-23T03:33:14.572+0000] {dagbag.py:540} INFO - Filling up the DagBag from /home/airflow/.local/lib/python3.8/site-packages/airflow/example_dags/example_params_ui_tutorial.py
[2026-03-23T03:33:14.583+0000] {processor.py:840} INFO - DAG(s) 'example_params_ui_tutorial' retrieved from /home/airflow/.local/lib/python3.8/site-packages/airflow/example_dags/example_params_ui_tutorial.py
[2026-03-23T03:33:14.647+0000] {logging_mixin.py:188} INFO - [2026-03-23T03:33:14.647+0000] {dag.py:3047} INFO - Sync 1 DAGs
[2026-03-23T03:33:14.660+0000] {logging_mixin.py:188} INFO - [2026-03-23T03:33:14.660+0000] {dag.py:3834} INFO - Setting next_dagrun for example_params_ui_tutorial to None, run_after=None
[2026-03-23T03:33:14.687+0000] {processor.py:183} INFO - Processing /home/airflow/.local/lib/python3.8/site-packages/airflow/example_dags/example_params_ui_tutorial.py took 0.120 seconds
[2026-03-23T03:33:44.795+0000] {processor.py:161} INFO - Started process (PID=1004) to work on /home/airflow/.local/lib/python3.8/site-packages/airflow/example_dags/example_params_ui_tutorial.py
[2026-03-23T03:33:44.796+0000] {processor.py:830} INFO - Processing file /home/airflow/.local/lib/python3.8/site-packages/airflow/example_dags/example_params_ui_tutorial.py for tasks to queue
[2026-03-23T03:33:44.798+0000] {logging_mixin.py:188} INFO - [2026-03-23T03:33:44.797+0000] {dagbag.py:540} INFO - Filling up the DagBag from /home/airflow/.local/lib/python3.8/site-packages/airflow/example_dags/example_params_ui_tutorial.py
[2026-03-23T03:33:44.808+0000] {processor.py:840} INFO - DAG(s) 'example_params_ui_tutorial' retrieved from /home/airflow/.local/lib/python3.8/site-packages/airflow/example_dags/example_params_ui_tutorial.py
[2026-03-23T03:33:44.863+0000] {logging_mixin.py:188} INFO - [2026-03-23T03:33:44.863+0000] {dag.py:3047} INFO - Sync 1 DAGs
[2026-03-23T03:33:44.875+0000] {logging_mixin.py:188} INFO - [2026-03-23T03:33:44.875+0000] {dag.py:3834} INFO - Setting next_dagrun for example_params_ui_tutorial to None, run_after=None
[2026-03-23T03:33:44.898+0000] {processor.py:183} INFO - Processing /home/airflow/.local/lib/python3.8/site-packages/airflow/example_dags/example_params_ui_tutorial.py took 0.107 seconds
[2026-03-23T03:34:14.936+0000] {processor.py:161} INFO - Started process (PID=1058) to work on /home/airflow/.local/lib/python3.8/site-packages/airflow/example_dags/example_params_ui_tutorial.py
[2026-03-23T03:34:14.938+0000] {processor.py:830} INFO - Processing file /home/airflow/.local/lib/python3.8/site-packages/airflow/example_dags/example_params_ui_tutorial.py for tasks to queue
[2026-03-23T03:34:14.941+0000] {logging_mixin.py:188} INFO - [2026-03-23T03:34:14.940+0000] {dagbag.py:540} INFO - Filling up the DagBag from /home/airflow/.local/lib/python3.8/site-packages/airflow/example_dags/example_params_ui_tutorial.py
[2026-03-23T03:34:14.952+0000] {processor.py:840} INFO - DAG(s) 'example_params_ui_tutorial' retrieved from /home/airflow/.local/lib/python3.8/site-packages/airflow/example_dags/example_params_ui_tutorial.py
[2026-03-23T03:34:15.011+0000] {logging_mixin.py:188} INFO - [2026-03-23T03:34:15.011+0000] {dag.py:3047} INFO - Sync 1 DAGs
[2026-03-23T03:34:15.024+0000] {logging_mixin.py:188} INFO - [2026-03-23T03:34:15.023+0000] {dag.py:3834} INFO - Setting next_dagrun for example_params_ui_tutorial to None, run_after=None
[2026-03-23T03:34:15.049+0000] {processor.py:183} INFO - Processing /home/airflow/.local/lib/python3.8/site-packages/airflow/example_dags/example_params_ui_tutorial.py took 0.116 seconds
[2026-03-23T03:34:45.131+0000] {processor.py:161} INFO - Started process (PID=1113) to work on /home/airflow/.local/lib/python3.8/site-packages/airflow/example_dags/example_params_ui_tutorial.py
[2026-03-23T03:34:45.133+0000] {processor.py:830} INFO - Processing file /home/airflow/.local/lib/python3.8/site-packages/airflow/example_dags/example_params_ui_tutorial.py for tasks to queue
[2026-03-23T03:34:45.135+0000] {logging_mixin.py:188} INFO - [2026-03-23T03:34:45.134+0000] {dagbag.py:540} INFO - Filling up the DagBag from /home/airflow/.local/lib/python3.8/site-packages/airflow/example_dags/example_params_ui_tutorial.py
[2026-03-23T03:34:45.149+0000] {processor.py:840} INFO - DAG(s) 'example_params_ui_tutorial' retrieved from /home/airflow/.local/lib/python3.8/site-packages/airflow/example_dags/example_params_ui_tutorial.py
[2026-03-23T03:34:45.216+0000] {logging_mixin.py:188} INFO - [2026-03-23T03:34:45.215+0000] {dag.py:3047} INFO - Sync 1 DAGs
[2026-03-23T03:34:45.232+0000] {logging_mixin.py:188} INFO - [2026-03-23T03:34:45.231+0000] {dag.py:3834} INFO - Setting next_dagrun for example_params_ui_tutorial to None, run_after=None
[2026-03-23T03:34:45.263+0000] {processor.py:183} INFO - Processing /home/airflow/.local/lib/python3.8/site-packages/airflow/example_dags/example_params_ui_tutorial.py took 0.136 seconds
[2026-03-23T03:37:18.516+0000] {processor.py:161} INFO - Started process (PID=62) to work on /home/airflow/.local/lib/python3.8/site-packages/airflow/example_dags/example_params_ui_tutorial.py
[2026-03-23T03:37:18.517+0000] {processor.py:830} INFO - Processing file /home/airflow/.local/lib/python3.8/site-packages/airflow/example_dags/example_params_ui_tutorial.py for tasks to queue
[2026-03-23T03:37:18.519+0000] {logging_mixin.py:188} INFO - [2026-03-23T03:37:18.519+0000] {dagbag.py:540} INFO - Filling up the DagBag from /home/airflow/.local/lib/python3.8/site-packages/airflow/example_dags/example_params_ui_tutorial.py
[2026-03-23T03:37:18.536+0000] {processor.py:840} INFO - DAG(s) 'example_params_ui_tutorial' retrieved from /home/airflow/.local/lib/python3.8/site-packages/airflow/example_dags/example_params_ui_tutorial.py
[2026-03-23T03:37:18.549+0000] {logging_mixin.py:188} INFO - [2026-03-23T03:37:18.549+0000] {dag.py:3047} INFO - Sync 1 DAGs
[2026-03-23T03:37:18.562+0000] {logging_mixin.py:188} INFO - [2026-03-23T03:37:18.562+0000] {dag.py:3834} INFO - Setting next_dagrun for example_params_ui_tutorial to None, run_after=None
[2026-03-23T03:37:18.588+0000] {processor.py:183} INFO - Processing /home/airflow/.local/lib/python3.8/site-packages/airflow/example_dags/example_params_ui_tutorial.py took 0.075 seconds
[2026-03-23T03:37:49.383+0000] {processor.py:161} INFO - Started process (PID=117) to work on /home/airflow/.local/lib/python3.8/site-packages/airflow/example_dags/example_params_ui_tutorial.py
[2026-03-23T03:37:49.384+0000] {processor.py:830} INFO - Processing file /home/airflow/.local/lib/python3.8/site-packages/airflow/example_dags/example_params_ui_tutorial.py for tasks to queue
[2026-03-23T03:37:49.387+0000] {logging_mixin.py:188} INFO - [2026-03-23T03:37:49.386+0000] {dagbag.py:540} INFO - Filling up the DagBag from /home/airflow/.local/lib/python3.8/site-packages/airflow/example_dags/example_params_ui_tutorial.py
[2026-03-23T03:37:49.397+0000] {processor.py:840} INFO - DAG(s) 'example_params_ui_tutorial' retrieved from /home/airflow/.local/lib/python3.8/site-packages/airflow/example_dags/example_params_ui_tutorial.py
[2026-03-23T03:37:49.526+0000] {logging_mixin.py:188} INFO - [2026-03-23T03:37:49.526+0000] {dag.py:3047} INFO - Sync 1 DAGs
[2026-03-23T03:37:49.535+0000] {logging_mixin.py:188} INFO - [2026-03-23T03:37:49.535+0000] {dag.py:3834} INFO - Setting next_dagrun for example_params_ui_tutorial to None, run_after=None
[2026-03-23T03:37:49.557+0000] {processor.py:183} INFO - Processing /home/airflow/.local/lib/python3.8/site-packages/airflow/example_dags/example_params_ui_tutorial.py took 0.177 seconds
[2026-03-23T03:38:19.798+0000] {processor.py:161} INFO - Started process (PID=172) to work on /home/airflow/.local/lib/python3.8/site-packages/airflow/example_dags/example_params_ui_tutorial.py
[2026-03-23T03:38:19.799+0000] {processor.py:830} INFO - Processing file /home/airflow/.local/lib/python3.8/site-packages/airflow/example_dags/example_params_ui_tutorial.py for tasks to queue
[2026-03-23T03:38:19.802+0000] {logging_mixin.py:188} INFO - [2026-03-23T03:38:19.801+0000] {dagbag.py:540} INFO - Filling up the DagBag from /home/airflow/.local/lib/python3.8/site-packages/airflow/example_dags/example_params_ui_tutorial.py
[2026-03-23T03:38:19.815+0000] {processor.py:840} INFO - DAG(s) 'example_params_ui_tutorial' retrieved from /home/airflow/.local/lib/python3.8/site-packages/airflow/example_dags/example_params_ui_tutorial.py
[2026-03-23T03:38:19.877+0000] {logging_mixin.py:188} INFO - [2026-03-23T03:38:19.876+0000] {dag.py:3047} INFO - Sync 1 DAGs
[2026-03-23T03:38:19.892+0000] {logging_mixin.py:188} INFO - [2026-03-23T03:38:19.891+0000] {dag.py:3834} INFO - Setting next_dagrun for example_params_ui_tutorial to None, run_after=None
[2026-03-23T03:38:19.923+0000] {processor.py:183} INFO - Processing /home/airflow/.local/lib/python3.8/site-packages/airflow/example_dags/example_params_ui_tutorial.py took 0.129 seconds
[2026-03-23T03:38:50.553+0000] {processor.py:161} INFO - Started process (PID=227) to work on /home/airflow/.local/lib/python3.8/site-packages/airflow/example_dags/example_params_ui_tutorial.py
[2026-03-23T03:38:50.555+0000] {processor.py:830} INFO - Processing file /home/airflow/.local/lib/python3.8/site-packages/airflow/example_dags/example_params_ui_tutorial.py for tasks to queue
[2026-03-23T03:38:50.557+0000] {logging_mixin.py:188} INFO - [2026-03-23T03:38:50.556+0000] {dagbag.py:540} INFO - Filling up the DagBag from /home/airflow/.local/lib/python3.8/site-packages/airflow/example_dags/example_params_ui_tutorial.py
[2026-03-23T03:38:50.569+0000] {processor.py:840} INFO - DAG(s) 'example_params_ui_tutorial' retrieved from /home/airflow/.local/lib/python3.8/site-packages/airflow/example_dags/example_params_ui_tutorial.py
[2026-03-23T03:38:50.630+0000] {logging_mixin.py:188} INFO - [2026-03-23T03:38:50.629+0000] {dag.py:3047} INFO - Sync 1 DAGs
[2026-03-23T03:38:50.644+0000] {logging_mixin.py:188} INFO - [2026-03-23T03:38:50.644+0000] {dag.py:3834} INFO - Setting next_dagrun for example_params_ui_tutorial to None, run_after=None
[2026-03-23T03:38:50.668+0000] {processor.py:183} INFO - Processing /home/airflow/.local/lib/python3.8/site-packages/airflow/example_dags/example_params_ui_tutorial.py took 0.118 seconds
[2026-03-23T03:39:20.822+0000] {processor.py:161} INFO - Started process (PID=282) to work on /home/airflow/.local/lib/python3.8/site-packages/airflow/example_dags/example_params_ui_tutorial.py
[2026-03-23T03:39:20.823+0000] {processor.py:830} INFO - Processing file /home/airflow/.local/lib/python3.8/site-packages/airflow/example_dags/example_params_ui_tutorial.py for tasks to queue
[2026-03-23T03:39:20.826+0000] {logging_mixin.py:188} INFO - [2026-03-23T03:39:20.826+0000] {dagbag.py:540} INFO - Filling up the DagBag from /home/airflow/.local/lib/python3.8/site-packages/airflow/example_dags/example_params_ui_tutorial.py
[2026-03-23T03:39:20.839+0000] {processor.py:840} INFO - DAG(s) 'example_params_ui_tutorial' retrieved from /home/airflow/.local/lib/python3.8/site-packages/airflow/example_dags/example_params_ui_tutorial.py
[2026-03-23T03:39:20.905+0000] {logging_mixin.py:188} INFO - [2026-03-23T03:39:20.904+0000] {dag.py:3047} INFO - Sync 1 DAGs
[2026-03-23T03:39:20.919+0000] {logging_mixin.py:188} INFO - [2026-03-23T03:39:20.918+0000] {dag.py:3834} INFO - Setting next_dagrun for example_params_ui_tutorial to None, run_after=None
[2026-03-23T03:39:20.948+0000] {processor.py:183} INFO - Processing /home/airflow/.local/lib/python3.8/site-packages/airflow/example_dags/example_params_ui_tutorial.py took 0.131 seconds
[2026-03-23T03:39:50.993+0000] {processor.py:161} INFO - Started process (PID=337) to work on /home/airflow/.local/lib/python3.8/site-packages/airflow/example_dags/example_params_ui_tutorial.py
[2026-03-23T03:39:50.995+0000] {processor.py:830} INFO - Processing file /home/airflow/.local/lib/python3.8/site-packages/airflow/example_dags/example_params_ui_tutorial.py for tasks to queue
[2026-03-23T03:39:50.996+0000] {logging_mixin.py:188} INFO - [2026-03-23T03:39:50.996+0000] {dagbag.py:540} INFO - Filling up the DagBag from /home/airflow/.local/lib/python3.8/site-packages/airflow/example_dags/example_params_ui_tutorial.py
[2026-03-23T03:39:51.007+0000] {processor.py:840} INFO - DAG(s) 'example_params_ui_tutorial' retrieved from /home/airflow/.local/lib/python3.8/site-packages/airflow/example_dags/example_params_ui_tutorial.py
[2026-03-23T03:39:51.068+0000] {logging_mixin.py:188} INFO - [2026-03-23T03:39:51.067+0000] {dag.py:3047} INFO - Sync 1 DAGs
[2026-03-23T03:39:51.081+0000] {logging_mixin.py:188} INFO - [2026-03-23T03:39:51.080+0000] {dag.py:3834} INFO - Setting next_dagrun for example_params_ui_tutorial to None, run_after=None
[2026-03-23T03:39:51.105+0000] {processor.py:183} INFO - Processing /home/airflow/.local/lib/python3.8/site-packages/airflow/example_dags/example_params_ui_tutorial.py took 0.114 seconds
[2026-03-23T03:40:21.435+0000] {processor.py:161} INFO - Started process (PID=392) to work on /home/airflow/.local/lib/python3.8/site-packages/airflow/example_dags/example_params_ui_tutorial.py
[2026-03-23T03:40:21.436+0000] {processor.py:830} INFO - Processing file /home/airflow/.local/lib/python3.8/site-packages/airflow/example_dags/example_params_ui_tutorial.py for tasks to queue
[2026-03-23T03:40:21.438+0000] {logging_mixin.py:188} INFO - [2026-03-23T03:40:21.438+0000] {dagbag.py:540} INFO - Filling up the DagBag from /home/airflow/.local/lib/python3.8/site-packages/airflow/example_dags/example_params_ui_tutorial.py
[2026-03-23T03:40:21.450+0000] {processor.py:840} INFO - DAG(s) 'example_params_ui_tutorial' retrieved from /home/airflow/.local/lib/python3.8/site-packages/airflow/example_dags/example_params_ui_tutorial.py
[2026-03-23T03:40:21.513+0000] {logging_mixin.py:188} INFO - [2026-03-23T03:40:21.513+0000] {dag.py:3047} INFO - Sync 1 DAGs
[2026-03-23T03:40:21.529+0000] {logging_mixin.py:188} INFO - [2026-03-23T03:40:21.528+0000] {dag.py:3834} INFO - Setting next_dagrun for example_params_ui_tutorial to None, run_after=None
[2026-03-23T03:40:21.552+0000] {processor.py:183} INFO - Processing /home/airflow/.local/lib/python3.8/site-packages/airflow/example_dags/example_params_ui_tutorial.py took 0.120 seconds
[2026-03-23T03:40:51.836+0000] {processor.py:161} INFO - Started process (PID=447) to work on /home/airflow/.local/lib/python3.8/site-packages/airflow/example_dags/example_params_ui_tutorial.py
[2026-03-23T03:40:51.837+0000] {processor.py:830} INFO - Processing file /home/airflow/.local/lib/python3.8/site-packages/airflow/example_dags/example_params_ui_tutorial.py for tasks to queue
[2026-03-23T03:40:51.839+0000] {logging_mixin.py:188} INFO - [2026-03-23T03:40:51.839+0000] {dagbag.py:540} INFO - Filling up the DagBag from /home/airflow/.local/lib/python3.8/site-packages/airflow/example_dags/example_params_ui_tutorial.py
[2026-03-23T03:40:51.851+0000] {processor.py:840} INFO - DAG(s) 'example_params_ui_tutorial' retrieved from /home/airflow/.local/lib/python3.8/site-packages/airflow/example_dags/example_params_ui_tutorial.py
[2026-03-23T03:40:51.917+0000] {logging_mixin.py:188} INFO - [2026-03-23T03:40:51.917+0000] {dag.py:3047} INFO - Sync 1 DAGs
[2026-03-23T03:40:51.931+0000] {logging_mixin.py:188} INFO - [2026-03-23T03:40:51.930+0000] {dag.py:3834} INFO - Setting next_dagrun for example_params_ui_tutorial to None, run_after=None
[2026-03-23T03:40:51.956+0000] {processor.py:183} INFO - Processing /home/airflow/.local/lib/python3.8/site-packages/airflow/example_dags/example_params_ui_tutorial.py took 0.124 seconds
[2026-03-23T03:41:22.191+0000] {processor.py:161} INFO - Started process (PID=502) to work on /home/airflow/.local/lib/python3.8/site-packages/airflow/example_dags/example_params_ui_tutorial.py
[2026-03-23T03:41:22.192+0000] {processor.py:830} INFO - Processing file /home/airflow/.local/lib/python3.8/site-packages/airflow/example_dags/example_params_ui_tutorial.py for tasks to queue
[2026-03-23T03:41:22.194+0000] {logging_mixin.py:188} INFO - [2026-03-23T03:41:22.194+0000] {dagbag.py:540} INFO - Filling up the DagBag from /home/airflow/.local/lib/python3.8/site-packages/airflow/example_dags/example_params_ui_tutorial.py
[2026-03-23T03:41:22.206+0000] {processor.py:840} INFO - DAG(s) 'example_params_ui_tutorial' retrieved from /home/airflow/.local/lib/python3.8/site-packages/airflow/example_dags/example_params_ui_tutorial.py
[2026-03-23T03:41:22.268+0000] {logging_mixin.py:188} INFO - [2026-03-23T03:41:22.268+0000] {dag.py:3047} INFO - Sync 1 DAGs
[2026-03-23T03:41:22.281+0000] {logging_mixin.py:188} INFO - [2026-03-23T03:41:22.280+0000] {dag.py:3834} INFO - Setting next_dagrun for example_params_ui_tutorial to None, run_after=None
[2026-03-23T03:41:22.306+0000] {processor.py:183} INFO - Processing /home/airflow/.local/lib/python3.8/site-packages/airflow/example_dags/example_params_ui_tutorial.py took 0.119 seconds
[2026-03-23T03:41:52.369+0000] {processor.py:161} INFO - Started process (PID=557) to work on /home/airflow/.local/lib/python3.8/site-packages/airflow/example_dags/example_params_ui_tutorial.py
[2026-03-23T03:41:52.371+0000] {processor.py:830} INFO - Processing file /home/airflow/.local/lib/python3.8/site-packages/airflow/example_dags/example_params_ui_tutorial.py for tasks to queue
[2026-03-23T03:41:52.373+0000] {logging_mixin.py:188} INFO - [2026-03-23T03:41:52.373+0000] {dagbag.py:540} INFO - Filling up the DagBag from /home/airflow/.local/lib/python3.8/site-packages/airflow/example_dags/example_params_ui_tutorial.py
[2026-03-23T03:41:52.389+0000] {processor.py:840} INFO - DAG(s) 'example_params_ui_tutorial' retrieved from /home/airflow/.local/lib/python3.8/site-packages/airflow/example_dags/example_params_ui_tutorial.py
[2026-03-23T03:41:52.460+0000] {logging_mixin.py:188} INFO - [2026-03-23T03:41:52.459+0000] {dag.py:3047} INFO - Sync 1 DAGs
[2026-03-23T03:41:52.473+0000] {logging_mixin.py:188} INFO - [2026-03-23T03:41:52.473+0000] {dag.py:3834} INFO - Setting next_dagrun for example_params_ui_tutorial to None, run_after=None
[2026-03-23T03:41:52.499+0000] {processor.py:183} INFO - Processing /home/airflow/.local/lib/python3.8/site-packages/airflow/example_dags/example_params_ui_tutorial.py took 0.133 seconds
[2026-03-23T03:42:22.653+0000] {processor.py:161} INFO - Started process (PID=618) to work on /home/airflow/.local/lib/python3.8/site-packages/airflow/example_dags/example_params_ui_tutorial.py
[2026-03-23T03:42:22.654+0000] {processor.py:830} INFO - Processing file /home/airflow/.local/lib/python3.8/site-packages/airflow/example_dags/example_params_ui_tutorial.py for tasks to queue
[2026-03-23T03:42:22.656+0000] {logging_mixin.py:188} INFO - [2026-03-23T03:42:22.656+0000] {dagbag.py:540} INFO - Filling up the DagBag from /home/airflow/.local/lib/python3.8/site-packages/airflow/example_dags/example_params_ui_tutorial.py
[2026-03-23T03:42:22.669+0000] {processor.py:840} INFO - DAG(s) 'example_params_ui_tutorial' retrieved from /home/airflow/.local/lib/python3.8/site-packages/airflow/example_dags/example_params_ui_tutorial.py
[2026-03-23T03:42:22.731+0000] {logging_mixin.py:188} INFO - [2026-03-23T03:42:22.730+0000] {dag.py:3047} INFO - Sync 1 DAGs
[2026-03-23T03:42:22.744+0000] {logging_mixin.py:188} INFO - [2026-03-23T03:42:22.744+0000] {dag.py:3834} INFO - Setting next_dagrun for example_params_ui_tutorial to None, run_after=None
[2026-03-23T03:42:22.771+0000] {processor.py:183} INFO - Processing /home/airflow/.local/lib/python3.8/site-packages/airflow/example_dags/example_params_ui_tutorial.py took 0.122 seconds
[2026-03-23T03:42:53.170+0000] {processor.py:161} INFO - Started process (PID=673) to work on /home/airflow/.local/lib/python3.8/site-packages/airflow/example_dags/example_params_ui_tutorial.py
[2026-03-23T03:42:53.171+0000] {processor.py:830} INFO - Processing file /home/airflow/.local/lib/python3.8/site-packages/airflow/example_dags/example_params_ui_tutorial.py for tasks to queue
[2026-03-23T03:42:53.173+0000] {logging_mixin.py:188} INFO - [2026-03-23T03:42:53.173+0000] {dagbag.py:540} INFO - Filling up the DagBag from /home/airflow/.local/lib/python3.8/site-packages/airflow/example_dags/example_params_ui_tutorial.py
[2026-03-23T03:42:53.185+0000] {processor.py:840} INFO - DAG(s) 'example_params_ui_tutorial' retrieved from /home/airflow/.local/lib/python3.8/site-packages/airflow/example_dags/example_params_ui_tutorial.py
[2026-03-23T03:42:53.246+0000] {logging_mixin.py:188} INFO - [2026-03-23T03:42:53.246+0000] {dag.py:3047} INFO - Sync 1 DAGs
[2026-03-23T03:42:53.258+0000] {logging_mixin.py:188} INFO - [2026-03-23T03:42:53.258+0000] {dag.py:3834} INFO - Setting next_dagrun for example_params_ui_tutorial to None, run_after=None
[2026-03-23T03:42:53.283+0000] {processor.py:183} INFO - Processing /home/airflow/.local/lib/python3.8/site-packages/airflow/example_dags/example_params_ui_tutorial.py took 0.117 seconds
[2026-03-23T03:43:23.701+0000] {processor.py:161} INFO - Started process (PID=728) to work on /home/airflow/.local/lib/python3.8/site-packages/airflow/example_dags/example_params_ui_tutorial.py
[2026-03-23T03:43:23.702+0000] {processor.py:830} INFO - Processing file /home/airflow/.local/lib/python3.8/site-packages/airflow/example_dags/example_params_ui_tutorial.py for tasks to queue
[2026-03-23T03:43:23.704+0000] {logging_mixin.py:188} INFO - [2026-03-23T03:43:23.704+0000] {dagbag.py:540} INFO - Filling up the DagBag from /home/airflow/.local/lib/python3.8/site-packages/airflow/example_dags/example_params_ui_tutorial.py
[2026-03-23T03:43:23.717+0000] {processor.py:840} INFO - DAG(s) 'example_params_ui_tutorial' retrieved from /home/airflow/.local/lib/python3.8/site-packages/airflow/example_dags/example_params_ui_tutorial.py
[2026-03-23T03:43:23.779+0000] {logging_mixin.py:188} INFO - [2026-03-23T03:43:23.779+0000] {dag.py:3047} INFO - Sync 1 DAGs
[2026-03-23T03:43:23.791+0000] {logging_mixin.py:188} INFO - [2026-03-23T03:43:23.791+0000] {dag.py:3834} INFO - Setting next_dagrun for example_params_ui_tutorial to None, run_after=None
[2026-03-23T03:43:23.814+0000] {processor.py:183} INFO - Processing /home/airflow/.local/lib/python3.8/site-packages/airflow/example_dags/example_params_ui_tutorial.py took 0.117 seconds
[2026-03-23T03:43:54.131+0000] {processor.py:161} INFO - Started process (PID=783) to work on /home/airflow/.local/lib/python3.8/site-packages/airflow/example_dags/example_params_ui_tutorial.py
[2026-03-23T03:43:54.133+0000] {processor.py:830} INFO - Processing file /home/airflow/.local/lib/python3.8/site-packages/airflow/example_dags/example_params_ui_tutorial.py for tasks to queue
[2026-03-23T03:43:54.135+0000] {logging_mixin.py:188} INFO - [2026-03-23T03:43:54.135+0000] {dagbag.py:540} INFO - Filling up the DagBag from /home/airflow/.local/lib/python3.8/site-packages/airflow/example_dags/example_params_ui_tutorial.py
[2026-03-23T03:43:54.147+0000] {processor.py:840} INFO - DAG(s) 'example_params_ui_tutorial' retrieved from /home/airflow/.local/lib/python3.8/site-packages/airflow/example_dags/example_params_ui_tutorial.py
[2026-03-23T03:43:54.210+0000] {logging_mixin.py:188} INFO - [2026-03-23T03:43:54.209+0000] {dag.py:3047} INFO - Sync 1 DAGs
[2026-03-23T03:43:54.222+0000] {logging_mixin.py:188} INFO - [2026-03-23T03:43:54.222+0000] {dag.py:3834} INFO - Setting next_dagrun for example_params_ui_tutorial to None, run_after=None
[2026-03-23T03:43:54.248+0000] {processor.py:183} INFO - Processing /home/airflow/.local/lib/python3.8/site-packages/airflow/example_dags/example_params_ui_tutorial.py took 0.120 seconds
[2026-03-23T03:44:24.670+0000] {processor.py:161} INFO - Started process (PID=838) to work on /home/airflow/.local/lib/python3.8/site-packages/airflow/example_dags/example_params_ui_tutorial.py
[2026-03-23T03:44:24.671+0000] {processor.py:830} INFO - Processing file /home/airflow/.local/lib/python3.8/site-packages/airflow/example_dags/example_params_ui_tutorial.py for tasks to queue
[2026-03-23T03:44:24.673+0000] {logging_mixin.py:188} INFO - [2026-03-23T03:44:24.673+0000] {dagbag.py:540} INFO - Filling up the DagBag from /home/airflow/.local/lib/python3.8/site-packages/airflow/example_dags/example_params_ui_tutorial.py
[2026-03-23T03:44:24.686+0000] {processor.py:840} INFO - DAG(s) 'example_params_ui_tutorial' retrieved from /home/airflow/.local/lib/python3.8/site-packages/airflow/example_dags/example_params_ui_tutorial.py
[2026-03-23T03:44:24.744+0000] {logging_mixin.py:188} INFO - [2026-03-23T03:44:24.744+0000] {dag.py:3047} INFO - Sync 1 DAGs
[2026-03-23T03:44:24.758+0000] {logging_mixin.py:188} INFO - [2026-03-23T03:44:24.758+0000] {dag.py:3834} INFO - Setting next_dagrun for example_params_ui_tutorial to None, run_after=None
[2026-03-23T03:44:24.781+0000] {processor.py:183} INFO - Processing /home/airflow/.local/lib/python3.8/site-packages/airflow/example_dags/example_params_ui_tutorial.py took 0.115 seconds
[2026-03-23T03:44:55.084+0000] {processor.py:161} INFO - Started process (PID=893) to work on /home/airflow/.local/lib/python3.8/site-packages/airflow/example_dags/example_params_ui_tutorial.py
[2026-03-23T03:44:55.086+0000] {processor.py:830} INFO - Processing file /home/airflow/.local/lib/python3.8/site-packages/airflow/example_dags/example_params_ui_tutorial.py for tasks to queue
[2026-03-23T03:44:55.088+0000] {logging_mixin.py:188} INFO - [2026-03-23T03:44:55.088+0000] {dagbag.py:540} INFO - Filling up the DagBag from /home/airflow/.local/lib/python3.8/site-packages/airflow/example_dags/example_params_ui_tutorial.py
[2026-03-23T03:44:55.100+0000] {processor.py:840} INFO - DAG(s) 'example_params_ui_tutorial' retrieved from /home/airflow/.local/lib/python3.8/site-packages/airflow/example_dags/example_params_ui_tutorial.py
[2026-03-23T03:44:55.158+0000] {logging_mixin.py:188} INFO - [2026-03-23T03:44:55.158+0000] {dag.py:3047} INFO - Sync 1 DAGs
[2026-03-23T03:44:55.170+0000] {logging_mixin.py:188} INFO - [2026-03-23T03:44:55.170+0000] {dag.py:3834} INFO - Setting next_dagrun for example_params_ui_tutorial to None, run_after=None
[2026-03-23T03:44:55.193+0000] {processor.py:183} INFO - Processing /home/airflow/.local/lib/python3.8/site-packages/airflow/example_dags/example_params_ui_tutorial.py took 0.113 seconds
[2026-03-23T03:45:25.544+0000] {processor.py:161} INFO - Started process (PID=948) to work on /home/airflow/.local/lib/python3.8/site-packages/airflow/example_dags/example_params_ui_tutorial.py
[2026-03-23T03:45:25.546+0000] {processor.py:830} INFO - Processing file /home/airflow/.local/lib/python3.8/site-packages/airflow/example_dags/example_params_ui_tutorial.py for tasks to queue
[2026-03-23T03:45:25.547+0000] {logging_mixin.py:188} INFO - [2026-03-23T03:45:25.547+0000] {dagbag.py:540} INFO - Filling up the DagBag from /home/airflow/.local/lib/python3.8/site-packages/airflow/example_dags/example_params_ui_tutorial.py
[2026-03-23T03:45:25.557+0000] {processor.py:840} INFO - DAG(s) 'example_params_ui_tutorial' retrieved from /home/airflow/.local/lib/python3.8/site-packages/airflow/example_dags/example_params_ui_tutorial.py
[2026-03-23T03:45:25.616+0000] {logging_mixin.py:188} INFO - [2026-03-23T03:45:25.616+0000] {dag.py:3047} INFO - Sync 1 DAGs
[2026-03-23T03:45:25.628+0000] {logging_mixin.py:188} INFO - [2026-03-23T03:45:25.628+0000] {dag.py:3834} INFO - Setting next_dagrun for example_params_ui_tutorial to None, run_after=None
[2026-03-23T03:45:25.654+0000] {processor.py:183} INFO - Processing /home/airflow/.local/lib/python3.8/site-packages/airflow/example_dags/example_params_ui_tutorial.py took 0.112 seconds
[2026-03-23T03:45:55.872+0000] {processor.py:161} INFO - Started process (PID=1003) to work on /home/airflow/.local/lib/python3.8/site-packages/airflow/example_dags/example_params_ui_tutorial.py
[2026-03-23T03:45:55.874+0000] {processor.py:830} INFO - Processing file /home/airflow/.local/lib/python3.8/site-packages/airflow/example_dags/example_params_ui_tutorial.py for tasks to queue
[2026-03-23T03:45:55.875+0000] {logging_mixin.py:188} INFO - [2026-03-23T03:45:55.875+0000] {dagbag.py:540} INFO - Filling up the DagBag from /home/airflow/.local/lib/python3.8/site-packages/airflow/example_dags/example_params_ui_tutorial.py
[2026-03-23T03:45:55.885+0000] {processor.py:840} INFO - DAG(s) 'example_params_ui_tutorial' retrieved from /home/airflow/.local/lib/python3.8/site-packages/airflow/example_dags/example_params_ui_tutorial.py
[2026-03-23T03:45:55.942+0000] {logging_mixin.py:188} INFO - [2026-03-23T03:45:55.942+0000] {dag.py:3047} INFO - Sync 1 DAGs
[2026-03-23T03:45:55.952+0000] {logging_mixin.py:188} INFO - [2026-03-23T03:45:55.952+0000] {dag.py:3834} INFO - Setting next_dagrun for example_params_ui_tutorial to None, run_after=None
[2026-03-23T03:45:55.973+0000] {processor.py:183} INFO - Processing /home/airflow/.local/lib/python3.8/site-packages/airflow/example_dags/example_params_ui_tutorial.py took 0.103 seconds
[2026-03-23T03:46:26.023+0000] {processor.py:161} INFO - Started process (PID=1058) to work on /home/airflow/.local/lib/python3.8/site-packages/airflow/example_dags/example_params_ui_tutorial.py
[2026-03-23T03:46:26.025+0000] {processor.py:830} INFO - Processing file /home/airflow/.local/lib/python3.8/site-packages/airflow/example_dags/example_params_ui_tutorial.py for tasks to queue
[2026-03-23T03:46:26.027+0000] {logging_mixin.py:188} INFO - [2026-03-23T03:46:26.027+0000] {dagbag.py:540} INFO - Filling up the DagBag from /home/airflow/.local/lib/python3.8/site-packages/airflow/example_dags/example_params_ui_tutorial.py
[2026-03-23T03:46:26.038+0000] {processor.py:840} INFO - DAG(s) 'example_params_ui_tutorial' retrieved from /home/airflow/.local/lib/python3.8/site-packages/airflow/example_dags/example_params_ui_tutorial.py
[2026-03-23T03:46:26.098+0000] {logging_mixin.py:188} INFO - [2026-03-23T03:46:26.098+0000] {dag.py:3047} INFO - Sync 1 DAGs
[2026-03-23T03:46:26.112+0000] {logging_mixin.py:188} INFO - [2026-03-23T03:46:26.112+0000] {dag.py:3834} INFO - Setting next_dagrun for example_params_ui_tutorial to None, run_after=None
[2026-03-23T03:46:26.138+0000] {processor.py:183} INFO - Processing /home/airflow/.local/lib/python3.8/site-packages/airflow/example_dags/example_params_ui_tutorial.py took 0.118 seconds
[2026-03-23T03:46:56.485+0000] {processor.py:161} INFO - Started process (PID=1113) to work on /home/airflow/.local/lib/python3.8/site-packages/airflow/example_dags/example_params_ui_tutorial.py
[2026-03-23T03:46:56.486+0000] {processor.py:830} INFO - Processing file /home/airflow/.local/lib/python3.8/site-packages/airflow/example_dags/example_params_ui_tutorial.py for tasks to queue
[2026-03-23T03:46:56.489+0000] {logging_mixin.py:188} INFO - [2026-03-23T03:46:56.488+0000] {dagbag.py:540} INFO - Filling up the DagBag from /home/airflow/.local/lib/python3.8/site-packages/airflow/example_dags/example_params_ui_tutorial.py
[2026-03-23T03:46:56.501+0000] {processor.py:840} INFO - DAG(s) 'example_params_ui_tutorial' retrieved from /home/airflow/.local/lib/python3.8/site-packages/airflow/example_dags/example_params_ui_tutorial.py
[2026-03-23T03:46:56.565+0000] {logging_mixin.py:188} INFO - [2026-03-23T03:46:56.565+0000] {dag.py:3047} INFO - Sync 1 DAGs
[2026-03-23T03:46:56.577+0000] {logging_mixin.py:188} INFO - [2026-03-23T03:46:56.577+0000] {dag.py:3834} INFO - Setting next_dagrun for example_params_ui_tutorial to None, run_after=None
[2026-03-23T03:46:56.600+0000] {processor.py:183} INFO - Processing /home/airflow/.local/lib/python3.8/site-packages/airflow/example_dags/example_params_ui_tutorial.py took 0.119 seconds
[2026-03-23T03:47:26.851+0000] {processor.py:161} INFO - Started process (PID=1168) to work on /home/airflow/.local/lib/python3.8/site-packages/airflow/example_dags/example_params_ui_tutorial.py
[2026-03-23T03:47:26.852+0000] {processor.py:830} INFO - Processing file /home/airflow/.local/lib/python3.8/site-packages/airflow/example_dags/example_params_ui_tutorial.py for tasks to queue
[2026-03-23T03:47:26.854+0000] {logging_mixin.py:188} INFO - [2026-03-23T03:47:26.854+0000] {dagbag.py:540} INFO - Filling up the DagBag from /home/airflow/.local/lib/python3.8/site-packages/airflow/example_dags/example_params_ui_tutorial.py
[2026-03-23T03:47:26.866+0000] {processor.py:840} INFO - DAG(s) 'example_params_ui_tutorial' retrieved from /home/airflow/.local/lib/python3.8/site-packages/airflow/example_dags/example_params_ui_tutorial.py
[2026-03-23T03:47:26.930+0000] {logging_mixin.py:188} INFO - [2026-03-23T03:47:26.929+0000] {dag.py:3047} INFO - Sync 1 DAGs
[2026-03-23T03:47:26.942+0000] {logging_mixin.py:188} INFO - [2026-03-23T03:47:26.942+0000] {dag.py:3834} INFO - Setting next_dagrun for example_params_ui_tutorial to None, run_after=None
[2026-03-23T03:47:26.966+0000] {processor.py:183} INFO - Processing /home/airflow/.local/lib/python3.8/site-packages/airflow/example_dags/example_params_ui_tutorial.py took 0.118 seconds
[2026-03-23T03:47:57.135+0000] {processor.py:161} INFO - Started process (PID=1223) to work on /home/airflow/.local/lib/python3.8/site-packages/airflow/example_dags/example_params_ui_tutorial.py
[2026-03-23T03:47:57.137+0000] {processor.py:830} INFO - Processing file /home/airflow/.local/lib/python3.8/site-packages/airflow/example_dags/example_params_ui_tutorial.py for tasks to queue
[2026-03-23T03:47:57.138+0000] {logging_mixin.py:188} INFO - [2026-03-23T03:47:57.138+0000] {dagbag.py:540} INFO - Filling up the DagBag from /home/airflow/.local/lib/python3.8/site-packages/airflow/example_dags/example_params_ui_tutorial.py
[2026-03-23T03:47:57.151+0000] {processor.py:840} INFO - DAG(s) 'example_params_ui_tutorial' retrieved from /home/airflow/.local/lib/python3.8/site-packages/airflow/example_dags/example_params_ui_tutorial.py
[2026-03-23T03:47:57.211+0000] {logging_mixin.py:188} INFO - [2026-03-23T03:47:57.210+0000] {dag.py:3047} INFO - Sync 1 DAGs
[2026-03-23T03:47:57.222+0000] {logging_mixin.py:188} INFO - [2026-03-23T03:47:57.221+0000] {dag.py:3834} INFO - Setting next_dagrun for example_params_ui_tutorial to None, run_after=None
[2026-03-23T03:47:57.243+0000] {processor.py:183} INFO - Processing /home/airflow/.local/lib/python3.8/site-packages/airflow/example_dags/example_params_ui_tutorial.py took 0.111 seconds
[2026-03-23T03:48:27.429+0000] {processor.py:161} INFO - Started process (PID=1278) to work on /home/airflow/.local/lib/python3.8/site-packages/airflow/example_dags/example_params_ui_tutorial.py
[2026-03-23T03:48:27.430+0000] {processor.py:830} INFO - Processing file /home/airflow/.local/lib/python3.8/site-packages/airflow/example_dags/example_params_ui_tutorial.py for tasks to queue
[2026-03-23T03:48:27.432+0000] {logging_mixin.py:188} INFO - [2026-03-23T03:48:27.432+0000] {dagbag.py:540} INFO - Filling up the DagBag from /home/airflow/.local/lib/python3.8/site-packages/airflow/example_dags/example_params_ui_tutorial.py
[2026-03-23T03:48:27.444+0000] {processor.py:840} INFO - DAG(s) 'example_params_ui_tutorial' retrieved from /home/airflow/.local/lib/python3.8/site-packages/airflow/example_dags/example_params_ui_tutorial.py
[2026-03-23T03:48:27.511+0000] {logging_mixin.py:188} INFO - [2026-03-23T03:48:27.511+0000] {dag.py:3047} INFO - Sync 1 DAGs
[2026-03-23T03:48:27.524+0000] {logging_mixin.py:188} INFO - [2026-03-23T03:48:27.524+0000] {dag.py:3834} INFO - Setting next_dagrun for example_params_ui_tutorial to None, run_after=None
[2026-03-23T03:48:27.549+0000] {processor.py:183} INFO - Processing /home/airflow/.local/lib/python3.8/site-packages/airflow/example_dags/example_params_ui_tutorial.py took 0.122 seconds
[2026-03-23T03:48:57.805+0000] {processor.py:161} INFO - Started process (PID=1333) to work on /home/airflow/.local/lib/python3.8/site-packages/airflow/example_dags/example_params_ui_tutorial.py
[2026-03-23T03:48:57.806+0000] {processor.py:830} INFO - Processing file /home/airflow/.local/lib/python3.8/site-packages/airflow/example_dags/example_params_ui_tutorial.py for tasks to queue
[2026-03-23T03:48:57.809+0000] {logging_mixin.py:188} INFO - [2026-03-23T03:48:57.808+0000] {dagbag.py:540} INFO - Filling up the DagBag from /home/airflow/.local/lib/python3.8/site-packages/airflow/example_dags/example_params_ui_tutorial.py
[2026-03-23T03:48:57.821+0000] {processor.py:840} INFO - DAG(s) 'example_params_ui_tutorial' retrieved from /home/airflow/.local/lib/python3.8/site-packages/airflow/example_dags/example_params_ui_tutorial.py
[2026-03-23T03:48:57.889+0000] {logging_mixin.py:188} INFO - [2026-03-23T03:48:57.889+0000] {dag.py:3047} INFO - Sync 1 DAGs
[2026-03-23T03:48:57.903+0000] {logging_mixin.py:188} INFO - [2026-03-23T03:48:57.903+0000] {dag.py:3834} INFO - Setting next_dagrun for example_params_ui_tutorial to None, run_after=None
[2026-03-23T03:48:57.933+0000] {processor.py:183} INFO - Processing /home/airflow/.local/lib/python3.8/site-packages/airflow/example_dags/example_params_ui_tutorial.py took 0.131 seconds
[2026-03-23T03:49:28.107+0000] {processor.py:161} INFO - Started process (PID=1388) to work on /home/airflow/.local/lib/python3.8/site-packages/airflow/example_dags/example_params_ui_tutorial.py
[2026-03-23T03:49:28.109+0000] {processor.py:830} INFO - Processing file /home/airflow/.local/lib/python3.8/site-packages/airflow/example_dags/example_params_ui_tutorial.py for tasks to queue
[2026-03-23T03:49:28.111+0000] {logging_mixin.py:188} INFO - [2026-03-23T03:49:28.110+0000] {dagbag.py:540} INFO - Filling up the DagBag from /home/airflow/.local/lib/python3.8/site-packages/airflow/example_dags/example_params_ui_tutorial.py
[2026-03-23T03:49:28.125+0000] {processor.py:840} INFO - DAG(s) 'example_params_ui_tutorial' retrieved from /home/airflow/.local/lib/python3.8/site-packages/airflow/example_dags/example_params_ui_tutorial.py
[2026-03-23T03:49:28.188+0000] {logging_mixin.py:188} INFO - [2026-03-23T03:49:28.187+0000] {dag.py:3047} INFO - Sync 1 DAGs
[2026-03-23T03:49:28.203+0000] {logging_mixin.py:188} INFO - [2026-03-23T03:49:28.202+0000] {dag.py:3834} INFO - Setting next_dagrun for example_params_ui_tutorial to None, run_after=None
[2026-03-23T03:49:28.229+0000] {processor.py:183} INFO - Processing /home/airflow/.local/lib/python3.8/site-packages/airflow/example_dags/example_params_ui_tutorial.py took 0.126 seconds
[2026-03-23T03:50:46.318+0000] {processor.py:161} INFO - Started process (PID=62) to work on /home/airflow/.local/lib/python3.8/site-packages/airflow/example_dags/example_params_ui_tutorial.py
[2026-03-23T03:50:46.320+0000] {processor.py:830} INFO - Processing file /home/airflow/.local/lib/python3.8/site-packages/airflow/example_dags/example_params_ui_tutorial.py for tasks to queue
[2026-03-23T03:50:46.322+0000] {logging_mixin.py:188} INFO - [2026-03-23T03:50:46.322+0000] {dagbag.py:540} INFO - Filling up the DagBag from /home/airflow/.local/lib/python3.8/site-packages/airflow/example_dags/example_params_ui_tutorial.py
[2026-03-23T03:50:46.345+0000] {processor.py:840} INFO - DAG(s) 'example_params_ui_tutorial' retrieved from /home/airflow/.local/lib/python3.8/site-packages/airflow/example_dags/example_params_ui_tutorial.py
[2026-03-23T03:50:46.359+0000] {logging_mixin.py:188} INFO - [2026-03-23T03:50:46.359+0000] {dag.py:3047} INFO - Sync 1 DAGs
[2026-03-23T03:50:46.376+0000] {logging_mixin.py:188} INFO - [2026-03-23T03:50:46.376+0000] {dag.py:3834} INFO - Setting next_dagrun for example_params_ui_tutorial to None, run_after=None
[2026-03-23T03:50:46.405+0000] {processor.py:183} INFO - Processing /home/airflow/.local/lib/python3.8/site-packages/airflow/example_dags/example_params_ui_tutorial.py took 0.090 seconds
[2026-03-23T03:51:16.738+0000] {processor.py:161} INFO - Started process (PID=117) to work on /home/airflow/.local/lib/python3.8/site-packages/airflow/example_dags/example_params_ui_tutorial.py
[2026-03-23T03:51:16.739+0000] {processor.py:830} INFO - Processing file /home/airflow/.local/lib/python3.8/site-packages/airflow/example_dags/example_params_ui_tutorial.py for tasks to queue
[2026-03-23T03:51:16.742+0000] {logging_mixin.py:188} INFO - [2026-03-23T03:51:16.741+0000] {dagbag.py:540} INFO - Filling up the DagBag from /home/airflow/.local/lib/python3.8/site-packages/airflow/example_dags/example_params_ui_tutorial.py
[2026-03-23T03:51:16.755+0000] {processor.py:840} INFO - DAG(s) 'example_params_ui_tutorial' retrieved from /home/airflow/.local/lib/python3.8/site-packages/airflow/example_dags/example_params_ui_tutorial.py
[2026-03-23T03:51:16.944+0000] {logging_mixin.py:188} INFO - [2026-03-23T03:51:16.944+0000] {dag.py:3047} INFO - Sync 1 DAGs
[2026-03-23T03:51:16.956+0000] {logging_mixin.py:188} INFO - [2026-03-23T03:51:16.955+0000] {dag.py:3834} INFO - Setting next_dagrun for example_params_ui_tutorial to None, run_after=None
[2026-03-23T03:51:16.984+0000] {processor.py:183} INFO - Processing /home/airflow/.local/lib/python3.8/site-packages/airflow/example_dags/example_params_ui_tutorial.py took 0.250 seconds
[2026-03-23T03:51:47.054+0000] {processor.py:161} INFO - Started process (PID=172) to work on /home/airflow/.local/lib/python3.8/site-packages/airflow/example_dags/example_params_ui_tutorial.py
[2026-03-23T03:51:47.056+0000] {processor.py:830} INFO - Processing file /home/airflow/.local/lib/python3.8/site-packages/airflow/example_dags/example_params_ui_tutorial.py for tasks to queue
[2026-03-23T03:51:47.058+0000] {logging_mixin.py:188} INFO - [2026-03-23T03:51:47.058+0000] {dagbag.py:540} INFO - Filling up the DagBag from /home/airflow/.local/lib/python3.8/site-packages/airflow/example_dags/example_params_ui_tutorial.py
[2026-03-23T03:51:47.072+0000] {processor.py:840} INFO - DAG(s) 'example_params_ui_tutorial' retrieved from /home/airflow/.local/lib/python3.8/site-packages/airflow/example_dags/example_params_ui_tutorial.py
[2026-03-23T03:51:47.142+0000] {logging_mixin.py:188} INFO - [2026-03-23T03:51:47.142+0000] {dag.py:3047} INFO - Sync 1 DAGs
[2026-03-23T03:51:47.159+0000] {logging_mixin.py:188} INFO - [2026-03-23T03:51:47.158+0000] {dag.py:3834} INFO - Setting next_dagrun for example_params_ui_tutorial to None, run_after=None
[2026-03-23T03:51:47.184+0000] {processor.py:183} INFO - Processing /home/airflow/.local/lib/python3.8/site-packages/airflow/example_dags/example_params_ui_tutorial.py took 0.134 seconds
[2026-03-23T03:52:17.215+0000] {processor.py:161} INFO - Started process (PID=227) to work on /home/airflow/.local/lib/python3.8/site-packages/airflow/example_dags/example_params_ui_tutorial.py
[2026-03-23T03:52:17.217+0000] {processor.py:830} INFO - Processing file /home/airflow/.local/lib/python3.8/site-packages/airflow/example_dags/example_params_ui_tutorial.py for tasks to queue
[2026-03-23T03:52:17.220+0000] {logging_mixin.py:188} INFO - [2026-03-23T03:52:17.219+0000] {dagbag.py:540} INFO - Filling up the DagBag from /home/airflow/.local/lib/python3.8/site-packages/airflow/example_dags/example_params_ui_tutorial.py
[2026-03-23T03:52:17.234+0000] {processor.py:840} INFO - DAG(s) 'example_params_ui_tutorial' retrieved from /home/airflow/.local/lib/python3.8/site-packages/airflow/example_dags/example_params_ui_tutorial.py
[2026-03-23T03:52:17.307+0000] {logging_mixin.py:188} INFO - [2026-03-23T03:52:17.307+0000] {dag.py:3047} INFO - Sync 1 DAGs
[2026-03-23T03:52:17.322+0000] {logging_mixin.py:188} INFO - [2026-03-23T03:52:17.322+0000] {dag.py:3834} INFO - Setting next_dagrun for example_params_ui_tutorial to None, run_after=None
[2026-03-23T03:52:17.350+0000] {processor.py:183} INFO - Processing /home/airflow/.local/lib/python3.8/site-packages/airflow/example_dags/example_params_ui_tutorial.py took 0.140 seconds
[2026-03-23T03:52:47.389+0000] {processor.py:161} INFO - Started process (PID=282) to work on /home/airflow/.local/lib/python3.8/site-packages/airflow/example_dags/example_params_ui_tutorial.py
[2026-03-23T03:52:47.390+0000] {processor.py:830} INFO - Processing file /home/airflow/.local/lib/python3.8/site-packages/airflow/example_dags/example_params_ui_tutorial.py for tasks to queue
[2026-03-23T03:52:47.391+0000] {logging_mixin.py:188} INFO - [2026-03-23T03:52:47.391+0000] {dagbag.py:540} INFO - Filling up the DagBag from /home/airflow/.local/lib/python3.8/site-packages/airflow/example_dags/example_params_ui_tutorial.py
[2026-03-23T03:52:47.402+0000] {processor.py:840} INFO - DAG(s) 'example_params_ui_tutorial' retrieved from /home/airflow/.local/lib/python3.8/site-packages/airflow/example_dags/example_params_ui_tutorial.py
[2026-03-23T03:52:47.463+0000] {logging_mixin.py:188} INFO - [2026-03-23T03:52:47.462+0000] {dag.py:3047} INFO - Sync 1 DAGs
[2026-03-23T03:52:47.475+0000] {logging_mixin.py:188} INFO - [2026-03-23T03:52:47.475+0000] {dag.py:3834} INFO - Setting next_dagrun for example_params_ui_tutorial to None, run_after=None
[2026-03-23T03:52:47.497+0000] {processor.py:183} INFO - Processing /home/airflow/.local/lib/python3.8/site-packages/airflow/example_dags/example_params_ui_tutorial.py took 0.111 seconds
[2026-03-23T03:53:18.177+0000] {processor.py:161} INFO - Started process (PID=343) to work on /home/airflow/.local/lib/python3.8/site-packages/airflow/example_dags/example_params_ui_tutorial.py
[2026-03-23T03:53:18.179+0000] {processor.py:830} INFO - Processing file /home/airflow/.local/lib/python3.8/site-packages/airflow/example_dags/example_params_ui_tutorial.py for tasks to queue
[2026-03-23T03:53:18.182+0000] {logging_mixin.py:188} INFO - [2026-03-23T03:53:18.182+0000] {dagbag.py:540} INFO - Filling up the DagBag from /home/airflow/.local/lib/python3.8/site-packages/airflow/example_dags/example_params_ui_tutorial.py
[2026-03-23T03:53:18.201+0000] {processor.py:840} INFO - DAG(s) 'example_params_ui_tutorial' retrieved from /home/airflow/.local/lib/python3.8/site-packages/airflow/example_dags/example_params_ui_tutorial.py
[2026-03-23T03:53:18.282+0000] {logging_mixin.py:188} INFO - [2026-03-23T03:53:18.282+0000] {dag.py:3047} INFO - Sync 1 DAGs
[2026-03-23T03:53:18.300+0000] {logging_mixin.py:188} INFO - [2026-03-23T03:53:18.300+0000] {dag.py:3834} INFO - Setting next_dagrun for example_params_ui_tutorial to None, run_after=None
[2026-03-23T03:53:18.332+0000] {processor.py:183} INFO - Processing /home/airflow/.local/lib/python3.8/site-packages/airflow/example_dags/example_params_ui_tutorial.py took 0.158 seconds
[2026-03-23T03:53:48.486+0000] {processor.py:161} INFO - Started process (PID=398) to work on /home/airflow/.local/lib/python3.8/site-packages/airflow/example_dags/example_params_ui_tutorial.py
[2026-03-23T03:53:48.487+0000] {processor.py:830} INFO - Processing file /home/airflow/.local/lib/python3.8/site-packages/airflow/example_dags/example_params_ui_tutorial.py for tasks to queue
[2026-03-23T03:53:48.489+0000] {logging_mixin.py:188} INFO - [2026-03-23T03:53:48.489+0000] {dagbag.py:540} INFO - Filling up the DagBag from /home/airflow/.local/lib/python3.8/site-packages/airflow/example_dags/example_params_ui_tutorial.py
[2026-03-23T03:53:48.502+0000] {processor.py:840} INFO - DAG(s) 'example_params_ui_tutorial' retrieved from /home/airflow/.local/lib/python3.8/site-packages/airflow/example_dags/example_params_ui_tutorial.py
[2026-03-23T03:53:48.565+0000] {logging_mixin.py:188} INFO - [2026-03-23T03:53:48.564+0000] {dag.py:3047} INFO - Sync 1 DAGs
[2026-03-23T03:53:48.579+0000] {logging_mixin.py:188} INFO - [2026-03-23T03:53:48.579+0000] {dag.py:3834} INFO - Setting next_dagrun for example_params_ui_tutorial to None, run_after=None
[2026-03-23T03:53:48.603+0000] {processor.py:183} INFO - Processing /home/airflow/.local/lib/python3.8/site-packages/airflow/example_dags/example_params_ui_tutorial.py took 0.120 seconds
[2026-03-23T03:54:19.235+0000] {processor.py:161} INFO - Started process (PID=453) to work on /home/airflow/.local/lib/python3.8/site-packages/airflow/example_dags/example_params_ui_tutorial.py
[2026-03-23T03:54:19.236+0000] {processor.py:830} INFO - Processing file /home/airflow/.local/lib/python3.8/site-packages/airflow/example_dags/example_params_ui_tutorial.py for tasks to queue
[2026-03-23T03:54:19.238+0000] {logging_mixin.py:188} INFO - [2026-03-23T03:54:19.238+0000] {dagbag.py:540} INFO - Filling up the DagBag from /home/airflow/.local/lib/python3.8/site-packages/airflow/example_dags/example_params_ui_tutorial.py
[2026-03-23T03:54:19.251+0000] {processor.py:840} INFO - DAG(s) 'example_params_ui_tutorial' retrieved from /home/airflow/.local/lib/python3.8/site-packages/airflow/example_dags/example_params_ui_tutorial.py
[2026-03-23T03:54:19.323+0000] {logging_mixin.py:188} INFO - [2026-03-23T03:54:19.323+0000] {dag.py:3047} INFO - Sync 1 DAGs
[2026-03-23T03:54:19.337+0000] {logging_mixin.py:188} INFO - [2026-03-23T03:54:19.336+0000] {dag.py:3834} INFO - Setting next_dagrun for example_params_ui_tutorial to None, run_after=None
[2026-03-23T03:54:19.360+0000] {processor.py:183} INFO - Processing /home/airflow/.local/lib/python3.8/site-packages/airflow/example_dags/example_params_ui_tutorial.py took 0.129 seconds
[2026-03-23T03:54:49.594+0000] {processor.py:161} INFO - Started process (PID=508) to work on /home/airflow/.local/lib/python3.8/site-packages/airflow/example_dags/example_params_ui_tutorial.py
[2026-03-23T03:54:49.595+0000] {processor.py:830} INFO - Processing file /home/airflow/.local/lib/python3.8/site-packages/airflow/example_dags/example_params_ui_tutorial.py for tasks to queue
[2026-03-23T03:54:49.598+0000] {logging_mixin.py:188} INFO - [2026-03-23T03:54:49.597+0000] {dagbag.py:540} INFO - Filling up the DagBag from /home/airflow/.local/lib/python3.8/site-packages/airflow/example_dags/example_params_ui_tutorial.py
[2026-03-23T03:54:49.610+0000] {processor.py:840} INFO - DAG(s) 'example_params_ui_tutorial' retrieved from /home/airflow/.local/lib/python3.8/site-packages/airflow/example_dags/example_params_ui_tutorial.py
[2026-03-23T03:54:49.671+0000] {logging_mixin.py:188} INFO - [2026-03-23T03:54:49.670+0000] {dag.py:3047} INFO - Sync 1 DAGs
[2026-03-23T03:54:49.681+0000] {logging_mixin.py:188} INFO - [2026-03-23T03:54:49.681+0000] {dag.py:3834} INFO - Setting next_dagrun for example_params_ui_tutorial to None, run_after=None
[2026-03-23T03:54:49.704+0000] {processor.py:183} INFO - Processing /home/airflow/.local/lib/python3.8/site-packages/airflow/example_dags/example_params_ui_tutorial.py took 0.112 seconds
[2026-03-23T03:55:19.782+0000] {processor.py:161} INFO - Started process (PID=563) to work on /home/airflow/.local/lib/python3.8/site-packages/airflow/example_dags/example_params_ui_tutorial.py
[2026-03-23T03:55:19.783+0000] {processor.py:830} INFO - Processing file /home/airflow/.local/lib/python3.8/site-packages/airflow/example_dags/example_params_ui_tutorial.py for tasks to queue
[2026-03-23T03:55:19.786+0000] {logging_mixin.py:188} INFO - [2026-03-23T03:55:19.785+0000] {dagbag.py:540} INFO - Filling up the DagBag from /home/airflow/.local/lib/python3.8/site-packages/airflow/example_dags/example_params_ui_tutorial.py
[2026-03-23T03:55:19.797+0000] {processor.py:840} INFO - DAG(s) 'example_params_ui_tutorial' retrieved from /home/airflow/.local/lib/python3.8/site-packages/airflow/example_dags/example_params_ui_tutorial.py
[2026-03-23T03:55:19.858+0000] {logging_mixin.py:188} INFO - [2026-03-23T03:55:19.858+0000] {dag.py:3047} INFO - Sync 1 DAGs
[2026-03-23T03:55:19.871+0000] {logging_mixin.py:188} INFO - [2026-03-23T03:55:19.870+0000] {dag.py:3834} INFO - Setting next_dagrun for example_params_ui_tutorial to None, run_after=None
[2026-03-23T03:55:19.894+0000] {processor.py:183} INFO - Processing /home/airflow/.local/lib/python3.8/site-packages/airflow/example_dags/example_params_ui_tutorial.py took 0.115 seconds
[2026-03-23T03:55:50.038+0000] {processor.py:161} INFO - Started process (PID=618) to work on /home/airflow/.local/lib/python3.8/site-packages/airflow/example_dags/example_params_ui_tutorial.py
[2026-03-23T03:55:50.040+0000] {processor.py:830} INFO - Processing file /home/airflow/.local/lib/python3.8/site-packages/airflow/example_dags/example_params_ui_tutorial.py for tasks to queue
[2026-03-23T03:55:50.044+0000] {logging_mixin.py:188} INFO - [2026-03-23T03:55:50.043+0000] {dagbag.py:540} INFO - Filling up the DagBag from /home/airflow/.local/lib/python3.8/site-packages/airflow/example_dags/example_params_ui_tutorial.py
[2026-03-23T03:55:50.066+0000] {processor.py:840} INFO - DAG(s) 'example_params_ui_tutorial' retrieved from /home/airflow/.local/lib/python3.8/site-packages/airflow/example_dags/example_params_ui_tutorial.py
[2026-03-23T03:55:50.142+0000] {logging_mixin.py:188} INFO - [2026-03-23T03:55:50.142+0000] {dag.py:3047} INFO - Sync 1 DAGs
[2026-03-23T03:55:50.162+0000] {logging_mixin.py:188} INFO - [2026-03-23T03:55:50.160+0000] {dag.py:3834} INFO - Setting next_dagrun for example_params_ui_tutorial to None, run_after=None
[2026-03-23T03:55:50.191+0000] {processor.py:183} INFO - Processing /home/airflow/.local/lib/python3.8/site-packages/airflow/example_dags/example_params_ui_tutorial.py took 0.159 seconds
[2026-03-23T03:56:20.311+0000] {processor.py:161} INFO - Started process (PID=673) to work on /home/airflow/.local/lib/python3.8/site-packages/airflow/example_dags/example_params_ui_tutorial.py
[2026-03-23T03:56:20.313+0000] {processor.py:830} INFO - Processing file /home/airflow/.local/lib/python3.8/site-packages/airflow/example_dags/example_params_ui_tutorial.py for tasks to queue
[2026-03-23T03:56:20.315+0000] {logging_mixin.py:188} INFO - [2026-03-23T03:56:20.315+0000] {dagbag.py:540} INFO - Filling up the DagBag from /home/airflow/.local/lib/python3.8/site-packages/airflow/example_dags/example_params_ui_tutorial.py
[2026-03-23T03:56:20.330+0000] {processor.py:840} INFO - DAG(s) 'example_params_ui_tutorial' retrieved from /home/airflow/.local/lib/python3.8/site-packages/airflow/example_dags/example_params_ui_tutorial.py
[2026-03-23T03:56:20.398+0000] {logging_mixin.py:188} INFO - [2026-03-23T03:56:20.397+0000] {dag.py:3047} INFO - Sync 1 DAGs
[2026-03-23T03:56:20.412+0000] {logging_mixin.py:188} INFO - [2026-03-23T03:56:20.412+0000] {dag.py:3834} INFO - Setting next_dagrun for example_params_ui_tutorial to None, run_after=None
[2026-03-23T03:56:20.441+0000] {processor.py:183} INFO - Processing /home/airflow/.local/lib/python3.8/site-packages/airflow/example_dags/example_params_ui_tutorial.py took 0.133 seconds
