[2026-03-23T03:21:14.856+0000] {processor.py:161} INFO - Started process (PID=78) to work on /home/airflow/.local/lib/python3.8/site-packages/airflow/example_dags/example_sensor_decorator.py
[2026-03-23T03:21:14.857+0000] {processor.py:830} INFO - Processing file /home/airflow/.local/lib/python3.8/site-packages/airflow/example_dags/example_sensor_decorator.py for tasks to queue
[2026-03-23T03:21:14.859+0000] {logging_mixin.py:188} INFO - [2026-03-23T03:21:14.859+0000] {dagbag.py:540} INFO - Filling up the DagBag from /home/airflow/.local/lib/python3.8/site-packages/airflow/example_dags/example_sensor_decorator.py
[2026-03-23T03:21:14.872+0000] {processor.py:840} INFO - DAG(s) 'example_sensor_decorator' retrieved from /home/airflow/.local/lib/python3.8/site-packages/airflow/example_dags/example_sensor_decorator.py
[2026-03-23T03:21:14.890+0000] {logging_mixin.py:188} INFO - [2026-03-23T03:21:14.889+0000] {dag.py:3047} INFO - Sync 1 DAGs
[2026-03-23T03:21:14.907+0000] {logging_mixin.py:188} INFO - [2026-03-23T03:21:14.907+0000] {dag.py:3834} INFO - Setting next_dagrun for example_sensor_decorator to None, run_after=None
[2026-03-23T03:21:14.938+0000] {processor.py:183} INFO - Processing /home/airflow/.local/lib/python3.8/site-packages/airflow/example_dags/example_sensor_decorator.py took 0.086 seconds
[2026-03-23T03:21:45.040+0000] {processor.py:161} INFO - Started process (PID=133) to work on /home/airflow/.local/lib/python3.8/site-packages/airflow/example_dags/example_sensor_decorator.py
[2026-03-23T03:21:45.041+0000] {processor.py:830} INFO - Processing file /home/airflow/.local/lib/python3.8/site-packages/airflow/example_dags/example_sensor_decorator.py for tasks to queue
[2026-03-23T03:21:45.043+0000] {logging_mixin.py:188} INFO - [2026-03-23T03:21:45.042+0000] {dagbag.py:540} INFO - Filling up the DagBag from /home/airflow/.local/lib/python3.8/site-packages/airflow/example_dags/example_sensor_decorator.py
[2026-03-23T03:21:45.048+0000] {processor.py:840} INFO - DAG(s) 'example_sensor_decorator' retrieved from /home/airflow/.local/lib/python3.8/site-packages/airflow/example_dags/example_sensor_decorator.py
[2026-03-23T03:21:45.060+0000] {logging_mixin.py:188} INFO - [2026-03-23T03:21:45.060+0000] {dag.py:3047} INFO - Sync 1 DAGs
[2026-03-23T03:21:45.072+0000] {logging_mixin.py:188} INFO - [2026-03-23T03:21:45.071+0000] {dag.py:3834} INFO - Setting next_dagrun for example_sensor_decorator to None, run_after=None
[2026-03-23T03:21:45.091+0000] {processor.py:183} INFO - Processing /home/airflow/.local/lib/python3.8/site-packages/airflow/example_dags/example_sensor_decorator.py took 0.054 seconds
[2026-03-23T03:22:16.731+0000] {processor.py:161} INFO - Started process (PID=188) to work on /home/airflow/.local/lib/python3.8/site-packages/airflow/example_dags/example_sensor_decorator.py
[2026-03-23T03:22:16.733+0000] {processor.py:830} INFO - Processing file /home/airflow/.local/lib/python3.8/site-packages/airflow/example_dags/example_sensor_decorator.py for tasks to queue
[2026-03-23T03:22:16.735+0000] {logging_mixin.py:188} INFO - [2026-03-23T03:22:16.735+0000] {dagbag.py:540} INFO - Filling up the DagBag from /home/airflow/.local/lib/python3.8/site-packages/airflow/example_dags/example_sensor_decorator.py
[2026-03-23T03:22:16.740+0000] {processor.py:840} INFO - DAG(s) 'example_sensor_decorator' retrieved from /home/airflow/.local/lib/python3.8/site-packages/airflow/example_dags/example_sensor_decorator.py
[2026-03-23T03:22:16.834+0000] {logging_mixin.py:188} INFO - [2026-03-23T03:22:16.833+0000] {dag.py:3047} INFO - Sync 1 DAGs
[2026-03-23T03:22:16.848+0000] {logging_mixin.py:188} INFO - [2026-03-23T03:22:16.847+0000] {dag.py:3834} INFO - Setting next_dagrun for example_sensor_decorator to None, run_after=None
[2026-03-23T03:22:16.869+0000] {processor.py:183} INFO - Processing /home/airflow/.local/lib/python3.8/site-packages/airflow/example_dags/example_sensor_decorator.py took 0.140 seconds
[2026-03-23T03:22:47.752+0000] {processor.py:161} INFO - Started process (PID=249) to work on /home/airflow/.local/lib/python3.8/site-packages/airflow/example_dags/example_sensor_decorator.py
[2026-03-23T03:22:47.754+0000] {processor.py:830} INFO - Processing file /home/airflow/.local/lib/python3.8/site-packages/airflow/example_dags/example_sensor_decorator.py for tasks to queue
[2026-03-23T03:22:47.756+0000] {logging_mixin.py:188} INFO - [2026-03-23T03:22:47.756+0000] {dagbag.py:540} INFO - Filling up the DagBag from /home/airflow/.local/lib/python3.8/site-packages/airflow/example_dags/example_sensor_decorator.py
[2026-03-23T03:22:47.762+0000] {processor.py:840} INFO - DAG(s) 'example_sensor_decorator' retrieved from /home/airflow/.local/lib/python3.8/site-packages/airflow/example_dags/example_sensor_decorator.py
[2026-03-23T03:22:47.785+0000] {logging_mixin.py:188} INFO - [2026-03-23T03:22:47.785+0000] {dag.py:3047} INFO - Sync 1 DAGs
[2026-03-23T03:22:47.799+0000] {logging_mixin.py:188} INFO - [2026-03-23T03:22:47.799+0000] {dag.py:3834} INFO - Setting next_dagrun for example_sensor_decorator to None, run_after=None
[2026-03-23T03:22:47.820+0000] {processor.py:183} INFO - Processing /home/airflow/.local/lib/python3.8/site-packages/airflow/example_dags/example_sensor_decorator.py took 0.071 seconds
[2026-03-23T03:23:18.776+0000] {processor.py:161} INFO - Started process (PID=304) to work on /home/airflow/.local/lib/python3.8/site-packages/airflow/example_dags/example_sensor_decorator.py
[2026-03-23T03:23:18.778+0000] {processor.py:830} INFO - Processing file /home/airflow/.local/lib/python3.8/site-packages/airflow/example_dags/example_sensor_decorator.py for tasks to queue
[2026-03-23T03:23:18.781+0000] {logging_mixin.py:188} INFO - [2026-03-23T03:23:18.780+0000] {dagbag.py:540} INFO - Filling up the DagBag from /home/airflow/.local/lib/python3.8/site-packages/airflow/example_dags/example_sensor_decorator.py
[2026-03-23T03:23:18.788+0000] {processor.py:840} INFO - DAG(s) 'example_sensor_decorator' retrieved from /home/airflow/.local/lib/python3.8/site-packages/airflow/example_dags/example_sensor_decorator.py
[2026-03-23T03:23:18.810+0000] {logging_mixin.py:188} INFO - [2026-03-23T03:23:18.809+0000] {dag.py:3047} INFO - Sync 1 DAGs
[2026-03-23T03:23:18.821+0000] {logging_mixin.py:188} INFO - [2026-03-23T03:23:18.821+0000] {dag.py:3834} INFO - Setting next_dagrun for example_sensor_decorator to None, run_after=None
[2026-03-23T03:23:18.843+0000] {processor.py:183} INFO - Processing /home/airflow/.local/lib/python3.8/site-packages/airflow/example_dags/example_sensor_decorator.py took 0.071 seconds
[2026-03-23T03:25:09.048+0000] {processor.py:161} INFO - Started process (PID=78) to work on /home/airflow/.local/lib/python3.8/site-packages/airflow/example_dags/example_sensor_decorator.py
[2026-03-23T03:25:09.050+0000] {processor.py:830} INFO - Processing file /home/airflow/.local/lib/python3.8/site-packages/airflow/example_dags/example_sensor_decorator.py for tasks to queue
[2026-03-23T03:25:09.053+0000] {logging_mixin.py:188} INFO - [2026-03-23T03:25:09.053+0000] {dagbag.py:540} INFO - Filling up the DagBag from /home/airflow/.local/lib/python3.8/site-packages/airflow/example_dags/example_sensor_decorator.py
[2026-03-23T03:25:09.061+0000] {processor.py:840} INFO - DAG(s) 'example_sensor_decorator' retrieved from /home/airflow/.local/lib/python3.8/site-packages/airflow/example_dags/example_sensor_decorator.py
[2026-03-23T03:25:09.075+0000] {logging_mixin.py:188} INFO - [2026-03-23T03:25:09.075+0000] {dag.py:3047} INFO - Sync 1 DAGs
[2026-03-23T03:25:09.094+0000] {logging_mixin.py:188} INFO - [2026-03-23T03:25:09.094+0000] {dag.py:3834} INFO - Setting next_dagrun for example_sensor_decorator to None, run_after=None
[2026-03-23T03:25:09.123+0000] {processor.py:183} INFO - Processing /home/airflow/.local/lib/python3.8/site-packages/airflow/example_dags/example_sensor_decorator.py took 0.080 seconds
[2026-03-23T03:25:40.660+0000] {processor.py:161} INFO - Started process (PID=133) to work on /home/airflow/.local/lib/python3.8/site-packages/airflow/example_dags/example_sensor_decorator.py
[2026-03-23T03:25:40.661+0000] {processor.py:830} INFO - Processing file /home/airflow/.local/lib/python3.8/site-packages/airflow/example_dags/example_sensor_decorator.py for tasks to queue
[2026-03-23T03:25:40.663+0000] {logging_mixin.py:188} INFO - [2026-03-23T03:25:40.663+0000] {dagbag.py:540} INFO - Filling up the DagBag from /home/airflow/.local/lib/python3.8/site-packages/airflow/example_dags/example_sensor_decorator.py
[2026-03-23T03:25:40.669+0000] {processor.py:840} INFO - DAG(s) 'example_sensor_decorator' retrieved from /home/airflow/.local/lib/python3.8/site-packages/airflow/example_dags/example_sensor_decorator.py
[2026-03-23T03:25:40.792+0000] {logging_mixin.py:188} INFO - [2026-03-23T03:25:40.792+0000] {dag.py:3047} INFO - Sync 1 DAGs
[2026-03-23T03:25:40.806+0000] {logging_mixin.py:188} INFO - [2026-03-23T03:25:40.806+0000] {dag.py:3834} INFO - Setting next_dagrun for example_sensor_decorator to None, run_after=None
[2026-03-23T03:25:40.835+0000] {processor.py:183} INFO - Processing /home/airflow/.local/lib/python3.8/site-packages/airflow/example_dags/example_sensor_decorator.py took 0.178 seconds
[2026-03-23T03:26:10.984+0000] {processor.py:161} INFO - Started process (PID=188) to work on /home/airflow/.local/lib/python3.8/site-packages/airflow/example_dags/example_sensor_decorator.py
[2026-03-23T03:26:10.986+0000] {processor.py:830} INFO - Processing file /home/airflow/.local/lib/python3.8/site-packages/airflow/example_dags/example_sensor_decorator.py for tasks to queue
[2026-03-23T03:26:10.987+0000] {logging_mixin.py:188} INFO - [2026-03-23T03:26:10.987+0000] {dagbag.py:540} INFO - Filling up the DagBag from /home/airflow/.local/lib/python3.8/site-packages/airflow/example_dags/example_sensor_decorator.py
[2026-03-23T03:26:10.993+0000] {processor.py:840} INFO - DAG(s) 'example_sensor_decorator' retrieved from /home/airflow/.local/lib/python3.8/site-packages/airflow/example_dags/example_sensor_decorator.py
[2026-03-23T03:26:11.015+0000] {logging_mixin.py:188} INFO - [2026-03-23T03:26:11.015+0000] {dag.py:3047} INFO - Sync 1 DAGs
[2026-03-23T03:26:11.029+0000] {logging_mixin.py:188} INFO - [2026-03-23T03:26:11.029+0000] {dag.py:3834} INFO - Setting next_dagrun for example_sensor_decorator to None, run_after=None
[2026-03-23T03:26:11.058+0000] {processor.py:183} INFO - Processing /home/airflow/.local/lib/python3.8/site-packages/airflow/example_dags/example_sensor_decorator.py took 0.077 seconds
[2026-03-23T03:26:41.091+0000] {processor.py:161} INFO - Started process (PID=243) to work on /home/airflow/.local/lib/python3.8/site-packages/airflow/example_dags/example_sensor_decorator.py
[2026-03-23T03:26:41.093+0000] {processor.py:830} INFO - Processing file /home/airflow/.local/lib/python3.8/site-packages/airflow/example_dags/example_sensor_decorator.py for tasks to queue
[2026-03-23T03:26:41.094+0000] {logging_mixin.py:188} INFO - [2026-03-23T03:26:41.094+0000] {dagbag.py:540} INFO - Filling up the DagBag from /home/airflow/.local/lib/python3.8/site-packages/airflow/example_dags/example_sensor_decorator.py
[2026-03-23T03:26:41.101+0000] {processor.py:840} INFO - DAG(s) 'example_sensor_decorator' retrieved from /home/airflow/.local/lib/python3.8/site-packages/airflow/example_dags/example_sensor_decorator.py
[2026-03-23T03:26:41.122+0000] {logging_mixin.py:188} INFO - [2026-03-23T03:26:41.122+0000] {dag.py:3047} INFO - Sync 1 DAGs
[2026-03-23T03:26:41.135+0000] {logging_mixin.py:188} INFO - [2026-03-23T03:26:41.134+0000] {dag.py:3834} INFO - Setting next_dagrun for example_sensor_decorator to None, run_after=None
[2026-03-23T03:26:41.158+0000] {processor.py:183} INFO - Processing /home/airflow/.local/lib/python3.8/site-packages/airflow/example_dags/example_sensor_decorator.py took 0.070 seconds
[2026-03-23T03:27:11.604+0000] {processor.py:161} INFO - Started process (PID=298) to work on /home/airflow/.local/lib/python3.8/site-packages/airflow/example_dags/example_sensor_decorator.py
[2026-03-23T03:27:11.605+0000] {processor.py:830} INFO - Processing file /home/airflow/.local/lib/python3.8/site-packages/airflow/example_dags/example_sensor_decorator.py for tasks to queue
[2026-03-23T03:27:11.607+0000] {logging_mixin.py:188} INFO - [2026-03-23T03:27:11.607+0000] {dagbag.py:540} INFO - Filling up the DagBag from /home/airflow/.local/lib/python3.8/site-packages/airflow/example_dags/example_sensor_decorator.py
[2026-03-23T03:27:11.613+0000] {processor.py:840} INFO - DAG(s) 'example_sensor_decorator' retrieved from /home/airflow/.local/lib/python3.8/site-packages/airflow/example_dags/example_sensor_decorator.py
[2026-03-23T03:27:11.632+0000] {logging_mixin.py:188} INFO - [2026-03-23T03:27:11.632+0000] {dag.py:3047} INFO - Sync 1 DAGs
[2026-03-23T03:27:11.645+0000] {logging_mixin.py:188} INFO - [2026-03-23T03:27:11.644+0000] {dag.py:3834} INFO - Setting next_dagrun for example_sensor_decorator to None, run_after=None
[2026-03-23T03:27:11.666+0000] {processor.py:183} INFO - Processing /home/airflow/.local/lib/python3.8/site-packages/airflow/example_dags/example_sensor_decorator.py took 0.065 seconds
[2026-03-23T03:27:41.768+0000] {processor.py:161} INFO - Started process (PID=353) to work on /home/airflow/.local/lib/python3.8/site-packages/airflow/example_dags/example_sensor_decorator.py
[2026-03-23T03:27:41.769+0000] {processor.py:830} INFO - Processing file /home/airflow/.local/lib/python3.8/site-packages/airflow/example_dags/example_sensor_decorator.py for tasks to queue
[2026-03-23T03:27:41.771+0000] {logging_mixin.py:188} INFO - [2026-03-23T03:27:41.771+0000] {dagbag.py:540} INFO - Filling up the DagBag from /home/airflow/.local/lib/python3.8/site-packages/airflow/example_dags/example_sensor_decorator.py
[2026-03-23T03:27:41.776+0000] {processor.py:840} INFO - DAG(s) 'example_sensor_decorator' retrieved from /home/airflow/.local/lib/python3.8/site-packages/airflow/example_dags/example_sensor_decorator.py
[2026-03-23T03:27:41.800+0000] {logging_mixin.py:188} INFO - [2026-03-23T03:27:41.800+0000] {dag.py:3047} INFO - Sync 1 DAGs
[2026-03-23T03:27:41.812+0000] {logging_mixin.py:188} INFO - [2026-03-23T03:27:41.812+0000] {dag.py:3834} INFO - Setting next_dagrun for example_sensor_decorator to None, run_after=None
[2026-03-23T03:27:41.835+0000] {processor.py:183} INFO - Processing /home/airflow/.local/lib/python3.8/site-packages/airflow/example_dags/example_sensor_decorator.py took 0.069 seconds
[2026-03-23T03:28:12.149+0000] {processor.py:161} INFO - Started process (PID=414) to work on /home/airflow/.local/lib/python3.8/site-packages/airflow/example_dags/example_sensor_decorator.py
[2026-03-23T03:28:12.150+0000] {processor.py:830} INFO - Processing file /home/airflow/.local/lib/python3.8/site-packages/airflow/example_dags/example_sensor_decorator.py for tasks to queue
[2026-03-23T03:28:12.151+0000] {logging_mixin.py:188} INFO - [2026-03-23T03:28:12.151+0000] {dagbag.py:540} INFO - Filling up the DagBag from /home/airflow/.local/lib/python3.8/site-packages/airflow/example_dags/example_sensor_decorator.py
[2026-03-23T03:28:12.156+0000] {processor.py:840} INFO - DAG(s) 'example_sensor_decorator' retrieved from /home/airflow/.local/lib/python3.8/site-packages/airflow/example_dags/example_sensor_decorator.py
[2026-03-23T03:28:12.175+0000] {logging_mixin.py:188} INFO - [2026-03-23T03:28:12.175+0000] {dag.py:3047} INFO - Sync 1 DAGs
[2026-03-23T03:28:12.188+0000] {logging_mixin.py:188} INFO - [2026-03-23T03:28:12.187+0000] {dag.py:3834} INFO - Setting next_dagrun for example_sensor_decorator to None, run_after=None
[2026-03-23T03:28:12.208+0000] {processor.py:183} INFO - Processing /home/airflow/.local/lib/python3.8/site-packages/airflow/example_dags/example_sensor_decorator.py took 0.062 seconds
[2026-03-23T03:28:42.572+0000] {processor.py:161} INFO - Started process (PID=469) to work on /home/airflow/.local/lib/python3.8/site-packages/airflow/example_dags/example_sensor_decorator.py
[2026-03-23T03:28:42.573+0000] {processor.py:830} INFO - Processing file /home/airflow/.local/lib/python3.8/site-packages/airflow/example_dags/example_sensor_decorator.py for tasks to queue
[2026-03-23T03:28:42.576+0000] {logging_mixin.py:188} INFO - [2026-03-23T03:28:42.575+0000] {dagbag.py:540} INFO - Filling up the DagBag from /home/airflow/.local/lib/python3.8/site-packages/airflow/example_dags/example_sensor_decorator.py
[2026-03-23T03:28:42.581+0000] {processor.py:840} INFO - DAG(s) 'example_sensor_decorator' retrieved from /home/airflow/.local/lib/python3.8/site-packages/airflow/example_dags/example_sensor_decorator.py
[2026-03-23T03:28:42.599+0000] {logging_mixin.py:188} INFO - [2026-03-23T03:28:42.599+0000] {dag.py:3047} INFO - Sync 1 DAGs
[2026-03-23T03:28:42.610+0000] {logging_mixin.py:188} INFO - [2026-03-23T03:28:42.610+0000] {dag.py:3834} INFO - Setting next_dagrun for example_sensor_decorator to None, run_after=None
[2026-03-23T03:28:42.628+0000] {processor.py:183} INFO - Processing /home/airflow/.local/lib/python3.8/site-packages/airflow/example_dags/example_sensor_decorator.py took 0.059 seconds
[2026-03-23T03:29:13.035+0000] {processor.py:161} INFO - Started process (PID=524) to work on /home/airflow/.local/lib/python3.8/site-packages/airflow/example_dags/example_sensor_decorator.py
[2026-03-23T03:29:13.036+0000] {processor.py:830} INFO - Processing file /home/airflow/.local/lib/python3.8/site-packages/airflow/example_dags/example_sensor_decorator.py for tasks to queue
[2026-03-23T03:29:13.038+0000] {logging_mixin.py:188} INFO - [2026-03-23T03:29:13.038+0000] {dagbag.py:540} INFO - Filling up the DagBag from /home/airflow/.local/lib/python3.8/site-packages/airflow/example_dags/example_sensor_decorator.py
[2026-03-23T03:29:13.043+0000] {processor.py:840} INFO - DAG(s) 'example_sensor_decorator' retrieved from /home/airflow/.local/lib/python3.8/site-packages/airflow/example_dags/example_sensor_decorator.py
[2026-03-23T03:29:13.062+0000] {logging_mixin.py:188} INFO - [2026-03-23T03:29:13.061+0000] {dag.py:3047} INFO - Sync 1 DAGs
[2026-03-23T03:29:13.073+0000] {logging_mixin.py:188} INFO - [2026-03-23T03:29:13.073+0000] {dag.py:3834} INFO - Setting next_dagrun for example_sensor_decorator to None, run_after=None
[2026-03-23T03:29:13.092+0000] {processor.py:183} INFO - Processing /home/airflow/.local/lib/python3.8/site-packages/airflow/example_dags/example_sensor_decorator.py took 0.060 seconds
[2026-03-23T03:29:43.164+0000] {processor.py:161} INFO - Started process (PID=579) to work on /home/airflow/.local/lib/python3.8/site-packages/airflow/example_dags/example_sensor_decorator.py
[2026-03-23T03:29:43.166+0000] {processor.py:830} INFO - Processing file /home/airflow/.local/lib/python3.8/site-packages/airflow/example_dags/example_sensor_decorator.py for tasks to queue
[2026-03-23T03:29:43.167+0000] {logging_mixin.py:188} INFO - [2026-03-23T03:29:43.167+0000] {dagbag.py:540} INFO - Filling up the DagBag from /home/airflow/.local/lib/python3.8/site-packages/airflow/example_dags/example_sensor_decorator.py
[2026-03-23T03:29:43.172+0000] {processor.py:840} INFO - DAG(s) 'example_sensor_decorator' retrieved from /home/airflow/.local/lib/python3.8/site-packages/airflow/example_dags/example_sensor_decorator.py
[2026-03-23T03:29:43.192+0000] {logging_mixin.py:188} INFO - [2026-03-23T03:29:43.192+0000] {dag.py:3047} INFO - Sync 1 DAGs
[2026-03-23T03:29:43.202+0000] {logging_mixin.py:188} INFO - [2026-03-23T03:29:43.202+0000] {dag.py:3834} INFO - Setting next_dagrun for example_sensor_decorator to None, run_after=None
[2026-03-23T03:29:43.223+0000] {processor.py:183} INFO - Processing /home/airflow/.local/lib/python3.8/site-packages/airflow/example_dags/example_sensor_decorator.py took 0.061 seconds
[2026-03-23T03:30:13.529+0000] {processor.py:161} INFO - Started process (PID=634) to work on /home/airflow/.local/lib/python3.8/site-packages/airflow/example_dags/example_sensor_decorator.py
[2026-03-23T03:30:13.531+0000] {processor.py:830} INFO - Processing file /home/airflow/.local/lib/python3.8/site-packages/airflow/example_dags/example_sensor_decorator.py for tasks to queue
[2026-03-23T03:30:13.533+0000] {logging_mixin.py:188} INFO - [2026-03-23T03:30:13.533+0000] {dagbag.py:540} INFO - Filling up the DagBag from /home/airflow/.local/lib/python3.8/site-packages/airflow/example_dags/example_sensor_decorator.py
[2026-03-23T03:30:13.540+0000] {processor.py:840} INFO - DAG(s) 'example_sensor_decorator' retrieved from /home/airflow/.local/lib/python3.8/site-packages/airflow/example_dags/example_sensor_decorator.py
[2026-03-23T03:30:13.565+0000] {logging_mixin.py:188} INFO - [2026-03-23T03:30:13.564+0000] {dag.py:3047} INFO - Sync 1 DAGs
[2026-03-23T03:30:13.578+0000] {logging_mixin.py:188} INFO - [2026-03-23T03:30:13.578+0000] {dag.py:3834} INFO - Setting next_dagrun for example_sensor_decorator to None, run_after=None
[2026-03-23T03:30:13.605+0000] {processor.py:183} INFO - Processing /home/airflow/.local/lib/python3.8/site-packages/airflow/example_dags/example_sensor_decorator.py took 0.079 seconds
[2026-03-23T03:30:43.728+0000] {processor.py:161} INFO - Started process (PID=689) to work on /home/airflow/.local/lib/python3.8/site-packages/airflow/example_dags/example_sensor_decorator.py
[2026-03-23T03:30:43.730+0000] {processor.py:830} INFO - Processing file /home/airflow/.local/lib/python3.8/site-packages/airflow/example_dags/example_sensor_decorator.py for tasks to queue
[2026-03-23T03:30:43.732+0000] {logging_mixin.py:188} INFO - [2026-03-23T03:30:43.731+0000] {dagbag.py:540} INFO - Filling up the DagBag from /home/airflow/.local/lib/python3.8/site-packages/airflow/example_dags/example_sensor_decorator.py
[2026-03-23T03:30:43.737+0000] {processor.py:840} INFO - DAG(s) 'example_sensor_decorator' retrieved from /home/airflow/.local/lib/python3.8/site-packages/airflow/example_dags/example_sensor_decorator.py
[2026-03-23T03:30:43.756+0000] {logging_mixin.py:188} INFO - [2026-03-23T03:30:43.755+0000] {dag.py:3047} INFO - Sync 1 DAGs
[2026-03-23T03:30:43.767+0000] {logging_mixin.py:188} INFO - [2026-03-23T03:30:43.767+0000] {dag.py:3834} INFO - Setting next_dagrun for example_sensor_decorator to None, run_after=None
[2026-03-23T03:30:43.787+0000] {processor.py:183} INFO - Processing /home/airflow/.local/lib/python3.8/site-packages/airflow/example_dags/example_sensor_decorator.py took 0.062 seconds
[2026-03-23T03:31:13.894+0000] {processor.py:161} INFO - Started process (PID=744) to work on /home/airflow/.local/lib/python3.8/site-packages/airflow/example_dags/example_sensor_decorator.py
[2026-03-23T03:31:13.895+0000] {processor.py:830} INFO - Processing file /home/airflow/.local/lib/python3.8/site-packages/airflow/example_dags/example_sensor_decorator.py for tasks to queue
[2026-03-23T03:31:13.897+0000] {logging_mixin.py:188} INFO - [2026-03-23T03:31:13.896+0000] {dagbag.py:540} INFO - Filling up the DagBag from /home/airflow/.local/lib/python3.8/site-packages/airflow/example_dags/example_sensor_decorator.py
[2026-03-23T03:31:13.902+0000] {processor.py:840} INFO - DAG(s) 'example_sensor_decorator' retrieved from /home/airflow/.local/lib/python3.8/site-packages/airflow/example_dags/example_sensor_decorator.py
[2026-03-23T03:31:13.920+0000] {logging_mixin.py:188} INFO - [2026-03-23T03:31:13.920+0000] {dag.py:3047} INFO - Sync 1 DAGs
[2026-03-23T03:31:13.931+0000] {logging_mixin.py:188} INFO - [2026-03-23T03:31:13.931+0000] {dag.py:3834} INFO - Setting next_dagrun for example_sensor_decorator to None, run_after=None
[2026-03-23T03:31:13.951+0000] {processor.py:183} INFO - Processing /home/airflow/.local/lib/python3.8/site-packages/airflow/example_dags/example_sensor_decorator.py took 0.060 seconds
[2026-03-23T03:31:44.554+0000] {processor.py:161} INFO - Started process (PID=799) to work on /home/airflow/.local/lib/python3.8/site-packages/airflow/example_dags/example_sensor_decorator.py
[2026-03-23T03:31:44.555+0000] {processor.py:830} INFO - Processing file /home/airflow/.local/lib/python3.8/site-packages/airflow/example_dags/example_sensor_decorator.py for tasks to queue
[2026-03-23T03:31:44.557+0000] {logging_mixin.py:188} INFO - [2026-03-23T03:31:44.557+0000] {dagbag.py:540} INFO - Filling up the DagBag from /home/airflow/.local/lib/python3.8/site-packages/airflow/example_dags/example_sensor_decorator.py
[2026-03-23T03:31:44.562+0000] {processor.py:840} INFO - DAG(s) 'example_sensor_decorator' retrieved from /home/airflow/.local/lib/python3.8/site-packages/airflow/example_dags/example_sensor_decorator.py
[2026-03-23T03:31:44.583+0000] {logging_mixin.py:188} INFO - [2026-03-23T03:31:44.582+0000] {dag.py:3047} INFO - Sync 1 DAGs
[2026-03-23T03:31:44.595+0000] {logging_mixin.py:188} INFO - [2026-03-23T03:31:44.595+0000] {dag.py:3834} INFO - Setting next_dagrun for example_sensor_decorator to None, run_after=None
[2026-03-23T03:31:44.617+0000] {processor.py:183} INFO - Processing /home/airflow/.local/lib/python3.8/site-packages/airflow/example_dags/example_sensor_decorator.py took 0.066 seconds
[2026-03-23T03:32:15.281+0000] {processor.py:161} INFO - Started process (PID=854) to work on /home/airflow/.local/lib/python3.8/site-packages/airflow/example_dags/example_sensor_decorator.py
[2026-03-23T03:32:15.282+0000] {processor.py:830} INFO - Processing file /home/airflow/.local/lib/python3.8/site-packages/airflow/example_dags/example_sensor_decorator.py for tasks to queue
[2026-03-23T03:32:15.284+0000] {logging_mixin.py:188} INFO - [2026-03-23T03:32:15.284+0000] {dagbag.py:540} INFO - Filling up the DagBag from /home/airflow/.local/lib/python3.8/site-packages/airflow/example_dags/example_sensor_decorator.py
[2026-03-23T03:32:15.290+0000] {processor.py:840} INFO - DAG(s) 'example_sensor_decorator' retrieved from /home/airflow/.local/lib/python3.8/site-packages/airflow/example_dags/example_sensor_decorator.py
[2026-03-23T03:32:15.310+0000] {logging_mixin.py:188} INFO - [2026-03-23T03:32:15.309+0000] {dag.py:3047} INFO - Sync 1 DAGs
[2026-03-23T03:32:15.322+0000] {logging_mixin.py:188} INFO - [2026-03-23T03:32:15.322+0000] {dag.py:3834} INFO - Setting next_dagrun for example_sensor_decorator to None, run_after=None
[2026-03-23T03:32:15.342+0000] {processor.py:183} INFO - Processing /home/airflow/.local/lib/python3.8/site-packages/airflow/example_dags/example_sensor_decorator.py took 0.063 seconds
[2026-03-23T03:32:45.404+0000] {processor.py:161} INFO - Started process (PID=909) to work on /home/airflow/.local/lib/python3.8/site-packages/airflow/example_dags/example_sensor_decorator.py
[2026-03-23T03:32:45.405+0000] {processor.py:830} INFO - Processing file /home/airflow/.local/lib/python3.8/site-packages/airflow/example_dags/example_sensor_decorator.py for tasks to queue
[2026-03-23T03:32:45.407+0000] {logging_mixin.py:188} INFO - [2026-03-23T03:32:45.406+0000] {dagbag.py:540} INFO - Filling up the DagBag from /home/airflow/.local/lib/python3.8/site-packages/airflow/example_dags/example_sensor_decorator.py
[2026-03-23T03:32:45.411+0000] {processor.py:840} INFO - DAG(s) 'example_sensor_decorator' retrieved from /home/airflow/.local/lib/python3.8/site-packages/airflow/example_dags/example_sensor_decorator.py
[2026-03-23T03:32:45.432+0000] {logging_mixin.py:188} INFO - [2026-03-23T03:32:45.431+0000] {dag.py:3047} INFO - Sync 1 DAGs
[2026-03-23T03:32:45.443+0000] {logging_mixin.py:188} INFO - [2026-03-23T03:32:45.443+0000] {dag.py:3834} INFO - Setting next_dagrun for example_sensor_decorator to None, run_after=None
[2026-03-23T03:32:45.463+0000] {processor.py:183} INFO - Processing /home/airflow/.local/lib/python3.8/site-packages/airflow/example_dags/example_sensor_decorator.py took 0.062 seconds
[2026-03-23T03:33:15.589+0000] {processor.py:161} INFO - Started process (PID=964) to work on /home/airflow/.local/lib/python3.8/site-packages/airflow/example_dags/example_sensor_decorator.py
[2026-03-23T03:33:15.590+0000] {processor.py:830} INFO - Processing file /home/airflow/.local/lib/python3.8/site-packages/airflow/example_dags/example_sensor_decorator.py for tasks to queue
[2026-03-23T03:33:15.592+0000] {logging_mixin.py:188} INFO - [2026-03-23T03:33:15.592+0000] {dagbag.py:540} INFO - Filling up the DagBag from /home/airflow/.local/lib/python3.8/site-packages/airflow/example_dags/example_sensor_decorator.py
[2026-03-23T03:33:15.597+0000] {processor.py:840} INFO - DAG(s) 'example_sensor_decorator' retrieved from /home/airflow/.local/lib/python3.8/site-packages/airflow/example_dags/example_sensor_decorator.py
[2026-03-23T03:33:15.616+0000] {logging_mixin.py:188} INFO - [2026-03-23T03:33:15.616+0000] {dag.py:3047} INFO - Sync 1 DAGs
[2026-03-23T03:33:15.628+0000] {logging_mixin.py:188} INFO - [2026-03-23T03:33:15.627+0000] {dag.py:3834} INFO - Setting next_dagrun for example_sensor_decorator to None, run_after=None
[2026-03-23T03:33:15.651+0000] {processor.py:183} INFO - Processing /home/airflow/.local/lib/python3.8/site-packages/airflow/example_dags/example_sensor_decorator.py took 0.064 seconds
[2026-03-23T03:33:45.766+0000] {processor.py:161} INFO - Started process (PID=1019) to work on /home/airflow/.local/lib/python3.8/site-packages/airflow/example_dags/example_sensor_decorator.py
[2026-03-23T03:33:45.768+0000] {processor.py:830} INFO - Processing file /home/airflow/.local/lib/python3.8/site-packages/airflow/example_dags/example_sensor_decorator.py for tasks to queue
[2026-03-23T03:33:45.770+0000] {logging_mixin.py:188} INFO - [2026-03-23T03:33:45.769+0000] {dagbag.py:540} INFO - Filling up the DagBag from /home/airflow/.local/lib/python3.8/site-packages/airflow/example_dags/example_sensor_decorator.py
[2026-03-23T03:33:45.776+0000] {processor.py:840} INFO - DAG(s) 'example_sensor_decorator' retrieved from /home/airflow/.local/lib/python3.8/site-packages/airflow/example_dags/example_sensor_decorator.py
[2026-03-23T03:33:45.800+0000] {logging_mixin.py:188} INFO - [2026-03-23T03:33:45.800+0000] {dag.py:3047} INFO - Sync 1 DAGs
[2026-03-23T03:33:45.814+0000] {logging_mixin.py:188} INFO - [2026-03-23T03:33:45.814+0000] {dag.py:3834} INFO - Setting next_dagrun for example_sensor_decorator to None, run_after=None
[2026-03-23T03:33:45.839+0000] {processor.py:183} INFO - Processing /home/airflow/.local/lib/python3.8/site-packages/airflow/example_dags/example_sensor_decorator.py took 0.076 seconds
[2026-03-23T03:34:15.874+0000] {processor.py:161} INFO - Started process (PID=1073) to work on /home/airflow/.local/lib/python3.8/site-packages/airflow/example_dags/example_sensor_decorator.py
[2026-03-23T03:34:15.875+0000] {processor.py:830} INFO - Processing file /home/airflow/.local/lib/python3.8/site-packages/airflow/example_dags/example_sensor_decorator.py for tasks to queue
[2026-03-23T03:34:15.877+0000] {logging_mixin.py:188} INFO - [2026-03-23T03:34:15.877+0000] {dagbag.py:540} INFO - Filling up the DagBag from /home/airflow/.local/lib/python3.8/site-packages/airflow/example_dags/example_sensor_decorator.py
[2026-03-23T03:34:15.882+0000] {processor.py:840} INFO - DAG(s) 'example_sensor_decorator' retrieved from /home/airflow/.local/lib/python3.8/site-packages/airflow/example_dags/example_sensor_decorator.py
[2026-03-23T03:34:15.904+0000] {logging_mixin.py:188} INFO - [2026-03-23T03:34:15.904+0000] {dag.py:3047} INFO - Sync 1 DAGs
[2026-03-23T03:34:15.916+0000] {logging_mixin.py:188} INFO - [2026-03-23T03:34:15.916+0000] {dag.py:3834} INFO - Setting next_dagrun for example_sensor_decorator to None, run_after=None
[2026-03-23T03:34:15.937+0000] {processor.py:183} INFO - Processing /home/airflow/.local/lib/python3.8/site-packages/airflow/example_dags/example_sensor_decorator.py took 0.066 seconds
[2026-03-23T03:34:46.169+0000] {processor.py:161} INFO - Started process (PID=1129) to work on /home/airflow/.local/lib/python3.8/site-packages/airflow/example_dags/example_sensor_decorator.py
[2026-03-23T03:34:46.171+0000] {processor.py:830} INFO - Processing file /home/airflow/.local/lib/python3.8/site-packages/airflow/example_dags/example_sensor_decorator.py for tasks to queue
[2026-03-23T03:34:46.173+0000] {logging_mixin.py:188} INFO - [2026-03-23T03:34:46.173+0000] {dagbag.py:540} INFO - Filling up the DagBag from /home/airflow/.local/lib/python3.8/site-packages/airflow/example_dags/example_sensor_decorator.py
[2026-03-23T03:34:46.179+0000] {processor.py:840} INFO - DAG(s) 'example_sensor_decorator' retrieved from /home/airflow/.local/lib/python3.8/site-packages/airflow/example_dags/example_sensor_decorator.py
[2026-03-23T03:34:46.201+0000] {logging_mixin.py:188} INFO - [2026-03-23T03:34:46.201+0000] {dag.py:3047} INFO - Sync 1 DAGs
[2026-03-23T03:34:46.215+0000] {logging_mixin.py:188} INFO - [2026-03-23T03:34:46.215+0000] {dag.py:3834} INFO - Setting next_dagrun for example_sensor_decorator to None, run_after=None
[2026-03-23T03:34:46.241+0000] {processor.py:183} INFO - Processing /home/airflow/.local/lib/python3.8/site-packages/airflow/example_dags/example_sensor_decorator.py took 0.075 seconds
[2026-03-23T03:37:19.803+0000] {processor.py:161} INFO - Started process (PID=78) to work on /home/airflow/.local/lib/python3.8/site-packages/airflow/example_dags/example_sensor_decorator.py
[2026-03-23T03:37:19.805+0000] {processor.py:830} INFO - Processing file /home/airflow/.local/lib/python3.8/site-packages/airflow/example_dags/example_sensor_decorator.py for tasks to queue
[2026-03-23T03:37:19.808+0000] {logging_mixin.py:188} INFO - [2026-03-23T03:37:19.807+0000] {dagbag.py:540} INFO - Filling up the DagBag from /home/airflow/.local/lib/python3.8/site-packages/airflow/example_dags/example_sensor_decorator.py
[2026-03-23T03:37:19.815+0000] {processor.py:840} INFO - DAG(s) 'example_sensor_decorator' retrieved from /home/airflow/.local/lib/python3.8/site-packages/airflow/example_dags/example_sensor_decorator.py
[2026-03-23T03:37:19.831+0000] {logging_mixin.py:188} INFO - [2026-03-23T03:37:19.831+0000] {dag.py:3047} INFO - Sync 1 DAGs
[2026-03-23T03:37:19.848+0000] {logging_mixin.py:188} INFO - [2026-03-23T03:37:19.848+0000] {dag.py:3834} INFO - Setting next_dagrun for example_sensor_decorator to None, run_after=None
[2026-03-23T03:37:19.880+0000] {processor.py:183} INFO - Processing /home/airflow/.local/lib/python3.8/site-packages/airflow/example_dags/example_sensor_decorator.py took 0.080 seconds
[2026-03-23T03:37:51.102+0000] {processor.py:161} INFO - Started process (PID=133) to work on /home/airflow/.local/lib/python3.8/site-packages/airflow/example_dags/example_sensor_decorator.py
[2026-03-23T03:37:51.103+0000] {processor.py:830} INFO - Processing file /home/airflow/.local/lib/python3.8/site-packages/airflow/example_dags/example_sensor_decorator.py for tasks to queue
[2026-03-23T03:37:51.105+0000] {logging_mixin.py:188} INFO - [2026-03-23T03:37:51.105+0000] {dagbag.py:540} INFO - Filling up the DagBag from /home/airflow/.local/lib/python3.8/site-packages/airflow/example_dags/example_sensor_decorator.py
[2026-03-23T03:37:51.112+0000] {processor.py:840} INFO - DAG(s) 'example_sensor_decorator' retrieved from /home/airflow/.local/lib/python3.8/site-packages/airflow/example_dags/example_sensor_decorator.py
[2026-03-23T03:37:51.206+0000] {logging_mixin.py:188} INFO - [2026-03-23T03:37:51.206+0000] {dag.py:3047} INFO - Sync 1 DAGs
[2026-03-23T03:37:51.217+0000] {logging_mixin.py:188} INFO - [2026-03-23T03:37:51.216+0000] {dag.py:3834} INFO - Setting next_dagrun for example_sensor_decorator to None, run_after=None
[2026-03-23T03:37:51.237+0000] {processor.py:183} INFO - Processing /home/airflow/.local/lib/python3.8/site-packages/airflow/example_dags/example_sensor_decorator.py took 0.138 seconds
[2026-03-23T03:38:21.910+0000] {processor.py:161} INFO - Started process (PID=188) to work on /home/airflow/.local/lib/python3.8/site-packages/airflow/example_dags/example_sensor_decorator.py
[2026-03-23T03:38:21.911+0000] {processor.py:830} INFO - Processing file /home/airflow/.local/lib/python3.8/site-packages/airflow/example_dags/example_sensor_decorator.py for tasks to queue
[2026-03-23T03:38:21.913+0000] {logging_mixin.py:188} INFO - [2026-03-23T03:38:21.913+0000] {dagbag.py:540} INFO - Filling up the DagBag from /home/airflow/.local/lib/python3.8/site-packages/airflow/example_dags/example_sensor_decorator.py
[2026-03-23T03:38:21.918+0000] {processor.py:840} INFO - DAG(s) 'example_sensor_decorator' retrieved from /home/airflow/.local/lib/python3.8/site-packages/airflow/example_dags/example_sensor_decorator.py
[2026-03-23T03:38:21.937+0000] {logging_mixin.py:188} INFO - [2026-03-23T03:38:21.937+0000] {dag.py:3047} INFO - Sync 1 DAGs
[2026-03-23T03:38:21.950+0000] {logging_mixin.py:188} INFO - [2026-03-23T03:38:21.949+0000] {dag.py:3834} INFO - Setting next_dagrun for example_sensor_decorator to None, run_after=None
[2026-03-23T03:38:21.971+0000] {processor.py:183} INFO - Processing /home/airflow/.local/lib/python3.8/site-packages/airflow/example_dags/example_sensor_decorator.py took 0.064 seconds
[2026-03-23T03:38:52.447+0000] {processor.py:161} INFO - Started process (PID=249) to work on /home/airflow/.local/lib/python3.8/site-packages/airflow/example_dags/example_sensor_decorator.py
[2026-03-23T03:38:52.448+0000] {processor.py:830} INFO - Processing file /home/airflow/.local/lib/python3.8/site-packages/airflow/example_dags/example_sensor_decorator.py for tasks to queue
[2026-03-23T03:38:52.450+0000] {logging_mixin.py:188} INFO - [2026-03-23T03:38:52.450+0000] {dagbag.py:540} INFO - Filling up the DagBag from /home/airflow/.local/lib/python3.8/site-packages/airflow/example_dags/example_sensor_decorator.py
[2026-03-23T03:38:52.457+0000] {processor.py:840} INFO - DAG(s) 'example_sensor_decorator' retrieved from /home/airflow/.local/lib/python3.8/site-packages/airflow/example_dags/example_sensor_decorator.py
[2026-03-23T03:38:52.483+0000] {logging_mixin.py:188} INFO - [2026-03-23T03:38:52.482+0000] {dag.py:3047} INFO - Sync 1 DAGs
[2026-03-23T03:38:52.497+0000] {logging_mixin.py:188} INFO - [2026-03-23T03:38:52.496+0000] {dag.py:3834} INFO - Setting next_dagrun for example_sensor_decorator to None, run_after=None
[2026-03-23T03:38:52.522+0000] {processor.py:183} INFO - Processing /home/airflow/.local/lib/python3.8/site-packages/airflow/example_dags/example_sensor_decorator.py took 0.079 seconds
[2026-03-23T03:39:23.013+0000] {processor.py:161} INFO - Started process (PID=304) to work on /home/airflow/.local/lib/python3.8/site-packages/airflow/example_dags/example_sensor_decorator.py
[2026-03-23T03:39:23.014+0000] {processor.py:830} INFO - Processing file /home/airflow/.local/lib/python3.8/site-packages/airflow/example_dags/example_sensor_decorator.py for tasks to queue
[2026-03-23T03:39:23.016+0000] {logging_mixin.py:188} INFO - [2026-03-23T03:39:23.016+0000] {dagbag.py:540} INFO - Filling up the DagBag from /home/airflow/.local/lib/python3.8/site-packages/airflow/example_dags/example_sensor_decorator.py
[2026-03-23T03:39:23.021+0000] {processor.py:840} INFO - DAG(s) 'example_sensor_decorator' retrieved from /home/airflow/.local/lib/python3.8/site-packages/airflow/example_dags/example_sensor_decorator.py
[2026-03-23T03:39:23.039+0000] {logging_mixin.py:188} INFO - [2026-03-23T03:39:23.039+0000] {dag.py:3047} INFO - Sync 1 DAGs
[2026-03-23T03:39:23.051+0000] {logging_mixin.py:188} INFO - [2026-03-23T03:39:23.051+0000] {dag.py:3834} INFO - Setting next_dagrun for example_sensor_decorator to None, run_after=None
[2026-03-23T03:39:23.074+0000] {processor.py:183} INFO - Processing /home/airflow/.local/lib/python3.8/site-packages/airflow/example_dags/example_sensor_decorator.py took 0.064 seconds
[2026-03-23T03:39:53.159+0000] {processor.py:161} INFO - Started process (PID=359) to work on /home/airflow/.local/lib/python3.8/site-packages/airflow/example_dags/example_sensor_decorator.py
[2026-03-23T03:39:53.160+0000] {processor.py:830} INFO - Processing file /home/airflow/.local/lib/python3.8/site-packages/airflow/example_dags/example_sensor_decorator.py for tasks to queue
[2026-03-23T03:39:53.162+0000] {logging_mixin.py:188} INFO - [2026-03-23T03:39:53.162+0000] {dagbag.py:540} INFO - Filling up the DagBag from /home/airflow/.local/lib/python3.8/site-packages/airflow/example_dags/example_sensor_decorator.py
[2026-03-23T03:39:53.167+0000] {processor.py:840} INFO - DAG(s) 'example_sensor_decorator' retrieved from /home/airflow/.local/lib/python3.8/site-packages/airflow/example_dags/example_sensor_decorator.py
[2026-03-23T03:39:53.187+0000] {logging_mixin.py:188} INFO - [2026-03-23T03:39:53.187+0000] {dag.py:3047} INFO - Sync 1 DAGs
[2026-03-23T03:39:53.200+0000] {logging_mixin.py:188} INFO - [2026-03-23T03:39:53.199+0000] {dag.py:3834} INFO - Setting next_dagrun for example_sensor_decorator to None, run_after=None
[2026-03-23T03:39:53.221+0000] {processor.py:183} INFO - Processing /home/airflow/.local/lib/python3.8/site-packages/airflow/example_dags/example_sensor_decorator.py took 0.065 seconds
[2026-03-23T03:40:23.712+0000] {processor.py:161} INFO - Started process (PID=414) to work on /home/airflow/.local/lib/python3.8/site-packages/airflow/example_dags/example_sensor_decorator.py
[2026-03-23T03:40:23.713+0000] {processor.py:830} INFO - Processing file /home/airflow/.local/lib/python3.8/site-packages/airflow/example_dags/example_sensor_decorator.py for tasks to queue
[2026-03-23T03:40:23.715+0000] {logging_mixin.py:188} INFO - [2026-03-23T03:40:23.715+0000] {dagbag.py:540} INFO - Filling up the DagBag from /home/airflow/.local/lib/python3.8/site-packages/airflow/example_dags/example_sensor_decorator.py
[2026-03-23T03:40:23.721+0000] {processor.py:840} INFO - DAG(s) 'example_sensor_decorator' retrieved from /home/airflow/.local/lib/python3.8/site-packages/airflow/example_dags/example_sensor_decorator.py
[2026-03-23T03:40:23.739+0000] {logging_mixin.py:188} INFO - [2026-03-23T03:40:23.739+0000] {dag.py:3047} INFO - Sync 1 DAGs
[2026-03-23T03:40:23.750+0000] {logging_mixin.py:188} INFO - [2026-03-23T03:40:23.750+0000] {dag.py:3834} INFO - Setting next_dagrun for example_sensor_decorator to None, run_after=None
[2026-03-23T03:40:23.773+0000] {processor.py:183} INFO - Processing /home/airflow/.local/lib/python3.8/site-packages/airflow/example_dags/example_sensor_decorator.py took 0.064 seconds
[2026-03-23T03:40:54.420+0000] {processor.py:161} INFO - Started process (PID=469) to work on /home/airflow/.local/lib/python3.8/site-packages/airflow/example_dags/example_sensor_decorator.py
[2026-03-23T03:40:54.421+0000] {processor.py:830} INFO - Processing file /home/airflow/.local/lib/python3.8/site-packages/airflow/example_dags/example_sensor_decorator.py for tasks to queue
[2026-03-23T03:40:54.423+0000] {logging_mixin.py:188} INFO - [2026-03-23T03:40:54.423+0000] {dagbag.py:540} INFO - Filling up the DagBag from /home/airflow/.local/lib/python3.8/site-packages/airflow/example_dags/example_sensor_decorator.py
[2026-03-23T03:40:54.431+0000] {processor.py:840} INFO - DAG(s) 'example_sensor_decorator' retrieved from /home/airflow/.local/lib/python3.8/site-packages/airflow/example_dags/example_sensor_decorator.py
[2026-03-23T03:40:54.456+0000] {logging_mixin.py:188} INFO - [2026-03-23T03:40:54.455+0000] {dag.py:3047} INFO - Sync 1 DAGs
[2026-03-23T03:40:54.470+0000] {logging_mixin.py:188} INFO - [2026-03-23T03:40:54.470+0000] {dag.py:3834} INFO - Setting next_dagrun for example_sensor_decorator to None, run_after=None
[2026-03-23T03:40:54.500+0000] {processor.py:183} INFO - Processing /home/airflow/.local/lib/python3.8/site-packages/airflow/example_dags/example_sensor_decorator.py took 0.083 seconds
[2026-03-23T03:41:25.164+0000] {processor.py:161} INFO - Started process (PID=524) to work on /home/airflow/.local/lib/python3.8/site-packages/airflow/example_dags/example_sensor_decorator.py
[2026-03-23T03:41:25.166+0000] {processor.py:830} INFO - Processing file /home/airflow/.local/lib/python3.8/site-packages/airflow/example_dags/example_sensor_decorator.py for tasks to queue
[2026-03-23T03:41:25.168+0000] {logging_mixin.py:188} INFO - [2026-03-23T03:41:25.168+0000] {dagbag.py:540} INFO - Filling up the DagBag from /home/airflow/.local/lib/python3.8/site-packages/airflow/example_dags/example_sensor_decorator.py
[2026-03-23T03:41:25.175+0000] {processor.py:840} INFO - DAG(s) 'example_sensor_decorator' retrieved from /home/airflow/.local/lib/python3.8/site-packages/airflow/example_dags/example_sensor_decorator.py
[2026-03-23T03:41:25.199+0000] {logging_mixin.py:188} INFO - [2026-03-23T03:41:25.199+0000] {dag.py:3047} INFO - Sync 1 DAGs
[2026-03-23T03:41:25.213+0000] {logging_mixin.py:188} INFO - [2026-03-23T03:41:25.213+0000] {dag.py:3834} INFO - Setting next_dagrun for example_sensor_decorator to None, run_after=None
[2026-03-23T03:41:25.237+0000] {processor.py:183} INFO - Processing /home/airflow/.local/lib/python3.8/site-packages/airflow/example_dags/example_sensor_decorator.py took 0.076 seconds
[2026-03-23T03:41:55.374+0000] {processor.py:161} INFO - Started process (PID=579) to work on /home/airflow/.local/lib/python3.8/site-packages/airflow/example_dags/example_sensor_decorator.py
[2026-03-23T03:41:55.376+0000] {processor.py:830} INFO - Processing file /home/airflow/.local/lib/python3.8/site-packages/airflow/example_dags/example_sensor_decorator.py for tasks to queue
[2026-03-23T03:41:55.379+0000] {logging_mixin.py:188} INFO - [2026-03-23T03:41:55.378+0000] {dagbag.py:540} INFO - Filling up the DagBag from /home/airflow/.local/lib/python3.8/site-packages/airflow/example_dags/example_sensor_decorator.py
[2026-03-23T03:41:55.387+0000] {processor.py:840} INFO - DAG(s) 'example_sensor_decorator' retrieved from /home/airflow/.local/lib/python3.8/site-packages/airflow/example_dags/example_sensor_decorator.py
[2026-03-23T03:41:55.412+0000] {logging_mixin.py:188} INFO - [2026-03-23T03:41:55.411+0000] {dag.py:3047} INFO - Sync 1 DAGs
[2026-03-23T03:41:55.426+0000] {logging_mixin.py:188} INFO - [2026-03-23T03:41:55.426+0000] {dag.py:3834} INFO - Setting next_dagrun for example_sensor_decorator to None, run_after=None
[2026-03-23T03:41:55.451+0000] {processor.py:183} INFO - Processing /home/airflow/.local/lib/python3.8/site-packages/airflow/example_dags/example_sensor_decorator.py took 0.081 seconds
[2026-03-23T03:42:25.559+0000] {processor.py:161} INFO - Started process (PID=634) to work on /home/airflow/.local/lib/python3.8/site-packages/airflow/example_dags/example_sensor_decorator.py
[2026-03-23T03:42:25.561+0000] {processor.py:830} INFO - Processing file /home/airflow/.local/lib/python3.8/site-packages/airflow/example_dags/example_sensor_decorator.py for tasks to queue
[2026-03-23T03:42:25.563+0000] {logging_mixin.py:188} INFO - [2026-03-23T03:42:25.563+0000] {dagbag.py:540} INFO - Filling up the DagBag from /home/airflow/.local/lib/python3.8/site-packages/airflow/example_dags/example_sensor_decorator.py
[2026-03-23T03:42:25.570+0000] {processor.py:840} INFO - DAG(s) 'example_sensor_decorator' retrieved from /home/airflow/.local/lib/python3.8/site-packages/airflow/example_dags/example_sensor_decorator.py
[2026-03-23T03:42:25.594+0000] {logging_mixin.py:188} INFO - [2026-03-23T03:42:25.594+0000] {dag.py:3047} INFO - Sync 1 DAGs
[2026-03-23T03:42:25.607+0000] {logging_mixin.py:188} INFO - [2026-03-23T03:42:25.607+0000] {dag.py:3834} INFO - Setting next_dagrun for example_sensor_decorator to None, run_after=None
[2026-03-23T03:42:25.629+0000] {processor.py:183} INFO - Processing /home/airflow/.local/lib/python3.8/site-packages/airflow/example_dags/example_sensor_decorator.py took 0.073 seconds
[2026-03-23T03:42:56.157+0000] {processor.py:161} INFO - Started process (PID=689) to work on /home/airflow/.local/lib/python3.8/site-packages/airflow/example_dags/example_sensor_decorator.py
[2026-03-23T03:42:56.158+0000] {processor.py:830} INFO - Processing file /home/airflow/.local/lib/python3.8/site-packages/airflow/example_dags/example_sensor_decorator.py for tasks to queue
[2026-03-23T03:42:56.160+0000] {logging_mixin.py:188} INFO - [2026-03-23T03:42:56.160+0000] {dagbag.py:540} INFO - Filling up the DagBag from /home/airflow/.local/lib/python3.8/site-packages/airflow/example_dags/example_sensor_decorator.py
[2026-03-23T03:42:56.167+0000] {processor.py:840} INFO - DAG(s) 'example_sensor_decorator' retrieved from /home/airflow/.local/lib/python3.8/site-packages/airflow/example_dags/example_sensor_decorator.py
[2026-03-23T03:42:56.191+0000] {logging_mixin.py:188} INFO - [2026-03-23T03:42:56.191+0000] {dag.py:3047} INFO - Sync 1 DAGs
[2026-03-23T03:42:56.203+0000] {logging_mixin.py:188} INFO - [2026-03-23T03:42:56.203+0000] {dag.py:3834} INFO - Setting next_dagrun for example_sensor_decorator to None, run_after=None
[2026-03-23T03:42:56.226+0000] {processor.py:183} INFO - Processing /home/airflow/.local/lib/python3.8/site-packages/airflow/example_dags/example_sensor_decorator.py took 0.073 seconds
[2026-03-23T03:43:26.552+0000] {processor.py:161} INFO - Started process (PID=744) to work on /home/airflow/.local/lib/python3.8/site-packages/airflow/example_dags/example_sensor_decorator.py
[2026-03-23T03:43:26.554+0000] {processor.py:830} INFO - Processing file /home/airflow/.local/lib/python3.8/site-packages/airflow/example_dags/example_sensor_decorator.py for tasks to queue
[2026-03-23T03:43:26.556+0000] {logging_mixin.py:188} INFO - [2026-03-23T03:43:26.556+0000] {dagbag.py:540} INFO - Filling up the DagBag from /home/airflow/.local/lib/python3.8/site-packages/airflow/example_dags/example_sensor_decorator.py
[2026-03-23T03:43:26.563+0000] {processor.py:840} INFO - DAG(s) 'example_sensor_decorator' retrieved from /home/airflow/.local/lib/python3.8/site-packages/airflow/example_dags/example_sensor_decorator.py
[2026-03-23T03:43:26.589+0000] {logging_mixin.py:188} INFO - [2026-03-23T03:43:26.589+0000] {dag.py:3047} INFO - Sync 1 DAGs
[2026-03-23T03:43:26.604+0000] {logging_mixin.py:188} INFO - [2026-03-23T03:43:26.604+0000] {dag.py:3834} INFO - Setting next_dagrun for example_sensor_decorator to None, run_after=None
[2026-03-23T03:43:26.635+0000] {processor.py:183} INFO - Processing /home/airflow/.local/lib/python3.8/site-packages/airflow/example_dags/example_sensor_decorator.py took 0.086 seconds
[2026-03-23T03:43:57.045+0000] {processor.py:161} INFO - Started process (PID=799) to work on /home/airflow/.local/lib/python3.8/site-packages/airflow/example_dags/example_sensor_decorator.py
[2026-03-23T03:43:57.046+0000] {processor.py:830} INFO - Processing file /home/airflow/.local/lib/python3.8/site-packages/airflow/example_dags/example_sensor_decorator.py for tasks to queue
[2026-03-23T03:43:57.048+0000] {logging_mixin.py:188} INFO - [2026-03-23T03:43:57.048+0000] {dagbag.py:540} INFO - Filling up the DagBag from /home/airflow/.local/lib/python3.8/site-packages/airflow/example_dags/example_sensor_decorator.py
[2026-03-23T03:43:57.055+0000] {processor.py:840} INFO - DAG(s) 'example_sensor_decorator' retrieved from /home/airflow/.local/lib/python3.8/site-packages/airflow/example_dags/example_sensor_decorator.py
[2026-03-23T03:43:57.078+0000] {logging_mixin.py:188} INFO - [2026-03-23T03:43:57.078+0000] {dag.py:3047} INFO - Sync 1 DAGs
[2026-03-23T03:43:57.091+0000] {logging_mixin.py:188} INFO - [2026-03-23T03:43:57.091+0000] {dag.py:3834} INFO - Setting next_dagrun for example_sensor_decorator to None, run_after=None
[2026-03-23T03:43:57.116+0000] {processor.py:183} INFO - Processing /home/airflow/.local/lib/python3.8/site-packages/airflow/example_dags/example_sensor_decorator.py took 0.075 seconds
[2026-03-23T03:44:27.638+0000] {processor.py:161} INFO - Started process (PID=854) to work on /home/airflow/.local/lib/python3.8/site-packages/airflow/example_dags/example_sensor_decorator.py
[2026-03-23T03:44:27.640+0000] {processor.py:830} INFO - Processing file /home/airflow/.local/lib/python3.8/site-packages/airflow/example_dags/example_sensor_decorator.py for tasks to queue
[2026-03-23T03:44:27.642+0000] {logging_mixin.py:188} INFO - [2026-03-23T03:44:27.641+0000] {dagbag.py:540} INFO - Filling up the DagBag from /home/airflow/.local/lib/python3.8/site-packages/airflow/example_dags/example_sensor_decorator.py
[2026-03-23T03:44:27.648+0000] {processor.py:840} INFO - DAG(s) 'example_sensor_decorator' retrieved from /home/airflow/.local/lib/python3.8/site-packages/airflow/example_dags/example_sensor_decorator.py
[2026-03-23T03:44:27.673+0000] {logging_mixin.py:188} INFO - [2026-03-23T03:44:27.672+0000] {dag.py:3047} INFO - Sync 1 DAGs
[2026-03-23T03:44:27.687+0000] {logging_mixin.py:188} INFO - [2026-03-23T03:44:27.687+0000] {dag.py:3834} INFO - Setting next_dagrun for example_sensor_decorator to None, run_after=None
[2026-03-23T03:44:27.715+0000] {processor.py:183} INFO - Processing /home/airflow/.local/lib/python3.8/site-packages/airflow/example_dags/example_sensor_decorator.py took 0.080 seconds
[2026-03-23T03:44:58.023+0000] {processor.py:161} INFO - Started process (PID=909) to work on /home/airflow/.local/lib/python3.8/site-packages/airflow/example_dags/example_sensor_decorator.py
[2026-03-23T03:44:58.025+0000] {processor.py:830} INFO - Processing file /home/airflow/.local/lib/python3.8/site-packages/airflow/example_dags/example_sensor_decorator.py for tasks to queue
[2026-03-23T03:44:58.027+0000] {logging_mixin.py:188} INFO - [2026-03-23T03:44:58.027+0000] {dagbag.py:540} INFO - Filling up the DagBag from /home/airflow/.local/lib/python3.8/site-packages/airflow/example_dags/example_sensor_decorator.py
[2026-03-23T03:44:58.034+0000] {processor.py:840} INFO - DAG(s) 'example_sensor_decorator' retrieved from /home/airflow/.local/lib/python3.8/site-packages/airflow/example_dags/example_sensor_decorator.py
[2026-03-23T03:44:58.061+0000] {logging_mixin.py:188} INFO - [2026-03-23T03:44:58.061+0000] {dag.py:3047} INFO - Sync 1 DAGs
[2026-03-23T03:44:58.076+0000] {logging_mixin.py:188} INFO - [2026-03-23T03:44:58.075+0000] {dag.py:3834} INFO - Setting next_dagrun for example_sensor_decorator to None, run_after=None
[2026-03-23T03:44:58.105+0000] {processor.py:183} INFO - Processing /home/airflow/.local/lib/python3.8/site-packages/airflow/example_dags/example_sensor_decorator.py took 0.085 seconds
[2026-03-23T03:45:28.434+0000] {processor.py:161} INFO - Started process (PID=964) to work on /home/airflow/.local/lib/python3.8/site-packages/airflow/example_dags/example_sensor_decorator.py
[2026-03-23T03:45:28.435+0000] {processor.py:830} INFO - Processing file /home/airflow/.local/lib/python3.8/site-packages/airflow/example_dags/example_sensor_decorator.py for tasks to queue
[2026-03-23T03:45:28.437+0000] {logging_mixin.py:188} INFO - [2026-03-23T03:45:28.437+0000] {dagbag.py:540} INFO - Filling up the DagBag from /home/airflow/.local/lib/python3.8/site-packages/airflow/example_dags/example_sensor_decorator.py
[2026-03-23T03:45:28.443+0000] {processor.py:840} INFO - DAG(s) 'example_sensor_decorator' retrieved from /home/airflow/.local/lib/python3.8/site-packages/airflow/example_dags/example_sensor_decorator.py
[2026-03-23T03:45:28.461+0000] {logging_mixin.py:188} INFO - [2026-03-23T03:45:28.461+0000] {dag.py:3047} INFO - Sync 1 DAGs
[2026-03-23T03:45:28.472+0000] {logging_mixin.py:188} INFO - [2026-03-23T03:45:28.471+0000] {dag.py:3834} INFO - Setting next_dagrun for example_sensor_decorator to None, run_after=None
[2026-03-23T03:45:28.492+0000] {processor.py:183} INFO - Processing /home/airflow/.local/lib/python3.8/site-packages/airflow/example_dags/example_sensor_decorator.py took 0.061 seconds
[2026-03-23T03:45:58.653+0000] {processor.py:161} INFO - Started process (PID=1019) to work on /home/airflow/.local/lib/python3.8/site-packages/airflow/example_dags/example_sensor_decorator.py
[2026-03-23T03:45:58.654+0000] {processor.py:830} INFO - Processing file /home/airflow/.local/lib/python3.8/site-packages/airflow/example_dags/example_sensor_decorator.py for tasks to queue
[2026-03-23T03:45:58.656+0000] {logging_mixin.py:188} INFO - [2026-03-23T03:45:58.655+0000] {dagbag.py:540} INFO - Filling up the DagBag from /home/airflow/.local/lib/python3.8/site-packages/airflow/example_dags/example_sensor_decorator.py
[2026-03-23T03:45:58.661+0000] {processor.py:840} INFO - DAG(s) 'example_sensor_decorator' retrieved from /home/airflow/.local/lib/python3.8/site-packages/airflow/example_dags/example_sensor_decorator.py
[2026-03-23T03:45:58.684+0000] {logging_mixin.py:188} INFO - [2026-03-23T03:45:58.683+0000] {dag.py:3047} INFO - Sync 1 DAGs
[2026-03-23T03:45:58.697+0000] {logging_mixin.py:188} INFO - [2026-03-23T03:45:58.697+0000] {dag.py:3834} INFO - Setting next_dagrun for example_sensor_decorator to None, run_after=None
[2026-03-23T03:45:58.722+0000] {processor.py:183} INFO - Processing /home/airflow/.local/lib/python3.8/site-packages/airflow/example_dags/example_sensor_decorator.py took 0.072 seconds
[2026-03-23T03:46:28.941+0000] {processor.py:161} INFO - Started process (PID=1074) to work on /home/airflow/.local/lib/python3.8/site-packages/airflow/example_dags/example_sensor_decorator.py
[2026-03-23T03:46:28.942+0000] {processor.py:830} INFO - Processing file /home/airflow/.local/lib/python3.8/site-packages/airflow/example_dags/example_sensor_decorator.py for tasks to queue
[2026-03-23T03:46:28.944+0000] {logging_mixin.py:188} INFO - [2026-03-23T03:46:28.944+0000] {dagbag.py:540} INFO - Filling up the DagBag from /home/airflow/.local/lib/python3.8/site-packages/airflow/example_dags/example_sensor_decorator.py
[2026-03-23T03:46:28.949+0000] {processor.py:840} INFO - DAG(s) 'example_sensor_decorator' retrieved from /home/airflow/.local/lib/python3.8/site-packages/airflow/example_dags/example_sensor_decorator.py
[2026-03-23T03:46:28.971+0000] {logging_mixin.py:188} INFO - [2026-03-23T03:46:28.970+0000] {dag.py:3047} INFO - Sync 1 DAGs
[2026-03-23T03:46:28.982+0000] {logging_mixin.py:188} INFO - [2026-03-23T03:46:28.981+0000] {dag.py:3834} INFO - Setting next_dagrun for example_sensor_decorator to None, run_after=None
[2026-03-23T03:46:29.001+0000] {processor.py:183} INFO - Processing /home/airflow/.local/lib/python3.8/site-packages/airflow/example_dags/example_sensor_decorator.py took 0.063 seconds
[2026-03-23T03:46:59.393+0000] {processor.py:161} INFO - Started process (PID=1129) to work on /home/airflow/.local/lib/python3.8/site-packages/airflow/example_dags/example_sensor_decorator.py
[2026-03-23T03:46:59.394+0000] {processor.py:830} INFO - Processing file /home/airflow/.local/lib/python3.8/site-packages/airflow/example_dags/example_sensor_decorator.py for tasks to queue
[2026-03-23T03:46:59.396+0000] {logging_mixin.py:188} INFO - [2026-03-23T03:46:59.396+0000] {dagbag.py:540} INFO - Filling up the DagBag from /home/airflow/.local/lib/python3.8/site-packages/airflow/example_dags/example_sensor_decorator.py
[2026-03-23T03:46:59.401+0000] {processor.py:840} INFO - DAG(s) 'example_sensor_decorator' retrieved from /home/airflow/.local/lib/python3.8/site-packages/airflow/example_dags/example_sensor_decorator.py
[2026-03-23T03:46:59.423+0000] {logging_mixin.py:188} INFO - [2026-03-23T03:46:59.422+0000] {dag.py:3047} INFO - Sync 1 DAGs
[2026-03-23T03:46:59.436+0000] {logging_mixin.py:188} INFO - [2026-03-23T03:46:59.436+0000] {dag.py:3834} INFO - Setting next_dagrun for example_sensor_decorator to None, run_after=None
[2026-03-23T03:46:59.458+0000] {processor.py:183} INFO - Processing /home/airflow/.local/lib/python3.8/site-packages/airflow/example_dags/example_sensor_decorator.py took 0.068 seconds
[2026-03-23T03:47:29.646+0000] {processor.py:161} INFO - Started process (PID=1184) to work on /home/airflow/.local/lib/python3.8/site-packages/airflow/example_dags/example_sensor_decorator.py
[2026-03-23T03:47:29.648+0000] {processor.py:830} INFO - Processing file /home/airflow/.local/lib/python3.8/site-packages/airflow/example_dags/example_sensor_decorator.py for tasks to queue
[2026-03-23T03:47:29.649+0000] {logging_mixin.py:188} INFO - [2026-03-23T03:47:29.649+0000] {dagbag.py:540} INFO - Filling up the DagBag from /home/airflow/.local/lib/python3.8/site-packages/airflow/example_dags/example_sensor_decorator.py
[2026-03-23T03:47:29.654+0000] {processor.py:840} INFO - DAG(s) 'example_sensor_decorator' retrieved from /home/airflow/.local/lib/python3.8/site-packages/airflow/example_dags/example_sensor_decorator.py
[2026-03-23T03:47:29.674+0000] {logging_mixin.py:188} INFO - [2026-03-23T03:47:29.673+0000] {dag.py:3047} INFO - Sync 1 DAGs
[2026-03-23T03:47:29.686+0000] {logging_mixin.py:188} INFO - [2026-03-23T03:47:29.685+0000] {dag.py:3834} INFO - Setting next_dagrun for example_sensor_decorator to None, run_after=None
[2026-03-23T03:47:29.709+0000] {processor.py:183} INFO - Processing /home/airflow/.local/lib/python3.8/site-packages/airflow/example_dags/example_sensor_decorator.py took 0.065 seconds
[2026-03-23T03:47:59.917+0000] {processor.py:161} INFO - Started process (PID=1239) to work on /home/airflow/.local/lib/python3.8/site-packages/airflow/example_dags/example_sensor_decorator.py
[2026-03-23T03:47:59.918+0000] {processor.py:830} INFO - Processing file /home/airflow/.local/lib/python3.8/site-packages/airflow/example_dags/example_sensor_decorator.py for tasks to queue
[2026-03-23T03:47:59.920+0000] {logging_mixin.py:188} INFO - [2026-03-23T03:47:59.920+0000] {dagbag.py:540} INFO - Filling up the DagBag from /home/airflow/.local/lib/python3.8/site-packages/airflow/example_dags/example_sensor_decorator.py
[2026-03-23T03:47:59.925+0000] {processor.py:840} INFO - DAG(s) 'example_sensor_decorator' retrieved from /home/airflow/.local/lib/python3.8/site-packages/airflow/example_dags/example_sensor_decorator.py
[2026-03-23T03:47:59.945+0000] {logging_mixin.py:188} INFO - [2026-03-23T03:47:59.945+0000] {dag.py:3047} INFO - Sync 1 DAGs
[2026-03-23T03:47:59.957+0000] {logging_mixin.py:188} INFO - [2026-03-23T03:47:59.957+0000] {dag.py:3834} INFO - Setting next_dagrun for example_sensor_decorator to None, run_after=None
[2026-03-23T03:47:59.976+0000] {processor.py:183} INFO - Processing /home/airflow/.local/lib/python3.8/site-packages/airflow/example_dags/example_sensor_decorator.py took 0.062 seconds
[2026-03-23T03:48:30.378+0000] {processor.py:161} INFO - Started process (PID=1294) to work on /home/airflow/.local/lib/python3.8/site-packages/airflow/example_dags/example_sensor_decorator.py
[2026-03-23T03:48:30.379+0000] {processor.py:830} INFO - Processing file /home/airflow/.local/lib/python3.8/site-packages/airflow/example_dags/example_sensor_decorator.py for tasks to queue
[2026-03-23T03:48:30.383+0000] {logging_mixin.py:188} INFO - [2026-03-23T03:48:30.382+0000] {dagbag.py:540} INFO - Filling up the DagBag from /home/airflow/.local/lib/python3.8/site-packages/airflow/example_dags/example_sensor_decorator.py
[2026-03-23T03:48:30.390+0000] {processor.py:840} INFO - DAG(s) 'example_sensor_decorator' retrieved from /home/airflow/.local/lib/python3.8/site-packages/airflow/example_dags/example_sensor_decorator.py
[2026-03-23T03:48:30.417+0000] {logging_mixin.py:188} INFO - [2026-03-23T03:48:30.416+0000] {dag.py:3047} INFO - Sync 1 DAGs
[2026-03-23T03:48:30.435+0000] {logging_mixin.py:188} INFO - [2026-03-23T03:48:30.434+0000] {dag.py:3834} INFO - Setting next_dagrun for example_sensor_decorator to None, run_after=None
[2026-03-23T03:48:30.462+0000] {processor.py:183} INFO - Processing /home/airflow/.local/lib/python3.8/site-packages/airflow/example_dags/example_sensor_decorator.py took 0.089 seconds
[2026-03-23T03:49:00.775+0000] {processor.py:161} INFO - Started process (PID=1349) to work on /home/airflow/.local/lib/python3.8/site-packages/airflow/example_dags/example_sensor_decorator.py
[2026-03-23T03:49:00.776+0000] {processor.py:830} INFO - Processing file /home/airflow/.local/lib/python3.8/site-packages/airflow/example_dags/example_sensor_decorator.py for tasks to queue
[2026-03-23T03:49:00.778+0000] {logging_mixin.py:188} INFO - [2026-03-23T03:49:00.778+0000] {dagbag.py:540} INFO - Filling up the DagBag from /home/airflow/.local/lib/python3.8/site-packages/airflow/example_dags/example_sensor_decorator.py
[2026-03-23T03:49:00.786+0000] {processor.py:840} INFO - DAG(s) 'example_sensor_decorator' retrieved from /home/airflow/.local/lib/python3.8/site-packages/airflow/example_dags/example_sensor_decorator.py
[2026-03-23T03:49:00.810+0000] {logging_mixin.py:188} INFO - [2026-03-23T03:49:00.810+0000] {dag.py:3047} INFO - Sync 1 DAGs
[2026-03-23T03:49:00.825+0000] {logging_mixin.py:188} INFO - [2026-03-23T03:49:00.825+0000] {dag.py:3834} INFO - Setting next_dagrun for example_sensor_decorator to None, run_after=None
[2026-03-23T03:49:00.852+0000] {processor.py:183} INFO - Processing /home/airflow/.local/lib/python3.8/site-packages/airflow/example_dags/example_sensor_decorator.py took 0.080 seconds
[2026-03-23T03:49:31.044+0000] {processor.py:161} INFO - Started process (PID=1404) to work on /home/airflow/.local/lib/python3.8/site-packages/airflow/example_dags/example_sensor_decorator.py
[2026-03-23T03:49:31.046+0000] {processor.py:830} INFO - Processing file /home/airflow/.local/lib/python3.8/site-packages/airflow/example_dags/example_sensor_decorator.py for tasks to queue
[2026-03-23T03:49:31.048+0000] {logging_mixin.py:188} INFO - [2026-03-23T03:49:31.047+0000] {dagbag.py:540} INFO - Filling up the DagBag from /home/airflow/.local/lib/python3.8/site-packages/airflow/example_dags/example_sensor_decorator.py
[2026-03-23T03:49:31.054+0000] {processor.py:840} INFO - DAG(s) 'example_sensor_decorator' retrieved from /home/airflow/.local/lib/python3.8/site-packages/airflow/example_dags/example_sensor_decorator.py
[2026-03-23T03:49:31.077+0000] {logging_mixin.py:188} INFO - [2026-03-23T03:49:31.076+0000] {dag.py:3047} INFO - Sync 1 DAGs
[2026-03-23T03:49:31.091+0000] {logging_mixin.py:188} INFO - [2026-03-23T03:49:31.090+0000] {dag.py:3834} INFO - Setting next_dagrun for example_sensor_decorator to None, run_after=None
[2026-03-23T03:49:31.115+0000] {processor.py:183} INFO - Processing /home/airflow/.local/lib/python3.8/site-packages/airflow/example_dags/example_sensor_decorator.py took 0.073 seconds
[2026-03-23T03:50:47.580+0000] {processor.py:161} INFO - Started process (PID=84) to work on /home/airflow/.local/lib/python3.8/site-packages/airflow/example_dags/example_sensor_decorator.py
[2026-03-23T03:50:47.582+0000] {processor.py:830} INFO - Processing file /home/airflow/.local/lib/python3.8/site-packages/airflow/example_dags/example_sensor_decorator.py for tasks to queue
[2026-03-23T03:50:47.585+0000] {logging_mixin.py:188} INFO - [2026-03-23T03:50:47.584+0000] {dagbag.py:540} INFO - Filling up the DagBag from /home/airflow/.local/lib/python3.8/site-packages/airflow/example_dags/example_sensor_decorator.py
[2026-03-23T03:50:47.598+0000] {processor.py:840} INFO - DAG(s) 'example_sensor_decorator' retrieved from /home/airflow/.local/lib/python3.8/site-packages/airflow/example_dags/example_sensor_decorator.py
[2026-03-23T03:50:47.622+0000] {logging_mixin.py:188} INFO - [2026-03-23T03:50:47.621+0000] {dag.py:3047} INFO - Sync 1 DAGs
[2026-03-23T03:50:47.652+0000] {logging_mixin.py:188} INFO - [2026-03-23T03:50:47.652+0000] {dag.py:3834} INFO - Setting next_dagrun for example_sensor_decorator to None, run_after=None
[2026-03-23T03:50:47.686+0000] {processor.py:183} INFO - Processing /home/airflow/.local/lib/python3.8/site-packages/airflow/example_dags/example_sensor_decorator.py took 0.111 seconds
[2026-03-23T03:51:19.085+0000] {processor.py:161} INFO - Started process (PID=139) to work on /home/airflow/.local/lib/python3.8/site-packages/airflow/example_dags/example_sensor_decorator.py
[2026-03-23T03:51:19.086+0000] {processor.py:830} INFO - Processing file /home/airflow/.local/lib/python3.8/site-packages/airflow/example_dags/example_sensor_decorator.py for tasks to queue
[2026-03-23T03:51:19.088+0000] {logging_mixin.py:188} INFO - [2026-03-23T03:51:19.088+0000] {dagbag.py:540} INFO - Filling up the DagBag from /home/airflow/.local/lib/python3.8/site-packages/airflow/example_dags/example_sensor_decorator.py
[2026-03-23T03:51:19.095+0000] {processor.py:840} INFO - DAG(s) 'example_sensor_decorator' retrieved from /home/airflow/.local/lib/python3.8/site-packages/airflow/example_dags/example_sensor_decorator.py
[2026-03-23T03:51:19.218+0000] {logging_mixin.py:188} INFO - [2026-03-23T03:51:19.218+0000] {dag.py:3047} INFO - Sync 1 DAGs
[2026-03-23T03:51:19.229+0000] {logging_mixin.py:188} INFO - [2026-03-23T03:51:19.229+0000] {dag.py:3834} INFO - Setting next_dagrun for example_sensor_decorator to None, run_after=None
[2026-03-23T03:51:19.255+0000] {processor.py:183} INFO - Processing /home/airflow/.local/lib/python3.8/site-packages/airflow/example_dags/example_sensor_decorator.py took 0.174 seconds
[2026-03-23T03:51:49.356+0000] {processor.py:161} INFO - Started process (PID=194) to work on /home/airflow/.local/lib/python3.8/site-packages/airflow/example_dags/example_sensor_decorator.py
[2026-03-23T03:51:49.357+0000] {processor.py:830} INFO - Processing file /home/airflow/.local/lib/python3.8/site-packages/airflow/example_dags/example_sensor_decorator.py for tasks to queue
[2026-03-23T03:51:49.359+0000] {logging_mixin.py:188} INFO - [2026-03-23T03:51:49.359+0000] {dagbag.py:540} INFO - Filling up the DagBag from /home/airflow/.local/lib/python3.8/site-packages/airflow/example_dags/example_sensor_decorator.py
[2026-03-23T03:51:49.365+0000] {processor.py:840} INFO - DAG(s) 'example_sensor_decorator' retrieved from /home/airflow/.local/lib/python3.8/site-packages/airflow/example_dags/example_sensor_decorator.py
[2026-03-23T03:51:49.391+0000] {logging_mixin.py:188} INFO - [2026-03-23T03:51:49.391+0000] {dag.py:3047} INFO - Sync 1 DAGs
[2026-03-23T03:51:49.406+0000] {logging_mixin.py:188} INFO - [2026-03-23T03:51:49.405+0000] {dag.py:3834} INFO - Setting next_dagrun for example_sensor_decorator to None, run_after=None
[2026-03-23T03:51:49.431+0000] {processor.py:183} INFO - Processing /home/airflow/.local/lib/python3.8/site-packages/airflow/example_dags/example_sensor_decorator.py took 0.079 seconds
[2026-03-23T03:52:19.841+0000] {processor.py:161} INFO - Started process (PID=249) to work on /home/airflow/.local/lib/python3.8/site-packages/airflow/example_dags/example_sensor_decorator.py
[2026-03-23T03:52:19.843+0000] {processor.py:830} INFO - Processing file /home/airflow/.local/lib/python3.8/site-packages/airflow/example_dags/example_sensor_decorator.py for tasks to queue
[2026-03-23T03:52:19.846+0000] {logging_mixin.py:188} INFO - [2026-03-23T03:52:19.845+0000] {dagbag.py:540} INFO - Filling up the DagBag from /home/airflow/.local/lib/python3.8/site-packages/airflow/example_dags/example_sensor_decorator.py
[2026-03-23T03:52:19.853+0000] {processor.py:840} INFO - DAG(s) 'example_sensor_decorator' retrieved from /home/airflow/.local/lib/python3.8/site-packages/airflow/example_dags/example_sensor_decorator.py
[2026-03-23T03:52:19.878+0000] {logging_mixin.py:188} INFO - [2026-03-23T03:52:19.878+0000] {dag.py:3047} INFO - Sync 1 DAGs
[2026-03-23T03:52:19.894+0000] {logging_mixin.py:188} INFO - [2026-03-23T03:52:19.894+0000] {dag.py:3834} INFO - Setting next_dagrun for example_sensor_decorator to None, run_after=None
[2026-03-23T03:52:19.921+0000] {processor.py:183} INFO - Processing /home/airflow/.local/lib/python3.8/site-packages/airflow/example_dags/example_sensor_decorator.py took 0.083 seconds
[2026-03-23T03:52:50.796+0000] {processor.py:161} INFO - Started process (PID=304) to work on /home/airflow/.local/lib/python3.8/site-packages/airflow/example_dags/example_sensor_decorator.py
[2026-03-23T03:52:50.797+0000] {processor.py:830} INFO - Processing file /home/airflow/.local/lib/python3.8/site-packages/airflow/example_dags/example_sensor_decorator.py for tasks to queue
[2026-03-23T03:52:50.799+0000] {logging_mixin.py:188} INFO - [2026-03-23T03:52:50.799+0000] {dagbag.py:540} INFO - Filling up the DagBag from /home/airflow/.local/lib/python3.8/site-packages/airflow/example_dags/example_sensor_decorator.py
[2026-03-23T03:52:50.804+0000] {processor.py:840} INFO - DAG(s) 'example_sensor_decorator' retrieved from /home/airflow/.local/lib/python3.8/site-packages/airflow/example_dags/example_sensor_decorator.py
[2026-03-23T03:52:50.822+0000] {logging_mixin.py:188} INFO - [2026-03-23T03:52:50.822+0000] {dag.py:3047} INFO - Sync 1 DAGs
[2026-03-23T03:52:50.834+0000] {logging_mixin.py:188} INFO - [2026-03-23T03:52:50.834+0000] {dag.py:3834} INFO - Setting next_dagrun for example_sensor_decorator to None, run_after=None
[2026-03-23T03:52:50.853+0000] {processor.py:183} INFO - Processing /home/airflow/.local/lib/python3.8/site-packages/airflow/example_dags/example_sensor_decorator.py took 0.060 seconds
[2026-03-23T03:53:21.492+0000] {processor.py:161} INFO - Started process (PID=359) to work on /home/airflow/.local/lib/python3.8/site-packages/airflow/example_dags/example_sensor_decorator.py
[2026-03-23T03:53:21.494+0000] {processor.py:830} INFO - Processing file /home/airflow/.local/lib/python3.8/site-packages/airflow/example_dags/example_sensor_decorator.py for tasks to queue
[2026-03-23T03:53:21.496+0000] {logging_mixin.py:188} INFO - [2026-03-23T03:53:21.496+0000] {dagbag.py:540} INFO - Filling up the DagBag from /home/airflow/.local/lib/python3.8/site-packages/airflow/example_dags/example_sensor_decorator.py
[2026-03-23T03:53:21.504+0000] {processor.py:840} INFO - DAG(s) 'example_sensor_decorator' retrieved from /home/airflow/.local/lib/python3.8/site-packages/airflow/example_dags/example_sensor_decorator.py
[2026-03-23T03:53:21.530+0000] {logging_mixin.py:188} INFO - [2026-03-23T03:53:21.529+0000] {dag.py:3047} INFO - Sync 1 DAGs
[2026-03-23T03:53:21.545+0000] {logging_mixin.py:188} INFO - [2026-03-23T03:53:21.545+0000] {dag.py:3834} INFO - Setting next_dagrun for example_sensor_decorator to None, run_after=None
[2026-03-23T03:53:21.575+0000] {processor.py:183} INFO - Processing /home/airflow/.local/lib/python3.8/site-packages/airflow/example_dags/example_sensor_decorator.py took 0.088 seconds
[2026-03-23T03:53:51.850+0000] {processor.py:161} INFO - Started process (PID=414) to work on /home/airflow/.local/lib/python3.8/site-packages/airflow/example_dags/example_sensor_decorator.py
[2026-03-23T03:53:51.852+0000] {processor.py:830} INFO - Processing file /home/airflow/.local/lib/python3.8/site-packages/airflow/example_dags/example_sensor_decorator.py for tasks to queue
[2026-03-23T03:53:51.854+0000] {logging_mixin.py:188} INFO - [2026-03-23T03:53:51.853+0000] {dagbag.py:540} INFO - Filling up the DagBag from /home/airflow/.local/lib/python3.8/site-packages/airflow/example_dags/example_sensor_decorator.py
[2026-03-23T03:53:51.859+0000] {processor.py:840} INFO - DAG(s) 'example_sensor_decorator' retrieved from /home/airflow/.local/lib/python3.8/site-packages/airflow/example_dags/example_sensor_decorator.py
[2026-03-23T03:53:51.880+0000] {logging_mixin.py:188} INFO - [2026-03-23T03:53:51.879+0000] {dag.py:3047} INFO - Sync 1 DAGs
[2026-03-23T03:53:51.893+0000] {logging_mixin.py:188} INFO - [2026-03-23T03:53:51.893+0000] {dag.py:3834} INFO - Setting next_dagrun for example_sensor_decorator to None, run_after=None
[2026-03-23T03:53:51.917+0000] {processor.py:183} INFO - Processing /home/airflow/.local/lib/python3.8/site-packages/airflow/example_dags/example_sensor_decorator.py took 0.070 seconds
[2026-03-23T03:54:22.036+0000] {processor.py:161} INFO - Started process (PID=469) to work on /home/airflow/.local/lib/python3.8/site-packages/airflow/example_dags/example_sensor_decorator.py
[2026-03-23T03:54:22.037+0000] {processor.py:830} INFO - Processing file /home/airflow/.local/lib/python3.8/site-packages/airflow/example_dags/example_sensor_decorator.py for tasks to queue
[2026-03-23T03:54:22.039+0000] {logging_mixin.py:188} INFO - [2026-03-23T03:54:22.039+0000] {dagbag.py:540} INFO - Filling up the DagBag from /home/airflow/.local/lib/python3.8/site-packages/airflow/example_dags/example_sensor_decorator.py
[2026-03-23T03:54:22.046+0000] {processor.py:840} INFO - DAG(s) 'example_sensor_decorator' retrieved from /home/airflow/.local/lib/python3.8/site-packages/airflow/example_dags/example_sensor_decorator.py
[2026-03-23T03:54:22.068+0000] {logging_mixin.py:188} INFO - [2026-03-23T03:54:22.068+0000] {dag.py:3047} INFO - Sync 1 DAGs
[2026-03-23T03:54:22.084+0000] {logging_mixin.py:188} INFO - [2026-03-23T03:54:22.083+0000] {dag.py:3834} INFO - Setting next_dagrun for example_sensor_decorator to None, run_after=None
[2026-03-23T03:54:22.107+0000] {processor.py:183} INFO - Processing /home/airflow/.local/lib/python3.8/site-packages/airflow/example_dags/example_sensor_decorator.py took 0.075 seconds
[2026-03-23T03:54:52.731+0000] {processor.py:161} INFO - Started process (PID=524) to work on /home/airflow/.local/lib/python3.8/site-packages/airflow/example_dags/example_sensor_decorator.py
[2026-03-23T03:54:52.732+0000] {processor.py:830} INFO - Processing file /home/airflow/.local/lib/python3.8/site-packages/airflow/example_dags/example_sensor_decorator.py for tasks to queue
[2026-03-23T03:54:52.735+0000] {logging_mixin.py:188} INFO - [2026-03-23T03:54:52.735+0000] {dagbag.py:540} INFO - Filling up the DagBag from /home/airflow/.local/lib/python3.8/site-packages/airflow/example_dags/example_sensor_decorator.py
[2026-03-23T03:54:52.743+0000] {processor.py:840} INFO - DAG(s) 'example_sensor_decorator' retrieved from /home/airflow/.local/lib/python3.8/site-packages/airflow/example_dags/example_sensor_decorator.py
[2026-03-23T03:54:52.767+0000] {logging_mixin.py:188} INFO - [2026-03-23T03:54:52.767+0000] {dag.py:3047} INFO - Sync 1 DAGs
[2026-03-23T03:54:52.780+0000] {logging_mixin.py:188} INFO - [2026-03-23T03:54:52.780+0000] {dag.py:3834} INFO - Setting next_dagrun for example_sensor_decorator to None, run_after=None
[2026-03-23T03:54:52.803+0000] {processor.py:183} INFO - Processing /home/airflow/.local/lib/python3.8/site-packages/airflow/example_dags/example_sensor_decorator.py took 0.076 seconds
[2026-03-23T03:55:22.901+0000] {processor.py:161} INFO - Started process (PID=579) to work on /home/airflow/.local/lib/python3.8/site-packages/airflow/example_dags/example_sensor_decorator.py
[2026-03-23T03:55:22.902+0000] {processor.py:830} INFO - Processing file /home/airflow/.local/lib/python3.8/site-packages/airflow/example_dags/example_sensor_decorator.py for tasks to queue
[2026-03-23T03:55:22.904+0000] {logging_mixin.py:188} INFO - [2026-03-23T03:55:22.904+0000] {dagbag.py:540} INFO - Filling up the DagBag from /home/airflow/.local/lib/python3.8/site-packages/airflow/example_dags/example_sensor_decorator.py
[2026-03-23T03:55:22.910+0000] {processor.py:840} INFO - DAG(s) 'example_sensor_decorator' retrieved from /home/airflow/.local/lib/python3.8/site-packages/airflow/example_dags/example_sensor_decorator.py
[2026-03-23T03:55:22.932+0000] {logging_mixin.py:188} INFO - [2026-03-23T03:55:22.932+0000] {dag.py:3047} INFO - Sync 1 DAGs
[2026-03-23T03:55:22.945+0000] {logging_mixin.py:188} INFO - [2026-03-23T03:55:22.945+0000] {dag.py:3834} INFO - Setting next_dagrun for example_sensor_decorator to None, run_after=None
[2026-03-23T03:55:22.968+0000] {processor.py:183} INFO - Processing /home/airflow/.local/lib/python3.8/site-packages/airflow/example_dags/example_sensor_decorator.py took 0.070 seconds
[2026-03-23T03:55:53.217+0000] {processor.py:161} INFO - Started process (PID=634) to work on /home/airflow/.local/lib/python3.8/site-packages/airflow/example_dags/example_sensor_decorator.py
[2026-03-23T03:55:53.218+0000] {processor.py:830} INFO - Processing file /home/airflow/.local/lib/python3.8/site-packages/airflow/example_dags/example_sensor_decorator.py for tasks to queue
[2026-03-23T03:55:53.220+0000] {logging_mixin.py:188} INFO - [2026-03-23T03:55:53.219+0000] {dagbag.py:540} INFO - Filling up the DagBag from /home/airflow/.local/lib/python3.8/site-packages/airflow/example_dags/example_sensor_decorator.py
[2026-03-23T03:55:53.225+0000] {processor.py:840} INFO - DAG(s) 'example_sensor_decorator' retrieved from /home/airflow/.local/lib/python3.8/site-packages/airflow/example_dags/example_sensor_decorator.py
[2026-03-23T03:55:53.244+0000] {logging_mixin.py:188} INFO - [2026-03-23T03:55:53.243+0000] {dag.py:3047} INFO - Sync 1 DAGs
[2026-03-23T03:55:53.254+0000] {logging_mixin.py:188} INFO - [2026-03-23T03:55:53.254+0000] {dag.py:3834} INFO - Setting next_dagrun for example_sensor_decorator to None, run_after=None
[2026-03-23T03:55:53.273+0000] {processor.py:183} INFO - Processing /home/airflow/.local/lib/python3.8/site-packages/airflow/example_dags/example_sensor_decorator.py took 0.059 seconds
[2026-03-23T03:56:23.500+0000] {processor.py:161} INFO - Started process (PID=689) to work on /home/airflow/.local/lib/python3.8/site-packages/airflow/example_dags/example_sensor_decorator.py
[2026-03-23T03:56:23.501+0000] {processor.py:830} INFO - Processing file /home/airflow/.local/lib/python3.8/site-packages/airflow/example_dags/example_sensor_decorator.py for tasks to queue
[2026-03-23T03:56:23.503+0000] {logging_mixin.py:188} INFO - [2026-03-23T03:56:23.502+0000] {dagbag.py:540} INFO - Filling up the DagBag from /home/airflow/.local/lib/python3.8/site-packages/airflow/example_dags/example_sensor_decorator.py
[2026-03-23T03:56:23.508+0000] {processor.py:840} INFO - DAG(s) 'example_sensor_decorator' retrieved from /home/airflow/.local/lib/python3.8/site-packages/airflow/example_dags/example_sensor_decorator.py
[2026-03-23T03:56:23.527+0000] {logging_mixin.py:188} INFO - [2026-03-23T03:56:23.527+0000] {dag.py:3047} INFO - Sync 1 DAGs
[2026-03-23T03:56:23.538+0000] {logging_mixin.py:188} INFO - [2026-03-23T03:56:23.538+0000] {dag.py:3834} INFO - Setting next_dagrun for example_sensor_decorator to None, run_after=None
[2026-03-23T03:56:23.561+0000] {processor.py:183} INFO - Processing /home/airflow/.local/lib/python3.8/site-packages/airflow/example_dags/example_sensor_decorator.py took 0.064 seconds
