[2026-03-23T03:21:14.746+0000] {processor.py:161} INFO - Started process (PID=76) to work on /home/airflow/.local/lib/python3.8/site-packages/airflow/example_dags/example_sensors.py
[2026-03-23T03:21:14.747+0000] {processor.py:830} INFO - Processing file /home/airflow/.local/lib/python3.8/site-packages/airflow/example_dags/example_sensors.py for tasks to queue
[2026-03-23T03:21:14.749+0000] {logging_mixin.py:188} INFO - [2026-03-23T03:21:14.749+0000] {dagbag.py:540} INFO - Filling up the DagBag from /home/airflow/.local/lib/python3.8/site-packages/airflow/example_dags/example_sensors.py
[2026-03-23T03:21:14.761+0000] {processor.py:840} INFO - DAG(s) 'example_sensors' retrieved from /home/airflow/.local/lib/python3.8/site-packages/airflow/example_dags/example_sensors.py
[2026-03-23T03:21:14.775+0000] {logging_mixin.py:188} INFO - [2026-03-23T03:21:14.774+0000] {dag.py:3047} INFO - Sync 1 DAGs
[2026-03-23T03:21:14.790+0000] {logging_mixin.py:188} INFO - [2026-03-23T03:21:14.789+0000] {dag.py:3834} INFO - Setting next_dagrun for example_sensors to None, run_after=None
[2026-03-23T03:21:14.817+0000] {processor.py:183} INFO - Processing /home/airflow/.local/lib/python3.8/site-packages/airflow/example_dags/example_sensors.py took 0.075 seconds
[2026-03-23T03:21:44.948+0000] {processor.py:161} INFO - Started process (PID=131) to work on /home/airflow/.local/lib/python3.8/site-packages/airflow/example_dags/example_sensors.py
[2026-03-23T03:21:44.949+0000] {processor.py:830} INFO - Processing file /home/airflow/.local/lib/python3.8/site-packages/airflow/example_dags/example_sensors.py for tasks to queue
[2026-03-23T03:21:44.951+0000] {logging_mixin.py:188} INFO - [2026-03-23T03:21:44.951+0000] {dagbag.py:540} INFO - Filling up the DagBag from /home/airflow/.local/lib/python3.8/site-packages/airflow/example_dags/example_sensors.py
[2026-03-23T03:21:44.959+0000] {processor.py:840} INFO - DAG(s) 'example_sensors' retrieved from /home/airflow/.local/lib/python3.8/site-packages/airflow/example_dags/example_sensors.py
[2026-03-23T03:21:44.972+0000] {logging_mixin.py:188} INFO - [2026-03-23T03:21:44.972+0000] {dag.py:3047} INFO - Sync 1 DAGs
[2026-03-23T03:21:44.985+0000] {logging_mixin.py:188} INFO - [2026-03-23T03:21:44.985+0000] {dag.py:3834} INFO - Setting next_dagrun for example_sensors to None, run_after=None
[2026-03-23T03:21:45.007+0000] {processor.py:183} INFO - Processing /home/airflow/.local/lib/python3.8/site-packages/airflow/example_dags/example_sensors.py took 0.062 seconds
[2026-03-23T03:22:16.556+0000] {processor.py:161} INFO - Started process (PID=186) to work on /home/airflow/.local/lib/python3.8/site-packages/airflow/example_dags/example_sensors.py
[2026-03-23T03:22:16.558+0000] {processor.py:830} INFO - Processing file /home/airflow/.local/lib/python3.8/site-packages/airflow/example_dags/example_sensors.py for tasks to queue
[2026-03-23T03:22:16.559+0000] {logging_mixin.py:188} INFO - [2026-03-23T03:22:16.559+0000] {dagbag.py:540} INFO - Filling up the DagBag from /home/airflow/.local/lib/python3.8/site-packages/airflow/example_dags/example_sensors.py
[2026-03-23T03:22:16.568+0000] {processor.py:840} INFO - DAG(s) 'example_sensors' retrieved from /home/airflow/.local/lib/python3.8/site-packages/airflow/example_dags/example_sensors.py
[2026-03-23T03:22:16.669+0000] {logging_mixin.py:188} INFO - [2026-03-23T03:22:16.669+0000] {dag.py:3047} INFO - Sync 1 DAGs
[2026-03-23T03:22:16.681+0000] {logging_mixin.py:188} INFO - [2026-03-23T03:22:16.681+0000] {dag.py:3834} INFO - Setting next_dagrun for example_sensors to None, run_after=None
[2026-03-23T03:22:16.704+0000] {processor.py:183} INFO - Processing /home/airflow/.local/lib/python3.8/site-packages/airflow/example_dags/example_sensors.py took 0.151 seconds
[2026-03-23T03:22:47.641+0000] {processor.py:161} INFO - Started process (PID=247) to work on /home/airflow/.local/lib/python3.8/site-packages/airflow/example_dags/example_sensors.py
[2026-03-23T03:22:47.643+0000] {processor.py:830} INFO - Processing file /home/airflow/.local/lib/python3.8/site-packages/airflow/example_dags/example_sensors.py for tasks to queue
[2026-03-23T03:22:47.645+0000] {logging_mixin.py:188} INFO - [2026-03-23T03:22:47.645+0000] {dagbag.py:540} INFO - Filling up the DagBag from /home/airflow/.local/lib/python3.8/site-packages/airflow/example_dags/example_sensors.py
[2026-03-23T03:22:47.657+0000] {processor.py:840} INFO - DAG(s) 'example_sensors' retrieved from /home/airflow/.local/lib/python3.8/site-packages/airflow/example_dags/example_sensors.py
[2026-03-23T03:22:47.685+0000] {logging_mixin.py:188} INFO - [2026-03-23T03:22:47.684+0000] {dag.py:3047} INFO - Sync 1 DAGs
[2026-03-23T03:22:47.698+0000] {logging_mixin.py:188} INFO - [2026-03-23T03:22:47.698+0000] {dag.py:3834} INFO - Setting next_dagrun for example_sensors to None, run_after=None
[2026-03-23T03:22:47.720+0000] {processor.py:183} INFO - Processing /home/airflow/.local/lib/python3.8/site-packages/airflow/example_dags/example_sensors.py took 0.082 seconds
[2026-03-23T03:23:18.657+0000] {processor.py:161} INFO - Started process (PID=302) to work on /home/airflow/.local/lib/python3.8/site-packages/airflow/example_dags/example_sensors.py
[2026-03-23T03:23:18.659+0000] {processor.py:830} INFO - Processing file /home/airflow/.local/lib/python3.8/site-packages/airflow/example_dags/example_sensors.py for tasks to queue
[2026-03-23T03:23:18.661+0000] {logging_mixin.py:188} INFO - [2026-03-23T03:23:18.661+0000] {dagbag.py:540} INFO - Filling up the DagBag from /home/airflow/.local/lib/python3.8/site-packages/airflow/example_dags/example_sensors.py
[2026-03-23T03:23:18.670+0000] {processor.py:840} INFO - DAG(s) 'example_sensors' retrieved from /home/airflow/.local/lib/python3.8/site-packages/airflow/example_dags/example_sensors.py
[2026-03-23T03:23:18.701+0000] {logging_mixin.py:188} INFO - [2026-03-23T03:23:18.700+0000] {dag.py:3047} INFO - Sync 1 DAGs
[2026-03-23T03:23:18.717+0000] {logging_mixin.py:188} INFO - [2026-03-23T03:23:18.716+0000] {dag.py:3834} INFO - Setting next_dagrun for example_sensors to None, run_after=None
[2026-03-23T03:23:18.743+0000] {processor.py:183} INFO - Processing /home/airflow/.local/lib/python3.8/site-packages/airflow/example_dags/example_sensors.py took 0.089 seconds
[2026-03-23T03:25:08.932+0000] {processor.py:161} INFO - Started process (PID=76) to work on /home/airflow/.local/lib/python3.8/site-packages/airflow/example_dags/example_sensors.py
[2026-03-23T03:25:08.933+0000] {processor.py:830} INFO - Processing file /home/airflow/.local/lib/python3.8/site-packages/airflow/example_dags/example_sensors.py for tasks to queue
[2026-03-23T03:25:08.935+0000] {logging_mixin.py:188} INFO - [2026-03-23T03:25:08.935+0000] {dagbag.py:540} INFO - Filling up the DagBag from /home/airflow/.local/lib/python3.8/site-packages/airflow/example_dags/example_sensors.py
[2026-03-23T03:25:08.947+0000] {processor.py:840} INFO - DAG(s) 'example_sensors' retrieved from /home/airflow/.local/lib/python3.8/site-packages/airflow/example_dags/example_sensors.py
[2026-03-23T03:25:08.960+0000] {logging_mixin.py:188} INFO - [2026-03-23T03:25:08.959+0000] {dag.py:3047} INFO - Sync 1 DAGs
[2026-03-23T03:25:08.979+0000] {logging_mixin.py:188} INFO - [2026-03-23T03:25:08.979+0000] {dag.py:3834} INFO - Setting next_dagrun for example_sensors to None, run_after=None
[2026-03-23T03:25:09.009+0000] {processor.py:183} INFO - Processing /home/airflow/.local/lib/python3.8/site-packages/airflow/example_dags/example_sensors.py took 0.080 seconds
[2026-03-23T03:25:40.472+0000] {processor.py:161} INFO - Started process (PID=131) to work on /home/airflow/.local/lib/python3.8/site-packages/airflow/example_dags/example_sensors.py
[2026-03-23T03:25:40.474+0000] {processor.py:830} INFO - Processing file /home/airflow/.local/lib/python3.8/site-packages/airflow/example_dags/example_sensors.py for tasks to queue
[2026-03-23T03:25:40.476+0000] {logging_mixin.py:188} INFO - [2026-03-23T03:25:40.475+0000] {dagbag.py:540} INFO - Filling up the DagBag from /home/airflow/.local/lib/python3.8/site-packages/airflow/example_dags/example_sensors.py
[2026-03-23T03:25:40.485+0000] {processor.py:840} INFO - DAG(s) 'example_sensors' retrieved from /home/airflow/.local/lib/python3.8/site-packages/airflow/example_dags/example_sensors.py
[2026-03-23T03:25:40.595+0000] {logging_mixin.py:188} INFO - [2026-03-23T03:25:40.595+0000] {dag.py:3047} INFO - Sync 1 DAGs
[2026-03-23T03:25:40.606+0000] {logging_mixin.py:188} INFO - [2026-03-23T03:25:40.606+0000] {dag.py:3834} INFO - Setting next_dagrun for example_sensors to None, run_after=None
[2026-03-23T03:25:40.632+0000] {processor.py:183} INFO - Processing /home/airflow/.local/lib/python3.8/site-packages/airflow/example_dags/example_sensors.py took 0.163 seconds
[2026-03-23T03:26:10.737+0000] {processor.py:161} INFO - Started process (PID=186) to work on /home/airflow/.local/lib/python3.8/site-packages/airflow/example_dags/example_sensors.py
[2026-03-23T03:26:10.738+0000] {processor.py:830} INFO - Processing file /home/airflow/.local/lib/python3.8/site-packages/airflow/example_dags/example_sensors.py for tasks to queue
[2026-03-23T03:26:10.740+0000] {logging_mixin.py:188} INFO - [2026-03-23T03:26:10.740+0000] {dagbag.py:540} INFO - Filling up the DagBag from /home/airflow/.local/lib/python3.8/site-packages/airflow/example_dags/example_sensors.py
[2026-03-23T03:26:10.749+0000] {processor.py:840} INFO - DAG(s) 'example_sensors' retrieved from /home/airflow/.local/lib/python3.8/site-packages/airflow/example_dags/example_sensors.py
[2026-03-23T03:26:10.777+0000] {logging_mixin.py:188} INFO - [2026-03-23T03:26:10.777+0000] {dag.py:3047} INFO - Sync 1 DAGs
[2026-03-23T03:26:10.791+0000] {logging_mixin.py:188} INFO - [2026-03-23T03:26:10.791+0000] {dag.py:3834} INFO - Setting next_dagrun for example_sensors to None, run_after=None
[2026-03-23T03:26:10.819+0000] {processor.py:183} INFO - Processing /home/airflow/.local/lib/python3.8/site-packages/airflow/example_dags/example_sensors.py took 0.085 seconds
[2026-03-23T03:26:40.987+0000] {processor.py:161} INFO - Started process (PID=241) to work on /home/airflow/.local/lib/python3.8/site-packages/airflow/example_dags/example_sensors.py
[2026-03-23T03:26:40.989+0000] {processor.py:830} INFO - Processing file /home/airflow/.local/lib/python3.8/site-packages/airflow/example_dags/example_sensors.py for tasks to queue
[2026-03-23T03:26:40.990+0000] {logging_mixin.py:188} INFO - [2026-03-23T03:26:40.990+0000] {dagbag.py:540} INFO - Filling up the DagBag from /home/airflow/.local/lib/python3.8/site-packages/airflow/example_dags/example_sensors.py
[2026-03-23T03:26:40.998+0000] {processor.py:840} INFO - DAG(s) 'example_sensors' retrieved from /home/airflow/.local/lib/python3.8/site-packages/airflow/example_dags/example_sensors.py
[2026-03-23T03:26:41.024+0000] {logging_mixin.py:188} INFO - [2026-03-23T03:26:41.023+0000] {dag.py:3047} INFO - Sync 1 DAGs
[2026-03-23T03:26:41.036+0000] {logging_mixin.py:188} INFO - [2026-03-23T03:26:41.036+0000] {dag.py:3834} INFO - Setting next_dagrun for example_sensors to None, run_after=None
[2026-03-23T03:26:41.060+0000] {processor.py:183} INFO - Processing /home/airflow/.local/lib/python3.8/site-packages/airflow/example_dags/example_sensors.py took 0.076 seconds
[2026-03-23T03:27:11.510+0000] {processor.py:161} INFO - Started process (PID=296) to work on /home/airflow/.local/lib/python3.8/site-packages/airflow/example_dags/example_sensors.py
[2026-03-23T03:27:11.511+0000] {processor.py:830} INFO - Processing file /home/airflow/.local/lib/python3.8/site-packages/airflow/example_dags/example_sensors.py for tasks to queue
[2026-03-23T03:27:11.513+0000] {logging_mixin.py:188} INFO - [2026-03-23T03:27:11.512+0000] {dagbag.py:540} INFO - Filling up the DagBag from /home/airflow/.local/lib/python3.8/site-packages/airflow/example_dags/example_sensors.py
[2026-03-23T03:27:11.520+0000] {processor.py:840} INFO - DAG(s) 'example_sensors' retrieved from /home/airflow/.local/lib/python3.8/site-packages/airflow/example_dags/example_sensors.py
[2026-03-23T03:27:11.543+0000] {logging_mixin.py:188} INFO - [2026-03-23T03:27:11.542+0000] {dag.py:3047} INFO - Sync 1 DAGs
[2026-03-23T03:27:11.555+0000] {logging_mixin.py:188} INFO - [2026-03-23T03:27:11.554+0000] {dag.py:3834} INFO - Setting next_dagrun for example_sensors to None, run_after=None
[2026-03-23T03:27:11.576+0000] {processor.py:183} INFO - Processing /home/airflow/.local/lib/python3.8/site-packages/airflow/example_dags/example_sensors.py took 0.069 seconds
[2026-03-23T03:27:41.676+0000] {processor.py:161} INFO - Started process (PID=351) to work on /home/airflow/.local/lib/python3.8/site-packages/airflow/example_dags/example_sensors.py
[2026-03-23T03:27:41.677+0000] {processor.py:830} INFO - Processing file /home/airflow/.local/lib/python3.8/site-packages/airflow/example_dags/example_sensors.py for tasks to queue
[2026-03-23T03:27:41.679+0000] {logging_mixin.py:188} INFO - [2026-03-23T03:27:41.678+0000] {dagbag.py:540} INFO - Filling up the DagBag from /home/airflow/.local/lib/python3.8/site-packages/airflow/example_dags/example_sensors.py
[2026-03-23T03:27:41.686+0000] {processor.py:840} INFO - DAG(s) 'example_sensors' retrieved from /home/airflow/.local/lib/python3.8/site-packages/airflow/example_dags/example_sensors.py
[2026-03-23T03:27:41.709+0000] {logging_mixin.py:188} INFO - [2026-03-23T03:27:41.709+0000] {dag.py:3047} INFO - Sync 1 DAGs
[2026-03-23T03:27:41.720+0000] {logging_mixin.py:188} INFO - [2026-03-23T03:27:41.720+0000] {dag.py:3834} INFO - Setting next_dagrun for example_sensors to None, run_after=None
[2026-03-23T03:27:41.740+0000] {processor.py:183} INFO - Processing /home/airflow/.local/lib/python3.8/site-packages/airflow/example_dags/example_sensors.py took 0.067 seconds
[2026-03-23T03:28:11.948+0000] {processor.py:161} INFO - Started process (PID=406) to work on /home/airflow/.local/lib/python3.8/site-packages/airflow/example_dags/example_sensors.py
[2026-03-23T03:28:11.950+0000] {processor.py:830} INFO - Processing file /home/airflow/.local/lib/python3.8/site-packages/airflow/example_dags/example_sensors.py for tasks to queue
[2026-03-23T03:28:11.951+0000] {logging_mixin.py:188} INFO - [2026-03-23T03:28:11.951+0000] {dagbag.py:540} INFO - Filling up the DagBag from /home/airflow/.local/lib/python3.8/site-packages/airflow/example_dags/example_sensors.py
[2026-03-23T03:28:11.958+0000] {processor.py:840} INFO - DAG(s) 'example_sensors' retrieved from /home/airflow/.local/lib/python3.8/site-packages/airflow/example_dags/example_sensors.py
[2026-03-23T03:28:11.981+0000] {logging_mixin.py:188} INFO - [2026-03-23T03:28:11.980+0000] {dag.py:3047} INFO - Sync 1 DAGs
[2026-03-23T03:28:11.991+0000] {logging_mixin.py:188} INFO - [2026-03-23T03:28:11.991+0000] {dag.py:3834} INFO - Setting next_dagrun for example_sensors to None, run_after=None
[2026-03-23T03:28:12.010+0000] {processor.py:183} INFO - Processing /home/airflow/.local/lib/python3.8/site-packages/airflow/example_dags/example_sensors.py took 0.064 seconds
[2026-03-23T03:28:42.477+0000] {processor.py:161} INFO - Started process (PID=467) to work on /home/airflow/.local/lib/python3.8/site-packages/airflow/example_dags/example_sensors.py
[2026-03-23T03:28:42.478+0000] {processor.py:830} INFO - Processing file /home/airflow/.local/lib/python3.8/site-packages/airflow/example_dags/example_sensors.py for tasks to queue
[2026-03-23T03:28:42.480+0000] {logging_mixin.py:188} INFO - [2026-03-23T03:28:42.480+0000] {dagbag.py:540} INFO - Filling up the DagBag from /home/airflow/.local/lib/python3.8/site-packages/airflow/example_dags/example_sensors.py
[2026-03-23T03:28:42.490+0000] {processor.py:840} INFO - DAG(s) 'example_sensors' retrieved from /home/airflow/.local/lib/python3.8/site-packages/airflow/example_dags/example_sensors.py
[2026-03-23T03:28:42.513+0000] {logging_mixin.py:188} INFO - [2026-03-23T03:28:42.512+0000] {dag.py:3047} INFO - Sync 1 DAGs
[2026-03-23T03:28:42.524+0000] {logging_mixin.py:188} INFO - [2026-03-23T03:28:42.524+0000] {dag.py:3834} INFO - Setting next_dagrun for example_sensors to None, run_after=None
[2026-03-23T03:28:42.545+0000] {processor.py:183} INFO - Processing /home/airflow/.local/lib/python3.8/site-packages/airflow/example_dags/example_sensors.py took 0.070 seconds
[2026-03-23T03:29:12.821+0000] {processor.py:161} INFO - Started process (PID=522) to work on /home/airflow/.local/lib/python3.8/site-packages/airflow/example_dags/example_sensors.py
[2026-03-23T03:29:12.823+0000] {processor.py:830} INFO - Processing file /home/airflow/.local/lib/python3.8/site-packages/airflow/example_dags/example_sensors.py for tasks to queue
[2026-03-23T03:29:12.825+0000] {logging_mixin.py:188} INFO - [2026-03-23T03:29:12.825+0000] {dagbag.py:540} INFO - Filling up the DagBag from /home/airflow/.local/lib/python3.8/site-packages/airflow/example_dags/example_sensors.py
[2026-03-23T03:29:12.832+0000] {processor.py:840} INFO - DAG(s) 'example_sensors' retrieved from /home/airflow/.local/lib/python3.8/site-packages/airflow/example_dags/example_sensors.py
[2026-03-23T03:29:12.854+0000] {logging_mixin.py:188} INFO - [2026-03-23T03:29:12.854+0000] {dag.py:3047} INFO - Sync 1 DAGs
[2026-03-23T03:29:12.866+0000] {logging_mixin.py:188} INFO - [2026-03-23T03:29:12.865+0000] {dag.py:3834} INFO - Setting next_dagrun for example_sensors to None, run_after=None
[2026-03-23T03:29:12.884+0000] {processor.py:183} INFO - Processing /home/airflow/.local/lib/python3.8/site-packages/airflow/example_dags/example_sensors.py took 0.065 seconds
[2026-03-23T03:29:42.982+0000] {processor.py:161} INFO - Started process (PID=577) to work on /home/airflow/.local/lib/python3.8/site-packages/airflow/example_dags/example_sensors.py
[2026-03-23T03:29:42.983+0000] {processor.py:830} INFO - Processing file /home/airflow/.local/lib/python3.8/site-packages/airflow/example_dags/example_sensors.py for tasks to queue
[2026-03-23T03:29:42.985+0000] {logging_mixin.py:188} INFO - [2026-03-23T03:29:42.984+0000] {dagbag.py:540} INFO - Filling up the DagBag from /home/airflow/.local/lib/python3.8/site-packages/airflow/example_dags/example_sensors.py
[2026-03-23T03:29:42.992+0000] {processor.py:840} INFO - DAG(s) 'example_sensors' retrieved from /home/airflow/.local/lib/python3.8/site-packages/airflow/example_dags/example_sensors.py
[2026-03-23T03:29:43.014+0000] {logging_mixin.py:188} INFO - [2026-03-23T03:29:43.013+0000] {dag.py:3047} INFO - Sync 1 DAGs
[2026-03-23T03:29:43.024+0000] {logging_mixin.py:188} INFO - [2026-03-23T03:29:43.023+0000] {dag.py:3834} INFO - Setting next_dagrun for example_sensors to None, run_after=None
[2026-03-23T03:29:43.043+0000] {processor.py:183} INFO - Processing /home/airflow/.local/lib/python3.8/site-packages/airflow/example_dags/example_sensors.py took 0.064 seconds
[2026-03-23T03:30:13.389+0000] {processor.py:161} INFO - Started process (PID=632) to work on /home/airflow/.local/lib/python3.8/site-packages/airflow/example_dags/example_sensors.py
[2026-03-23T03:30:13.390+0000] {processor.py:830} INFO - Processing file /home/airflow/.local/lib/python3.8/site-packages/airflow/example_dags/example_sensors.py for tasks to queue
[2026-03-23T03:30:13.393+0000] {logging_mixin.py:188} INFO - [2026-03-23T03:30:13.392+0000] {dagbag.py:540} INFO - Filling up the DagBag from /home/airflow/.local/lib/python3.8/site-packages/airflow/example_dags/example_sensors.py
[2026-03-23T03:30:13.401+0000] {processor.py:840} INFO - DAG(s) 'example_sensors' retrieved from /home/airflow/.local/lib/python3.8/site-packages/airflow/example_dags/example_sensors.py
[2026-03-23T03:30:13.433+0000] {logging_mixin.py:188} INFO - [2026-03-23T03:30:13.433+0000] {dag.py:3047} INFO - Sync 1 DAGs
[2026-03-23T03:30:13.448+0000] {logging_mixin.py:188} INFO - [2026-03-23T03:30:13.448+0000] {dag.py:3834} INFO - Setting next_dagrun for example_sensors to None, run_after=None
[2026-03-23T03:30:13.476+0000] {processor.py:183} INFO - Processing /home/airflow/.local/lib/python3.8/site-packages/airflow/example_dags/example_sensors.py took 0.090 seconds
[2026-03-23T03:30:43.633+0000] {processor.py:161} INFO - Started process (PID=687) to work on /home/airflow/.local/lib/python3.8/site-packages/airflow/example_dags/example_sensors.py
[2026-03-23T03:30:43.634+0000] {processor.py:830} INFO - Processing file /home/airflow/.local/lib/python3.8/site-packages/airflow/example_dags/example_sensors.py for tasks to queue
[2026-03-23T03:30:43.636+0000] {logging_mixin.py:188} INFO - [2026-03-23T03:30:43.636+0000] {dagbag.py:540} INFO - Filling up the DagBag from /home/airflow/.local/lib/python3.8/site-packages/airflow/example_dags/example_sensors.py
[2026-03-23T03:30:43.644+0000] {processor.py:840} INFO - DAG(s) 'example_sensors' retrieved from /home/airflow/.local/lib/python3.8/site-packages/airflow/example_dags/example_sensors.py
[2026-03-23T03:30:43.669+0000] {logging_mixin.py:188} INFO - [2026-03-23T03:30:43.668+0000] {dag.py:3047} INFO - Sync 1 DAGs
[2026-03-23T03:30:43.680+0000] {logging_mixin.py:188} INFO - [2026-03-23T03:30:43.680+0000] {dag.py:3834} INFO - Setting next_dagrun for example_sensors to None, run_after=None
[2026-03-23T03:30:43.698+0000] {processor.py:183} INFO - Processing /home/airflow/.local/lib/python3.8/site-packages/airflow/example_dags/example_sensors.py took 0.068 seconds
[2026-03-23T03:31:13.804+0000] {processor.py:161} INFO - Started process (PID=742) to work on /home/airflow/.local/lib/python3.8/site-packages/airflow/example_dags/example_sensors.py
[2026-03-23T03:31:13.805+0000] {processor.py:830} INFO - Processing file /home/airflow/.local/lib/python3.8/site-packages/airflow/example_dags/example_sensors.py for tasks to queue
[2026-03-23T03:31:13.806+0000] {logging_mixin.py:188} INFO - [2026-03-23T03:31:13.806+0000] {dagbag.py:540} INFO - Filling up the DagBag from /home/airflow/.local/lib/python3.8/site-packages/airflow/example_dags/example_sensors.py
[2026-03-23T03:31:13.814+0000] {processor.py:840} INFO - DAG(s) 'example_sensors' retrieved from /home/airflow/.local/lib/python3.8/site-packages/airflow/example_dags/example_sensors.py
[2026-03-23T03:31:13.837+0000] {logging_mixin.py:188} INFO - [2026-03-23T03:31:13.837+0000] {dag.py:3047} INFO - Sync 1 DAGs
[2026-03-23T03:31:13.848+0000] {logging_mixin.py:188} INFO - [2026-03-23T03:31:13.847+0000] {dag.py:3834} INFO - Setting next_dagrun for example_sensors to None, run_after=None
[2026-03-23T03:31:13.866+0000] {processor.py:183} INFO - Processing /home/airflow/.local/lib/python3.8/site-packages/airflow/example_dags/example_sensors.py took 0.066 seconds
[2026-03-23T03:31:44.455+0000] {processor.py:161} INFO - Started process (PID=797) to work on /home/airflow/.local/lib/python3.8/site-packages/airflow/example_dags/example_sensors.py
[2026-03-23T03:31:44.456+0000] {processor.py:830} INFO - Processing file /home/airflow/.local/lib/python3.8/site-packages/airflow/example_dags/example_sensors.py for tasks to queue
[2026-03-23T03:31:44.458+0000] {logging_mixin.py:188} INFO - [2026-03-23T03:31:44.457+0000] {dagbag.py:540} INFO - Filling up the DagBag from /home/airflow/.local/lib/python3.8/site-packages/airflow/example_dags/example_sensors.py
[2026-03-23T03:31:44.465+0000] {processor.py:840} INFO - DAG(s) 'example_sensors' retrieved from /home/airflow/.local/lib/python3.8/site-packages/airflow/example_dags/example_sensors.py
[2026-03-23T03:31:44.490+0000] {logging_mixin.py:188} INFO - [2026-03-23T03:31:44.490+0000] {dag.py:3047} INFO - Sync 1 DAGs
[2026-03-23T03:31:44.504+0000] {logging_mixin.py:188} INFO - [2026-03-23T03:31:44.503+0000] {dag.py:3834} INFO - Setting next_dagrun for example_sensors to None, run_after=None
[2026-03-23T03:31:44.525+0000] {processor.py:183} INFO - Processing /home/airflow/.local/lib/python3.8/site-packages/airflow/example_dags/example_sensors.py took 0.073 seconds
[2026-03-23T03:32:15.179+0000] {processor.py:161} INFO - Started process (PID=852) to work on /home/airflow/.local/lib/python3.8/site-packages/airflow/example_dags/example_sensors.py
[2026-03-23T03:32:15.180+0000] {processor.py:830} INFO - Processing file /home/airflow/.local/lib/python3.8/site-packages/airflow/example_dags/example_sensors.py for tasks to queue
[2026-03-23T03:32:15.181+0000] {logging_mixin.py:188} INFO - [2026-03-23T03:32:15.181+0000] {dagbag.py:540} INFO - Filling up the DagBag from /home/airflow/.local/lib/python3.8/site-packages/airflow/example_dags/example_sensors.py
[2026-03-23T03:32:15.189+0000] {processor.py:840} INFO - DAG(s) 'example_sensors' retrieved from /home/airflow/.local/lib/python3.8/site-packages/airflow/example_dags/example_sensors.py
[2026-03-23T03:32:15.214+0000] {logging_mixin.py:188} INFO - [2026-03-23T03:32:15.213+0000] {dag.py:3047} INFO - Sync 1 DAGs
[2026-03-23T03:32:15.225+0000] {logging_mixin.py:188} INFO - [2026-03-23T03:32:15.225+0000] {dag.py:3834} INFO - Setting next_dagrun for example_sensors to None, run_after=None
[2026-03-23T03:32:15.247+0000] {processor.py:183} INFO - Processing /home/airflow/.local/lib/python3.8/site-packages/airflow/example_dags/example_sensors.py took 0.071 seconds
[2026-03-23T03:32:45.304+0000] {processor.py:161} INFO - Started process (PID=907) to work on /home/airflow/.local/lib/python3.8/site-packages/airflow/example_dags/example_sensors.py
[2026-03-23T03:32:45.305+0000] {processor.py:830} INFO - Processing file /home/airflow/.local/lib/python3.8/site-packages/airflow/example_dags/example_sensors.py for tasks to queue
[2026-03-23T03:32:45.307+0000] {logging_mixin.py:188} INFO - [2026-03-23T03:32:45.307+0000] {dagbag.py:540} INFO - Filling up the DagBag from /home/airflow/.local/lib/python3.8/site-packages/airflow/example_dags/example_sensors.py
[2026-03-23T03:32:45.315+0000] {processor.py:840} INFO - DAG(s) 'example_sensors' retrieved from /home/airflow/.local/lib/python3.8/site-packages/airflow/example_dags/example_sensors.py
[2026-03-23T03:32:45.339+0000] {logging_mixin.py:188} INFO - [2026-03-23T03:32:45.338+0000] {dag.py:3047} INFO - Sync 1 DAGs
[2026-03-23T03:32:45.350+0000] {logging_mixin.py:188} INFO - [2026-03-23T03:32:45.350+0000] {dag.py:3834} INFO - Setting next_dagrun for example_sensors to None, run_after=None
[2026-03-23T03:32:45.370+0000] {processor.py:183} INFO - Processing /home/airflow/.local/lib/python3.8/site-packages/airflow/example_dags/example_sensors.py took 0.068 seconds
[2026-03-23T03:33:15.490+0000] {processor.py:161} INFO - Started process (PID=962) to work on /home/airflow/.local/lib/python3.8/site-packages/airflow/example_dags/example_sensors.py
[2026-03-23T03:33:15.492+0000] {processor.py:830} INFO - Processing file /home/airflow/.local/lib/python3.8/site-packages/airflow/example_dags/example_sensors.py for tasks to queue
[2026-03-23T03:33:15.494+0000] {logging_mixin.py:188} INFO - [2026-03-23T03:33:15.493+0000] {dagbag.py:540} INFO - Filling up the DagBag from /home/airflow/.local/lib/python3.8/site-packages/airflow/example_dags/example_sensors.py
[2026-03-23T03:33:15.501+0000] {processor.py:840} INFO - DAG(s) 'example_sensors' retrieved from /home/airflow/.local/lib/python3.8/site-packages/airflow/example_dags/example_sensors.py
[2026-03-23T03:33:15.525+0000] {logging_mixin.py:188} INFO - [2026-03-23T03:33:15.524+0000] {dag.py:3047} INFO - Sync 1 DAGs
[2026-03-23T03:33:15.535+0000] {logging_mixin.py:188} INFO - [2026-03-23T03:33:15.535+0000] {dag.py:3834} INFO - Setting next_dagrun for example_sensors to None, run_after=None
[2026-03-23T03:33:15.556+0000] {processor.py:183} INFO - Processing /home/airflow/.local/lib/python3.8/site-packages/airflow/example_dags/example_sensors.py took 0.068 seconds
[2026-03-23T03:33:45.658+0000] {processor.py:161} INFO - Started process (PID=1017) to work on /home/airflow/.local/lib/python3.8/site-packages/airflow/example_dags/example_sensors.py
[2026-03-23T03:33:45.660+0000] {processor.py:830} INFO - Processing file /home/airflow/.local/lib/python3.8/site-packages/airflow/example_dags/example_sensors.py for tasks to queue
[2026-03-23T03:33:45.661+0000] {logging_mixin.py:188} INFO - [2026-03-23T03:33:45.661+0000] {dagbag.py:540} INFO - Filling up the DagBag from /home/airflow/.local/lib/python3.8/site-packages/airflow/example_dags/example_sensors.py
[2026-03-23T03:33:45.670+0000] {processor.py:840} INFO - DAG(s) 'example_sensors' retrieved from /home/airflow/.local/lib/python3.8/site-packages/airflow/example_dags/example_sensors.py
[2026-03-23T03:33:45.696+0000] {logging_mixin.py:188} INFO - [2026-03-23T03:33:45.696+0000] {dag.py:3047} INFO - Sync 1 DAGs
[2026-03-23T03:33:45.709+0000] {logging_mixin.py:188} INFO - [2026-03-23T03:33:45.708+0000] {dag.py:3834} INFO - Setting next_dagrun for example_sensors to None, run_after=None
[2026-03-23T03:33:45.731+0000] {processor.py:183} INFO - Processing /home/airflow/.local/lib/python3.8/site-packages/airflow/example_dags/example_sensors.py took 0.075 seconds
[2026-03-23T03:34:15.799+0000] {processor.py:161} INFO - Started process (PID=1072) to work on /home/airflow/.local/lib/python3.8/site-packages/airflow/example_dags/example_sensors.py
[2026-03-23T03:34:15.801+0000] {processor.py:830} INFO - Processing file /home/airflow/.local/lib/python3.8/site-packages/airflow/example_dags/example_sensors.py for tasks to queue
[2026-03-23T03:34:15.803+0000] {logging_mixin.py:188} INFO - [2026-03-23T03:34:15.802+0000] {dagbag.py:540} INFO - Filling up the DagBag from /home/airflow/.local/lib/python3.8/site-packages/airflow/example_dags/example_sensors.py
[2026-03-23T03:34:15.810+0000] {processor.py:840} INFO - DAG(s) 'example_sensors' retrieved from /home/airflow/.local/lib/python3.8/site-packages/airflow/example_dags/example_sensors.py
[2026-03-23T03:34:15.834+0000] {logging_mixin.py:188} INFO - [2026-03-23T03:34:15.834+0000] {dag.py:3047} INFO - Sync 1 DAGs
[2026-03-23T03:34:15.848+0000] {logging_mixin.py:188} INFO - [2026-03-23T03:34:15.847+0000] {dag.py:3834} INFO - Setting next_dagrun for example_sensors to None, run_after=None
[2026-03-23T03:34:15.871+0000] {processor.py:183} INFO - Processing /home/airflow/.local/lib/python3.8/site-packages/airflow/example_dags/example_sensors.py took 0.074 seconds
[2026-03-23T03:34:46.050+0000] {processor.py:161} INFO - Started process (PID=1127) to work on /home/airflow/.local/lib/python3.8/site-packages/airflow/example_dags/example_sensors.py
[2026-03-23T03:34:46.051+0000] {processor.py:830} INFO - Processing file /home/airflow/.local/lib/python3.8/site-packages/airflow/example_dags/example_sensors.py for tasks to queue
[2026-03-23T03:34:46.053+0000] {logging_mixin.py:188} INFO - [2026-03-23T03:34:46.053+0000] {dagbag.py:540} INFO - Filling up the DagBag from /home/airflow/.local/lib/python3.8/site-packages/airflow/example_dags/example_sensors.py
[2026-03-23T03:34:46.062+0000] {processor.py:840} INFO - DAG(s) 'example_sensors' retrieved from /home/airflow/.local/lib/python3.8/site-packages/airflow/example_dags/example_sensors.py
[2026-03-23T03:34:46.089+0000] {logging_mixin.py:188} INFO - [2026-03-23T03:34:46.088+0000] {dag.py:3047} INFO - Sync 1 DAGs
[2026-03-23T03:34:46.105+0000] {logging_mixin.py:188} INFO - [2026-03-23T03:34:46.105+0000] {dag.py:3834} INFO - Setting next_dagrun for example_sensors to None, run_after=None
[2026-03-23T03:34:46.132+0000] {processor.py:183} INFO - Processing /home/airflow/.local/lib/python3.8/site-packages/airflow/example_dags/example_sensors.py took 0.086 seconds
[2026-03-23T03:37:19.574+0000] {processor.py:161} INFO - Started process (PID=76) to work on /home/airflow/.local/lib/python3.8/site-packages/airflow/example_dags/example_sensors.py
[2026-03-23T03:37:19.575+0000] {processor.py:830} INFO - Processing file /home/airflow/.local/lib/python3.8/site-packages/airflow/example_dags/example_sensors.py for tasks to queue
[2026-03-23T03:37:19.577+0000] {logging_mixin.py:188} INFO - [2026-03-23T03:37:19.577+0000] {dagbag.py:540} INFO - Filling up the DagBag from /home/airflow/.local/lib/python3.8/site-packages/airflow/example_dags/example_sensors.py
[2026-03-23T03:37:19.589+0000] {processor.py:840} INFO - DAG(s) 'example_sensors' retrieved from /home/airflow/.local/lib/python3.8/site-packages/airflow/example_dags/example_sensors.py
[2026-03-23T03:37:19.602+0000] {logging_mixin.py:188} INFO - [2026-03-23T03:37:19.602+0000] {dag.py:3047} INFO - Sync 1 DAGs
[2026-03-23T03:37:19.618+0000] {logging_mixin.py:188} INFO - [2026-03-23T03:37:19.617+0000] {dag.py:3834} INFO - Setting next_dagrun for example_sensors to None, run_after=None
[2026-03-23T03:37:19.644+0000] {processor.py:183} INFO - Processing /home/airflow/.local/lib/python3.8/site-packages/airflow/example_dags/example_sensors.py took 0.073 seconds
[2026-03-23T03:37:50.931+0000] {processor.py:161} INFO - Started process (PID=131) to work on /home/airflow/.local/lib/python3.8/site-packages/airflow/example_dags/example_sensors.py
[2026-03-23T03:37:50.932+0000] {processor.py:830} INFO - Processing file /home/airflow/.local/lib/python3.8/site-packages/airflow/example_dags/example_sensors.py for tasks to queue
[2026-03-23T03:37:50.934+0000] {logging_mixin.py:188} INFO - [2026-03-23T03:37:50.934+0000] {dagbag.py:540} INFO - Filling up the DagBag from /home/airflow/.local/lib/python3.8/site-packages/airflow/example_dags/example_sensors.py
[2026-03-23T03:37:50.942+0000] {processor.py:840} INFO - DAG(s) 'example_sensors' retrieved from /home/airflow/.local/lib/python3.8/site-packages/airflow/example_dags/example_sensors.py
[2026-03-23T03:37:51.038+0000] {logging_mixin.py:188} INFO - [2026-03-23T03:37:51.037+0000] {dag.py:3047} INFO - Sync 1 DAGs
[2026-03-23T03:37:51.048+0000] {logging_mixin.py:188} INFO - [2026-03-23T03:37:51.048+0000] {dag.py:3834} INFO - Setting next_dagrun for example_sensors to None, run_after=None
[2026-03-23T03:37:51.071+0000] {processor.py:183} INFO - Processing /home/airflow/.local/lib/python3.8/site-packages/airflow/example_dags/example_sensors.py took 0.143 seconds
[2026-03-23T03:38:21.807+0000] {processor.py:161} INFO - Started process (PID=186) to work on /home/airflow/.local/lib/python3.8/site-packages/airflow/example_dags/example_sensors.py
[2026-03-23T03:38:21.809+0000] {processor.py:830} INFO - Processing file /home/airflow/.local/lib/python3.8/site-packages/airflow/example_dags/example_sensors.py for tasks to queue
[2026-03-23T03:38:21.810+0000] {logging_mixin.py:188} INFO - [2026-03-23T03:38:21.810+0000] {dagbag.py:540} INFO - Filling up the DagBag from /home/airflow/.local/lib/python3.8/site-packages/airflow/example_dags/example_sensors.py
[2026-03-23T03:38:21.818+0000] {processor.py:840} INFO - DAG(s) 'example_sensors' retrieved from /home/airflow/.local/lib/python3.8/site-packages/airflow/example_dags/example_sensors.py
[2026-03-23T03:38:21.844+0000] {logging_mixin.py:188} INFO - [2026-03-23T03:38:21.844+0000] {dag.py:3047} INFO - Sync 1 DAGs
[2026-03-23T03:38:21.855+0000] {logging_mixin.py:188} INFO - [2026-03-23T03:38:21.855+0000] {dag.py:3834} INFO - Setting next_dagrun for example_sensors to None, run_after=None
[2026-03-23T03:38:21.877+0000] {processor.py:183} INFO - Processing /home/airflow/.local/lib/python3.8/site-packages/airflow/example_dags/example_sensors.py took 0.073 seconds
[2026-03-23T03:38:52.333+0000] {processor.py:161} INFO - Started process (PID=247) to work on /home/airflow/.local/lib/python3.8/site-packages/airflow/example_dags/example_sensors.py
[2026-03-23T03:38:52.335+0000] {processor.py:830} INFO - Processing file /home/airflow/.local/lib/python3.8/site-packages/airflow/example_dags/example_sensors.py for tasks to queue
[2026-03-23T03:38:52.337+0000] {logging_mixin.py:188} INFO - [2026-03-23T03:38:52.336+0000] {dagbag.py:540} INFO - Filling up the DagBag from /home/airflow/.local/lib/python3.8/site-packages/airflow/example_dags/example_sensors.py
[2026-03-23T03:38:52.345+0000] {processor.py:840} INFO - DAG(s) 'example_sensors' retrieved from /home/airflow/.local/lib/python3.8/site-packages/airflow/example_dags/example_sensors.py
[2026-03-23T03:38:52.372+0000] {logging_mixin.py:188} INFO - [2026-03-23T03:38:52.372+0000] {dag.py:3047} INFO - Sync 1 DAGs
[2026-03-23T03:38:52.384+0000] {logging_mixin.py:188} INFO - [2026-03-23T03:38:52.384+0000] {dag.py:3834} INFO - Setting next_dagrun for example_sensors to None, run_after=None
[2026-03-23T03:38:52.408+0000] {processor.py:183} INFO - Processing /home/airflow/.local/lib/python3.8/site-packages/airflow/example_dags/example_sensors.py took 0.078 seconds
[2026-03-23T03:39:22.794+0000] {processor.py:161} INFO - Started process (PID=302) to work on /home/airflow/.local/lib/python3.8/site-packages/airflow/example_dags/example_sensors.py
[2026-03-23T03:39:22.795+0000] {processor.py:830} INFO - Processing file /home/airflow/.local/lib/python3.8/site-packages/airflow/example_dags/example_sensors.py for tasks to queue
[2026-03-23T03:39:22.797+0000] {logging_mixin.py:188} INFO - [2026-03-23T03:39:22.797+0000] {dagbag.py:540} INFO - Filling up the DagBag from /home/airflow/.local/lib/python3.8/site-packages/airflow/example_dags/example_sensors.py
[2026-03-23T03:39:22.805+0000] {processor.py:840} INFO - DAG(s) 'example_sensors' retrieved from /home/airflow/.local/lib/python3.8/site-packages/airflow/example_dags/example_sensors.py
[2026-03-23T03:39:22.828+0000] {logging_mixin.py:188} INFO - [2026-03-23T03:39:22.828+0000] {dag.py:3047} INFO - Sync 1 DAGs
[2026-03-23T03:39:22.840+0000] {logging_mixin.py:188} INFO - [2026-03-23T03:39:22.839+0000] {dag.py:3834} INFO - Setting next_dagrun for example_sensors to None, run_after=None
[2026-03-23T03:39:22.862+0000] {processor.py:183} INFO - Processing /home/airflow/.local/lib/python3.8/site-packages/airflow/example_dags/example_sensors.py took 0.070 seconds
[2026-03-23T03:39:52.939+0000] {processor.py:161} INFO - Started process (PID=357) to work on /home/airflow/.local/lib/python3.8/site-packages/airflow/example_dags/example_sensors.py
[2026-03-23T03:39:52.940+0000] {processor.py:830} INFO - Processing file /home/airflow/.local/lib/python3.8/site-packages/airflow/example_dags/example_sensors.py for tasks to queue
[2026-03-23T03:39:52.942+0000] {logging_mixin.py:188} INFO - [2026-03-23T03:39:52.941+0000] {dagbag.py:540} INFO - Filling up the DagBag from /home/airflow/.local/lib/python3.8/site-packages/airflow/example_dags/example_sensors.py
[2026-03-23T03:39:52.949+0000] {processor.py:840} INFO - DAG(s) 'example_sensors' retrieved from /home/airflow/.local/lib/python3.8/site-packages/airflow/example_dags/example_sensors.py
[2026-03-23T03:39:52.972+0000] {logging_mixin.py:188} INFO - [2026-03-23T03:39:52.972+0000] {dag.py:3047} INFO - Sync 1 DAGs
[2026-03-23T03:39:52.983+0000] {logging_mixin.py:188} INFO - [2026-03-23T03:39:52.983+0000] {dag.py:3834} INFO - Setting next_dagrun for example_sensors to None, run_after=None
[2026-03-23T03:39:53.004+0000] {processor.py:183} INFO - Processing /home/airflow/.local/lib/python3.8/site-packages/airflow/example_dags/example_sensors.py took 0.068 seconds
[2026-03-23T03:40:23.448+0000] {processor.py:161} INFO - Started process (PID=412) to work on /home/airflow/.local/lib/python3.8/site-packages/airflow/example_dags/example_sensors.py
[2026-03-23T03:40:23.450+0000] {processor.py:830} INFO - Processing file /home/airflow/.local/lib/python3.8/site-packages/airflow/example_dags/example_sensors.py for tasks to queue
[2026-03-23T03:40:23.452+0000] {logging_mixin.py:188} INFO - [2026-03-23T03:40:23.452+0000] {dagbag.py:540} INFO - Filling up the DagBag from /home/airflow/.local/lib/python3.8/site-packages/airflow/example_dags/example_sensors.py
[2026-03-23T03:40:23.460+0000] {processor.py:840} INFO - DAG(s) 'example_sensors' retrieved from /home/airflow/.local/lib/python3.8/site-packages/airflow/example_dags/example_sensors.py
[2026-03-23T03:40:23.490+0000] {logging_mixin.py:188} INFO - [2026-03-23T03:40:23.490+0000] {dag.py:3047} INFO - Sync 1 DAGs
[2026-03-23T03:40:23.506+0000] {logging_mixin.py:188} INFO - [2026-03-23T03:40:23.505+0000] {dag.py:3834} INFO - Setting next_dagrun for example_sensors to None, run_after=None
[2026-03-23T03:40:23.538+0000] {processor.py:183} INFO - Processing /home/airflow/.local/lib/python3.8/site-packages/airflow/example_dags/example_sensors.py took 0.094 seconds
[2026-03-23T03:40:54.240+0000] {processor.py:161} INFO - Started process (PID=467) to work on /home/airflow/.local/lib/python3.8/site-packages/airflow/example_dags/example_sensors.py
[2026-03-23T03:40:54.242+0000] {processor.py:830} INFO - Processing file /home/airflow/.local/lib/python3.8/site-packages/airflow/example_dags/example_sensors.py for tasks to queue
[2026-03-23T03:40:54.245+0000] {logging_mixin.py:188} INFO - [2026-03-23T03:40:54.244+0000] {dagbag.py:540} INFO - Filling up the DagBag from /home/airflow/.local/lib/python3.8/site-packages/airflow/example_dags/example_sensors.py
[2026-03-23T03:40:54.265+0000] {processor.py:840} INFO - DAG(s) 'example_sensors' retrieved from /home/airflow/.local/lib/python3.8/site-packages/airflow/example_dags/example_sensors.py
[2026-03-23T03:40:54.311+0000] {logging_mixin.py:188} INFO - [2026-03-23T03:40:54.310+0000] {dag.py:3047} INFO - Sync 1 DAGs
[2026-03-23T03:40:54.336+0000] {logging_mixin.py:188} INFO - [2026-03-23T03:40:54.335+0000] {dag.py:3834} INFO - Setting next_dagrun for example_sensors to None, run_after=None
[2026-03-23T03:40:54.374+0000] {processor.py:183} INFO - Processing /home/airflow/.local/lib/python3.8/site-packages/airflow/example_dags/example_sensors.py took 0.138 seconds
[2026-03-23T03:41:25.050+0000] {processor.py:161} INFO - Started process (PID=522) to work on /home/airflow/.local/lib/python3.8/site-packages/airflow/example_dags/example_sensors.py
[2026-03-23T03:41:25.052+0000] {processor.py:830} INFO - Processing file /home/airflow/.local/lib/python3.8/site-packages/airflow/example_dags/example_sensors.py for tasks to queue
[2026-03-23T03:41:25.055+0000] {logging_mixin.py:188} INFO - [2026-03-23T03:41:25.054+0000] {dagbag.py:540} INFO - Filling up the DagBag from /home/airflow/.local/lib/python3.8/site-packages/airflow/example_dags/example_sensors.py
[2026-03-23T03:41:25.066+0000] {processor.py:840} INFO - DAG(s) 'example_sensors' retrieved from /home/airflow/.local/lib/python3.8/site-packages/airflow/example_dags/example_sensors.py
[2026-03-23T03:41:25.094+0000] {logging_mixin.py:188} INFO - [2026-03-23T03:41:25.093+0000] {dag.py:3047} INFO - Sync 1 DAGs
[2026-03-23T03:41:25.106+0000] {logging_mixin.py:188} INFO - [2026-03-23T03:41:25.106+0000] {dag.py:3834} INFO - Setting next_dagrun for example_sensors to None, run_after=None
[2026-03-23T03:41:25.129+0000] {processor.py:183} INFO - Processing /home/airflow/.local/lib/python3.8/site-packages/airflow/example_dags/example_sensors.py took 0.083 seconds
[2026-03-23T03:41:55.252+0000] {processor.py:161} INFO - Started process (PID=577) to work on /home/airflow/.local/lib/python3.8/site-packages/airflow/example_dags/example_sensors.py
[2026-03-23T03:41:55.254+0000] {processor.py:830} INFO - Processing file /home/airflow/.local/lib/python3.8/site-packages/airflow/example_dags/example_sensors.py for tasks to queue
[2026-03-23T03:41:55.256+0000] {logging_mixin.py:188} INFO - [2026-03-23T03:41:55.256+0000] {dagbag.py:540} INFO - Filling up the DagBag from /home/airflow/.local/lib/python3.8/site-packages/airflow/example_dags/example_sensors.py
[2026-03-23T03:41:55.265+0000] {processor.py:840} INFO - DAG(s) 'example_sensors' retrieved from /home/airflow/.local/lib/python3.8/site-packages/airflow/example_dags/example_sensors.py
[2026-03-23T03:41:55.295+0000] {logging_mixin.py:188} INFO - [2026-03-23T03:41:55.294+0000] {dag.py:3047} INFO - Sync 1 DAGs
[2026-03-23T03:41:55.310+0000] {logging_mixin.py:188} INFO - [2026-03-23T03:41:55.309+0000] {dag.py:3834} INFO - Setting next_dagrun for example_sensors to None, run_after=None
[2026-03-23T03:41:55.336+0000] {processor.py:183} INFO - Processing /home/airflow/.local/lib/python3.8/site-packages/airflow/example_dags/example_sensors.py took 0.088 seconds
[2026-03-23T03:42:25.438+0000] {processor.py:161} INFO - Started process (PID=632) to work on /home/airflow/.local/lib/python3.8/site-packages/airflow/example_dags/example_sensors.py
[2026-03-23T03:42:25.439+0000] {processor.py:830} INFO - Processing file /home/airflow/.local/lib/python3.8/site-packages/airflow/example_dags/example_sensors.py for tasks to queue
[2026-03-23T03:42:25.442+0000] {logging_mixin.py:188} INFO - [2026-03-23T03:42:25.441+0000] {dagbag.py:540} INFO - Filling up the DagBag from /home/airflow/.local/lib/python3.8/site-packages/airflow/example_dags/example_sensors.py
[2026-03-23T03:42:25.452+0000] {processor.py:840} INFO - DAG(s) 'example_sensors' retrieved from /home/airflow/.local/lib/python3.8/site-packages/airflow/example_dags/example_sensors.py
[2026-03-23T03:42:25.482+0000] {logging_mixin.py:188} INFO - [2026-03-23T03:42:25.481+0000] {dag.py:3047} INFO - Sync 1 DAGs
[2026-03-23T03:42:25.495+0000] {logging_mixin.py:188} INFO - [2026-03-23T03:42:25.495+0000] {dag.py:3834} INFO - Setting next_dagrun for example_sensors to None, run_after=None
[2026-03-23T03:42:25.522+0000] {processor.py:183} INFO - Processing /home/airflow/.local/lib/python3.8/site-packages/airflow/example_dags/example_sensors.py took 0.088 seconds
[2026-03-23T03:42:56.046+0000] {processor.py:161} INFO - Started process (PID=687) to work on /home/airflow/.local/lib/python3.8/site-packages/airflow/example_dags/example_sensors.py
[2026-03-23T03:42:56.047+0000] {processor.py:830} INFO - Processing file /home/airflow/.local/lib/python3.8/site-packages/airflow/example_dags/example_sensors.py for tasks to queue
[2026-03-23T03:42:56.050+0000] {logging_mixin.py:188} INFO - [2026-03-23T03:42:56.049+0000] {dagbag.py:540} INFO - Filling up the DagBag from /home/airflow/.local/lib/python3.8/site-packages/airflow/example_dags/example_sensors.py
[2026-03-23T03:42:56.058+0000] {processor.py:840} INFO - DAG(s) 'example_sensors' retrieved from /home/airflow/.local/lib/python3.8/site-packages/airflow/example_dags/example_sensors.py
[2026-03-23T03:42:56.085+0000] {logging_mixin.py:188} INFO - [2026-03-23T03:42:56.084+0000] {dag.py:3047} INFO - Sync 1 DAGs
[2026-03-23T03:42:56.098+0000] {logging_mixin.py:188} INFO - [2026-03-23T03:42:56.098+0000] {dag.py:3834} INFO - Setting next_dagrun for example_sensors to None, run_after=None
[2026-03-23T03:42:56.121+0000] {processor.py:183} INFO - Processing /home/airflow/.local/lib/python3.8/site-packages/airflow/example_dags/example_sensors.py took 0.079 seconds
[2026-03-23T03:43:26.439+0000] {processor.py:161} INFO - Started process (PID=742) to work on /home/airflow/.local/lib/python3.8/site-packages/airflow/example_dags/example_sensors.py
[2026-03-23T03:43:26.441+0000] {processor.py:830} INFO - Processing file /home/airflow/.local/lib/python3.8/site-packages/airflow/example_dags/example_sensors.py for tasks to queue
[2026-03-23T03:43:26.443+0000] {logging_mixin.py:188} INFO - [2026-03-23T03:43:26.443+0000] {dagbag.py:540} INFO - Filling up the DagBag from /home/airflow/.local/lib/python3.8/site-packages/airflow/example_dags/example_sensors.py
[2026-03-23T03:43:26.452+0000] {processor.py:840} INFO - DAG(s) 'example_sensors' retrieved from /home/airflow/.local/lib/python3.8/site-packages/airflow/example_dags/example_sensors.py
[2026-03-23T03:43:26.481+0000] {logging_mixin.py:188} INFO - [2026-03-23T03:43:26.481+0000] {dag.py:3047} INFO - Sync 1 DAGs
[2026-03-23T03:43:26.493+0000] {logging_mixin.py:188} INFO - [2026-03-23T03:43:26.493+0000] {dag.py:3834} INFO - Setting next_dagrun for example_sensors to None, run_after=None
[2026-03-23T03:43:26.517+0000] {processor.py:183} INFO - Processing /home/airflow/.local/lib/python3.8/site-packages/airflow/example_dags/example_sensors.py took 0.081 seconds
[2026-03-23T03:43:56.928+0000] {processor.py:161} INFO - Started process (PID=797) to work on /home/airflow/.local/lib/python3.8/site-packages/airflow/example_dags/example_sensors.py
[2026-03-23T03:43:56.930+0000] {processor.py:830} INFO - Processing file /home/airflow/.local/lib/python3.8/site-packages/airflow/example_dags/example_sensors.py for tasks to queue
[2026-03-23T03:43:56.932+0000] {logging_mixin.py:188} INFO - [2026-03-23T03:43:56.931+0000] {dagbag.py:540} INFO - Filling up the DagBag from /home/airflow/.local/lib/python3.8/site-packages/airflow/example_dags/example_sensors.py
[2026-03-23T03:43:56.941+0000] {processor.py:840} INFO - DAG(s) 'example_sensors' retrieved from /home/airflow/.local/lib/python3.8/site-packages/airflow/example_dags/example_sensors.py
[2026-03-23T03:43:56.967+0000] {logging_mixin.py:188} INFO - [2026-03-23T03:43:56.967+0000] {dag.py:3047} INFO - Sync 1 DAGs
[2026-03-23T03:43:56.981+0000] {logging_mixin.py:188} INFO - [2026-03-23T03:43:56.981+0000] {dag.py:3834} INFO - Setting next_dagrun for example_sensors to None, run_after=None
[2026-03-23T03:43:57.009+0000] {processor.py:183} INFO - Processing /home/airflow/.local/lib/python3.8/site-packages/airflow/example_dags/example_sensors.py took 0.083 seconds
[2026-03-23T03:44:27.534+0000] {processor.py:161} INFO - Started process (PID=852) to work on /home/airflow/.local/lib/python3.8/site-packages/airflow/example_dags/example_sensors.py
[2026-03-23T03:44:27.535+0000] {processor.py:830} INFO - Processing file /home/airflow/.local/lib/python3.8/site-packages/airflow/example_dags/example_sensors.py for tasks to queue
[2026-03-23T03:44:27.537+0000] {logging_mixin.py:188} INFO - [2026-03-23T03:44:27.537+0000] {dagbag.py:540} INFO - Filling up the DagBag from /home/airflow/.local/lib/python3.8/site-packages/airflow/example_dags/example_sensors.py
[2026-03-23T03:44:27.546+0000] {processor.py:840} INFO - DAG(s) 'example_sensors' retrieved from /home/airflow/.local/lib/python3.8/site-packages/airflow/example_dags/example_sensors.py
[2026-03-23T03:44:27.571+0000] {logging_mixin.py:188} INFO - [2026-03-23T03:44:27.571+0000] {dag.py:3047} INFO - Sync 1 DAGs
[2026-03-23T03:44:27.584+0000] {logging_mixin.py:188} INFO - [2026-03-23T03:44:27.583+0000] {dag.py:3834} INFO - Setting next_dagrun for example_sensors to None, run_after=None
[2026-03-23T03:44:27.606+0000] {processor.py:183} INFO - Processing /home/airflow/.local/lib/python3.8/site-packages/airflow/example_dags/example_sensors.py took 0.076 seconds
[2026-03-23T03:44:57.908+0000] {processor.py:161} INFO - Started process (PID=907) to work on /home/airflow/.local/lib/python3.8/site-packages/airflow/example_dags/example_sensors.py
[2026-03-23T03:44:57.909+0000] {processor.py:830} INFO - Processing file /home/airflow/.local/lib/python3.8/site-packages/airflow/example_dags/example_sensors.py for tasks to queue
[2026-03-23T03:44:57.912+0000] {logging_mixin.py:188} INFO - [2026-03-23T03:44:57.911+0000] {dagbag.py:540} INFO - Filling up the DagBag from /home/airflow/.local/lib/python3.8/site-packages/airflow/example_dags/example_sensors.py
[2026-03-23T03:44:57.920+0000] {processor.py:840} INFO - DAG(s) 'example_sensors' retrieved from /home/airflow/.local/lib/python3.8/site-packages/airflow/example_dags/example_sensors.py
[2026-03-23T03:44:57.947+0000] {logging_mixin.py:188} INFO - [2026-03-23T03:44:57.946+0000] {dag.py:3047} INFO - Sync 1 DAGs
[2026-03-23T03:44:57.962+0000] {logging_mixin.py:188} INFO - [2026-03-23T03:44:57.961+0000] {dag.py:3834} INFO - Setting next_dagrun for example_sensors to None, run_after=None
[2026-03-23T03:44:57.989+0000] {processor.py:183} INFO - Processing /home/airflow/.local/lib/python3.8/site-packages/airflow/example_dags/example_sensors.py took 0.084 seconds
[2026-03-23T03:45:28.314+0000] {processor.py:161} INFO - Started process (PID=962) to work on /home/airflow/.local/lib/python3.8/site-packages/airflow/example_dags/example_sensors.py
[2026-03-23T03:45:28.315+0000] {processor.py:830} INFO - Processing file /home/airflow/.local/lib/python3.8/site-packages/airflow/example_dags/example_sensors.py for tasks to queue
[2026-03-23T03:45:28.317+0000] {logging_mixin.py:188} INFO - [2026-03-23T03:45:28.316+0000] {dagbag.py:540} INFO - Filling up the DagBag from /home/airflow/.local/lib/python3.8/site-packages/airflow/example_dags/example_sensors.py
[2026-03-23T03:45:28.326+0000] {processor.py:840} INFO - DAG(s) 'example_sensors' retrieved from /home/airflow/.local/lib/python3.8/site-packages/airflow/example_dags/example_sensors.py
[2026-03-23T03:45:28.355+0000] {logging_mixin.py:188} INFO - [2026-03-23T03:45:28.354+0000] {dag.py:3047} INFO - Sync 1 DAGs
[2026-03-23T03:45:28.366+0000] {logging_mixin.py:188} INFO - [2026-03-23T03:45:28.366+0000] {dag.py:3834} INFO - Setting next_dagrun for example_sensors to None, run_after=None
[2026-03-23T03:45:28.390+0000] {processor.py:183} INFO - Processing /home/airflow/.local/lib/python3.8/site-packages/airflow/example_dags/example_sensors.py took 0.080 seconds
[2026-03-23T03:45:58.555+0000] {processor.py:161} INFO - Started process (PID=1017) to work on /home/airflow/.local/lib/python3.8/site-packages/airflow/example_dags/example_sensors.py
[2026-03-23T03:45:58.556+0000] {processor.py:830} INFO - Processing file /home/airflow/.local/lib/python3.8/site-packages/airflow/example_dags/example_sensors.py for tasks to queue
[2026-03-23T03:45:58.558+0000] {logging_mixin.py:188} INFO - [2026-03-23T03:45:58.558+0000] {dagbag.py:540} INFO - Filling up the DagBag from /home/airflow/.local/lib/python3.8/site-packages/airflow/example_dags/example_sensors.py
[2026-03-23T03:45:58.566+0000] {processor.py:840} INFO - DAG(s) 'example_sensors' retrieved from /home/airflow/.local/lib/python3.8/site-packages/airflow/example_dags/example_sensors.py
[2026-03-23T03:45:58.590+0000] {logging_mixin.py:188} INFO - [2026-03-23T03:45:58.590+0000] {dag.py:3047} INFO - Sync 1 DAGs
[2026-03-23T03:45:58.602+0000] {logging_mixin.py:188} INFO - [2026-03-23T03:45:58.601+0000] {dag.py:3834} INFO - Setting next_dagrun for example_sensors to None, run_after=None
[2026-03-23T03:45:58.623+0000] {processor.py:183} INFO - Processing /home/airflow/.local/lib/python3.8/site-packages/airflow/example_dags/example_sensors.py took 0.071 seconds
[2026-03-23T03:46:28.847+0000] {processor.py:161} INFO - Started process (PID=1072) to work on /home/airflow/.local/lib/python3.8/site-packages/airflow/example_dags/example_sensors.py
[2026-03-23T03:46:28.849+0000] {processor.py:830} INFO - Processing file /home/airflow/.local/lib/python3.8/site-packages/airflow/example_dags/example_sensors.py for tasks to queue
[2026-03-23T03:46:28.851+0000] {logging_mixin.py:188} INFO - [2026-03-23T03:46:28.851+0000] {dagbag.py:540} INFO - Filling up the DagBag from /home/airflow/.local/lib/python3.8/site-packages/airflow/example_dags/example_sensors.py
[2026-03-23T03:46:28.858+0000] {processor.py:840} INFO - DAG(s) 'example_sensors' retrieved from /home/airflow/.local/lib/python3.8/site-packages/airflow/example_dags/example_sensors.py
[2026-03-23T03:46:28.882+0000] {logging_mixin.py:188} INFO - [2026-03-23T03:46:28.882+0000] {dag.py:3047} INFO - Sync 1 DAGs
[2026-03-23T03:46:28.893+0000] {logging_mixin.py:188} INFO - [2026-03-23T03:46:28.892+0000] {dag.py:3834} INFO - Setting next_dagrun for example_sensors to None, run_after=None
[2026-03-23T03:46:28.913+0000] {processor.py:183} INFO - Processing /home/airflow/.local/lib/python3.8/site-packages/airflow/example_dags/example_sensors.py took 0.069 seconds
[2026-03-23T03:46:59.294+0000] {processor.py:161} INFO - Started process (PID=1127) to work on /home/airflow/.local/lib/python3.8/site-packages/airflow/example_dags/example_sensors.py
[2026-03-23T03:46:59.295+0000] {processor.py:830} INFO - Processing file /home/airflow/.local/lib/python3.8/site-packages/airflow/example_dags/example_sensors.py for tasks to queue
[2026-03-23T03:46:59.297+0000] {logging_mixin.py:188} INFO - [2026-03-23T03:46:59.297+0000] {dagbag.py:540} INFO - Filling up the DagBag from /home/airflow/.local/lib/python3.8/site-packages/airflow/example_dags/example_sensors.py
[2026-03-23T03:46:59.305+0000] {processor.py:840} INFO - DAG(s) 'example_sensors' retrieved from /home/airflow/.local/lib/python3.8/site-packages/airflow/example_dags/example_sensors.py
[2026-03-23T03:46:59.329+0000] {logging_mixin.py:188} INFO - [2026-03-23T03:46:59.329+0000] {dag.py:3047} INFO - Sync 1 DAGs
[2026-03-23T03:46:59.342+0000] {logging_mixin.py:188} INFO - [2026-03-23T03:46:59.342+0000] {dag.py:3834} INFO - Setting next_dagrun for example_sensors to None, run_after=None
[2026-03-23T03:46:59.363+0000] {processor.py:183} INFO - Processing /home/airflow/.local/lib/python3.8/site-packages/airflow/example_dags/example_sensors.py took 0.072 seconds
[2026-03-23T03:47:29.550+0000] {processor.py:161} INFO - Started process (PID=1182) to work on /home/airflow/.local/lib/python3.8/site-packages/airflow/example_dags/example_sensors.py
[2026-03-23T03:47:29.551+0000] {processor.py:830} INFO - Processing file /home/airflow/.local/lib/python3.8/site-packages/airflow/example_dags/example_sensors.py for tasks to queue
[2026-03-23T03:47:29.553+0000] {logging_mixin.py:188} INFO - [2026-03-23T03:47:29.553+0000] {dagbag.py:540} INFO - Filling up the DagBag from /home/airflow/.local/lib/python3.8/site-packages/airflow/example_dags/example_sensors.py
[2026-03-23T03:47:29.561+0000] {processor.py:840} INFO - DAG(s) 'example_sensors' retrieved from /home/airflow/.local/lib/python3.8/site-packages/airflow/example_dags/example_sensors.py
[2026-03-23T03:47:29.585+0000] {logging_mixin.py:188} INFO - [2026-03-23T03:47:29.585+0000] {dag.py:3047} INFO - Sync 1 DAGs
[2026-03-23T03:47:29.596+0000] {logging_mixin.py:188} INFO - [2026-03-23T03:47:29.596+0000] {dag.py:3834} INFO - Setting next_dagrun for example_sensors to None, run_after=None
[2026-03-23T03:47:29.617+0000] {processor.py:183} INFO - Processing /home/airflow/.local/lib/python3.8/site-packages/airflow/example_dags/example_sensors.py took 0.070 seconds
[2026-03-23T03:47:59.812+0000] {processor.py:161} INFO - Started process (PID=1237) to work on /home/airflow/.local/lib/python3.8/site-packages/airflow/example_dags/example_sensors.py
[2026-03-23T03:47:59.814+0000] {processor.py:830} INFO - Processing file /home/airflow/.local/lib/python3.8/site-packages/airflow/example_dags/example_sensors.py for tasks to queue
[2026-03-23T03:47:59.816+0000] {logging_mixin.py:188} INFO - [2026-03-23T03:47:59.816+0000] {dagbag.py:540} INFO - Filling up the DagBag from /home/airflow/.local/lib/python3.8/site-packages/airflow/example_dags/example_sensors.py
[2026-03-23T03:47:59.825+0000] {processor.py:840} INFO - DAG(s) 'example_sensors' retrieved from /home/airflow/.local/lib/python3.8/site-packages/airflow/example_dags/example_sensors.py
[2026-03-23T03:47:59.852+0000] {logging_mixin.py:188} INFO - [2026-03-23T03:47:59.852+0000] {dag.py:3047} INFO - Sync 1 DAGs
[2026-03-23T03:47:59.864+0000] {logging_mixin.py:188} INFO - [2026-03-23T03:47:59.864+0000] {dag.py:3834} INFO - Setting next_dagrun for example_sensors to None, run_after=None
[2026-03-23T03:47:59.887+0000] {processor.py:183} INFO - Processing /home/airflow/.local/lib/python3.8/site-packages/airflow/example_dags/example_sensors.py took 0.077 seconds
[2026-03-23T03:48:30.246+0000] {processor.py:161} INFO - Started process (PID=1292) to work on /home/airflow/.local/lib/python3.8/site-packages/airflow/example_dags/example_sensors.py
[2026-03-23T03:48:30.248+0000] {processor.py:830} INFO - Processing file /home/airflow/.local/lib/python3.8/site-packages/airflow/example_dags/example_sensors.py for tasks to queue
[2026-03-23T03:48:30.251+0000] {logging_mixin.py:188} INFO - [2026-03-23T03:48:30.250+0000] {dagbag.py:540} INFO - Filling up the DagBag from /home/airflow/.local/lib/python3.8/site-packages/airflow/example_dags/example_sensors.py
[2026-03-23T03:48:30.263+0000] {processor.py:840} INFO - DAG(s) 'example_sensors' retrieved from /home/airflow/.local/lib/python3.8/site-packages/airflow/example_dags/example_sensors.py
[2026-03-23T03:48:30.296+0000] {logging_mixin.py:188} INFO - [2026-03-23T03:48:30.296+0000] {dag.py:3047} INFO - Sync 1 DAGs
[2026-03-23T03:48:30.312+0000] {logging_mixin.py:188} INFO - [2026-03-23T03:48:30.312+0000] {dag.py:3834} INFO - Setting next_dagrun for example_sensors to None, run_after=None
[2026-03-23T03:48:30.343+0000] {processor.py:183} INFO - Processing /home/airflow/.local/lib/python3.8/site-packages/airflow/example_dags/example_sensors.py took 0.101 seconds
[2026-03-23T03:49:00.624+0000] {processor.py:161} INFO - Started process (PID=1347) to work on /home/airflow/.local/lib/python3.8/site-packages/airflow/example_dags/example_sensors.py
[2026-03-23T03:49:00.626+0000] {processor.py:830} INFO - Processing file /home/airflow/.local/lib/python3.8/site-packages/airflow/example_dags/example_sensors.py for tasks to queue
[2026-03-23T03:49:00.629+0000] {logging_mixin.py:188} INFO - [2026-03-23T03:49:00.629+0000] {dagbag.py:540} INFO - Filling up the DagBag from /home/airflow/.local/lib/python3.8/site-packages/airflow/example_dags/example_sensors.py
[2026-03-23T03:49:00.646+0000] {processor.py:840} INFO - DAG(s) 'example_sensors' retrieved from /home/airflow/.local/lib/python3.8/site-packages/airflow/example_dags/example_sensors.py
[2026-03-23T03:49:00.685+0000] {logging_mixin.py:188} INFO - [2026-03-23T03:49:00.684+0000] {dag.py:3047} INFO - Sync 1 DAGs
[2026-03-23T03:49:00.706+0000] {logging_mixin.py:188} INFO - [2026-03-23T03:49:00.705+0000] {dag.py:3834} INFO - Setting next_dagrun for example_sensors to None, run_after=None
[2026-03-23T03:49:00.738+0000] {processor.py:183} INFO - Processing /home/airflow/.local/lib/python3.8/site-packages/airflow/example_dags/example_sensors.py took 0.118 seconds
[2026-03-23T03:49:30.938+0000] {processor.py:161} INFO - Started process (PID=1402) to work on /home/airflow/.local/lib/python3.8/site-packages/airflow/example_dags/example_sensors.py
[2026-03-23T03:49:30.939+0000] {processor.py:830} INFO - Processing file /home/airflow/.local/lib/python3.8/site-packages/airflow/example_dags/example_sensors.py for tasks to queue
[2026-03-23T03:49:30.941+0000] {logging_mixin.py:188} INFO - [2026-03-23T03:49:30.941+0000] {dagbag.py:540} INFO - Filling up the DagBag from /home/airflow/.local/lib/python3.8/site-packages/airflow/example_dags/example_sensors.py
[2026-03-23T03:49:30.949+0000] {processor.py:840} INFO - DAG(s) 'example_sensors' retrieved from /home/airflow/.local/lib/python3.8/site-packages/airflow/example_dags/example_sensors.py
[2026-03-23T03:49:30.976+0000] {logging_mixin.py:188} INFO - [2026-03-23T03:49:30.976+0000] {dag.py:3047} INFO - Sync 1 DAGs
[2026-03-23T03:49:30.989+0000] {logging_mixin.py:188} INFO - [2026-03-23T03:49:30.988+0000] {dag.py:3834} INFO - Setting next_dagrun for example_sensors to None, run_after=None
[2026-03-23T03:49:31.010+0000] {processor.py:183} INFO - Processing /home/airflow/.local/lib/python3.8/site-packages/airflow/example_dags/example_sensors.py took 0.075 seconds
[2026-03-23T03:50:47.407+0000] {processor.py:161} INFO - Started process (PID=82) to work on /home/airflow/.local/lib/python3.8/site-packages/airflow/example_dags/example_sensors.py
[2026-03-23T03:50:47.409+0000] {processor.py:830} INFO - Processing file /home/airflow/.local/lib/python3.8/site-packages/airflow/example_dags/example_sensors.py for tasks to queue
[2026-03-23T03:50:47.414+0000] {logging_mixin.py:188} INFO - [2026-03-23T03:50:47.414+0000] {dagbag.py:540} INFO - Filling up the DagBag from /home/airflow/.local/lib/python3.8/site-packages/airflow/example_dags/example_sensors.py
[2026-03-23T03:50:47.433+0000] {processor.py:840} INFO - DAG(s) 'example_sensors' retrieved from /home/airflow/.local/lib/python3.8/site-packages/airflow/example_dags/example_sensors.py
[2026-03-23T03:50:47.455+0000] {logging_mixin.py:188} INFO - [2026-03-23T03:50:47.455+0000] {dag.py:3047} INFO - Sync 1 DAGs
[2026-03-23T03:50:47.486+0000] {logging_mixin.py:188} INFO - [2026-03-23T03:50:47.486+0000] {dag.py:3834} INFO - Setting next_dagrun for example_sensors to None, run_after=None
[2026-03-23T03:50:47.534+0000] {processor.py:183} INFO - Processing /home/airflow/.local/lib/python3.8/site-packages/airflow/example_dags/example_sensors.py took 0.135 seconds
[2026-03-23T03:51:18.830+0000] {processor.py:161} INFO - Started process (PID=137) to work on /home/airflow/.local/lib/python3.8/site-packages/airflow/example_dags/example_sensors.py
[2026-03-23T03:51:18.831+0000] {processor.py:830} INFO - Processing file /home/airflow/.local/lib/python3.8/site-packages/airflow/example_dags/example_sensors.py for tasks to queue
[2026-03-23T03:51:18.833+0000] {logging_mixin.py:188} INFO - [2026-03-23T03:51:18.833+0000] {dagbag.py:540} INFO - Filling up the DagBag from /home/airflow/.local/lib/python3.8/site-packages/airflow/example_dags/example_sensors.py
[2026-03-23T03:51:18.842+0000] {processor.py:840} INFO - DAG(s) 'example_sensors' retrieved from /home/airflow/.local/lib/python3.8/site-packages/airflow/example_dags/example_sensors.py
[2026-03-23T03:51:18.988+0000] {logging_mixin.py:188} INFO - [2026-03-23T03:51:18.988+0000] {dag.py:3047} INFO - Sync 1 DAGs
[2026-03-23T03:51:19.003+0000] {logging_mixin.py:188} INFO - [2026-03-23T03:51:19.003+0000] {dag.py:3834} INFO - Setting next_dagrun for example_sensors to None, run_after=None
[2026-03-23T03:51:19.034+0000] {processor.py:183} INFO - Processing /home/airflow/.local/lib/python3.8/site-packages/airflow/example_dags/example_sensors.py took 0.207 seconds
[2026-03-23T03:51:49.224+0000] {processor.py:161} INFO - Started process (PID=192) to work on /home/airflow/.local/lib/python3.8/site-packages/airflow/example_dags/example_sensors.py
[2026-03-23T03:51:49.226+0000] {processor.py:830} INFO - Processing file /home/airflow/.local/lib/python3.8/site-packages/airflow/example_dags/example_sensors.py for tasks to queue
[2026-03-23T03:51:49.229+0000] {logging_mixin.py:188} INFO - [2026-03-23T03:51:49.228+0000] {dagbag.py:540} INFO - Filling up the DagBag from /home/airflow/.local/lib/python3.8/site-packages/airflow/example_dags/example_sensors.py
[2026-03-23T03:51:49.240+0000] {processor.py:840} INFO - DAG(s) 'example_sensors' retrieved from /home/airflow/.local/lib/python3.8/site-packages/airflow/example_dags/example_sensors.py
[2026-03-23T03:51:49.270+0000] {logging_mixin.py:188} INFO - [2026-03-23T03:51:49.270+0000] {dag.py:3047} INFO - Sync 1 DAGs
[2026-03-23T03:51:49.283+0000] {logging_mixin.py:188} INFO - [2026-03-23T03:51:49.283+0000] {dag.py:3834} INFO - Setting next_dagrun for example_sensors to None, run_after=None
[2026-03-23T03:51:49.313+0000] {processor.py:183} INFO - Processing /home/airflow/.local/lib/python3.8/site-packages/airflow/example_dags/example_sensors.py took 0.093 seconds
[2026-03-23T03:52:19.722+0000] {processor.py:161} INFO - Started process (PID=247) to work on /home/airflow/.local/lib/python3.8/site-packages/airflow/example_dags/example_sensors.py
[2026-03-23T03:52:19.724+0000] {processor.py:830} INFO - Processing file /home/airflow/.local/lib/python3.8/site-packages/airflow/example_dags/example_sensors.py for tasks to queue
[2026-03-23T03:52:19.725+0000] {logging_mixin.py:188} INFO - [2026-03-23T03:52:19.725+0000] {dagbag.py:540} INFO - Filling up the DagBag from /home/airflow/.local/lib/python3.8/site-packages/airflow/example_dags/example_sensors.py
[2026-03-23T03:52:19.734+0000] {processor.py:840} INFO - DAG(s) 'example_sensors' retrieved from /home/airflow/.local/lib/python3.8/site-packages/airflow/example_dags/example_sensors.py
[2026-03-23T03:52:19.767+0000] {logging_mixin.py:188} INFO - [2026-03-23T03:52:19.767+0000] {dag.py:3047} INFO - Sync 1 DAGs
[2026-03-23T03:52:19.782+0000] {logging_mixin.py:188} INFO - [2026-03-23T03:52:19.782+0000] {dag.py:3834} INFO - Setting next_dagrun for example_sensors to None, run_after=None
[2026-03-23T03:52:19.811+0000] {processor.py:183} INFO - Processing /home/airflow/.local/lib/python3.8/site-packages/airflow/example_dags/example_sensors.py took 0.092 seconds
[2026-03-23T03:52:50.580+0000] {processor.py:161} INFO - Started process (PID=302) to work on /home/airflow/.local/lib/python3.8/site-packages/airflow/example_dags/example_sensors.py
[2026-03-23T03:52:50.581+0000] {processor.py:830} INFO - Processing file /home/airflow/.local/lib/python3.8/site-packages/airflow/example_dags/example_sensors.py for tasks to queue
[2026-03-23T03:52:50.584+0000] {logging_mixin.py:188} INFO - [2026-03-23T03:52:50.583+0000] {dagbag.py:540} INFO - Filling up the DagBag from /home/airflow/.local/lib/python3.8/site-packages/airflow/example_dags/example_sensors.py
[2026-03-23T03:52:50.594+0000] {processor.py:840} INFO - DAG(s) 'example_sensors' retrieved from /home/airflow/.local/lib/python3.8/site-packages/airflow/example_dags/example_sensors.py
[2026-03-23T03:52:50.620+0000] {logging_mixin.py:188} INFO - [2026-03-23T03:52:50.620+0000] {dag.py:3047} INFO - Sync 1 DAGs
[2026-03-23T03:52:50.632+0000] {logging_mixin.py:188} INFO - [2026-03-23T03:52:50.632+0000] {dag.py:3834} INFO - Setting next_dagrun for example_sensors to None, run_after=None
[2026-03-23T03:52:50.654+0000] {processor.py:183} INFO - Processing /home/airflow/.local/lib/python3.8/site-packages/airflow/example_dags/example_sensors.py took 0.077 seconds
[2026-03-23T03:53:21.134+0000] {processor.py:161} INFO - Started process (PID=357) to work on /home/airflow/.local/lib/python3.8/site-packages/airflow/example_dags/example_sensors.py
[2026-03-23T03:53:21.136+0000] {processor.py:830} INFO - Processing file /home/airflow/.local/lib/python3.8/site-packages/airflow/example_dags/example_sensors.py for tasks to queue
[2026-03-23T03:53:21.140+0000] {logging_mixin.py:188} INFO - [2026-03-23T03:53:21.140+0000] {dagbag.py:540} INFO - Filling up the DagBag from /home/airflow/.local/lib/python3.8/site-packages/airflow/example_dags/example_sensors.py
[2026-03-23T03:53:21.157+0000] {processor.py:840} INFO - DAG(s) 'example_sensors' retrieved from /home/airflow/.local/lib/python3.8/site-packages/airflow/example_dags/example_sensors.py
[2026-03-23T03:53:21.206+0000] {logging_mixin.py:188} INFO - [2026-03-23T03:53:21.205+0000] {dag.py:3047} INFO - Sync 1 DAGs
[2026-03-23T03:53:21.230+0000] {logging_mixin.py:188} INFO - [2026-03-23T03:53:21.230+0000] {dag.py:3834} INFO - Setting next_dagrun for example_sensors to None, run_after=None
[2026-03-23T03:53:21.270+0000] {processor.py:183} INFO - Processing /home/airflow/.local/lib/python3.8/site-packages/airflow/example_dags/example_sensors.py took 0.142 seconds
[2026-03-23T03:53:51.494+0000] {processor.py:161} INFO - Started process (PID=412) to work on /home/airflow/.local/lib/python3.8/site-packages/airflow/example_dags/example_sensors.py
[2026-03-23T03:53:51.496+0000] {processor.py:830} INFO - Processing file /home/airflow/.local/lib/python3.8/site-packages/airflow/example_dags/example_sensors.py for tasks to queue
[2026-03-23T03:53:51.498+0000] {logging_mixin.py:188} INFO - [2026-03-23T03:53:51.498+0000] {dagbag.py:540} INFO - Filling up the DagBag from /home/airflow/.local/lib/python3.8/site-packages/airflow/example_dags/example_sensors.py
[2026-03-23T03:53:51.509+0000] {processor.py:840} INFO - DAG(s) 'example_sensors' retrieved from /home/airflow/.local/lib/python3.8/site-packages/airflow/example_dags/example_sensors.py
[2026-03-23T03:53:51.543+0000] {logging_mixin.py:188} INFO - [2026-03-23T03:53:51.542+0000] {dag.py:3047} INFO - Sync 1 DAGs
[2026-03-23T03:53:51.561+0000] {logging_mixin.py:188} INFO - [2026-03-23T03:53:51.560+0000] {dag.py:3834} INFO - Setting next_dagrun for example_sensors to None, run_after=None
[2026-03-23T03:53:51.596+0000] {processor.py:183} INFO - Processing /home/airflow/.local/lib/python3.8/site-packages/airflow/example_dags/example_sensors.py took 0.105 seconds
[2026-03-23T03:54:21.926+0000] {processor.py:161} INFO - Started process (PID=467) to work on /home/airflow/.local/lib/python3.8/site-packages/airflow/example_dags/example_sensors.py
[2026-03-23T03:54:21.927+0000] {processor.py:830} INFO - Processing file /home/airflow/.local/lib/python3.8/site-packages/airflow/example_dags/example_sensors.py for tasks to queue
[2026-03-23T03:54:21.929+0000] {logging_mixin.py:188} INFO - [2026-03-23T03:54:21.929+0000] {dagbag.py:540} INFO - Filling up the DagBag from /home/airflow/.local/lib/python3.8/site-packages/airflow/example_dags/example_sensors.py
[2026-03-23T03:54:21.937+0000] {processor.py:840} INFO - DAG(s) 'example_sensors' retrieved from /home/airflow/.local/lib/python3.8/site-packages/airflow/example_dags/example_sensors.py
[2026-03-23T03:54:21.960+0000] {logging_mixin.py:188} INFO - [2026-03-23T03:54:21.960+0000] {dag.py:3047} INFO - Sync 1 DAGs
[2026-03-23T03:54:21.972+0000] {logging_mixin.py:188} INFO - [2026-03-23T03:54:21.971+0000] {dag.py:3834} INFO - Setting next_dagrun for example_sensors to None, run_after=None
[2026-03-23T03:54:21.994+0000] {processor.py:183} INFO - Processing /home/airflow/.local/lib/python3.8/site-packages/airflow/example_dags/example_sensors.py took 0.071 seconds
[2026-03-23T03:54:52.449+0000] {processor.py:161} INFO - Started process (PID=522) to work on /home/airflow/.local/lib/python3.8/site-packages/airflow/example_dags/example_sensors.py
[2026-03-23T03:54:52.450+0000] {processor.py:830} INFO - Processing file /home/airflow/.local/lib/python3.8/site-packages/airflow/example_dags/example_sensors.py for tasks to queue
[2026-03-23T03:54:52.452+0000] {logging_mixin.py:188} INFO - [2026-03-23T03:54:52.452+0000] {dagbag.py:540} INFO - Filling up the DagBag from /home/airflow/.local/lib/python3.8/site-packages/airflow/example_dags/example_sensors.py
[2026-03-23T03:54:52.461+0000] {processor.py:840} INFO - DAG(s) 'example_sensors' retrieved from /home/airflow/.local/lib/python3.8/site-packages/airflow/example_dags/example_sensors.py
[2026-03-23T03:54:52.489+0000] {logging_mixin.py:188} INFO - [2026-03-23T03:54:52.488+0000] {dag.py:3047} INFO - Sync 1 DAGs
[2026-03-23T03:54:52.503+0000] {logging_mixin.py:188} INFO - [2026-03-23T03:54:52.503+0000] {dag.py:3834} INFO - Setting next_dagrun for example_sensors to None, run_after=None
[2026-03-23T03:54:52.531+0000] {processor.py:183} INFO - Processing /home/airflow/.local/lib/python3.8/site-packages/airflow/example_dags/example_sensors.py took 0.085 seconds
[2026-03-23T03:55:22.658+0000] {processor.py:161} INFO - Started process (PID=577) to work on /home/airflow/.local/lib/python3.8/site-packages/airflow/example_dags/example_sensors.py
[2026-03-23T03:55:22.659+0000] {processor.py:830} INFO - Processing file /home/airflow/.local/lib/python3.8/site-packages/airflow/example_dags/example_sensors.py for tasks to queue
[2026-03-23T03:55:22.660+0000] {logging_mixin.py:188} INFO - [2026-03-23T03:55:22.660+0000] {dagbag.py:540} INFO - Filling up the DagBag from /home/airflow/.local/lib/python3.8/site-packages/airflow/example_dags/example_sensors.py
[2026-03-23T03:55:22.669+0000] {processor.py:840} INFO - DAG(s) 'example_sensors' retrieved from /home/airflow/.local/lib/python3.8/site-packages/airflow/example_dags/example_sensors.py
[2026-03-23T03:55:22.696+0000] {logging_mixin.py:188} INFO - [2026-03-23T03:55:22.696+0000] {dag.py:3047} INFO - Sync 1 DAGs
[2026-03-23T03:55:22.709+0000] {logging_mixin.py:188} INFO - [2026-03-23T03:55:22.709+0000] {dag.py:3834} INFO - Setting next_dagrun for example_sensors to None, run_after=None
[2026-03-23T03:55:22.733+0000] {processor.py:183} INFO - Processing /home/airflow/.local/lib/python3.8/site-packages/airflow/example_dags/example_sensors.py took 0.079 seconds
[2026-03-23T03:55:53.007+0000] {processor.py:161} INFO - Started process (PID=632) to work on /home/airflow/.local/lib/python3.8/site-packages/airflow/example_dags/example_sensors.py
[2026-03-23T03:55:53.008+0000] {processor.py:830} INFO - Processing file /home/airflow/.local/lib/python3.8/site-packages/airflow/example_dags/example_sensors.py for tasks to queue
[2026-03-23T03:55:53.010+0000] {logging_mixin.py:188} INFO - [2026-03-23T03:55:53.010+0000] {dagbag.py:540} INFO - Filling up the DagBag from /home/airflow/.local/lib/python3.8/site-packages/airflow/example_dags/example_sensors.py
[2026-03-23T03:55:53.017+0000] {processor.py:840} INFO - DAG(s) 'example_sensors' retrieved from /home/airflow/.local/lib/python3.8/site-packages/airflow/example_dags/example_sensors.py
[2026-03-23T03:55:53.040+0000] {logging_mixin.py:188} INFO - [2026-03-23T03:55:53.039+0000] {dag.py:3047} INFO - Sync 1 DAGs
[2026-03-23T03:55:53.051+0000] {logging_mixin.py:188} INFO - [2026-03-23T03:55:53.051+0000] {dag.py:3834} INFO - Setting next_dagrun for example_sensors to None, run_after=None
[2026-03-23T03:55:53.070+0000] {processor.py:183} INFO - Processing /home/airflow/.local/lib/python3.8/site-packages/airflow/example_dags/example_sensors.py took 0.065 seconds
[2026-03-23T03:56:23.257+0000] {processor.py:161} INFO - Started process (PID=687) to work on /home/airflow/.local/lib/python3.8/site-packages/airflow/example_dags/example_sensors.py
[2026-03-23T03:56:23.258+0000] {processor.py:830} INFO - Processing file /home/airflow/.local/lib/python3.8/site-packages/airflow/example_dags/example_sensors.py for tasks to queue
[2026-03-23T03:56:23.260+0000] {logging_mixin.py:188} INFO - [2026-03-23T03:56:23.260+0000] {dagbag.py:540} INFO - Filling up the DagBag from /home/airflow/.local/lib/python3.8/site-packages/airflow/example_dags/example_sensors.py
[2026-03-23T03:56:23.270+0000] {processor.py:840} INFO - DAG(s) 'example_sensors' retrieved from /home/airflow/.local/lib/python3.8/site-packages/airflow/example_dags/example_sensors.py
[2026-03-23T03:56:23.300+0000] {logging_mixin.py:188} INFO - [2026-03-23T03:56:23.300+0000] {dag.py:3047} INFO - Sync 1 DAGs
[2026-03-23T03:56:23.315+0000] {logging_mixin.py:188} INFO - [2026-03-23T03:56:23.314+0000] {dag.py:3834} INFO - Setting next_dagrun for example_sensors to None, run_after=None
[2026-03-23T03:56:23.341+0000] {processor.py:183} INFO - Processing /home/airflow/.local/lib/python3.8/site-packages/airflow/example_dags/example_sensors.py took 0.087 seconds
