[2026-03-23T03:21:16.321+0000] {processor.py:161} INFO - Started process (PID=97) to work on /home/airflow/.local/lib/python3.8/site-packages/airflow/example_dags/example_branch_day_of_week_operator.py
[2026-03-23T03:21:16.323+0000] {processor.py:830} INFO - Processing file /home/airflow/.local/lib/python3.8/site-packages/airflow/example_dags/example_branch_day_of_week_operator.py for tasks to queue
[2026-03-23T03:21:16.325+0000] {logging_mixin.py:188} INFO - [2026-03-23T03:21:16.325+0000] {dagbag.py:540} INFO - Filling up the DagBag from /home/airflow/.local/lib/python3.8/site-packages/airflow/example_dags/example_branch_day_of_week_operator.py
[2026-03-23T03:21:16.339+0000] {processor.py:840} INFO - DAG(s) 'example_weekday_branch_operator' retrieved from /home/airflow/.local/lib/python3.8/site-packages/airflow/example_dags/example_branch_day_of_week_operator.py
[2026-03-23T03:21:16.352+0000] {logging_mixin.py:188} INFO - [2026-03-23T03:21:16.352+0000] {dag.py:3047} INFO - Sync 1 DAGs
[2026-03-23T03:21:16.381+0000] {logging_mixin.py:188} INFO - [2026-03-23T03:21:16.380+0000] {dag.py:3834} INFO - Setting next_dagrun for example_weekday_branch_operator to 2026-03-22 00:00:00+00:00, run_after=2026-03-23 00:00:00+00:00
[2026-03-23T03:21:16.408+0000] {processor.py:183} INFO - Processing /home/airflow/.local/lib/python3.8/site-packages/airflow/example_dags/example_branch_day_of_week_operator.py took 0.091 seconds
[2026-03-23T03:21:47.074+0000] {processor.py:161} INFO - Started process (PID=152) to work on /home/airflow/.local/lib/python3.8/site-packages/airflow/example_dags/example_branch_day_of_week_operator.py
[2026-03-23T03:21:47.075+0000] {processor.py:830} INFO - Processing file /home/airflow/.local/lib/python3.8/site-packages/airflow/example_dags/example_branch_day_of_week_operator.py for tasks to queue
[2026-03-23T03:21:47.077+0000] {logging_mixin.py:188} INFO - [2026-03-23T03:21:47.077+0000] {dagbag.py:540} INFO - Filling up the DagBag from /home/airflow/.local/lib/python3.8/site-packages/airflow/example_dags/example_branch_day_of_week_operator.py
[2026-03-23T03:21:47.084+0000] {processor.py:840} INFO - DAG(s) 'example_weekday_branch_operator' retrieved from /home/airflow/.local/lib/python3.8/site-packages/airflow/example_dags/example_branch_day_of_week_operator.py
[2026-03-23T03:21:47.095+0000] {logging_mixin.py:188} INFO - [2026-03-23T03:21:47.095+0000] {dag.py:3047} INFO - Sync 1 DAGs
[2026-03-23T03:21:47.117+0000] {logging_mixin.py:188} INFO - [2026-03-23T03:21:47.116+0000] {dag.py:3834} INFO - Setting next_dagrun for example_weekday_branch_operator to 2026-03-22 00:00:00+00:00, run_after=2026-03-23 00:00:00+00:00
[2026-03-23T03:21:47.138+0000] {processor.py:183} INFO - Processing /home/airflow/.local/lib/python3.8/site-packages/airflow/example_dags/example_branch_day_of_week_operator.py took 0.066 seconds
[2026-03-23T03:22:18.557+0000] {processor.py:161} INFO - Started process (PID=213) to work on /home/airflow/.local/lib/python3.8/site-packages/airflow/example_dags/example_branch_day_of_week_operator.py
[2026-03-23T03:22:18.559+0000] {processor.py:830} INFO - Processing file /home/airflow/.local/lib/python3.8/site-packages/airflow/example_dags/example_branch_day_of_week_operator.py for tasks to queue
[2026-03-23T03:22:18.561+0000] {logging_mixin.py:188} INFO - [2026-03-23T03:22:18.560+0000] {dagbag.py:540} INFO - Filling up the DagBag from /home/airflow/.local/lib/python3.8/site-packages/airflow/example_dags/example_branch_day_of_week_operator.py
[2026-03-23T03:22:18.567+0000] {processor.py:840} INFO - DAG(s) 'example_weekday_branch_operator' retrieved from /home/airflow/.local/lib/python3.8/site-packages/airflow/example_dags/example_branch_day_of_week_operator.py
[2026-03-23T03:22:18.676+0000] {logging_mixin.py:188} INFO - [2026-03-23T03:22:18.676+0000] {dag.py:3047} INFO - Sync 1 DAGs
[2026-03-23T03:22:18.698+0000] {logging_mixin.py:188} INFO - [2026-03-23T03:22:18.698+0000] {dag.py:3834} INFO - Setting next_dagrun for example_weekday_branch_operator to 2026-03-22 00:00:00+00:00, run_after=2026-03-23 00:00:00+00:00
[2026-03-23T03:22:18.721+0000] {processor.py:183} INFO - Processing /home/airflow/.local/lib/python3.8/site-packages/airflow/example_dags/example_branch_day_of_week_operator.py took 0.166 seconds
[2026-03-23T03:22:48.865+0000] {processor.py:161} INFO - Started process (PID=268) to work on /home/airflow/.local/lib/python3.8/site-packages/airflow/example_dags/example_branch_day_of_week_operator.py
[2026-03-23T03:22:48.867+0000] {processor.py:830} INFO - Processing file /home/airflow/.local/lib/python3.8/site-packages/airflow/example_dags/example_branch_day_of_week_operator.py for tasks to queue
[2026-03-23T03:22:48.869+0000] {logging_mixin.py:188} INFO - [2026-03-23T03:22:48.869+0000] {dagbag.py:540} INFO - Filling up the DagBag from /home/airflow/.local/lib/python3.8/site-packages/airflow/example_dags/example_branch_day_of_week_operator.py
[2026-03-23T03:22:48.876+0000] {processor.py:840} INFO - DAG(s) 'example_weekday_branch_operator' retrieved from /home/airflow/.local/lib/python3.8/site-packages/airflow/example_dags/example_branch_day_of_week_operator.py
[2026-03-23T03:22:48.897+0000] {logging_mixin.py:188} INFO - [2026-03-23T03:22:48.896+0000] {dag.py:3047} INFO - Sync 1 DAGs
[2026-03-23T03:22:48.919+0000] {logging_mixin.py:188} INFO - [2026-03-23T03:22:48.919+0000] {dag.py:3834} INFO - Setting next_dagrun for example_weekday_branch_operator to 2026-03-22 00:00:00+00:00, run_after=2026-03-23 00:00:00+00:00
[2026-03-23T03:22:48.939+0000] {processor.py:183} INFO - Processing /home/airflow/.local/lib/python3.8/site-packages/airflow/example_dags/example_branch_day_of_week_operator.py took 0.077 seconds
[2026-03-23T03:23:19.877+0000] {processor.py:161} INFO - Started process (PID=323) to work on /home/airflow/.local/lib/python3.8/site-packages/airflow/example_dags/example_branch_day_of_week_operator.py
[2026-03-23T03:23:19.878+0000] {processor.py:830} INFO - Processing file /home/airflow/.local/lib/python3.8/site-packages/airflow/example_dags/example_branch_day_of_week_operator.py for tasks to queue
[2026-03-23T03:23:19.881+0000] {logging_mixin.py:188} INFO - [2026-03-23T03:23:19.881+0000] {dagbag.py:540} INFO - Filling up the DagBag from /home/airflow/.local/lib/python3.8/site-packages/airflow/example_dags/example_branch_day_of_week_operator.py
[2026-03-23T03:23:19.890+0000] {processor.py:840} INFO - DAG(s) 'example_weekday_branch_operator' retrieved from /home/airflow/.local/lib/python3.8/site-packages/airflow/example_dags/example_branch_day_of_week_operator.py
[2026-03-23T03:23:19.911+0000] {logging_mixin.py:188} INFO - [2026-03-23T03:23:19.910+0000] {dag.py:3047} INFO - Sync 1 DAGs
[2026-03-23T03:23:19.934+0000] {logging_mixin.py:188} INFO - [2026-03-23T03:23:19.934+0000] {dag.py:3834} INFO - Setting next_dagrun for example_weekday_branch_operator to 2026-03-22 00:00:00+00:00, run_after=2026-03-23 00:00:00+00:00
[2026-03-23T03:23:19.956+0000] {processor.py:183} INFO - Processing /home/airflow/.local/lib/python3.8/site-packages/airflow/example_dags/example_branch_day_of_week_operator.py took 0.082 seconds
[2026-03-23T03:25:10.641+0000] {processor.py:161} INFO - Started process (PID=97) to work on /home/airflow/.local/lib/python3.8/site-packages/airflow/example_dags/example_branch_day_of_week_operator.py
[2026-03-23T03:25:10.643+0000] {processor.py:830} INFO - Processing file /home/airflow/.local/lib/python3.8/site-packages/airflow/example_dags/example_branch_day_of_week_operator.py for tasks to queue
[2026-03-23T03:25:10.645+0000] {logging_mixin.py:188} INFO - [2026-03-23T03:25:10.645+0000] {dagbag.py:540} INFO - Filling up the DagBag from /home/airflow/.local/lib/python3.8/site-packages/airflow/example_dags/example_branch_day_of_week_operator.py
[2026-03-23T03:25:10.657+0000] {processor.py:840} INFO - DAG(s) 'example_weekday_branch_operator' retrieved from /home/airflow/.local/lib/python3.8/site-packages/airflow/example_dags/example_branch_day_of_week_operator.py
[2026-03-23T03:25:10.672+0000] {logging_mixin.py:188} INFO - [2026-03-23T03:25:10.671+0000] {dag.py:3047} INFO - Sync 1 DAGs
[2026-03-23T03:25:10.700+0000] {logging_mixin.py:188} INFO - [2026-03-23T03:25:10.700+0000] {dag.py:3834} INFO - Setting next_dagrun for example_weekday_branch_operator to 2026-03-22 00:00:00+00:00, run_after=2026-03-23 00:00:00+00:00
[2026-03-23T03:25:10.733+0000] {processor.py:183} INFO - Processing /home/airflow/.local/lib/python3.8/site-packages/airflow/example_dags/example_branch_day_of_week_operator.py took 0.096 seconds
[2026-03-23T03:25:42.920+0000] {processor.py:161} INFO - Started process (PID=158) to work on /home/airflow/.local/lib/python3.8/site-packages/airflow/example_dags/example_branch_day_of_week_operator.py
[2026-03-23T03:25:42.921+0000] {processor.py:830} INFO - Processing file /home/airflow/.local/lib/python3.8/site-packages/airflow/example_dags/example_branch_day_of_week_operator.py for tasks to queue
[2026-03-23T03:25:42.923+0000] {logging_mixin.py:188} INFO - [2026-03-23T03:25:42.923+0000] {dagbag.py:540} INFO - Filling up the DagBag from /home/airflow/.local/lib/python3.8/site-packages/airflow/example_dags/example_branch_day_of_week_operator.py
[2026-03-23T03:25:42.933+0000] {processor.py:840} INFO - DAG(s) 'example_weekday_branch_operator' retrieved from /home/airflow/.local/lib/python3.8/site-packages/airflow/example_dags/example_branch_day_of_week_operator.py
[2026-03-23T03:25:43.047+0000] {logging_mixin.py:188} INFO - [2026-03-23T03:25:43.047+0000] {dag.py:3047} INFO - Sync 1 DAGs
[2026-03-23T03:25:43.076+0000] {logging_mixin.py:188} INFO - [2026-03-23T03:25:43.076+0000] {dag.py:3834} INFO - Setting next_dagrun for example_weekday_branch_operator to 2026-03-22 00:00:00+00:00, run_after=2026-03-23 00:00:00+00:00
[2026-03-23T03:25:43.108+0000] {processor.py:183} INFO - Processing /home/airflow/.local/lib/python3.8/site-packages/airflow/example_dags/example_branch_day_of_week_operator.py took 0.192 seconds
[2026-03-23T03:26:13.333+0000] {processor.py:161} INFO - Started process (PID=213) to work on /home/airflow/.local/lib/python3.8/site-packages/airflow/example_dags/example_branch_day_of_week_operator.py
[2026-03-23T03:26:13.334+0000] {processor.py:830} INFO - Processing file /home/airflow/.local/lib/python3.8/site-packages/airflow/example_dags/example_branch_day_of_week_operator.py for tasks to queue
[2026-03-23T03:26:13.336+0000] {logging_mixin.py:188} INFO - [2026-03-23T03:26:13.335+0000] {dagbag.py:540} INFO - Filling up the DagBag from /home/airflow/.local/lib/python3.8/site-packages/airflow/example_dags/example_branch_day_of_week_operator.py
[2026-03-23T03:26:13.342+0000] {processor.py:840} INFO - DAG(s) 'example_weekday_branch_operator' retrieved from /home/airflow/.local/lib/python3.8/site-packages/airflow/example_dags/example_branch_day_of_week_operator.py
[2026-03-23T03:26:13.363+0000] {logging_mixin.py:188} INFO - [2026-03-23T03:26:13.362+0000] {dag.py:3047} INFO - Sync 1 DAGs
[2026-03-23T03:26:13.384+0000] {logging_mixin.py:188} INFO - [2026-03-23T03:26:13.383+0000] {dag.py:3834} INFO - Setting next_dagrun for example_weekday_branch_operator to 2026-03-22 00:00:00+00:00, run_after=2026-03-23 00:00:00+00:00
[2026-03-23T03:26:13.405+0000] {processor.py:183} INFO - Processing /home/airflow/.local/lib/python3.8/site-packages/airflow/example_dags/example_branch_day_of_week_operator.py took 0.075 seconds
[2026-03-23T03:26:44.399+0000] {processor.py:161} INFO - Started process (PID=268) to work on /home/airflow/.local/lib/python3.8/site-packages/airflow/example_dags/example_branch_day_of_week_operator.py
[2026-03-23T03:26:44.401+0000] {processor.py:830} INFO - Processing file /home/airflow/.local/lib/python3.8/site-packages/airflow/example_dags/example_branch_day_of_week_operator.py for tasks to queue
[2026-03-23T03:26:44.403+0000] {logging_mixin.py:188} INFO - [2026-03-23T03:26:44.402+0000] {dagbag.py:540} INFO - Filling up the DagBag from /home/airflow/.local/lib/python3.8/site-packages/airflow/example_dags/example_branch_day_of_week_operator.py
[2026-03-23T03:26:44.411+0000] {processor.py:840} INFO - DAG(s) 'example_weekday_branch_operator' retrieved from /home/airflow/.local/lib/python3.8/site-packages/airflow/example_dags/example_branch_day_of_week_operator.py
[2026-03-23T03:26:44.433+0000] {logging_mixin.py:188} INFO - [2026-03-23T03:26:44.433+0000] {dag.py:3047} INFO - Sync 1 DAGs
[2026-03-23T03:26:44.457+0000] {logging_mixin.py:188} INFO - [2026-03-23T03:26:44.457+0000] {dag.py:3834} INFO - Setting next_dagrun for example_weekday_branch_operator to 2026-03-22 00:00:00+00:00, run_after=2026-03-23 00:00:00+00:00
[2026-03-23T03:26:44.480+0000] {processor.py:183} INFO - Processing /home/airflow/.local/lib/python3.8/site-packages/airflow/example_dags/example_branch_day_of_week_operator.py took 0.084 seconds
[2026-03-23T03:27:14.655+0000] {processor.py:161} INFO - Started process (PID=323) to work on /home/airflow/.local/lib/python3.8/site-packages/airflow/example_dags/example_branch_day_of_week_operator.py
[2026-03-23T03:27:14.656+0000] {processor.py:830} INFO - Processing file /home/airflow/.local/lib/python3.8/site-packages/airflow/example_dags/example_branch_day_of_week_operator.py for tasks to queue
[2026-03-23T03:27:14.658+0000] {logging_mixin.py:188} INFO - [2026-03-23T03:27:14.657+0000] {dagbag.py:540} INFO - Filling up the DagBag from /home/airflow/.local/lib/python3.8/site-packages/airflow/example_dags/example_branch_day_of_week_operator.py
[2026-03-23T03:27:14.664+0000] {processor.py:840} INFO - DAG(s) 'example_weekday_branch_operator' retrieved from /home/airflow/.local/lib/python3.8/site-packages/airflow/example_dags/example_branch_day_of_week_operator.py
[2026-03-23T03:27:14.682+0000] {logging_mixin.py:188} INFO - [2026-03-23T03:27:14.682+0000] {dag.py:3047} INFO - Sync 1 DAGs
[2026-03-23T03:27:14.701+0000] {logging_mixin.py:188} INFO - [2026-03-23T03:27:14.700+0000] {dag.py:3834} INFO - Setting next_dagrun for example_weekday_branch_operator to 2026-03-22 00:00:00+00:00, run_after=2026-03-23 00:00:00+00:00
[2026-03-23T03:27:14.722+0000] {processor.py:183} INFO - Processing /home/airflow/.local/lib/python3.8/site-packages/airflow/example_dags/example_branch_day_of_week_operator.py took 0.069 seconds
[2026-03-23T03:27:44.932+0000] {processor.py:161} INFO - Started process (PID=378) to work on /home/airflow/.local/lib/python3.8/site-packages/airflow/example_dags/example_branch_day_of_week_operator.py
[2026-03-23T03:27:44.933+0000] {processor.py:830} INFO - Processing file /home/airflow/.local/lib/python3.8/site-packages/airflow/example_dags/example_branch_day_of_week_operator.py for tasks to queue
[2026-03-23T03:27:44.936+0000] {logging_mixin.py:188} INFO - [2026-03-23T03:27:44.935+0000] {dagbag.py:540} INFO - Filling up the DagBag from /home/airflow/.local/lib/python3.8/site-packages/airflow/example_dags/example_branch_day_of_week_operator.py
[2026-03-23T03:27:44.943+0000] {processor.py:840} INFO - DAG(s) 'example_weekday_branch_operator' retrieved from /home/airflow/.local/lib/python3.8/site-packages/airflow/example_dags/example_branch_day_of_week_operator.py
[2026-03-23T03:27:44.962+0000] {logging_mixin.py:188} INFO - [2026-03-23T03:27:44.962+0000] {dag.py:3047} INFO - Sync 1 DAGs
[2026-03-23T03:27:44.982+0000] {logging_mixin.py:188} INFO - [2026-03-23T03:27:44.982+0000] {dag.py:3834} INFO - Setting next_dagrun for example_weekday_branch_operator to 2026-03-22 00:00:00+00:00, run_after=2026-03-23 00:00:00+00:00
[2026-03-23T03:27:45.003+0000] {processor.py:183} INFO - Processing /home/airflow/.local/lib/python3.8/site-packages/airflow/example_dags/example_branch_day_of_week_operator.py took 0.074 seconds
[2026-03-23T03:28:15.283+0000] {processor.py:161} INFO - Started process (PID=433) to work on /home/airflow/.local/lib/python3.8/site-packages/airflow/example_dags/example_branch_day_of_week_operator.py
[2026-03-23T03:28:15.285+0000] {processor.py:830} INFO - Processing file /home/airflow/.local/lib/python3.8/site-packages/airflow/example_dags/example_branch_day_of_week_operator.py for tasks to queue
[2026-03-23T03:28:15.287+0000] {logging_mixin.py:188} INFO - [2026-03-23T03:28:15.286+0000] {dagbag.py:540} INFO - Filling up the DagBag from /home/airflow/.local/lib/python3.8/site-packages/airflow/example_dags/example_branch_day_of_week_operator.py
[2026-03-23T03:28:15.294+0000] {processor.py:840} INFO - DAG(s) 'example_weekday_branch_operator' retrieved from /home/airflow/.local/lib/python3.8/site-packages/airflow/example_dags/example_branch_day_of_week_operator.py
[2026-03-23T03:28:15.314+0000] {logging_mixin.py:188} INFO - [2026-03-23T03:28:15.314+0000] {dag.py:3047} INFO - Sync 1 DAGs
[2026-03-23T03:28:15.336+0000] {logging_mixin.py:188} INFO - [2026-03-23T03:28:15.336+0000] {dag.py:3834} INFO - Setting next_dagrun for example_weekday_branch_operator to 2026-03-22 00:00:00+00:00, run_after=2026-03-23 00:00:00+00:00
[2026-03-23T03:28:15.354+0000] {processor.py:183} INFO - Processing /home/airflow/.local/lib/python3.8/site-packages/airflow/example_dags/example_branch_day_of_week_operator.py took 0.074 seconds
[2026-03-23T03:28:45.642+0000] {processor.py:161} INFO - Started process (PID=488) to work on /home/airflow/.local/lib/python3.8/site-packages/airflow/example_dags/example_branch_day_of_week_operator.py
[2026-03-23T03:28:45.644+0000] {processor.py:830} INFO - Processing file /home/airflow/.local/lib/python3.8/site-packages/airflow/example_dags/example_branch_day_of_week_operator.py for tasks to queue
[2026-03-23T03:28:45.645+0000] {logging_mixin.py:188} INFO - [2026-03-23T03:28:45.645+0000] {dagbag.py:540} INFO - Filling up the DagBag from /home/airflow/.local/lib/python3.8/site-packages/airflow/example_dags/example_branch_day_of_week_operator.py
[2026-03-23T03:28:45.652+0000] {processor.py:840} INFO - DAG(s) 'example_weekday_branch_operator' retrieved from /home/airflow/.local/lib/python3.8/site-packages/airflow/example_dags/example_branch_day_of_week_operator.py
[2026-03-23T03:28:45.676+0000] {logging_mixin.py:188} INFO - [2026-03-23T03:28:45.676+0000] {dag.py:3047} INFO - Sync 1 DAGs
[2026-03-23T03:28:45.699+0000] {logging_mixin.py:188} INFO - [2026-03-23T03:28:45.699+0000] {dag.py:3834} INFO - Setting next_dagrun for example_weekday_branch_operator to 2026-03-22 00:00:00+00:00, run_after=2026-03-23 00:00:00+00:00
[2026-03-23T03:28:45.723+0000] {processor.py:183} INFO - Processing /home/airflow/.local/lib/python3.8/site-packages/airflow/example_dags/example_branch_day_of_week_operator.py took 0.083 seconds
[2026-03-23T03:29:16.242+0000] {processor.py:161} INFO - Started process (PID=543) to work on /home/airflow/.local/lib/python3.8/site-packages/airflow/example_dags/example_branch_day_of_week_operator.py
[2026-03-23T03:29:16.243+0000] {processor.py:830} INFO - Processing file /home/airflow/.local/lib/python3.8/site-packages/airflow/example_dags/example_branch_day_of_week_operator.py for tasks to queue
[2026-03-23T03:29:16.245+0000] {logging_mixin.py:188} INFO - [2026-03-23T03:29:16.245+0000] {dagbag.py:540} INFO - Filling up the DagBag from /home/airflow/.local/lib/python3.8/site-packages/airflow/example_dags/example_branch_day_of_week_operator.py
[2026-03-23T03:29:16.252+0000] {processor.py:840} INFO - DAG(s) 'example_weekday_branch_operator' retrieved from /home/airflow/.local/lib/python3.8/site-packages/airflow/example_dags/example_branch_day_of_week_operator.py
[2026-03-23T03:29:16.273+0000] {logging_mixin.py:188} INFO - [2026-03-23T03:29:16.272+0000] {dag.py:3047} INFO - Sync 1 DAGs
[2026-03-23T03:29:16.295+0000] {logging_mixin.py:188} INFO - [2026-03-23T03:29:16.295+0000] {dag.py:3834} INFO - Setting next_dagrun for example_weekday_branch_operator to 2026-03-22 00:00:00+00:00, run_after=2026-03-23 00:00:00+00:00
[2026-03-23T03:29:16.315+0000] {processor.py:183} INFO - Processing /home/airflow/.local/lib/python3.8/site-packages/airflow/example_dags/example_branch_day_of_week_operator.py took 0.075 seconds
[2026-03-23T03:29:46.441+0000] {processor.py:161} INFO - Started process (PID=598) to work on /home/airflow/.local/lib/python3.8/site-packages/airflow/example_dags/example_branch_day_of_week_operator.py
[2026-03-23T03:29:46.442+0000] {processor.py:830} INFO - Processing file /home/airflow/.local/lib/python3.8/site-packages/airflow/example_dags/example_branch_day_of_week_operator.py for tasks to queue
[2026-03-23T03:29:46.445+0000] {logging_mixin.py:188} INFO - [2026-03-23T03:29:46.444+0000] {dagbag.py:540} INFO - Filling up the DagBag from /home/airflow/.local/lib/python3.8/site-packages/airflow/example_dags/example_branch_day_of_week_operator.py
[2026-03-23T03:29:46.451+0000] {processor.py:840} INFO - DAG(s) 'example_weekday_branch_operator' retrieved from /home/airflow/.local/lib/python3.8/site-packages/airflow/example_dags/example_branch_day_of_week_operator.py
[2026-03-23T03:29:46.471+0000] {logging_mixin.py:188} INFO - [2026-03-23T03:29:46.470+0000] {dag.py:3047} INFO - Sync 1 DAGs
[2026-03-23T03:29:46.492+0000] {logging_mixin.py:188} INFO - [2026-03-23T03:29:46.492+0000] {dag.py:3834} INFO - Setting next_dagrun for example_weekday_branch_operator to 2026-03-22 00:00:00+00:00, run_after=2026-03-23 00:00:00+00:00
[2026-03-23T03:29:46.509+0000] {processor.py:183} INFO - Processing /home/airflow/.local/lib/python3.8/site-packages/airflow/example_dags/example_branch_day_of_week_operator.py took 0.071 seconds
[2026-03-23T03:30:16.924+0000] {processor.py:161} INFO - Started process (PID=653) to work on /home/airflow/.local/lib/python3.8/site-packages/airflow/example_dags/example_branch_day_of_week_operator.py
[2026-03-23T03:30:16.926+0000] {processor.py:830} INFO - Processing file /home/airflow/.local/lib/python3.8/site-packages/airflow/example_dags/example_branch_day_of_week_operator.py for tasks to queue
[2026-03-23T03:30:16.928+0000] {logging_mixin.py:188} INFO - [2026-03-23T03:30:16.927+0000] {dagbag.py:540} INFO - Filling up the DagBag from /home/airflow/.local/lib/python3.8/site-packages/airflow/example_dags/example_branch_day_of_week_operator.py
[2026-03-23T03:30:16.937+0000] {processor.py:840} INFO - DAG(s) 'example_weekday_branch_operator' retrieved from /home/airflow/.local/lib/python3.8/site-packages/airflow/example_dags/example_branch_day_of_week_operator.py
[2026-03-23T03:30:16.963+0000] {logging_mixin.py:188} INFO - [2026-03-23T03:30:16.963+0000] {dag.py:3047} INFO - Sync 1 DAGs
[2026-03-23T03:30:16.991+0000] {logging_mixin.py:188} INFO - [2026-03-23T03:30:16.990+0000] {dag.py:3834} INFO - Setting next_dagrun for example_weekday_branch_operator to 2026-03-22 00:00:00+00:00, run_after=2026-03-23 00:00:00+00:00
[2026-03-23T03:30:17.021+0000] {processor.py:183} INFO - Processing /home/airflow/.local/lib/python3.8/site-packages/airflow/example_dags/example_branch_day_of_week_operator.py took 0.101 seconds
[2026-03-23T03:30:48.007+0000] {processor.py:161} INFO - Started process (PID=708) to work on /home/airflow/.local/lib/python3.8/site-packages/airflow/example_dags/example_branch_day_of_week_operator.py
[2026-03-23T03:30:48.008+0000] {processor.py:830} INFO - Processing file /home/airflow/.local/lib/python3.8/site-packages/airflow/example_dags/example_branch_day_of_week_operator.py for tasks to queue
[2026-03-23T03:30:48.010+0000] {logging_mixin.py:188} INFO - [2026-03-23T03:30:48.010+0000] {dagbag.py:540} INFO - Filling up the DagBag from /home/airflow/.local/lib/python3.8/site-packages/airflow/example_dags/example_branch_day_of_week_operator.py
[2026-03-23T03:30:48.019+0000] {processor.py:840} INFO - DAG(s) 'example_weekday_branch_operator' retrieved from /home/airflow/.local/lib/python3.8/site-packages/airflow/example_dags/example_branch_day_of_week_operator.py
[2026-03-23T03:30:48.043+0000] {logging_mixin.py:188} INFO - [2026-03-23T03:30:48.043+0000] {dag.py:3047} INFO - Sync 1 DAGs
[2026-03-23T03:30:48.069+0000] {logging_mixin.py:188} INFO - [2026-03-23T03:30:48.069+0000] {dag.py:3834} INFO - Setting next_dagrun for example_weekday_branch_operator to 2026-03-22 00:00:00+00:00, run_after=2026-03-23 00:00:00+00:00
[2026-03-23T03:30:48.098+0000] {processor.py:183} INFO - Processing /home/airflow/.local/lib/python3.8/site-packages/airflow/example_dags/example_branch_day_of_week_operator.py took 0.094 seconds
[2026-03-23T03:31:18.188+0000] {processor.py:161} INFO - Started process (PID=763) to work on /home/airflow/.local/lib/python3.8/site-packages/airflow/example_dags/example_branch_day_of_week_operator.py
[2026-03-23T03:31:18.189+0000] {processor.py:830} INFO - Processing file /home/airflow/.local/lib/python3.8/site-packages/airflow/example_dags/example_branch_day_of_week_operator.py for tasks to queue
[2026-03-23T03:31:18.191+0000] {logging_mixin.py:188} INFO - [2026-03-23T03:31:18.191+0000] {dagbag.py:540} INFO - Filling up the DagBag from /home/airflow/.local/lib/python3.8/site-packages/airflow/example_dags/example_branch_day_of_week_operator.py
[2026-03-23T03:31:18.198+0000] {processor.py:840} INFO - DAG(s) 'example_weekday_branch_operator' retrieved from /home/airflow/.local/lib/python3.8/site-packages/airflow/example_dags/example_branch_day_of_week_operator.py
[2026-03-23T03:31:18.218+0000] {logging_mixin.py:188} INFO - [2026-03-23T03:31:18.218+0000] {dag.py:3047} INFO - Sync 1 DAGs
[2026-03-23T03:31:18.238+0000] {logging_mixin.py:188} INFO - [2026-03-23T03:31:18.238+0000] {dag.py:3834} INFO - Setting next_dagrun for example_weekday_branch_operator to 2026-03-22 00:00:00+00:00, run_after=2026-03-23 00:00:00+00:00
[2026-03-23T03:31:18.258+0000] {processor.py:183} INFO - Processing /home/airflow/.local/lib/python3.8/site-packages/airflow/example_dags/example_branch_day_of_week_operator.py took 0.072 seconds
[2026-03-23T03:31:48.778+0000] {processor.py:161} INFO - Started process (PID=818) to work on /home/airflow/.local/lib/python3.8/site-packages/airflow/example_dags/example_branch_day_of_week_operator.py
[2026-03-23T03:31:48.780+0000] {processor.py:830} INFO - Processing file /home/airflow/.local/lib/python3.8/site-packages/airflow/example_dags/example_branch_day_of_week_operator.py for tasks to queue
[2026-03-23T03:31:48.781+0000] {logging_mixin.py:188} INFO - [2026-03-23T03:31:48.781+0000] {dagbag.py:540} INFO - Filling up the DagBag from /home/airflow/.local/lib/python3.8/site-packages/airflow/example_dags/example_branch_day_of_week_operator.py
[2026-03-23T03:31:48.788+0000] {processor.py:840} INFO - DAG(s) 'example_weekday_branch_operator' retrieved from /home/airflow/.local/lib/python3.8/site-packages/airflow/example_dags/example_branch_day_of_week_operator.py
[2026-03-23T03:31:48.809+0000] {logging_mixin.py:188} INFO - [2026-03-23T03:31:48.809+0000] {dag.py:3047} INFO - Sync 1 DAGs
[2026-03-23T03:31:48.830+0000] {logging_mixin.py:188} INFO - [2026-03-23T03:31:48.830+0000] {dag.py:3834} INFO - Setting next_dagrun for example_weekday_branch_operator to 2026-03-22 00:00:00+00:00, run_after=2026-03-23 00:00:00+00:00
[2026-03-23T03:31:48.854+0000] {processor.py:183} INFO - Processing /home/airflow/.local/lib/python3.8/site-packages/airflow/example_dags/example_branch_day_of_week_operator.py took 0.078 seconds
[2026-03-23T03:32:19.504+0000] {processor.py:161} INFO - Started process (PID=873) to work on /home/airflow/.local/lib/python3.8/site-packages/airflow/example_dags/example_branch_day_of_week_operator.py
[2026-03-23T03:32:19.506+0000] {processor.py:830} INFO - Processing file /home/airflow/.local/lib/python3.8/site-packages/airflow/example_dags/example_branch_day_of_week_operator.py for tasks to queue
[2026-03-23T03:32:19.507+0000] {logging_mixin.py:188} INFO - [2026-03-23T03:32:19.507+0000] {dagbag.py:540} INFO - Filling up the DagBag from /home/airflow/.local/lib/python3.8/site-packages/airflow/example_dags/example_branch_day_of_week_operator.py
[2026-03-23T03:32:19.515+0000] {processor.py:840} INFO - DAG(s) 'example_weekday_branch_operator' retrieved from /home/airflow/.local/lib/python3.8/site-packages/airflow/example_dags/example_branch_day_of_week_operator.py
[2026-03-23T03:32:19.536+0000] {logging_mixin.py:188} INFO - [2026-03-23T03:32:19.536+0000] {dag.py:3047} INFO - Sync 1 DAGs
[2026-03-23T03:32:19.559+0000] {logging_mixin.py:188} INFO - [2026-03-23T03:32:19.559+0000] {dag.py:3834} INFO - Setting next_dagrun for example_weekday_branch_operator to 2026-03-22 00:00:00+00:00, run_after=2026-03-23 00:00:00+00:00
[2026-03-23T03:32:19.580+0000] {processor.py:183} INFO - Processing /home/airflow/.local/lib/python3.8/site-packages/airflow/example_dags/example_branch_day_of_week_operator.py took 0.078 seconds
[2026-03-23T03:32:50.614+0000] {processor.py:161} INFO - Started process (PID=928) to work on /home/airflow/.local/lib/python3.8/site-packages/airflow/example_dags/example_branch_day_of_week_operator.py
[2026-03-23T03:32:50.615+0000] {processor.py:830} INFO - Processing file /home/airflow/.local/lib/python3.8/site-packages/airflow/example_dags/example_branch_day_of_week_operator.py for tasks to queue
[2026-03-23T03:32:50.617+0000] {logging_mixin.py:188} INFO - [2026-03-23T03:32:50.616+0000] {dagbag.py:540} INFO - Filling up the DagBag from /home/airflow/.local/lib/python3.8/site-packages/airflow/example_dags/example_branch_day_of_week_operator.py
[2026-03-23T03:32:50.623+0000] {processor.py:840} INFO - DAG(s) 'example_weekday_branch_operator' retrieved from /home/airflow/.local/lib/python3.8/site-packages/airflow/example_dags/example_branch_day_of_week_operator.py
[2026-03-23T03:32:50.645+0000] {logging_mixin.py:188} INFO - [2026-03-23T03:32:50.645+0000] {dag.py:3047} INFO - Sync 1 DAGs
[2026-03-23T03:32:50.669+0000] {logging_mixin.py:188} INFO - [2026-03-23T03:32:50.669+0000] {dag.py:3834} INFO - Setting next_dagrun for example_weekday_branch_operator to 2026-03-22 00:00:00+00:00, run_after=2026-03-23 00:00:00+00:00
[2026-03-23T03:32:50.690+0000] {processor.py:183} INFO - Processing /home/airflow/.local/lib/python3.8/site-packages/airflow/example_dags/example_branch_day_of_week_operator.py took 0.079 seconds
[2026-03-23T03:33:20.862+0000] {processor.py:161} INFO - Started process (PID=983) to work on /home/airflow/.local/lib/python3.8/site-packages/airflow/example_dags/example_branch_day_of_week_operator.py
[2026-03-23T03:33:20.863+0000] {processor.py:830} INFO - Processing file /home/airflow/.local/lib/python3.8/site-packages/airflow/example_dags/example_branch_day_of_week_operator.py for tasks to queue
[2026-03-23T03:33:20.865+0000] {logging_mixin.py:188} INFO - [2026-03-23T03:33:20.865+0000] {dagbag.py:540} INFO - Filling up the DagBag from /home/airflow/.local/lib/python3.8/site-packages/airflow/example_dags/example_branch_day_of_week_operator.py
[2026-03-23T03:33:20.872+0000] {processor.py:840} INFO - DAG(s) 'example_weekday_branch_operator' retrieved from /home/airflow/.local/lib/python3.8/site-packages/airflow/example_dags/example_branch_day_of_week_operator.py
[2026-03-23T03:33:20.891+0000] {logging_mixin.py:188} INFO - [2026-03-23T03:33:20.891+0000] {dag.py:3047} INFO - Sync 1 DAGs
[2026-03-23T03:33:20.911+0000] {logging_mixin.py:188} INFO - [2026-03-23T03:33:20.911+0000] {dag.py:3834} INFO - Setting next_dagrun for example_weekday_branch_operator to 2026-03-22 00:00:00+00:00, run_after=2026-03-23 00:00:00+00:00
[2026-03-23T03:33:20.935+0000] {processor.py:183} INFO - Processing /home/airflow/.local/lib/python3.8/site-packages/airflow/example_dags/example_branch_day_of_week_operator.py took 0.075 seconds
[2026-03-23T03:33:51.115+0000] {processor.py:161} INFO - Started process (PID=1038) to work on /home/airflow/.local/lib/python3.8/site-packages/airflow/example_dags/example_branch_day_of_week_operator.py
[2026-03-23T03:33:51.116+0000] {processor.py:830} INFO - Processing file /home/airflow/.local/lib/python3.8/site-packages/airflow/example_dags/example_branch_day_of_week_operator.py for tasks to queue
[2026-03-23T03:33:51.118+0000] {logging_mixin.py:188} INFO - [2026-03-23T03:33:51.117+0000] {dagbag.py:540} INFO - Filling up the DagBag from /home/airflow/.local/lib/python3.8/site-packages/airflow/example_dags/example_branch_day_of_week_operator.py
[2026-03-23T03:33:51.125+0000] {processor.py:840} INFO - DAG(s) 'example_weekday_branch_operator' retrieved from /home/airflow/.local/lib/python3.8/site-packages/airflow/example_dags/example_branch_day_of_week_operator.py
[2026-03-23T03:33:51.145+0000] {logging_mixin.py:188} INFO - [2026-03-23T03:33:51.145+0000] {dag.py:3047} INFO - Sync 1 DAGs
[2026-03-23T03:33:51.166+0000] {logging_mixin.py:188} INFO - [2026-03-23T03:33:51.165+0000] {dag.py:3834} INFO - Setting next_dagrun for example_weekday_branch_operator to 2026-03-22 00:00:00+00:00, run_after=2026-03-23 00:00:00+00:00
[2026-03-23T03:33:51.189+0000] {processor.py:183} INFO - Processing /home/airflow/.local/lib/python3.8/site-packages/airflow/example_dags/example_branch_day_of_week_operator.py took 0.077 seconds
[2026-03-23T03:34:21.983+0000] {processor.py:161} INFO - Started process (PID=1093) to work on /home/airflow/.local/lib/python3.8/site-packages/airflow/example_dags/example_branch_day_of_week_operator.py
[2026-03-23T03:34:21.984+0000] {processor.py:830} INFO - Processing file /home/airflow/.local/lib/python3.8/site-packages/airflow/example_dags/example_branch_day_of_week_operator.py for tasks to queue
[2026-03-23T03:34:21.986+0000] {logging_mixin.py:188} INFO - [2026-03-23T03:34:21.986+0000] {dagbag.py:540} INFO - Filling up the DagBag from /home/airflow/.local/lib/python3.8/site-packages/airflow/example_dags/example_branch_day_of_week_operator.py
[2026-03-23T03:34:21.994+0000] {processor.py:840} INFO - DAG(s) 'example_weekday_branch_operator' retrieved from /home/airflow/.local/lib/python3.8/site-packages/airflow/example_dags/example_branch_day_of_week_operator.py
[2026-03-23T03:34:22.015+0000] {logging_mixin.py:188} INFO - [2026-03-23T03:34:22.014+0000] {dag.py:3047} INFO - Sync 1 DAGs
[2026-03-23T03:34:22.037+0000] {logging_mixin.py:188} INFO - [2026-03-23T03:34:22.037+0000] {dag.py:3834} INFO - Setting next_dagrun for example_weekday_branch_operator to 2026-03-22 00:00:00+00:00, run_after=2026-03-23 00:00:00+00:00
[2026-03-23T03:34:22.057+0000] {processor.py:183} INFO - Processing /home/airflow/.local/lib/python3.8/site-packages/airflow/example_dags/example_branch_day_of_week_operator.py took 0.078 seconds
[2026-03-23T03:34:52.317+0000] {processor.py:161} INFO - Started process (PID=1148) to work on /home/airflow/.local/lib/python3.8/site-packages/airflow/example_dags/example_branch_day_of_week_operator.py
[2026-03-23T03:34:52.318+0000] {processor.py:830} INFO - Processing file /home/airflow/.local/lib/python3.8/site-packages/airflow/example_dags/example_branch_day_of_week_operator.py for tasks to queue
[2026-03-23T03:34:52.320+0000] {logging_mixin.py:188} INFO - [2026-03-23T03:34:52.320+0000] {dagbag.py:540} INFO - Filling up the DagBag from /home/airflow/.local/lib/python3.8/site-packages/airflow/example_dags/example_branch_day_of_week_operator.py
[2026-03-23T03:34:52.329+0000] {processor.py:840} INFO - DAG(s) 'example_weekday_branch_operator' retrieved from /home/airflow/.local/lib/python3.8/site-packages/airflow/example_dags/example_branch_day_of_week_operator.py
[2026-03-23T03:34:52.350+0000] {logging_mixin.py:188} INFO - [2026-03-23T03:34:52.349+0000] {dag.py:3047} INFO - Sync 1 DAGs
[2026-03-23T03:34:52.390+0000] {logging_mixin.py:188} INFO - [2026-03-23T03:34:52.389+0000] {dag.py:3834} INFO - Setting next_dagrun for example_weekday_branch_operator to 2026-03-22 00:00:00+00:00, run_after=2026-03-23 00:00:00+00:00
[2026-03-23T03:34:52.426+0000] {processor.py:183} INFO - Processing /home/airflow/.local/lib/python3.8/site-packages/airflow/example_dags/example_branch_day_of_week_operator.py took 0.112 seconds
[2026-03-23T03:37:21.291+0000] {processor.py:161} INFO - Started process (PID=97) to work on /home/airflow/.local/lib/python3.8/site-packages/airflow/example_dags/example_branch_day_of_week_operator.py
[2026-03-23T03:37:21.293+0000] {processor.py:830} INFO - Processing file /home/airflow/.local/lib/python3.8/site-packages/airflow/example_dags/example_branch_day_of_week_operator.py for tasks to queue
[2026-03-23T03:37:21.295+0000] {logging_mixin.py:188} INFO - [2026-03-23T03:37:21.294+0000] {dagbag.py:540} INFO - Filling up the DagBag from /home/airflow/.local/lib/python3.8/site-packages/airflow/example_dags/example_branch_day_of_week_operator.py
[2026-03-23T03:37:21.303+0000] {processor.py:840} INFO - DAG(s) 'example_weekday_branch_operator' retrieved from /home/airflow/.local/lib/python3.8/site-packages/airflow/example_dags/example_branch_day_of_week_operator.py
[2026-03-23T03:37:21.317+0000] {logging_mixin.py:188} INFO - [2026-03-23T03:37:21.316+0000] {dag.py:3047} INFO - Sync 1 DAGs
[2026-03-23T03:37:21.346+0000] {logging_mixin.py:188} INFO - [2026-03-23T03:37:21.346+0000] {dag.py:3834} INFO - Setting next_dagrun for example_weekday_branch_operator to 2026-03-22 00:00:00+00:00, run_after=2026-03-23 00:00:00+00:00
[2026-03-23T03:37:21.378+0000] {processor.py:183} INFO - Processing /home/airflow/.local/lib/python3.8/site-packages/airflow/example_dags/example_branch_day_of_week_operator.py took 0.090 seconds
[2026-03-23T03:37:53.330+0000] {processor.py:161} INFO - Started process (PID=158) to work on /home/airflow/.local/lib/python3.8/site-packages/airflow/example_dags/example_branch_day_of_week_operator.py
[2026-03-23T03:37:53.332+0000] {processor.py:830} INFO - Processing file /home/airflow/.local/lib/python3.8/site-packages/airflow/example_dags/example_branch_day_of_week_operator.py for tasks to queue
[2026-03-23T03:37:53.334+0000] {logging_mixin.py:188} INFO - [2026-03-23T03:37:53.333+0000] {dagbag.py:540} INFO - Filling up the DagBag from /home/airflow/.local/lib/python3.8/site-packages/airflow/example_dags/example_branch_day_of_week_operator.py
[2026-03-23T03:37:53.342+0000] {processor.py:840} INFO - DAG(s) 'example_weekday_branch_operator' retrieved from /home/airflow/.local/lib/python3.8/site-packages/airflow/example_dags/example_branch_day_of_week_operator.py
[2026-03-23T03:37:53.450+0000] {logging_mixin.py:188} INFO - [2026-03-23T03:37:53.450+0000] {dag.py:3047} INFO - Sync 1 DAGs
[2026-03-23T03:37:53.471+0000] {logging_mixin.py:188} INFO - [2026-03-23T03:37:53.471+0000] {dag.py:3834} INFO - Setting next_dagrun for example_weekday_branch_operator to 2026-03-22 00:00:00+00:00, run_after=2026-03-23 00:00:00+00:00
[2026-03-23T03:37:53.494+0000] {processor.py:183} INFO - Processing /home/airflow/.local/lib/python3.8/site-packages/airflow/example_dags/example_branch_day_of_week_operator.py took 0.167 seconds
[2026-03-23T03:38:23.613+0000] {processor.py:161} INFO - Started process (PID=213) to work on /home/airflow/.local/lib/python3.8/site-packages/airflow/example_dags/example_branch_day_of_week_operator.py
[2026-03-23T03:38:23.614+0000] {processor.py:830} INFO - Processing file /home/airflow/.local/lib/python3.8/site-packages/airflow/example_dags/example_branch_day_of_week_operator.py for tasks to queue
[2026-03-23T03:38:23.616+0000] {logging_mixin.py:188} INFO - [2026-03-23T03:38:23.616+0000] {dagbag.py:540} INFO - Filling up the DagBag from /home/airflow/.local/lib/python3.8/site-packages/airflow/example_dags/example_branch_day_of_week_operator.py
[2026-03-23T03:38:23.623+0000] {processor.py:840} INFO - DAG(s) 'example_weekday_branch_operator' retrieved from /home/airflow/.local/lib/python3.8/site-packages/airflow/example_dags/example_branch_day_of_week_operator.py
[2026-03-23T03:38:23.644+0000] {logging_mixin.py:188} INFO - [2026-03-23T03:38:23.643+0000] {dag.py:3047} INFO - Sync 1 DAGs
[2026-03-23T03:38:23.664+0000] {logging_mixin.py:188} INFO - [2026-03-23T03:38:23.664+0000] {dag.py:3834} INFO - Setting next_dagrun for example_weekday_branch_operator to 2026-03-22 00:00:00+00:00, run_after=2026-03-23 00:00:00+00:00
[2026-03-23T03:38:23.684+0000] {processor.py:183} INFO - Processing /home/airflow/.local/lib/python3.8/site-packages/airflow/example_dags/example_branch_day_of_week_operator.py took 0.074 seconds
[2026-03-23T03:38:53.880+0000] {processor.py:161} INFO - Started process (PID=268) to work on /home/airflow/.local/lib/python3.8/site-packages/airflow/example_dags/example_branch_day_of_week_operator.py
[2026-03-23T03:38:53.881+0000] {processor.py:830} INFO - Processing file /home/airflow/.local/lib/python3.8/site-packages/airflow/example_dags/example_branch_day_of_week_operator.py for tasks to queue
[2026-03-23T03:38:53.883+0000] {logging_mixin.py:188} INFO - [2026-03-23T03:38:53.883+0000] {dagbag.py:540} INFO - Filling up the DagBag from /home/airflow/.local/lib/python3.8/site-packages/airflow/example_dags/example_branch_day_of_week_operator.py
[2026-03-23T03:38:53.890+0000] {processor.py:840} INFO - DAG(s) 'example_weekday_branch_operator' retrieved from /home/airflow/.local/lib/python3.8/site-packages/airflow/example_dags/example_branch_day_of_week_operator.py
[2026-03-23T03:38:53.912+0000] {logging_mixin.py:188} INFO - [2026-03-23T03:38:53.912+0000] {dag.py:3047} INFO - Sync 1 DAGs
[2026-03-23T03:38:53.937+0000] {logging_mixin.py:188} INFO - [2026-03-23T03:38:53.937+0000] {dag.py:3834} INFO - Setting next_dagrun for example_weekday_branch_operator to 2026-03-22 00:00:00+00:00, run_after=2026-03-23 00:00:00+00:00
[2026-03-23T03:38:53.963+0000] {processor.py:183} INFO - Processing /home/airflow/.local/lib/python3.8/site-packages/airflow/example_dags/example_branch_day_of_week_operator.py took 0.086 seconds
[2026-03-23T03:39:24.147+0000] {processor.py:161} INFO - Started process (PID=323) to work on /home/airflow/.local/lib/python3.8/site-packages/airflow/example_dags/example_branch_day_of_week_operator.py
[2026-03-23T03:39:24.148+0000] {processor.py:830} INFO - Processing file /home/airflow/.local/lib/python3.8/site-packages/airflow/example_dags/example_branch_day_of_week_operator.py for tasks to queue
[2026-03-23T03:39:24.150+0000] {logging_mixin.py:188} INFO - [2026-03-23T03:39:24.150+0000] {dagbag.py:540} INFO - Filling up the DagBag from /home/airflow/.local/lib/python3.8/site-packages/airflow/example_dags/example_branch_day_of_week_operator.py
[2026-03-23T03:39:24.158+0000] {processor.py:840} INFO - DAG(s) 'example_weekday_branch_operator' retrieved from /home/airflow/.local/lib/python3.8/site-packages/airflow/example_dags/example_branch_day_of_week_operator.py
[2026-03-23T03:39:24.182+0000] {logging_mixin.py:188} INFO - [2026-03-23T03:39:24.181+0000] {dag.py:3047} INFO - Sync 1 DAGs
[2026-03-23T03:39:24.206+0000] {logging_mixin.py:188} INFO - [2026-03-23T03:39:24.206+0000] {dag.py:3834} INFO - Setting next_dagrun for example_weekday_branch_operator to 2026-03-22 00:00:00+00:00, run_after=2026-03-23 00:00:00+00:00
[2026-03-23T03:39:24.231+0000] {processor.py:183} INFO - Processing /home/airflow/.local/lib/python3.8/site-packages/airflow/example_dags/example_branch_day_of_week_operator.py took 0.087 seconds
[2026-03-23T03:39:54.515+0000] {processor.py:161} INFO - Started process (PID=378) to work on /home/airflow/.local/lib/python3.8/site-packages/airflow/example_dags/example_branch_day_of_week_operator.py
[2026-03-23T03:39:54.517+0000] {processor.py:830} INFO - Processing file /home/airflow/.local/lib/python3.8/site-packages/airflow/example_dags/example_branch_day_of_week_operator.py for tasks to queue
[2026-03-23T03:39:54.519+0000] {logging_mixin.py:188} INFO - [2026-03-23T03:39:54.518+0000] {dagbag.py:540} INFO - Filling up the DagBag from /home/airflow/.local/lib/python3.8/site-packages/airflow/example_dags/example_branch_day_of_week_operator.py
[2026-03-23T03:39:54.526+0000] {processor.py:840} INFO - DAG(s) 'example_weekday_branch_operator' retrieved from /home/airflow/.local/lib/python3.8/site-packages/airflow/example_dags/example_branch_day_of_week_operator.py
[2026-03-23T03:39:54.546+0000] {logging_mixin.py:188} INFO - [2026-03-23T03:39:54.546+0000] {dag.py:3047} INFO - Sync 1 DAGs
[2026-03-23T03:39:54.566+0000] {logging_mixin.py:188} INFO - [2026-03-23T03:39:54.566+0000] {dag.py:3834} INFO - Setting next_dagrun for example_weekday_branch_operator to 2026-03-22 00:00:00+00:00, run_after=2026-03-23 00:00:00+00:00
[2026-03-23T03:39:54.586+0000] {processor.py:183} INFO - Processing /home/airflow/.local/lib/python3.8/site-packages/airflow/example_dags/example_branch_day_of_week_operator.py took 0.073 seconds
[2026-03-23T03:40:24.959+0000] {processor.py:161} INFO - Started process (PID=433) to work on /home/airflow/.local/lib/python3.8/site-packages/airflow/example_dags/example_branch_day_of_week_operator.py
[2026-03-23T03:40:24.960+0000] {processor.py:830} INFO - Processing file /home/airflow/.local/lib/python3.8/site-packages/airflow/example_dags/example_branch_day_of_week_operator.py for tasks to queue
[2026-03-23T03:40:24.962+0000] {logging_mixin.py:188} INFO - [2026-03-23T03:40:24.962+0000] {dagbag.py:540} INFO - Filling up the DagBag from /home/airflow/.local/lib/python3.8/site-packages/airflow/example_dags/example_branch_day_of_week_operator.py
[2026-03-23T03:40:24.969+0000] {processor.py:840} INFO - DAG(s) 'example_weekday_branch_operator' retrieved from /home/airflow/.local/lib/python3.8/site-packages/airflow/example_dags/example_branch_day_of_week_operator.py
[2026-03-23T03:40:24.989+0000] {logging_mixin.py:188} INFO - [2026-03-23T03:40:24.989+0000] {dag.py:3047} INFO - Sync 1 DAGs
[2026-03-23T03:40:25.009+0000] {logging_mixin.py:188} INFO - [2026-03-23T03:40:25.008+0000] {dag.py:3834} INFO - Setting next_dagrun for example_weekday_branch_operator to 2026-03-22 00:00:00+00:00, run_after=2026-03-23 00:00:00+00:00
[2026-03-23T03:40:25.030+0000] {processor.py:183} INFO - Processing /home/airflow/.local/lib/python3.8/site-packages/airflow/example_dags/example_branch_day_of_week_operator.py took 0.074 seconds
[2026-03-23T03:40:56.093+0000] {processor.py:161} INFO - Started process (PID=488) to work on /home/airflow/.local/lib/python3.8/site-packages/airflow/example_dags/example_branch_day_of_week_operator.py
[2026-03-23T03:40:56.094+0000] {processor.py:830} INFO - Processing file /home/airflow/.local/lib/python3.8/site-packages/airflow/example_dags/example_branch_day_of_week_operator.py for tasks to queue
[2026-03-23T03:40:56.098+0000] {logging_mixin.py:188} INFO - [2026-03-23T03:40:56.097+0000] {dagbag.py:540} INFO - Filling up the DagBag from /home/airflow/.local/lib/python3.8/site-packages/airflow/example_dags/example_branch_day_of_week_operator.py
[2026-03-23T03:40:56.112+0000] {processor.py:840} INFO - DAG(s) 'example_weekday_branch_operator' retrieved from /home/airflow/.local/lib/python3.8/site-packages/airflow/example_dags/example_branch_day_of_week_operator.py
[2026-03-23T03:40:56.150+0000] {logging_mixin.py:188} INFO - [2026-03-23T03:40:56.149+0000] {dag.py:3047} INFO - Sync 1 DAGs
[2026-03-23T03:40:56.191+0000] {logging_mixin.py:188} INFO - [2026-03-23T03:40:56.191+0000] {dag.py:3834} INFO - Setting next_dagrun for example_weekday_branch_operator to 2026-03-22 00:00:00+00:00, run_after=2026-03-23 00:00:00+00:00
[2026-03-23T03:40:56.241+0000] {processor.py:183} INFO - Processing /home/airflow/.local/lib/python3.8/site-packages/airflow/example_dags/example_branch_day_of_week_operator.py took 0.153 seconds
[2026-03-23T03:41:26.317+0000] {processor.py:161} INFO - Started process (PID=543) to work on /home/airflow/.local/lib/python3.8/site-packages/airflow/example_dags/example_branch_day_of_week_operator.py
[2026-03-23T03:41:26.318+0000] {processor.py:830} INFO - Processing file /home/airflow/.local/lib/python3.8/site-packages/airflow/example_dags/example_branch_day_of_week_operator.py for tasks to queue
[2026-03-23T03:41:26.321+0000] {logging_mixin.py:188} INFO - [2026-03-23T03:41:26.320+0000] {dagbag.py:540} INFO - Filling up the DagBag from /home/airflow/.local/lib/python3.8/site-packages/airflow/example_dags/example_branch_day_of_week_operator.py
[2026-03-23T03:41:26.328+0000] {processor.py:840} INFO - DAG(s) 'example_weekday_branch_operator' retrieved from /home/airflow/.local/lib/python3.8/site-packages/airflow/example_dags/example_branch_day_of_week_operator.py
[2026-03-23T03:41:26.346+0000] {logging_mixin.py:188} INFO - [2026-03-23T03:41:26.346+0000] {dag.py:3047} INFO - Sync 1 DAGs
[2026-03-23T03:41:26.366+0000] {logging_mixin.py:188} INFO - [2026-03-23T03:41:26.366+0000] {dag.py:3834} INFO - Setting next_dagrun for example_weekday_branch_operator to 2026-03-22 00:00:00+00:00, run_after=2026-03-23 00:00:00+00:00
[2026-03-23T03:41:26.384+0000] {processor.py:183} INFO - Processing /home/airflow/.local/lib/python3.8/site-packages/airflow/example_dags/example_branch_day_of_week_operator.py took 0.069 seconds
[2026-03-23T03:41:56.668+0000] {processor.py:161} INFO - Started process (PID=598) to work on /home/airflow/.local/lib/python3.8/site-packages/airflow/example_dags/example_branch_day_of_week_operator.py
[2026-03-23T03:41:56.669+0000] {processor.py:830} INFO - Processing file /home/airflow/.local/lib/python3.8/site-packages/airflow/example_dags/example_branch_day_of_week_operator.py for tasks to queue
[2026-03-23T03:41:56.671+0000] {logging_mixin.py:188} INFO - [2026-03-23T03:41:56.671+0000] {dagbag.py:540} INFO - Filling up the DagBag from /home/airflow/.local/lib/python3.8/site-packages/airflow/example_dags/example_branch_day_of_week_operator.py
[2026-03-23T03:41:56.678+0000] {processor.py:840} INFO - DAG(s) 'example_weekday_branch_operator' retrieved from /home/airflow/.local/lib/python3.8/site-packages/airflow/example_dags/example_branch_day_of_week_operator.py
[2026-03-23T03:41:56.698+0000] {logging_mixin.py:188} INFO - [2026-03-23T03:41:56.698+0000] {dag.py:3047} INFO - Sync 1 DAGs
[2026-03-23T03:41:56.723+0000] {logging_mixin.py:188} INFO - [2026-03-23T03:41:56.723+0000] {dag.py:3834} INFO - Setting next_dagrun for example_weekday_branch_operator to 2026-03-22 00:00:00+00:00, run_after=2026-03-23 00:00:00+00:00
[2026-03-23T03:41:56.748+0000] {processor.py:183} INFO - Processing /home/airflow/.local/lib/python3.8/site-packages/airflow/example_dags/example_branch_day_of_week_operator.py took 0.082 seconds
[2026-03-23T03:42:26.792+0000] {processor.py:161} INFO - Started process (PID=653) to work on /home/airflow/.local/lib/python3.8/site-packages/airflow/example_dags/example_branch_day_of_week_operator.py
[2026-03-23T03:42:26.793+0000] {processor.py:830} INFO - Processing file /home/airflow/.local/lib/python3.8/site-packages/airflow/example_dags/example_branch_day_of_week_operator.py for tasks to queue
[2026-03-23T03:42:26.795+0000] {logging_mixin.py:188} INFO - [2026-03-23T03:42:26.795+0000] {dagbag.py:540} INFO - Filling up the DagBag from /home/airflow/.local/lib/python3.8/site-packages/airflow/example_dags/example_branch_day_of_week_operator.py
[2026-03-23T03:42:26.802+0000] {processor.py:840} INFO - DAG(s) 'example_weekday_branch_operator' retrieved from /home/airflow/.local/lib/python3.8/site-packages/airflow/example_dags/example_branch_day_of_week_operator.py
[2026-03-23T03:42:26.821+0000] {logging_mixin.py:188} INFO - [2026-03-23T03:42:26.821+0000] {dag.py:3047} INFO - Sync 1 DAGs
[2026-03-23T03:42:26.842+0000] {logging_mixin.py:188} INFO - [2026-03-23T03:42:26.842+0000] {dag.py:3834} INFO - Setting next_dagrun for example_weekday_branch_operator to 2026-03-22 00:00:00+00:00, run_after=2026-03-23 00:00:00+00:00
[2026-03-23T03:42:26.865+0000] {processor.py:183} INFO - Processing /home/airflow/.local/lib/python3.8/site-packages/airflow/example_dags/example_branch_day_of_week_operator.py took 0.076 seconds
[2026-03-23T03:42:57.457+0000] {processor.py:161} INFO - Started process (PID=708) to work on /home/airflow/.local/lib/python3.8/site-packages/airflow/example_dags/example_branch_day_of_week_operator.py
[2026-03-23T03:42:57.458+0000] {processor.py:830} INFO - Processing file /home/airflow/.local/lib/python3.8/site-packages/airflow/example_dags/example_branch_day_of_week_operator.py for tasks to queue
[2026-03-23T03:42:57.459+0000] {logging_mixin.py:188} INFO - [2026-03-23T03:42:57.459+0000] {dagbag.py:540} INFO - Filling up the DagBag from /home/airflow/.local/lib/python3.8/site-packages/airflow/example_dags/example_branch_day_of_week_operator.py
[2026-03-23T03:42:57.466+0000] {processor.py:840} INFO - DAG(s) 'example_weekday_branch_operator' retrieved from /home/airflow/.local/lib/python3.8/site-packages/airflow/example_dags/example_branch_day_of_week_operator.py
[2026-03-23T03:42:57.486+0000] {logging_mixin.py:188} INFO - [2026-03-23T03:42:57.486+0000] {dag.py:3047} INFO - Sync 1 DAGs
[2026-03-23T03:42:57.509+0000] {logging_mixin.py:188} INFO - [2026-03-23T03:42:57.509+0000] {dag.py:3834} INFO - Setting next_dagrun for example_weekday_branch_operator to 2026-03-22 00:00:00+00:00, run_after=2026-03-23 00:00:00+00:00
[2026-03-23T03:42:57.530+0000] {processor.py:183} INFO - Processing /home/airflow/.local/lib/python3.8/site-packages/airflow/example_dags/example_branch_day_of_week_operator.py took 0.076 seconds
[2026-03-23T03:43:27.879+0000] {processor.py:161} INFO - Started process (PID=763) to work on /home/airflow/.local/lib/python3.8/site-packages/airflow/example_dags/example_branch_day_of_week_operator.py
[2026-03-23T03:43:27.880+0000] {processor.py:830} INFO - Processing file /home/airflow/.local/lib/python3.8/site-packages/airflow/example_dags/example_branch_day_of_week_operator.py for tasks to queue
[2026-03-23T03:43:27.882+0000] {logging_mixin.py:188} INFO - [2026-03-23T03:43:27.882+0000] {dagbag.py:540} INFO - Filling up the DagBag from /home/airflow/.local/lib/python3.8/site-packages/airflow/example_dags/example_branch_day_of_week_operator.py
[2026-03-23T03:43:27.889+0000] {processor.py:840} INFO - DAG(s) 'example_weekday_branch_operator' retrieved from /home/airflow/.local/lib/python3.8/site-packages/airflow/example_dags/example_branch_day_of_week_operator.py
[2026-03-23T03:43:27.908+0000] {logging_mixin.py:188} INFO - [2026-03-23T03:43:27.908+0000] {dag.py:3047} INFO - Sync 1 DAGs
[2026-03-23T03:43:27.929+0000] {logging_mixin.py:188} INFO - [2026-03-23T03:43:27.929+0000] {dag.py:3834} INFO - Setting next_dagrun for example_weekday_branch_operator to 2026-03-22 00:00:00+00:00, run_after=2026-03-23 00:00:00+00:00
[2026-03-23T03:43:27.951+0000] {processor.py:183} INFO - Processing /home/airflow/.local/lib/python3.8/site-packages/airflow/example_dags/example_branch_day_of_week_operator.py took 0.074 seconds
[2026-03-23T03:43:58.288+0000] {processor.py:161} INFO - Started process (PID=818) to work on /home/airflow/.local/lib/python3.8/site-packages/airflow/example_dags/example_branch_day_of_week_operator.py
[2026-03-23T03:43:58.289+0000] {processor.py:830} INFO - Processing file /home/airflow/.local/lib/python3.8/site-packages/airflow/example_dags/example_branch_day_of_week_operator.py for tasks to queue
[2026-03-23T03:43:58.291+0000] {logging_mixin.py:188} INFO - [2026-03-23T03:43:58.291+0000] {dagbag.py:540} INFO - Filling up the DagBag from /home/airflow/.local/lib/python3.8/site-packages/airflow/example_dags/example_branch_day_of_week_operator.py
[2026-03-23T03:43:58.298+0000] {processor.py:840} INFO - DAG(s) 'example_weekday_branch_operator' retrieved from /home/airflow/.local/lib/python3.8/site-packages/airflow/example_dags/example_branch_day_of_week_operator.py
[2026-03-23T03:43:58.316+0000] {logging_mixin.py:188} INFO - [2026-03-23T03:43:58.316+0000] {dag.py:3047} INFO - Sync 1 DAGs
[2026-03-23T03:43:58.339+0000] {logging_mixin.py:188} INFO - [2026-03-23T03:43:58.339+0000] {dag.py:3834} INFO - Setting next_dagrun for example_weekday_branch_operator to 2026-03-22 00:00:00+00:00, run_after=2026-03-23 00:00:00+00:00
[2026-03-23T03:43:58.360+0000] {processor.py:183} INFO - Processing /home/airflow/.local/lib/python3.8/site-packages/airflow/example_dags/example_branch_day_of_week_operator.py took 0.075 seconds
[2026-03-23T03:44:28.781+0000] {processor.py:161} INFO - Started process (PID=873) to work on /home/airflow/.local/lib/python3.8/site-packages/airflow/example_dags/example_branch_day_of_week_operator.py
[2026-03-23T03:44:28.782+0000] {processor.py:830} INFO - Processing file /home/airflow/.local/lib/python3.8/site-packages/airflow/example_dags/example_branch_day_of_week_operator.py for tasks to queue
[2026-03-23T03:44:28.784+0000] {logging_mixin.py:188} INFO - [2026-03-23T03:44:28.783+0000] {dagbag.py:540} INFO - Filling up the DagBag from /home/airflow/.local/lib/python3.8/site-packages/airflow/example_dags/example_branch_day_of_week_operator.py
[2026-03-23T03:44:28.791+0000] {processor.py:840} INFO - DAG(s) 'example_weekday_branch_operator' retrieved from /home/airflow/.local/lib/python3.8/site-packages/airflow/example_dags/example_branch_day_of_week_operator.py
[2026-03-23T03:44:28.810+0000] {logging_mixin.py:188} INFO - [2026-03-23T03:44:28.810+0000] {dag.py:3047} INFO - Sync 1 DAGs
[2026-03-23T03:44:28.831+0000] {logging_mixin.py:188} INFO - [2026-03-23T03:44:28.831+0000] {dag.py:3834} INFO - Setting next_dagrun for example_weekday_branch_operator to 2026-03-22 00:00:00+00:00, run_after=2026-03-23 00:00:00+00:00
[2026-03-23T03:44:28.851+0000] {processor.py:183} INFO - Processing /home/airflow/.local/lib/python3.8/site-packages/airflow/example_dags/example_branch_day_of_week_operator.py took 0.074 seconds
[2026-03-23T03:44:59.298+0000] {processor.py:161} INFO - Started process (PID=928) to work on /home/airflow/.local/lib/python3.8/site-packages/airflow/example_dags/example_branch_day_of_week_operator.py
[2026-03-23T03:44:59.299+0000] {processor.py:830} INFO - Processing file /home/airflow/.local/lib/python3.8/site-packages/airflow/example_dags/example_branch_day_of_week_operator.py for tasks to queue
[2026-03-23T03:44:59.301+0000] {logging_mixin.py:188} INFO - [2026-03-23T03:44:59.301+0000] {dagbag.py:540} INFO - Filling up the DagBag from /home/airflow/.local/lib/python3.8/site-packages/airflow/example_dags/example_branch_day_of_week_operator.py
[2026-03-23T03:44:59.308+0000] {processor.py:840} INFO - DAG(s) 'example_weekday_branch_operator' retrieved from /home/airflow/.local/lib/python3.8/site-packages/airflow/example_dags/example_branch_day_of_week_operator.py
[2026-03-23T03:44:59.328+0000] {logging_mixin.py:188} INFO - [2026-03-23T03:44:59.327+0000] {dag.py:3047} INFO - Sync 1 DAGs
[2026-03-23T03:44:59.351+0000] {logging_mixin.py:188} INFO - [2026-03-23T03:44:59.350+0000] {dag.py:3834} INFO - Setting next_dagrun for example_weekday_branch_operator to 2026-03-22 00:00:00+00:00, run_after=2026-03-23 00:00:00+00:00
[2026-03-23T03:44:59.371+0000] {processor.py:183} INFO - Processing /home/airflow/.local/lib/python3.8/site-packages/airflow/example_dags/example_branch_day_of_week_operator.py took 0.076 seconds
[2026-03-23T03:45:29.584+0000] {processor.py:161} INFO - Started process (PID=983) to work on /home/airflow/.local/lib/python3.8/site-packages/airflow/example_dags/example_branch_day_of_week_operator.py
[2026-03-23T03:45:29.585+0000] {processor.py:830} INFO - Processing file /home/airflow/.local/lib/python3.8/site-packages/airflow/example_dags/example_branch_day_of_week_operator.py for tasks to queue
[2026-03-23T03:45:29.587+0000] {logging_mixin.py:188} INFO - [2026-03-23T03:45:29.586+0000] {dagbag.py:540} INFO - Filling up the DagBag from /home/airflow/.local/lib/python3.8/site-packages/airflow/example_dags/example_branch_day_of_week_operator.py
[2026-03-23T03:45:29.594+0000] {processor.py:840} INFO - DAG(s) 'example_weekday_branch_operator' retrieved from /home/airflow/.local/lib/python3.8/site-packages/airflow/example_dags/example_branch_day_of_week_operator.py
[2026-03-23T03:45:29.613+0000] {logging_mixin.py:188} INFO - [2026-03-23T03:45:29.613+0000] {dag.py:3047} INFO - Sync 1 DAGs
[2026-03-23T03:45:29.635+0000] {logging_mixin.py:188} INFO - [2026-03-23T03:45:29.634+0000] {dag.py:3834} INFO - Setting next_dagrun for example_weekday_branch_operator to 2026-03-22 00:00:00+00:00, run_after=2026-03-23 00:00:00+00:00
[2026-03-23T03:45:29.656+0000] {processor.py:183} INFO - Processing /home/airflow/.local/lib/python3.8/site-packages/airflow/example_dags/example_branch_day_of_week_operator.py took 0.075 seconds
[2026-03-23T03:45:59.806+0000] {processor.py:161} INFO - Started process (PID=1038) to work on /home/airflow/.local/lib/python3.8/site-packages/airflow/example_dags/example_branch_day_of_week_operator.py
[2026-03-23T03:45:59.807+0000] {processor.py:830} INFO - Processing file /home/airflow/.local/lib/python3.8/site-packages/airflow/example_dags/example_branch_day_of_week_operator.py for tasks to queue
[2026-03-23T03:45:59.809+0000] {logging_mixin.py:188} INFO - [2026-03-23T03:45:59.809+0000] {dagbag.py:540} INFO - Filling up the DagBag from /home/airflow/.local/lib/python3.8/site-packages/airflow/example_dags/example_branch_day_of_week_operator.py
[2026-03-23T03:45:59.817+0000] {processor.py:840} INFO - DAG(s) 'example_weekday_branch_operator' retrieved from /home/airflow/.local/lib/python3.8/site-packages/airflow/example_dags/example_branch_day_of_week_operator.py
[2026-03-23T03:45:59.840+0000] {logging_mixin.py:188} INFO - [2026-03-23T03:45:59.840+0000] {dag.py:3047} INFO - Sync 1 DAGs
[2026-03-23T03:45:59.868+0000] {logging_mixin.py:188} INFO - [2026-03-23T03:45:59.867+0000] {dag.py:3834} INFO - Setting next_dagrun for example_weekday_branch_operator to 2026-03-22 00:00:00+00:00, run_after=2026-03-23 00:00:00+00:00
[2026-03-23T03:45:59.893+0000] {processor.py:183} INFO - Processing /home/airflow/.local/lib/python3.8/site-packages/airflow/example_dags/example_branch_day_of_week_operator.py took 0.090 seconds
[2026-03-23T03:46:30.166+0000] {processor.py:161} INFO - Started process (PID=1093) to work on /home/airflow/.local/lib/python3.8/site-packages/airflow/example_dags/example_branch_day_of_week_operator.py
[2026-03-23T03:46:30.168+0000] {processor.py:830} INFO - Processing file /home/airflow/.local/lib/python3.8/site-packages/airflow/example_dags/example_branch_day_of_week_operator.py for tasks to queue
[2026-03-23T03:46:30.170+0000] {logging_mixin.py:188} INFO - [2026-03-23T03:46:30.170+0000] {dagbag.py:540} INFO - Filling up the DagBag from /home/airflow/.local/lib/python3.8/site-packages/airflow/example_dags/example_branch_day_of_week_operator.py
[2026-03-23T03:46:30.178+0000] {processor.py:840} INFO - DAG(s) 'example_weekday_branch_operator' retrieved from /home/airflow/.local/lib/python3.8/site-packages/airflow/example_dags/example_branch_day_of_week_operator.py
[2026-03-23T03:46:30.202+0000] {logging_mixin.py:188} INFO - [2026-03-23T03:46:30.201+0000] {dag.py:3047} INFO - Sync 1 DAGs
[2026-03-23T03:46:30.228+0000] {logging_mixin.py:188} INFO - [2026-03-23T03:46:30.228+0000] {dag.py:3834} INFO - Setting next_dagrun for example_weekday_branch_operator to 2026-03-22 00:00:00+00:00, run_after=2026-03-23 00:00:00+00:00
[2026-03-23T03:46:30.252+0000] {processor.py:183} INFO - Processing /home/airflow/.local/lib/python3.8/site-packages/airflow/example_dags/example_branch_day_of_week_operator.py took 0.089 seconds
[2026-03-23T03:47:00.517+0000] {processor.py:161} INFO - Started process (PID=1148) to work on /home/airflow/.local/lib/python3.8/site-packages/airflow/example_dags/example_branch_day_of_week_operator.py
[2026-03-23T03:47:00.518+0000] {processor.py:830} INFO - Processing file /home/airflow/.local/lib/python3.8/site-packages/airflow/example_dags/example_branch_day_of_week_operator.py for tasks to queue
[2026-03-23T03:47:00.519+0000] {logging_mixin.py:188} INFO - [2026-03-23T03:47:00.519+0000] {dagbag.py:540} INFO - Filling up the DagBag from /home/airflow/.local/lib/python3.8/site-packages/airflow/example_dags/example_branch_day_of_week_operator.py
[2026-03-23T03:47:00.526+0000] {processor.py:840} INFO - DAG(s) 'example_weekday_branch_operator' retrieved from /home/airflow/.local/lib/python3.8/site-packages/airflow/example_dags/example_branch_day_of_week_operator.py
[2026-03-23T03:47:00.548+0000] {logging_mixin.py:188} INFO - [2026-03-23T03:47:00.548+0000] {dag.py:3047} INFO - Sync 1 DAGs
[2026-03-23T03:47:00.568+0000] {logging_mixin.py:188} INFO - [2026-03-23T03:47:00.568+0000] {dag.py:3834} INFO - Setting next_dagrun for example_weekday_branch_operator to 2026-03-22 00:00:00+00:00, run_after=2026-03-23 00:00:00+00:00
[2026-03-23T03:47:00.588+0000] {processor.py:183} INFO - Processing /home/airflow/.local/lib/python3.8/site-packages/airflow/example_dags/example_branch_day_of_week_operator.py took 0.075 seconds
[2026-03-23T03:47:30.709+0000] {processor.py:161} INFO - Started process (PID=1203) to work on /home/airflow/.local/lib/python3.8/site-packages/airflow/example_dags/example_branch_day_of_week_operator.py
[2026-03-23T03:47:30.711+0000] {processor.py:830} INFO - Processing file /home/airflow/.local/lib/python3.8/site-packages/airflow/example_dags/example_branch_day_of_week_operator.py for tasks to queue
[2026-03-23T03:47:30.713+0000] {logging_mixin.py:188} INFO - [2026-03-23T03:47:30.713+0000] {dagbag.py:540} INFO - Filling up the DagBag from /home/airflow/.local/lib/python3.8/site-packages/airflow/example_dags/example_branch_day_of_week_operator.py
[2026-03-23T03:47:30.720+0000] {processor.py:840} INFO - DAG(s) 'example_weekday_branch_operator' retrieved from /home/airflow/.local/lib/python3.8/site-packages/airflow/example_dags/example_branch_day_of_week_operator.py
[2026-03-23T03:47:30.740+0000] {logging_mixin.py:188} INFO - [2026-03-23T03:47:30.739+0000] {dag.py:3047} INFO - Sync 1 DAGs
[2026-03-23T03:47:30.761+0000] {logging_mixin.py:188} INFO - [2026-03-23T03:47:30.761+0000] {dag.py:3834} INFO - Setting next_dagrun for example_weekday_branch_operator to 2026-03-22 00:00:00+00:00, run_after=2026-03-23 00:00:00+00:00
[2026-03-23T03:47:30.782+0000] {processor.py:183} INFO - Processing /home/airflow/.local/lib/python3.8/site-packages/airflow/example_dags/example_branch_day_of_week_operator.py took 0.076 seconds
[2026-03-23T03:48:01.020+0000] {processor.py:161} INFO - Started process (PID=1258) to work on /home/airflow/.local/lib/python3.8/site-packages/airflow/example_dags/example_branch_day_of_week_operator.py
[2026-03-23T03:48:01.021+0000] {processor.py:830} INFO - Processing file /home/airflow/.local/lib/python3.8/site-packages/airflow/example_dags/example_branch_day_of_week_operator.py for tasks to queue
[2026-03-23T03:48:01.023+0000] {logging_mixin.py:188} INFO - [2026-03-23T03:48:01.023+0000] {dagbag.py:540} INFO - Filling up the DagBag from /home/airflow/.local/lib/python3.8/site-packages/airflow/example_dags/example_branch_day_of_week_operator.py
[2026-03-23T03:48:01.031+0000] {processor.py:840} INFO - DAG(s) 'example_weekday_branch_operator' retrieved from /home/airflow/.local/lib/python3.8/site-packages/airflow/example_dags/example_branch_day_of_week_operator.py
[2026-03-23T03:48:01.054+0000] {logging_mixin.py:188} INFO - [2026-03-23T03:48:01.054+0000] {dag.py:3047} INFO - Sync 1 DAGs
[2026-03-23T03:48:01.079+0000] {logging_mixin.py:188} INFO - [2026-03-23T03:48:01.079+0000] {dag.py:3834} INFO - Setting next_dagrun for example_weekday_branch_operator to 2026-03-22 00:00:00+00:00, run_after=2026-03-23 00:00:00+00:00
[2026-03-23T03:48:01.100+0000] {processor.py:183} INFO - Processing /home/airflow/.local/lib/python3.8/site-packages/airflow/example_dags/example_branch_day_of_week_operator.py took 0.084 seconds
[2026-03-23T03:48:31.692+0000] {processor.py:161} INFO - Started process (PID=1313) to work on /home/airflow/.local/lib/python3.8/site-packages/airflow/example_dags/example_branch_day_of_week_operator.py
[2026-03-23T03:48:31.693+0000] {processor.py:830} INFO - Processing file /home/airflow/.local/lib/python3.8/site-packages/airflow/example_dags/example_branch_day_of_week_operator.py for tasks to queue
[2026-03-23T03:48:31.695+0000] {logging_mixin.py:188} INFO - [2026-03-23T03:48:31.695+0000] {dagbag.py:540} INFO - Filling up the DagBag from /home/airflow/.local/lib/python3.8/site-packages/airflow/example_dags/example_branch_day_of_week_operator.py
[2026-03-23T03:48:31.703+0000] {processor.py:840} INFO - DAG(s) 'example_weekday_branch_operator' retrieved from /home/airflow/.local/lib/python3.8/site-packages/airflow/example_dags/example_branch_day_of_week_operator.py
[2026-03-23T03:48:31.726+0000] {logging_mixin.py:188} INFO - [2026-03-23T03:48:31.726+0000] {dag.py:3047} INFO - Sync 1 DAGs
[2026-03-23T03:48:31.755+0000] {logging_mixin.py:188} INFO - [2026-03-23T03:48:31.754+0000] {dag.py:3834} INFO - Setting next_dagrun for example_weekday_branch_operator to 2026-03-22 00:00:00+00:00, run_after=2026-03-23 00:00:00+00:00
[2026-03-23T03:48:31.782+0000] {processor.py:183} INFO - Processing /home/airflow/.local/lib/python3.8/site-packages/airflow/example_dags/example_branch_day_of_week_operator.py took 0.093 seconds
[2026-03-23T03:49:02.172+0000] {processor.py:161} INFO - Started process (PID=1368) to work on /home/airflow/.local/lib/python3.8/site-packages/airflow/example_dags/example_branch_day_of_week_operator.py
[2026-03-23T03:49:02.174+0000] {processor.py:830} INFO - Processing file /home/airflow/.local/lib/python3.8/site-packages/airflow/example_dags/example_branch_day_of_week_operator.py for tasks to queue
[2026-03-23T03:49:02.176+0000] {logging_mixin.py:188} INFO - [2026-03-23T03:49:02.175+0000] {dagbag.py:540} INFO - Filling up the DagBag from /home/airflow/.local/lib/python3.8/site-packages/airflow/example_dags/example_branch_day_of_week_operator.py
[2026-03-23T03:49:02.183+0000] {processor.py:840} INFO - DAG(s) 'example_weekday_branch_operator' retrieved from /home/airflow/.local/lib/python3.8/site-packages/airflow/example_dags/example_branch_day_of_week_operator.py
[2026-03-23T03:49:02.211+0000] {logging_mixin.py:188} INFO - [2026-03-23T03:49:02.210+0000] {dag.py:3047} INFO - Sync 1 DAGs
[2026-03-23T03:49:02.239+0000] {logging_mixin.py:188} INFO - [2026-03-23T03:49:02.239+0000] {dag.py:3834} INFO - Setting next_dagrun for example_weekday_branch_operator to 2026-03-22 00:00:00+00:00, run_after=2026-03-23 00:00:00+00:00
[2026-03-23T03:49:02.265+0000] {processor.py:183} INFO - Processing /home/airflow/.local/lib/python3.8/site-packages/airflow/example_dags/example_branch_day_of_week_operator.py took 0.096 seconds
[2026-03-23T03:49:32.629+0000] {processor.py:161} INFO - Started process (PID=1423) to work on /home/airflow/.local/lib/python3.8/site-packages/airflow/example_dags/example_branch_day_of_week_operator.py
[2026-03-23T03:49:32.630+0000] {processor.py:830} INFO - Processing file /home/airflow/.local/lib/python3.8/site-packages/airflow/example_dags/example_branch_day_of_week_operator.py for tasks to queue
[2026-03-23T03:49:32.632+0000] {logging_mixin.py:188} INFO - [2026-03-23T03:49:32.632+0000] {dagbag.py:540} INFO - Filling up the DagBag from /home/airflow/.local/lib/python3.8/site-packages/airflow/example_dags/example_branch_day_of_week_operator.py
[2026-03-23T03:49:32.638+0000] {processor.py:840} INFO - DAG(s) 'example_weekday_branch_operator' retrieved from /home/airflow/.local/lib/python3.8/site-packages/airflow/example_dags/example_branch_day_of_week_operator.py
[2026-03-23T03:49:32.658+0000] {logging_mixin.py:188} INFO - [2026-03-23T03:49:32.658+0000] {dag.py:3047} INFO - Sync 1 DAGs
[2026-03-23T03:49:32.680+0000] {logging_mixin.py:188} INFO - [2026-03-23T03:49:32.680+0000] {dag.py:3834} INFO - Setting next_dagrun for example_weekday_branch_operator to 2026-03-22 00:00:00+00:00, run_after=2026-03-23 00:00:00+00:00
[2026-03-23T03:49:32.700+0000] {processor.py:183} INFO - Processing /home/airflow/.local/lib/python3.8/site-packages/airflow/example_dags/example_branch_day_of_week_operator.py took 0.074 seconds
[2026-03-23T03:50:49.384+0000] {processor.py:161} INFO - Started process (PID=103) to work on /home/airflow/.local/lib/python3.8/site-packages/airflow/example_dags/example_branch_day_of_week_operator.py
[2026-03-23T03:50:49.387+0000] {processor.py:830} INFO - Processing file /home/airflow/.local/lib/python3.8/site-packages/airflow/example_dags/example_branch_day_of_week_operator.py for tasks to queue
[2026-03-23T03:50:49.390+0000] {logging_mixin.py:188} INFO - [2026-03-23T03:50:49.389+0000] {dagbag.py:540} INFO - Filling up the DagBag from /home/airflow/.local/lib/python3.8/site-packages/airflow/example_dags/example_branch_day_of_week_operator.py
[2026-03-23T03:50:49.405+0000] {processor.py:840} INFO - DAG(s) 'example_weekday_branch_operator' retrieved from /home/airflow/.local/lib/python3.8/site-packages/airflow/example_dags/example_branch_day_of_week_operator.py
[2026-03-23T03:50:49.426+0000] {logging_mixin.py:188} INFO - [2026-03-23T03:50:49.425+0000] {dag.py:3047} INFO - Sync 1 DAGs
[2026-03-23T03:50:49.473+0000] {logging_mixin.py:188} INFO - [2026-03-23T03:50:49.473+0000] {dag.py:3834} INFO - Setting next_dagrun for example_weekday_branch_operator to 2026-03-22 00:00:00+00:00, run_after=2026-03-23 00:00:00+00:00
[2026-03-23T03:50:49.514+0000] {processor.py:183} INFO - Processing /home/airflow/.local/lib/python3.8/site-packages/airflow/example_dags/example_branch_day_of_week_operator.py took 0.135 seconds
[2026-03-23T03:51:21.670+0000] {processor.py:161} INFO - Started process (PID=158) to work on /home/airflow/.local/lib/python3.8/site-packages/airflow/example_dags/example_branch_day_of_week_operator.py
[2026-03-23T03:51:21.672+0000] {processor.py:830} INFO - Processing file /home/airflow/.local/lib/python3.8/site-packages/airflow/example_dags/example_branch_day_of_week_operator.py for tasks to queue
[2026-03-23T03:51:21.674+0000] {logging_mixin.py:188} INFO - [2026-03-23T03:51:21.673+0000] {dagbag.py:540} INFO - Filling up the DagBag from /home/airflow/.local/lib/python3.8/site-packages/airflow/example_dags/example_branch_day_of_week_operator.py
[2026-03-23T03:51:21.683+0000] {processor.py:840} INFO - DAG(s) 'example_weekday_branch_operator' retrieved from /home/airflow/.local/lib/python3.8/site-packages/airflow/example_dags/example_branch_day_of_week_operator.py
[2026-03-23T03:51:21.840+0000] {logging_mixin.py:188} INFO - [2026-03-23T03:51:21.839+0000] {dag.py:3047} INFO - Sync 1 DAGs
[2026-03-23T03:51:21.868+0000] {logging_mixin.py:188} INFO - [2026-03-23T03:51:21.867+0000] {dag.py:3834} INFO - Setting next_dagrun for example_weekday_branch_operator to 2026-03-22 00:00:00+00:00, run_after=2026-03-23 00:00:00+00:00
[2026-03-23T03:51:21.898+0000] {processor.py:183} INFO - Processing /home/airflow/.local/lib/python3.8/site-packages/airflow/example_dags/example_branch_day_of_week_operator.py took 0.231 seconds
[2026-03-23T03:51:51.942+0000] {processor.py:161} INFO - Started process (PID=213) to work on /home/airflow/.local/lib/python3.8/site-packages/airflow/example_dags/example_branch_day_of_week_operator.py
[2026-03-23T03:51:51.943+0000] {processor.py:830} INFO - Processing file /home/airflow/.local/lib/python3.8/site-packages/airflow/example_dags/example_branch_day_of_week_operator.py for tasks to queue
[2026-03-23T03:51:51.945+0000] {logging_mixin.py:188} INFO - [2026-03-23T03:51:51.945+0000] {dagbag.py:540} INFO - Filling up the DagBag from /home/airflow/.local/lib/python3.8/site-packages/airflow/example_dags/example_branch_day_of_week_operator.py
[2026-03-23T03:51:51.953+0000] {processor.py:840} INFO - DAG(s) 'example_weekday_branch_operator' retrieved from /home/airflow/.local/lib/python3.8/site-packages/airflow/example_dags/example_branch_day_of_week_operator.py
[2026-03-23T03:51:51.976+0000] {logging_mixin.py:188} INFO - [2026-03-23T03:51:51.975+0000] {dag.py:3047} INFO - Sync 1 DAGs
[2026-03-23T03:51:52.000+0000] {logging_mixin.py:188} INFO - [2026-03-23T03:51:51.999+0000] {dag.py:3834} INFO - Setting next_dagrun for example_weekday_branch_operator to 2026-03-22 00:00:00+00:00, run_after=2026-03-23 00:00:00+00:00
[2026-03-23T03:51:52.023+0000] {processor.py:183} INFO - Processing /home/airflow/.local/lib/python3.8/site-packages/airflow/example_dags/example_branch_day_of_week_operator.py took 0.085 seconds
[2026-03-23T03:52:22.229+0000] {processor.py:161} INFO - Started process (PID=268) to work on /home/airflow/.local/lib/python3.8/site-packages/airflow/example_dags/example_branch_day_of_week_operator.py
[2026-03-23T03:52:22.230+0000] {processor.py:830} INFO - Processing file /home/airflow/.local/lib/python3.8/site-packages/airflow/example_dags/example_branch_day_of_week_operator.py for tasks to queue
[2026-03-23T03:52:22.232+0000] {logging_mixin.py:188} INFO - [2026-03-23T03:52:22.232+0000] {dagbag.py:540} INFO - Filling up the DagBag from /home/airflow/.local/lib/python3.8/site-packages/airflow/example_dags/example_branch_day_of_week_operator.py
[2026-03-23T03:52:22.242+0000] {processor.py:840} INFO - DAG(s) 'example_weekday_branch_operator' retrieved from /home/airflow/.local/lib/python3.8/site-packages/airflow/example_dags/example_branch_day_of_week_operator.py
[2026-03-23T03:52:22.267+0000] {logging_mixin.py:188} INFO - [2026-03-23T03:52:22.266+0000] {dag.py:3047} INFO - Sync 1 DAGs
[2026-03-23T03:52:22.293+0000] {logging_mixin.py:188} INFO - [2026-03-23T03:52:22.292+0000] {dag.py:3834} INFO - Setting next_dagrun for example_weekday_branch_operator to 2026-03-22 00:00:00+00:00, run_after=2026-03-23 00:00:00+00:00
[2026-03-23T03:52:22.316+0000] {processor.py:183} INFO - Processing /home/airflow/.local/lib/python3.8/site-packages/airflow/example_dags/example_branch_day_of_week_operator.py took 0.090 seconds
[2026-03-23T03:52:53.152+0000] {processor.py:161} INFO - Started process (PID=323) to work on /home/airflow/.local/lib/python3.8/site-packages/airflow/example_dags/example_branch_day_of_week_operator.py
[2026-03-23T03:52:53.154+0000] {processor.py:830} INFO - Processing file /home/airflow/.local/lib/python3.8/site-packages/airflow/example_dags/example_branch_day_of_week_operator.py for tasks to queue
[2026-03-23T03:52:53.155+0000] {logging_mixin.py:188} INFO - [2026-03-23T03:52:53.155+0000] {dagbag.py:540} INFO - Filling up the DagBag from /home/airflow/.local/lib/python3.8/site-packages/airflow/example_dags/example_branch_day_of_week_operator.py
[2026-03-23T03:52:53.163+0000] {processor.py:840} INFO - DAG(s) 'example_weekday_branch_operator' retrieved from /home/airflow/.local/lib/python3.8/site-packages/airflow/example_dags/example_branch_day_of_week_operator.py
[2026-03-23T03:52:53.185+0000] {logging_mixin.py:188} INFO - [2026-03-23T03:52:53.185+0000] {dag.py:3047} INFO - Sync 1 DAGs
[2026-03-23T03:52:53.210+0000] {logging_mixin.py:188} INFO - [2026-03-23T03:52:53.210+0000] {dag.py:3834} INFO - Setting next_dagrun for example_weekday_branch_operator to 2026-03-22 00:00:00+00:00, run_after=2026-03-23 00:00:00+00:00
[2026-03-23T03:52:53.234+0000] {processor.py:183} INFO - Processing /home/airflow/.local/lib/python3.8/site-packages/airflow/example_dags/example_branch_day_of_week_operator.py took 0.085 seconds
[2026-03-23T03:53:23.896+0000] {processor.py:161} INFO - Started process (PID=378) to work on /home/airflow/.local/lib/python3.8/site-packages/airflow/example_dags/example_branch_day_of_week_operator.py
[2026-03-23T03:53:23.898+0000] {processor.py:830} INFO - Processing file /home/airflow/.local/lib/python3.8/site-packages/airflow/example_dags/example_branch_day_of_week_operator.py for tasks to queue
[2026-03-23T03:53:23.900+0000] {logging_mixin.py:188} INFO - [2026-03-23T03:53:23.899+0000] {dagbag.py:540} INFO - Filling up the DagBag from /home/airflow/.local/lib/python3.8/site-packages/airflow/example_dags/example_branch_day_of_week_operator.py
[2026-03-23T03:53:23.909+0000] {processor.py:840} INFO - DAG(s) 'example_weekday_branch_operator' retrieved from /home/airflow/.local/lib/python3.8/site-packages/airflow/example_dags/example_branch_day_of_week_operator.py
[2026-03-23T03:53:23.941+0000] {logging_mixin.py:188} INFO - [2026-03-23T03:53:23.940+0000] {dag.py:3047} INFO - Sync 1 DAGs
[2026-03-23T03:53:23.982+0000] {logging_mixin.py:188} INFO - [2026-03-23T03:53:23.981+0000] {dag.py:3834} INFO - Setting next_dagrun for example_weekday_branch_operator to 2026-03-22 00:00:00+00:00, run_after=2026-03-23 00:00:00+00:00
[2026-03-23T03:53:24.023+0000] {processor.py:183} INFO - Processing /home/airflow/.local/lib/python3.8/site-packages/airflow/example_dags/example_branch_day_of_week_operator.py took 0.130 seconds
[2026-03-23T03:53:54.310+0000] {processor.py:161} INFO - Started process (PID=433) to work on /home/airflow/.local/lib/python3.8/site-packages/airflow/example_dags/example_branch_day_of_week_operator.py
[2026-03-23T03:53:54.311+0000] {processor.py:830} INFO - Processing file /home/airflow/.local/lib/python3.8/site-packages/airflow/example_dags/example_branch_day_of_week_operator.py for tasks to queue
[2026-03-23T03:53:54.314+0000] {logging_mixin.py:188} INFO - [2026-03-23T03:53:54.313+0000] {dagbag.py:540} INFO - Filling up the DagBag from /home/airflow/.local/lib/python3.8/site-packages/airflow/example_dags/example_branch_day_of_week_operator.py
[2026-03-23T03:53:54.322+0000] {processor.py:840} INFO - DAG(s) 'example_weekday_branch_operator' retrieved from /home/airflow/.local/lib/python3.8/site-packages/airflow/example_dags/example_branch_day_of_week_operator.py
[2026-03-23T03:53:54.349+0000] {logging_mixin.py:188} INFO - [2026-03-23T03:53:54.349+0000] {dag.py:3047} INFO - Sync 1 DAGs
[2026-03-23T03:53:54.376+0000] {logging_mixin.py:188} INFO - [2026-03-23T03:53:54.376+0000] {dag.py:3834} INFO - Setting next_dagrun for example_weekday_branch_operator to 2026-03-22 00:00:00+00:00, run_after=2026-03-23 00:00:00+00:00
[2026-03-23T03:53:54.397+0000] {processor.py:183} INFO - Processing /home/airflow/.local/lib/python3.8/site-packages/airflow/example_dags/example_branch_day_of_week_operator.py took 0.090 seconds
[2026-03-23T03:54:24.609+0000] {processor.py:161} INFO - Started process (PID=488) to work on /home/airflow/.local/lib/python3.8/site-packages/airflow/example_dags/example_branch_day_of_week_operator.py
[2026-03-23T03:54:24.610+0000] {processor.py:830} INFO - Processing file /home/airflow/.local/lib/python3.8/site-packages/airflow/example_dags/example_branch_day_of_week_operator.py for tasks to queue
[2026-03-23T03:54:24.612+0000] {logging_mixin.py:188} INFO - [2026-03-23T03:54:24.612+0000] {dagbag.py:540} INFO - Filling up the DagBag from /home/airflow/.local/lib/python3.8/site-packages/airflow/example_dags/example_branch_day_of_week_operator.py
[2026-03-23T03:54:24.620+0000] {processor.py:840} INFO - DAG(s) 'example_weekday_branch_operator' retrieved from /home/airflow/.local/lib/python3.8/site-packages/airflow/example_dags/example_branch_day_of_week_operator.py
[2026-03-23T03:54:24.644+0000] {logging_mixin.py:188} INFO - [2026-03-23T03:54:24.644+0000] {dag.py:3047} INFO - Sync 1 DAGs
[2026-03-23T03:54:24.671+0000] {logging_mixin.py:188} INFO - [2026-03-23T03:54:24.671+0000] {dag.py:3834} INFO - Setting next_dagrun for example_weekday_branch_operator to 2026-03-22 00:00:00+00:00, run_after=2026-03-23 00:00:00+00:00
[2026-03-23T03:54:24.693+0000] {processor.py:183} INFO - Processing /home/airflow/.local/lib/python3.8/site-packages/airflow/example_dags/example_branch_day_of_week_operator.py took 0.087 seconds
[2026-03-23T03:54:55.012+0000] {processor.py:161} INFO - Started process (PID=543) to work on /home/airflow/.local/lib/python3.8/site-packages/airflow/example_dags/example_branch_day_of_week_operator.py
[2026-03-23T03:54:55.014+0000] {processor.py:830} INFO - Processing file /home/airflow/.local/lib/python3.8/site-packages/airflow/example_dags/example_branch_day_of_week_operator.py for tasks to queue
[2026-03-23T03:54:55.016+0000] {logging_mixin.py:188} INFO - [2026-03-23T03:54:55.016+0000] {dagbag.py:540} INFO - Filling up the DagBag from /home/airflow/.local/lib/python3.8/site-packages/airflow/example_dags/example_branch_day_of_week_operator.py
[2026-03-23T03:54:55.026+0000] {processor.py:840} INFO - DAG(s) 'example_weekday_branch_operator' retrieved from /home/airflow/.local/lib/python3.8/site-packages/airflow/example_dags/example_branch_day_of_week_operator.py
[2026-03-23T03:54:55.049+0000] {logging_mixin.py:188} INFO - [2026-03-23T03:54:55.048+0000] {dag.py:3047} INFO - Sync 1 DAGs
[2026-03-23T03:54:55.073+0000] {logging_mixin.py:188} INFO - [2026-03-23T03:54:55.073+0000] {dag.py:3834} INFO - Setting next_dagrun for example_weekday_branch_operator to 2026-03-22 00:00:00+00:00, run_after=2026-03-23 00:00:00+00:00
[2026-03-23T03:54:55.094+0000] {processor.py:183} INFO - Processing /home/airflow/.local/lib/python3.8/site-packages/airflow/example_dags/example_branch_day_of_week_operator.py took 0.085 seconds
[2026-03-23T03:55:25.202+0000] {processor.py:161} INFO - Started process (PID=598) to work on /home/airflow/.local/lib/python3.8/site-packages/airflow/example_dags/example_branch_day_of_week_operator.py
[2026-03-23T03:55:25.203+0000] {processor.py:830} INFO - Processing file /home/airflow/.local/lib/python3.8/site-packages/airflow/example_dags/example_branch_day_of_week_operator.py for tasks to queue
[2026-03-23T03:55:25.205+0000] {logging_mixin.py:188} INFO - [2026-03-23T03:55:25.205+0000] {dagbag.py:540} INFO - Filling up the DagBag from /home/airflow/.local/lib/python3.8/site-packages/airflow/example_dags/example_branch_day_of_week_operator.py
[2026-03-23T03:55:25.212+0000] {processor.py:840} INFO - DAG(s) 'example_weekday_branch_operator' retrieved from /home/airflow/.local/lib/python3.8/site-packages/airflow/example_dags/example_branch_day_of_week_operator.py
[2026-03-23T03:55:25.233+0000] {logging_mixin.py:188} INFO - [2026-03-23T03:55:25.233+0000] {dag.py:3047} INFO - Sync 1 DAGs
[2026-03-23T03:55:25.255+0000] {logging_mixin.py:188} INFO - [2026-03-23T03:55:25.255+0000] {dag.py:3834} INFO - Setting next_dagrun for example_weekday_branch_operator to 2026-03-22 00:00:00+00:00, run_after=2026-03-23 00:00:00+00:00
[2026-03-23T03:55:25.275+0000] {processor.py:183} INFO - Processing /home/airflow/.local/lib/python3.8/site-packages/airflow/example_dags/example_branch_day_of_week_operator.py took 0.076 seconds
[2026-03-23T03:55:55.473+0000] {processor.py:161} INFO - Started process (PID=653) to work on /home/airflow/.local/lib/python3.8/site-packages/airflow/example_dags/example_branch_day_of_week_operator.py
[2026-03-23T03:55:55.474+0000] {processor.py:830} INFO - Processing file /home/airflow/.local/lib/python3.8/site-packages/airflow/example_dags/example_branch_day_of_week_operator.py for tasks to queue
[2026-03-23T03:55:55.476+0000] {logging_mixin.py:188} INFO - [2026-03-23T03:55:55.476+0000] {dagbag.py:540} INFO - Filling up the DagBag from /home/airflow/.local/lib/python3.8/site-packages/airflow/example_dags/example_branch_day_of_week_operator.py
[2026-03-23T03:55:55.484+0000] {processor.py:840} INFO - DAG(s) 'example_weekday_branch_operator' retrieved from /home/airflow/.local/lib/python3.8/site-packages/airflow/example_dags/example_branch_day_of_week_operator.py
[2026-03-23T03:55:55.511+0000] {logging_mixin.py:188} INFO - [2026-03-23T03:55:55.511+0000] {dag.py:3047} INFO - Sync 1 DAGs
[2026-03-23T03:55:55.535+0000] {logging_mixin.py:188} INFO - [2026-03-23T03:55:55.535+0000] {dag.py:3834} INFO - Setting next_dagrun for example_weekday_branch_operator to 2026-03-22 00:00:00+00:00, run_after=2026-03-23 00:00:00+00:00
[2026-03-23T03:55:55.557+0000] {processor.py:183} INFO - Processing /home/airflow/.local/lib/python3.8/site-packages/airflow/example_dags/example_branch_day_of_week_operator.py took 0.087 seconds
[2026-03-23T03:56:25.800+0000] {processor.py:161} INFO - Started process (PID=708) to work on /home/airflow/.local/lib/python3.8/site-packages/airflow/example_dags/example_branch_day_of_week_operator.py
[2026-03-23T03:56:25.801+0000] {processor.py:830} INFO - Processing file /home/airflow/.local/lib/python3.8/site-packages/airflow/example_dags/example_branch_day_of_week_operator.py for tasks to queue
[2026-03-23T03:56:25.803+0000] {logging_mixin.py:188} INFO - [2026-03-23T03:56:25.802+0000] {dagbag.py:540} INFO - Filling up the DagBag from /home/airflow/.local/lib/python3.8/site-packages/airflow/example_dags/example_branch_day_of_week_operator.py
[2026-03-23T03:56:25.810+0000] {processor.py:840} INFO - DAG(s) 'example_weekday_branch_operator' retrieved from /home/airflow/.local/lib/python3.8/site-packages/airflow/example_dags/example_branch_day_of_week_operator.py
[2026-03-23T03:56:25.831+0000] {logging_mixin.py:188} INFO - [2026-03-23T03:56:25.831+0000] {dag.py:3047} INFO - Sync 1 DAGs
[2026-03-23T03:56:25.856+0000] {logging_mixin.py:188} INFO - [2026-03-23T03:56:25.855+0000] {dag.py:3834} INFO - Setting next_dagrun for example_weekday_branch_operator to 2026-03-22 00:00:00+00:00, run_after=2026-03-23 00:00:00+00:00
[2026-03-23T03:56:25.880+0000] {processor.py:183} INFO - Processing /home/airflow/.local/lib/python3.8/site-packages/airflow/example_dags/example_branch_day_of_week_operator.py took 0.084 seconds
