[2026-03-23T03:21:15.352+0000] {processor.py:161} INFO - Started process (PID=86) to work on /home/airflow/.local/lib/python3.8/site-packages/airflow/example_dags/example_short_circuit_decorator.py
[2026-03-23T03:21:15.353+0000] {processor.py:830} INFO - Processing file /home/airflow/.local/lib/python3.8/site-packages/airflow/example_dags/example_short_circuit_decorator.py for tasks to queue
[2026-03-23T03:21:15.356+0000] {logging_mixin.py:188} INFO - [2026-03-23T03:21:15.355+0000] {dagbag.py:540} INFO - Filling up the DagBag from /home/airflow/.local/lib/python3.8/site-packages/airflow/example_dags/example_short_circuit_decorator.py
[2026-03-23T03:21:15.372+0000] {processor.py:840} INFO - DAG(s) 'example_short_circuit_decorator' retrieved from /home/airflow/.local/lib/python3.8/site-packages/airflow/example_dags/example_short_circuit_decorator.py
[2026-03-23T03:21:15.393+0000] {logging_mixin.py:188} INFO - [2026-03-23T03:21:15.393+0000] {dag.py:3047} INFO - Sync 1 DAGs
[2026-03-23T03:21:15.429+0000] {logging_mixin.py:188} INFO - [2026-03-23T03:21:15.429+0000] {dag.py:3834} INFO - Setting next_dagrun for example_short_circuit_decorator to 2026-03-22 00:00:00+00:00, run_after=2026-03-23 00:00:00+00:00
[2026-03-23T03:21:15.458+0000] {processor.py:183} INFO - Processing /home/airflow/.local/lib/python3.8/site-packages/airflow/example_dags/example_short_circuit_decorator.py took 0.110 seconds
[2026-03-23T03:21:45.490+0000] {processor.py:161} INFO - Started process (PID=141) to work on /home/airflow/.local/lib/python3.8/site-packages/airflow/example_dags/example_short_circuit_decorator.py
[2026-03-23T03:21:45.491+0000] {processor.py:830} INFO - Processing file /home/airflow/.local/lib/python3.8/site-packages/airflow/example_dags/example_short_circuit_decorator.py for tasks to queue
[2026-03-23T03:21:45.493+0000] {logging_mixin.py:188} INFO - [2026-03-23T03:21:45.493+0000] {dagbag.py:540} INFO - Filling up the DagBag from /home/airflow/.local/lib/python3.8/site-packages/airflow/example_dags/example_short_circuit_decorator.py
[2026-03-23T03:21:45.503+0000] {processor.py:840} INFO - DAG(s) 'example_short_circuit_decorator' retrieved from /home/airflow/.local/lib/python3.8/site-packages/airflow/example_dags/example_short_circuit_decorator.py
[2026-03-23T03:21:45.514+0000] {logging_mixin.py:188} INFO - [2026-03-23T03:21:45.514+0000] {dag.py:3047} INFO - Sync 1 DAGs
[2026-03-23T03:21:45.540+0000] {logging_mixin.py:188} INFO - [2026-03-23T03:21:45.539+0000] {dag.py:3834} INFO - Setting next_dagrun for example_short_circuit_decorator to 2026-03-22 00:00:00+00:00, run_after=2026-03-23 00:00:00+00:00
[2026-03-23T03:21:45.562+0000] {processor.py:183} INFO - Processing /home/airflow/.local/lib/python3.8/site-packages/airflow/example_dags/example_short_circuit_decorator.py took 0.075 seconds
[2026-03-23T03:22:17.511+0000] {processor.py:161} INFO - Started process (PID=202) to work on /home/airflow/.local/lib/python3.8/site-packages/airflow/example_dags/example_short_circuit_decorator.py
[2026-03-23T03:22:17.512+0000] {processor.py:830} INFO - Processing file /home/airflow/.local/lib/python3.8/site-packages/airflow/example_dags/example_short_circuit_decorator.py for tasks to queue
[2026-03-23T03:22:17.515+0000] {logging_mixin.py:188} INFO - [2026-03-23T03:22:17.514+0000] {dagbag.py:540} INFO - Filling up the DagBag from /home/airflow/.local/lib/python3.8/site-packages/airflow/example_dags/example_short_circuit_decorator.py
[2026-03-23T03:22:17.524+0000] {processor.py:840} INFO - DAG(s) 'example_short_circuit_decorator' retrieved from /home/airflow/.local/lib/python3.8/site-packages/airflow/example_dags/example_short_circuit_decorator.py
[2026-03-23T03:22:17.633+0000] {logging_mixin.py:188} INFO - [2026-03-23T03:22:17.633+0000] {dag.py:3047} INFO - Sync 1 DAGs
[2026-03-23T03:22:17.655+0000] {logging_mixin.py:188} INFO - [2026-03-23T03:22:17.655+0000] {dag.py:3834} INFO - Setting next_dagrun for example_short_circuit_decorator to 2026-03-22 00:00:00+00:00, run_after=2026-03-23 00:00:00+00:00
[2026-03-23T03:22:17.676+0000] {processor.py:183} INFO - Processing /home/airflow/.local/lib/python3.8/site-packages/airflow/example_dags/example_short_circuit_decorator.py took 0.169 seconds
[2026-03-23T03:22:48.169+0000] {processor.py:161} INFO - Started process (PID=257) to work on /home/airflow/.local/lib/python3.8/site-packages/airflow/example_dags/example_short_circuit_decorator.py
[2026-03-23T03:22:48.171+0000] {processor.py:830} INFO - Processing file /home/airflow/.local/lib/python3.8/site-packages/airflow/example_dags/example_short_circuit_decorator.py for tasks to queue
[2026-03-23T03:22:48.173+0000] {logging_mixin.py:188} INFO - [2026-03-23T03:22:48.172+0000] {dagbag.py:540} INFO - Filling up the DagBag from /home/airflow/.local/lib/python3.8/site-packages/airflow/example_dags/example_short_circuit_decorator.py
[2026-03-23T03:22:48.182+0000] {processor.py:840} INFO - DAG(s) 'example_short_circuit_decorator' retrieved from /home/airflow/.local/lib/python3.8/site-packages/airflow/example_dags/example_short_circuit_decorator.py
[2026-03-23T03:22:48.207+0000] {logging_mixin.py:188} INFO - [2026-03-23T03:22:48.207+0000] {dag.py:3047} INFO - Sync 1 DAGs
[2026-03-23T03:22:48.231+0000] {logging_mixin.py:188} INFO - [2026-03-23T03:22:48.231+0000] {dag.py:3834} INFO - Setting next_dagrun for example_short_circuit_decorator to 2026-03-22 00:00:00+00:00, run_after=2026-03-23 00:00:00+00:00
[2026-03-23T03:22:48.254+0000] {processor.py:183} INFO - Processing /home/airflow/.local/lib/python3.8/site-packages/airflow/example_dags/example_short_circuit_decorator.py took 0.087 seconds
[2026-03-23T03:23:19.176+0000] {processor.py:161} INFO - Started process (PID=312) to work on /home/airflow/.local/lib/python3.8/site-packages/airflow/example_dags/example_short_circuit_decorator.py
[2026-03-23T03:23:19.177+0000] {processor.py:830} INFO - Processing file /home/airflow/.local/lib/python3.8/site-packages/airflow/example_dags/example_short_circuit_decorator.py for tasks to queue
[2026-03-23T03:23:19.179+0000] {logging_mixin.py:188} INFO - [2026-03-23T03:23:19.179+0000] {dagbag.py:540} INFO - Filling up the DagBag from /home/airflow/.local/lib/python3.8/site-packages/airflow/example_dags/example_short_circuit_decorator.py
[2026-03-23T03:23:19.187+0000] {processor.py:840} INFO - DAG(s) 'example_short_circuit_decorator' retrieved from /home/airflow/.local/lib/python3.8/site-packages/airflow/example_dags/example_short_circuit_decorator.py
[2026-03-23T03:23:19.212+0000] {logging_mixin.py:188} INFO - [2026-03-23T03:23:19.211+0000] {dag.py:3047} INFO - Sync 1 DAGs
[2026-03-23T03:23:19.234+0000] {logging_mixin.py:188} INFO - [2026-03-23T03:23:19.234+0000] {dag.py:3834} INFO - Setting next_dagrun for example_short_circuit_decorator to 2026-03-22 00:00:00+00:00, run_after=2026-03-23 00:00:00+00:00
[2026-03-23T03:23:19.255+0000] {processor.py:183} INFO - Processing /home/airflow/.local/lib/python3.8/site-packages/airflow/example_dags/example_short_circuit_decorator.py took 0.083 seconds
[2026-03-23T03:25:09.617+0000] {processor.py:161} INFO - Started process (PID=86) to work on /home/airflow/.local/lib/python3.8/site-packages/airflow/example_dags/example_short_circuit_decorator.py
[2026-03-23T03:25:09.619+0000] {processor.py:830} INFO - Processing file /home/airflow/.local/lib/python3.8/site-packages/airflow/example_dags/example_short_circuit_decorator.py for tasks to queue
[2026-03-23T03:25:09.623+0000] {logging_mixin.py:188} INFO - [2026-03-23T03:25:09.622+0000] {dagbag.py:540} INFO - Filling up the DagBag from /home/airflow/.local/lib/python3.8/site-packages/airflow/example_dags/example_short_circuit_decorator.py
[2026-03-23T03:25:09.645+0000] {processor.py:840} INFO - DAG(s) 'example_short_circuit_decorator' retrieved from /home/airflow/.local/lib/python3.8/site-packages/airflow/example_dags/example_short_circuit_decorator.py
[2026-03-23T03:25:09.672+0000] {logging_mixin.py:188} INFO - [2026-03-23T03:25:09.671+0000] {dag.py:3047} INFO - Sync 1 DAGs
[2026-03-23T03:25:09.714+0000] {logging_mixin.py:188} INFO - [2026-03-23T03:25:09.714+0000] {dag.py:3834} INFO - Setting next_dagrun for example_short_circuit_decorator to 2026-03-22 00:00:00+00:00, run_after=2026-03-23 00:00:00+00:00
[2026-03-23T03:25:09.760+0000] {processor.py:183} INFO - Processing /home/airflow/.local/lib/python3.8/site-packages/airflow/example_dags/example_short_circuit_decorator.py took 0.150 seconds
[2026-03-23T03:25:41.532+0000] {processor.py:161} INFO - Started process (PID=141) to work on /home/airflow/.local/lib/python3.8/site-packages/airflow/example_dags/example_short_circuit_decorator.py
[2026-03-23T03:25:41.533+0000] {processor.py:830} INFO - Processing file /home/airflow/.local/lib/python3.8/site-packages/airflow/example_dags/example_short_circuit_decorator.py for tasks to queue
[2026-03-23T03:25:41.535+0000] {logging_mixin.py:188} INFO - [2026-03-23T03:25:41.534+0000] {dagbag.py:540} INFO - Filling up the DagBag from /home/airflow/.local/lib/python3.8/site-packages/airflow/example_dags/example_short_circuit_decorator.py
[2026-03-23T03:25:41.545+0000] {processor.py:840} INFO - DAG(s) 'example_short_circuit_decorator' retrieved from /home/airflow/.local/lib/python3.8/site-packages/airflow/example_dags/example_short_circuit_decorator.py
[2026-03-23T03:25:41.660+0000] {logging_mixin.py:188} INFO - [2026-03-23T03:25:41.660+0000] {dag.py:3047} INFO - Sync 1 DAGs
[2026-03-23T03:25:41.681+0000] {logging_mixin.py:188} INFO - [2026-03-23T03:25:41.681+0000] {dag.py:3834} INFO - Setting next_dagrun for example_short_circuit_decorator to 2026-03-22 00:00:00+00:00, run_after=2026-03-23 00:00:00+00:00
[2026-03-23T03:25:41.705+0000] {processor.py:183} INFO - Processing /home/airflow/.local/lib/python3.8/site-packages/airflow/example_dags/example_short_circuit_decorator.py took 0.177 seconds
[2026-03-23T03:26:12.529+0000] {processor.py:161} INFO - Started process (PID=202) to work on /home/airflow/.local/lib/python3.8/site-packages/airflow/example_dags/example_short_circuit_decorator.py
[2026-03-23T03:26:12.530+0000] {processor.py:830} INFO - Processing file /home/airflow/.local/lib/python3.8/site-packages/airflow/example_dags/example_short_circuit_decorator.py for tasks to queue
[2026-03-23T03:26:12.532+0000] {logging_mixin.py:188} INFO - [2026-03-23T03:26:12.532+0000] {dagbag.py:540} INFO - Filling up the DagBag from /home/airflow/.local/lib/python3.8/site-packages/airflow/example_dags/example_short_circuit_decorator.py
[2026-03-23T03:26:12.541+0000] {processor.py:840} INFO - DAG(s) 'example_short_circuit_decorator' retrieved from /home/airflow/.local/lib/python3.8/site-packages/airflow/example_dags/example_short_circuit_decorator.py
[2026-03-23T03:26:12.566+0000] {logging_mixin.py:188} INFO - [2026-03-23T03:26:12.566+0000] {dag.py:3047} INFO - Sync 1 DAGs
[2026-03-23T03:26:12.591+0000] {logging_mixin.py:188} INFO - [2026-03-23T03:26:12.590+0000] {dag.py:3834} INFO - Setting next_dagrun for example_short_circuit_decorator to 2026-03-22 00:00:00+00:00, run_after=2026-03-23 00:00:00+00:00
[2026-03-23T03:26:12.623+0000] {processor.py:183} INFO - Processing /home/airflow/.local/lib/python3.8/site-packages/airflow/example_dags/example_short_circuit_decorator.py took 0.098 seconds
[2026-03-23T03:26:43.616+0000] {processor.py:161} INFO - Started process (PID=257) to work on /home/airflow/.local/lib/python3.8/site-packages/airflow/example_dags/example_short_circuit_decorator.py
[2026-03-23T03:26:43.618+0000] {processor.py:830} INFO - Processing file /home/airflow/.local/lib/python3.8/site-packages/airflow/example_dags/example_short_circuit_decorator.py for tasks to queue
[2026-03-23T03:26:43.620+0000] {logging_mixin.py:188} INFO - [2026-03-23T03:26:43.620+0000] {dagbag.py:540} INFO - Filling up the DagBag from /home/airflow/.local/lib/python3.8/site-packages/airflow/example_dags/example_short_circuit_decorator.py
[2026-03-23T03:26:43.630+0000] {processor.py:840} INFO - DAG(s) 'example_short_circuit_decorator' retrieved from /home/airflow/.local/lib/python3.8/site-packages/airflow/example_dags/example_short_circuit_decorator.py
[2026-03-23T03:26:43.656+0000] {logging_mixin.py:188} INFO - [2026-03-23T03:26:43.656+0000] {dag.py:3047} INFO - Sync 1 DAGs
[2026-03-23T03:26:43.684+0000] {logging_mixin.py:188} INFO - [2026-03-23T03:26:43.684+0000] {dag.py:3834} INFO - Setting next_dagrun for example_short_circuit_decorator to 2026-03-22 00:00:00+00:00, run_after=2026-03-23 00:00:00+00:00
[2026-03-23T03:26:43.711+0000] {processor.py:183} INFO - Processing /home/airflow/.local/lib/python3.8/site-packages/airflow/example_dags/example_short_circuit_decorator.py took 0.098 seconds
[2026-03-23T03:27:14.022+0000] {processor.py:161} INFO - Started process (PID=312) to work on /home/airflow/.local/lib/python3.8/site-packages/airflow/example_dags/example_short_circuit_decorator.py
[2026-03-23T03:27:14.023+0000] {processor.py:830} INFO - Processing file /home/airflow/.local/lib/python3.8/site-packages/airflow/example_dags/example_short_circuit_decorator.py for tasks to queue
[2026-03-23T03:27:14.024+0000] {logging_mixin.py:188} INFO - [2026-03-23T03:27:14.024+0000] {dagbag.py:540} INFO - Filling up the DagBag from /home/airflow/.local/lib/python3.8/site-packages/airflow/example_dags/example_short_circuit_decorator.py
[2026-03-23T03:27:14.032+0000] {processor.py:840} INFO - DAG(s) 'example_short_circuit_decorator' retrieved from /home/airflow/.local/lib/python3.8/site-packages/airflow/example_dags/example_short_circuit_decorator.py
[2026-03-23T03:27:14.052+0000] {logging_mixin.py:188} INFO - [2026-03-23T03:27:14.052+0000] {dag.py:3047} INFO - Sync 1 DAGs
[2026-03-23T03:27:14.072+0000] {logging_mixin.py:188} INFO - [2026-03-23T03:27:14.072+0000] {dag.py:3834} INFO - Setting next_dagrun for example_short_circuit_decorator to 2026-03-22 00:00:00+00:00, run_after=2026-03-23 00:00:00+00:00
[2026-03-23T03:27:14.091+0000] {processor.py:183} INFO - Processing /home/airflow/.local/lib/python3.8/site-packages/airflow/example_dags/example_short_circuit_decorator.py took 0.072 seconds
[2026-03-23T03:27:44.249+0000] {processor.py:161} INFO - Started process (PID=367) to work on /home/airflow/.local/lib/python3.8/site-packages/airflow/example_dags/example_short_circuit_decorator.py
[2026-03-23T03:27:44.251+0000] {processor.py:830} INFO - Processing file /home/airflow/.local/lib/python3.8/site-packages/airflow/example_dags/example_short_circuit_decorator.py for tasks to queue
[2026-03-23T03:27:44.253+0000] {logging_mixin.py:188} INFO - [2026-03-23T03:27:44.253+0000] {dagbag.py:540} INFO - Filling up the DagBag from /home/airflow/.local/lib/python3.8/site-packages/airflow/example_dags/example_short_circuit_decorator.py
[2026-03-23T03:27:44.262+0000] {processor.py:840} INFO - DAG(s) 'example_short_circuit_decorator' retrieved from /home/airflow/.local/lib/python3.8/site-packages/airflow/example_dags/example_short_circuit_decorator.py
[2026-03-23T03:27:44.287+0000] {logging_mixin.py:188} INFO - [2026-03-23T03:27:44.287+0000] {dag.py:3047} INFO - Sync 1 DAGs
[2026-03-23T03:27:44.308+0000] {logging_mixin.py:188} INFO - [2026-03-23T03:27:44.308+0000] {dag.py:3834} INFO - Setting next_dagrun for example_short_circuit_decorator to 2026-03-22 00:00:00+00:00, run_after=2026-03-23 00:00:00+00:00
[2026-03-23T03:27:44.329+0000] {processor.py:183} INFO - Processing /home/airflow/.local/lib/python3.8/site-packages/airflow/example_dags/example_short_circuit_decorator.py took 0.084 seconds
[2026-03-23T03:28:14.540+0000] {processor.py:161} INFO - Started process (PID=422) to work on /home/airflow/.local/lib/python3.8/site-packages/airflow/example_dags/example_short_circuit_decorator.py
[2026-03-23T03:28:14.542+0000] {processor.py:830} INFO - Processing file /home/airflow/.local/lib/python3.8/site-packages/airflow/example_dags/example_short_circuit_decorator.py for tasks to queue
[2026-03-23T03:28:14.543+0000] {logging_mixin.py:188} INFO - [2026-03-23T03:28:14.543+0000] {dagbag.py:540} INFO - Filling up the DagBag from /home/airflow/.local/lib/python3.8/site-packages/airflow/example_dags/example_short_circuit_decorator.py
[2026-03-23T03:28:14.551+0000] {processor.py:840} INFO - DAG(s) 'example_short_circuit_decorator' retrieved from /home/airflow/.local/lib/python3.8/site-packages/airflow/example_dags/example_short_circuit_decorator.py
[2026-03-23T03:28:14.572+0000] {logging_mixin.py:188} INFO - [2026-03-23T03:28:14.572+0000] {dag.py:3047} INFO - Sync 1 DAGs
[2026-03-23T03:28:14.590+0000] {logging_mixin.py:188} INFO - [2026-03-23T03:28:14.590+0000] {dag.py:3834} INFO - Setting next_dagrun for example_short_circuit_decorator to 2026-03-22 00:00:00+00:00, run_after=2026-03-23 00:00:00+00:00
[2026-03-23T03:28:14.611+0000] {processor.py:183} INFO - Processing /home/airflow/.local/lib/python3.8/site-packages/airflow/example_dags/example_short_circuit_decorator.py took 0.073 seconds
[2026-03-23T03:28:45.010+0000] {processor.py:161} INFO - Started process (PID=477) to work on /home/airflow/.local/lib/python3.8/site-packages/airflow/example_dags/example_short_circuit_decorator.py
[2026-03-23T03:28:45.011+0000] {processor.py:830} INFO - Processing file /home/airflow/.local/lib/python3.8/site-packages/airflow/example_dags/example_short_circuit_decorator.py for tasks to queue
[2026-03-23T03:28:45.013+0000] {logging_mixin.py:188} INFO - [2026-03-23T03:28:45.012+0000] {dagbag.py:540} INFO - Filling up the DagBag from /home/airflow/.local/lib/python3.8/site-packages/airflow/example_dags/example_short_circuit_decorator.py
[2026-03-23T03:28:45.020+0000] {processor.py:840} INFO - DAG(s) 'example_short_circuit_decorator' retrieved from /home/airflow/.local/lib/python3.8/site-packages/airflow/example_dags/example_short_circuit_decorator.py
[2026-03-23T03:28:45.041+0000] {logging_mixin.py:188} INFO - [2026-03-23T03:28:45.041+0000] {dag.py:3047} INFO - Sync 1 DAGs
[2026-03-23T03:28:45.061+0000] {logging_mixin.py:188} INFO - [2026-03-23T03:28:45.061+0000] {dag.py:3834} INFO - Setting next_dagrun for example_short_circuit_decorator to 2026-03-22 00:00:00+00:00, run_after=2026-03-23 00:00:00+00:00
[2026-03-23T03:28:45.084+0000] {processor.py:183} INFO - Processing /home/airflow/.local/lib/python3.8/site-packages/airflow/example_dags/example_short_circuit_decorator.py took 0.076 seconds
[2026-03-23T03:29:15.505+0000] {processor.py:161} INFO - Started process (PID=532) to work on /home/airflow/.local/lib/python3.8/site-packages/airflow/example_dags/example_short_circuit_decorator.py
[2026-03-23T03:29:15.507+0000] {processor.py:830} INFO - Processing file /home/airflow/.local/lib/python3.8/site-packages/airflow/example_dags/example_short_circuit_decorator.py for tasks to queue
[2026-03-23T03:29:15.510+0000] {logging_mixin.py:188} INFO - [2026-03-23T03:29:15.510+0000] {dagbag.py:540} INFO - Filling up the DagBag from /home/airflow/.local/lib/python3.8/site-packages/airflow/example_dags/example_short_circuit_decorator.py
[2026-03-23T03:29:15.519+0000] {processor.py:840} INFO - DAG(s) 'example_short_circuit_decorator' retrieved from /home/airflow/.local/lib/python3.8/site-packages/airflow/example_dags/example_short_circuit_decorator.py
[2026-03-23T03:29:15.547+0000] {logging_mixin.py:188} INFO - [2026-03-23T03:29:15.547+0000] {dag.py:3047} INFO - Sync 1 DAGs
[2026-03-23T03:29:15.570+0000] {logging_mixin.py:188} INFO - [2026-03-23T03:29:15.570+0000] {dag.py:3834} INFO - Setting next_dagrun for example_short_circuit_decorator to 2026-03-22 00:00:00+00:00, run_after=2026-03-23 00:00:00+00:00
[2026-03-23T03:29:15.592+0000] {processor.py:183} INFO - Processing /home/airflow/.local/lib/python3.8/site-packages/airflow/example_dags/example_short_circuit_decorator.py took 0.090 seconds
[2026-03-23T03:29:45.634+0000] {processor.py:161} INFO - Started process (PID=587) to work on /home/airflow/.local/lib/python3.8/site-packages/airflow/example_dags/example_short_circuit_decorator.py
[2026-03-23T03:29:45.635+0000] {processor.py:830} INFO - Processing file /home/airflow/.local/lib/python3.8/site-packages/airflow/example_dags/example_short_circuit_decorator.py for tasks to queue
[2026-03-23T03:29:45.637+0000] {logging_mixin.py:188} INFO - [2026-03-23T03:29:45.636+0000] {dagbag.py:540} INFO - Filling up the DagBag from /home/airflow/.local/lib/python3.8/site-packages/airflow/example_dags/example_short_circuit_decorator.py
[2026-03-23T03:29:45.645+0000] {processor.py:840} INFO - DAG(s) 'example_short_circuit_decorator' retrieved from /home/airflow/.local/lib/python3.8/site-packages/airflow/example_dags/example_short_circuit_decorator.py
[2026-03-23T03:29:45.669+0000] {logging_mixin.py:188} INFO - [2026-03-23T03:29:45.669+0000] {dag.py:3047} INFO - Sync 1 DAGs
[2026-03-23T03:29:45.692+0000] {logging_mixin.py:188} INFO - [2026-03-23T03:29:45.692+0000] {dag.py:3834} INFO - Setting next_dagrun for example_short_circuit_decorator to 2026-03-22 00:00:00+00:00, run_after=2026-03-23 00:00:00+00:00
[2026-03-23T03:29:45.712+0000] {processor.py:183} INFO - Processing /home/airflow/.local/lib/python3.8/site-packages/airflow/example_dags/example_short_circuit_decorator.py took 0.081 seconds
[2026-03-23T03:30:16.135+0000] {processor.py:161} INFO - Started process (PID=642) to work on /home/airflow/.local/lib/python3.8/site-packages/airflow/example_dags/example_short_circuit_decorator.py
[2026-03-23T03:30:16.137+0000] {processor.py:830} INFO - Processing file /home/airflow/.local/lib/python3.8/site-packages/airflow/example_dags/example_short_circuit_decorator.py for tasks to queue
[2026-03-23T03:30:16.139+0000] {logging_mixin.py:188} INFO - [2026-03-23T03:30:16.139+0000] {dagbag.py:540} INFO - Filling up the DagBag from /home/airflow/.local/lib/python3.8/site-packages/airflow/example_dags/example_short_circuit_decorator.py
[2026-03-23T03:30:16.148+0000] {processor.py:840} INFO - DAG(s) 'example_short_circuit_decorator' retrieved from /home/airflow/.local/lib/python3.8/site-packages/airflow/example_dags/example_short_circuit_decorator.py
[2026-03-23T03:30:16.174+0000] {logging_mixin.py:188} INFO - [2026-03-23T03:30:16.173+0000] {dag.py:3047} INFO - Sync 1 DAGs
[2026-03-23T03:30:16.196+0000] {logging_mixin.py:188} INFO - [2026-03-23T03:30:16.196+0000] {dag.py:3834} INFO - Setting next_dagrun for example_short_circuit_decorator to 2026-03-22 00:00:00+00:00, run_after=2026-03-23 00:00:00+00:00
[2026-03-23T03:30:16.217+0000] {processor.py:183} INFO - Processing /home/airflow/.local/lib/python3.8/site-packages/airflow/example_dags/example_short_circuit_decorator.py took 0.085 seconds
[2026-03-23T03:30:46.274+0000] {processor.py:161} INFO - Started process (PID=697) to work on /home/airflow/.local/lib/python3.8/site-packages/airflow/example_dags/example_short_circuit_decorator.py
[2026-03-23T03:30:46.275+0000] {processor.py:830} INFO - Processing file /home/airflow/.local/lib/python3.8/site-packages/airflow/example_dags/example_short_circuit_decorator.py for tasks to queue
[2026-03-23T03:30:46.277+0000] {logging_mixin.py:188} INFO - [2026-03-23T03:30:46.277+0000] {dagbag.py:540} INFO - Filling up the DagBag from /home/airflow/.local/lib/python3.8/site-packages/airflow/example_dags/example_short_circuit_decorator.py
[2026-03-23T03:30:46.286+0000] {processor.py:840} INFO - DAG(s) 'example_short_circuit_decorator' retrieved from /home/airflow/.local/lib/python3.8/site-packages/airflow/example_dags/example_short_circuit_decorator.py
[2026-03-23T03:30:46.308+0000] {logging_mixin.py:188} INFO - [2026-03-23T03:30:46.307+0000] {dag.py:3047} INFO - Sync 1 DAGs
[2026-03-23T03:30:46.328+0000] {logging_mixin.py:188} INFO - [2026-03-23T03:30:46.328+0000] {dag.py:3834} INFO - Setting next_dagrun for example_short_circuit_decorator to 2026-03-22 00:00:00+00:00, run_after=2026-03-23 00:00:00+00:00
[2026-03-23T03:30:46.349+0000] {processor.py:183} INFO - Processing /home/airflow/.local/lib/python3.8/site-packages/airflow/example_dags/example_short_circuit_decorator.py took 0.077 seconds
[2026-03-23T03:31:16.443+0000] {processor.py:161} INFO - Started process (PID=752) to work on /home/airflow/.local/lib/python3.8/site-packages/airflow/example_dags/example_short_circuit_decorator.py
[2026-03-23T03:31:16.444+0000] {processor.py:830} INFO - Processing file /home/airflow/.local/lib/python3.8/site-packages/airflow/example_dags/example_short_circuit_decorator.py for tasks to queue
[2026-03-23T03:31:16.446+0000] {logging_mixin.py:188} INFO - [2026-03-23T03:31:16.446+0000] {dagbag.py:540} INFO - Filling up the DagBag from /home/airflow/.local/lib/python3.8/site-packages/airflow/example_dags/example_short_circuit_decorator.py
[2026-03-23T03:31:16.456+0000] {processor.py:840} INFO - DAG(s) 'example_short_circuit_decorator' retrieved from /home/airflow/.local/lib/python3.8/site-packages/airflow/example_dags/example_short_circuit_decorator.py
[2026-03-23T03:31:16.479+0000] {logging_mixin.py:188} INFO - [2026-03-23T03:31:16.479+0000] {dag.py:3047} INFO - Sync 1 DAGs
[2026-03-23T03:31:16.499+0000] {logging_mixin.py:188} INFO - [2026-03-23T03:31:16.498+0000] {dag.py:3834} INFO - Setting next_dagrun for example_short_circuit_decorator to 2026-03-22 00:00:00+00:00, run_after=2026-03-23 00:00:00+00:00
[2026-03-23T03:31:16.517+0000] {processor.py:183} INFO - Processing /home/airflow/.local/lib/python3.8/site-packages/airflow/example_dags/example_short_circuit_decorator.py took 0.077 seconds
[2026-03-23T03:31:47.073+0000] {processor.py:161} INFO - Started process (PID=807) to work on /home/airflow/.local/lib/python3.8/site-packages/airflow/example_dags/example_short_circuit_decorator.py
[2026-03-23T03:31:47.074+0000] {processor.py:830} INFO - Processing file /home/airflow/.local/lib/python3.8/site-packages/airflow/example_dags/example_short_circuit_decorator.py for tasks to queue
[2026-03-23T03:31:47.077+0000] {logging_mixin.py:188} INFO - [2026-03-23T03:31:47.076+0000] {dagbag.py:540} INFO - Filling up the DagBag from /home/airflow/.local/lib/python3.8/site-packages/airflow/example_dags/example_short_circuit_decorator.py
[2026-03-23T03:31:47.085+0000] {processor.py:840} INFO - DAG(s) 'example_short_circuit_decorator' retrieved from /home/airflow/.local/lib/python3.8/site-packages/airflow/example_dags/example_short_circuit_decorator.py
[2026-03-23T03:31:47.106+0000] {logging_mixin.py:188} INFO - [2026-03-23T03:31:47.106+0000] {dag.py:3047} INFO - Sync 1 DAGs
[2026-03-23T03:31:47.127+0000] {logging_mixin.py:188} INFO - [2026-03-23T03:31:47.127+0000] {dag.py:3834} INFO - Setting next_dagrun for example_short_circuit_decorator to 2026-03-22 00:00:00+00:00, run_after=2026-03-23 00:00:00+00:00
[2026-03-23T03:31:47.147+0000] {processor.py:183} INFO - Processing /home/airflow/.local/lib/python3.8/site-packages/airflow/example_dags/example_short_circuit_decorator.py took 0.076 seconds
[2026-03-23T03:32:17.855+0000] {processor.py:161} INFO - Started process (PID=862) to work on /home/airflow/.local/lib/python3.8/site-packages/airflow/example_dags/example_short_circuit_decorator.py
[2026-03-23T03:32:17.856+0000] {processor.py:830} INFO - Processing file /home/airflow/.local/lib/python3.8/site-packages/airflow/example_dags/example_short_circuit_decorator.py for tasks to queue
[2026-03-23T03:32:17.858+0000] {logging_mixin.py:188} INFO - [2026-03-23T03:32:17.858+0000] {dagbag.py:540} INFO - Filling up the DagBag from /home/airflow/.local/lib/python3.8/site-packages/airflow/example_dags/example_short_circuit_decorator.py
[2026-03-23T03:32:17.867+0000] {processor.py:840} INFO - DAG(s) 'example_short_circuit_decorator' retrieved from /home/airflow/.local/lib/python3.8/site-packages/airflow/example_dags/example_short_circuit_decorator.py
[2026-03-23T03:32:17.890+0000] {logging_mixin.py:188} INFO - [2026-03-23T03:32:17.890+0000] {dag.py:3047} INFO - Sync 1 DAGs
[2026-03-23T03:32:17.911+0000] {logging_mixin.py:188} INFO - [2026-03-23T03:32:17.910+0000] {dag.py:3834} INFO - Setting next_dagrun for example_short_circuit_decorator to 2026-03-22 00:00:00+00:00, run_after=2026-03-23 00:00:00+00:00
[2026-03-23T03:32:17.936+0000] {processor.py:183} INFO - Processing /home/airflow/.local/lib/python3.8/site-packages/airflow/example_dags/example_short_circuit_decorator.py took 0.084 seconds
[2026-03-23T03:32:48.871+0000] {processor.py:161} INFO - Started process (PID=917) to work on /home/airflow/.local/lib/python3.8/site-packages/airflow/example_dags/example_short_circuit_decorator.py
[2026-03-23T03:32:48.872+0000] {processor.py:830} INFO - Processing file /home/airflow/.local/lib/python3.8/site-packages/airflow/example_dags/example_short_circuit_decorator.py for tasks to queue
[2026-03-23T03:32:48.874+0000] {logging_mixin.py:188} INFO - [2026-03-23T03:32:48.874+0000] {dagbag.py:540} INFO - Filling up the DagBag from /home/airflow/.local/lib/python3.8/site-packages/airflow/example_dags/example_short_circuit_decorator.py
[2026-03-23T03:32:48.883+0000] {processor.py:840} INFO - DAG(s) 'example_short_circuit_decorator' retrieved from /home/airflow/.local/lib/python3.8/site-packages/airflow/example_dags/example_short_circuit_decorator.py
[2026-03-23T03:32:48.907+0000] {logging_mixin.py:188} INFO - [2026-03-23T03:32:48.907+0000] {dag.py:3047} INFO - Sync 1 DAGs
[2026-03-23T03:32:48.929+0000] {logging_mixin.py:188} INFO - [2026-03-23T03:32:48.929+0000] {dag.py:3834} INFO - Setting next_dagrun for example_short_circuit_decorator to 2026-03-22 00:00:00+00:00, run_after=2026-03-23 00:00:00+00:00
[2026-03-23T03:32:48.952+0000] {processor.py:183} INFO - Processing /home/airflow/.local/lib/python3.8/site-packages/airflow/example_dags/example_short_circuit_decorator.py took 0.084 seconds
[2026-03-23T03:33:19.034+0000] {processor.py:161} INFO - Started process (PID=972) to work on /home/airflow/.local/lib/python3.8/site-packages/airflow/example_dags/example_short_circuit_decorator.py
[2026-03-23T03:33:19.036+0000] {processor.py:830} INFO - Processing file /home/airflow/.local/lib/python3.8/site-packages/airflow/example_dags/example_short_circuit_decorator.py for tasks to queue
[2026-03-23T03:33:19.038+0000] {logging_mixin.py:188} INFO - [2026-03-23T03:33:19.037+0000] {dagbag.py:540} INFO - Filling up the DagBag from /home/airflow/.local/lib/python3.8/site-packages/airflow/example_dags/example_short_circuit_decorator.py
[2026-03-23T03:33:19.047+0000] {processor.py:840} INFO - DAG(s) 'example_short_circuit_decorator' retrieved from /home/airflow/.local/lib/python3.8/site-packages/airflow/example_dags/example_short_circuit_decorator.py
[2026-03-23T03:33:19.072+0000] {logging_mixin.py:188} INFO - [2026-03-23T03:33:19.072+0000] {dag.py:3047} INFO - Sync 1 DAGs
[2026-03-23T03:33:19.105+0000] {logging_mixin.py:188} INFO - [2026-03-23T03:33:19.105+0000] {dag.py:3834} INFO - Setting next_dagrun for example_short_circuit_decorator to 2026-03-22 00:00:00+00:00, run_after=2026-03-23 00:00:00+00:00
[2026-03-23T03:33:19.139+0000] {processor.py:183} INFO - Processing /home/airflow/.local/lib/python3.8/site-packages/airflow/example_dags/example_short_circuit_decorator.py took 0.108 seconds
[2026-03-23T03:33:49.226+0000] {processor.py:161} INFO - Started process (PID=1027) to work on /home/airflow/.local/lib/python3.8/site-packages/airflow/example_dags/example_short_circuit_decorator.py
[2026-03-23T03:33:49.227+0000] {processor.py:830} INFO - Processing file /home/airflow/.local/lib/python3.8/site-packages/airflow/example_dags/example_short_circuit_decorator.py for tasks to queue
[2026-03-23T03:33:49.230+0000] {logging_mixin.py:188} INFO - [2026-03-23T03:33:49.230+0000] {dagbag.py:540} INFO - Filling up the DagBag from /home/airflow/.local/lib/python3.8/site-packages/airflow/example_dags/example_short_circuit_decorator.py
[2026-03-23T03:33:49.241+0000] {processor.py:840} INFO - DAG(s) 'example_short_circuit_decorator' retrieved from /home/airflow/.local/lib/python3.8/site-packages/airflow/example_dags/example_short_circuit_decorator.py
[2026-03-23T03:33:49.268+0000] {logging_mixin.py:188} INFO - [2026-03-23T03:33:49.268+0000] {dag.py:3047} INFO - Sync 1 DAGs
[2026-03-23T03:33:49.293+0000] {logging_mixin.py:188} INFO - [2026-03-23T03:33:49.292+0000] {dag.py:3834} INFO - Setting next_dagrun for example_short_circuit_decorator to 2026-03-22 00:00:00+00:00, run_after=2026-03-23 00:00:00+00:00
[2026-03-23T03:33:49.321+0000] {processor.py:183} INFO - Processing /home/airflow/.local/lib/python3.8/site-packages/airflow/example_dags/example_short_circuit_decorator.py took 0.099 seconds
[2026-03-23T03:34:19.375+0000] {processor.py:161} INFO - Started process (PID=1082) to work on /home/airflow/.local/lib/python3.8/site-packages/airflow/example_dags/example_short_circuit_decorator.py
[2026-03-23T03:34:19.376+0000] {processor.py:830} INFO - Processing file /home/airflow/.local/lib/python3.8/site-packages/airflow/example_dags/example_short_circuit_decorator.py for tasks to queue
[2026-03-23T03:34:19.378+0000] {logging_mixin.py:188} INFO - [2026-03-23T03:34:19.378+0000] {dagbag.py:540} INFO - Filling up the DagBag from /home/airflow/.local/lib/python3.8/site-packages/airflow/example_dags/example_short_circuit_decorator.py
[2026-03-23T03:34:19.386+0000] {processor.py:840} INFO - DAG(s) 'example_short_circuit_decorator' retrieved from /home/airflow/.local/lib/python3.8/site-packages/airflow/example_dags/example_short_circuit_decorator.py
[2026-03-23T03:34:19.406+0000] {logging_mixin.py:188} INFO - [2026-03-23T03:34:19.406+0000] {dag.py:3047} INFO - Sync 1 DAGs
[2026-03-23T03:34:19.429+0000] {logging_mixin.py:188} INFO - [2026-03-23T03:34:19.428+0000] {dag.py:3834} INFO - Setting next_dagrun for example_short_circuit_decorator to 2026-03-22 00:00:00+00:00, run_after=2026-03-23 00:00:00+00:00
[2026-03-23T03:34:19.448+0000] {processor.py:183} INFO - Processing /home/airflow/.local/lib/python3.8/site-packages/airflow/example_dags/example_short_circuit_decorator.py took 0.076 seconds
[2026-03-23T03:34:49.622+0000] {processor.py:161} INFO - Started process (PID=1137) to work on /home/airflow/.local/lib/python3.8/site-packages/airflow/example_dags/example_short_circuit_decorator.py
[2026-03-23T03:34:49.623+0000] {processor.py:830} INFO - Processing file /home/airflow/.local/lib/python3.8/site-packages/airflow/example_dags/example_short_circuit_decorator.py for tasks to queue
[2026-03-23T03:34:49.625+0000] {logging_mixin.py:188} INFO - [2026-03-23T03:34:49.625+0000] {dagbag.py:540} INFO - Filling up the DagBag from /home/airflow/.local/lib/python3.8/site-packages/airflow/example_dags/example_short_circuit_decorator.py
[2026-03-23T03:34:49.633+0000] {processor.py:840} INFO - DAG(s) 'example_short_circuit_decorator' retrieved from /home/airflow/.local/lib/python3.8/site-packages/airflow/example_dags/example_short_circuit_decorator.py
[2026-03-23T03:34:49.654+0000] {logging_mixin.py:188} INFO - [2026-03-23T03:34:49.653+0000] {dag.py:3047} INFO - Sync 1 DAGs
[2026-03-23T03:34:49.675+0000] {logging_mixin.py:188} INFO - [2026-03-23T03:34:49.675+0000] {dag.py:3834} INFO - Setting next_dagrun for example_short_circuit_decorator to 2026-03-22 00:00:00+00:00, run_after=2026-03-23 00:00:00+00:00
[2026-03-23T03:34:49.702+0000] {processor.py:183} INFO - Processing /home/airflow/.local/lib/python3.8/site-packages/airflow/example_dags/example_short_circuit_decorator.py took 0.083 seconds
[2026-03-23T03:37:20.490+0000] {processor.py:161} INFO - Started process (PID=86) to work on /home/airflow/.local/lib/python3.8/site-packages/airflow/example_dags/example_short_circuit_decorator.py
[2026-03-23T03:37:20.492+0000] {processor.py:830} INFO - Processing file /home/airflow/.local/lib/python3.8/site-packages/airflow/example_dags/example_short_circuit_decorator.py for tasks to queue
[2026-03-23T03:37:20.494+0000] {logging_mixin.py:188} INFO - [2026-03-23T03:37:20.493+0000] {dagbag.py:540} INFO - Filling up the DagBag from /home/airflow/.local/lib/python3.8/site-packages/airflow/example_dags/example_short_circuit_decorator.py
[2026-03-23T03:37:20.504+0000] {processor.py:840} INFO - DAG(s) 'example_short_circuit_decorator' retrieved from /home/airflow/.local/lib/python3.8/site-packages/airflow/example_dags/example_short_circuit_decorator.py
[2026-03-23T03:37:20.520+0000] {logging_mixin.py:188} INFO - [2026-03-23T03:37:20.519+0000] {dag.py:3047} INFO - Sync 1 DAGs
[2026-03-23T03:37:20.547+0000] {logging_mixin.py:188} INFO - [2026-03-23T03:37:20.547+0000] {dag.py:3834} INFO - Setting next_dagrun for example_short_circuit_decorator to 2026-03-22 00:00:00+00:00, run_after=2026-03-23 00:00:00+00:00
[2026-03-23T03:37:20.575+0000] {processor.py:183} INFO - Processing /home/airflow/.local/lib/python3.8/site-packages/airflow/example_dags/example_short_circuit_decorator.py took 0.089 seconds
[2026-03-23T03:37:52.180+0000] {processor.py:161} INFO - Started process (PID=147) to work on /home/airflow/.local/lib/python3.8/site-packages/airflow/example_dags/example_short_circuit_decorator.py
[2026-03-23T03:37:52.181+0000] {processor.py:830} INFO - Processing file /home/airflow/.local/lib/python3.8/site-packages/airflow/example_dags/example_short_circuit_decorator.py for tasks to queue
[2026-03-23T03:37:52.183+0000] {logging_mixin.py:188} INFO - [2026-03-23T03:37:52.183+0000] {dagbag.py:540} INFO - Filling up the DagBag from /home/airflow/.local/lib/python3.8/site-packages/airflow/example_dags/example_short_circuit_decorator.py
[2026-03-23T03:37:52.193+0000] {processor.py:840} INFO - DAG(s) 'example_short_circuit_decorator' retrieved from /home/airflow/.local/lib/python3.8/site-packages/airflow/example_dags/example_short_circuit_decorator.py
[2026-03-23T03:37:52.300+0000] {logging_mixin.py:188} INFO - [2026-03-23T03:37:52.300+0000] {dag.py:3047} INFO - Sync 1 DAGs
[2026-03-23T03:37:52.322+0000] {logging_mixin.py:188} INFO - [2026-03-23T03:37:52.322+0000] {dag.py:3834} INFO - Setting next_dagrun for example_short_circuit_decorator to 2026-03-22 00:00:00+00:00, run_after=2026-03-23 00:00:00+00:00
[2026-03-23T03:37:52.346+0000] {processor.py:183} INFO - Processing /home/airflow/.local/lib/python3.8/site-packages/airflow/example_dags/example_short_circuit_decorator.py took 0.170 seconds
[2026-03-23T03:38:22.420+0000] {processor.py:161} INFO - Started process (PID=202) to work on /home/airflow/.local/lib/python3.8/site-packages/airflow/example_dags/example_short_circuit_decorator.py
[2026-03-23T03:38:22.421+0000] {processor.py:830} INFO - Processing file /home/airflow/.local/lib/python3.8/site-packages/airflow/example_dags/example_short_circuit_decorator.py for tasks to queue
[2026-03-23T03:38:22.423+0000] {logging_mixin.py:188} INFO - [2026-03-23T03:38:22.423+0000] {dagbag.py:540} INFO - Filling up the DagBag from /home/airflow/.local/lib/python3.8/site-packages/airflow/example_dags/example_short_circuit_decorator.py
[2026-03-23T03:38:22.431+0000] {processor.py:840} INFO - DAG(s) 'example_short_circuit_decorator' retrieved from /home/airflow/.local/lib/python3.8/site-packages/airflow/example_dags/example_short_circuit_decorator.py
[2026-03-23T03:38:22.453+0000] {logging_mixin.py:188} INFO - [2026-03-23T03:38:22.452+0000] {dag.py:3047} INFO - Sync 1 DAGs
[2026-03-23T03:38:22.473+0000] {logging_mixin.py:188} INFO - [2026-03-23T03:38:22.473+0000] {dag.py:3834} INFO - Setting next_dagrun for example_short_circuit_decorator to 2026-03-22 00:00:00+00:00, run_after=2026-03-23 00:00:00+00:00
[2026-03-23T03:38:22.491+0000] {processor.py:183} INFO - Processing /home/airflow/.local/lib/python3.8/site-packages/airflow/example_dags/example_short_circuit_decorator.py took 0.073 seconds
[2026-03-23T03:38:52.945+0000] {processor.py:161} INFO - Started process (PID=257) to work on /home/airflow/.local/lib/python3.8/site-packages/airflow/example_dags/example_short_circuit_decorator.py
[2026-03-23T03:38:52.947+0000] {processor.py:830} INFO - Processing file /home/airflow/.local/lib/python3.8/site-packages/airflow/example_dags/example_short_circuit_decorator.py for tasks to queue
[2026-03-23T03:38:52.949+0000] {logging_mixin.py:188} INFO - [2026-03-23T03:38:52.948+0000] {dagbag.py:540} INFO - Filling up the DagBag from /home/airflow/.local/lib/python3.8/site-packages/airflow/example_dags/example_short_circuit_decorator.py
[2026-03-23T03:38:52.958+0000] {processor.py:840} INFO - DAG(s) 'example_short_circuit_decorator' retrieved from /home/airflow/.local/lib/python3.8/site-packages/airflow/example_dags/example_short_circuit_decorator.py
[2026-03-23T03:38:52.987+0000] {logging_mixin.py:188} INFO - [2026-03-23T03:38:52.986+0000] {dag.py:3047} INFO - Sync 1 DAGs
[2026-03-23T03:38:53.012+0000] {logging_mixin.py:188} INFO - [2026-03-23T03:38:53.012+0000] {dag.py:3834} INFO - Setting next_dagrun for example_short_circuit_decorator to 2026-03-22 00:00:00+00:00, run_after=2026-03-23 00:00:00+00:00
[2026-03-23T03:38:53.036+0000] {processor.py:183} INFO - Processing /home/airflow/.local/lib/python3.8/site-packages/airflow/example_dags/example_short_circuit_decorator.py took 0.094 seconds
[2026-03-23T03:39:23.418+0000] {processor.py:161} INFO - Started process (PID=312) to work on /home/airflow/.local/lib/python3.8/site-packages/airflow/example_dags/example_short_circuit_decorator.py
[2026-03-23T03:39:23.419+0000] {processor.py:830} INFO - Processing file /home/airflow/.local/lib/python3.8/site-packages/airflow/example_dags/example_short_circuit_decorator.py for tasks to queue
[2026-03-23T03:39:23.421+0000] {logging_mixin.py:188} INFO - [2026-03-23T03:39:23.421+0000] {dagbag.py:540} INFO - Filling up the DagBag from /home/airflow/.local/lib/python3.8/site-packages/airflow/example_dags/example_short_circuit_decorator.py
[2026-03-23T03:39:23.428+0000] {processor.py:840} INFO - DAG(s) 'example_short_circuit_decorator' retrieved from /home/airflow/.local/lib/python3.8/site-packages/airflow/example_dags/example_short_circuit_decorator.py
[2026-03-23T03:39:23.450+0000] {logging_mixin.py:188} INFO - [2026-03-23T03:39:23.450+0000] {dag.py:3047} INFO - Sync 1 DAGs
[2026-03-23T03:39:23.470+0000] {logging_mixin.py:188} INFO - [2026-03-23T03:39:23.470+0000] {dag.py:3834} INFO - Setting next_dagrun for example_short_circuit_decorator to 2026-03-22 00:00:00+00:00, run_after=2026-03-23 00:00:00+00:00
[2026-03-23T03:39:23.491+0000] {processor.py:183} INFO - Processing /home/airflow/.local/lib/python3.8/site-packages/airflow/example_dags/example_short_circuit_decorator.py took 0.075 seconds
[2026-03-23T03:39:53.783+0000] {processor.py:161} INFO - Started process (PID=367) to work on /home/airflow/.local/lib/python3.8/site-packages/airflow/example_dags/example_short_circuit_decorator.py
[2026-03-23T03:39:53.784+0000] {processor.py:830} INFO - Processing file /home/airflow/.local/lib/python3.8/site-packages/airflow/example_dags/example_short_circuit_decorator.py for tasks to queue
[2026-03-23T03:39:53.786+0000] {logging_mixin.py:188} INFO - [2026-03-23T03:39:53.786+0000] {dagbag.py:540} INFO - Filling up the DagBag from /home/airflow/.local/lib/python3.8/site-packages/airflow/example_dags/example_short_circuit_decorator.py
[2026-03-23T03:39:53.795+0000] {processor.py:840} INFO - DAG(s) 'example_short_circuit_decorator' retrieved from /home/airflow/.local/lib/python3.8/site-packages/airflow/example_dags/example_short_circuit_decorator.py
[2026-03-23T03:39:53.818+0000] {logging_mixin.py:188} INFO - [2026-03-23T03:39:53.817+0000] {dag.py:3047} INFO - Sync 1 DAGs
[2026-03-23T03:39:53.841+0000] {logging_mixin.py:188} INFO - [2026-03-23T03:39:53.841+0000] {dag.py:3834} INFO - Setting next_dagrun for example_short_circuit_decorator to 2026-03-22 00:00:00+00:00, run_after=2026-03-23 00:00:00+00:00
[2026-03-23T03:39:53.865+0000] {processor.py:183} INFO - Processing /home/airflow/.local/lib/python3.8/site-packages/airflow/example_dags/example_short_circuit_decorator.py took 0.085 seconds
[2026-03-23T03:40:24.229+0000] {processor.py:161} INFO - Started process (PID=422) to work on /home/airflow/.local/lib/python3.8/site-packages/airflow/example_dags/example_short_circuit_decorator.py
[2026-03-23T03:40:24.230+0000] {processor.py:830} INFO - Processing file /home/airflow/.local/lib/python3.8/site-packages/airflow/example_dags/example_short_circuit_decorator.py for tasks to queue
[2026-03-23T03:40:24.233+0000] {logging_mixin.py:188} INFO - [2026-03-23T03:40:24.232+0000] {dagbag.py:540} INFO - Filling up the DagBag from /home/airflow/.local/lib/python3.8/site-packages/airflow/example_dags/example_short_circuit_decorator.py
[2026-03-23T03:40:24.241+0000] {processor.py:840} INFO - DAG(s) 'example_short_circuit_decorator' retrieved from /home/airflow/.local/lib/python3.8/site-packages/airflow/example_dags/example_short_circuit_decorator.py
[2026-03-23T03:40:24.264+0000] {logging_mixin.py:188} INFO - [2026-03-23T03:40:24.263+0000] {dag.py:3047} INFO - Sync 1 DAGs
[2026-03-23T03:40:24.285+0000] {logging_mixin.py:188} INFO - [2026-03-23T03:40:24.284+0000] {dag.py:3834} INFO - Setting next_dagrun for example_short_circuit_decorator to 2026-03-22 00:00:00+00:00, run_after=2026-03-23 00:00:00+00:00
[2026-03-23T03:40:24.305+0000] {processor.py:183} INFO - Processing /home/airflow/.local/lib/python3.8/site-packages/airflow/example_dags/example_short_circuit_decorator.py took 0.079 seconds
[2026-03-23T03:40:55.046+0000] {processor.py:161} INFO - Started process (PID=477) to work on /home/airflow/.local/lib/python3.8/site-packages/airflow/example_dags/example_short_circuit_decorator.py
[2026-03-23T03:40:55.048+0000] {processor.py:830} INFO - Processing file /home/airflow/.local/lib/python3.8/site-packages/airflow/example_dags/example_short_circuit_decorator.py for tasks to queue
[2026-03-23T03:40:55.050+0000] {logging_mixin.py:188} INFO - [2026-03-23T03:40:55.050+0000] {dagbag.py:540} INFO - Filling up the DagBag from /home/airflow/.local/lib/python3.8/site-packages/airflow/example_dags/example_short_circuit_decorator.py
[2026-03-23T03:40:55.063+0000] {processor.py:840} INFO - DAG(s) 'example_short_circuit_decorator' retrieved from /home/airflow/.local/lib/python3.8/site-packages/airflow/example_dags/example_short_circuit_decorator.py
[2026-03-23T03:40:55.091+0000] {logging_mixin.py:188} INFO - [2026-03-23T03:40:55.090+0000] {dag.py:3047} INFO - Sync 1 DAGs
[2026-03-23T03:40:55.116+0000] {logging_mixin.py:188} INFO - [2026-03-23T03:40:55.116+0000] {dag.py:3834} INFO - Setting next_dagrun for example_short_circuit_decorator to 2026-03-22 00:00:00+00:00, run_after=2026-03-23 00:00:00+00:00
[2026-03-23T03:40:55.141+0000] {processor.py:183} INFO - Processing /home/airflow/.local/lib/python3.8/site-packages/airflow/example_dags/example_short_circuit_decorator.py took 0.099 seconds
[2026-03-23T03:41:25.625+0000] {processor.py:161} INFO - Started process (PID=532) to work on /home/airflow/.local/lib/python3.8/site-packages/airflow/example_dags/example_short_circuit_decorator.py
[2026-03-23T03:41:25.626+0000] {processor.py:830} INFO - Processing file /home/airflow/.local/lib/python3.8/site-packages/airflow/example_dags/example_short_circuit_decorator.py for tasks to queue
[2026-03-23T03:41:25.627+0000] {logging_mixin.py:188} INFO - [2026-03-23T03:41:25.627+0000] {dagbag.py:540} INFO - Filling up the DagBag from /home/airflow/.local/lib/python3.8/site-packages/airflow/example_dags/example_short_circuit_decorator.py
[2026-03-23T03:41:25.635+0000] {processor.py:840} INFO - DAG(s) 'example_short_circuit_decorator' retrieved from /home/airflow/.local/lib/python3.8/site-packages/airflow/example_dags/example_short_circuit_decorator.py
[2026-03-23T03:41:25.657+0000] {logging_mixin.py:188} INFO - [2026-03-23T03:41:25.657+0000] {dag.py:3047} INFO - Sync 1 DAGs
[2026-03-23T03:41:25.678+0000] {logging_mixin.py:188} INFO - [2026-03-23T03:41:25.678+0000] {dag.py:3834} INFO - Setting next_dagrun for example_short_circuit_decorator to 2026-03-22 00:00:00+00:00, run_after=2026-03-23 00:00:00+00:00
[2026-03-23T03:41:25.698+0000] {processor.py:183} INFO - Processing /home/airflow/.local/lib/python3.8/site-packages/airflow/example_dags/example_short_circuit_decorator.py took 0.076 seconds
[2026-03-23T03:41:55.854+0000] {processor.py:161} INFO - Started process (PID=587) to work on /home/airflow/.local/lib/python3.8/site-packages/airflow/example_dags/example_short_circuit_decorator.py
[2026-03-23T03:41:55.856+0000] {processor.py:830} INFO - Processing file /home/airflow/.local/lib/python3.8/site-packages/airflow/example_dags/example_short_circuit_decorator.py for tasks to queue
[2026-03-23T03:41:55.858+0000] {logging_mixin.py:188} INFO - [2026-03-23T03:41:55.858+0000] {dagbag.py:540} INFO - Filling up the DagBag from /home/airflow/.local/lib/python3.8/site-packages/airflow/example_dags/example_short_circuit_decorator.py
[2026-03-23T03:41:55.867+0000] {processor.py:840} INFO - DAG(s) 'example_short_circuit_decorator' retrieved from /home/airflow/.local/lib/python3.8/site-packages/airflow/example_dags/example_short_circuit_decorator.py
[2026-03-23T03:41:55.895+0000] {logging_mixin.py:188} INFO - [2026-03-23T03:41:55.894+0000] {dag.py:3047} INFO - Sync 1 DAGs
[2026-03-23T03:41:55.920+0000] {logging_mixin.py:188} INFO - [2026-03-23T03:41:55.920+0000] {dag.py:3834} INFO - Setting next_dagrun for example_short_circuit_decorator to 2026-03-22 00:00:00+00:00, run_after=2026-03-23 00:00:00+00:00
[2026-03-23T03:41:55.943+0000] {processor.py:183} INFO - Processing /home/airflow/.local/lib/python3.8/site-packages/airflow/example_dags/example_short_circuit_decorator.py took 0.092 seconds
[2026-03-23T03:42:26.028+0000] {processor.py:161} INFO - Started process (PID=642) to work on /home/airflow/.local/lib/python3.8/site-packages/airflow/example_dags/example_short_circuit_decorator.py
[2026-03-23T03:42:26.030+0000] {processor.py:830} INFO - Processing file /home/airflow/.local/lib/python3.8/site-packages/airflow/example_dags/example_short_circuit_decorator.py for tasks to queue
[2026-03-23T03:42:26.032+0000] {logging_mixin.py:188} INFO - [2026-03-23T03:42:26.032+0000] {dagbag.py:540} INFO - Filling up the DagBag from /home/airflow/.local/lib/python3.8/site-packages/airflow/example_dags/example_short_circuit_decorator.py
[2026-03-23T03:42:26.041+0000] {processor.py:840} INFO - DAG(s) 'example_short_circuit_decorator' retrieved from /home/airflow/.local/lib/python3.8/site-packages/airflow/example_dags/example_short_circuit_decorator.py
[2026-03-23T03:42:26.067+0000] {logging_mixin.py:188} INFO - [2026-03-23T03:42:26.066+0000] {dag.py:3047} INFO - Sync 1 DAGs
[2026-03-23T03:42:26.087+0000] {logging_mixin.py:188} INFO - [2026-03-23T03:42:26.087+0000] {dag.py:3834} INFO - Setting next_dagrun for example_short_circuit_decorator to 2026-03-22 00:00:00+00:00, run_after=2026-03-23 00:00:00+00:00
[2026-03-23T03:42:26.107+0000] {processor.py:183} INFO - Processing /home/airflow/.local/lib/python3.8/site-packages/airflow/example_dags/example_short_circuit_decorator.py took 0.082 seconds
[2026-03-23T03:42:56.647+0000] {processor.py:161} INFO - Started process (PID=697) to work on /home/airflow/.local/lib/python3.8/site-packages/airflow/example_dags/example_short_circuit_decorator.py
[2026-03-23T03:42:56.649+0000] {processor.py:830} INFO - Processing file /home/airflow/.local/lib/python3.8/site-packages/airflow/example_dags/example_short_circuit_decorator.py for tasks to queue
[2026-03-23T03:42:56.651+0000] {logging_mixin.py:188} INFO - [2026-03-23T03:42:56.651+0000] {dagbag.py:540} INFO - Filling up the DagBag from /home/airflow/.local/lib/python3.8/site-packages/airflow/example_dags/example_short_circuit_decorator.py
[2026-03-23T03:42:56.662+0000] {processor.py:840} INFO - DAG(s) 'example_short_circuit_decorator' retrieved from /home/airflow/.local/lib/python3.8/site-packages/airflow/example_dags/example_short_circuit_decorator.py
[2026-03-23T03:42:56.696+0000] {logging_mixin.py:188} INFO - [2026-03-23T03:42:56.696+0000] {dag.py:3047} INFO - Sync 1 DAGs
[2026-03-23T03:42:56.722+0000] {logging_mixin.py:188} INFO - [2026-03-23T03:42:56.721+0000] {dag.py:3834} INFO - Setting next_dagrun for example_short_circuit_decorator to 2026-03-22 00:00:00+00:00, run_after=2026-03-23 00:00:00+00:00
[2026-03-23T03:42:56.746+0000] {processor.py:183} INFO - Processing /home/airflow/.local/lib/python3.8/site-packages/airflow/example_dags/example_short_circuit_decorator.py took 0.102 seconds
[2026-03-23T03:43:27.051+0000] {processor.py:161} INFO - Started process (PID=752) to work on /home/airflow/.local/lib/python3.8/site-packages/airflow/example_dags/example_short_circuit_decorator.py
[2026-03-23T03:43:27.052+0000] {processor.py:830} INFO - Processing file /home/airflow/.local/lib/python3.8/site-packages/airflow/example_dags/example_short_circuit_decorator.py for tasks to queue
[2026-03-23T03:43:27.054+0000] {logging_mixin.py:188} INFO - [2026-03-23T03:43:27.054+0000] {dagbag.py:540} INFO - Filling up the DagBag from /home/airflow/.local/lib/python3.8/site-packages/airflow/example_dags/example_short_circuit_decorator.py
[2026-03-23T03:43:27.063+0000] {processor.py:840} INFO - DAG(s) 'example_short_circuit_decorator' retrieved from /home/airflow/.local/lib/python3.8/site-packages/airflow/example_dags/example_short_circuit_decorator.py
[2026-03-23T03:43:27.088+0000] {logging_mixin.py:188} INFO - [2026-03-23T03:43:27.088+0000] {dag.py:3047} INFO - Sync 1 DAGs
[2026-03-23T03:43:27.110+0000] {logging_mixin.py:188} INFO - [2026-03-23T03:43:27.110+0000] {dag.py:3834} INFO - Setting next_dagrun for example_short_circuit_decorator to 2026-03-22 00:00:00+00:00, run_after=2026-03-23 00:00:00+00:00
[2026-03-23T03:43:27.132+0000] {processor.py:183} INFO - Processing /home/airflow/.local/lib/python3.8/site-packages/airflow/example_dags/example_short_circuit_decorator.py took 0.084 seconds
[2026-03-23T03:43:57.500+0000] {processor.py:161} INFO - Started process (PID=807) to work on /home/airflow/.local/lib/python3.8/site-packages/airflow/example_dags/example_short_circuit_decorator.py
[2026-03-23T03:43:57.501+0000] {processor.py:830} INFO - Processing file /home/airflow/.local/lib/python3.8/site-packages/airflow/example_dags/example_short_circuit_decorator.py for tasks to queue
[2026-03-23T03:43:57.504+0000] {logging_mixin.py:188} INFO - [2026-03-23T03:43:57.503+0000] {dagbag.py:540} INFO - Filling up the DagBag from /home/airflow/.local/lib/python3.8/site-packages/airflow/example_dags/example_short_circuit_decorator.py
[2026-03-23T03:43:57.513+0000] {processor.py:840} INFO - DAG(s) 'example_short_circuit_decorator' retrieved from /home/airflow/.local/lib/python3.8/site-packages/airflow/example_dags/example_short_circuit_decorator.py
[2026-03-23T03:43:57.539+0000] {logging_mixin.py:188} INFO - [2026-03-23T03:43:57.539+0000] {dag.py:3047} INFO - Sync 1 DAGs
[2026-03-23T03:43:57.561+0000] {logging_mixin.py:188} INFO - [2026-03-23T03:43:57.561+0000] {dag.py:3834} INFO - Setting next_dagrun for example_short_circuit_decorator to 2026-03-22 00:00:00+00:00, run_after=2026-03-23 00:00:00+00:00
[2026-03-23T03:43:57.583+0000] {processor.py:183} INFO - Processing /home/airflow/.local/lib/python3.8/site-packages/airflow/example_dags/example_short_circuit_decorator.py took 0.086 seconds
[2026-03-23T03:44:28.120+0000] {processor.py:161} INFO - Started process (PID=862) to work on /home/airflow/.local/lib/python3.8/site-packages/airflow/example_dags/example_short_circuit_decorator.py
[2026-03-23T03:44:28.121+0000] {processor.py:830} INFO - Processing file /home/airflow/.local/lib/python3.8/site-packages/airflow/example_dags/example_short_circuit_decorator.py for tasks to queue
[2026-03-23T03:44:28.123+0000] {logging_mixin.py:188} INFO - [2026-03-23T03:44:28.123+0000] {dagbag.py:540} INFO - Filling up the DagBag from /home/airflow/.local/lib/python3.8/site-packages/airflow/example_dags/example_short_circuit_decorator.py
[2026-03-23T03:44:28.131+0000] {processor.py:840} INFO - DAG(s) 'example_short_circuit_decorator' retrieved from /home/airflow/.local/lib/python3.8/site-packages/airflow/example_dags/example_short_circuit_decorator.py
[2026-03-23T03:44:28.153+0000] {logging_mixin.py:188} INFO - [2026-03-23T03:44:28.153+0000] {dag.py:3047} INFO - Sync 1 DAGs
[2026-03-23T03:44:28.174+0000] {logging_mixin.py:188} INFO - [2026-03-23T03:44:28.173+0000] {dag.py:3834} INFO - Setting next_dagrun for example_short_circuit_decorator to 2026-03-22 00:00:00+00:00, run_after=2026-03-23 00:00:00+00:00
[2026-03-23T03:44:28.192+0000] {processor.py:183} INFO - Processing /home/airflow/.local/lib/python3.8/site-packages/airflow/example_dags/example_short_circuit_decorator.py took 0.074 seconds
[2026-03-23T03:44:58.501+0000] {processor.py:161} INFO - Started process (PID=917) to work on /home/airflow/.local/lib/python3.8/site-packages/airflow/example_dags/example_short_circuit_decorator.py
[2026-03-23T03:44:58.503+0000] {processor.py:830} INFO - Processing file /home/airflow/.local/lib/python3.8/site-packages/airflow/example_dags/example_short_circuit_decorator.py for tasks to queue
[2026-03-23T03:44:58.505+0000] {logging_mixin.py:188} INFO - [2026-03-23T03:44:58.504+0000] {dagbag.py:540} INFO - Filling up the DagBag from /home/airflow/.local/lib/python3.8/site-packages/airflow/example_dags/example_short_circuit_decorator.py
[2026-03-23T03:44:58.514+0000] {processor.py:840} INFO - DAG(s) 'example_short_circuit_decorator' retrieved from /home/airflow/.local/lib/python3.8/site-packages/airflow/example_dags/example_short_circuit_decorator.py
[2026-03-23T03:44:58.540+0000] {logging_mixin.py:188} INFO - [2026-03-23T03:44:58.540+0000] {dag.py:3047} INFO - Sync 1 DAGs
[2026-03-23T03:44:58.569+0000] {logging_mixin.py:188} INFO - [2026-03-23T03:44:58.569+0000] {dag.py:3834} INFO - Setting next_dagrun for example_short_circuit_decorator to 2026-03-22 00:00:00+00:00, run_after=2026-03-23 00:00:00+00:00
[2026-03-23T03:44:58.600+0000] {processor.py:183} INFO - Processing /home/airflow/.local/lib/python3.8/site-packages/airflow/example_dags/example_short_circuit_decorator.py took 0.102 seconds
[2026-03-23T03:45:28.862+0000] {processor.py:161} INFO - Started process (PID=972) to work on /home/airflow/.local/lib/python3.8/site-packages/airflow/example_dags/example_short_circuit_decorator.py
[2026-03-23T03:45:28.863+0000] {processor.py:830} INFO - Processing file /home/airflow/.local/lib/python3.8/site-packages/airflow/example_dags/example_short_circuit_decorator.py for tasks to queue
[2026-03-23T03:45:28.865+0000] {logging_mixin.py:188} INFO - [2026-03-23T03:45:28.865+0000] {dagbag.py:540} INFO - Filling up the DagBag from /home/airflow/.local/lib/python3.8/site-packages/airflow/example_dags/example_short_circuit_decorator.py
[2026-03-23T03:45:28.874+0000] {processor.py:840} INFO - DAG(s) 'example_short_circuit_decorator' retrieved from /home/airflow/.local/lib/python3.8/site-packages/airflow/example_dags/example_short_circuit_decorator.py
[2026-03-23T03:45:28.899+0000] {logging_mixin.py:188} INFO - [2026-03-23T03:45:28.899+0000] {dag.py:3047} INFO - Sync 1 DAGs
[2026-03-23T03:45:28.924+0000] {logging_mixin.py:188} INFO - [2026-03-23T03:45:28.924+0000] {dag.py:3834} INFO - Setting next_dagrun for example_short_circuit_decorator to 2026-03-22 00:00:00+00:00, run_after=2026-03-23 00:00:00+00:00
[2026-03-23T03:45:28.949+0000] {processor.py:183} INFO - Processing /home/airflow/.local/lib/python3.8/site-packages/airflow/example_dags/example_short_circuit_decorator.py took 0.090 seconds
[2026-03-23T03:45:59.104+0000] {processor.py:161} INFO - Started process (PID=1027) to work on /home/airflow/.local/lib/python3.8/site-packages/airflow/example_dags/example_short_circuit_decorator.py
[2026-03-23T03:45:59.106+0000] {processor.py:830} INFO - Processing file /home/airflow/.local/lib/python3.8/site-packages/airflow/example_dags/example_short_circuit_decorator.py for tasks to queue
[2026-03-23T03:45:59.108+0000] {logging_mixin.py:188} INFO - [2026-03-23T03:45:59.107+0000] {dagbag.py:540} INFO - Filling up the DagBag from /home/airflow/.local/lib/python3.8/site-packages/airflow/example_dags/example_short_circuit_decorator.py
[2026-03-23T03:45:59.118+0000] {processor.py:840} INFO - DAG(s) 'example_short_circuit_decorator' retrieved from /home/airflow/.local/lib/python3.8/site-packages/airflow/example_dags/example_short_circuit_decorator.py
[2026-03-23T03:45:59.143+0000] {logging_mixin.py:188} INFO - [2026-03-23T03:45:59.142+0000] {dag.py:3047} INFO - Sync 1 DAGs
[2026-03-23T03:45:59.166+0000] {logging_mixin.py:188} INFO - [2026-03-23T03:45:59.165+0000] {dag.py:3834} INFO - Setting next_dagrun for example_short_circuit_decorator to 2026-03-22 00:00:00+00:00, run_after=2026-03-23 00:00:00+00:00
[2026-03-23T03:45:59.188+0000] {processor.py:183} INFO - Processing /home/airflow/.local/lib/python3.8/site-packages/airflow/example_dags/example_short_circuit_decorator.py took 0.087 seconds
[2026-03-23T03:46:29.330+0000] {processor.py:161} INFO - Started process (PID=1082) to work on /home/airflow/.local/lib/python3.8/site-packages/airflow/example_dags/example_short_circuit_decorator.py
[2026-03-23T03:46:29.331+0000] {processor.py:830} INFO - Processing file /home/airflow/.local/lib/python3.8/site-packages/airflow/example_dags/example_short_circuit_decorator.py for tasks to queue
[2026-03-23T03:46:29.334+0000] {logging_mixin.py:188} INFO - [2026-03-23T03:46:29.333+0000] {dagbag.py:540} INFO - Filling up the DagBag from /home/airflow/.local/lib/python3.8/site-packages/airflow/example_dags/example_short_circuit_decorator.py
[2026-03-23T03:46:29.341+0000] {processor.py:840} INFO - DAG(s) 'example_short_circuit_decorator' retrieved from /home/airflow/.local/lib/python3.8/site-packages/airflow/example_dags/example_short_circuit_decorator.py
[2026-03-23T03:46:29.364+0000] {logging_mixin.py:188} INFO - [2026-03-23T03:46:29.364+0000] {dag.py:3047} INFO - Sync 1 DAGs
[2026-03-23T03:46:29.386+0000] {logging_mixin.py:188} INFO - [2026-03-23T03:46:29.386+0000] {dag.py:3834} INFO - Setting next_dagrun for example_short_circuit_decorator to 2026-03-22 00:00:00+00:00, run_after=2026-03-23 00:00:00+00:00
[2026-03-23T03:46:29.406+0000] {processor.py:183} INFO - Processing /home/airflow/.local/lib/python3.8/site-packages/airflow/example_dags/example_short_circuit_decorator.py took 0.079 seconds
[2026-03-23T03:46:59.814+0000] {processor.py:161} INFO - Started process (PID=1137) to work on /home/airflow/.local/lib/python3.8/site-packages/airflow/example_dags/example_short_circuit_decorator.py
[2026-03-23T03:46:59.815+0000] {processor.py:830} INFO - Processing file /home/airflow/.local/lib/python3.8/site-packages/airflow/example_dags/example_short_circuit_decorator.py for tasks to queue
[2026-03-23T03:46:59.817+0000] {logging_mixin.py:188} INFO - [2026-03-23T03:46:59.817+0000] {dagbag.py:540} INFO - Filling up the DagBag from /home/airflow/.local/lib/python3.8/site-packages/airflow/example_dags/example_short_circuit_decorator.py
[2026-03-23T03:46:59.827+0000] {processor.py:840} INFO - DAG(s) 'example_short_circuit_decorator' retrieved from /home/airflow/.local/lib/python3.8/site-packages/airflow/example_dags/example_short_circuit_decorator.py
[2026-03-23T03:46:59.850+0000] {logging_mixin.py:188} INFO - [2026-03-23T03:46:59.850+0000] {dag.py:3047} INFO - Sync 1 DAGs
[2026-03-23T03:46:59.875+0000] {logging_mixin.py:188} INFO - [2026-03-23T03:46:59.875+0000] {dag.py:3834} INFO - Setting next_dagrun for example_short_circuit_decorator to 2026-03-22 00:00:00+00:00, run_after=2026-03-23 00:00:00+00:00
[2026-03-23T03:46:59.897+0000] {processor.py:183} INFO - Processing /home/airflow/.local/lib/python3.8/site-packages/airflow/example_dags/example_short_circuit_decorator.py took 0.086 seconds
[2026-03-23T03:47:30.047+0000] {processor.py:161} INFO - Started process (PID=1192) to work on /home/airflow/.local/lib/python3.8/site-packages/airflow/example_dags/example_short_circuit_decorator.py
[2026-03-23T03:47:30.049+0000] {processor.py:830} INFO - Processing file /home/airflow/.local/lib/python3.8/site-packages/airflow/example_dags/example_short_circuit_decorator.py for tasks to queue
[2026-03-23T03:47:30.051+0000] {logging_mixin.py:188} INFO - [2026-03-23T03:47:30.050+0000] {dagbag.py:540} INFO - Filling up the DagBag from /home/airflow/.local/lib/python3.8/site-packages/airflow/example_dags/example_short_circuit_decorator.py
[2026-03-23T03:47:30.059+0000] {processor.py:840} INFO - DAG(s) 'example_short_circuit_decorator' retrieved from /home/airflow/.local/lib/python3.8/site-packages/airflow/example_dags/example_short_circuit_decorator.py
[2026-03-23T03:47:30.082+0000] {logging_mixin.py:188} INFO - [2026-03-23T03:47:30.082+0000] {dag.py:3047} INFO - Sync 1 DAGs
[2026-03-23T03:47:30.103+0000] {logging_mixin.py:188} INFO - [2026-03-23T03:47:30.103+0000] {dag.py:3834} INFO - Setting next_dagrun for example_short_circuit_decorator to 2026-03-22 00:00:00+00:00, run_after=2026-03-23 00:00:00+00:00
[2026-03-23T03:47:30.124+0000] {processor.py:183} INFO - Processing /home/airflow/.local/lib/python3.8/site-packages/airflow/example_dags/example_short_circuit_decorator.py took 0.079 seconds
[2026-03-23T03:48:00.311+0000] {processor.py:161} INFO - Started process (PID=1247) to work on /home/airflow/.local/lib/python3.8/site-packages/airflow/example_dags/example_short_circuit_decorator.py
[2026-03-23T03:48:00.312+0000] {processor.py:830} INFO - Processing file /home/airflow/.local/lib/python3.8/site-packages/airflow/example_dags/example_short_circuit_decorator.py for tasks to queue
[2026-03-23T03:48:00.313+0000] {logging_mixin.py:188} INFO - [2026-03-23T03:48:00.313+0000] {dagbag.py:540} INFO - Filling up the DagBag from /home/airflow/.local/lib/python3.8/site-packages/airflow/example_dags/example_short_circuit_decorator.py
[2026-03-23T03:48:00.323+0000] {processor.py:840} INFO - DAG(s) 'example_short_circuit_decorator' retrieved from /home/airflow/.local/lib/python3.8/site-packages/airflow/example_dags/example_short_circuit_decorator.py
[2026-03-23T03:48:00.347+0000] {logging_mixin.py:188} INFO - [2026-03-23T03:48:00.346+0000] {dag.py:3047} INFO - Sync 1 DAGs
[2026-03-23T03:48:00.368+0000] {logging_mixin.py:188} INFO - [2026-03-23T03:48:00.368+0000] {dag.py:3834} INFO - Setting next_dagrun for example_short_circuit_decorator to 2026-03-22 00:00:00+00:00, run_after=2026-03-23 00:00:00+00:00
[2026-03-23T03:48:00.388+0000] {processor.py:183} INFO - Processing /home/airflow/.local/lib/python3.8/site-packages/airflow/example_dags/example_short_circuit_decorator.py took 0.080 seconds
[2026-03-23T03:48:30.916+0000] {processor.py:161} INFO - Started process (PID=1302) to work on /home/airflow/.local/lib/python3.8/site-packages/airflow/example_dags/example_short_circuit_decorator.py
[2026-03-23T03:48:30.917+0000] {processor.py:830} INFO - Processing file /home/airflow/.local/lib/python3.8/site-packages/airflow/example_dags/example_short_circuit_decorator.py for tasks to queue
[2026-03-23T03:48:30.919+0000] {logging_mixin.py:188} INFO - [2026-03-23T03:48:30.919+0000] {dagbag.py:540} INFO - Filling up the DagBag from /home/airflow/.local/lib/python3.8/site-packages/airflow/example_dags/example_short_circuit_decorator.py
[2026-03-23T03:48:30.929+0000] {processor.py:840} INFO - DAG(s) 'example_short_circuit_decorator' retrieved from /home/airflow/.local/lib/python3.8/site-packages/airflow/example_dags/example_short_circuit_decorator.py
[2026-03-23T03:48:30.955+0000] {logging_mixin.py:188} INFO - [2026-03-23T03:48:30.955+0000] {dag.py:3047} INFO - Sync 1 DAGs
[2026-03-23T03:48:30.978+0000] {logging_mixin.py:188} INFO - [2026-03-23T03:48:30.978+0000] {dag.py:3834} INFO - Setting next_dagrun for example_short_circuit_decorator to 2026-03-22 00:00:00+00:00, run_after=2026-03-23 00:00:00+00:00
[2026-03-23T03:48:30.999+0000] {processor.py:183} INFO - Processing /home/airflow/.local/lib/python3.8/site-packages/airflow/example_dags/example_short_circuit_decorator.py took 0.086 seconds
[2026-03-23T03:49:01.287+0000] {processor.py:161} INFO - Started process (PID=1357) to work on /home/airflow/.local/lib/python3.8/site-packages/airflow/example_dags/example_short_circuit_decorator.py
[2026-03-23T03:49:01.288+0000] {processor.py:830} INFO - Processing file /home/airflow/.local/lib/python3.8/site-packages/airflow/example_dags/example_short_circuit_decorator.py for tasks to queue
[2026-03-23T03:49:01.292+0000] {logging_mixin.py:188} INFO - [2026-03-23T03:49:01.291+0000] {dagbag.py:540} INFO - Filling up the DagBag from /home/airflow/.local/lib/python3.8/site-packages/airflow/example_dags/example_short_circuit_decorator.py
[2026-03-23T03:49:01.304+0000] {processor.py:840} INFO - DAG(s) 'example_short_circuit_decorator' retrieved from /home/airflow/.local/lib/python3.8/site-packages/airflow/example_dags/example_short_circuit_decorator.py
[2026-03-23T03:49:01.340+0000] {logging_mixin.py:188} INFO - [2026-03-23T03:49:01.340+0000] {dag.py:3047} INFO - Sync 1 DAGs
[2026-03-23T03:49:01.376+0000] {logging_mixin.py:188} INFO - [2026-03-23T03:49:01.376+0000] {dag.py:3834} INFO - Setting next_dagrun for example_short_circuit_decorator to 2026-03-22 00:00:00+00:00, run_after=2026-03-23 00:00:00+00:00
[2026-03-23T03:49:01.424+0000] {processor.py:183} INFO - Processing /home/airflow/.local/lib/python3.8/site-packages/airflow/example_dags/example_short_circuit_decorator.py took 0.141 seconds
[2026-03-23T03:49:31.482+0000] {processor.py:161} INFO - Started process (PID=1412) to work on /home/airflow/.local/lib/python3.8/site-packages/airflow/example_dags/example_short_circuit_decorator.py
[2026-03-23T03:49:31.483+0000] {processor.py:830} INFO - Processing file /home/airflow/.local/lib/python3.8/site-packages/airflow/example_dags/example_short_circuit_decorator.py for tasks to queue
[2026-03-23T03:49:31.485+0000] {logging_mixin.py:188} INFO - [2026-03-23T03:49:31.485+0000] {dagbag.py:540} INFO - Filling up the DagBag from /home/airflow/.local/lib/python3.8/site-packages/airflow/example_dags/example_short_circuit_decorator.py
[2026-03-23T03:49:31.493+0000] {processor.py:840} INFO - DAG(s) 'example_short_circuit_decorator' retrieved from /home/airflow/.local/lib/python3.8/site-packages/airflow/example_dags/example_short_circuit_decorator.py
[2026-03-23T03:49:31.516+0000] {logging_mixin.py:188} INFO - [2026-03-23T03:49:31.515+0000] {dag.py:3047} INFO - Sync 1 DAGs
[2026-03-23T03:49:31.535+0000] {logging_mixin.py:188} INFO - [2026-03-23T03:49:31.535+0000] {dag.py:3834} INFO - Setting next_dagrun for example_short_circuit_decorator to 2026-03-22 00:00:00+00:00, run_after=2026-03-23 00:00:00+00:00
[2026-03-23T03:49:31.554+0000] {processor.py:183} INFO - Processing /home/airflow/.local/lib/python3.8/site-packages/airflow/example_dags/example_short_circuit_decorator.py took 0.075 seconds
[2026-03-23T03:50:48.342+0000] {processor.py:161} INFO - Started process (PID=92) to work on /home/airflow/.local/lib/python3.8/site-packages/airflow/example_dags/example_short_circuit_decorator.py
[2026-03-23T03:50:48.344+0000] {processor.py:830} INFO - Processing file /home/airflow/.local/lib/python3.8/site-packages/airflow/example_dags/example_short_circuit_decorator.py for tasks to queue
[2026-03-23T03:50:48.349+0000] {logging_mixin.py:188} INFO - [2026-03-23T03:50:48.348+0000] {dagbag.py:540} INFO - Filling up the DagBag from /home/airflow/.local/lib/python3.8/site-packages/airflow/example_dags/example_short_circuit_decorator.py
[2026-03-23T03:50:48.366+0000] {processor.py:840} INFO - DAG(s) 'example_short_circuit_decorator' retrieved from /home/airflow/.local/lib/python3.8/site-packages/airflow/example_dags/example_short_circuit_decorator.py
[2026-03-23T03:50:48.389+0000] {logging_mixin.py:188} INFO - [2026-03-23T03:50:48.389+0000] {dag.py:3047} INFO - Sync 1 DAGs
[2026-03-23T03:50:48.427+0000] {logging_mixin.py:188} INFO - [2026-03-23T03:50:48.426+0000] {dag.py:3834} INFO - Setting next_dagrun for example_short_circuit_decorator to 2026-03-22 00:00:00+00:00, run_after=2026-03-23 00:00:00+00:00
[2026-03-23T03:50:48.462+0000] {processor.py:183} INFO - Processing /home/airflow/.local/lib/python3.8/site-packages/airflow/example_dags/example_short_circuit_decorator.py took 0.126 seconds
[2026-03-23T03:51:19.960+0000] {processor.py:161} INFO - Started process (PID=147) to work on /home/airflow/.local/lib/python3.8/site-packages/airflow/example_dags/example_short_circuit_decorator.py
[2026-03-23T03:51:19.962+0000] {processor.py:830} INFO - Processing file /home/airflow/.local/lib/python3.8/site-packages/airflow/example_dags/example_short_circuit_decorator.py for tasks to queue
[2026-03-23T03:51:19.964+0000] {logging_mixin.py:188} INFO - [2026-03-23T03:51:19.963+0000] {dagbag.py:540} INFO - Filling up the DagBag from /home/airflow/.local/lib/python3.8/site-packages/airflow/example_dags/example_short_circuit_decorator.py
[2026-03-23T03:51:19.976+0000] {processor.py:840} INFO - DAG(s) 'example_short_circuit_decorator' retrieved from /home/airflow/.local/lib/python3.8/site-packages/airflow/example_dags/example_short_circuit_decorator.py
[2026-03-23T03:51:20.097+0000] {logging_mixin.py:188} INFO - [2026-03-23T03:51:20.097+0000] {dag.py:3047} INFO - Sync 1 DAGs
[2026-03-23T03:51:20.130+0000] {logging_mixin.py:188} INFO - [2026-03-23T03:51:20.129+0000] {dag.py:3834} INFO - Setting next_dagrun for example_short_circuit_decorator to 2026-03-22 00:00:00+00:00, run_after=2026-03-23 00:00:00+00:00
[2026-03-23T03:51:20.162+0000] {processor.py:183} INFO - Processing /home/airflow/.local/lib/python3.8/site-packages/airflow/example_dags/example_short_circuit_decorator.py took 0.205 seconds
[2026-03-23T03:51:51.104+0000] {processor.py:161} INFO - Started process (PID=202) to work on /home/airflow/.local/lib/python3.8/site-packages/airflow/example_dags/example_short_circuit_decorator.py
[2026-03-23T03:51:51.105+0000] {processor.py:830} INFO - Processing file /home/airflow/.local/lib/python3.8/site-packages/airflow/example_dags/example_short_circuit_decorator.py for tasks to queue
[2026-03-23T03:51:51.107+0000] {logging_mixin.py:188} INFO - [2026-03-23T03:51:51.106+0000] {dagbag.py:540} INFO - Filling up the DagBag from /home/airflow/.local/lib/python3.8/site-packages/airflow/example_dags/example_short_circuit_decorator.py
[2026-03-23T03:51:51.115+0000] {processor.py:840} INFO - DAG(s) 'example_short_circuit_decorator' retrieved from /home/airflow/.local/lib/python3.8/site-packages/airflow/example_dags/example_short_circuit_decorator.py
[2026-03-23T03:51:51.137+0000] {logging_mixin.py:188} INFO - [2026-03-23T03:51:51.137+0000] {dag.py:3047} INFO - Sync 1 DAGs
[2026-03-23T03:51:51.160+0000] {logging_mixin.py:188} INFO - [2026-03-23T03:51:51.160+0000] {dag.py:3834} INFO - Setting next_dagrun for example_short_circuit_decorator to 2026-03-22 00:00:00+00:00, run_after=2026-03-23 00:00:00+00:00
[2026-03-23T03:51:51.184+0000] {processor.py:183} INFO - Processing /home/airflow/.local/lib/python3.8/site-packages/airflow/example_dags/example_short_circuit_decorator.py took 0.083 seconds
[2026-03-23T03:52:21.254+0000] {processor.py:161} INFO - Started process (PID=257) to work on /home/airflow/.local/lib/python3.8/site-packages/airflow/example_dags/example_short_circuit_decorator.py
[2026-03-23T03:52:21.256+0000] {processor.py:830} INFO - Processing file /home/airflow/.local/lib/python3.8/site-packages/airflow/example_dags/example_short_circuit_decorator.py for tasks to queue
[2026-03-23T03:52:21.259+0000] {logging_mixin.py:188} INFO - [2026-03-23T03:52:21.259+0000] {dagbag.py:540} INFO - Filling up the DagBag from /home/airflow/.local/lib/python3.8/site-packages/airflow/example_dags/example_short_circuit_decorator.py
[2026-03-23T03:52:21.271+0000] {processor.py:840} INFO - DAG(s) 'example_short_circuit_decorator' retrieved from /home/airflow/.local/lib/python3.8/site-packages/airflow/example_dags/example_short_circuit_decorator.py
[2026-03-23T03:52:21.300+0000] {logging_mixin.py:188} INFO - [2026-03-23T03:52:21.300+0000] {dag.py:3047} INFO - Sync 1 DAGs
[2026-03-23T03:52:21.330+0000] {logging_mixin.py:188} INFO - [2026-03-23T03:52:21.329+0000] {dag.py:3834} INFO - Setting next_dagrun for example_short_circuit_decorator to 2026-03-22 00:00:00+00:00, run_after=2026-03-23 00:00:00+00:00
[2026-03-23T03:52:21.358+0000] {processor.py:183} INFO - Processing /home/airflow/.local/lib/python3.8/site-packages/airflow/example_dags/example_short_circuit_decorator.py took 0.108 seconds
[2026-03-23T03:52:52.232+0000] {processor.py:161} INFO - Started process (PID=312) to work on /home/airflow/.local/lib/python3.8/site-packages/airflow/example_dags/example_short_circuit_decorator.py
[2026-03-23T03:52:52.234+0000] {processor.py:830} INFO - Processing file /home/airflow/.local/lib/python3.8/site-packages/airflow/example_dags/example_short_circuit_decorator.py for tasks to queue
[2026-03-23T03:52:52.237+0000] {logging_mixin.py:188} INFO - [2026-03-23T03:52:52.237+0000] {dagbag.py:540} INFO - Filling up the DagBag from /home/airflow/.local/lib/python3.8/site-packages/airflow/example_dags/example_short_circuit_decorator.py
[2026-03-23T03:52:52.251+0000] {processor.py:840} INFO - DAG(s) 'example_short_circuit_decorator' retrieved from /home/airflow/.local/lib/python3.8/site-packages/airflow/example_dags/example_short_circuit_decorator.py
[2026-03-23T03:52:52.285+0000] {logging_mixin.py:188} INFO - [2026-03-23T03:52:52.284+0000] {dag.py:3047} INFO - Sync 1 DAGs
[2026-03-23T03:52:52.317+0000] {logging_mixin.py:188} INFO - [2026-03-23T03:52:52.317+0000] {dag.py:3834} INFO - Setting next_dagrun for example_short_circuit_decorator to 2026-03-22 00:00:00+00:00, run_after=2026-03-23 00:00:00+00:00
[2026-03-23T03:52:52.345+0000] {processor.py:183} INFO - Processing /home/airflow/.local/lib/python3.8/site-packages/airflow/example_dags/example_short_circuit_decorator.py took 0.118 seconds
[2026-03-23T03:53:23.048+0000] {processor.py:161} INFO - Started process (PID=367) to work on /home/airflow/.local/lib/python3.8/site-packages/airflow/example_dags/example_short_circuit_decorator.py
[2026-03-23T03:53:23.050+0000] {processor.py:830} INFO - Processing file /home/airflow/.local/lib/python3.8/site-packages/airflow/example_dags/example_short_circuit_decorator.py for tasks to queue
[2026-03-23T03:53:23.051+0000] {logging_mixin.py:188} INFO - [2026-03-23T03:53:23.051+0000] {dagbag.py:540} INFO - Filling up the DagBag from /home/airflow/.local/lib/python3.8/site-packages/airflow/example_dags/example_short_circuit_decorator.py
[2026-03-23T03:53:23.059+0000] {processor.py:840} INFO - DAG(s) 'example_short_circuit_decorator' retrieved from /home/airflow/.local/lib/python3.8/site-packages/airflow/example_dags/example_short_circuit_decorator.py
[2026-03-23T03:53:23.081+0000] {logging_mixin.py:188} INFO - [2026-03-23T03:53:23.081+0000] {dag.py:3047} INFO - Sync 1 DAGs
[2026-03-23T03:53:23.103+0000] {logging_mixin.py:188} INFO - [2026-03-23T03:53:23.103+0000] {dag.py:3834} INFO - Setting next_dagrun for example_short_circuit_decorator to 2026-03-22 00:00:00+00:00, run_after=2026-03-23 00:00:00+00:00
[2026-03-23T03:53:23.127+0000] {processor.py:183} INFO - Processing /home/airflow/.local/lib/python3.8/site-packages/airflow/example_dags/example_short_circuit_decorator.py took 0.081 seconds
[2026-03-23T03:53:53.441+0000] {processor.py:161} INFO - Started process (PID=422) to work on /home/airflow/.local/lib/python3.8/site-packages/airflow/example_dags/example_short_circuit_decorator.py
[2026-03-23T03:53:53.442+0000] {processor.py:830} INFO - Processing file /home/airflow/.local/lib/python3.8/site-packages/airflow/example_dags/example_short_circuit_decorator.py for tasks to queue
[2026-03-23T03:53:53.444+0000] {logging_mixin.py:188} INFO - [2026-03-23T03:53:53.444+0000] {dagbag.py:540} INFO - Filling up the DagBag from /home/airflow/.local/lib/python3.8/site-packages/airflow/example_dags/example_short_circuit_decorator.py
[2026-03-23T03:53:53.451+0000] {processor.py:840} INFO - DAG(s) 'example_short_circuit_decorator' retrieved from /home/airflow/.local/lib/python3.8/site-packages/airflow/example_dags/example_short_circuit_decorator.py
[2026-03-23T03:53:53.474+0000] {logging_mixin.py:188} INFO - [2026-03-23T03:53:53.474+0000] {dag.py:3047} INFO - Sync 1 DAGs
[2026-03-23T03:53:53.498+0000] {logging_mixin.py:188} INFO - [2026-03-23T03:53:53.498+0000] {dag.py:3834} INFO - Setting next_dagrun for example_short_circuit_decorator to 2026-03-22 00:00:00+00:00, run_after=2026-03-23 00:00:00+00:00
[2026-03-23T03:53:53.521+0000] {processor.py:183} INFO - Processing /home/airflow/.local/lib/python3.8/site-packages/airflow/example_dags/example_short_circuit_decorator.py took 0.082 seconds
[2026-03-23T03:54:23.642+0000] {processor.py:161} INFO - Started process (PID=477) to work on /home/airflow/.local/lib/python3.8/site-packages/airflow/example_dags/example_short_circuit_decorator.py
[2026-03-23T03:54:23.643+0000] {processor.py:830} INFO - Processing file /home/airflow/.local/lib/python3.8/site-packages/airflow/example_dags/example_short_circuit_decorator.py for tasks to queue
[2026-03-23T03:54:23.645+0000] {logging_mixin.py:188} INFO - [2026-03-23T03:54:23.644+0000] {dagbag.py:540} INFO - Filling up the DagBag from /home/airflow/.local/lib/python3.8/site-packages/airflow/example_dags/example_short_circuit_decorator.py
[2026-03-23T03:54:23.652+0000] {processor.py:840} INFO - DAG(s) 'example_short_circuit_decorator' retrieved from /home/airflow/.local/lib/python3.8/site-packages/airflow/example_dags/example_short_circuit_decorator.py
[2026-03-23T03:54:23.674+0000] {logging_mixin.py:188} INFO - [2026-03-23T03:54:23.674+0000] {dag.py:3047} INFO - Sync 1 DAGs
[2026-03-23T03:54:23.696+0000] {logging_mixin.py:188} INFO - [2026-03-23T03:54:23.696+0000] {dag.py:3834} INFO - Setting next_dagrun for example_short_circuit_decorator to 2026-03-22 00:00:00+00:00, run_after=2026-03-23 00:00:00+00:00
[2026-03-23T03:54:23.723+0000] {processor.py:183} INFO - Processing /home/airflow/.local/lib/python3.8/site-packages/airflow/example_dags/example_short_circuit_decorator.py took 0.083 seconds
[2026-03-23T03:54:54.188+0000] {processor.py:161} INFO - Started process (PID=532) to work on /home/airflow/.local/lib/python3.8/site-packages/airflow/example_dags/example_short_circuit_decorator.py
[2026-03-23T03:54:54.189+0000] {processor.py:830} INFO - Processing file /home/airflow/.local/lib/python3.8/site-packages/airflow/example_dags/example_short_circuit_decorator.py for tasks to queue
[2026-03-23T03:54:54.191+0000] {logging_mixin.py:188} INFO - [2026-03-23T03:54:54.191+0000] {dagbag.py:540} INFO - Filling up the DagBag from /home/airflow/.local/lib/python3.8/site-packages/airflow/example_dags/example_short_circuit_decorator.py
[2026-03-23T03:54:54.202+0000] {processor.py:840} INFO - DAG(s) 'example_short_circuit_decorator' retrieved from /home/airflow/.local/lib/python3.8/site-packages/airflow/example_dags/example_short_circuit_decorator.py
[2026-03-23T03:54:54.229+0000] {logging_mixin.py:188} INFO - [2026-03-23T03:54:54.229+0000] {dag.py:3047} INFO - Sync 1 DAGs
[2026-03-23T03:54:54.254+0000] {logging_mixin.py:188} INFO - [2026-03-23T03:54:54.254+0000] {dag.py:3834} INFO - Setting next_dagrun for example_short_circuit_decorator to 2026-03-22 00:00:00+00:00, run_after=2026-03-23 00:00:00+00:00
[2026-03-23T03:54:54.276+0000] {processor.py:183} INFO - Processing /home/airflow/.local/lib/python3.8/site-packages/airflow/example_dags/example_short_circuit_decorator.py took 0.091 seconds
[2026-03-23T03:55:24.355+0000] {processor.py:161} INFO - Started process (PID=587) to work on /home/airflow/.local/lib/python3.8/site-packages/airflow/example_dags/example_short_circuit_decorator.py
[2026-03-23T03:55:24.356+0000] {processor.py:830} INFO - Processing file /home/airflow/.local/lib/python3.8/site-packages/airflow/example_dags/example_short_circuit_decorator.py for tasks to queue
[2026-03-23T03:55:24.358+0000] {logging_mixin.py:188} INFO - [2026-03-23T03:55:24.358+0000] {dagbag.py:540} INFO - Filling up the DagBag from /home/airflow/.local/lib/python3.8/site-packages/airflow/example_dags/example_short_circuit_decorator.py
[2026-03-23T03:55:24.365+0000] {processor.py:840} INFO - DAG(s) 'example_short_circuit_decorator' retrieved from /home/airflow/.local/lib/python3.8/site-packages/airflow/example_dags/example_short_circuit_decorator.py
[2026-03-23T03:55:24.389+0000] {logging_mixin.py:188} INFO - [2026-03-23T03:55:24.388+0000] {dag.py:3047} INFO - Sync 1 DAGs
[2026-03-23T03:55:24.407+0000] {logging_mixin.py:188} INFO - [2026-03-23T03:55:24.407+0000] {dag.py:3834} INFO - Setting next_dagrun for example_short_circuit_decorator to 2026-03-22 00:00:00+00:00, run_after=2026-03-23 00:00:00+00:00
[2026-03-23T03:55:24.428+0000] {processor.py:183} INFO - Processing /home/airflow/.local/lib/python3.8/site-packages/airflow/example_dags/example_short_circuit_decorator.py took 0.076 seconds
[2026-03-23T03:55:54.634+0000] {processor.py:161} INFO - Started process (PID=642) to work on /home/airflow/.local/lib/python3.8/site-packages/airflow/example_dags/example_short_circuit_decorator.py
[2026-03-23T03:55:54.635+0000] {processor.py:830} INFO - Processing file /home/airflow/.local/lib/python3.8/site-packages/airflow/example_dags/example_short_circuit_decorator.py for tasks to queue
[2026-03-23T03:55:54.637+0000] {logging_mixin.py:188} INFO - [2026-03-23T03:55:54.636+0000] {dagbag.py:540} INFO - Filling up the DagBag from /home/airflow/.local/lib/python3.8/site-packages/airflow/example_dags/example_short_circuit_decorator.py
[2026-03-23T03:55:54.644+0000] {processor.py:840} INFO - DAG(s) 'example_short_circuit_decorator' retrieved from /home/airflow/.local/lib/python3.8/site-packages/airflow/example_dags/example_short_circuit_decorator.py
[2026-03-23T03:55:54.668+0000] {logging_mixin.py:188} INFO - [2026-03-23T03:55:54.667+0000] {dag.py:3047} INFO - Sync 1 DAGs
[2026-03-23T03:55:54.693+0000] {logging_mixin.py:188} INFO - [2026-03-23T03:55:54.693+0000] {dag.py:3834} INFO - Setting next_dagrun for example_short_circuit_decorator to 2026-03-22 00:00:00+00:00, run_after=2026-03-23 00:00:00+00:00
[2026-03-23T03:55:54.721+0000] {processor.py:183} INFO - Processing /home/airflow/.local/lib/python3.8/site-packages/airflow/example_dags/example_short_circuit_decorator.py took 0.090 seconds
[2026-03-23T03:56:24.939+0000] {processor.py:161} INFO - Started process (PID=697) to work on /home/airflow/.local/lib/python3.8/site-packages/airflow/example_dags/example_short_circuit_decorator.py
[2026-03-23T03:56:24.940+0000] {processor.py:830} INFO - Processing file /home/airflow/.local/lib/python3.8/site-packages/airflow/example_dags/example_short_circuit_decorator.py for tasks to queue
[2026-03-23T03:56:24.942+0000] {logging_mixin.py:188} INFO - [2026-03-23T03:56:24.942+0000] {dagbag.py:540} INFO - Filling up the DagBag from /home/airflow/.local/lib/python3.8/site-packages/airflow/example_dags/example_short_circuit_decorator.py
[2026-03-23T03:56:24.950+0000] {processor.py:840} INFO - DAG(s) 'example_short_circuit_decorator' retrieved from /home/airflow/.local/lib/python3.8/site-packages/airflow/example_dags/example_short_circuit_decorator.py
[2026-03-23T03:56:24.976+0000] {logging_mixin.py:188} INFO - [2026-03-23T03:56:24.976+0000] {dag.py:3047} INFO - Sync 1 DAGs
[2026-03-23T03:56:25.001+0000] {logging_mixin.py:188} INFO - [2026-03-23T03:56:25.001+0000] {dag.py:3834} INFO - Setting next_dagrun for example_short_circuit_decorator to 2026-03-22 00:00:00+00:00, run_after=2026-03-23 00:00:00+00:00
[2026-03-23T03:56:25.022+0000] {processor.py:183} INFO - Processing /home/airflow/.local/lib/python3.8/site-packages/airflow/example_dags/example_short_circuit_decorator.py took 0.086 seconds
