[2026-03-23T03:21:14.615+0000] {processor.py:161} INFO - Started process (PID=74) to work on /home/airflow/.local/lib/python3.8/site-packages/airflow/example_dags/example_short_circuit_operator.py
[2026-03-23T03:21:14.616+0000] {processor.py:830} INFO - Processing file /home/airflow/.local/lib/python3.8/site-packages/airflow/example_dags/example_short_circuit_operator.py for tasks to queue
[2026-03-23T03:21:14.619+0000] {logging_mixin.py:188} INFO - [2026-03-23T03:21:14.618+0000] {dagbag.py:540} INFO - Filling up the DagBag from /home/airflow/.local/lib/python3.8/site-packages/airflow/example_dags/example_short_circuit_operator.py
[2026-03-23T03:21:14.629+0000] {processor.py:840} INFO - DAG(s) 'example_short_circuit_operator' retrieved from /home/airflow/.local/lib/python3.8/site-packages/airflow/example_dags/example_short_circuit_operator.py
[2026-03-23T03:21:14.645+0000] {logging_mixin.py:188} INFO - [2026-03-23T03:21:14.644+0000] {dag.py:3047} INFO - Sync 1 DAGs
[2026-03-23T03:21:14.676+0000] {logging_mixin.py:188} INFO - [2026-03-23T03:21:14.676+0000] {dag.py:3834} INFO - Setting next_dagrun for example_short_circuit_operator to 2026-03-22 00:00:00+00:00, run_after=2026-03-23 00:00:00+00:00
[2026-03-23T03:21:14.704+0000] {processor.py:183} INFO - Processing /home/airflow/.local/lib/python3.8/site-packages/airflow/example_dags/example_short_circuit_operator.py took 0.094 seconds
[2026-03-23T03:21:44.845+0000] {processor.py:161} INFO - Started process (PID=130) to work on /home/airflow/.local/lib/python3.8/site-packages/airflow/example_dags/example_short_circuit_operator.py
[2026-03-23T03:21:44.846+0000] {processor.py:830} INFO - Processing file /home/airflow/.local/lib/python3.8/site-packages/airflow/example_dags/example_short_circuit_operator.py for tasks to queue
[2026-03-23T03:21:44.848+0000] {logging_mixin.py:188} INFO - [2026-03-23T03:21:44.848+0000] {dagbag.py:540} INFO - Filling up the DagBag from /home/airflow/.local/lib/python3.8/site-packages/airflow/example_dags/example_short_circuit_operator.py
[2026-03-23T03:21:44.855+0000] {processor.py:840} INFO - DAG(s) 'example_short_circuit_operator' retrieved from /home/airflow/.local/lib/python3.8/site-packages/airflow/example_dags/example_short_circuit_operator.py
[2026-03-23T03:21:44.869+0000] {logging_mixin.py:188} INFO - [2026-03-23T03:21:44.868+0000] {dag.py:3047} INFO - Sync 1 DAGs
[2026-03-23T03:21:44.891+0000] {logging_mixin.py:188} INFO - [2026-03-23T03:21:44.891+0000] {dag.py:3834} INFO - Setting next_dagrun for example_short_circuit_operator to 2026-03-22 00:00:00+00:00, run_after=2026-03-23 00:00:00+00:00
[2026-03-23T03:21:44.912+0000] {processor.py:183} INFO - Processing /home/airflow/.local/lib/python3.8/site-packages/airflow/example_dags/example_short_circuit_operator.py took 0.070 seconds
[2026-03-23T03:22:16.369+0000] {processor.py:161} INFO - Started process (PID=184) to work on /home/airflow/.local/lib/python3.8/site-packages/airflow/example_dags/example_short_circuit_operator.py
[2026-03-23T03:22:16.370+0000] {processor.py:830} INFO - Processing file /home/airflow/.local/lib/python3.8/site-packages/airflow/example_dags/example_short_circuit_operator.py for tasks to queue
[2026-03-23T03:22:16.372+0000] {logging_mixin.py:188} INFO - [2026-03-23T03:22:16.371+0000] {dagbag.py:540} INFO - Filling up the DagBag from /home/airflow/.local/lib/python3.8/site-packages/airflow/example_dags/example_short_circuit_operator.py
[2026-03-23T03:22:16.382+0000] {processor.py:840} INFO - DAG(s) 'example_short_circuit_operator' retrieved from /home/airflow/.local/lib/python3.8/site-packages/airflow/example_dags/example_short_circuit_operator.py
[2026-03-23T03:22:16.482+0000] {logging_mixin.py:188} INFO - [2026-03-23T03:22:16.482+0000] {dag.py:3047} INFO - Sync 1 DAGs
[2026-03-23T03:22:16.504+0000] {logging_mixin.py:188} INFO - [2026-03-23T03:22:16.503+0000] {dag.py:3834} INFO - Setting next_dagrun for example_short_circuit_operator to 2026-03-22 00:00:00+00:00, run_after=2026-03-23 00:00:00+00:00
[2026-03-23T03:22:16.528+0000] {processor.py:183} INFO - Processing /home/airflow/.local/lib/python3.8/site-packages/airflow/example_dags/example_short_circuit_operator.py took 0.162 seconds
[2026-03-23T03:22:46.622+0000] {processor.py:161} INFO - Started process (PID=239) to work on /home/airflow/.local/lib/python3.8/site-packages/airflow/example_dags/example_short_circuit_operator.py
[2026-03-23T03:22:46.623+0000] {processor.py:830} INFO - Processing file /home/airflow/.local/lib/python3.8/site-packages/airflow/example_dags/example_short_circuit_operator.py for tasks to queue
[2026-03-23T03:22:46.626+0000] {logging_mixin.py:188} INFO - [2026-03-23T03:22:46.625+0000] {dagbag.py:540} INFO - Filling up the DagBag from /home/airflow/.local/lib/python3.8/site-packages/airflow/example_dags/example_short_circuit_operator.py
[2026-03-23T03:22:46.631+0000] {processor.py:840} INFO - DAG(s) 'example_short_circuit_operator' retrieved from /home/airflow/.local/lib/python3.8/site-packages/airflow/example_dags/example_short_circuit_operator.py
[2026-03-23T03:22:46.652+0000] {logging_mixin.py:188} INFO - [2026-03-23T03:22:46.652+0000] {dag.py:3047} INFO - Sync 1 DAGs
[2026-03-23T03:22:46.671+0000] {logging_mixin.py:188} INFO - [2026-03-23T03:22:46.671+0000] {dag.py:3834} INFO - Setting next_dagrun for example_short_circuit_operator to 2026-03-22 00:00:00+00:00, run_after=2026-03-23 00:00:00+00:00
[2026-03-23T03:22:46.692+0000] {processor.py:183} INFO - Processing /home/airflow/.local/lib/python3.8/site-packages/airflow/example_dags/example_short_circuit_operator.py took 0.073 seconds
[2026-03-23T03:23:17.534+0000] {processor.py:161} INFO - Started process (PID=300) to work on /home/airflow/.local/lib/python3.8/site-packages/airflow/example_dags/example_short_circuit_operator.py
[2026-03-23T03:23:17.535+0000] {processor.py:830} INFO - Processing file /home/airflow/.local/lib/python3.8/site-packages/airflow/example_dags/example_short_circuit_operator.py for tasks to queue
[2026-03-23T03:23:17.537+0000] {logging_mixin.py:188} INFO - [2026-03-23T03:23:17.536+0000] {dagbag.py:540} INFO - Filling up the DagBag from /home/airflow/.local/lib/python3.8/site-packages/airflow/example_dags/example_short_circuit_operator.py
[2026-03-23T03:23:17.543+0000] {processor.py:840} INFO - DAG(s) 'example_short_circuit_operator' retrieved from /home/airflow/.local/lib/python3.8/site-packages/airflow/example_dags/example_short_circuit_operator.py
[2026-03-23T03:23:17.567+0000] {logging_mixin.py:188} INFO - [2026-03-23T03:23:17.567+0000] {dag.py:3047} INFO - Sync 1 DAGs
[2026-03-23T03:23:17.589+0000] {logging_mixin.py:188} INFO - [2026-03-23T03:23:17.589+0000] {dag.py:3834} INFO - Setting next_dagrun for example_short_circuit_operator to 2026-03-22 00:00:00+00:00, run_after=2026-03-23 00:00:00+00:00
[2026-03-23T03:23:17.615+0000] {processor.py:183} INFO - Processing /home/airflow/.local/lib/python3.8/site-packages/airflow/example_dags/example_short_circuit_operator.py took 0.083 seconds
[2026-03-23T03:25:08.807+0000] {processor.py:161} INFO - Started process (PID=74) to work on /home/airflow/.local/lib/python3.8/site-packages/airflow/example_dags/example_short_circuit_operator.py
[2026-03-23T03:25:08.808+0000] {processor.py:830} INFO - Processing file /home/airflow/.local/lib/python3.8/site-packages/airflow/example_dags/example_short_circuit_operator.py for tasks to queue
[2026-03-23T03:25:08.811+0000] {logging_mixin.py:188} INFO - [2026-03-23T03:25:08.810+0000] {dagbag.py:540} INFO - Filling up the DagBag from /home/airflow/.local/lib/python3.8/site-packages/airflow/example_dags/example_short_circuit_operator.py
[2026-03-23T03:25:08.821+0000] {processor.py:840} INFO - DAG(s) 'example_short_circuit_operator' retrieved from /home/airflow/.local/lib/python3.8/site-packages/airflow/example_dags/example_short_circuit_operator.py
[2026-03-23T03:25:08.836+0000] {logging_mixin.py:188} INFO - [2026-03-23T03:25:08.836+0000] {dag.py:3047} INFO - Sync 1 DAGs
[2026-03-23T03:25:08.870+0000] {logging_mixin.py:188} INFO - [2026-03-23T03:25:08.870+0000] {dag.py:3834} INFO - Setting next_dagrun for example_short_circuit_operator to 2026-03-22 00:00:00+00:00, run_after=2026-03-23 00:00:00+00:00
[2026-03-23T03:25:08.895+0000] {processor.py:183} INFO - Processing /home/airflow/.local/lib/python3.8/site-packages/airflow/example_dags/example_short_circuit_operator.py took 0.092 seconds
[2026-03-23T03:25:40.251+0000] {processor.py:161} INFO - Started process (PID=129) to work on /home/airflow/.local/lib/python3.8/site-packages/airflow/example_dags/example_short_circuit_operator.py
[2026-03-23T03:25:40.252+0000] {processor.py:830} INFO - Processing file /home/airflow/.local/lib/python3.8/site-packages/airflow/example_dags/example_short_circuit_operator.py for tasks to queue
[2026-03-23T03:25:40.255+0000] {logging_mixin.py:188} INFO - [2026-03-23T03:25:40.254+0000] {dagbag.py:540} INFO - Filling up the DagBag from /home/airflow/.local/lib/python3.8/site-packages/airflow/example_dags/example_short_circuit_operator.py
[2026-03-23T03:25:40.263+0000] {processor.py:840} INFO - DAG(s) 'example_short_circuit_operator' retrieved from /home/airflow/.local/lib/python3.8/site-packages/airflow/example_dags/example_short_circuit_operator.py
[2026-03-23T03:25:40.390+0000] {logging_mixin.py:188} INFO - [2026-03-23T03:25:40.390+0000] {dag.py:3047} INFO - Sync 1 DAGs
[2026-03-23T03:25:40.414+0000] {logging_mixin.py:188} INFO - [2026-03-23T03:25:40.413+0000] {dag.py:3834} INFO - Setting next_dagrun for example_short_circuit_operator to 2026-03-22 00:00:00+00:00, run_after=2026-03-23 00:00:00+00:00
[2026-03-23T03:25:40.440+0000] {processor.py:183} INFO - Processing /home/airflow/.local/lib/python3.8/site-packages/airflow/example_dags/example_short_circuit_operator.py took 0.194 seconds
[2026-03-23T03:26:10.495+0000] {processor.py:161} INFO - Started process (PID=184) to work on /home/airflow/.local/lib/python3.8/site-packages/airflow/example_dags/example_short_circuit_operator.py
[2026-03-23T03:26:10.496+0000] {processor.py:830} INFO - Processing file /home/airflow/.local/lib/python3.8/site-packages/airflow/example_dags/example_short_circuit_operator.py for tasks to queue
[2026-03-23T03:26:10.498+0000] {logging_mixin.py:188} INFO - [2026-03-23T03:26:10.498+0000] {dagbag.py:540} INFO - Filling up the DagBag from /home/airflow/.local/lib/python3.8/site-packages/airflow/example_dags/example_short_circuit_operator.py
[2026-03-23T03:26:10.506+0000] {processor.py:840} INFO - DAG(s) 'example_short_circuit_operator' retrieved from /home/airflow/.local/lib/python3.8/site-packages/airflow/example_dags/example_short_circuit_operator.py
[2026-03-23T03:26:10.534+0000] {logging_mixin.py:188} INFO - [2026-03-23T03:26:10.534+0000] {dag.py:3047} INFO - Sync 1 DAGs
[2026-03-23T03:26:10.560+0000] {logging_mixin.py:188} INFO - [2026-03-23T03:26:10.560+0000] {dag.py:3834} INFO - Setting next_dagrun for example_short_circuit_operator to 2026-03-22 00:00:00+00:00, run_after=2026-03-23 00:00:00+00:00
[2026-03-23T03:26:10.589+0000] {processor.py:183} INFO - Processing /home/airflow/.local/lib/python3.8/site-packages/airflow/example_dags/example_short_circuit_operator.py took 0.098 seconds
[2026-03-23T03:26:40.870+0000] {processor.py:161} INFO - Started process (PID=239) to work on /home/airflow/.local/lib/python3.8/site-packages/airflow/example_dags/example_short_circuit_operator.py
[2026-03-23T03:26:40.871+0000] {processor.py:830} INFO - Processing file /home/airflow/.local/lib/python3.8/site-packages/airflow/example_dags/example_short_circuit_operator.py for tasks to queue
[2026-03-23T03:26:40.873+0000] {logging_mixin.py:188} INFO - [2026-03-23T03:26:40.873+0000] {dagbag.py:540} INFO - Filling up the DagBag from /home/airflow/.local/lib/python3.8/site-packages/airflow/example_dags/example_short_circuit_operator.py
[2026-03-23T03:26:40.881+0000] {processor.py:840} INFO - DAG(s) 'example_short_circuit_operator' retrieved from /home/airflow/.local/lib/python3.8/site-packages/airflow/example_dags/example_short_circuit_operator.py
[2026-03-23T03:26:40.906+0000] {logging_mixin.py:188} INFO - [2026-03-23T03:26:40.906+0000] {dag.py:3047} INFO - Sync 1 DAGs
[2026-03-23T03:26:40.931+0000] {logging_mixin.py:188} INFO - [2026-03-23T03:26:40.931+0000] {dag.py:3834} INFO - Setting next_dagrun for example_short_circuit_operator to 2026-03-22 00:00:00+00:00, run_after=2026-03-23 00:00:00+00:00
[2026-03-23T03:26:40.957+0000] {processor.py:183} INFO - Processing /home/airflow/.local/lib/python3.8/site-packages/airflow/example_dags/example_short_circuit_operator.py took 0.090 seconds
[2026-03-23T03:27:11.310+0000] {processor.py:161} INFO - Started process (PID=294) to work on /home/airflow/.local/lib/python3.8/site-packages/airflow/example_dags/example_short_circuit_operator.py
[2026-03-23T03:27:11.312+0000] {processor.py:830} INFO - Processing file /home/airflow/.local/lib/python3.8/site-packages/airflow/example_dags/example_short_circuit_operator.py for tasks to queue
[2026-03-23T03:27:11.314+0000] {logging_mixin.py:188} INFO - [2026-03-23T03:27:11.313+0000] {dagbag.py:540} INFO - Filling up the DagBag from /home/airflow/.local/lib/python3.8/site-packages/airflow/example_dags/example_short_circuit_operator.py
[2026-03-23T03:27:11.320+0000] {processor.py:840} INFO - DAG(s) 'example_short_circuit_operator' retrieved from /home/airflow/.local/lib/python3.8/site-packages/airflow/example_dags/example_short_circuit_operator.py
[2026-03-23T03:27:11.341+0000] {logging_mixin.py:188} INFO - [2026-03-23T03:27:11.341+0000] {dag.py:3047} INFO - Sync 1 DAGs
[2026-03-23T03:27:11.361+0000] {logging_mixin.py:188} INFO - [2026-03-23T03:27:11.361+0000] {dag.py:3834} INFO - Setting next_dagrun for example_short_circuit_operator to 2026-03-22 00:00:00+00:00, run_after=2026-03-23 00:00:00+00:00
[2026-03-23T03:27:11.381+0000] {processor.py:183} INFO - Processing /home/airflow/.local/lib/python3.8/site-packages/airflow/example_dags/example_short_circuit_operator.py took 0.074 seconds
[2026-03-23T03:27:41.573+0000] {processor.py:161} INFO - Started process (PID=349) to work on /home/airflow/.local/lib/python3.8/site-packages/airflow/example_dags/example_short_circuit_operator.py
[2026-03-23T03:27:41.574+0000] {processor.py:830} INFO - Processing file /home/airflow/.local/lib/python3.8/site-packages/airflow/example_dags/example_short_circuit_operator.py for tasks to queue
[2026-03-23T03:27:41.576+0000] {logging_mixin.py:188} INFO - [2026-03-23T03:27:41.575+0000] {dagbag.py:540} INFO - Filling up the DagBag from /home/airflow/.local/lib/python3.8/site-packages/airflow/example_dags/example_short_circuit_operator.py
[2026-03-23T03:27:41.582+0000] {processor.py:840} INFO - DAG(s) 'example_short_circuit_operator' retrieved from /home/airflow/.local/lib/python3.8/site-packages/airflow/example_dags/example_short_circuit_operator.py
[2026-03-23T03:27:41.604+0000] {logging_mixin.py:188} INFO - [2026-03-23T03:27:41.604+0000] {dag.py:3047} INFO - Sync 1 DAGs
[2026-03-23T03:27:41.627+0000] {logging_mixin.py:188} INFO - [2026-03-23T03:27:41.627+0000] {dag.py:3834} INFO - Setting next_dagrun for example_short_circuit_operator to 2026-03-22 00:00:00+00:00, run_after=2026-03-23 00:00:00+00:00
[2026-03-23T03:27:41.648+0000] {processor.py:183} INFO - Processing /home/airflow/.local/lib/python3.8/site-packages/airflow/example_dags/example_short_circuit_operator.py took 0.078 seconds
[2026-03-23T03:28:11.848+0000] {processor.py:161} INFO - Started process (PID=404) to work on /home/airflow/.local/lib/python3.8/site-packages/airflow/example_dags/example_short_circuit_operator.py
[2026-03-23T03:28:11.849+0000] {processor.py:830} INFO - Processing file /home/airflow/.local/lib/python3.8/site-packages/airflow/example_dags/example_short_circuit_operator.py for tasks to queue
[2026-03-23T03:28:11.850+0000] {logging_mixin.py:188} INFO - [2026-03-23T03:28:11.850+0000] {dagbag.py:540} INFO - Filling up the DagBag from /home/airflow/.local/lib/python3.8/site-packages/airflow/example_dags/example_short_circuit_operator.py
[2026-03-23T03:28:11.857+0000] {processor.py:840} INFO - DAG(s) 'example_short_circuit_operator' retrieved from /home/airflow/.local/lib/python3.8/site-packages/airflow/example_dags/example_short_circuit_operator.py
[2026-03-23T03:28:11.878+0000] {logging_mixin.py:188} INFO - [2026-03-23T03:28:11.878+0000] {dag.py:3047} INFO - Sync 1 DAGs
[2026-03-23T03:28:11.897+0000] {logging_mixin.py:188} INFO - [2026-03-23T03:28:11.896+0000] {dag.py:3834} INFO - Setting next_dagrun for example_short_circuit_operator to 2026-03-22 00:00:00+00:00, run_after=2026-03-23 00:00:00+00:00
[2026-03-23T03:28:11.920+0000] {processor.py:183} INFO - Processing /home/airflow/.local/lib/python3.8/site-packages/airflow/example_dags/example_short_circuit_operator.py took 0.075 seconds
[2026-03-23T03:28:42.377+0000] {processor.py:161} INFO - Started process (PID=465) to work on /home/airflow/.local/lib/python3.8/site-packages/airflow/example_dags/example_short_circuit_operator.py
[2026-03-23T03:28:42.379+0000] {processor.py:830} INFO - Processing file /home/airflow/.local/lib/python3.8/site-packages/airflow/example_dags/example_short_circuit_operator.py for tasks to queue
[2026-03-23T03:28:42.380+0000] {logging_mixin.py:188} INFO - [2026-03-23T03:28:42.380+0000] {dagbag.py:540} INFO - Filling up the DagBag from /home/airflow/.local/lib/python3.8/site-packages/airflow/example_dags/example_short_circuit_operator.py
[2026-03-23T03:28:42.389+0000] {processor.py:840} INFO - DAG(s) 'example_short_circuit_operator' retrieved from /home/airflow/.local/lib/python3.8/site-packages/airflow/example_dags/example_short_circuit_operator.py
[2026-03-23T03:28:42.409+0000] {logging_mixin.py:188} INFO - [2026-03-23T03:28:42.409+0000] {dag.py:3047} INFO - Sync 1 DAGs
[2026-03-23T03:28:42.430+0000] {logging_mixin.py:188} INFO - [2026-03-23T03:28:42.430+0000] {dag.py:3834} INFO - Setting next_dagrun for example_short_circuit_operator to 2026-03-22 00:00:00+00:00, run_after=2026-03-23 00:00:00+00:00
[2026-03-23T03:28:42.450+0000] {processor.py:183} INFO - Processing /home/airflow/.local/lib/python3.8/site-packages/airflow/example_dags/example_short_circuit_operator.py took 0.075 seconds
[2026-03-23T03:29:12.719+0000] {processor.py:161} INFO - Started process (PID=520) to work on /home/airflow/.local/lib/python3.8/site-packages/airflow/example_dags/example_short_circuit_operator.py
[2026-03-23T03:29:12.720+0000] {processor.py:830} INFO - Processing file /home/airflow/.local/lib/python3.8/site-packages/airflow/example_dags/example_short_circuit_operator.py for tasks to queue
[2026-03-23T03:29:12.722+0000] {logging_mixin.py:188} INFO - [2026-03-23T03:29:12.721+0000] {dagbag.py:540} INFO - Filling up the DagBag from /home/airflow/.local/lib/python3.8/site-packages/airflow/example_dags/example_short_circuit_operator.py
[2026-03-23T03:29:12.728+0000] {processor.py:840} INFO - DAG(s) 'example_short_circuit_operator' retrieved from /home/airflow/.local/lib/python3.8/site-packages/airflow/example_dags/example_short_circuit_operator.py
[2026-03-23T03:29:12.750+0000] {logging_mixin.py:188} INFO - [2026-03-23T03:29:12.749+0000] {dag.py:3047} INFO - Sync 1 DAGs
[2026-03-23T03:29:12.771+0000] {logging_mixin.py:188} INFO - [2026-03-23T03:29:12.771+0000] {dag.py:3834} INFO - Setting next_dagrun for example_short_circuit_operator to 2026-03-22 00:00:00+00:00, run_after=2026-03-23 00:00:00+00:00
[2026-03-23T03:29:12.791+0000] {processor.py:183} INFO - Processing /home/airflow/.local/lib/python3.8/site-packages/airflow/example_dags/example_short_circuit_operator.py took 0.075 seconds
[2026-03-23T03:29:42.876+0000] {processor.py:161} INFO - Started process (PID=575) to work on /home/airflow/.local/lib/python3.8/site-packages/airflow/example_dags/example_short_circuit_operator.py
[2026-03-23T03:29:42.878+0000] {processor.py:830} INFO - Processing file /home/airflow/.local/lib/python3.8/site-packages/airflow/example_dags/example_short_circuit_operator.py for tasks to queue
[2026-03-23T03:29:42.880+0000] {logging_mixin.py:188} INFO - [2026-03-23T03:29:42.879+0000] {dagbag.py:540} INFO - Filling up the DagBag from /home/airflow/.local/lib/python3.8/site-packages/airflow/example_dags/example_short_circuit_operator.py
[2026-03-23T03:29:42.888+0000] {processor.py:840} INFO - DAG(s) 'example_short_circuit_operator' retrieved from /home/airflow/.local/lib/python3.8/site-packages/airflow/example_dags/example_short_circuit_operator.py
[2026-03-23T03:29:42.913+0000] {logging_mixin.py:188} INFO - [2026-03-23T03:29:42.912+0000] {dag.py:3047} INFO - Sync 1 DAGs
[2026-03-23T03:29:42.932+0000] {logging_mixin.py:188} INFO - [2026-03-23T03:29:42.932+0000] {dag.py:3834} INFO - Setting next_dagrun for example_short_circuit_operator to 2026-03-22 00:00:00+00:00, run_after=2026-03-23 00:00:00+00:00
[2026-03-23T03:29:42.954+0000] {processor.py:183} INFO - Processing /home/airflow/.local/lib/python3.8/site-packages/airflow/example_dags/example_short_circuit_operator.py took 0.082 seconds
[2026-03-23T03:30:13.253+0000] {processor.py:161} INFO - Started process (PID=630) to work on /home/airflow/.local/lib/python3.8/site-packages/airflow/example_dags/example_short_circuit_operator.py
[2026-03-23T03:30:13.254+0000] {processor.py:830} INFO - Processing file /home/airflow/.local/lib/python3.8/site-packages/airflow/example_dags/example_short_circuit_operator.py for tasks to queue
[2026-03-23T03:30:13.256+0000] {logging_mixin.py:188} INFO - [2026-03-23T03:30:13.256+0000] {dagbag.py:540} INFO - Filling up the DagBag from /home/airflow/.local/lib/python3.8/site-packages/airflow/example_dags/example_short_circuit_operator.py
[2026-03-23T03:30:13.264+0000] {processor.py:840} INFO - DAG(s) 'example_short_circuit_operator' retrieved from /home/airflow/.local/lib/python3.8/site-packages/airflow/example_dags/example_short_circuit_operator.py
[2026-03-23T03:30:13.291+0000] {logging_mixin.py:188} INFO - [2026-03-23T03:30:13.291+0000] {dag.py:3047} INFO - Sync 1 DAGs
[2026-03-23T03:30:13.317+0000] {logging_mixin.py:188} INFO - [2026-03-23T03:30:13.317+0000] {dag.py:3834} INFO - Setting next_dagrun for example_short_circuit_operator to 2026-03-22 00:00:00+00:00, run_after=2026-03-23 00:00:00+00:00
[2026-03-23T03:30:13.343+0000] {processor.py:183} INFO - Processing /home/airflow/.local/lib/python3.8/site-packages/airflow/example_dags/example_short_circuit_operator.py took 0.094 seconds
[2026-03-23T03:30:43.527+0000] {processor.py:161} INFO - Started process (PID=685) to work on /home/airflow/.local/lib/python3.8/site-packages/airflow/example_dags/example_short_circuit_operator.py
[2026-03-23T03:30:43.528+0000] {processor.py:830} INFO - Processing file /home/airflow/.local/lib/python3.8/site-packages/airflow/example_dags/example_short_circuit_operator.py for tasks to queue
[2026-03-23T03:30:43.530+0000] {logging_mixin.py:188} INFO - [2026-03-23T03:30:43.530+0000] {dagbag.py:540} INFO - Filling up the DagBag from /home/airflow/.local/lib/python3.8/site-packages/airflow/example_dags/example_short_circuit_operator.py
[2026-03-23T03:30:43.537+0000] {processor.py:840} INFO - DAG(s) 'example_short_circuit_operator' retrieved from /home/airflow/.local/lib/python3.8/site-packages/airflow/example_dags/example_short_circuit_operator.py
[2026-03-23T03:30:43.561+0000] {logging_mixin.py:188} INFO - [2026-03-23T03:30:43.561+0000] {dag.py:3047} INFO - Sync 1 DAGs
[2026-03-23T03:30:43.583+0000] {logging_mixin.py:188} INFO - [2026-03-23T03:30:43.582+0000] {dag.py:3834} INFO - Setting next_dagrun for example_short_circuit_operator to 2026-03-22 00:00:00+00:00, run_after=2026-03-23 00:00:00+00:00
[2026-03-23T03:30:43.605+0000] {processor.py:183} INFO - Processing /home/airflow/.local/lib/python3.8/site-packages/airflow/example_dags/example_short_circuit_operator.py took 0.081 seconds
[2026-03-23T03:31:13.700+0000] {processor.py:161} INFO - Started process (PID=740) to work on /home/airflow/.local/lib/python3.8/site-packages/airflow/example_dags/example_short_circuit_operator.py
[2026-03-23T03:31:13.701+0000] {processor.py:830} INFO - Processing file /home/airflow/.local/lib/python3.8/site-packages/airflow/example_dags/example_short_circuit_operator.py for tasks to queue
[2026-03-23T03:31:13.703+0000] {logging_mixin.py:188} INFO - [2026-03-23T03:31:13.703+0000] {dagbag.py:540} INFO - Filling up the DagBag from /home/airflow/.local/lib/python3.8/site-packages/airflow/example_dags/example_short_circuit_operator.py
[2026-03-23T03:31:13.710+0000] {processor.py:840} INFO - DAG(s) 'example_short_circuit_operator' retrieved from /home/airflow/.local/lib/python3.8/site-packages/airflow/example_dags/example_short_circuit_operator.py
[2026-03-23T03:31:13.734+0000] {logging_mixin.py:188} INFO - [2026-03-23T03:31:13.734+0000] {dag.py:3047} INFO - Sync 1 DAGs
[2026-03-23T03:31:13.756+0000] {logging_mixin.py:188} INFO - [2026-03-23T03:31:13.755+0000] {dag.py:3834} INFO - Setting next_dagrun for example_short_circuit_operator to 2026-03-22 00:00:00+00:00, run_after=2026-03-23 00:00:00+00:00
[2026-03-23T03:31:13.776+0000] {processor.py:183} INFO - Processing /home/airflow/.local/lib/python3.8/site-packages/airflow/example_dags/example_short_circuit_operator.py took 0.080 seconds
[2026-03-23T03:31:44.231+0000] {processor.py:161} INFO - Started process (PID=795) to work on /home/airflow/.local/lib/python3.8/site-packages/airflow/example_dags/example_short_circuit_operator.py
[2026-03-23T03:31:44.232+0000] {processor.py:830} INFO - Processing file /home/airflow/.local/lib/python3.8/site-packages/airflow/example_dags/example_short_circuit_operator.py for tasks to queue
[2026-03-23T03:31:44.234+0000] {logging_mixin.py:188} INFO - [2026-03-23T03:31:44.234+0000] {dagbag.py:540} INFO - Filling up the DagBag from /home/airflow/.local/lib/python3.8/site-packages/airflow/example_dags/example_short_circuit_operator.py
[2026-03-23T03:31:44.240+0000] {processor.py:840} INFO - DAG(s) 'example_short_circuit_operator' retrieved from /home/airflow/.local/lib/python3.8/site-packages/airflow/example_dags/example_short_circuit_operator.py
[2026-03-23T03:31:44.264+0000] {logging_mixin.py:188} INFO - [2026-03-23T03:31:44.263+0000] {dag.py:3047} INFO - Sync 1 DAGs
[2026-03-23T03:31:44.285+0000] {logging_mixin.py:188} INFO - [2026-03-23T03:31:44.285+0000] {dag.py:3834} INFO - Setting next_dagrun for example_short_circuit_operator to 2026-03-22 00:00:00+00:00, run_after=2026-03-23 00:00:00+00:00
[2026-03-23T03:31:44.306+0000] {processor.py:183} INFO - Processing /home/airflow/.local/lib/python3.8/site-packages/airflow/example_dags/example_short_circuit_operator.py took 0.078 seconds
[2026-03-23T03:32:15.073+0000] {processor.py:161} INFO - Started process (PID=850) to work on /home/airflow/.local/lib/python3.8/site-packages/airflow/example_dags/example_short_circuit_operator.py
[2026-03-23T03:32:15.074+0000] {processor.py:830} INFO - Processing file /home/airflow/.local/lib/python3.8/site-packages/airflow/example_dags/example_short_circuit_operator.py for tasks to queue
[2026-03-23T03:32:15.076+0000] {logging_mixin.py:188} INFO - [2026-03-23T03:32:15.076+0000] {dagbag.py:540} INFO - Filling up the DagBag from /home/airflow/.local/lib/python3.8/site-packages/airflow/example_dags/example_short_circuit_operator.py
[2026-03-23T03:32:15.082+0000] {processor.py:840} INFO - DAG(s) 'example_short_circuit_operator' retrieved from /home/airflow/.local/lib/python3.8/site-packages/airflow/example_dags/example_short_circuit_operator.py
[2026-03-23T03:32:15.104+0000] {logging_mixin.py:188} INFO - [2026-03-23T03:32:15.104+0000] {dag.py:3047} INFO - Sync 1 DAGs
[2026-03-23T03:32:15.123+0000] {logging_mixin.py:188} INFO - [2026-03-23T03:32:15.123+0000] {dag.py:3834} INFO - Setting next_dagrun for example_short_circuit_operator to 2026-03-22 00:00:00+00:00, run_after=2026-03-23 00:00:00+00:00
[2026-03-23T03:32:15.147+0000] {processor.py:183} INFO - Processing /home/airflow/.local/lib/python3.8/site-packages/airflow/example_dags/example_short_circuit_operator.py took 0.077 seconds
[2026-03-23T03:32:45.196+0000] {processor.py:161} INFO - Started process (PID=905) to work on /home/airflow/.local/lib/python3.8/site-packages/airflow/example_dags/example_short_circuit_operator.py
[2026-03-23T03:32:45.197+0000] {processor.py:830} INFO - Processing file /home/airflow/.local/lib/python3.8/site-packages/airflow/example_dags/example_short_circuit_operator.py for tasks to queue
[2026-03-23T03:32:45.199+0000] {logging_mixin.py:188} INFO - [2026-03-23T03:32:45.199+0000] {dagbag.py:540} INFO - Filling up the DagBag from /home/airflow/.local/lib/python3.8/site-packages/airflow/example_dags/example_short_circuit_operator.py
[2026-03-23T03:32:45.205+0000] {processor.py:840} INFO - DAG(s) 'example_short_circuit_operator' retrieved from /home/airflow/.local/lib/python3.8/site-packages/airflow/example_dags/example_short_circuit_operator.py
[2026-03-23T03:32:45.229+0000] {logging_mixin.py:188} INFO - [2026-03-23T03:32:45.229+0000] {dag.py:3047} INFO - Sync 1 DAGs
[2026-03-23T03:32:45.250+0000] {logging_mixin.py:188} INFO - [2026-03-23T03:32:45.249+0000] {dag.py:3834} INFO - Setting next_dagrun for example_short_circuit_operator to 2026-03-22 00:00:00+00:00, run_after=2026-03-23 00:00:00+00:00
[2026-03-23T03:32:45.271+0000] {processor.py:183} INFO - Processing /home/airflow/.local/lib/python3.8/site-packages/airflow/example_dags/example_short_circuit_operator.py took 0.078 seconds
[2026-03-23T03:33:15.382+0000] {processor.py:161} INFO - Started process (PID=960) to work on /home/airflow/.local/lib/python3.8/site-packages/airflow/example_dags/example_short_circuit_operator.py
[2026-03-23T03:33:15.383+0000] {processor.py:830} INFO - Processing file /home/airflow/.local/lib/python3.8/site-packages/airflow/example_dags/example_short_circuit_operator.py for tasks to queue
[2026-03-23T03:33:15.384+0000] {logging_mixin.py:188} INFO - [2026-03-23T03:33:15.384+0000] {dagbag.py:540} INFO - Filling up the DagBag from /home/airflow/.local/lib/python3.8/site-packages/airflow/example_dags/example_short_circuit_operator.py
[2026-03-23T03:33:15.391+0000] {processor.py:840} INFO - DAG(s) 'example_short_circuit_operator' retrieved from /home/airflow/.local/lib/python3.8/site-packages/airflow/example_dags/example_short_circuit_operator.py
[2026-03-23T03:33:15.413+0000] {logging_mixin.py:188} INFO - [2026-03-23T03:33:15.412+0000] {dag.py:3047} INFO - Sync 1 DAGs
[2026-03-23T03:33:15.433+0000] {logging_mixin.py:188} INFO - [2026-03-23T03:33:15.433+0000] {dag.py:3834} INFO - Setting next_dagrun for example_short_circuit_operator to 2026-03-22 00:00:00+00:00, run_after=2026-03-23 00:00:00+00:00
[2026-03-23T03:33:15.455+0000] {processor.py:183} INFO - Processing /home/airflow/.local/lib/python3.8/site-packages/airflow/example_dags/example_short_circuit_operator.py took 0.076 seconds
[2026-03-23T03:33:45.545+0000] {processor.py:161} INFO - Started process (PID=1015) to work on /home/airflow/.local/lib/python3.8/site-packages/airflow/example_dags/example_short_circuit_operator.py
[2026-03-23T03:33:45.547+0000] {processor.py:830} INFO - Processing file /home/airflow/.local/lib/python3.8/site-packages/airflow/example_dags/example_short_circuit_operator.py for tasks to queue
[2026-03-23T03:33:45.549+0000] {logging_mixin.py:188} INFO - [2026-03-23T03:33:45.549+0000] {dagbag.py:540} INFO - Filling up the DagBag from /home/airflow/.local/lib/python3.8/site-packages/airflow/example_dags/example_short_circuit_operator.py
[2026-03-23T03:33:45.555+0000] {processor.py:840} INFO - DAG(s) 'example_short_circuit_operator' retrieved from /home/airflow/.local/lib/python3.8/site-packages/airflow/example_dags/example_short_circuit_operator.py
[2026-03-23T03:33:45.578+0000] {logging_mixin.py:188} INFO - [2026-03-23T03:33:45.578+0000] {dag.py:3047} INFO - Sync 1 DAGs
[2026-03-23T03:33:45.599+0000] {logging_mixin.py:188} INFO - [2026-03-23T03:33:45.599+0000] {dag.py:3834} INFO - Setting next_dagrun for example_short_circuit_operator to 2026-03-22 00:00:00+00:00, run_after=2026-03-23 00:00:00+00:00
[2026-03-23T03:33:45.625+0000] {processor.py:183} INFO - Processing /home/airflow/.local/lib/python3.8/site-packages/airflow/example_dags/example_short_circuit_operator.py took 0.082 seconds
[2026-03-23T03:34:15.683+0000] {processor.py:161} INFO - Started process (PID=1070) to work on /home/airflow/.local/lib/python3.8/site-packages/airflow/example_dags/example_short_circuit_operator.py
[2026-03-23T03:34:15.685+0000] {processor.py:830} INFO - Processing file /home/airflow/.local/lib/python3.8/site-packages/airflow/example_dags/example_short_circuit_operator.py for tasks to queue
[2026-03-23T03:34:15.688+0000] {logging_mixin.py:188} INFO - [2026-03-23T03:34:15.687+0000] {dagbag.py:540} INFO - Filling up the DagBag from /home/airflow/.local/lib/python3.8/site-packages/airflow/example_dags/example_short_circuit_operator.py
[2026-03-23T03:34:15.696+0000] {processor.py:840} INFO - DAG(s) 'example_short_circuit_operator' retrieved from /home/airflow/.local/lib/python3.8/site-packages/airflow/example_dags/example_short_circuit_operator.py
[2026-03-23T03:34:15.721+0000] {logging_mixin.py:188} INFO - [2026-03-23T03:34:15.720+0000] {dag.py:3047} INFO - Sync 1 DAGs
[2026-03-23T03:34:15.744+0000] {logging_mixin.py:188} INFO - [2026-03-23T03:34:15.744+0000] {dag.py:3834} INFO - Setting next_dagrun for example_short_circuit_operator to 2026-03-22 00:00:00+00:00, run_after=2026-03-23 00:00:00+00:00
[2026-03-23T03:34:15.768+0000] {processor.py:183} INFO - Processing /home/airflow/.local/lib/python3.8/site-packages/airflow/example_dags/example_short_circuit_operator.py took 0.088 seconds
[2026-03-23T03:34:45.927+0000] {processor.py:161} INFO - Started process (PID=1125) to work on /home/airflow/.local/lib/python3.8/site-packages/airflow/example_dags/example_short_circuit_operator.py
[2026-03-23T03:34:45.928+0000] {processor.py:830} INFO - Processing file /home/airflow/.local/lib/python3.8/site-packages/airflow/example_dags/example_short_circuit_operator.py for tasks to queue
[2026-03-23T03:34:45.930+0000] {logging_mixin.py:188} INFO - [2026-03-23T03:34:45.930+0000] {dagbag.py:540} INFO - Filling up the DagBag from /home/airflow/.local/lib/python3.8/site-packages/airflow/example_dags/example_short_circuit_operator.py
[2026-03-23T03:34:45.938+0000] {processor.py:840} INFO - DAG(s) 'example_short_circuit_operator' retrieved from /home/airflow/.local/lib/python3.8/site-packages/airflow/example_dags/example_short_circuit_operator.py
[2026-03-23T03:34:45.964+0000] {logging_mixin.py:188} INFO - [2026-03-23T03:34:45.963+0000] {dag.py:3047} INFO - Sync 1 DAGs
[2026-03-23T03:34:45.989+0000] {logging_mixin.py:188} INFO - [2026-03-23T03:34:45.989+0000] {dag.py:3834} INFO - Setting next_dagrun for example_short_circuit_operator to 2026-03-22 00:00:00+00:00, run_after=2026-03-23 00:00:00+00:00
[2026-03-23T03:34:46.014+0000] {processor.py:183} INFO - Processing /home/airflow/.local/lib/python3.8/site-packages/airflow/example_dags/example_short_circuit_operator.py took 0.090 seconds
[2026-03-23T03:37:19.455+0000] {processor.py:161} INFO - Started process (PID=74) to work on /home/airflow/.local/lib/python3.8/site-packages/airflow/example_dags/example_short_circuit_operator.py
[2026-03-23T03:37:19.456+0000] {processor.py:830} INFO - Processing file /home/airflow/.local/lib/python3.8/site-packages/airflow/example_dags/example_short_circuit_operator.py for tasks to queue
[2026-03-23T03:37:19.458+0000] {logging_mixin.py:188} INFO - [2026-03-23T03:37:19.458+0000] {dagbag.py:540} INFO - Filling up the DagBag from /home/airflow/.local/lib/python3.8/site-packages/airflow/example_dags/example_short_circuit_operator.py
[2026-03-23T03:37:19.466+0000] {processor.py:840} INFO - DAG(s) 'example_short_circuit_operator' retrieved from /home/airflow/.local/lib/python3.8/site-packages/airflow/example_dags/example_short_circuit_operator.py
[2026-03-23T03:37:19.480+0000] {logging_mixin.py:188} INFO - [2026-03-23T03:37:19.479+0000] {dag.py:3047} INFO - Sync 1 DAGs
[2026-03-23T03:37:19.506+0000] {logging_mixin.py:188} INFO - [2026-03-23T03:37:19.506+0000] {dag.py:3834} INFO - Setting next_dagrun for example_short_circuit_operator to 2026-03-22 00:00:00+00:00, run_after=2026-03-23 00:00:00+00:00
[2026-03-23T03:37:19.530+0000] {processor.py:183} INFO - Processing /home/airflow/.local/lib/python3.8/site-packages/airflow/example_dags/example_short_circuit_operator.py took 0.078 seconds
[2026-03-23T03:37:50.748+0000] {processor.py:161} INFO - Started process (PID=129) to work on /home/airflow/.local/lib/python3.8/site-packages/airflow/example_dags/example_short_circuit_operator.py
[2026-03-23T03:37:50.750+0000] {processor.py:830} INFO - Processing file /home/airflow/.local/lib/python3.8/site-packages/airflow/example_dags/example_short_circuit_operator.py for tasks to queue
[2026-03-23T03:37:50.752+0000] {logging_mixin.py:188} INFO - [2026-03-23T03:37:50.752+0000] {dagbag.py:540} INFO - Filling up the DagBag from /home/airflow/.local/lib/python3.8/site-packages/airflow/example_dags/example_short_circuit_operator.py
[2026-03-23T03:37:50.759+0000] {processor.py:840} INFO - DAG(s) 'example_short_circuit_operator' retrieved from /home/airflow/.local/lib/python3.8/site-packages/airflow/example_dags/example_short_circuit_operator.py
[2026-03-23T03:37:50.857+0000] {logging_mixin.py:188} INFO - [2026-03-23T03:37:50.857+0000] {dag.py:3047} INFO - Sync 1 DAGs
[2026-03-23T03:37:50.876+0000] {logging_mixin.py:188} INFO - [2026-03-23T03:37:50.876+0000] {dag.py:3834} INFO - Setting next_dagrun for example_short_circuit_operator to 2026-03-22 00:00:00+00:00, run_after=2026-03-23 00:00:00+00:00
[2026-03-23T03:37:50.899+0000] {processor.py:183} INFO - Processing /home/airflow/.local/lib/python3.8/site-packages/airflow/example_dags/example_short_circuit_operator.py took 0.153 seconds
[2026-03-23T03:38:21.698+0000] {processor.py:161} INFO - Started process (PID=184) to work on /home/airflow/.local/lib/python3.8/site-packages/airflow/example_dags/example_short_circuit_operator.py
[2026-03-23T03:38:21.699+0000] {processor.py:830} INFO - Processing file /home/airflow/.local/lib/python3.8/site-packages/airflow/example_dags/example_short_circuit_operator.py for tasks to queue
[2026-03-23T03:38:21.701+0000] {logging_mixin.py:188} INFO - [2026-03-23T03:38:21.700+0000] {dagbag.py:540} INFO - Filling up the DagBag from /home/airflow/.local/lib/python3.8/site-packages/airflow/example_dags/example_short_circuit_operator.py
[2026-03-23T03:38:21.707+0000] {processor.py:840} INFO - DAG(s) 'example_short_circuit_operator' retrieved from /home/airflow/.local/lib/python3.8/site-packages/airflow/example_dags/example_short_circuit_operator.py
[2026-03-23T03:38:21.729+0000] {logging_mixin.py:188} INFO - [2026-03-23T03:38:21.729+0000] {dag.py:3047} INFO - Sync 1 DAGs
[2026-03-23T03:38:21.752+0000] {logging_mixin.py:188} INFO - [2026-03-23T03:38:21.752+0000] {dag.py:3834} INFO - Setting next_dagrun for example_short_circuit_operator to 2026-03-22 00:00:00+00:00, run_after=2026-03-23 00:00:00+00:00
[2026-03-23T03:38:21.772+0000] {processor.py:183} INFO - Processing /home/airflow/.local/lib/python3.8/site-packages/airflow/example_dags/example_short_circuit_operator.py took 0.077 seconds
[2026-03-23T03:38:52.213+0000] {processor.py:161} INFO - Started process (PID=245) to work on /home/airflow/.local/lib/python3.8/site-packages/airflow/example_dags/example_short_circuit_operator.py
[2026-03-23T03:38:52.214+0000] {processor.py:830} INFO - Processing file /home/airflow/.local/lib/python3.8/site-packages/airflow/example_dags/example_short_circuit_operator.py for tasks to queue
[2026-03-23T03:38:52.216+0000] {logging_mixin.py:188} INFO - [2026-03-23T03:38:52.216+0000] {dagbag.py:540} INFO - Filling up the DagBag from /home/airflow/.local/lib/python3.8/site-packages/airflow/example_dags/example_short_circuit_operator.py
[2026-03-23T03:38:52.224+0000] {processor.py:840} INFO - DAG(s) 'example_short_circuit_operator' retrieved from /home/airflow/.local/lib/python3.8/site-packages/airflow/example_dags/example_short_circuit_operator.py
[2026-03-23T03:38:52.250+0000] {logging_mixin.py:188} INFO - [2026-03-23T03:38:52.250+0000] {dag.py:3047} INFO - Sync 1 DAGs
[2026-03-23T03:38:52.274+0000] {logging_mixin.py:188} INFO - [2026-03-23T03:38:52.274+0000] {dag.py:3834} INFO - Setting next_dagrun for example_short_circuit_operator to 2026-03-22 00:00:00+00:00, run_after=2026-03-23 00:00:00+00:00
[2026-03-23T03:38:52.298+0000] {processor.py:183} INFO - Processing /home/airflow/.local/lib/python3.8/site-packages/airflow/example_dags/example_short_circuit_operator.py took 0.089 seconds
[2026-03-23T03:39:22.681+0000] {processor.py:161} INFO - Started process (PID=300) to work on /home/airflow/.local/lib/python3.8/site-packages/airflow/example_dags/example_short_circuit_operator.py
[2026-03-23T03:39:22.682+0000] {processor.py:830} INFO - Processing file /home/airflow/.local/lib/python3.8/site-packages/airflow/example_dags/example_short_circuit_operator.py for tasks to queue
[2026-03-23T03:39:22.684+0000] {logging_mixin.py:188} INFO - [2026-03-23T03:39:22.684+0000] {dagbag.py:540} INFO - Filling up the DagBag from /home/airflow/.local/lib/python3.8/site-packages/airflow/example_dags/example_short_circuit_operator.py
[2026-03-23T03:39:22.691+0000] {processor.py:840} INFO - DAG(s) 'example_short_circuit_operator' retrieved from /home/airflow/.local/lib/python3.8/site-packages/airflow/example_dags/example_short_circuit_operator.py
[2026-03-23T03:39:22.715+0000] {logging_mixin.py:188} INFO - [2026-03-23T03:39:22.715+0000] {dag.py:3047} INFO - Sync 1 DAGs
[2026-03-23T03:39:22.736+0000] {logging_mixin.py:188} INFO - [2026-03-23T03:39:22.735+0000] {dag.py:3834} INFO - Setting next_dagrun for example_short_circuit_operator to 2026-03-22 00:00:00+00:00, run_after=2026-03-23 00:00:00+00:00
[2026-03-23T03:39:22.757+0000] {processor.py:183} INFO - Processing /home/airflow/.local/lib/python3.8/site-packages/airflow/example_dags/example_short_circuit_operator.py took 0.079 seconds
[2026-03-23T03:39:52.833+0000] {processor.py:161} INFO - Started process (PID=355) to work on /home/airflow/.local/lib/python3.8/site-packages/airflow/example_dags/example_short_circuit_operator.py
[2026-03-23T03:39:52.834+0000] {processor.py:830} INFO - Processing file /home/airflow/.local/lib/python3.8/site-packages/airflow/example_dags/example_short_circuit_operator.py for tasks to queue
[2026-03-23T03:39:52.836+0000] {logging_mixin.py:188} INFO - [2026-03-23T03:39:52.835+0000] {dagbag.py:540} INFO - Filling up the DagBag from /home/airflow/.local/lib/python3.8/site-packages/airflow/example_dags/example_short_circuit_operator.py
[2026-03-23T03:39:52.842+0000] {processor.py:840} INFO - DAG(s) 'example_short_circuit_operator' retrieved from /home/airflow/.local/lib/python3.8/site-packages/airflow/example_dags/example_short_circuit_operator.py
[2026-03-23T03:39:52.863+0000] {logging_mixin.py:188} INFO - [2026-03-23T03:39:52.863+0000] {dag.py:3047} INFO - Sync 1 DAGs
[2026-03-23T03:39:52.884+0000] {logging_mixin.py:188} INFO - [2026-03-23T03:39:52.884+0000] {dag.py:3834} INFO - Setting next_dagrun for example_short_circuit_operator to 2026-03-22 00:00:00+00:00, run_after=2026-03-23 00:00:00+00:00
[2026-03-23T03:39:52.904+0000] {processor.py:183} INFO - Processing /home/airflow/.local/lib/python3.8/site-packages/airflow/example_dags/example_short_circuit_operator.py took 0.074 seconds
[2026-03-23T03:40:23.325+0000] {processor.py:161} INFO - Started process (PID=410) to work on /home/airflow/.local/lib/python3.8/site-packages/airflow/example_dags/example_short_circuit_operator.py
[2026-03-23T03:40:23.327+0000] {processor.py:830} INFO - Processing file /home/airflow/.local/lib/python3.8/site-packages/airflow/example_dags/example_short_circuit_operator.py for tasks to queue
[2026-03-23T03:40:23.329+0000] {logging_mixin.py:188} INFO - [2026-03-23T03:40:23.329+0000] {dagbag.py:540} INFO - Filling up the DagBag from /home/airflow/.local/lib/python3.8/site-packages/airflow/example_dags/example_short_circuit_operator.py
[2026-03-23T03:40:23.336+0000] {processor.py:840} INFO - DAG(s) 'example_short_circuit_operator' retrieved from /home/airflow/.local/lib/python3.8/site-packages/airflow/example_dags/example_short_circuit_operator.py
[2026-03-23T03:40:23.361+0000] {logging_mixin.py:188} INFO - [2026-03-23T03:40:23.361+0000] {dag.py:3047} INFO - Sync 1 DAGs
[2026-03-23T03:40:23.383+0000] {logging_mixin.py:188} INFO - [2026-03-23T03:40:23.383+0000] {dag.py:3834} INFO - Setting next_dagrun for example_short_circuit_operator to 2026-03-22 00:00:00+00:00, run_after=2026-03-23 00:00:00+00:00
[2026-03-23T03:40:23.404+0000] {processor.py:183} INFO - Processing /home/airflow/.local/lib/python3.8/site-packages/airflow/example_dags/example_short_circuit_operator.py took 0.084 seconds
[2026-03-23T03:40:54.067+0000] {processor.py:161} INFO - Started process (PID=465) to work on /home/airflow/.local/lib/python3.8/site-packages/airflow/example_dags/example_short_circuit_operator.py
[2026-03-23T03:40:54.069+0000] {processor.py:830} INFO - Processing file /home/airflow/.local/lib/python3.8/site-packages/airflow/example_dags/example_short_circuit_operator.py for tasks to queue
[2026-03-23T03:40:54.071+0000] {logging_mixin.py:188} INFO - [2026-03-23T03:40:54.071+0000] {dagbag.py:540} INFO - Filling up the DagBag from /home/airflow/.local/lib/python3.8/site-packages/airflow/example_dags/example_short_circuit_operator.py
[2026-03-23T03:40:54.082+0000] {processor.py:840} INFO - DAG(s) 'example_short_circuit_operator' retrieved from /home/airflow/.local/lib/python3.8/site-packages/airflow/example_dags/example_short_circuit_operator.py
[2026-03-23T03:40:54.113+0000] {logging_mixin.py:188} INFO - [2026-03-23T03:40:54.113+0000] {dag.py:3047} INFO - Sync 1 DAGs
[2026-03-23T03:40:54.146+0000] {logging_mixin.py:188} INFO - [2026-03-23T03:40:54.145+0000] {dag.py:3834} INFO - Setting next_dagrun for example_short_circuit_operator to 2026-03-22 00:00:00+00:00, run_after=2026-03-23 00:00:00+00:00
[2026-03-23T03:40:54.192+0000] {processor.py:183} INFO - Processing /home/airflow/.local/lib/python3.8/site-packages/airflow/example_dags/example_short_circuit_operator.py took 0.128 seconds
[2026-03-23T03:41:24.924+0000] {processor.py:161} INFO - Started process (PID=520) to work on /home/airflow/.local/lib/python3.8/site-packages/airflow/example_dags/example_short_circuit_operator.py
[2026-03-23T03:41:24.926+0000] {processor.py:830} INFO - Processing file /home/airflow/.local/lib/python3.8/site-packages/airflow/example_dags/example_short_circuit_operator.py for tasks to queue
[2026-03-23T03:41:24.929+0000] {logging_mixin.py:188} INFO - [2026-03-23T03:41:24.928+0000] {dagbag.py:540} INFO - Filling up the DagBag from /home/airflow/.local/lib/python3.8/site-packages/airflow/example_dags/example_short_circuit_operator.py
[2026-03-23T03:41:24.937+0000] {processor.py:840} INFO - DAG(s) 'example_short_circuit_operator' retrieved from /home/airflow/.local/lib/python3.8/site-packages/airflow/example_dags/example_short_circuit_operator.py
[2026-03-23T03:41:24.964+0000] {logging_mixin.py:188} INFO - [2026-03-23T03:41:24.964+0000] {dag.py:3047} INFO - Sync 1 DAGs
[2026-03-23T03:41:24.988+0000] {logging_mixin.py:188} INFO - [2026-03-23T03:41:24.988+0000] {dag.py:3834} INFO - Setting next_dagrun for example_short_circuit_operator to 2026-03-22 00:00:00+00:00, run_after=2026-03-23 00:00:00+00:00
[2026-03-23T03:41:25.012+0000] {processor.py:183} INFO - Processing /home/airflow/.local/lib/python3.8/site-packages/airflow/example_dags/example_short_circuit_operator.py took 0.091 seconds
[2026-03-23T03:41:55.129+0000] {processor.py:161} INFO - Started process (PID=575) to work on /home/airflow/.local/lib/python3.8/site-packages/airflow/example_dags/example_short_circuit_operator.py
[2026-03-23T03:41:55.130+0000] {processor.py:830} INFO - Processing file /home/airflow/.local/lib/python3.8/site-packages/airflow/example_dags/example_short_circuit_operator.py for tasks to queue
[2026-03-23T03:41:55.132+0000] {logging_mixin.py:188} INFO - [2026-03-23T03:41:55.132+0000] {dagbag.py:540} INFO - Filling up the DagBag from /home/airflow/.local/lib/python3.8/site-packages/airflow/example_dags/example_short_circuit_operator.py
[2026-03-23T03:41:55.140+0000] {processor.py:840} INFO - DAG(s) 'example_short_circuit_operator' retrieved from /home/airflow/.local/lib/python3.8/site-packages/airflow/example_dags/example_short_circuit_operator.py
[2026-03-23T03:41:55.170+0000] {logging_mixin.py:188} INFO - [2026-03-23T03:41:55.169+0000] {dag.py:3047} INFO - Sync 1 DAGs
[2026-03-23T03:41:55.192+0000] {logging_mixin.py:188} INFO - [2026-03-23T03:41:55.192+0000] {dag.py:3834} INFO - Setting next_dagrun for example_short_circuit_operator to 2026-03-22 00:00:00+00:00, run_after=2026-03-23 00:00:00+00:00
[2026-03-23T03:41:55.215+0000] {processor.py:183} INFO - Processing /home/airflow/.local/lib/python3.8/site-packages/airflow/example_dags/example_short_circuit_operator.py took 0.090 seconds
[2026-03-23T03:42:25.315+0000] {processor.py:161} INFO - Started process (PID=630) to work on /home/airflow/.local/lib/python3.8/site-packages/airflow/example_dags/example_short_circuit_operator.py
[2026-03-23T03:42:25.316+0000] {processor.py:830} INFO - Processing file /home/airflow/.local/lib/python3.8/site-packages/airflow/example_dags/example_short_circuit_operator.py for tasks to queue
[2026-03-23T03:42:25.319+0000] {logging_mixin.py:188} INFO - [2026-03-23T03:42:25.318+0000] {dagbag.py:540} INFO - Filling up the DagBag from /home/airflow/.local/lib/python3.8/site-packages/airflow/example_dags/example_short_circuit_operator.py
[2026-03-23T03:42:25.327+0000] {processor.py:840} INFO - DAG(s) 'example_short_circuit_operator' retrieved from /home/airflow/.local/lib/python3.8/site-packages/airflow/example_dags/example_short_circuit_operator.py
[2026-03-23T03:42:25.354+0000] {logging_mixin.py:188} INFO - [2026-03-23T03:42:25.353+0000] {dag.py:3047} INFO - Sync 1 DAGs
[2026-03-23T03:42:25.377+0000] {logging_mixin.py:188} INFO - [2026-03-23T03:42:25.377+0000] {dag.py:3834} INFO - Setting next_dagrun for example_short_circuit_operator to 2026-03-22 00:00:00+00:00, run_after=2026-03-23 00:00:00+00:00
[2026-03-23T03:42:25.402+0000] {processor.py:183} INFO - Processing /home/airflow/.local/lib/python3.8/site-packages/airflow/example_dags/example_short_circuit_operator.py took 0.090 seconds
[2026-03-23T03:42:55.924+0000] {processor.py:161} INFO - Started process (PID=685) to work on /home/airflow/.local/lib/python3.8/site-packages/airflow/example_dags/example_short_circuit_operator.py
[2026-03-23T03:42:55.925+0000] {processor.py:830} INFO - Processing file /home/airflow/.local/lib/python3.8/site-packages/airflow/example_dags/example_short_circuit_operator.py for tasks to queue
[2026-03-23T03:42:55.927+0000] {logging_mixin.py:188} INFO - [2026-03-23T03:42:55.927+0000] {dagbag.py:540} INFO - Filling up the DagBag from /home/airflow/.local/lib/python3.8/site-packages/airflow/example_dags/example_short_circuit_operator.py
[2026-03-23T03:42:55.936+0000] {processor.py:840} INFO - DAG(s) 'example_short_circuit_operator' retrieved from /home/airflow/.local/lib/python3.8/site-packages/airflow/example_dags/example_short_circuit_operator.py
[2026-03-23T03:42:55.962+0000] {logging_mixin.py:188} INFO - [2026-03-23T03:42:55.961+0000] {dag.py:3047} INFO - Sync 1 DAGs
[2026-03-23T03:42:55.985+0000] {logging_mixin.py:188} INFO - [2026-03-23T03:42:55.985+0000] {dag.py:3834} INFO - Setting next_dagrun for example_short_circuit_operator to 2026-03-22 00:00:00+00:00, run_after=2026-03-23 00:00:00+00:00
[2026-03-23T03:42:56.009+0000] {processor.py:183} INFO - Processing /home/airflow/.local/lib/python3.8/site-packages/airflow/example_dags/example_short_circuit_operator.py took 0.088 seconds
[2026-03-23T03:43:26.322+0000] {processor.py:161} INFO - Started process (PID=740) to work on /home/airflow/.local/lib/python3.8/site-packages/airflow/example_dags/example_short_circuit_operator.py
[2026-03-23T03:43:26.324+0000] {processor.py:830} INFO - Processing file /home/airflow/.local/lib/python3.8/site-packages/airflow/example_dags/example_short_circuit_operator.py for tasks to queue
[2026-03-23T03:43:26.326+0000] {logging_mixin.py:188} INFO - [2026-03-23T03:43:26.325+0000] {dagbag.py:540} INFO - Filling up the DagBag from /home/airflow/.local/lib/python3.8/site-packages/airflow/example_dags/example_short_circuit_operator.py
[2026-03-23T03:43:26.333+0000] {processor.py:840} INFO - DAG(s) 'example_short_circuit_operator' retrieved from /home/airflow/.local/lib/python3.8/site-packages/airflow/example_dags/example_short_circuit_operator.py
[2026-03-23T03:43:26.357+0000] {logging_mixin.py:188} INFO - [2026-03-23T03:43:26.357+0000] {dag.py:3047} INFO - Sync 1 DAGs
[2026-03-23T03:43:26.380+0000] {logging_mixin.py:188} INFO - [2026-03-23T03:43:26.379+0000] {dag.py:3834} INFO - Setting next_dagrun for example_short_circuit_operator to 2026-03-22 00:00:00+00:00, run_after=2026-03-23 00:00:00+00:00
[2026-03-23T03:43:26.403+0000] {processor.py:183} INFO - Processing /home/airflow/.local/lib/python3.8/site-packages/airflow/example_dags/example_short_circuit_operator.py took 0.084 seconds
[2026-03-23T03:43:56.810+0000] {processor.py:161} INFO - Started process (PID=795) to work on /home/airflow/.local/lib/python3.8/site-packages/airflow/example_dags/example_short_circuit_operator.py
[2026-03-23T03:43:56.811+0000] {processor.py:830} INFO - Processing file /home/airflow/.local/lib/python3.8/site-packages/airflow/example_dags/example_short_circuit_operator.py for tasks to queue
[2026-03-23T03:43:56.814+0000] {logging_mixin.py:188} INFO - [2026-03-23T03:43:56.813+0000] {dagbag.py:540} INFO - Filling up the DagBag from /home/airflow/.local/lib/python3.8/site-packages/airflow/example_dags/example_short_circuit_operator.py
[2026-03-23T03:43:56.822+0000] {processor.py:840} INFO - DAG(s) 'example_short_circuit_operator' retrieved from /home/airflow/.local/lib/python3.8/site-packages/airflow/example_dags/example_short_circuit_operator.py
[2026-03-23T03:43:56.847+0000] {logging_mixin.py:188} INFO - [2026-03-23T03:43:56.846+0000] {dag.py:3047} INFO - Sync 1 DAGs
[2026-03-23T03:43:56.871+0000] {logging_mixin.py:188} INFO - [2026-03-23T03:43:56.871+0000] {dag.py:3834} INFO - Setting next_dagrun for example_short_circuit_operator to 2026-03-22 00:00:00+00:00, run_after=2026-03-23 00:00:00+00:00
[2026-03-23T03:43:56.893+0000] {processor.py:183} INFO - Processing /home/airflow/.local/lib/python3.8/site-packages/airflow/example_dags/example_short_circuit_operator.py took 0.087 seconds
[2026-03-23T03:44:27.418+0000] {processor.py:161} INFO - Started process (PID=850) to work on /home/airflow/.local/lib/python3.8/site-packages/airflow/example_dags/example_short_circuit_operator.py
[2026-03-23T03:44:27.419+0000] {processor.py:830} INFO - Processing file /home/airflow/.local/lib/python3.8/site-packages/airflow/example_dags/example_short_circuit_operator.py for tasks to queue
[2026-03-23T03:44:27.421+0000] {logging_mixin.py:188} INFO - [2026-03-23T03:44:27.421+0000] {dagbag.py:540} INFO - Filling up the DagBag from /home/airflow/.local/lib/python3.8/site-packages/airflow/example_dags/example_short_circuit_operator.py
[2026-03-23T03:44:27.429+0000] {processor.py:840} INFO - DAG(s) 'example_short_circuit_operator' retrieved from /home/airflow/.local/lib/python3.8/site-packages/airflow/example_dags/example_short_circuit_operator.py
[2026-03-23T03:44:27.455+0000] {logging_mixin.py:188} INFO - [2026-03-23T03:44:27.455+0000] {dag.py:3047} INFO - Sync 1 DAGs
[2026-03-23T03:44:27.480+0000] {logging_mixin.py:188} INFO - [2026-03-23T03:44:27.480+0000] {dag.py:3834} INFO - Setting next_dagrun for example_short_circuit_operator to 2026-03-22 00:00:00+00:00, run_after=2026-03-23 00:00:00+00:00
[2026-03-23T03:44:27.501+0000] {processor.py:183} INFO - Processing /home/airflow/.local/lib/python3.8/site-packages/airflow/example_dags/example_short_circuit_operator.py took 0.086 seconds
[2026-03-23T03:44:57.779+0000] {processor.py:161} INFO - Started process (PID=905) to work on /home/airflow/.local/lib/python3.8/site-packages/airflow/example_dags/example_short_circuit_operator.py
[2026-03-23T03:44:57.780+0000] {processor.py:830} INFO - Processing file /home/airflow/.local/lib/python3.8/site-packages/airflow/example_dags/example_short_circuit_operator.py for tasks to queue
[2026-03-23T03:44:57.783+0000] {logging_mixin.py:188} INFO - [2026-03-23T03:44:57.783+0000] {dagbag.py:540} INFO - Filling up the DagBag from /home/airflow/.local/lib/python3.8/site-packages/airflow/example_dags/example_short_circuit_operator.py
[2026-03-23T03:44:57.793+0000] {processor.py:840} INFO - DAG(s) 'example_short_circuit_operator' retrieved from /home/airflow/.local/lib/python3.8/site-packages/airflow/example_dags/example_short_circuit_operator.py
[2026-03-23T03:44:57.819+0000] {logging_mixin.py:188} INFO - [2026-03-23T03:44:57.819+0000] {dag.py:3047} INFO - Sync 1 DAGs
[2026-03-23T03:44:57.843+0000] {logging_mixin.py:188} INFO - [2026-03-23T03:44:57.843+0000] {dag.py:3834} INFO - Setting next_dagrun for example_short_circuit_operator to 2026-03-22 00:00:00+00:00, run_after=2026-03-23 00:00:00+00:00
[2026-03-23T03:44:57.870+0000] {processor.py:183} INFO - Processing /home/airflow/.local/lib/python3.8/site-packages/airflow/example_dags/example_short_circuit_operator.py took 0.095 seconds
[2026-03-23T03:45:28.197+0000] {processor.py:161} INFO - Started process (PID=960) to work on /home/airflow/.local/lib/python3.8/site-packages/airflow/example_dags/example_short_circuit_operator.py
[2026-03-23T03:45:28.198+0000] {processor.py:830} INFO - Processing file /home/airflow/.local/lib/python3.8/site-packages/airflow/example_dags/example_short_circuit_operator.py for tasks to queue
[2026-03-23T03:45:28.200+0000] {logging_mixin.py:188} INFO - [2026-03-23T03:45:28.200+0000] {dagbag.py:540} INFO - Filling up the DagBag from /home/airflow/.local/lib/python3.8/site-packages/airflow/example_dags/example_short_circuit_operator.py
[2026-03-23T03:45:28.208+0000] {processor.py:840} INFO - DAG(s) 'example_short_circuit_operator' retrieved from /home/airflow/.local/lib/python3.8/site-packages/airflow/example_dags/example_short_circuit_operator.py
[2026-03-23T03:45:28.232+0000] {logging_mixin.py:188} INFO - [2026-03-23T03:45:28.232+0000] {dag.py:3047} INFO - Sync 1 DAGs
[2026-03-23T03:45:28.252+0000] {logging_mixin.py:188} INFO - [2026-03-23T03:45:28.252+0000] {dag.py:3834} INFO - Setting next_dagrun for example_short_circuit_operator to 2026-03-22 00:00:00+00:00, run_after=2026-03-23 00:00:00+00:00
[2026-03-23T03:45:28.273+0000] {processor.py:183} INFO - Processing /home/airflow/.local/lib/python3.8/site-packages/airflow/example_dags/example_short_circuit_operator.py took 0.079 seconds
[2026-03-23T03:45:58.449+0000] {processor.py:161} INFO - Started process (PID=1015) to work on /home/airflow/.local/lib/python3.8/site-packages/airflow/example_dags/example_short_circuit_operator.py
[2026-03-23T03:45:58.450+0000] {processor.py:830} INFO - Processing file /home/airflow/.local/lib/python3.8/site-packages/airflow/example_dags/example_short_circuit_operator.py for tasks to queue
[2026-03-23T03:45:58.451+0000] {logging_mixin.py:188} INFO - [2026-03-23T03:45:58.451+0000] {dagbag.py:540} INFO - Filling up the DagBag from /home/airflow/.local/lib/python3.8/site-packages/airflow/example_dags/example_short_circuit_operator.py
[2026-03-23T03:45:58.458+0000] {processor.py:840} INFO - DAG(s) 'example_short_circuit_operator' retrieved from /home/airflow/.local/lib/python3.8/site-packages/airflow/example_dags/example_short_circuit_operator.py
[2026-03-23T03:45:58.484+0000] {logging_mixin.py:188} INFO - [2026-03-23T03:45:58.483+0000] {dag.py:3047} INFO - Sync 1 DAGs
[2026-03-23T03:45:58.504+0000] {logging_mixin.py:188} INFO - [2026-03-23T03:45:58.504+0000] {dag.py:3834} INFO - Setting next_dagrun for example_short_circuit_operator to 2026-03-22 00:00:00+00:00, run_after=2026-03-23 00:00:00+00:00
[2026-03-23T03:45:58.525+0000] {processor.py:183} INFO - Processing /home/airflow/.local/lib/python3.8/site-packages/airflow/example_dags/example_short_circuit_operator.py took 0.079 seconds
[2026-03-23T03:46:28.744+0000] {processor.py:161} INFO - Started process (PID=1070) to work on /home/airflow/.local/lib/python3.8/site-packages/airflow/example_dags/example_short_circuit_operator.py
[2026-03-23T03:46:28.745+0000] {processor.py:830} INFO - Processing file /home/airflow/.local/lib/python3.8/site-packages/airflow/example_dags/example_short_circuit_operator.py for tasks to queue
[2026-03-23T03:46:28.747+0000] {logging_mixin.py:188} INFO - [2026-03-23T03:46:28.746+0000] {dagbag.py:540} INFO - Filling up the DagBag from /home/airflow/.local/lib/python3.8/site-packages/airflow/example_dags/example_short_circuit_operator.py
[2026-03-23T03:46:28.753+0000] {processor.py:840} INFO - DAG(s) 'example_short_circuit_operator' retrieved from /home/airflow/.local/lib/python3.8/site-packages/airflow/example_dags/example_short_circuit_operator.py
[2026-03-23T03:46:28.776+0000] {logging_mixin.py:188} INFO - [2026-03-23T03:46:28.776+0000] {dag.py:3047} INFO - Sync 1 DAGs
[2026-03-23T03:46:28.798+0000] {logging_mixin.py:188} INFO - [2026-03-23T03:46:28.798+0000] {dag.py:3834} INFO - Setting next_dagrun for example_short_circuit_operator to 2026-03-22 00:00:00+00:00, run_after=2026-03-23 00:00:00+00:00
[2026-03-23T03:46:28.819+0000] {processor.py:183} INFO - Processing /home/airflow/.local/lib/python3.8/site-packages/airflow/example_dags/example_short_circuit_operator.py took 0.078 seconds
[2026-03-23T03:46:59.192+0000] {processor.py:161} INFO - Started process (PID=1125) to work on /home/airflow/.local/lib/python3.8/site-packages/airflow/example_dags/example_short_circuit_operator.py
[2026-03-23T03:46:59.193+0000] {processor.py:830} INFO - Processing file /home/airflow/.local/lib/python3.8/site-packages/airflow/example_dags/example_short_circuit_operator.py for tasks to queue
[2026-03-23T03:46:59.195+0000] {logging_mixin.py:188} INFO - [2026-03-23T03:46:59.195+0000] {dagbag.py:540} INFO - Filling up the DagBag from /home/airflow/.local/lib/python3.8/site-packages/airflow/example_dags/example_short_circuit_operator.py
[2026-03-23T03:46:59.202+0000] {processor.py:840} INFO - DAG(s) 'example_short_circuit_operator' retrieved from /home/airflow/.local/lib/python3.8/site-packages/airflow/example_dags/example_short_circuit_operator.py
[2026-03-23T03:46:59.224+0000] {logging_mixin.py:188} INFO - [2026-03-23T03:46:59.224+0000] {dag.py:3047} INFO - Sync 1 DAGs
[2026-03-23T03:46:59.244+0000] {logging_mixin.py:188} INFO - [2026-03-23T03:46:59.243+0000] {dag.py:3834} INFO - Setting next_dagrun for example_short_circuit_operator to 2026-03-22 00:00:00+00:00, run_after=2026-03-23 00:00:00+00:00
[2026-03-23T03:46:59.266+0000] {processor.py:183} INFO - Processing /home/airflow/.local/lib/python3.8/site-packages/airflow/example_dags/example_short_circuit_operator.py took 0.076 seconds
[2026-03-23T03:47:29.451+0000] {processor.py:161} INFO - Started process (PID=1180) to work on /home/airflow/.local/lib/python3.8/site-packages/airflow/example_dags/example_short_circuit_operator.py
[2026-03-23T03:47:29.452+0000] {processor.py:830} INFO - Processing file /home/airflow/.local/lib/python3.8/site-packages/airflow/example_dags/example_short_circuit_operator.py for tasks to queue
[2026-03-23T03:47:29.454+0000] {logging_mixin.py:188} INFO - [2026-03-23T03:47:29.453+0000] {dagbag.py:540} INFO - Filling up the DagBag from /home/airflow/.local/lib/python3.8/site-packages/airflow/example_dags/example_short_circuit_operator.py
[2026-03-23T03:47:29.460+0000] {processor.py:840} INFO - DAG(s) 'example_short_circuit_operator' retrieved from /home/airflow/.local/lib/python3.8/site-packages/airflow/example_dags/example_short_circuit_operator.py
[2026-03-23T03:47:29.481+0000] {logging_mixin.py:188} INFO - [2026-03-23T03:47:29.480+0000] {dag.py:3047} INFO - Sync 1 DAGs
[2026-03-23T03:47:29.501+0000] {logging_mixin.py:188} INFO - [2026-03-23T03:47:29.500+0000] {dag.py:3834} INFO - Setting next_dagrun for example_short_circuit_operator to 2026-03-22 00:00:00+00:00, run_after=2026-03-23 00:00:00+00:00
[2026-03-23T03:47:29.521+0000] {processor.py:183} INFO - Processing /home/airflow/.local/lib/python3.8/site-packages/airflow/example_dags/example_short_circuit_operator.py took 0.073 seconds
[2026-03-23T03:47:59.705+0000] {processor.py:161} INFO - Started process (PID=1235) to work on /home/airflow/.local/lib/python3.8/site-packages/airflow/example_dags/example_short_circuit_operator.py
[2026-03-23T03:47:59.706+0000] {processor.py:830} INFO - Processing file /home/airflow/.local/lib/python3.8/site-packages/airflow/example_dags/example_short_circuit_operator.py for tasks to queue
[2026-03-23T03:47:59.708+0000] {logging_mixin.py:188} INFO - [2026-03-23T03:47:59.707+0000] {dagbag.py:540} INFO - Filling up the DagBag from /home/airflow/.local/lib/python3.8/site-packages/airflow/example_dags/example_short_circuit_operator.py
[2026-03-23T03:47:59.715+0000] {processor.py:840} INFO - DAG(s) 'example_short_circuit_operator' retrieved from /home/airflow/.local/lib/python3.8/site-packages/airflow/example_dags/example_short_circuit_operator.py
[2026-03-23T03:47:59.739+0000] {logging_mixin.py:188} INFO - [2026-03-23T03:47:59.739+0000] {dag.py:3047} INFO - Sync 1 DAGs
[2026-03-23T03:47:59.760+0000] {logging_mixin.py:188} INFO - [2026-03-23T03:47:59.760+0000] {dag.py:3834} INFO - Setting next_dagrun for example_short_circuit_operator to 2026-03-22 00:00:00+00:00, run_after=2026-03-23 00:00:00+00:00
[2026-03-23T03:47:59.783+0000] {processor.py:183} INFO - Processing /home/airflow/.local/lib/python3.8/site-packages/airflow/example_dags/example_short_circuit_operator.py took 0.081 seconds
[2026-03-23T03:48:30.112+0000] {processor.py:161} INFO - Started process (PID=1290) to work on /home/airflow/.local/lib/python3.8/site-packages/airflow/example_dags/example_short_circuit_operator.py
[2026-03-23T03:48:30.113+0000] {processor.py:830} INFO - Processing file /home/airflow/.local/lib/python3.8/site-packages/airflow/example_dags/example_short_circuit_operator.py for tasks to queue
[2026-03-23T03:48:30.115+0000] {logging_mixin.py:188} INFO - [2026-03-23T03:48:30.115+0000] {dagbag.py:540} INFO - Filling up the DagBag from /home/airflow/.local/lib/python3.8/site-packages/airflow/example_dags/example_short_circuit_operator.py
[2026-03-23T03:48:30.125+0000] {processor.py:840} INFO - DAG(s) 'example_short_circuit_operator' retrieved from /home/airflow/.local/lib/python3.8/site-packages/airflow/example_dags/example_short_circuit_operator.py
[2026-03-23T03:48:30.154+0000] {logging_mixin.py:188} INFO - [2026-03-23T03:48:30.154+0000] {dag.py:3047} INFO - Sync 1 DAGs
[2026-03-23T03:48:30.181+0000] {logging_mixin.py:188} INFO - [2026-03-23T03:48:30.181+0000] {dag.py:3834} INFO - Setting next_dagrun for example_short_circuit_operator to 2026-03-22 00:00:00+00:00, run_after=2026-03-23 00:00:00+00:00
[2026-03-23T03:48:30.208+0000] {processor.py:183} INFO - Processing /home/airflow/.local/lib/python3.8/site-packages/airflow/example_dags/example_short_circuit_operator.py took 0.100 seconds
[2026-03-23T03:49:00.470+0000] {processor.py:161} INFO - Started process (PID=1345) to work on /home/airflow/.local/lib/python3.8/site-packages/airflow/example_dags/example_short_circuit_operator.py
[2026-03-23T03:49:00.472+0000] {processor.py:830} INFO - Processing file /home/airflow/.local/lib/python3.8/site-packages/airflow/example_dags/example_short_circuit_operator.py for tasks to queue
[2026-03-23T03:49:00.474+0000] {logging_mixin.py:188} INFO - [2026-03-23T03:49:00.474+0000] {dagbag.py:540} INFO - Filling up the DagBag from /home/airflow/.local/lib/python3.8/site-packages/airflow/example_dags/example_short_circuit_operator.py
[2026-03-23T03:49:00.486+0000] {processor.py:840} INFO - DAG(s) 'example_short_circuit_operator' retrieved from /home/airflow/.local/lib/python3.8/site-packages/airflow/example_dags/example_short_circuit_operator.py
[2026-03-23T03:49:00.517+0000] {logging_mixin.py:188} INFO - [2026-03-23T03:49:00.516+0000] {dag.py:3047} INFO - Sync 1 DAGs
[2026-03-23T03:49:00.546+0000] {logging_mixin.py:188} INFO - [2026-03-23T03:49:00.546+0000] {dag.py:3834} INFO - Setting next_dagrun for example_short_circuit_operator to 2026-03-22 00:00:00+00:00, run_after=2026-03-23 00:00:00+00:00
[2026-03-23T03:49:00.580+0000] {processor.py:183} INFO - Processing /home/airflow/.local/lib/python3.8/site-packages/airflow/example_dags/example_short_circuit_operator.py took 0.113 seconds
[2026-03-23T03:49:30.804+0000] {processor.py:161} INFO - Started process (PID=1400) to work on /home/airflow/.local/lib/python3.8/site-packages/airflow/example_dags/example_short_circuit_operator.py
[2026-03-23T03:49:30.807+0000] {processor.py:830} INFO - Processing file /home/airflow/.local/lib/python3.8/site-packages/airflow/example_dags/example_short_circuit_operator.py for tasks to queue
[2026-03-23T03:49:30.809+0000] {logging_mixin.py:188} INFO - [2026-03-23T03:49:30.808+0000] {dagbag.py:540} INFO - Filling up the DagBag from /home/airflow/.local/lib/python3.8/site-packages/airflow/example_dags/example_short_circuit_operator.py
[2026-03-23T03:49:30.817+0000] {processor.py:840} INFO - DAG(s) 'example_short_circuit_operator' retrieved from /home/airflow/.local/lib/python3.8/site-packages/airflow/example_dags/example_short_circuit_operator.py
[2026-03-23T03:49:30.845+0000] {logging_mixin.py:188} INFO - [2026-03-23T03:49:30.845+0000] {dag.py:3047} INFO - Sync 1 DAGs
[2026-03-23T03:49:30.873+0000] {logging_mixin.py:188} INFO - [2026-03-23T03:49:30.873+0000] {dag.py:3834} INFO - Setting next_dagrun for example_short_circuit_operator to 2026-03-22 00:00:00+00:00, run_after=2026-03-23 00:00:00+00:00
[2026-03-23T03:49:30.898+0000] {processor.py:183} INFO - Processing /home/airflow/.local/lib/python3.8/site-packages/airflow/example_dags/example_short_circuit_operator.py took 0.099 seconds
[2026-03-23T03:50:47.232+0000] {processor.py:161} INFO - Started process (PID=74) to work on /home/airflow/.local/lib/python3.8/site-packages/airflow/example_dags/example_short_circuit_operator.py
[2026-03-23T03:50:47.233+0000] {processor.py:830} INFO - Processing file /home/airflow/.local/lib/python3.8/site-packages/airflow/example_dags/example_short_circuit_operator.py for tasks to queue
[2026-03-23T03:50:47.236+0000] {logging_mixin.py:188} INFO - [2026-03-23T03:50:47.235+0000] {dagbag.py:540} INFO - Filling up the DagBag from /home/airflow/.local/lib/python3.8/site-packages/airflow/example_dags/example_short_circuit_operator.py
[2026-03-23T03:50:47.249+0000] {processor.py:840} INFO - DAG(s) 'example_short_circuit_operator' retrieved from /home/airflow/.local/lib/python3.8/site-packages/airflow/example_dags/example_short_circuit_operator.py
[2026-03-23T03:50:47.268+0000] {logging_mixin.py:188} INFO - [2026-03-23T03:50:47.268+0000] {dag.py:3047} INFO - Sync 1 DAGs
[2026-03-23T03:50:47.302+0000] {logging_mixin.py:188} INFO - [2026-03-23T03:50:47.302+0000] {dag.py:3834} INFO - Setting next_dagrun for example_short_circuit_operator to 2026-03-22 00:00:00+00:00, run_after=2026-03-23 00:00:00+00:00
[2026-03-23T03:50:47.339+0000] {processor.py:183} INFO - Processing /home/airflow/.local/lib/python3.8/site-packages/airflow/example_dags/example_short_circuit_operator.py took 0.113 seconds
[2026-03-23T03:51:18.622+0000] {processor.py:161} INFO - Started process (PID=135) to work on /home/airflow/.local/lib/python3.8/site-packages/airflow/example_dags/example_short_circuit_operator.py
[2026-03-23T03:51:18.623+0000] {processor.py:830} INFO - Processing file /home/airflow/.local/lib/python3.8/site-packages/airflow/example_dags/example_short_circuit_operator.py for tasks to queue
[2026-03-23T03:51:18.625+0000] {logging_mixin.py:188} INFO - [2026-03-23T03:51:18.625+0000] {dagbag.py:540} INFO - Filling up the DagBag from /home/airflow/.local/lib/python3.8/site-packages/airflow/example_dags/example_short_circuit_operator.py
[2026-03-23T03:51:18.633+0000] {processor.py:840} INFO - DAG(s) 'example_short_circuit_operator' retrieved from /home/airflow/.local/lib/python3.8/site-packages/airflow/example_dags/example_short_circuit_operator.py
[2026-03-23T03:51:18.744+0000] {logging_mixin.py:188} INFO - [2026-03-23T03:51:18.743+0000] {dag.py:3047} INFO - Sync 1 DAGs
[2026-03-23T03:51:18.764+0000] {logging_mixin.py:188} INFO - [2026-03-23T03:51:18.764+0000] {dag.py:3834} INFO - Setting next_dagrun for example_short_circuit_operator to 2026-03-22 00:00:00+00:00, run_after=2026-03-23 00:00:00+00:00
[2026-03-23T03:51:18.790+0000] {processor.py:183} INFO - Processing /home/airflow/.local/lib/python3.8/site-packages/airflow/example_dags/example_short_circuit_operator.py took 0.171 seconds
[2026-03-23T03:51:49.079+0000] {processor.py:161} INFO - Started process (PID=190) to work on /home/airflow/.local/lib/python3.8/site-packages/airflow/example_dags/example_short_circuit_operator.py
[2026-03-23T03:51:49.081+0000] {processor.py:830} INFO - Processing file /home/airflow/.local/lib/python3.8/site-packages/airflow/example_dags/example_short_circuit_operator.py for tasks to queue
[2026-03-23T03:51:49.083+0000] {logging_mixin.py:188} INFO - [2026-03-23T03:51:49.082+0000] {dagbag.py:540} INFO - Filling up the DagBag from /home/airflow/.local/lib/python3.8/site-packages/airflow/example_dags/example_short_circuit_operator.py
[2026-03-23T03:51:49.093+0000] {processor.py:840} INFO - DAG(s) 'example_short_circuit_operator' retrieved from /home/airflow/.local/lib/python3.8/site-packages/airflow/example_dags/example_short_circuit_operator.py
[2026-03-23T03:51:49.123+0000] {logging_mixin.py:188} INFO - [2026-03-23T03:51:49.122+0000] {dag.py:3047} INFO - Sync 1 DAGs
[2026-03-23T03:51:49.152+0000] {logging_mixin.py:188} INFO - [2026-03-23T03:51:49.151+0000] {dag.py:3834} INFO - Setting next_dagrun for example_short_circuit_operator to 2026-03-22 00:00:00+00:00, run_after=2026-03-23 00:00:00+00:00
[2026-03-23T03:51:49.181+0000] {processor.py:183} INFO - Processing /home/airflow/.local/lib/python3.8/site-packages/airflow/example_dags/example_short_circuit_operator.py took 0.106 seconds
[2026-03-23T03:52:19.459+0000] {processor.py:161} INFO - Started process (PID=245) to work on /home/airflow/.local/lib/python3.8/site-packages/airflow/example_dags/example_short_circuit_operator.py
[2026-03-23T03:52:19.460+0000] {processor.py:830} INFO - Processing file /home/airflow/.local/lib/python3.8/site-packages/airflow/example_dags/example_short_circuit_operator.py for tasks to queue
[2026-03-23T03:52:19.463+0000] {logging_mixin.py:188} INFO - [2026-03-23T03:52:19.462+0000] {dagbag.py:540} INFO - Filling up the DagBag from /home/airflow/.local/lib/python3.8/site-packages/airflow/example_dags/example_short_circuit_operator.py
[2026-03-23T03:52:19.472+0000] {processor.py:840} INFO - DAG(s) 'example_short_circuit_operator' retrieved from /home/airflow/.local/lib/python3.8/site-packages/airflow/example_dags/example_short_circuit_operator.py
[2026-03-23T03:52:19.507+0000] {logging_mixin.py:188} INFO - [2026-03-23T03:52:19.506+0000] {dag.py:3047} INFO - Sync 1 DAGs
[2026-03-23T03:52:19.535+0000] {logging_mixin.py:188} INFO - [2026-03-23T03:52:19.535+0000] {dag.py:3834} INFO - Setting next_dagrun for example_short_circuit_operator to 2026-03-22 00:00:00+00:00, run_after=2026-03-23 00:00:00+00:00
[2026-03-23T03:52:19.562+0000] {processor.py:183} INFO - Processing /home/airflow/.local/lib/python3.8/site-packages/airflow/example_dags/example_short_circuit_operator.py took 0.107 seconds
[2026-03-23T03:52:50.453+0000] {processor.py:161} INFO - Started process (PID=300) to work on /home/airflow/.local/lib/python3.8/site-packages/airflow/example_dags/example_short_circuit_operator.py
[2026-03-23T03:52:50.454+0000] {processor.py:830} INFO - Processing file /home/airflow/.local/lib/python3.8/site-packages/airflow/example_dags/example_short_circuit_operator.py for tasks to queue
[2026-03-23T03:52:50.456+0000] {logging_mixin.py:188} INFO - [2026-03-23T03:52:50.456+0000] {dagbag.py:540} INFO - Filling up the DagBag from /home/airflow/.local/lib/python3.8/site-packages/airflow/example_dags/example_short_circuit_operator.py
[2026-03-23T03:52:50.463+0000] {processor.py:840} INFO - DAG(s) 'example_short_circuit_operator' retrieved from /home/airflow/.local/lib/python3.8/site-packages/airflow/example_dags/example_short_circuit_operator.py
[2026-03-23T03:52:50.488+0000] {logging_mixin.py:188} INFO - [2026-03-23T03:52:50.488+0000] {dag.py:3047} INFO - Sync 1 DAGs
[2026-03-23T03:52:50.514+0000] {logging_mixin.py:188} INFO - [2026-03-23T03:52:50.514+0000] {dag.py:3834} INFO - Setting next_dagrun for example_short_circuit_operator to 2026-03-22 00:00:00+00:00, run_after=2026-03-23 00:00:00+00:00
[2026-03-23T03:52:50.538+0000] {processor.py:183} INFO - Processing /home/airflow/.local/lib/python3.8/site-packages/airflow/example_dags/example_short_circuit_operator.py took 0.088 seconds
[2026-03-23T03:53:20.961+0000] {processor.py:161} INFO - Started process (PID=355) to work on /home/airflow/.local/lib/python3.8/site-packages/airflow/example_dags/example_short_circuit_operator.py
[2026-03-23T03:53:20.962+0000] {processor.py:830} INFO - Processing file /home/airflow/.local/lib/python3.8/site-packages/airflow/example_dags/example_short_circuit_operator.py for tasks to queue
[2026-03-23T03:53:20.965+0000] {logging_mixin.py:188} INFO - [2026-03-23T03:53:20.964+0000] {dagbag.py:540} INFO - Filling up the DagBag from /home/airflow/.local/lib/python3.8/site-packages/airflow/example_dags/example_short_circuit_operator.py
[2026-03-23T03:53:20.975+0000] {processor.py:840} INFO - DAG(s) 'example_short_circuit_operator' retrieved from /home/airflow/.local/lib/python3.8/site-packages/airflow/example_dags/example_short_circuit_operator.py
[2026-03-23T03:53:21.002+0000] {logging_mixin.py:188} INFO - [2026-03-23T03:53:21.002+0000] {dag.py:3047} INFO - Sync 1 DAGs
[2026-03-23T03:53:21.038+0000] {logging_mixin.py:188} INFO - [2026-03-23T03:53:21.037+0000] {dag.py:3834} INFO - Setting next_dagrun for example_short_circuit_operator to 2026-03-22 00:00:00+00:00, run_after=2026-03-23 00:00:00+00:00
[2026-03-23T03:53:21.077+0000] {processor.py:183} INFO - Processing /home/airflow/.local/lib/python3.8/site-packages/airflow/example_dags/example_short_circuit_operator.py took 0.120 seconds
[2026-03-23T03:53:51.330+0000] {processor.py:161} INFO - Started process (PID=410) to work on /home/airflow/.local/lib/python3.8/site-packages/airflow/example_dags/example_short_circuit_operator.py
[2026-03-23T03:53:51.332+0000] {processor.py:830} INFO - Processing file /home/airflow/.local/lib/python3.8/site-packages/airflow/example_dags/example_short_circuit_operator.py for tasks to queue
[2026-03-23T03:53:51.334+0000] {logging_mixin.py:188} INFO - [2026-03-23T03:53:51.333+0000] {dagbag.py:540} INFO - Filling up the DagBag from /home/airflow/.local/lib/python3.8/site-packages/airflow/example_dags/example_short_circuit_operator.py
[2026-03-23T03:53:51.344+0000] {processor.py:840} INFO - DAG(s) 'example_short_circuit_operator' retrieved from /home/airflow/.local/lib/python3.8/site-packages/airflow/example_dags/example_short_circuit_operator.py
[2026-03-23T03:53:51.384+0000] {logging_mixin.py:188} INFO - [2026-03-23T03:53:51.383+0000] {dag.py:3047} INFO - Sync 1 DAGs
[2026-03-23T03:53:51.419+0000] {logging_mixin.py:188} INFO - [2026-03-23T03:53:51.419+0000] {dag.py:3834} INFO - Setting next_dagrun for example_short_circuit_operator to 2026-03-22 00:00:00+00:00, run_after=2026-03-23 00:00:00+00:00
[2026-03-23T03:53:51.448+0000] {processor.py:183} INFO - Processing /home/airflow/.local/lib/python3.8/site-packages/airflow/example_dags/example_short_circuit_operator.py took 0.121 seconds
[2026-03-23T03:54:21.809+0000] {processor.py:161} INFO - Started process (PID=465) to work on /home/airflow/.local/lib/python3.8/site-packages/airflow/example_dags/example_short_circuit_operator.py
[2026-03-23T03:54:21.810+0000] {processor.py:830} INFO - Processing file /home/airflow/.local/lib/python3.8/site-packages/airflow/example_dags/example_short_circuit_operator.py for tasks to queue
[2026-03-23T03:54:21.812+0000] {logging_mixin.py:188} INFO - [2026-03-23T03:54:21.812+0000] {dagbag.py:540} INFO - Filling up the DagBag from /home/airflow/.local/lib/python3.8/site-packages/airflow/example_dags/example_short_circuit_operator.py
[2026-03-23T03:54:21.819+0000] {processor.py:840} INFO - DAG(s) 'example_short_circuit_operator' retrieved from /home/airflow/.local/lib/python3.8/site-packages/airflow/example_dags/example_short_circuit_operator.py
[2026-03-23T03:54:21.843+0000] {logging_mixin.py:188} INFO - [2026-03-23T03:54:21.843+0000] {dag.py:3047} INFO - Sync 1 DAGs
[2026-03-23T03:54:21.868+0000] {logging_mixin.py:188} INFO - [2026-03-23T03:54:21.868+0000] {dag.py:3834} INFO - Setting next_dagrun for example_short_circuit_operator to 2026-03-22 00:00:00+00:00, run_after=2026-03-23 00:00:00+00:00
[2026-03-23T03:54:21.889+0000] {processor.py:183} INFO - Processing /home/airflow/.local/lib/python3.8/site-packages/airflow/example_dags/example_short_circuit_operator.py took 0.083 seconds
[2026-03-23T03:54:52.321+0000] {processor.py:161} INFO - Started process (PID=520) to work on /home/airflow/.local/lib/python3.8/site-packages/airflow/example_dags/example_short_circuit_operator.py
[2026-03-23T03:54:52.323+0000] {processor.py:830} INFO - Processing file /home/airflow/.local/lib/python3.8/site-packages/airflow/example_dags/example_short_circuit_operator.py for tasks to queue
[2026-03-23T03:54:52.325+0000] {logging_mixin.py:188} INFO - [2026-03-23T03:54:52.325+0000] {dagbag.py:540} INFO - Filling up the DagBag from /home/airflow/.local/lib/python3.8/site-packages/airflow/example_dags/example_short_circuit_operator.py
[2026-03-23T03:54:52.333+0000] {processor.py:840} INFO - DAG(s) 'example_short_circuit_operator' retrieved from /home/airflow/.local/lib/python3.8/site-packages/airflow/example_dags/example_short_circuit_operator.py
[2026-03-23T03:54:52.359+0000] {logging_mixin.py:188} INFO - [2026-03-23T03:54:52.359+0000] {dag.py:3047} INFO - Sync 1 DAGs
[2026-03-23T03:54:52.384+0000] {logging_mixin.py:188} INFO - [2026-03-23T03:54:52.383+0000] {dag.py:3834} INFO - Setting next_dagrun for example_short_circuit_operator to 2026-03-22 00:00:00+00:00, run_after=2026-03-23 00:00:00+00:00
[2026-03-23T03:54:52.407+0000] {processor.py:183} INFO - Processing /home/airflow/.local/lib/python3.8/site-packages/airflow/example_dags/example_short_circuit_operator.py took 0.089 seconds
[2026-03-23T03:55:22.528+0000] {processor.py:161} INFO - Started process (PID=575) to work on /home/airflow/.local/lib/python3.8/site-packages/airflow/example_dags/example_short_circuit_operator.py
[2026-03-23T03:55:22.529+0000] {processor.py:830} INFO - Processing file /home/airflow/.local/lib/python3.8/site-packages/airflow/example_dags/example_short_circuit_operator.py for tasks to queue
[2026-03-23T03:55:22.531+0000] {logging_mixin.py:188} INFO - [2026-03-23T03:55:22.531+0000] {dagbag.py:540} INFO - Filling up the DagBag from /home/airflow/.local/lib/python3.8/site-packages/airflow/example_dags/example_short_circuit_operator.py
[2026-03-23T03:55:22.540+0000] {processor.py:840} INFO - DAG(s) 'example_short_circuit_operator' retrieved from /home/airflow/.local/lib/python3.8/site-packages/airflow/example_dags/example_short_circuit_operator.py
[2026-03-23T03:55:22.566+0000] {logging_mixin.py:188} INFO - [2026-03-23T03:55:22.566+0000] {dag.py:3047} INFO - Sync 1 DAGs
[2026-03-23T03:55:22.592+0000] {logging_mixin.py:188} INFO - [2026-03-23T03:55:22.591+0000] {dag.py:3834} INFO - Setting next_dagrun for example_short_circuit_operator to 2026-03-22 00:00:00+00:00, run_after=2026-03-23 00:00:00+00:00
[2026-03-23T03:55:22.616+0000] {processor.py:183} INFO - Processing /home/airflow/.local/lib/python3.8/site-packages/airflow/example_dags/example_short_circuit_operator.py took 0.092 seconds
[2026-03-23T03:55:52.898+0000] {processor.py:161} INFO - Started process (PID=630) to work on /home/airflow/.local/lib/python3.8/site-packages/airflow/example_dags/example_short_circuit_operator.py
[2026-03-23T03:55:52.900+0000] {processor.py:830} INFO - Processing file /home/airflow/.local/lib/python3.8/site-packages/airflow/example_dags/example_short_circuit_operator.py for tasks to queue
[2026-03-23T03:55:52.902+0000] {logging_mixin.py:188} INFO - [2026-03-23T03:55:52.901+0000] {dagbag.py:540} INFO - Filling up the DagBag from /home/airflow/.local/lib/python3.8/site-packages/airflow/example_dags/example_short_circuit_operator.py
[2026-03-23T03:55:52.909+0000] {processor.py:840} INFO - DAG(s) 'example_short_circuit_operator' retrieved from /home/airflow/.local/lib/python3.8/site-packages/airflow/example_dags/example_short_circuit_operator.py
[2026-03-23T03:55:52.932+0000] {logging_mixin.py:188} INFO - [2026-03-23T03:55:52.932+0000] {dag.py:3047} INFO - Sync 1 DAGs
[2026-03-23T03:55:52.954+0000] {logging_mixin.py:188} INFO - [2026-03-23T03:55:52.954+0000] {dag.py:3834} INFO - Setting next_dagrun for example_short_circuit_operator to 2026-03-22 00:00:00+00:00, run_after=2026-03-23 00:00:00+00:00
[2026-03-23T03:55:52.973+0000] {processor.py:183} INFO - Processing /home/airflow/.local/lib/python3.8/site-packages/airflow/example_dags/example_short_circuit_operator.py took 0.078 seconds
[2026-03-23T03:56:23.122+0000] {processor.py:161} INFO - Started process (PID=685) to work on /home/airflow/.local/lib/python3.8/site-packages/airflow/example_dags/example_short_circuit_operator.py
[2026-03-23T03:56:23.123+0000] {processor.py:830} INFO - Processing file /home/airflow/.local/lib/python3.8/site-packages/airflow/example_dags/example_short_circuit_operator.py for tasks to queue
[2026-03-23T03:56:23.126+0000] {logging_mixin.py:188} INFO - [2026-03-23T03:56:23.125+0000] {dagbag.py:540} INFO - Filling up the DagBag from /home/airflow/.local/lib/python3.8/site-packages/airflow/example_dags/example_short_circuit_operator.py
[2026-03-23T03:56:23.136+0000] {processor.py:840} INFO - DAG(s) 'example_short_circuit_operator' retrieved from /home/airflow/.local/lib/python3.8/site-packages/airflow/example_dags/example_short_circuit_operator.py
[2026-03-23T03:56:23.160+0000] {logging_mixin.py:188} INFO - [2026-03-23T03:56:23.160+0000] {dag.py:3047} INFO - Sync 1 DAGs
[2026-03-23T03:56:23.186+0000] {logging_mixin.py:188} INFO - [2026-03-23T03:56:23.186+0000] {dag.py:3834} INFO - Setting next_dagrun for example_short_circuit_operator to 2026-03-22 00:00:00+00:00, run_after=2026-03-23 00:00:00+00:00
[2026-03-23T03:56:23.216+0000] {processor.py:183} INFO - Processing /home/airflow/.local/lib/python3.8/site-packages/airflow/example_dags/example_short_circuit_operator.py took 0.098 seconds
