[2026-03-23T03:21:15.439+0000] {processor.py:161} INFO - Started process (PID=87) to work on /home/airflow/.local/lib/python3.8/site-packages/airflow/example_dags/example_branch_operator.py
[2026-03-23T03:21:15.441+0000] {processor.py:830} INFO - Processing file /home/airflow/.local/lib/python3.8/site-packages/airflow/example_dags/example_branch_operator.py for tasks to queue
[2026-03-23T03:21:15.443+0000] {logging_mixin.py:188} INFO - [2026-03-23T03:21:15.443+0000] {dagbag.py:540} INFO - Filling up the DagBag from /home/airflow/.local/lib/python3.8/site-packages/airflow/example_dags/example_branch_operator.py
[2026-03-23T03:21:15.465+0000] {processor.py:840} INFO - DAG(s) 'example_branch_operator' retrieved from /home/airflow/.local/lib/python3.8/site-packages/airflow/example_dags/example_branch_operator.py
[2026-03-23T03:21:15.479+0000] {logging_mixin.py:188} INFO - [2026-03-23T03:21:15.479+0000] {dag.py:3047} INFO - Sync 1 DAGs
[2026-03-23T03:21:15.514+0000] {logging_mixin.py:188} INFO - [2026-03-23T03:21:15.513+0000] {dag.py:3834} INFO - Setting next_dagrun for example_branch_operator to 2026-03-22 00:00:00+00:00, run_after=2026-03-23 00:00:00+00:00
[2026-03-23T03:21:15.545+0000] {processor.py:183} INFO - Processing /home/airflow/.local/lib/python3.8/site-packages/airflow/example_dags/example_branch_operator.py took 0.109 seconds
[2026-03-23T03:21:45.594+0000] {processor.py:161} INFO - Started process (PID=142) to work on /home/airflow/.local/lib/python3.8/site-packages/airflow/example_dags/example_branch_operator.py
[2026-03-23T03:21:45.595+0000] {processor.py:830} INFO - Processing file /home/airflow/.local/lib/python3.8/site-packages/airflow/example_dags/example_branch_operator.py for tasks to queue
[2026-03-23T03:21:45.597+0000] {logging_mixin.py:188} INFO - [2026-03-23T03:21:45.597+0000] {dagbag.py:540} INFO - Filling up the DagBag from /home/airflow/.local/lib/python3.8/site-packages/airflow/example_dags/example_branch_operator.py
[2026-03-23T03:21:45.612+0000] {processor.py:840} INFO - DAG(s) 'example_branch_operator' retrieved from /home/airflow/.local/lib/python3.8/site-packages/airflow/example_dags/example_branch_operator.py
[2026-03-23T03:21:45.623+0000] {logging_mixin.py:188} INFO - [2026-03-23T03:21:45.623+0000] {dag.py:3047} INFO - Sync 1 DAGs
[2026-03-23T03:21:45.644+0000] {logging_mixin.py:188} INFO - [2026-03-23T03:21:45.643+0000] {dag.py:3834} INFO - Setting next_dagrun for example_branch_operator to 2026-03-22 00:00:00+00:00, run_after=2026-03-23 00:00:00+00:00
[2026-03-23T03:21:45.664+0000] {processor.py:183} INFO - Processing /home/airflow/.local/lib/python3.8/site-packages/airflow/example_dags/example_branch_operator.py took 0.072 seconds
[2026-03-23T03:22:17.605+0000] {processor.py:161} INFO - Started process (PID=203) to work on /home/airflow/.local/lib/python3.8/site-packages/airflow/example_dags/example_branch_operator.py
[2026-03-23T03:22:17.606+0000] {processor.py:830} INFO - Processing file /home/airflow/.local/lib/python3.8/site-packages/airflow/example_dags/example_branch_operator.py for tasks to queue
[2026-03-23T03:22:17.608+0000] {logging_mixin.py:188} INFO - [2026-03-23T03:22:17.607+0000] {dagbag.py:540} INFO - Filling up the DagBag from /home/airflow/.local/lib/python3.8/site-packages/airflow/example_dags/example_branch_operator.py
[2026-03-23T03:22:17.623+0000] {processor.py:840} INFO - DAG(s) 'example_branch_operator' retrieved from /home/airflow/.local/lib/python3.8/site-packages/airflow/example_dags/example_branch_operator.py
[2026-03-23T03:22:17.726+0000] {logging_mixin.py:188} INFO - [2026-03-23T03:22:17.725+0000] {dag.py:3047} INFO - Sync 1 DAGs
[2026-03-23T03:22:17.744+0000] {logging_mixin.py:188} INFO - [2026-03-23T03:22:17.744+0000] {dag.py:3834} INFO - Setting next_dagrun for example_branch_operator to 2026-03-22 00:00:00+00:00, run_after=2026-03-23 00:00:00+00:00
[2026-03-23T03:22:17.765+0000] {processor.py:183} INFO - Processing /home/airflow/.local/lib/python3.8/site-packages/airflow/example_dags/example_branch_operator.py took 0.164 seconds
[2026-03-23T03:22:48.215+0000] {processor.py:161} INFO - Started process (PID=258) to work on /home/airflow/.local/lib/python3.8/site-packages/airflow/example_dags/example_branch_operator.py
[2026-03-23T03:22:48.217+0000] {processor.py:830} INFO - Processing file /home/airflow/.local/lib/python3.8/site-packages/airflow/example_dags/example_branch_operator.py for tasks to queue
[2026-03-23T03:22:48.219+0000] {logging_mixin.py:188} INFO - [2026-03-23T03:22:48.219+0000] {dagbag.py:540} INFO - Filling up the DagBag from /home/airflow/.local/lib/python3.8/site-packages/airflow/example_dags/example_branch_operator.py
[2026-03-23T03:22:48.236+0000] {processor.py:840} INFO - DAG(s) 'example_branch_operator' retrieved from /home/airflow/.local/lib/python3.8/site-packages/airflow/example_dags/example_branch_operator.py
[2026-03-23T03:22:48.265+0000] {logging_mixin.py:188} INFO - [2026-03-23T03:22:48.264+0000] {dag.py:3047} INFO - Sync 1 DAGs
[2026-03-23T03:22:48.288+0000] {logging_mixin.py:188} INFO - [2026-03-23T03:22:48.288+0000] {dag.py:3834} INFO - Setting next_dagrun for example_branch_operator to 2026-03-22 00:00:00+00:00, run_after=2026-03-23 00:00:00+00:00
[2026-03-23T03:22:48.310+0000] {processor.py:183} INFO - Processing /home/airflow/.local/lib/python3.8/site-packages/airflow/example_dags/example_branch_operator.py took 0.097 seconds
[2026-03-23T03:23:19.281+0000] {processor.py:161} INFO - Started process (PID=313) to work on /home/airflow/.local/lib/python3.8/site-packages/airflow/example_dags/example_branch_operator.py
[2026-03-23T03:23:19.282+0000] {processor.py:830} INFO - Processing file /home/airflow/.local/lib/python3.8/site-packages/airflow/example_dags/example_branch_operator.py for tasks to queue
[2026-03-23T03:23:19.284+0000] {logging_mixin.py:188} INFO - [2026-03-23T03:23:19.283+0000] {dagbag.py:540} INFO - Filling up the DagBag from /home/airflow/.local/lib/python3.8/site-packages/airflow/example_dags/example_branch_operator.py
[2026-03-23T03:23:19.299+0000] {processor.py:840} INFO - DAG(s) 'example_branch_operator' retrieved from /home/airflow/.local/lib/python3.8/site-packages/airflow/example_dags/example_branch_operator.py
[2026-03-23T03:23:19.326+0000] {logging_mixin.py:188} INFO - [2026-03-23T03:23:19.325+0000] {dag.py:3047} INFO - Sync 1 DAGs
[2026-03-23T03:23:19.349+0000] {logging_mixin.py:188} INFO - [2026-03-23T03:23:19.349+0000] {dag.py:3834} INFO - Setting next_dagrun for example_branch_operator to 2026-03-22 00:00:00+00:00, run_after=2026-03-23 00:00:00+00:00
[2026-03-23T03:23:19.370+0000] {processor.py:183} INFO - Processing /home/airflow/.local/lib/python3.8/site-packages/airflow/example_dags/example_branch_operator.py took 0.092 seconds
[2026-03-23T03:25:09.712+0000] {processor.py:161} INFO - Started process (PID=87) to work on /home/airflow/.local/lib/python3.8/site-packages/airflow/example_dags/example_branch_operator.py
[2026-03-23T03:25:09.713+0000] {processor.py:830} INFO - Processing file /home/airflow/.local/lib/python3.8/site-packages/airflow/example_dags/example_branch_operator.py for tasks to queue
[2026-03-23T03:25:09.716+0000] {logging_mixin.py:188} INFO - [2026-03-23T03:25:09.716+0000] {dagbag.py:540} INFO - Filling up the DagBag from /home/airflow/.local/lib/python3.8/site-packages/airflow/example_dags/example_branch_operator.py
[2026-03-23T03:25:09.758+0000] {processor.py:840} INFO - DAG(s) 'example_branch_operator' retrieved from /home/airflow/.local/lib/python3.8/site-packages/airflow/example_dags/example_branch_operator.py
[2026-03-23T03:25:09.778+0000] {logging_mixin.py:188} INFO - [2026-03-23T03:25:09.778+0000] {dag.py:3047} INFO - Sync 1 DAGs
[2026-03-23T03:25:09.823+0000] {logging_mixin.py:188} INFO - [2026-03-23T03:25:09.823+0000] {dag.py:3834} INFO - Setting next_dagrun for example_branch_operator to 2026-03-22 00:00:00+00:00, run_after=2026-03-23 00:00:00+00:00
[2026-03-23T03:25:09.859+0000] {processor.py:183} INFO - Processing /home/airflow/.local/lib/python3.8/site-packages/airflow/example_dags/example_branch_operator.py took 0.152 seconds
[2026-03-23T03:25:41.722+0000] {processor.py:161} INFO - Started process (PID=142) to work on /home/airflow/.local/lib/python3.8/site-packages/airflow/example_dags/example_branch_operator.py
[2026-03-23T03:25:41.723+0000] {processor.py:830} INFO - Processing file /home/airflow/.local/lib/python3.8/site-packages/airflow/example_dags/example_branch_operator.py for tasks to queue
[2026-03-23T03:25:41.725+0000] {logging_mixin.py:188} INFO - [2026-03-23T03:25:41.725+0000] {dagbag.py:540} INFO - Filling up the DagBag from /home/airflow/.local/lib/python3.8/site-packages/airflow/example_dags/example_branch_operator.py
[2026-03-23T03:25:41.743+0000] {processor.py:840} INFO - DAG(s) 'example_branch_operator' retrieved from /home/airflow/.local/lib/python3.8/site-packages/airflow/example_dags/example_branch_operator.py
[2026-03-23T03:25:41.891+0000] {logging_mixin.py:188} INFO - [2026-03-23T03:25:41.890+0000] {dag.py:3047} INFO - Sync 1 DAGs
[2026-03-23T03:25:41.918+0000] {logging_mixin.py:188} INFO - [2026-03-23T03:25:41.917+0000] {dag.py:3834} INFO - Setting next_dagrun for example_branch_operator to 2026-03-22 00:00:00+00:00, run_after=2026-03-23 00:00:00+00:00
[2026-03-23T03:25:41.947+0000] {processor.py:183} INFO - Processing /home/airflow/.local/lib/python3.8/site-packages/airflow/example_dags/example_branch_operator.py took 0.229 seconds
[2026-03-23T03:26:12.651+0000] {processor.py:161} INFO - Started process (PID=203) to work on /home/airflow/.local/lib/python3.8/site-packages/airflow/example_dags/example_branch_operator.py
[2026-03-23T03:26:12.653+0000] {processor.py:830} INFO - Processing file /home/airflow/.local/lib/python3.8/site-packages/airflow/example_dags/example_branch_operator.py for tasks to queue
[2026-03-23T03:26:12.654+0000] {logging_mixin.py:188} INFO - [2026-03-23T03:26:12.654+0000] {dagbag.py:540} INFO - Filling up the DagBag from /home/airflow/.local/lib/python3.8/site-packages/airflow/example_dags/example_branch_operator.py
[2026-03-23T03:26:12.671+0000] {processor.py:840} INFO - DAG(s) 'example_branch_operator' retrieved from /home/airflow/.local/lib/python3.8/site-packages/airflow/example_dags/example_branch_operator.py
[2026-03-23T03:26:12.701+0000] {logging_mixin.py:188} INFO - [2026-03-23T03:26:12.701+0000] {dag.py:3047} INFO - Sync 1 DAGs
[2026-03-23T03:26:12.726+0000] {logging_mixin.py:188} INFO - [2026-03-23T03:26:12.726+0000] {dag.py:3834} INFO - Setting next_dagrun for example_branch_operator to 2026-03-22 00:00:00+00:00, run_after=2026-03-23 00:00:00+00:00
[2026-03-23T03:26:12.759+0000] {processor.py:183} INFO - Processing /home/airflow/.local/lib/python3.8/site-packages/airflow/example_dags/example_branch_operator.py took 0.111 seconds
[2026-03-23T03:26:43.642+0000] {processor.py:161} INFO - Started process (PID=258) to work on /home/airflow/.local/lib/python3.8/site-packages/airflow/example_dags/example_branch_operator.py
[2026-03-23T03:26:43.643+0000] {processor.py:830} INFO - Processing file /home/airflow/.local/lib/python3.8/site-packages/airflow/example_dags/example_branch_operator.py for tasks to queue
[2026-03-23T03:26:43.645+0000] {logging_mixin.py:188} INFO - [2026-03-23T03:26:43.645+0000] {dagbag.py:540} INFO - Filling up the DagBag from /home/airflow/.local/lib/python3.8/site-packages/airflow/example_dags/example_branch_operator.py
[2026-03-23T03:26:43.664+0000] {processor.py:840} INFO - DAG(s) 'example_branch_operator' retrieved from /home/airflow/.local/lib/python3.8/site-packages/airflow/example_dags/example_branch_operator.py
[2026-03-23T03:26:43.699+0000] {logging_mixin.py:188} INFO - [2026-03-23T03:26:43.699+0000] {dag.py:3047} INFO - Sync 1 DAGs
[2026-03-23T03:26:43.728+0000] {logging_mixin.py:188} INFO - [2026-03-23T03:26:43.728+0000] {dag.py:3834} INFO - Setting next_dagrun for example_branch_operator to 2026-03-22 00:00:00+00:00, run_after=2026-03-23 00:00:00+00:00
[2026-03-23T03:26:43.755+0000] {processor.py:183} INFO - Processing /home/airflow/.local/lib/python3.8/site-packages/airflow/example_dags/example_branch_operator.py took 0.116 seconds
[2026-03-23T03:27:14.041+0000] {processor.py:161} INFO - Started process (PID=313) to work on /home/airflow/.local/lib/python3.8/site-packages/airflow/example_dags/example_branch_operator.py
[2026-03-23T03:27:14.042+0000] {processor.py:830} INFO - Processing file /home/airflow/.local/lib/python3.8/site-packages/airflow/example_dags/example_branch_operator.py for tasks to queue
[2026-03-23T03:27:14.044+0000] {logging_mixin.py:188} INFO - [2026-03-23T03:27:14.044+0000] {dagbag.py:540} INFO - Filling up the DagBag from /home/airflow/.local/lib/python3.8/site-packages/airflow/example_dags/example_branch_operator.py
[2026-03-23T03:27:14.058+0000] {processor.py:840} INFO - DAG(s) 'example_branch_operator' retrieved from /home/airflow/.local/lib/python3.8/site-packages/airflow/example_dags/example_branch_operator.py
[2026-03-23T03:27:14.084+0000] {logging_mixin.py:188} INFO - [2026-03-23T03:27:14.084+0000] {dag.py:3047} INFO - Sync 1 DAGs
[2026-03-23T03:27:14.105+0000] {logging_mixin.py:188} INFO - [2026-03-23T03:27:14.105+0000] {dag.py:3834} INFO - Setting next_dagrun for example_branch_operator to 2026-03-22 00:00:00+00:00, run_after=2026-03-23 00:00:00+00:00
[2026-03-23T03:27:14.124+0000] {processor.py:183} INFO - Processing /home/airflow/.local/lib/python3.8/site-packages/airflow/example_dags/example_branch_operator.py took 0.086 seconds
[2026-03-23T03:27:44.281+0000] {processor.py:161} INFO - Started process (PID=368) to work on /home/airflow/.local/lib/python3.8/site-packages/airflow/example_dags/example_branch_operator.py
[2026-03-23T03:27:44.282+0000] {processor.py:830} INFO - Processing file /home/airflow/.local/lib/python3.8/site-packages/airflow/example_dags/example_branch_operator.py for tasks to queue
[2026-03-23T03:27:44.284+0000] {logging_mixin.py:188} INFO - [2026-03-23T03:27:44.284+0000] {dagbag.py:540} INFO - Filling up the DagBag from /home/airflow/.local/lib/python3.8/site-packages/airflow/example_dags/example_branch_operator.py
[2026-03-23T03:27:44.300+0000] {processor.py:840} INFO - DAG(s) 'example_branch_operator' retrieved from /home/airflow/.local/lib/python3.8/site-packages/airflow/example_dags/example_branch_operator.py
[2026-03-23T03:27:44.328+0000] {logging_mixin.py:188} INFO - [2026-03-23T03:27:44.327+0000] {dag.py:3047} INFO - Sync 1 DAGs
[2026-03-23T03:27:44.352+0000] {logging_mixin.py:188} INFO - [2026-03-23T03:27:44.352+0000] {dag.py:3834} INFO - Setting next_dagrun for example_branch_operator to 2026-03-22 00:00:00+00:00, run_after=2026-03-23 00:00:00+00:00
[2026-03-23T03:27:44.376+0000] {processor.py:183} INFO - Processing /home/airflow/.local/lib/python3.8/site-packages/airflow/example_dags/example_branch_operator.py took 0.098 seconds
[2026-03-23T03:28:14.638+0000] {processor.py:161} INFO - Started process (PID=423) to work on /home/airflow/.local/lib/python3.8/site-packages/airflow/example_dags/example_branch_operator.py
[2026-03-23T03:28:14.639+0000] {processor.py:830} INFO - Processing file /home/airflow/.local/lib/python3.8/site-packages/airflow/example_dags/example_branch_operator.py for tasks to queue
[2026-03-23T03:28:14.641+0000] {logging_mixin.py:188} INFO - [2026-03-23T03:28:14.641+0000] {dagbag.py:540} INFO - Filling up the DagBag from /home/airflow/.local/lib/python3.8/site-packages/airflow/example_dags/example_branch_operator.py
[2026-03-23T03:28:14.656+0000] {processor.py:840} INFO - DAG(s) 'example_branch_operator' retrieved from /home/airflow/.local/lib/python3.8/site-packages/airflow/example_dags/example_branch_operator.py
[2026-03-23T03:28:14.683+0000] {logging_mixin.py:188} INFO - [2026-03-23T03:28:14.683+0000] {dag.py:3047} INFO - Sync 1 DAGs
[2026-03-23T03:28:14.704+0000] {logging_mixin.py:188} INFO - [2026-03-23T03:28:14.704+0000] {dag.py:3834} INFO - Setting next_dagrun for example_branch_operator to 2026-03-22 00:00:00+00:00, run_after=2026-03-23 00:00:00+00:00
[2026-03-23T03:28:14.727+0000] {processor.py:183} INFO - Processing /home/airflow/.local/lib/python3.8/site-packages/airflow/example_dags/example_branch_operator.py took 0.091 seconds
[2026-03-23T03:28:45.027+0000] {processor.py:161} INFO - Started process (PID=478) to work on /home/airflow/.local/lib/python3.8/site-packages/airflow/example_dags/example_branch_operator.py
[2026-03-23T03:28:45.028+0000] {processor.py:830} INFO - Processing file /home/airflow/.local/lib/python3.8/site-packages/airflow/example_dags/example_branch_operator.py for tasks to queue
[2026-03-23T03:28:45.029+0000] {logging_mixin.py:188} INFO - [2026-03-23T03:28:45.029+0000] {dagbag.py:540} INFO - Filling up the DagBag from /home/airflow/.local/lib/python3.8/site-packages/airflow/example_dags/example_branch_operator.py
[2026-03-23T03:28:45.044+0000] {processor.py:840} INFO - DAG(s) 'example_branch_operator' retrieved from /home/airflow/.local/lib/python3.8/site-packages/airflow/example_dags/example_branch_operator.py
[2026-03-23T03:28:45.071+0000] {logging_mixin.py:188} INFO - [2026-03-23T03:28:45.071+0000] {dag.py:3047} INFO - Sync 1 DAGs
[2026-03-23T03:28:45.093+0000] {logging_mixin.py:188} INFO - [2026-03-23T03:28:45.093+0000] {dag.py:3834} INFO - Setting next_dagrun for example_branch_operator to 2026-03-22 00:00:00+00:00, run_after=2026-03-23 00:00:00+00:00
[2026-03-23T03:28:45.113+0000] {processor.py:183} INFO - Processing /home/airflow/.local/lib/python3.8/site-packages/airflow/example_dags/example_branch_operator.py took 0.089 seconds
[2026-03-23T03:29:15.518+0000] {processor.py:161} INFO - Started process (PID=533) to work on /home/airflow/.local/lib/python3.8/site-packages/airflow/example_dags/example_branch_operator.py
[2026-03-23T03:29:15.519+0000] {processor.py:830} INFO - Processing file /home/airflow/.local/lib/python3.8/site-packages/airflow/example_dags/example_branch_operator.py for tasks to queue
[2026-03-23T03:29:15.521+0000] {logging_mixin.py:188} INFO - [2026-03-23T03:29:15.521+0000] {dagbag.py:540} INFO - Filling up the DagBag from /home/airflow/.local/lib/python3.8/site-packages/airflow/example_dags/example_branch_operator.py
[2026-03-23T03:29:15.538+0000] {processor.py:840} INFO - DAG(s) 'example_branch_operator' retrieved from /home/airflow/.local/lib/python3.8/site-packages/airflow/example_dags/example_branch_operator.py
[2026-03-23T03:29:15.567+0000] {logging_mixin.py:188} INFO - [2026-03-23T03:29:15.566+0000] {dag.py:3047} INFO - Sync 1 DAGs
[2026-03-23T03:29:15.590+0000] {logging_mixin.py:188} INFO - [2026-03-23T03:29:15.590+0000] {dag.py:3834} INFO - Setting next_dagrun for example_branch_operator to 2026-03-22 00:00:00+00:00, run_after=2026-03-23 00:00:00+00:00
[2026-03-23T03:29:15.611+0000] {processor.py:183} INFO - Processing /home/airflow/.local/lib/python3.8/site-packages/airflow/example_dags/example_branch_operator.py took 0.096 seconds
[2026-03-23T03:29:45.748+0000] {processor.py:161} INFO - Started process (PID=588) to work on /home/airflow/.local/lib/python3.8/site-packages/airflow/example_dags/example_branch_operator.py
[2026-03-23T03:29:45.750+0000] {processor.py:830} INFO - Processing file /home/airflow/.local/lib/python3.8/site-packages/airflow/example_dags/example_branch_operator.py for tasks to queue
[2026-03-23T03:29:45.752+0000] {logging_mixin.py:188} INFO - [2026-03-23T03:29:45.752+0000] {dagbag.py:540} INFO - Filling up the DagBag from /home/airflow/.local/lib/python3.8/site-packages/airflow/example_dags/example_branch_operator.py
[2026-03-23T03:29:45.768+0000] {processor.py:840} INFO - DAG(s) 'example_branch_operator' retrieved from /home/airflow/.local/lib/python3.8/site-packages/airflow/example_dags/example_branch_operator.py
[2026-03-23T03:29:45.798+0000] {logging_mixin.py:188} INFO - [2026-03-23T03:29:45.798+0000] {dag.py:3047} INFO - Sync 1 DAGs
[2026-03-23T03:29:45.820+0000] {logging_mixin.py:188} INFO - [2026-03-23T03:29:45.820+0000] {dag.py:3834} INFO - Setting next_dagrun for example_branch_operator to 2026-03-22 00:00:00+00:00, run_after=2026-03-23 00:00:00+00:00
[2026-03-23T03:29:45.842+0000] {processor.py:183} INFO - Processing /home/airflow/.local/lib/python3.8/site-packages/airflow/example_dags/example_branch_operator.py took 0.097 seconds
[2026-03-23T03:30:16.159+0000] {processor.py:161} INFO - Started process (PID=643) to work on /home/airflow/.local/lib/python3.8/site-packages/airflow/example_dags/example_branch_operator.py
[2026-03-23T03:30:16.161+0000] {processor.py:830} INFO - Processing file /home/airflow/.local/lib/python3.8/site-packages/airflow/example_dags/example_branch_operator.py for tasks to queue
[2026-03-23T03:30:16.164+0000] {logging_mixin.py:188} INFO - [2026-03-23T03:30:16.163+0000] {dagbag.py:540} INFO - Filling up the DagBag from /home/airflow/.local/lib/python3.8/site-packages/airflow/example_dags/example_branch_operator.py
[2026-03-23T03:30:16.181+0000] {processor.py:840} INFO - DAG(s) 'example_branch_operator' retrieved from /home/airflow/.local/lib/python3.8/site-packages/airflow/example_dags/example_branch_operator.py
[2026-03-23T03:30:16.209+0000] {logging_mixin.py:188} INFO - [2026-03-23T03:30:16.209+0000] {dag.py:3047} INFO - Sync 1 DAGs
[2026-03-23T03:30:16.234+0000] {logging_mixin.py:188} INFO - [2026-03-23T03:30:16.234+0000] {dag.py:3834} INFO - Setting next_dagrun for example_branch_operator to 2026-03-22 00:00:00+00:00, run_after=2026-03-23 00:00:00+00:00
[2026-03-23T03:30:16.257+0000] {processor.py:183} INFO - Processing /home/airflow/.local/lib/python3.8/site-packages/airflow/example_dags/example_branch_operator.py took 0.101 seconds
[2026-03-23T03:30:46.289+0000] {processor.py:161} INFO - Started process (PID=698) to work on /home/airflow/.local/lib/python3.8/site-packages/airflow/example_dags/example_branch_operator.py
[2026-03-23T03:30:46.290+0000] {processor.py:830} INFO - Processing file /home/airflow/.local/lib/python3.8/site-packages/airflow/example_dags/example_branch_operator.py for tasks to queue
[2026-03-23T03:30:46.292+0000] {logging_mixin.py:188} INFO - [2026-03-23T03:30:46.292+0000] {dagbag.py:540} INFO - Filling up the DagBag from /home/airflow/.local/lib/python3.8/site-packages/airflow/example_dags/example_branch_operator.py
[2026-03-23T03:30:46.306+0000] {processor.py:840} INFO - DAG(s) 'example_branch_operator' retrieved from /home/airflow/.local/lib/python3.8/site-packages/airflow/example_dags/example_branch_operator.py
[2026-03-23T03:30:46.333+0000] {logging_mixin.py:188} INFO - [2026-03-23T03:30:46.332+0000] {dag.py:3047} INFO - Sync 1 DAGs
[2026-03-23T03:30:46.356+0000] {logging_mixin.py:188} INFO - [2026-03-23T03:30:46.355+0000] {dag.py:3834} INFO - Setting next_dagrun for example_branch_operator to 2026-03-22 00:00:00+00:00, run_after=2026-03-23 00:00:00+00:00
[2026-03-23T03:30:46.376+0000] {processor.py:183} INFO - Processing /home/airflow/.local/lib/python3.8/site-packages/airflow/example_dags/example_branch_operator.py took 0.090 seconds
[2026-03-23T03:31:16.465+0000] {processor.py:161} INFO - Started process (PID=753) to work on /home/airflow/.local/lib/python3.8/site-packages/airflow/example_dags/example_branch_operator.py
[2026-03-23T03:31:16.466+0000] {processor.py:830} INFO - Processing file /home/airflow/.local/lib/python3.8/site-packages/airflow/example_dags/example_branch_operator.py for tasks to queue
[2026-03-23T03:31:16.468+0000] {logging_mixin.py:188} INFO - [2026-03-23T03:31:16.468+0000] {dagbag.py:540} INFO - Filling up the DagBag from /home/airflow/.local/lib/python3.8/site-packages/airflow/example_dags/example_branch_operator.py
[2026-03-23T03:31:16.485+0000] {processor.py:840} INFO - DAG(s) 'example_branch_operator' retrieved from /home/airflow/.local/lib/python3.8/site-packages/airflow/example_dags/example_branch_operator.py
[2026-03-23T03:31:16.510+0000] {logging_mixin.py:188} INFO - [2026-03-23T03:31:16.510+0000] {dag.py:3047} INFO - Sync 1 DAGs
[2026-03-23T03:31:16.532+0000] {logging_mixin.py:188} INFO - [2026-03-23T03:31:16.532+0000] {dag.py:3834} INFO - Setting next_dagrun for example_branch_operator to 2026-03-22 00:00:00+00:00, run_after=2026-03-23 00:00:00+00:00
[2026-03-23T03:31:16.553+0000] {processor.py:183} INFO - Processing /home/airflow/.local/lib/python3.8/site-packages/airflow/example_dags/example_branch_operator.py took 0.091 seconds
[2026-03-23T03:31:47.092+0000] {processor.py:161} INFO - Started process (PID=808) to work on /home/airflow/.local/lib/python3.8/site-packages/airflow/example_dags/example_branch_operator.py
[2026-03-23T03:31:47.093+0000] {processor.py:830} INFO - Processing file /home/airflow/.local/lib/python3.8/site-packages/airflow/example_dags/example_branch_operator.py for tasks to queue
[2026-03-23T03:31:47.095+0000] {logging_mixin.py:188} INFO - [2026-03-23T03:31:47.095+0000] {dagbag.py:540} INFO - Filling up the DagBag from /home/airflow/.local/lib/python3.8/site-packages/airflow/example_dags/example_branch_operator.py
[2026-03-23T03:31:47.110+0000] {processor.py:840} INFO - DAG(s) 'example_branch_operator' retrieved from /home/airflow/.local/lib/python3.8/site-packages/airflow/example_dags/example_branch_operator.py
[2026-03-23T03:31:47.137+0000] {logging_mixin.py:188} INFO - [2026-03-23T03:31:47.137+0000] {dag.py:3047} INFO - Sync 1 DAGs
[2026-03-23T03:31:47.158+0000] {logging_mixin.py:188} INFO - [2026-03-23T03:31:47.158+0000] {dag.py:3834} INFO - Setting next_dagrun for example_branch_operator to 2026-03-22 00:00:00+00:00, run_after=2026-03-23 00:00:00+00:00
[2026-03-23T03:31:47.179+0000] {processor.py:183} INFO - Processing /home/airflow/.local/lib/python3.8/site-packages/airflow/example_dags/example_branch_operator.py took 0.090 seconds
[2026-03-23T03:32:17.873+0000] {processor.py:161} INFO - Started process (PID=863) to work on /home/airflow/.local/lib/python3.8/site-packages/airflow/example_dags/example_branch_operator.py
[2026-03-23T03:32:17.874+0000] {processor.py:830} INFO - Processing file /home/airflow/.local/lib/python3.8/site-packages/airflow/example_dags/example_branch_operator.py for tasks to queue
[2026-03-23T03:32:17.876+0000] {logging_mixin.py:188} INFO - [2026-03-23T03:32:17.876+0000] {dagbag.py:540} INFO - Filling up the DagBag from /home/airflow/.local/lib/python3.8/site-packages/airflow/example_dags/example_branch_operator.py
[2026-03-23T03:32:17.892+0000] {processor.py:840} INFO - DAG(s) 'example_branch_operator' retrieved from /home/airflow/.local/lib/python3.8/site-packages/airflow/example_dags/example_branch_operator.py
[2026-03-23T03:32:17.918+0000] {logging_mixin.py:188} INFO - [2026-03-23T03:32:17.918+0000] {dag.py:3047} INFO - Sync 1 DAGs
[2026-03-23T03:32:17.945+0000] {logging_mixin.py:188} INFO - [2026-03-23T03:32:17.945+0000] {dag.py:3834} INFO - Setting next_dagrun for example_branch_operator to 2026-03-22 00:00:00+00:00, run_after=2026-03-23 00:00:00+00:00
[2026-03-23T03:32:17.967+0000] {processor.py:183} INFO - Processing /home/airflow/.local/lib/python3.8/site-packages/airflow/example_dags/example_branch_operator.py took 0.097 seconds
[2026-03-23T03:32:48.889+0000] {processor.py:161} INFO - Started process (PID=918) to work on /home/airflow/.local/lib/python3.8/site-packages/airflow/example_dags/example_branch_operator.py
[2026-03-23T03:32:48.890+0000] {processor.py:830} INFO - Processing file /home/airflow/.local/lib/python3.8/site-packages/airflow/example_dags/example_branch_operator.py for tasks to queue
[2026-03-23T03:32:48.892+0000] {logging_mixin.py:188} INFO - [2026-03-23T03:32:48.892+0000] {dagbag.py:540} INFO - Filling up the DagBag from /home/airflow/.local/lib/python3.8/site-packages/airflow/example_dags/example_branch_operator.py
[2026-03-23T03:32:48.908+0000] {processor.py:840} INFO - DAG(s) 'example_branch_operator' retrieved from /home/airflow/.local/lib/python3.8/site-packages/airflow/example_dags/example_branch_operator.py
[2026-03-23T03:32:48.938+0000] {logging_mixin.py:188} INFO - [2026-03-23T03:32:48.937+0000] {dag.py:3047} INFO - Sync 1 DAGs
[2026-03-23T03:32:48.961+0000] {logging_mixin.py:188} INFO - [2026-03-23T03:32:48.961+0000] {dag.py:3834} INFO - Setting next_dagrun for example_branch_operator to 2026-03-22 00:00:00+00:00, run_after=2026-03-23 00:00:00+00:00
[2026-03-23T03:32:48.986+0000] {processor.py:183} INFO - Processing /home/airflow/.local/lib/python3.8/site-packages/airflow/example_dags/example_branch_operator.py took 0.100 seconds
[2026-03-23T03:33:19.052+0000] {processor.py:161} INFO - Started process (PID=973) to work on /home/airflow/.local/lib/python3.8/site-packages/airflow/example_dags/example_branch_operator.py
[2026-03-23T03:33:19.054+0000] {processor.py:830} INFO - Processing file /home/airflow/.local/lib/python3.8/site-packages/airflow/example_dags/example_branch_operator.py for tasks to queue
[2026-03-23T03:33:19.056+0000] {logging_mixin.py:188} INFO - [2026-03-23T03:33:19.056+0000] {dagbag.py:540} INFO - Filling up the DagBag from /home/airflow/.local/lib/python3.8/site-packages/airflow/example_dags/example_branch_operator.py
[2026-03-23T03:33:19.073+0000] {processor.py:840} INFO - DAG(s) 'example_branch_operator' retrieved from /home/airflow/.local/lib/python3.8/site-packages/airflow/example_dags/example_branch_operator.py
[2026-03-23T03:33:19.111+0000] {logging_mixin.py:188} INFO - [2026-03-23T03:33:19.111+0000] {dag.py:3047} INFO - Sync 1 DAGs
[2026-03-23T03:33:19.145+0000] {logging_mixin.py:188} INFO - [2026-03-23T03:33:19.145+0000] {dag.py:3834} INFO - Setting next_dagrun for example_branch_operator to 2026-03-22 00:00:00+00:00, run_after=2026-03-23 00:00:00+00:00
[2026-03-23T03:33:19.185+0000] {processor.py:183} INFO - Processing /home/airflow/.local/lib/python3.8/site-packages/airflow/example_dags/example_branch_operator.py took 0.136 seconds
[2026-03-23T03:33:49.248+0000] {processor.py:161} INFO - Started process (PID=1028) to work on /home/airflow/.local/lib/python3.8/site-packages/airflow/example_dags/example_branch_operator.py
[2026-03-23T03:33:49.250+0000] {processor.py:830} INFO - Processing file /home/airflow/.local/lib/python3.8/site-packages/airflow/example_dags/example_branch_operator.py for tasks to queue
[2026-03-23T03:33:49.253+0000] {logging_mixin.py:188} INFO - [2026-03-23T03:33:49.252+0000] {dagbag.py:540} INFO - Filling up the DagBag from /home/airflow/.local/lib/python3.8/site-packages/airflow/example_dags/example_branch_operator.py
[2026-03-23T03:33:49.270+0000] {processor.py:840} INFO - DAG(s) 'example_branch_operator' retrieved from /home/airflow/.local/lib/python3.8/site-packages/airflow/example_dags/example_branch_operator.py
[2026-03-23T03:33:49.303+0000] {logging_mixin.py:188} INFO - [2026-03-23T03:33:49.303+0000] {dag.py:3047} INFO - Sync 1 DAGs
[2026-03-23T03:33:49.331+0000] {logging_mixin.py:188} INFO - [2026-03-23T03:33:49.331+0000] {dag.py:3834} INFO - Setting next_dagrun for example_branch_operator to 2026-03-22 00:00:00+00:00, run_after=2026-03-23 00:00:00+00:00
[2026-03-23T03:33:49.358+0000] {processor.py:183} INFO - Processing /home/airflow/.local/lib/python3.8/site-packages/airflow/example_dags/example_branch_operator.py took 0.114 seconds
[2026-03-23T03:34:19.395+0000] {processor.py:161} INFO - Started process (PID=1083) to work on /home/airflow/.local/lib/python3.8/site-packages/airflow/example_dags/example_branch_operator.py
[2026-03-23T03:34:19.396+0000] {processor.py:830} INFO - Processing file /home/airflow/.local/lib/python3.8/site-packages/airflow/example_dags/example_branch_operator.py for tasks to queue
[2026-03-23T03:34:19.398+0000] {logging_mixin.py:188} INFO - [2026-03-23T03:34:19.398+0000] {dagbag.py:540} INFO - Filling up the DagBag from /home/airflow/.local/lib/python3.8/site-packages/airflow/example_dags/example_branch_operator.py
[2026-03-23T03:34:19.414+0000] {processor.py:840} INFO - DAG(s) 'example_branch_operator' retrieved from /home/airflow/.local/lib/python3.8/site-packages/airflow/example_dags/example_branch_operator.py
[2026-03-23T03:34:19.441+0000] {logging_mixin.py:188} INFO - [2026-03-23T03:34:19.441+0000] {dag.py:3047} INFO - Sync 1 DAGs
[2026-03-23T03:34:19.463+0000] {logging_mixin.py:188} INFO - [2026-03-23T03:34:19.463+0000] {dag.py:3834} INFO - Setting next_dagrun for example_branch_operator to 2026-03-22 00:00:00+00:00, run_after=2026-03-23 00:00:00+00:00
[2026-03-23T03:34:19.485+0000] {processor.py:183} INFO - Processing /home/airflow/.local/lib/python3.8/site-packages/airflow/example_dags/example_branch_operator.py took 0.093 seconds
[2026-03-23T03:34:49.644+0000] {processor.py:161} INFO - Started process (PID=1138) to work on /home/airflow/.local/lib/python3.8/site-packages/airflow/example_dags/example_branch_operator.py
[2026-03-23T03:34:49.645+0000] {processor.py:830} INFO - Processing file /home/airflow/.local/lib/python3.8/site-packages/airflow/example_dags/example_branch_operator.py for tasks to queue
[2026-03-23T03:34:49.647+0000] {logging_mixin.py:188} INFO - [2026-03-23T03:34:49.647+0000] {dagbag.py:540} INFO - Filling up the DagBag from /home/airflow/.local/lib/python3.8/site-packages/airflow/example_dags/example_branch_operator.py
[2026-03-23T03:34:49.661+0000] {processor.py:840} INFO - DAG(s) 'example_branch_operator' retrieved from /home/airflow/.local/lib/python3.8/site-packages/airflow/example_dags/example_branch_operator.py
[2026-03-23T03:34:49.690+0000] {logging_mixin.py:188} INFO - [2026-03-23T03:34:49.690+0000] {dag.py:3047} INFO - Sync 1 DAGs
[2026-03-23T03:34:49.716+0000] {logging_mixin.py:188} INFO - [2026-03-23T03:34:49.716+0000] {dag.py:3834} INFO - Setting next_dagrun for example_branch_operator to 2026-03-22 00:00:00+00:00, run_after=2026-03-23 00:00:00+00:00
[2026-03-23T03:34:49.740+0000] {processor.py:183} INFO - Processing /home/airflow/.local/lib/python3.8/site-packages/airflow/example_dags/example_branch_operator.py took 0.098 seconds
[2026-03-23T03:37:20.521+0000] {processor.py:161} INFO - Started process (PID=87) to work on /home/airflow/.local/lib/python3.8/site-packages/airflow/example_dags/example_branch_operator.py
[2026-03-23T03:37:20.522+0000] {processor.py:830} INFO - Processing file /home/airflow/.local/lib/python3.8/site-packages/airflow/example_dags/example_branch_operator.py for tasks to queue
[2026-03-23T03:37:20.525+0000] {logging_mixin.py:188} INFO - [2026-03-23T03:37:20.524+0000] {dagbag.py:540} INFO - Filling up the DagBag from /home/airflow/.local/lib/python3.8/site-packages/airflow/example_dags/example_branch_operator.py
[2026-03-23T03:37:20.546+0000] {processor.py:840} INFO - DAG(s) 'example_branch_operator' retrieved from /home/airflow/.local/lib/python3.8/site-packages/airflow/example_dags/example_branch_operator.py
[2026-03-23T03:37:20.562+0000] {logging_mixin.py:188} INFO - [2026-03-23T03:37:20.561+0000] {dag.py:3047} INFO - Sync 1 DAGs
[2026-03-23T03:37:20.591+0000] {logging_mixin.py:188} INFO - [2026-03-23T03:37:20.591+0000] {dag.py:3834} INFO - Setting next_dagrun for example_branch_operator to 2026-03-22 00:00:00+00:00, run_after=2026-03-23 00:00:00+00:00
[2026-03-23T03:37:20.616+0000] {processor.py:183} INFO - Processing /home/airflow/.local/lib/python3.8/site-packages/airflow/example_dags/example_branch_operator.py took 0.100 seconds
[2026-03-23T03:37:52.219+0000] {processor.py:161} INFO - Started process (PID=148) to work on /home/airflow/.local/lib/python3.8/site-packages/airflow/example_dags/example_branch_operator.py
[2026-03-23T03:37:52.221+0000] {processor.py:830} INFO - Processing file /home/airflow/.local/lib/python3.8/site-packages/airflow/example_dags/example_branch_operator.py for tasks to queue
[2026-03-23T03:37:52.223+0000] {logging_mixin.py:188} INFO - [2026-03-23T03:37:52.223+0000] {dagbag.py:540} INFO - Filling up the DagBag from /home/airflow/.local/lib/python3.8/site-packages/airflow/example_dags/example_branch_operator.py
[2026-03-23T03:37:52.240+0000] {processor.py:840} INFO - DAG(s) 'example_branch_operator' retrieved from /home/airflow/.local/lib/python3.8/site-packages/airflow/example_dags/example_branch_operator.py
[2026-03-23T03:37:52.360+0000] {logging_mixin.py:188} INFO - [2026-03-23T03:37:52.360+0000] {dag.py:3047} INFO - Sync 1 DAGs
[2026-03-23T03:37:52.385+0000] {logging_mixin.py:188} INFO - [2026-03-23T03:37:52.384+0000] {dag.py:3834} INFO - Setting next_dagrun for example_branch_operator to 2026-03-22 00:00:00+00:00, run_after=2026-03-23 00:00:00+00:00
[2026-03-23T03:37:52.408+0000] {processor.py:183} INFO - Processing /home/airflow/.local/lib/python3.8/site-packages/airflow/example_dags/example_branch_operator.py took 0.192 seconds
[2026-03-23T03:38:22.528+0000] {processor.py:161} INFO - Started process (PID=203) to work on /home/airflow/.local/lib/python3.8/site-packages/airflow/example_dags/example_branch_operator.py
[2026-03-23T03:38:22.529+0000] {processor.py:830} INFO - Processing file /home/airflow/.local/lib/python3.8/site-packages/airflow/example_dags/example_branch_operator.py for tasks to queue
[2026-03-23T03:38:22.531+0000] {logging_mixin.py:188} INFO - [2026-03-23T03:38:22.530+0000] {dagbag.py:540} INFO - Filling up the DagBag from /home/airflow/.local/lib/python3.8/site-packages/airflow/example_dags/example_branch_operator.py
[2026-03-23T03:38:22.545+0000] {processor.py:840} INFO - DAG(s) 'example_branch_operator' retrieved from /home/airflow/.local/lib/python3.8/site-packages/airflow/example_dags/example_branch_operator.py
[2026-03-23T03:38:22.573+0000] {logging_mixin.py:188} INFO - [2026-03-23T03:38:22.573+0000] {dag.py:3047} INFO - Sync 1 DAGs
[2026-03-23T03:38:22.597+0000] {logging_mixin.py:188} INFO - [2026-03-23T03:38:22.597+0000] {dag.py:3834} INFO - Setting next_dagrun for example_branch_operator to 2026-03-22 00:00:00+00:00, run_after=2026-03-23 00:00:00+00:00
[2026-03-23T03:38:22.618+0000] {processor.py:183} INFO - Processing /home/airflow/.local/lib/python3.8/site-packages/airflow/example_dags/example_branch_operator.py took 0.093 seconds
[2026-03-23T03:38:52.994+0000] {processor.py:161} INFO - Started process (PID=258) to work on /home/airflow/.local/lib/python3.8/site-packages/airflow/example_dags/example_branch_operator.py
[2026-03-23T03:38:52.995+0000] {processor.py:830} INFO - Processing file /home/airflow/.local/lib/python3.8/site-packages/airflow/example_dags/example_branch_operator.py for tasks to queue
[2026-03-23T03:38:52.997+0000] {logging_mixin.py:188} INFO - [2026-03-23T03:38:52.997+0000] {dagbag.py:540} INFO - Filling up the DagBag from /home/airflow/.local/lib/python3.8/site-packages/airflow/example_dags/example_branch_operator.py
[2026-03-23T03:38:53.013+0000] {processor.py:840} INFO - DAG(s) 'example_branch_operator' retrieved from /home/airflow/.local/lib/python3.8/site-packages/airflow/example_dags/example_branch_operator.py
[2026-03-23T03:38:53.046+0000] {logging_mixin.py:188} INFO - [2026-03-23T03:38:53.046+0000] {dag.py:3047} INFO - Sync 1 DAGs
[2026-03-23T03:38:53.069+0000] {logging_mixin.py:188} INFO - [2026-03-23T03:38:53.068+0000] {dag.py:3834} INFO - Setting next_dagrun for example_branch_operator to 2026-03-22 00:00:00+00:00, run_after=2026-03-23 00:00:00+00:00
[2026-03-23T03:38:53.094+0000] {processor.py:183} INFO - Processing /home/airflow/.local/lib/python3.8/site-packages/airflow/example_dags/example_branch_operator.py took 0.103 seconds
[2026-03-23T03:39:23.508+0000] {processor.py:161} INFO - Started process (PID=313) to work on /home/airflow/.local/lib/python3.8/site-packages/airflow/example_dags/example_branch_operator.py
[2026-03-23T03:39:23.509+0000] {processor.py:830} INFO - Processing file /home/airflow/.local/lib/python3.8/site-packages/airflow/example_dags/example_branch_operator.py for tasks to queue
[2026-03-23T03:39:23.511+0000] {logging_mixin.py:188} INFO - [2026-03-23T03:39:23.511+0000] {dagbag.py:540} INFO - Filling up the DagBag from /home/airflow/.local/lib/python3.8/site-packages/airflow/example_dags/example_branch_operator.py
[2026-03-23T03:39:23.526+0000] {processor.py:840} INFO - DAG(s) 'example_branch_operator' retrieved from /home/airflow/.local/lib/python3.8/site-packages/airflow/example_dags/example_branch_operator.py
[2026-03-23T03:39:23.550+0000] {logging_mixin.py:188} INFO - [2026-03-23T03:39:23.549+0000] {dag.py:3047} INFO - Sync 1 DAGs
[2026-03-23T03:39:23.570+0000] {logging_mixin.py:188} INFO - [2026-03-23T03:39:23.570+0000] {dag.py:3834} INFO - Setting next_dagrun for example_branch_operator to 2026-03-22 00:00:00+00:00, run_after=2026-03-23 00:00:00+00:00
[2026-03-23T03:39:23.589+0000] {processor.py:183} INFO - Processing /home/airflow/.local/lib/python3.8/site-packages/airflow/example_dags/example_branch_operator.py took 0.084 seconds
[2026-03-23T03:39:53.904+0000] {processor.py:161} INFO - Started process (PID=368) to work on /home/airflow/.local/lib/python3.8/site-packages/airflow/example_dags/example_branch_operator.py
[2026-03-23T03:39:53.905+0000] {processor.py:830} INFO - Processing file /home/airflow/.local/lib/python3.8/site-packages/airflow/example_dags/example_branch_operator.py for tasks to queue
[2026-03-23T03:39:53.907+0000] {logging_mixin.py:188} INFO - [2026-03-23T03:39:53.907+0000] {dagbag.py:540} INFO - Filling up the DagBag from /home/airflow/.local/lib/python3.8/site-packages/airflow/example_dags/example_branch_operator.py
[2026-03-23T03:39:53.923+0000] {processor.py:840} INFO - DAG(s) 'example_branch_operator' retrieved from /home/airflow/.local/lib/python3.8/site-packages/airflow/example_dags/example_branch_operator.py
[2026-03-23T03:39:53.952+0000] {logging_mixin.py:188} INFO - [2026-03-23T03:39:53.951+0000] {dag.py:3047} INFO - Sync 1 DAGs
[2026-03-23T03:39:53.974+0000] {logging_mixin.py:188} INFO - [2026-03-23T03:39:53.973+0000] {dag.py:3834} INFO - Setting next_dagrun for example_branch_operator to 2026-03-22 00:00:00+00:00, run_after=2026-03-23 00:00:00+00:00
[2026-03-23T03:39:53.994+0000] {processor.py:183} INFO - Processing /home/airflow/.local/lib/python3.8/site-packages/airflow/example_dags/example_branch_operator.py took 0.094 seconds
[2026-03-23T03:40:24.335+0000] {processor.py:161} INFO - Started process (PID=423) to work on /home/airflow/.local/lib/python3.8/site-packages/airflow/example_dags/example_branch_operator.py
[2026-03-23T03:40:24.336+0000] {processor.py:830} INFO - Processing file /home/airflow/.local/lib/python3.8/site-packages/airflow/example_dags/example_branch_operator.py for tasks to queue
[2026-03-23T03:40:24.338+0000] {logging_mixin.py:188} INFO - [2026-03-23T03:40:24.338+0000] {dagbag.py:540} INFO - Filling up the DagBag from /home/airflow/.local/lib/python3.8/site-packages/airflow/example_dags/example_branch_operator.py
[2026-03-23T03:40:24.354+0000] {processor.py:840} INFO - DAG(s) 'example_branch_operator' retrieved from /home/airflow/.local/lib/python3.8/site-packages/airflow/example_dags/example_branch_operator.py
[2026-03-23T03:40:24.381+0000] {logging_mixin.py:188} INFO - [2026-03-23T03:40:24.381+0000] {dag.py:3047} INFO - Sync 1 DAGs
[2026-03-23T03:40:24.404+0000] {logging_mixin.py:188} INFO - [2026-03-23T03:40:24.403+0000] {dag.py:3834} INFO - Setting next_dagrun for example_branch_operator to 2026-03-22 00:00:00+00:00, run_after=2026-03-23 00:00:00+00:00
[2026-03-23T03:40:24.426+0000] {processor.py:183} INFO - Processing /home/airflow/.local/lib/python3.8/site-packages/airflow/example_dags/example_branch_operator.py took 0.093 seconds
[2026-03-23T03:40:55.148+0000] {processor.py:161} INFO - Started process (PID=478) to work on /home/airflow/.local/lib/python3.8/site-packages/airflow/example_dags/example_branch_operator.py
[2026-03-23T03:40:55.149+0000] {processor.py:830} INFO - Processing file /home/airflow/.local/lib/python3.8/site-packages/airflow/example_dags/example_branch_operator.py for tasks to queue
[2026-03-23T03:40:55.151+0000] {logging_mixin.py:188} INFO - [2026-03-23T03:40:55.151+0000] {dagbag.py:540} INFO - Filling up the DagBag from /home/airflow/.local/lib/python3.8/site-packages/airflow/example_dags/example_branch_operator.py
[2026-03-23T03:40:55.169+0000] {processor.py:840} INFO - DAG(s) 'example_branch_operator' retrieved from /home/airflow/.local/lib/python3.8/site-packages/airflow/example_dags/example_branch_operator.py
[2026-03-23T03:40:55.204+0000] {logging_mixin.py:188} INFO - [2026-03-23T03:40:55.204+0000] {dag.py:3047} INFO - Sync 1 DAGs
[2026-03-23T03:40:55.236+0000] {logging_mixin.py:188} INFO - [2026-03-23T03:40:55.236+0000] {dag.py:3834} INFO - Setting next_dagrun for example_branch_operator to 2026-03-22 00:00:00+00:00, run_after=2026-03-23 00:00:00+00:00
[2026-03-23T03:40:55.282+0000] {processor.py:183} INFO - Processing /home/airflow/.local/lib/python3.8/site-packages/airflow/example_dags/example_branch_operator.py took 0.137 seconds
[2026-03-23T03:41:25.682+0000] {processor.py:161} INFO - Started process (PID=533) to work on /home/airflow/.local/lib/python3.8/site-packages/airflow/example_dags/example_branch_operator.py
[2026-03-23T03:41:25.684+0000] {processor.py:830} INFO - Processing file /home/airflow/.local/lib/python3.8/site-packages/airflow/example_dags/example_branch_operator.py for tasks to queue
[2026-03-23T03:41:25.686+0000] {logging_mixin.py:188} INFO - [2026-03-23T03:41:25.686+0000] {dagbag.py:540} INFO - Filling up the DagBag from /home/airflow/.local/lib/python3.8/site-packages/airflow/example_dags/example_branch_operator.py
[2026-03-23T03:41:25.700+0000] {processor.py:840} INFO - DAG(s) 'example_branch_operator' retrieved from /home/airflow/.local/lib/python3.8/site-packages/airflow/example_dags/example_branch_operator.py
[2026-03-23T03:41:25.727+0000] {logging_mixin.py:188} INFO - [2026-03-23T03:41:25.726+0000] {dag.py:3047} INFO - Sync 1 DAGs
[2026-03-23T03:41:25.748+0000] {logging_mixin.py:188} INFO - [2026-03-23T03:41:25.748+0000] {dag.py:3834} INFO - Setting next_dagrun for example_branch_operator to 2026-03-22 00:00:00+00:00, run_after=2026-03-23 00:00:00+00:00
[2026-03-23T03:41:25.769+0000] {processor.py:183} INFO - Processing /home/airflow/.local/lib/python3.8/site-packages/airflow/example_dags/example_branch_operator.py took 0.089 seconds
[2026-03-23T03:41:55.911+0000] {processor.py:161} INFO - Started process (PID=588) to work on /home/airflow/.local/lib/python3.8/site-packages/airflow/example_dags/example_branch_operator.py
[2026-03-23T03:41:55.913+0000] {processor.py:830} INFO - Processing file /home/airflow/.local/lib/python3.8/site-packages/airflow/example_dags/example_branch_operator.py for tasks to queue
[2026-03-23T03:41:55.914+0000] {logging_mixin.py:188} INFO - [2026-03-23T03:41:55.914+0000] {dagbag.py:540} INFO - Filling up the DagBag from /home/airflow/.local/lib/python3.8/site-packages/airflow/example_dags/example_branch_operator.py
[2026-03-23T03:41:55.931+0000] {processor.py:840} INFO - DAG(s) 'example_branch_operator' retrieved from /home/airflow/.local/lib/python3.8/site-packages/airflow/example_dags/example_branch_operator.py
[2026-03-23T03:41:55.963+0000] {logging_mixin.py:188} INFO - [2026-03-23T03:41:55.962+0000] {dag.py:3047} INFO - Sync 1 DAGs
[2026-03-23T03:41:55.988+0000] {logging_mixin.py:188} INFO - [2026-03-23T03:41:55.988+0000] {dag.py:3834} INFO - Setting next_dagrun for example_branch_operator to 2026-03-22 00:00:00+00:00, run_after=2026-03-23 00:00:00+00:00
[2026-03-23T03:41:56.013+0000] {processor.py:183} INFO - Processing /home/airflow/.local/lib/python3.8/site-packages/airflow/example_dags/example_branch_operator.py took 0.105 seconds
[2026-03-23T03:42:26.072+0000] {processor.py:161} INFO - Started process (PID=643) to work on /home/airflow/.local/lib/python3.8/site-packages/airflow/example_dags/example_branch_operator.py
[2026-03-23T03:42:26.073+0000] {processor.py:830} INFO - Processing file /home/airflow/.local/lib/python3.8/site-packages/airflow/example_dags/example_branch_operator.py for tasks to queue
[2026-03-23T03:42:26.075+0000] {logging_mixin.py:188} INFO - [2026-03-23T03:42:26.074+0000] {dagbag.py:540} INFO - Filling up the DagBag from /home/airflow/.local/lib/python3.8/site-packages/airflow/example_dags/example_branch_operator.py
[2026-03-23T03:42:26.089+0000] {processor.py:840} INFO - DAG(s) 'example_branch_operator' retrieved from /home/airflow/.local/lib/python3.8/site-packages/airflow/example_dags/example_branch_operator.py
[2026-03-23T03:42:26.114+0000] {logging_mixin.py:188} INFO - [2026-03-23T03:42:26.113+0000] {dag.py:3047} INFO - Sync 1 DAGs
[2026-03-23T03:42:26.137+0000] {logging_mixin.py:188} INFO - [2026-03-23T03:42:26.137+0000] {dag.py:3834} INFO - Setting next_dagrun for example_branch_operator to 2026-03-22 00:00:00+00:00, run_after=2026-03-23 00:00:00+00:00
[2026-03-23T03:42:26.159+0000] {processor.py:183} INFO - Processing /home/airflow/.local/lib/python3.8/site-packages/airflow/example_dags/example_branch_operator.py took 0.090 seconds
[2026-03-23T03:42:56.705+0000] {processor.py:161} INFO - Started process (PID=698) to work on /home/airflow/.local/lib/python3.8/site-packages/airflow/example_dags/example_branch_operator.py
[2026-03-23T03:42:56.707+0000] {processor.py:830} INFO - Processing file /home/airflow/.local/lib/python3.8/site-packages/airflow/example_dags/example_branch_operator.py for tasks to queue
[2026-03-23T03:42:56.709+0000] {logging_mixin.py:188} INFO - [2026-03-23T03:42:56.708+0000] {dagbag.py:540} INFO - Filling up the DagBag from /home/airflow/.local/lib/python3.8/site-packages/airflow/example_dags/example_branch_operator.py
[2026-03-23T03:42:56.725+0000] {processor.py:840} INFO - DAG(s) 'example_branch_operator' retrieved from /home/airflow/.local/lib/python3.8/site-packages/airflow/example_dags/example_branch_operator.py
[2026-03-23T03:42:56.755+0000] {logging_mixin.py:188} INFO - [2026-03-23T03:42:56.755+0000] {dag.py:3047} INFO - Sync 1 DAGs
[2026-03-23T03:42:56.780+0000] {logging_mixin.py:188} INFO - [2026-03-23T03:42:56.780+0000] {dag.py:3834} INFO - Setting next_dagrun for example_branch_operator to 2026-03-22 00:00:00+00:00, run_after=2026-03-23 00:00:00+00:00
[2026-03-23T03:42:56.802+0000] {processor.py:183} INFO - Processing /home/airflow/.local/lib/python3.8/site-packages/airflow/example_dags/example_branch_operator.py took 0.100 seconds
[2026-03-23T03:43:27.092+0000] {processor.py:161} INFO - Started process (PID=753) to work on /home/airflow/.local/lib/python3.8/site-packages/airflow/example_dags/example_branch_operator.py
[2026-03-23T03:43:27.093+0000] {processor.py:830} INFO - Processing file /home/airflow/.local/lib/python3.8/site-packages/airflow/example_dags/example_branch_operator.py for tasks to queue
[2026-03-23T03:43:27.095+0000] {logging_mixin.py:188} INFO - [2026-03-23T03:43:27.095+0000] {dagbag.py:540} INFO - Filling up the DagBag from /home/airflow/.local/lib/python3.8/site-packages/airflow/example_dags/example_branch_operator.py
[2026-03-23T03:43:27.111+0000] {processor.py:840} INFO - DAG(s) 'example_branch_operator' retrieved from /home/airflow/.local/lib/python3.8/site-packages/airflow/example_dags/example_branch_operator.py
[2026-03-23T03:43:27.142+0000] {logging_mixin.py:188} INFO - [2026-03-23T03:43:27.141+0000] {dag.py:3047} INFO - Sync 1 DAGs
[2026-03-23T03:43:27.170+0000] {logging_mixin.py:188} INFO - [2026-03-23T03:43:27.170+0000] {dag.py:3834} INFO - Setting next_dagrun for example_branch_operator to 2026-03-22 00:00:00+00:00, run_after=2026-03-23 00:00:00+00:00
[2026-03-23T03:43:27.196+0000] {processor.py:183} INFO - Processing /home/airflow/.local/lib/python3.8/site-packages/airflow/example_dags/example_branch_operator.py took 0.107 seconds
[2026-03-23T03:43:57.546+0000] {processor.py:161} INFO - Started process (PID=808) to work on /home/airflow/.local/lib/python3.8/site-packages/airflow/example_dags/example_branch_operator.py
[2026-03-23T03:43:57.548+0000] {processor.py:830} INFO - Processing file /home/airflow/.local/lib/python3.8/site-packages/airflow/example_dags/example_branch_operator.py for tasks to queue
[2026-03-23T03:43:57.550+0000] {logging_mixin.py:188} INFO - [2026-03-23T03:43:57.550+0000] {dagbag.py:540} INFO - Filling up the DagBag from /home/airflow/.local/lib/python3.8/site-packages/airflow/example_dags/example_branch_operator.py
[2026-03-23T03:43:57.566+0000] {processor.py:840} INFO - DAG(s) 'example_branch_operator' retrieved from /home/airflow/.local/lib/python3.8/site-packages/airflow/example_dags/example_branch_operator.py
[2026-03-23T03:43:57.596+0000] {logging_mixin.py:188} INFO - [2026-03-23T03:43:57.595+0000] {dag.py:3047} INFO - Sync 1 DAGs
[2026-03-23T03:43:57.621+0000] {logging_mixin.py:188} INFO - [2026-03-23T03:43:57.620+0000] {dag.py:3834} INFO - Setting next_dagrun for example_branch_operator to 2026-03-22 00:00:00+00:00, run_after=2026-03-23 00:00:00+00:00
[2026-03-23T03:43:57.643+0000] {processor.py:183} INFO - Processing /home/airflow/.local/lib/python3.8/site-packages/airflow/example_dags/example_branch_operator.py took 0.100 seconds
[2026-03-23T03:44:28.155+0000] {processor.py:161} INFO - Started process (PID=863) to work on /home/airflow/.local/lib/python3.8/site-packages/airflow/example_dags/example_branch_operator.py
[2026-03-23T03:44:28.156+0000] {processor.py:830} INFO - Processing file /home/airflow/.local/lib/python3.8/site-packages/airflow/example_dags/example_branch_operator.py for tasks to queue
[2026-03-23T03:44:28.158+0000] {logging_mixin.py:188} INFO - [2026-03-23T03:44:28.158+0000] {dagbag.py:540} INFO - Filling up the DagBag from /home/airflow/.local/lib/python3.8/site-packages/airflow/example_dags/example_branch_operator.py
[2026-03-23T03:44:28.172+0000] {processor.py:840} INFO - DAG(s) 'example_branch_operator' retrieved from /home/airflow/.local/lib/python3.8/site-packages/airflow/example_dags/example_branch_operator.py
[2026-03-23T03:44:28.199+0000] {logging_mixin.py:188} INFO - [2026-03-23T03:44:28.199+0000] {dag.py:3047} INFO - Sync 1 DAGs
[2026-03-23T03:44:28.220+0000] {logging_mixin.py:188} INFO - [2026-03-23T03:44:28.220+0000] {dag.py:3834} INFO - Setting next_dagrun for example_branch_operator to 2026-03-22 00:00:00+00:00, run_after=2026-03-23 00:00:00+00:00
[2026-03-23T03:44:28.239+0000] {processor.py:183} INFO - Processing /home/airflow/.local/lib/python3.8/site-packages/airflow/example_dags/example_branch_operator.py took 0.086 seconds
[2026-03-23T03:44:58.535+0000] {processor.py:161} INFO - Started process (PID=918) to work on /home/airflow/.local/lib/python3.8/site-packages/airflow/example_dags/example_branch_operator.py
[2026-03-23T03:44:58.537+0000] {processor.py:830} INFO - Processing file /home/airflow/.local/lib/python3.8/site-packages/airflow/example_dags/example_branch_operator.py for tasks to queue
[2026-03-23T03:44:58.539+0000] {logging_mixin.py:188} INFO - [2026-03-23T03:44:58.539+0000] {dagbag.py:540} INFO - Filling up the DagBag from /home/airflow/.local/lib/python3.8/site-packages/airflow/example_dags/example_branch_operator.py
[2026-03-23T03:44:58.560+0000] {processor.py:840} INFO - DAG(s) 'example_branch_operator' retrieved from /home/airflow/.local/lib/python3.8/site-packages/airflow/example_dags/example_branch_operator.py
[2026-03-23T03:44:58.596+0000] {logging_mixin.py:188} INFO - [2026-03-23T03:44:58.595+0000] {dag.py:3047} INFO - Sync 1 DAGs
[2026-03-23T03:44:58.633+0000] {logging_mixin.py:188} INFO - [2026-03-23T03:44:58.632+0000] {dag.py:3834} INFO - Setting next_dagrun for example_branch_operator to 2026-03-22 00:00:00+00:00, run_after=2026-03-23 00:00:00+00:00
[2026-03-23T03:44:58.666+0000] {processor.py:183} INFO - Processing /home/airflow/.local/lib/python3.8/site-packages/airflow/example_dags/example_branch_operator.py took 0.134 seconds
[2026-03-23T03:45:28.945+0000] {processor.py:161} INFO - Started process (PID=973) to work on /home/airflow/.local/lib/python3.8/site-packages/airflow/example_dags/example_branch_operator.py
[2026-03-23T03:45:28.946+0000] {processor.py:830} INFO - Processing file /home/airflow/.local/lib/python3.8/site-packages/airflow/example_dags/example_branch_operator.py for tasks to queue
[2026-03-23T03:45:28.949+0000] {logging_mixin.py:188} INFO - [2026-03-23T03:45:28.948+0000] {dagbag.py:540} INFO - Filling up the DagBag from /home/airflow/.local/lib/python3.8/site-packages/airflow/example_dags/example_branch_operator.py
[2026-03-23T03:45:28.967+0000] {processor.py:840} INFO - DAG(s) 'example_branch_operator' retrieved from /home/airflow/.local/lib/python3.8/site-packages/airflow/example_dags/example_branch_operator.py
[2026-03-23T03:45:29.000+0000] {logging_mixin.py:188} INFO - [2026-03-23T03:45:29.000+0000] {dag.py:3047} INFO - Sync 1 DAGs
[2026-03-23T03:45:29.026+0000] {logging_mixin.py:188} INFO - [2026-03-23T03:45:29.026+0000] {dag.py:3834} INFO - Setting next_dagrun for example_branch_operator to 2026-03-22 00:00:00+00:00, run_after=2026-03-23 00:00:00+00:00
[2026-03-23T03:45:29.049+0000] {processor.py:183} INFO - Processing /home/airflow/.local/lib/python3.8/site-packages/airflow/example_dags/example_branch_operator.py took 0.108 seconds
[2026-03-23T03:45:59.153+0000] {processor.py:161} INFO - Started process (PID=1028) to work on /home/airflow/.local/lib/python3.8/site-packages/airflow/example_dags/example_branch_operator.py
[2026-03-23T03:45:59.154+0000] {processor.py:830} INFO - Processing file /home/airflow/.local/lib/python3.8/site-packages/airflow/example_dags/example_branch_operator.py for tasks to queue
[2026-03-23T03:45:59.156+0000] {logging_mixin.py:188} INFO - [2026-03-23T03:45:59.155+0000] {dagbag.py:540} INFO - Filling up the DagBag from /home/airflow/.local/lib/python3.8/site-packages/airflow/example_dags/example_branch_operator.py
[2026-03-23T03:45:59.173+0000] {processor.py:840} INFO - DAG(s) 'example_branch_operator' retrieved from /home/airflow/.local/lib/python3.8/site-packages/airflow/example_dags/example_branch_operator.py
[2026-03-23T03:45:59.203+0000] {logging_mixin.py:188} INFO - [2026-03-23T03:45:59.203+0000] {dag.py:3047} INFO - Sync 1 DAGs
[2026-03-23T03:45:59.230+0000] {logging_mixin.py:188} INFO - [2026-03-23T03:45:59.230+0000] {dag.py:3834} INFO - Setting next_dagrun for example_branch_operator to 2026-03-22 00:00:00+00:00, run_after=2026-03-23 00:00:00+00:00
[2026-03-23T03:45:59.256+0000] {processor.py:183} INFO - Processing /home/airflow/.local/lib/python3.8/site-packages/airflow/example_dags/example_branch_operator.py took 0.106 seconds
[2026-03-23T03:46:29.377+0000] {processor.py:161} INFO - Started process (PID=1083) to work on /home/airflow/.local/lib/python3.8/site-packages/airflow/example_dags/example_branch_operator.py
[2026-03-23T03:46:29.378+0000] {processor.py:830} INFO - Processing file /home/airflow/.local/lib/python3.8/site-packages/airflow/example_dags/example_branch_operator.py for tasks to queue
[2026-03-23T03:46:29.380+0000] {logging_mixin.py:188} INFO - [2026-03-23T03:46:29.380+0000] {dagbag.py:540} INFO - Filling up the DagBag from /home/airflow/.local/lib/python3.8/site-packages/airflow/example_dags/example_branch_operator.py
[2026-03-23T03:46:29.395+0000] {processor.py:840} INFO - DAG(s) 'example_branch_operator' retrieved from /home/airflow/.local/lib/python3.8/site-packages/airflow/example_dags/example_branch_operator.py
[2026-03-23T03:46:29.423+0000] {logging_mixin.py:188} INFO - [2026-03-23T03:46:29.423+0000] {dag.py:3047} INFO - Sync 1 DAGs
[2026-03-23T03:46:29.446+0000] {logging_mixin.py:188} INFO - [2026-03-23T03:46:29.445+0000] {dag.py:3834} INFO - Setting next_dagrun for example_branch_operator to 2026-03-22 00:00:00+00:00, run_after=2026-03-23 00:00:00+00:00
[2026-03-23T03:46:29.467+0000] {processor.py:183} INFO - Processing /home/airflow/.local/lib/python3.8/site-packages/airflow/example_dags/example_branch_operator.py took 0.092 seconds
[2026-03-23T03:46:59.859+0000] {processor.py:161} INFO - Started process (PID=1138) to work on /home/airflow/.local/lib/python3.8/site-packages/airflow/example_dags/example_branch_operator.py
[2026-03-23T03:46:59.860+0000] {processor.py:830} INFO - Processing file /home/airflow/.local/lib/python3.8/site-packages/airflow/example_dags/example_branch_operator.py for tasks to queue
[2026-03-23T03:46:59.862+0000] {logging_mixin.py:188} INFO - [2026-03-23T03:46:59.861+0000] {dagbag.py:540} INFO - Filling up the DagBag from /home/airflow/.local/lib/python3.8/site-packages/airflow/example_dags/example_branch_operator.py
[2026-03-23T03:46:59.877+0000] {processor.py:840} INFO - DAG(s) 'example_branch_operator' retrieved from /home/airflow/.local/lib/python3.8/site-packages/airflow/example_dags/example_branch_operator.py
[2026-03-23T03:46:59.903+0000] {logging_mixin.py:188} INFO - [2026-03-23T03:46:59.903+0000] {dag.py:3047} INFO - Sync 1 DAGs
[2026-03-23T03:46:59.926+0000] {logging_mixin.py:188} INFO - [2026-03-23T03:46:59.926+0000] {dag.py:3834} INFO - Setting next_dagrun for example_branch_operator to 2026-03-22 00:00:00+00:00, run_after=2026-03-23 00:00:00+00:00
[2026-03-23T03:46:59.946+0000] {processor.py:183} INFO - Processing /home/airflow/.local/lib/python3.8/site-packages/airflow/example_dags/example_branch_operator.py took 0.090 seconds
[2026-03-23T03:47:30.089+0000] {processor.py:161} INFO - Started process (PID=1193) to work on /home/airflow/.local/lib/python3.8/site-packages/airflow/example_dags/example_branch_operator.py
[2026-03-23T03:47:30.090+0000] {processor.py:830} INFO - Processing file /home/airflow/.local/lib/python3.8/site-packages/airflow/example_dags/example_branch_operator.py for tasks to queue
[2026-03-23T03:47:30.092+0000] {logging_mixin.py:188} INFO - [2026-03-23T03:47:30.091+0000] {dagbag.py:540} INFO - Filling up the DagBag from /home/airflow/.local/lib/python3.8/site-packages/airflow/example_dags/example_branch_operator.py
[2026-03-23T03:47:30.106+0000] {processor.py:840} INFO - DAG(s) 'example_branch_operator' retrieved from /home/airflow/.local/lib/python3.8/site-packages/airflow/example_dags/example_branch_operator.py
[2026-03-23T03:47:30.134+0000] {logging_mixin.py:188} INFO - [2026-03-23T03:47:30.133+0000] {dag.py:3047} INFO - Sync 1 DAGs
[2026-03-23T03:47:30.155+0000] {logging_mixin.py:188} INFO - [2026-03-23T03:47:30.155+0000] {dag.py:3834} INFO - Setting next_dagrun for example_branch_operator to 2026-03-22 00:00:00+00:00, run_after=2026-03-23 00:00:00+00:00
[2026-03-23T03:47:30.174+0000] {processor.py:183} INFO - Processing /home/airflow/.local/lib/python3.8/site-packages/airflow/example_dags/example_branch_operator.py took 0.088 seconds
[2026-03-23T03:48:00.355+0000] {processor.py:161} INFO - Started process (PID=1248) to work on /home/airflow/.local/lib/python3.8/site-packages/airflow/example_dags/example_branch_operator.py
[2026-03-23T03:48:00.356+0000] {processor.py:830} INFO - Processing file /home/airflow/.local/lib/python3.8/site-packages/airflow/example_dags/example_branch_operator.py for tasks to queue
[2026-03-23T03:48:00.358+0000] {logging_mixin.py:188} INFO - [2026-03-23T03:48:00.358+0000] {dagbag.py:540} INFO - Filling up the DagBag from /home/airflow/.local/lib/python3.8/site-packages/airflow/example_dags/example_branch_operator.py
[2026-03-23T03:48:00.373+0000] {processor.py:840} INFO - DAG(s) 'example_branch_operator' retrieved from /home/airflow/.local/lib/python3.8/site-packages/airflow/example_dags/example_branch_operator.py
[2026-03-23T03:48:00.400+0000] {logging_mixin.py:188} INFO - [2026-03-23T03:48:00.399+0000] {dag.py:3047} INFO - Sync 1 DAGs
[2026-03-23T03:48:00.422+0000] {logging_mixin.py:188} INFO - [2026-03-23T03:48:00.422+0000] {dag.py:3834} INFO - Setting next_dagrun for example_branch_operator to 2026-03-22 00:00:00+00:00, run_after=2026-03-23 00:00:00+00:00
[2026-03-23T03:48:00.445+0000] {processor.py:183} INFO - Processing /home/airflow/.local/lib/python3.8/site-packages/airflow/example_dags/example_branch_operator.py took 0.092 seconds
[2026-03-23T03:48:30.964+0000] {processor.py:161} INFO - Started process (PID=1303) to work on /home/airflow/.local/lib/python3.8/site-packages/airflow/example_dags/example_branch_operator.py
[2026-03-23T03:48:30.966+0000] {processor.py:830} INFO - Processing file /home/airflow/.local/lib/python3.8/site-packages/airflow/example_dags/example_branch_operator.py for tasks to queue
[2026-03-23T03:48:30.969+0000] {logging_mixin.py:188} INFO - [2026-03-23T03:48:30.968+0000] {dagbag.py:540} INFO - Filling up the DagBag from /home/airflow/.local/lib/python3.8/site-packages/airflow/example_dags/example_branch_operator.py
[2026-03-23T03:48:30.985+0000] {processor.py:840} INFO - DAG(s) 'example_branch_operator' retrieved from /home/airflow/.local/lib/python3.8/site-packages/airflow/example_dags/example_branch_operator.py
[2026-03-23T03:48:31.016+0000] {logging_mixin.py:188} INFO - [2026-03-23T03:48:31.015+0000] {dag.py:3047} INFO - Sync 1 DAGs
[2026-03-23T03:48:31.044+0000] {logging_mixin.py:188} INFO - [2026-03-23T03:48:31.043+0000] {dag.py:3834} INFO - Setting next_dagrun for example_branch_operator to 2026-03-22 00:00:00+00:00, run_after=2026-03-23 00:00:00+00:00
[2026-03-23T03:48:31.068+0000] {processor.py:183} INFO - Processing /home/airflow/.local/lib/python3.8/site-packages/airflow/example_dags/example_branch_operator.py took 0.107 seconds
[2026-03-23T03:49:01.348+0000] {processor.py:161} INFO - Started process (PID=1358) to work on /home/airflow/.local/lib/python3.8/site-packages/airflow/example_dags/example_branch_operator.py
[2026-03-23T03:49:01.350+0000] {processor.py:830} INFO - Processing file /home/airflow/.local/lib/python3.8/site-packages/airflow/example_dags/example_branch_operator.py for tasks to queue
[2026-03-23T03:49:01.353+0000] {logging_mixin.py:188} INFO - [2026-03-23T03:49:01.352+0000] {dagbag.py:540} INFO - Filling up the DagBag from /home/airflow/.local/lib/python3.8/site-packages/airflow/example_dags/example_branch_operator.py
[2026-03-23T03:49:01.379+0000] {processor.py:840} INFO - DAG(s) 'example_branch_operator' retrieved from /home/airflow/.local/lib/python3.8/site-packages/airflow/example_dags/example_branch_operator.py
[2026-03-23T03:49:01.433+0000] {logging_mixin.py:188} INFO - [2026-03-23T03:49:01.432+0000] {dag.py:3047} INFO - Sync 1 DAGs
[2026-03-23T03:49:01.473+0000] {logging_mixin.py:188} INFO - [2026-03-23T03:49:01.472+0000] {dag.py:3834} INFO - Setting next_dagrun for example_branch_operator to 2026-03-22 00:00:00+00:00, run_after=2026-03-23 00:00:00+00:00
[2026-03-23T03:49:01.526+0000] {processor.py:183} INFO - Processing /home/airflow/.local/lib/python3.8/site-packages/airflow/example_dags/example_branch_operator.py took 0.183 seconds
[2026-03-23T03:49:31.588+0000] {processor.py:161} INFO - Started process (PID=1413) to work on /home/airflow/.local/lib/python3.8/site-packages/airflow/example_dags/example_branch_operator.py
[2026-03-23T03:49:31.589+0000] {processor.py:830} INFO - Processing file /home/airflow/.local/lib/python3.8/site-packages/airflow/example_dags/example_branch_operator.py for tasks to queue
[2026-03-23T03:49:31.591+0000] {logging_mixin.py:188} INFO - [2026-03-23T03:49:31.591+0000] {dagbag.py:540} INFO - Filling up the DagBag from /home/airflow/.local/lib/python3.8/site-packages/airflow/example_dags/example_branch_operator.py
[2026-03-23T03:49:31.605+0000] {processor.py:840} INFO - DAG(s) 'example_branch_operator' retrieved from /home/airflow/.local/lib/python3.8/site-packages/airflow/example_dags/example_branch_operator.py
[2026-03-23T03:49:31.633+0000] {logging_mixin.py:188} INFO - [2026-03-23T03:49:31.633+0000] {dag.py:3047} INFO - Sync 1 DAGs
[2026-03-23T03:49:31.656+0000] {logging_mixin.py:188} INFO - [2026-03-23T03:49:31.656+0000] {dag.py:3834} INFO - Setting next_dagrun for example_branch_operator to 2026-03-22 00:00:00+00:00, run_after=2026-03-23 00:00:00+00:00
[2026-03-23T03:49:31.677+0000] {processor.py:183} INFO - Processing /home/airflow/.local/lib/python3.8/site-packages/airflow/example_dags/example_branch_operator.py took 0.092 seconds
[2026-03-23T03:50:48.448+0000] {processor.py:161} INFO - Started process (PID=93) to work on /home/airflow/.local/lib/python3.8/site-packages/airflow/example_dags/example_branch_operator.py
[2026-03-23T03:50:48.451+0000] {processor.py:830} INFO - Processing file /home/airflow/.local/lib/python3.8/site-packages/airflow/example_dags/example_branch_operator.py for tasks to queue
[2026-03-23T03:50:48.454+0000] {logging_mixin.py:188} INFO - [2026-03-23T03:50:48.453+0000] {dagbag.py:540} INFO - Filling up the DagBag from /home/airflow/.local/lib/python3.8/site-packages/airflow/example_dags/example_branch_operator.py
[2026-03-23T03:50:48.483+0000] {processor.py:840} INFO - DAG(s) 'example_branch_operator' retrieved from /home/airflow/.local/lib/python3.8/site-packages/airflow/example_dags/example_branch_operator.py
[2026-03-23T03:50:48.499+0000] {logging_mixin.py:188} INFO - [2026-03-23T03:50:48.499+0000] {dag.py:3047} INFO - Sync 1 DAGs
[2026-03-23T03:50:48.540+0000] {logging_mixin.py:188} INFO - [2026-03-23T03:50:48.540+0000] {dag.py:3834} INFO - Setting next_dagrun for example_branch_operator to 2026-03-22 00:00:00+00:00, run_after=2026-03-23 00:00:00+00:00
[2026-03-23T03:50:48.576+0000] {processor.py:183} INFO - Processing /home/airflow/.local/lib/python3.8/site-packages/airflow/example_dags/example_branch_operator.py took 0.133 seconds
[2026-03-23T03:51:20.197+0000] {processor.py:161} INFO - Started process (PID=148) to work on /home/airflow/.local/lib/python3.8/site-packages/airflow/example_dags/example_branch_operator.py
[2026-03-23T03:51:20.198+0000] {processor.py:830} INFO - Processing file /home/airflow/.local/lib/python3.8/site-packages/airflow/example_dags/example_branch_operator.py for tasks to queue
[2026-03-23T03:51:20.201+0000] {logging_mixin.py:188} INFO - [2026-03-23T03:51:20.200+0000] {dagbag.py:540} INFO - Filling up the DagBag from /home/airflow/.local/lib/python3.8/site-packages/airflow/example_dags/example_branch_operator.py
[2026-03-23T03:51:20.222+0000] {processor.py:840} INFO - DAG(s) 'example_branch_operator' retrieved from /home/airflow/.local/lib/python3.8/site-packages/airflow/example_dags/example_branch_operator.py
[2026-03-23T03:51:20.342+0000] {logging_mixin.py:188} INFO - [2026-03-23T03:51:20.342+0000] {dag.py:3047} INFO - Sync 1 DAGs
[2026-03-23T03:51:20.366+0000] {logging_mixin.py:188} INFO - [2026-03-23T03:51:20.366+0000] {dag.py:3834} INFO - Setting next_dagrun for example_branch_operator to 2026-03-22 00:00:00+00:00, run_after=2026-03-23 00:00:00+00:00
[2026-03-23T03:51:20.391+0000] {processor.py:183} INFO - Processing /home/airflow/.local/lib/python3.8/site-packages/airflow/example_dags/example_branch_operator.py took 0.198 seconds
[2026-03-23T03:51:51.217+0000] {processor.py:161} INFO - Started process (PID=203) to work on /home/airflow/.local/lib/python3.8/site-packages/airflow/example_dags/example_branch_operator.py
[2026-03-23T03:51:51.219+0000] {processor.py:830} INFO - Processing file /home/airflow/.local/lib/python3.8/site-packages/airflow/example_dags/example_branch_operator.py for tasks to queue
[2026-03-23T03:51:51.221+0000] {logging_mixin.py:188} INFO - [2026-03-23T03:51:51.221+0000] {dagbag.py:540} INFO - Filling up the DagBag from /home/airflow/.local/lib/python3.8/site-packages/airflow/example_dags/example_branch_operator.py
[2026-03-23T03:51:51.241+0000] {processor.py:840} INFO - DAG(s) 'example_branch_operator' retrieved from /home/airflow/.local/lib/python3.8/site-packages/airflow/example_dags/example_branch_operator.py
[2026-03-23T03:51:51.275+0000] {logging_mixin.py:188} INFO - [2026-03-23T03:51:51.274+0000] {dag.py:3047} INFO - Sync 1 DAGs
[2026-03-23T03:51:51.304+0000] {logging_mixin.py:188} INFO - [2026-03-23T03:51:51.304+0000] {dag.py:3834} INFO - Setting next_dagrun for example_branch_operator to 2026-03-22 00:00:00+00:00, run_after=2026-03-23 00:00:00+00:00
[2026-03-23T03:51:51.330+0000] {processor.py:183} INFO - Processing /home/airflow/.local/lib/python3.8/site-packages/airflow/example_dags/example_branch_operator.py took 0.117 seconds
[2026-03-23T03:52:21.389+0000] {processor.py:161} INFO - Started process (PID=258) to work on /home/airflow/.local/lib/python3.8/site-packages/airflow/example_dags/example_branch_operator.py
[2026-03-23T03:52:21.390+0000] {processor.py:830} INFO - Processing file /home/airflow/.local/lib/python3.8/site-packages/airflow/example_dags/example_branch_operator.py for tasks to queue
[2026-03-23T03:52:21.392+0000] {logging_mixin.py:188} INFO - [2026-03-23T03:52:21.392+0000] {dagbag.py:540} INFO - Filling up the DagBag from /home/airflow/.local/lib/python3.8/site-packages/airflow/example_dags/example_branch_operator.py
[2026-03-23T03:52:21.409+0000] {processor.py:840} INFO - DAG(s) 'example_branch_operator' retrieved from /home/airflow/.local/lib/python3.8/site-packages/airflow/example_dags/example_branch_operator.py
[2026-03-23T03:52:21.440+0000] {logging_mixin.py:188} INFO - [2026-03-23T03:52:21.440+0000] {dag.py:3047} INFO - Sync 1 DAGs
[2026-03-23T03:52:21.465+0000] {logging_mixin.py:188} INFO - [2026-03-23T03:52:21.465+0000] {dag.py:3834} INFO - Setting next_dagrun for example_branch_operator to 2026-03-22 00:00:00+00:00, run_after=2026-03-23 00:00:00+00:00
[2026-03-23T03:52:21.490+0000] {processor.py:183} INFO - Processing /home/airflow/.local/lib/python3.8/site-packages/airflow/example_dags/example_branch_operator.py took 0.104 seconds
[2026-03-23T03:52:52.376+0000] {processor.py:161} INFO - Started process (PID=313) to work on /home/airflow/.local/lib/python3.8/site-packages/airflow/example_dags/example_branch_operator.py
[2026-03-23T03:52:52.377+0000] {processor.py:830} INFO - Processing file /home/airflow/.local/lib/python3.8/site-packages/airflow/example_dags/example_branch_operator.py for tasks to queue
[2026-03-23T03:52:52.379+0000] {logging_mixin.py:188} INFO - [2026-03-23T03:52:52.378+0000] {dagbag.py:540} INFO - Filling up the DagBag from /home/airflow/.local/lib/python3.8/site-packages/airflow/example_dags/example_branch_operator.py
[2026-03-23T03:52:52.396+0000] {processor.py:840} INFO - DAG(s) 'example_branch_operator' retrieved from /home/airflow/.local/lib/python3.8/site-packages/airflow/example_dags/example_branch_operator.py
[2026-03-23T03:52:52.428+0000] {logging_mixin.py:188} INFO - [2026-03-23T03:52:52.427+0000] {dag.py:3047} INFO - Sync 1 DAGs
[2026-03-23T03:52:52.453+0000] {logging_mixin.py:188} INFO - [2026-03-23T03:52:52.453+0000] {dag.py:3834} INFO - Setting next_dagrun for example_branch_operator to 2026-03-22 00:00:00+00:00, run_after=2026-03-23 00:00:00+00:00
[2026-03-23T03:52:52.479+0000] {processor.py:183} INFO - Processing /home/airflow/.local/lib/python3.8/site-packages/airflow/example_dags/example_branch_operator.py took 0.106 seconds
[2026-03-23T03:53:23.155+0000] {processor.py:161} INFO - Started process (PID=368) to work on /home/airflow/.local/lib/python3.8/site-packages/airflow/example_dags/example_branch_operator.py
[2026-03-23T03:53:23.156+0000] {processor.py:830} INFO - Processing file /home/airflow/.local/lib/python3.8/site-packages/airflow/example_dags/example_branch_operator.py for tasks to queue
[2026-03-23T03:53:23.158+0000] {logging_mixin.py:188} INFO - [2026-03-23T03:53:23.157+0000] {dagbag.py:540} INFO - Filling up the DagBag from /home/airflow/.local/lib/python3.8/site-packages/airflow/example_dags/example_branch_operator.py
[2026-03-23T03:53:23.180+0000] {processor.py:840} INFO - DAG(s) 'example_branch_operator' retrieved from /home/airflow/.local/lib/python3.8/site-packages/airflow/example_dags/example_branch_operator.py
[2026-03-23T03:53:23.216+0000] {logging_mixin.py:188} INFO - [2026-03-23T03:53:23.216+0000] {dag.py:3047} INFO - Sync 1 DAGs
[2026-03-23T03:53:23.242+0000] {logging_mixin.py:188} INFO - [2026-03-23T03:53:23.242+0000] {dag.py:3834} INFO - Setting next_dagrun for example_branch_operator to 2026-03-22 00:00:00+00:00, run_after=2026-03-23 00:00:00+00:00
[2026-03-23T03:53:23.268+0000] {processor.py:183} INFO - Processing /home/airflow/.local/lib/python3.8/site-packages/airflow/example_dags/example_branch_operator.py took 0.116 seconds
[2026-03-23T03:53:53.554+0000] {processor.py:161} INFO - Started process (PID=423) to work on /home/airflow/.local/lib/python3.8/site-packages/airflow/example_dags/example_branch_operator.py
[2026-03-23T03:53:53.555+0000] {processor.py:830} INFO - Processing file /home/airflow/.local/lib/python3.8/site-packages/airflow/example_dags/example_branch_operator.py for tasks to queue
[2026-03-23T03:53:53.556+0000] {logging_mixin.py:188} INFO - [2026-03-23T03:53:53.556+0000] {dagbag.py:540} INFO - Filling up the DagBag from /home/airflow/.local/lib/python3.8/site-packages/airflow/example_dags/example_branch_operator.py
[2026-03-23T03:53:53.573+0000] {processor.py:840} INFO - DAG(s) 'example_branch_operator' retrieved from /home/airflow/.local/lib/python3.8/site-packages/airflow/example_dags/example_branch_operator.py
[2026-03-23T03:53:53.602+0000] {logging_mixin.py:188} INFO - [2026-03-23T03:53:53.601+0000] {dag.py:3047} INFO - Sync 1 DAGs
[2026-03-23T03:53:53.626+0000] {logging_mixin.py:188} INFO - [2026-03-23T03:53:53.625+0000] {dag.py:3834} INFO - Setting next_dagrun for example_branch_operator to 2026-03-22 00:00:00+00:00, run_after=2026-03-23 00:00:00+00:00
[2026-03-23T03:53:53.647+0000] {processor.py:183} INFO - Processing /home/airflow/.local/lib/python3.8/site-packages/airflow/example_dags/example_branch_operator.py took 0.096 seconds
[2026-03-23T03:54:23.754+0000] {processor.py:161} INFO - Started process (PID=478) to work on /home/airflow/.local/lib/python3.8/site-packages/airflow/example_dags/example_branch_operator.py
[2026-03-23T03:54:23.755+0000] {processor.py:830} INFO - Processing file /home/airflow/.local/lib/python3.8/site-packages/airflow/example_dags/example_branch_operator.py for tasks to queue
[2026-03-23T03:54:23.757+0000] {logging_mixin.py:188} INFO - [2026-03-23T03:54:23.757+0000] {dagbag.py:540} INFO - Filling up the DagBag from /home/airflow/.local/lib/python3.8/site-packages/airflow/example_dags/example_branch_operator.py
[2026-03-23T03:54:23.778+0000] {processor.py:840} INFO - DAG(s) 'example_branch_operator' retrieved from /home/airflow/.local/lib/python3.8/site-packages/airflow/example_dags/example_branch_operator.py
[2026-03-23T03:54:23.810+0000] {logging_mixin.py:188} INFO - [2026-03-23T03:54:23.810+0000] {dag.py:3047} INFO - Sync 1 DAGs
[2026-03-23T03:54:23.839+0000] {logging_mixin.py:188} INFO - [2026-03-23T03:54:23.838+0000] {dag.py:3834} INFO - Setting next_dagrun for example_branch_operator to 2026-03-22 00:00:00+00:00, run_after=2026-03-23 00:00:00+00:00
[2026-03-23T03:54:23.864+0000] {processor.py:183} INFO - Processing /home/airflow/.local/lib/python3.8/site-packages/airflow/example_dags/example_branch_operator.py took 0.114 seconds
[2026-03-23T03:54:54.303+0000] {processor.py:161} INFO - Started process (PID=533) to work on /home/airflow/.local/lib/python3.8/site-packages/airflow/example_dags/example_branch_operator.py
[2026-03-23T03:54:54.304+0000] {processor.py:830} INFO - Processing file /home/airflow/.local/lib/python3.8/site-packages/airflow/example_dags/example_branch_operator.py for tasks to queue
[2026-03-23T03:54:54.306+0000] {logging_mixin.py:188} INFO - [2026-03-23T03:54:54.305+0000] {dagbag.py:540} INFO - Filling up the DagBag from /home/airflow/.local/lib/python3.8/site-packages/airflow/example_dags/example_branch_operator.py
[2026-03-23T03:54:54.323+0000] {processor.py:840} INFO - DAG(s) 'example_branch_operator' retrieved from /home/airflow/.local/lib/python3.8/site-packages/airflow/example_dags/example_branch_operator.py
[2026-03-23T03:54:54.350+0000] {logging_mixin.py:188} INFO - [2026-03-23T03:54:54.350+0000] {dag.py:3047} INFO - Sync 1 DAGs
[2026-03-23T03:54:54.373+0000] {logging_mixin.py:188} INFO - [2026-03-23T03:54:54.372+0000] {dag.py:3834} INFO - Setting next_dagrun for example_branch_operator to 2026-03-22 00:00:00+00:00, run_after=2026-03-23 00:00:00+00:00
[2026-03-23T03:54:54.394+0000] {processor.py:183} INFO - Processing /home/airflow/.local/lib/python3.8/site-packages/airflow/example_dags/example_branch_operator.py took 0.094 seconds
[2026-03-23T03:55:24.458+0000] {processor.py:161} INFO - Started process (PID=588) to work on /home/airflow/.local/lib/python3.8/site-packages/airflow/example_dags/example_branch_operator.py
[2026-03-23T03:55:24.459+0000] {processor.py:830} INFO - Processing file /home/airflow/.local/lib/python3.8/site-packages/airflow/example_dags/example_branch_operator.py for tasks to queue
[2026-03-23T03:55:24.461+0000] {logging_mixin.py:188} INFO - [2026-03-23T03:55:24.461+0000] {dagbag.py:540} INFO - Filling up the DagBag from /home/airflow/.local/lib/python3.8/site-packages/airflow/example_dags/example_branch_operator.py
[2026-03-23T03:55:24.476+0000] {processor.py:840} INFO - DAG(s) 'example_branch_operator' retrieved from /home/airflow/.local/lib/python3.8/site-packages/airflow/example_dags/example_branch_operator.py
[2026-03-23T03:55:24.502+0000] {logging_mixin.py:188} INFO - [2026-03-23T03:55:24.502+0000] {dag.py:3047} INFO - Sync 1 DAGs
[2026-03-23T03:55:24.524+0000] {logging_mixin.py:188} INFO - [2026-03-23T03:55:24.524+0000] {dag.py:3834} INFO - Setting next_dagrun for example_branch_operator to 2026-03-22 00:00:00+00:00, run_after=2026-03-23 00:00:00+00:00
[2026-03-23T03:55:24.545+0000] {processor.py:183} INFO - Processing /home/airflow/.local/lib/python3.8/site-packages/airflow/example_dags/example_branch_operator.py took 0.089 seconds
[2026-03-23T03:55:54.750+0000] {processor.py:161} INFO - Started process (PID=643) to work on /home/airflow/.local/lib/python3.8/site-packages/airflow/example_dags/example_branch_operator.py
[2026-03-23T03:55:54.751+0000] {processor.py:830} INFO - Processing file /home/airflow/.local/lib/python3.8/site-packages/airflow/example_dags/example_branch_operator.py for tasks to queue
[2026-03-23T03:55:54.753+0000] {logging_mixin.py:188} INFO - [2026-03-23T03:55:54.753+0000] {dagbag.py:540} INFO - Filling up the DagBag from /home/airflow/.local/lib/python3.8/site-packages/airflow/example_dags/example_branch_operator.py
[2026-03-23T03:55:54.770+0000] {processor.py:840} INFO - DAG(s) 'example_branch_operator' retrieved from /home/airflow/.local/lib/python3.8/site-packages/airflow/example_dags/example_branch_operator.py
[2026-03-23T03:55:54.798+0000] {logging_mixin.py:188} INFO - [2026-03-23T03:55:54.798+0000] {dag.py:3047} INFO - Sync 1 DAGs
[2026-03-23T03:55:54.820+0000] {logging_mixin.py:188} INFO - [2026-03-23T03:55:54.820+0000] {dag.py:3834} INFO - Setting next_dagrun for example_branch_operator to 2026-03-22 00:00:00+00:00, run_after=2026-03-23 00:00:00+00:00
[2026-03-23T03:55:54.841+0000] {processor.py:183} INFO - Processing /home/airflow/.local/lib/python3.8/site-packages/airflow/example_dags/example_branch_operator.py took 0.094 seconds
[2026-03-23T03:56:25.057+0000] {processor.py:161} INFO - Started process (PID=698) to work on /home/airflow/.local/lib/python3.8/site-packages/airflow/example_dags/example_branch_operator.py
[2026-03-23T03:56:25.058+0000] {processor.py:830} INFO - Processing file /home/airflow/.local/lib/python3.8/site-packages/airflow/example_dags/example_branch_operator.py for tasks to queue
[2026-03-23T03:56:25.060+0000] {logging_mixin.py:188} INFO - [2026-03-23T03:56:25.060+0000] {dagbag.py:540} INFO - Filling up the DagBag from /home/airflow/.local/lib/python3.8/site-packages/airflow/example_dags/example_branch_operator.py
[2026-03-23T03:56:25.078+0000] {processor.py:840} INFO - DAG(s) 'example_branch_operator' retrieved from /home/airflow/.local/lib/python3.8/site-packages/airflow/example_dags/example_branch_operator.py
[2026-03-23T03:56:25.106+0000] {logging_mixin.py:188} INFO - [2026-03-23T03:56:25.106+0000] {dag.py:3047} INFO - Sync 1 DAGs
[2026-03-23T03:56:25.129+0000] {logging_mixin.py:188} INFO - [2026-03-23T03:56:25.129+0000] {dag.py:3834} INFO - Setting next_dagrun for example_branch_operator to 2026-03-22 00:00:00+00:00, run_after=2026-03-23 00:00:00+00:00
[2026-03-23T03:56:25.150+0000] {processor.py:183} INFO - Processing /home/airflow/.local/lib/python3.8/site-packages/airflow/example_dags/example_branch_operator.py took 0.096 seconds
