[2026-03-23T03:21:14.855+0000] {processor.py:161} INFO - Started process (PID=77) to work on /home/airflow/.local/lib/python3.8/site-packages/airflow/example_dags/example_task_group_decorator.py
[2026-03-23T03:21:14.857+0000] {processor.py:830} INFO - Processing file /home/airflow/.local/lib/python3.8/site-packages/airflow/example_dags/example_task_group_decorator.py for tasks to queue
[2026-03-23T03:21:14.859+0000] {logging_mixin.py:188} INFO - [2026-03-23T03:21:14.859+0000] {dagbag.py:540} INFO - Filling up the DagBag from /home/airflow/.local/lib/python3.8/site-packages/airflow/example_dags/example_task_group_decorator.py
[2026-03-23T03:21:14.885+0000] {processor.py:840} INFO - DAG(s) 'example_task_group_decorator' retrieved from /home/airflow/.local/lib/python3.8/site-packages/airflow/example_dags/example_task_group_decorator.py
[2026-03-23T03:21:14.902+0000] {logging_mixin.py:188} INFO - [2026-03-23T03:21:14.901+0000] {dag.py:3047} INFO - Sync 1 DAGs
[2026-03-23T03:21:14.937+0000] {logging_mixin.py:188} INFO - [2026-03-23T03:21:14.937+0000] {dag.py:3834} INFO - Setting next_dagrun for example_task_group_decorator to 2026-03-22 00:00:00+00:00, run_after=2026-03-23 00:00:00+00:00
[2026-03-23T03:21:14.965+0000] {processor.py:183} INFO - Processing /home/airflow/.local/lib/python3.8/site-packages/airflow/example_dags/example_task_group_decorator.py took 0.114 seconds
[2026-03-23T03:21:45.043+0000] {processor.py:161} INFO - Started process (PID=132) to work on /home/airflow/.local/lib/python3.8/site-packages/airflow/example_dags/example_task_group_decorator.py
[2026-03-23T03:21:45.044+0000] {processor.py:830} INFO - Processing file /home/airflow/.local/lib/python3.8/site-packages/airflow/example_dags/example_task_group_decorator.py for tasks to queue
[2026-03-23T03:21:45.045+0000] {logging_mixin.py:188} INFO - [2026-03-23T03:21:45.045+0000] {dagbag.py:540} INFO - Filling up the DagBag from /home/airflow/.local/lib/python3.8/site-packages/airflow/example_dags/example_task_group_decorator.py
[2026-03-23T03:21:45.060+0000] {processor.py:840} INFO - DAG(s) 'example_task_group_decorator' retrieved from /home/airflow/.local/lib/python3.8/site-packages/airflow/example_dags/example_task_group_decorator.py
[2026-03-23T03:21:45.072+0000] {logging_mixin.py:188} INFO - [2026-03-23T03:21:45.072+0000] {dag.py:3047} INFO - Sync 1 DAGs
[2026-03-23T03:21:45.093+0000] {logging_mixin.py:188} INFO - [2026-03-23T03:21:45.092+0000] {dag.py:3834} INFO - Setting next_dagrun for example_task_group_decorator to 2026-03-22 00:00:00+00:00, run_after=2026-03-23 00:00:00+00:00
[2026-03-23T03:21:45.113+0000] {processor.py:183} INFO - Processing /home/airflow/.local/lib/python3.8/site-packages/airflow/example_dags/example_task_group_decorator.py took 0.075 seconds
[2026-03-23T03:22:16.589+0000] {processor.py:161} INFO - Started process (PID=187) to work on /home/airflow/.local/lib/python3.8/site-packages/airflow/example_dags/example_task_group_decorator.py
[2026-03-23T03:22:16.590+0000] {processor.py:830} INFO - Processing file /home/airflow/.local/lib/python3.8/site-packages/airflow/example_dags/example_task_group_decorator.py for tasks to queue
[2026-03-23T03:22:16.592+0000] {logging_mixin.py:188} INFO - [2026-03-23T03:22:16.591+0000] {dagbag.py:540} INFO - Filling up the DagBag from /home/airflow/.local/lib/python3.8/site-packages/airflow/example_dags/example_task_group_decorator.py
[2026-03-23T03:22:16.604+0000] {processor.py:840} INFO - DAG(s) 'example_task_group_decorator' retrieved from /home/airflow/.local/lib/python3.8/site-packages/airflow/example_dags/example_task_group_decorator.py
[2026-03-23T03:22:16.703+0000] {logging_mixin.py:188} INFO - [2026-03-23T03:22:16.703+0000] {dag.py:3047} INFO - Sync 1 DAGs
[2026-03-23T03:22:16.724+0000] {logging_mixin.py:188} INFO - [2026-03-23T03:22:16.724+0000] {dag.py:3834} INFO - Setting next_dagrun for example_task_group_decorator to 2026-03-22 00:00:00+00:00, run_after=2026-03-23 00:00:00+00:00
[2026-03-23T03:22:16.745+0000] {processor.py:183} INFO - Processing /home/airflow/.local/lib/python3.8/site-packages/airflow/example_dags/example_task_group_decorator.py took 0.159 seconds
[2026-03-23T03:22:47.641+0000] {processor.py:161} INFO - Started process (PID=248) to work on /home/airflow/.local/lib/python3.8/site-packages/airflow/example_dags/example_task_group_decorator.py
[2026-03-23T03:22:47.643+0000] {processor.py:830} INFO - Processing file /home/airflow/.local/lib/python3.8/site-packages/airflow/example_dags/example_task_group_decorator.py for tasks to queue
[2026-03-23T03:22:47.645+0000] {logging_mixin.py:188} INFO - [2026-03-23T03:22:47.644+0000] {dagbag.py:540} INFO - Filling up the DagBag from /home/airflow/.local/lib/python3.8/site-packages/airflow/example_dags/example_task_group_decorator.py
[2026-03-23T03:22:47.662+0000] {processor.py:840} INFO - DAG(s) 'example_task_group_decorator' retrieved from /home/airflow/.local/lib/python3.8/site-packages/airflow/example_dags/example_task_group_decorator.py
[2026-03-23T03:22:47.689+0000] {logging_mixin.py:188} INFO - [2026-03-23T03:22:47.688+0000] {dag.py:3047} INFO - Sync 1 DAGs
[2026-03-23T03:22:47.711+0000] {logging_mixin.py:188} INFO - [2026-03-23T03:22:47.711+0000] {dag.py:3834} INFO - Setting next_dagrun for example_task_group_decorator to 2026-03-22 00:00:00+00:00, run_after=2026-03-23 00:00:00+00:00
[2026-03-23T03:22:47.734+0000] {processor.py:183} INFO - Processing /home/airflow/.local/lib/python3.8/site-packages/airflow/example_dags/example_task_group_decorator.py took 0.096 seconds
[2026-03-23T03:23:18.659+0000] {processor.py:161} INFO - Started process (PID=303) to work on /home/airflow/.local/lib/python3.8/site-packages/airflow/example_dags/example_task_group_decorator.py
[2026-03-23T03:23:18.660+0000] {processor.py:830} INFO - Processing file /home/airflow/.local/lib/python3.8/site-packages/airflow/example_dags/example_task_group_decorator.py for tasks to queue
[2026-03-23T03:23:18.662+0000] {logging_mixin.py:188} INFO - [2026-03-23T03:23:18.662+0000] {dagbag.py:540} INFO - Filling up the DagBag from /home/airflow/.local/lib/python3.8/site-packages/airflow/example_dags/example_task_group_decorator.py
[2026-03-23T03:23:18.677+0000] {processor.py:840} INFO - DAG(s) 'example_task_group_decorator' retrieved from /home/airflow/.local/lib/python3.8/site-packages/airflow/example_dags/example_task_group_decorator.py
[2026-03-23T03:23:18.708+0000] {logging_mixin.py:188} INFO - [2026-03-23T03:23:18.707+0000] {dag.py:3047} INFO - Sync 1 DAGs
[2026-03-23T03:23:18.735+0000] {logging_mixin.py:188} INFO - [2026-03-23T03:23:18.734+0000] {dag.py:3834} INFO - Setting next_dagrun for example_task_group_decorator to 2026-03-22 00:00:00+00:00, run_after=2026-03-23 00:00:00+00:00
[2026-03-23T03:23:18.762+0000] {processor.py:183} INFO - Processing /home/airflow/.local/lib/python3.8/site-packages/airflow/example_dags/example_task_group_decorator.py took 0.107 seconds
[2026-03-23T03:25:08.951+0000] {processor.py:161} INFO - Started process (PID=77) to work on /home/airflow/.local/lib/python3.8/site-packages/airflow/example_dags/example_task_group_decorator.py
[2026-03-23T03:25:08.952+0000] {processor.py:830} INFO - Processing file /home/airflow/.local/lib/python3.8/site-packages/airflow/example_dags/example_task_group_decorator.py for tasks to queue
[2026-03-23T03:25:08.954+0000] {logging_mixin.py:188} INFO - [2026-03-23T03:25:08.953+0000] {dagbag.py:540} INFO - Filling up the DagBag from /home/airflow/.local/lib/python3.8/site-packages/airflow/example_dags/example_task_group_decorator.py
[2026-03-23T03:25:08.973+0000] {processor.py:840} INFO - DAG(s) 'example_task_group_decorator' retrieved from /home/airflow/.local/lib/python3.8/site-packages/airflow/example_dags/example_task_group_decorator.py
[2026-03-23T03:25:08.989+0000] {logging_mixin.py:188} INFO - [2026-03-23T03:25:08.988+0000] {dag.py:3047} INFO - Sync 1 DAGs
[2026-03-23T03:25:09.018+0000] {logging_mixin.py:188} INFO - [2026-03-23T03:25:09.018+0000] {dag.py:3834} INFO - Setting next_dagrun for example_task_group_decorator to 2026-03-22 00:00:00+00:00, run_after=2026-03-23 00:00:00+00:00
[2026-03-23T03:25:09.053+0000] {processor.py:183} INFO - Processing /home/airflow/.local/lib/python3.8/site-packages/airflow/example_dags/example_task_group_decorator.py took 0.105 seconds
[2026-03-23T03:25:40.606+0000] {processor.py:161} INFO - Started process (PID=132) to work on /home/airflow/.local/lib/python3.8/site-packages/airflow/example_dags/example_task_group_decorator.py
[2026-03-23T03:25:40.607+0000] {processor.py:830} INFO - Processing file /home/airflow/.local/lib/python3.8/site-packages/airflow/example_dags/example_task_group_decorator.py for tasks to queue
[2026-03-23T03:25:40.610+0000] {logging_mixin.py:188} INFO - [2026-03-23T03:25:40.609+0000] {dagbag.py:540} INFO - Filling up the DagBag from /home/airflow/.local/lib/python3.8/site-packages/airflow/example_dags/example_task_group_decorator.py
[2026-03-23T03:25:40.625+0000] {processor.py:840} INFO - DAG(s) 'example_task_group_decorator' retrieved from /home/airflow/.local/lib/python3.8/site-packages/airflow/example_dags/example_task_group_decorator.py
[2026-03-23T03:25:40.747+0000] {logging_mixin.py:188} INFO - [2026-03-23T03:25:40.746+0000] {dag.py:3047} INFO - Sync 1 DAGs
[2026-03-23T03:25:40.773+0000] {logging_mixin.py:188} INFO - [2026-03-23T03:25:40.773+0000] {dag.py:3834} INFO - Setting next_dagrun for example_task_group_decorator to 2026-03-22 00:00:00+00:00, run_after=2026-03-23 00:00:00+00:00
[2026-03-23T03:25:40.800+0000] {processor.py:183} INFO - Processing /home/airflow/.local/lib/python3.8/site-packages/airflow/example_dags/example_task_group_decorator.py took 0.197 seconds
[2026-03-23T03:26:10.855+0000] {processor.py:161} INFO - Started process (PID=187) to work on /home/airflow/.local/lib/python3.8/site-packages/airflow/example_dags/example_task_group_decorator.py
[2026-03-23T03:26:10.857+0000] {processor.py:830} INFO - Processing file /home/airflow/.local/lib/python3.8/site-packages/airflow/example_dags/example_task_group_decorator.py for tasks to queue
[2026-03-23T03:26:10.859+0000] {logging_mixin.py:188} INFO - [2026-03-23T03:26:10.858+0000] {dagbag.py:540} INFO - Filling up the DagBag from /home/airflow/.local/lib/python3.8/site-packages/airflow/example_dags/example_task_group_decorator.py
[2026-03-23T03:26:10.872+0000] {processor.py:840} INFO - DAG(s) 'example_task_group_decorator' retrieved from /home/airflow/.local/lib/python3.8/site-packages/airflow/example_dags/example_task_group_decorator.py
[2026-03-23T03:26:10.899+0000] {logging_mixin.py:188} INFO - [2026-03-23T03:26:10.899+0000] {dag.py:3047} INFO - Sync 1 DAGs
[2026-03-23T03:26:10.924+0000] {logging_mixin.py:188} INFO - [2026-03-23T03:26:10.924+0000] {dag.py:3834} INFO - Setting next_dagrun for example_task_group_decorator to 2026-03-22 00:00:00+00:00, run_after=2026-03-23 00:00:00+00:00
[2026-03-23T03:26:10.947+0000] {processor.py:183} INFO - Processing /home/airflow/.local/lib/python3.8/site-packages/airflow/example_dags/example_task_group_decorator.py took 0.095 seconds
[2026-03-23T03:26:41.063+0000] {processor.py:161} INFO - Started process (PID=242) to work on /home/airflow/.local/lib/python3.8/site-packages/airflow/example_dags/example_task_group_decorator.py
[2026-03-23T03:26:41.065+0000] {processor.py:830} INFO - Processing file /home/airflow/.local/lib/python3.8/site-packages/airflow/example_dags/example_task_group_decorator.py for tasks to queue
[2026-03-23T03:26:41.066+0000] {logging_mixin.py:188} INFO - [2026-03-23T03:26:41.066+0000] {dagbag.py:540} INFO - Filling up the DagBag from /home/airflow/.local/lib/python3.8/site-packages/airflow/example_dags/example_task_group_decorator.py
[2026-03-23T03:26:41.080+0000] {processor.py:840} INFO - DAG(s) 'example_task_group_decorator' retrieved from /home/airflow/.local/lib/python3.8/site-packages/airflow/example_dags/example_task_group_decorator.py
[2026-03-23T03:26:41.105+0000] {logging_mixin.py:188} INFO - [2026-03-23T03:26:41.104+0000] {dag.py:3047} INFO - Sync 1 DAGs
[2026-03-23T03:26:41.127+0000] {logging_mixin.py:188} INFO - [2026-03-23T03:26:41.127+0000] {dag.py:3834} INFO - Setting next_dagrun for example_task_group_decorator to 2026-03-22 00:00:00+00:00, run_after=2026-03-23 00:00:00+00:00
[2026-03-23T03:26:41.149+0000] {processor.py:183} INFO - Processing /home/airflow/.local/lib/python3.8/site-packages/airflow/example_dags/example_task_group_decorator.py took 0.089 seconds
[2026-03-23T03:27:11.510+0000] {processor.py:161} INFO - Started process (PID=297) to work on /home/airflow/.local/lib/python3.8/site-packages/airflow/example_dags/example_task_group_decorator.py
[2026-03-23T03:27:11.511+0000] {processor.py:830} INFO - Processing file /home/airflow/.local/lib/python3.8/site-packages/airflow/example_dags/example_task_group_decorator.py for tasks to queue
[2026-03-23T03:27:11.513+0000] {logging_mixin.py:188} INFO - [2026-03-23T03:27:11.512+0000] {dagbag.py:540} INFO - Filling up the DagBag from /home/airflow/.local/lib/python3.8/site-packages/airflow/example_dags/example_task_group_decorator.py
[2026-03-23T03:27:11.525+0000] {processor.py:840} INFO - DAG(s) 'example_task_group_decorator' retrieved from /home/airflow/.local/lib/python3.8/site-packages/airflow/example_dags/example_task_group_decorator.py
[2026-03-23T03:27:11.547+0000] {logging_mixin.py:188} INFO - [2026-03-23T03:27:11.547+0000] {dag.py:3047} INFO - Sync 1 DAGs
[2026-03-23T03:27:11.567+0000] {logging_mixin.py:188} INFO - [2026-03-23T03:27:11.567+0000] {dag.py:3834} INFO - Setting next_dagrun for example_task_group_decorator to 2026-03-22 00:00:00+00:00, run_after=2026-03-23 00:00:00+00:00
[2026-03-23T03:27:11.590+0000] {processor.py:183} INFO - Processing /home/airflow/.local/lib/python3.8/site-packages/airflow/example_dags/example_task_group_decorator.py took 0.082 seconds
[2026-03-23T03:27:41.697+0000] {processor.py:161} INFO - Started process (PID=352) to work on /home/airflow/.local/lib/python3.8/site-packages/airflow/example_dags/example_task_group_decorator.py
[2026-03-23T03:27:41.698+0000] {processor.py:830} INFO - Processing file /home/airflow/.local/lib/python3.8/site-packages/airflow/example_dags/example_task_group_decorator.py for tasks to queue
[2026-03-23T03:27:41.700+0000] {logging_mixin.py:188} INFO - [2026-03-23T03:27:41.700+0000] {dagbag.py:540} INFO - Filling up the DagBag from /home/airflow/.local/lib/python3.8/site-packages/airflow/example_dags/example_task_group_decorator.py
[2026-03-23T03:27:41.712+0000] {processor.py:840} INFO - DAG(s) 'example_task_group_decorator' retrieved from /home/airflow/.local/lib/python3.8/site-packages/airflow/example_dags/example_task_group_decorator.py
[2026-03-23T03:27:41.735+0000] {logging_mixin.py:188} INFO - [2026-03-23T03:27:41.735+0000] {dag.py:3047} INFO - Sync 1 DAGs
[2026-03-23T03:27:41.755+0000] {logging_mixin.py:188} INFO - [2026-03-23T03:27:41.755+0000] {dag.py:3834} INFO - Setting next_dagrun for example_task_group_decorator to 2026-03-22 00:00:00+00:00, run_after=2026-03-23 00:00:00+00:00
[2026-03-23T03:27:41.778+0000] {processor.py:183} INFO - Processing /home/airflow/.local/lib/python3.8/site-packages/airflow/example_dags/example_task_group_decorator.py took 0.083 seconds
[2026-03-23T03:28:12.042+0000] {processor.py:161} INFO - Started process (PID=407) to work on /home/airflow/.local/lib/python3.8/site-packages/airflow/example_dags/example_task_group_decorator.py
[2026-03-23T03:28:12.043+0000] {processor.py:830} INFO - Processing file /home/airflow/.local/lib/python3.8/site-packages/airflow/example_dags/example_task_group_decorator.py for tasks to queue
[2026-03-23T03:28:12.045+0000] {logging_mixin.py:188} INFO - [2026-03-23T03:28:12.044+0000] {dagbag.py:540} INFO - Filling up the DagBag from /home/airflow/.local/lib/python3.8/site-packages/airflow/example_dags/example_task_group_decorator.py
[2026-03-23T03:28:12.058+0000] {processor.py:840} INFO - DAG(s) 'example_task_group_decorator' retrieved from /home/airflow/.local/lib/python3.8/site-packages/airflow/example_dags/example_task_group_decorator.py
[2026-03-23T03:28:12.081+0000] {logging_mixin.py:188} INFO - [2026-03-23T03:28:12.081+0000] {dag.py:3047} INFO - Sync 1 DAGs
[2026-03-23T03:28:12.101+0000] {logging_mixin.py:188} INFO - [2026-03-23T03:28:12.101+0000] {dag.py:3834} INFO - Setting next_dagrun for example_task_group_decorator to 2026-03-22 00:00:00+00:00, run_after=2026-03-23 00:00:00+00:00
[2026-03-23T03:28:12.118+0000] {processor.py:183} INFO - Processing /home/airflow/.local/lib/python3.8/site-packages/airflow/example_dags/example_task_group_decorator.py took 0.079 seconds
[2026-03-23T03:28:42.493+0000] {processor.py:161} INFO - Started process (PID=468) to work on /home/airflow/.local/lib/python3.8/site-packages/airflow/example_dags/example_task_group_decorator.py
[2026-03-23T03:28:42.494+0000] {processor.py:830} INFO - Processing file /home/airflow/.local/lib/python3.8/site-packages/airflow/example_dags/example_task_group_decorator.py for tasks to queue
[2026-03-23T03:28:42.496+0000] {logging_mixin.py:188} INFO - [2026-03-23T03:28:42.496+0000] {dagbag.py:540} INFO - Filling up the DagBag from /home/airflow/.local/lib/python3.8/site-packages/airflow/example_dags/example_task_group_decorator.py
[2026-03-23T03:28:42.508+0000] {processor.py:840} INFO - DAG(s) 'example_task_group_decorator' retrieved from /home/airflow/.local/lib/python3.8/site-packages/airflow/example_dags/example_task_group_decorator.py
[2026-03-23T03:28:42.531+0000] {logging_mixin.py:188} INFO - [2026-03-23T03:28:42.531+0000] {dag.py:3047} INFO - Sync 1 DAGs
[2026-03-23T03:28:42.552+0000] {logging_mixin.py:188} INFO - [2026-03-23T03:28:42.552+0000] {dag.py:3834} INFO - Setting next_dagrun for example_task_group_decorator to 2026-03-22 00:00:00+00:00, run_after=2026-03-23 00:00:00+00:00
[2026-03-23T03:28:42.575+0000] {processor.py:183} INFO - Processing /home/airflow/.local/lib/python3.8/site-packages/airflow/example_dags/example_task_group_decorator.py took 0.085 seconds
[2026-03-23T03:29:12.914+0000] {processor.py:161} INFO - Started process (PID=523) to work on /home/airflow/.local/lib/python3.8/site-packages/airflow/example_dags/example_task_group_decorator.py
[2026-03-23T03:29:12.915+0000] {processor.py:830} INFO - Processing file /home/airflow/.local/lib/python3.8/site-packages/airflow/example_dags/example_task_group_decorator.py for tasks to queue
[2026-03-23T03:29:12.917+0000] {logging_mixin.py:188} INFO - [2026-03-23T03:29:12.917+0000] {dagbag.py:540} INFO - Filling up the DagBag from /home/airflow/.local/lib/python3.8/site-packages/airflow/example_dags/example_task_group_decorator.py
[2026-03-23T03:29:12.929+0000] {processor.py:840} INFO - DAG(s) 'example_task_group_decorator' retrieved from /home/airflow/.local/lib/python3.8/site-packages/airflow/example_dags/example_task_group_decorator.py
[2026-03-23T03:29:12.954+0000] {logging_mixin.py:188} INFO - [2026-03-23T03:29:12.953+0000] {dag.py:3047} INFO - Sync 1 DAGs
[2026-03-23T03:29:12.975+0000] {logging_mixin.py:188} INFO - [2026-03-23T03:29:12.974+0000] {dag.py:3834} INFO - Setting next_dagrun for example_task_group_decorator to 2026-03-22 00:00:00+00:00, run_after=2026-03-23 00:00:00+00:00
[2026-03-23T03:29:12.999+0000] {processor.py:183} INFO - Processing /home/airflow/.local/lib/python3.8/site-packages/airflow/example_dags/example_task_group_decorator.py took 0.088 seconds
[2026-03-23T03:29:43.055+0000] {processor.py:161} INFO - Started process (PID=578) to work on /home/airflow/.local/lib/python3.8/site-packages/airflow/example_dags/example_task_group_decorator.py
[2026-03-23T03:29:43.056+0000] {processor.py:830} INFO - Processing file /home/airflow/.local/lib/python3.8/site-packages/airflow/example_dags/example_task_group_decorator.py for tasks to queue
[2026-03-23T03:29:43.057+0000] {logging_mixin.py:188} INFO - [2026-03-23T03:29:43.057+0000] {dagbag.py:540} INFO - Filling up the DagBag from /home/airflow/.local/lib/python3.8/site-packages/airflow/example_dags/example_task_group_decorator.py
[2026-03-23T03:29:43.069+0000] {processor.py:840} INFO - DAG(s) 'example_task_group_decorator' retrieved from /home/airflow/.local/lib/python3.8/site-packages/airflow/example_dags/example_task_group_decorator.py
[2026-03-23T03:29:43.091+0000] {logging_mixin.py:188} INFO - [2026-03-23T03:29:43.091+0000] {dag.py:3047} INFO - Sync 1 DAGs
[2026-03-23T03:29:43.112+0000] {logging_mixin.py:188} INFO - [2026-03-23T03:29:43.112+0000] {dag.py:3834} INFO - Setting next_dagrun for example_task_group_decorator to 2026-03-22 00:00:00+00:00, run_after=2026-03-23 00:00:00+00:00
[2026-03-23T03:29:43.132+0000] {processor.py:183} INFO - Processing /home/airflow/.local/lib/python3.8/site-packages/airflow/example_dags/example_task_group_decorator.py took 0.079 seconds
[2026-03-23T03:30:13.518+0000] {processor.py:161} INFO - Started process (PID=633) to work on /home/airflow/.local/lib/python3.8/site-packages/airflow/example_dags/example_task_group_decorator.py
[2026-03-23T03:30:13.519+0000] {processor.py:830} INFO - Processing file /home/airflow/.local/lib/python3.8/site-packages/airflow/example_dags/example_task_group_decorator.py for tasks to queue
[2026-03-23T03:30:13.522+0000] {logging_mixin.py:188} INFO - [2026-03-23T03:30:13.522+0000] {dagbag.py:540} INFO - Filling up the DagBag from /home/airflow/.local/lib/python3.8/site-packages/airflow/example_dags/example_task_group_decorator.py
[2026-03-23T03:30:13.536+0000] {processor.py:840} INFO - DAG(s) 'example_task_group_decorator' retrieved from /home/airflow/.local/lib/python3.8/site-packages/airflow/example_dags/example_task_group_decorator.py
[2026-03-23T03:30:13.564+0000] {logging_mixin.py:188} INFO - [2026-03-23T03:30:13.563+0000] {dag.py:3047} INFO - Sync 1 DAGs
[2026-03-23T03:30:13.588+0000] {logging_mixin.py:188} INFO - [2026-03-23T03:30:13.588+0000] {dag.py:3834} INFO - Setting next_dagrun for example_task_group_decorator to 2026-03-22 00:00:00+00:00, run_after=2026-03-23 00:00:00+00:00
[2026-03-23T03:30:13.615+0000] {processor.py:183} INFO - Processing /home/airflow/.local/lib/python3.8/site-packages/airflow/example_dags/example_task_group_decorator.py took 0.101 seconds
[2026-03-23T03:30:43.657+0000] {processor.py:161} INFO - Started process (PID=688) to work on /home/airflow/.local/lib/python3.8/site-packages/airflow/example_dags/example_task_group_decorator.py
[2026-03-23T03:30:43.658+0000] {processor.py:830} INFO - Processing file /home/airflow/.local/lib/python3.8/site-packages/airflow/example_dags/example_task_group_decorator.py for tasks to queue
[2026-03-23T03:30:43.660+0000] {logging_mixin.py:188} INFO - [2026-03-23T03:30:43.660+0000] {dagbag.py:540} INFO - Filling up the DagBag from /home/airflow/.local/lib/python3.8/site-packages/airflow/example_dags/example_task_group_decorator.py
[2026-03-23T03:30:43.672+0000] {processor.py:840} INFO - DAG(s) 'example_task_group_decorator' retrieved from /home/airflow/.local/lib/python3.8/site-packages/airflow/example_dags/example_task_group_decorator.py
[2026-03-23T03:30:43.696+0000] {logging_mixin.py:188} INFO - [2026-03-23T03:30:43.696+0000] {dag.py:3047} INFO - Sync 1 DAGs
[2026-03-23T03:30:43.718+0000] {logging_mixin.py:188} INFO - [2026-03-23T03:30:43.718+0000] {dag.py:3834} INFO - Setting next_dagrun for example_task_group_decorator to 2026-03-22 00:00:00+00:00, run_after=2026-03-23 00:00:00+00:00
[2026-03-23T03:30:43.738+0000] {processor.py:183} INFO - Processing /home/airflow/.local/lib/python3.8/site-packages/airflow/example_dags/example_task_group_decorator.py took 0.084 seconds
[2026-03-23T03:31:13.822+0000] {processor.py:161} INFO - Started process (PID=743) to work on /home/airflow/.local/lib/python3.8/site-packages/airflow/example_dags/example_task_group_decorator.py
[2026-03-23T03:31:13.823+0000] {processor.py:830} INFO - Processing file /home/airflow/.local/lib/python3.8/site-packages/airflow/example_dags/example_task_group_decorator.py for tasks to queue
[2026-03-23T03:31:13.824+0000] {logging_mixin.py:188} INFO - [2026-03-23T03:31:13.824+0000] {dagbag.py:540} INFO - Filling up the DagBag from /home/airflow/.local/lib/python3.8/site-packages/airflow/example_dags/example_task_group_decorator.py
[2026-03-23T03:31:13.837+0000] {processor.py:840} INFO - DAG(s) 'example_task_group_decorator' retrieved from /home/airflow/.local/lib/python3.8/site-packages/airflow/example_dags/example_task_group_decorator.py
[2026-03-23T03:31:13.860+0000] {logging_mixin.py:188} INFO - [2026-03-23T03:31:13.860+0000] {dag.py:3047} INFO - Sync 1 DAGs
[2026-03-23T03:31:13.881+0000] {logging_mixin.py:188} INFO - [2026-03-23T03:31:13.881+0000] {dag.py:3834} INFO - Setting next_dagrun for example_task_group_decorator to 2026-03-22 00:00:00+00:00, run_after=2026-03-23 00:00:00+00:00
[2026-03-23T03:31:13.902+0000] {processor.py:183} INFO - Processing /home/airflow/.local/lib/python3.8/site-packages/airflow/example_dags/example_task_group_decorator.py took 0.083 seconds
[2026-03-23T03:31:44.456+0000] {processor.py:161} INFO - Started process (PID=798) to work on /home/airflow/.local/lib/python3.8/site-packages/airflow/example_dags/example_task_group_decorator.py
[2026-03-23T03:31:44.457+0000] {processor.py:830} INFO - Processing file /home/airflow/.local/lib/python3.8/site-packages/airflow/example_dags/example_task_group_decorator.py for tasks to queue
[2026-03-23T03:31:44.459+0000] {logging_mixin.py:188} INFO - [2026-03-23T03:31:44.458+0000] {dagbag.py:540} INFO - Filling up the DagBag from /home/airflow/.local/lib/python3.8/site-packages/airflow/example_dags/example_task_group_decorator.py
[2026-03-23T03:31:44.471+0000] {processor.py:840} INFO - DAG(s) 'example_task_group_decorator' retrieved from /home/airflow/.local/lib/python3.8/site-packages/airflow/example_dags/example_task_group_decorator.py
[2026-03-23T03:31:44.496+0000] {logging_mixin.py:188} INFO - [2026-03-23T03:31:44.496+0000] {dag.py:3047} INFO - Sync 1 DAGs
[2026-03-23T03:31:44.518+0000] {logging_mixin.py:188} INFO - [2026-03-23T03:31:44.518+0000] {dag.py:3834} INFO - Setting next_dagrun for example_task_group_decorator to 2026-03-22 00:00:00+00:00, run_after=2026-03-23 00:00:00+00:00
[2026-03-23T03:31:44.541+0000] {processor.py:183} INFO - Processing /home/airflow/.local/lib/python3.8/site-packages/airflow/example_dags/example_task_group_decorator.py took 0.088 seconds
[2026-03-23T03:32:15.281+0000] {processor.py:161} INFO - Started process (PID=853) to work on /home/airflow/.local/lib/python3.8/site-packages/airflow/example_dags/example_task_group_decorator.py
[2026-03-23T03:32:15.282+0000] {processor.py:830} INFO - Processing file /home/airflow/.local/lib/python3.8/site-packages/airflow/example_dags/example_task_group_decorator.py for tasks to queue
[2026-03-23T03:32:15.284+0000] {logging_mixin.py:188} INFO - [2026-03-23T03:32:15.284+0000] {dagbag.py:540} INFO - Filling up the DagBag from /home/airflow/.local/lib/python3.8/site-packages/airflow/example_dags/example_task_group_decorator.py
[2026-03-23T03:32:15.296+0000] {processor.py:840} INFO - DAG(s) 'example_task_group_decorator' retrieved from /home/airflow/.local/lib/python3.8/site-packages/airflow/example_dags/example_task_group_decorator.py
[2026-03-23T03:32:15.320+0000] {logging_mixin.py:188} INFO - [2026-03-23T03:32:15.319+0000] {dag.py:3047} INFO - Sync 1 DAGs
[2026-03-23T03:32:15.340+0000] {logging_mixin.py:188} INFO - [2026-03-23T03:32:15.340+0000] {dag.py:3834} INFO - Setting next_dagrun for example_task_group_decorator to 2026-03-22 00:00:00+00:00, run_after=2026-03-23 00:00:00+00:00
[2026-03-23T03:32:15.361+0000] {processor.py:183} INFO - Processing /home/airflow/.local/lib/python3.8/site-packages/airflow/example_dags/example_task_group_decorator.py took 0.082 seconds
[2026-03-23T03:32:45.404+0000] {processor.py:161} INFO - Started process (PID=908) to work on /home/airflow/.local/lib/python3.8/site-packages/airflow/example_dags/example_task_group_decorator.py
[2026-03-23T03:32:45.405+0000] {processor.py:830} INFO - Processing file /home/airflow/.local/lib/python3.8/site-packages/airflow/example_dags/example_task_group_decorator.py for tasks to queue
[2026-03-23T03:32:45.407+0000] {logging_mixin.py:188} INFO - [2026-03-23T03:32:45.406+0000] {dagbag.py:540} INFO - Filling up the DagBag from /home/airflow/.local/lib/python3.8/site-packages/airflow/example_dags/example_task_group_decorator.py
[2026-03-23T03:32:45.418+0000] {processor.py:840} INFO - DAG(s) 'example_task_group_decorator' retrieved from /home/airflow/.local/lib/python3.8/site-packages/airflow/example_dags/example_task_group_decorator.py
[2026-03-23T03:32:45.441+0000] {logging_mixin.py:188} INFO - [2026-03-23T03:32:45.441+0000] {dag.py:3047} INFO - Sync 1 DAGs
[2026-03-23T03:32:45.462+0000] {logging_mixin.py:188} INFO - [2026-03-23T03:32:45.461+0000] {dag.py:3834} INFO - Setting next_dagrun for example_task_group_decorator to 2026-03-22 00:00:00+00:00, run_after=2026-03-23 00:00:00+00:00
[2026-03-23T03:32:45.482+0000] {processor.py:183} INFO - Processing /home/airflow/.local/lib/python3.8/site-packages/airflow/example_dags/example_task_group_decorator.py took 0.080 seconds
[2026-03-23T03:33:15.589+0000] {processor.py:161} INFO - Started process (PID=963) to work on /home/airflow/.local/lib/python3.8/site-packages/airflow/example_dags/example_task_group_decorator.py
[2026-03-23T03:33:15.590+0000] {processor.py:830} INFO - Processing file /home/airflow/.local/lib/python3.8/site-packages/airflow/example_dags/example_task_group_decorator.py for tasks to queue
[2026-03-23T03:33:15.592+0000] {logging_mixin.py:188} INFO - [2026-03-23T03:33:15.592+0000] {dagbag.py:540} INFO - Filling up the DagBag from /home/airflow/.local/lib/python3.8/site-packages/airflow/example_dags/example_task_group_decorator.py
[2026-03-23T03:33:15.604+0000] {processor.py:840} INFO - DAG(s) 'example_task_group_decorator' retrieved from /home/airflow/.local/lib/python3.8/site-packages/airflow/example_dags/example_task_group_decorator.py
[2026-03-23T03:33:15.628+0000] {logging_mixin.py:188} INFO - [2026-03-23T03:33:15.628+0000] {dag.py:3047} INFO - Sync 1 DAGs
[2026-03-23T03:33:15.651+0000] {logging_mixin.py:188} INFO - [2026-03-23T03:33:15.651+0000] {dag.py:3834} INFO - Setting next_dagrun for example_task_group_decorator to 2026-03-22 00:00:00+00:00, run_after=2026-03-23 00:00:00+00:00
[2026-03-23T03:33:15.675+0000] {processor.py:183} INFO - Processing /home/airflow/.local/lib/python3.8/site-packages/airflow/example_dags/example_task_group_decorator.py took 0.088 seconds
[2026-03-23T03:33:45.765+0000] {processor.py:161} INFO - Started process (PID=1018) to work on /home/airflow/.local/lib/python3.8/site-packages/airflow/example_dags/example_task_group_decorator.py
[2026-03-23T03:33:45.766+0000] {processor.py:830} INFO - Processing file /home/airflow/.local/lib/python3.8/site-packages/airflow/example_dags/example_task_group_decorator.py for tasks to queue
[2026-03-23T03:33:45.768+0000] {logging_mixin.py:188} INFO - [2026-03-23T03:33:45.768+0000] {dagbag.py:540} INFO - Filling up the DagBag from /home/airflow/.local/lib/python3.8/site-packages/airflow/example_dags/example_task_group_decorator.py
[2026-03-23T03:33:45.782+0000] {processor.py:840} INFO - DAG(s) 'example_task_group_decorator' retrieved from /home/airflow/.local/lib/python3.8/site-packages/airflow/example_dags/example_task_group_decorator.py
[2026-03-23T03:33:45.805+0000] {logging_mixin.py:188} INFO - [2026-03-23T03:33:45.805+0000] {dag.py:3047} INFO - Sync 1 DAGs
[2026-03-23T03:33:45.828+0000] {logging_mixin.py:188} INFO - [2026-03-23T03:33:45.827+0000] {dag.py:3834} INFO - Setting next_dagrun for example_task_group_decorator to 2026-03-22 00:00:00+00:00, run_after=2026-03-23 00:00:00+00:00
[2026-03-23T03:33:45.851+0000] {processor.py:183} INFO - Processing /home/airflow/.local/lib/python3.8/site-packages/airflow/example_dags/example_task_group_decorator.py took 0.089 seconds
[2026-03-23T03:34:15.903+0000] {processor.py:161} INFO - Started process (PID=1074) to work on /home/airflow/.local/lib/python3.8/site-packages/airflow/example_dags/example_task_group_decorator.py
[2026-03-23T03:34:15.904+0000] {processor.py:830} INFO - Processing file /home/airflow/.local/lib/python3.8/site-packages/airflow/example_dags/example_task_group_decorator.py for tasks to queue
[2026-03-23T03:34:15.906+0000] {logging_mixin.py:188} INFO - [2026-03-23T03:34:15.906+0000] {dagbag.py:540} INFO - Filling up the DagBag from /home/airflow/.local/lib/python3.8/site-packages/airflow/example_dags/example_task_group_decorator.py
[2026-03-23T03:34:15.921+0000] {processor.py:840} INFO - DAG(s) 'example_task_group_decorator' retrieved from /home/airflow/.local/lib/python3.8/site-packages/airflow/example_dags/example_task_group_decorator.py
[2026-03-23T03:34:15.945+0000] {logging_mixin.py:188} INFO - [2026-03-23T03:34:15.945+0000] {dag.py:3047} INFO - Sync 1 DAGs
[2026-03-23T03:34:15.967+0000] {logging_mixin.py:188} INFO - [2026-03-23T03:34:15.967+0000] {dag.py:3834} INFO - Setting next_dagrun for example_task_group_decorator to 2026-03-22 00:00:00+00:00, run_after=2026-03-23 00:00:00+00:00
[2026-03-23T03:34:15.987+0000] {processor.py:183} INFO - Processing /home/airflow/.local/lib/python3.8/site-packages/airflow/example_dags/example_task_group_decorator.py took 0.088 seconds
[2026-03-23T03:34:46.129+0000] {processor.py:161} INFO - Started process (PID=1128) to work on /home/airflow/.local/lib/python3.8/site-packages/airflow/example_dags/example_task_group_decorator.py
[2026-03-23T03:34:46.130+0000] {processor.py:830} INFO - Processing file /home/airflow/.local/lib/python3.8/site-packages/airflow/example_dags/example_task_group_decorator.py for tasks to queue
[2026-03-23T03:34:46.132+0000] {logging_mixin.py:188} INFO - [2026-03-23T03:34:46.132+0000] {dagbag.py:540} INFO - Filling up the DagBag from /home/airflow/.local/lib/python3.8/site-packages/airflow/example_dags/example_task_group_decorator.py
[2026-03-23T03:34:46.146+0000] {processor.py:840} INFO - DAG(s) 'example_task_group_decorator' retrieved from /home/airflow/.local/lib/python3.8/site-packages/airflow/example_dags/example_task_group_decorator.py
[2026-03-23T03:34:46.174+0000] {logging_mixin.py:188} INFO - [2026-03-23T03:34:46.173+0000] {dag.py:3047} INFO - Sync 1 DAGs
[2026-03-23T03:34:46.196+0000] {logging_mixin.py:188} INFO - [2026-03-23T03:34:46.196+0000] {dag.py:3834} INFO - Setting next_dagrun for example_task_group_decorator to 2026-03-22 00:00:00+00:00, run_after=2026-03-23 00:00:00+00:00
[2026-03-23T03:34:46.222+0000] {processor.py:183} INFO - Processing /home/airflow/.local/lib/python3.8/site-packages/airflow/example_dags/example_task_group_decorator.py took 0.097 seconds
[2026-03-23T03:37:19.685+0000] {processor.py:161} INFO - Started process (PID=77) to work on /home/airflow/.local/lib/python3.8/site-packages/airflow/example_dags/example_task_group_decorator.py
[2026-03-23T03:37:19.687+0000] {processor.py:830} INFO - Processing file /home/airflow/.local/lib/python3.8/site-packages/airflow/example_dags/example_task_group_decorator.py for tasks to queue
[2026-03-23T03:37:19.689+0000] {logging_mixin.py:188} INFO - [2026-03-23T03:37:19.689+0000] {dagbag.py:540} INFO - Filling up the DagBag from /home/airflow/.local/lib/python3.8/site-packages/airflow/example_dags/example_task_group_decorator.py
[2026-03-23T03:37:19.704+0000] {processor.py:840} INFO - DAG(s) 'example_task_group_decorator' retrieved from /home/airflow/.local/lib/python3.8/site-packages/airflow/example_dags/example_task_group_decorator.py
[2026-03-23T03:37:19.716+0000] {logging_mixin.py:188} INFO - [2026-03-23T03:37:19.716+0000] {dag.py:3047} INFO - Sync 1 DAGs
[2026-03-23T03:37:19.741+0000] {logging_mixin.py:188} INFO - [2026-03-23T03:37:19.740+0000] {dag.py:3834} INFO - Setting next_dagrun for example_task_group_decorator to 2026-03-22 00:00:00+00:00, run_after=2026-03-23 00:00:00+00:00
[2026-03-23T03:37:19.766+0000] {processor.py:183} INFO - Processing /home/airflow/.local/lib/python3.8/site-packages/airflow/example_dags/example_task_group_decorator.py took 0.084 seconds
[2026-03-23T03:37:51.077+0000] {processor.py:161} INFO - Started process (PID=132) to work on /home/airflow/.local/lib/python3.8/site-packages/airflow/example_dags/example_task_group_decorator.py
[2026-03-23T03:37:51.079+0000] {processor.py:830} INFO - Processing file /home/airflow/.local/lib/python3.8/site-packages/airflow/example_dags/example_task_group_decorator.py for tasks to queue
[2026-03-23T03:37:51.081+0000] {logging_mixin.py:188} INFO - [2026-03-23T03:37:51.080+0000] {dagbag.py:540} INFO - Filling up the DagBag from /home/airflow/.local/lib/python3.8/site-packages/airflow/example_dags/example_task_group_decorator.py
[2026-03-23T03:37:51.094+0000] {processor.py:840} INFO - DAG(s) 'example_task_group_decorator' retrieved from /home/airflow/.local/lib/python3.8/site-packages/airflow/example_dags/example_task_group_decorator.py
[2026-03-23T03:37:51.193+0000] {logging_mixin.py:188} INFO - [2026-03-23T03:37:51.192+0000] {dag.py:3047} INFO - Sync 1 DAGs
[2026-03-23T03:37:51.215+0000] {logging_mixin.py:188} INFO - [2026-03-23T03:37:51.215+0000] {dag.py:3834} INFO - Setting next_dagrun for example_task_group_decorator to 2026-03-22 00:00:00+00:00, run_after=2026-03-23 00:00:00+00:00
[2026-03-23T03:37:51.241+0000] {processor.py:183} INFO - Processing /home/airflow/.local/lib/python3.8/site-packages/airflow/example_dags/example_task_group_decorator.py took 0.166 seconds
[2026-03-23T03:38:21.910+0000] {processor.py:161} INFO - Started process (PID=187) to work on /home/airflow/.local/lib/python3.8/site-packages/airflow/example_dags/example_task_group_decorator.py
[2026-03-23T03:38:21.911+0000] {processor.py:830} INFO - Processing file /home/airflow/.local/lib/python3.8/site-packages/airflow/example_dags/example_task_group_decorator.py for tasks to queue
[2026-03-23T03:38:21.913+0000] {logging_mixin.py:188} INFO - [2026-03-23T03:38:21.912+0000] {dagbag.py:540} INFO - Filling up the DagBag from /home/airflow/.local/lib/python3.8/site-packages/airflow/example_dags/example_task_group_decorator.py
[2026-03-23T03:38:21.925+0000] {processor.py:840} INFO - DAG(s) 'example_task_group_decorator' retrieved from /home/airflow/.local/lib/python3.8/site-packages/airflow/example_dags/example_task_group_decorator.py
[2026-03-23T03:38:21.950+0000] {logging_mixin.py:188} INFO - [2026-03-23T03:38:21.950+0000] {dag.py:3047} INFO - Sync 1 DAGs
[2026-03-23T03:38:21.973+0000] {logging_mixin.py:188} INFO - [2026-03-23T03:38:21.972+0000] {dag.py:3834} INFO - Setting next_dagrun for example_task_group_decorator to 2026-03-22 00:00:00+00:00, run_after=2026-03-23 00:00:00+00:00
[2026-03-23T03:38:21.993+0000] {processor.py:183} INFO - Processing /home/airflow/.local/lib/python3.8/site-packages/airflow/example_dags/example_task_group_decorator.py took 0.086 seconds
[2026-03-23T03:38:52.354+0000] {processor.py:161} INFO - Started process (PID=248) to work on /home/airflow/.local/lib/python3.8/site-packages/airflow/example_dags/example_task_group_decorator.py
[2026-03-23T03:38:52.356+0000] {processor.py:830} INFO - Processing file /home/airflow/.local/lib/python3.8/site-packages/airflow/example_dags/example_task_group_decorator.py for tasks to queue
[2026-03-23T03:38:52.358+0000] {logging_mixin.py:188} INFO - [2026-03-23T03:38:52.358+0000] {dagbag.py:540} INFO - Filling up the DagBag from /home/airflow/.local/lib/python3.8/site-packages/airflow/example_dags/example_task_group_decorator.py
[2026-03-23T03:38:52.371+0000] {processor.py:840} INFO - DAG(s) 'example_task_group_decorator' retrieved from /home/airflow/.local/lib/python3.8/site-packages/airflow/example_dags/example_task_group_decorator.py
[2026-03-23T03:38:52.398+0000] {logging_mixin.py:188} INFO - [2026-03-23T03:38:52.398+0000] {dag.py:3047} INFO - Sync 1 DAGs
[2026-03-23T03:38:52.425+0000] {logging_mixin.py:188} INFO - [2026-03-23T03:38:52.425+0000] {dag.py:3834} INFO - Setting next_dagrun for example_task_group_decorator to 2026-03-22 00:00:00+00:00, run_after=2026-03-23 00:00:00+00:00
[2026-03-23T03:38:52.451+0000] {processor.py:183} INFO - Processing /home/airflow/.local/lib/python3.8/site-packages/airflow/example_dags/example_task_group_decorator.py took 0.100 seconds
[2026-03-23T03:39:22.896+0000] {processor.py:161} INFO - Started process (PID=303) to work on /home/airflow/.local/lib/python3.8/site-packages/airflow/example_dags/example_task_group_decorator.py
[2026-03-23T03:39:22.897+0000] {processor.py:830} INFO - Processing file /home/airflow/.local/lib/python3.8/site-packages/airflow/example_dags/example_task_group_decorator.py for tasks to queue
[2026-03-23T03:39:22.899+0000] {logging_mixin.py:188} INFO - [2026-03-23T03:39:22.899+0000] {dagbag.py:540} INFO - Filling up the DagBag from /home/airflow/.local/lib/python3.8/site-packages/airflow/example_dags/example_task_group_decorator.py
[2026-03-23T03:39:22.911+0000] {processor.py:840} INFO - DAG(s) 'example_task_group_decorator' retrieved from /home/airflow/.local/lib/python3.8/site-packages/airflow/example_dags/example_task_group_decorator.py
[2026-03-23T03:39:22.935+0000] {logging_mixin.py:188} INFO - [2026-03-23T03:39:22.935+0000] {dag.py:3047} INFO - Sync 1 DAGs
[2026-03-23T03:39:22.954+0000] {logging_mixin.py:188} INFO - [2026-03-23T03:39:22.954+0000] {dag.py:3834} INFO - Setting next_dagrun for example_task_group_decorator to 2026-03-22 00:00:00+00:00, run_after=2026-03-23 00:00:00+00:00
[2026-03-23T03:39:22.975+0000] {processor.py:183} INFO - Processing /home/airflow/.local/lib/python3.8/site-packages/airflow/example_dags/example_task_group_decorator.py took 0.082 seconds
[2026-03-23T03:39:53.042+0000] {processor.py:161} INFO - Started process (PID=358) to work on /home/airflow/.local/lib/python3.8/site-packages/airflow/example_dags/example_task_group_decorator.py
[2026-03-23T03:39:53.044+0000] {processor.py:830} INFO - Processing file /home/airflow/.local/lib/python3.8/site-packages/airflow/example_dags/example_task_group_decorator.py for tasks to queue
[2026-03-23T03:39:53.046+0000] {logging_mixin.py:188} INFO - [2026-03-23T03:39:53.046+0000] {dagbag.py:540} INFO - Filling up the DagBag from /home/airflow/.local/lib/python3.8/site-packages/airflow/example_dags/example_task_group_decorator.py
[2026-03-23T03:39:53.059+0000] {processor.py:840} INFO - DAG(s) 'example_task_group_decorator' retrieved from /home/airflow/.local/lib/python3.8/site-packages/airflow/example_dags/example_task_group_decorator.py
[2026-03-23T03:39:53.083+0000] {logging_mixin.py:188} INFO - [2026-03-23T03:39:53.082+0000] {dag.py:3047} INFO - Sync 1 DAGs
[2026-03-23T03:39:53.103+0000] {logging_mixin.py:188} INFO - [2026-03-23T03:39:53.102+0000] {dag.py:3834} INFO - Setting next_dagrun for example_task_group_decorator to 2026-03-22 00:00:00+00:00, run_after=2026-03-23 00:00:00+00:00
[2026-03-23T03:39:53.123+0000] {processor.py:183} INFO - Processing /home/airflow/.local/lib/python3.8/site-packages/airflow/example_dags/example_task_group_decorator.py took 0.084 seconds
[2026-03-23T03:40:23.583+0000] {processor.py:161} INFO - Started process (PID=413) to work on /home/airflow/.local/lib/python3.8/site-packages/airflow/example_dags/example_task_group_decorator.py
[2026-03-23T03:40:23.584+0000] {processor.py:830} INFO - Processing file /home/airflow/.local/lib/python3.8/site-packages/airflow/example_dags/example_task_group_decorator.py for tasks to queue
[2026-03-23T03:40:23.587+0000] {logging_mixin.py:188} INFO - [2026-03-23T03:40:23.586+0000] {dagbag.py:540} INFO - Filling up the DagBag from /home/airflow/.local/lib/python3.8/site-packages/airflow/example_dags/example_task_group_decorator.py
[2026-03-23T03:40:23.601+0000] {processor.py:840} INFO - DAG(s) 'example_task_group_decorator' retrieved from /home/airflow/.local/lib/python3.8/site-packages/airflow/example_dags/example_task_group_decorator.py
[2026-03-23T03:40:23.630+0000] {logging_mixin.py:188} INFO - [2026-03-23T03:40:23.629+0000] {dag.py:3047} INFO - Sync 1 DAGs
[2026-03-23T03:40:23.656+0000] {logging_mixin.py:188} INFO - [2026-03-23T03:40:23.656+0000] {dag.py:3834} INFO - Setting next_dagrun for example_task_group_decorator to 2026-03-22 00:00:00+00:00, run_after=2026-03-23 00:00:00+00:00
[2026-03-23T03:40:23.678+0000] {processor.py:183} INFO - Processing /home/airflow/.local/lib/python3.8/site-packages/airflow/example_dags/example_task_group_decorator.py took 0.099 seconds
[2026-03-23T03:40:54.419+0000] {processor.py:161} INFO - Started process (PID=468) to work on /home/airflow/.local/lib/python3.8/site-packages/airflow/example_dags/example_task_group_decorator.py
[2026-03-23T03:40:54.420+0000] {processor.py:830} INFO - Processing file /home/airflow/.local/lib/python3.8/site-packages/airflow/example_dags/example_task_group_decorator.py for tasks to queue
[2026-03-23T03:40:54.422+0000] {logging_mixin.py:188} INFO - [2026-03-23T03:40:54.422+0000] {dagbag.py:540} INFO - Filling up the DagBag from /home/airflow/.local/lib/python3.8/site-packages/airflow/example_dags/example_task_group_decorator.py
[2026-03-23T03:40:54.439+0000] {processor.py:840} INFO - DAG(s) 'example_task_group_decorator' retrieved from /home/airflow/.local/lib/python3.8/site-packages/airflow/example_dags/example_task_group_decorator.py
[2026-03-23T03:40:54.468+0000] {logging_mixin.py:188} INFO - [2026-03-23T03:40:54.467+0000] {dag.py:3047} INFO - Sync 1 DAGs
[2026-03-23T03:40:54.497+0000] {logging_mixin.py:188} INFO - [2026-03-23T03:40:54.496+0000] {dag.py:3834} INFO - Setting next_dagrun for example_task_group_decorator to 2026-03-22 00:00:00+00:00, run_after=2026-03-23 00:00:00+00:00
[2026-03-23T03:40:54.536+0000] {processor.py:183} INFO - Processing /home/airflow/.local/lib/python3.8/site-packages/airflow/example_dags/example_task_group_decorator.py took 0.120 seconds
[2026-03-23T03:41:25.079+0000] {processor.py:161} INFO - Started process (PID=523) to work on /home/airflow/.local/lib/python3.8/site-packages/airflow/example_dags/example_task_group_decorator.py
[2026-03-23T03:41:25.081+0000] {processor.py:830} INFO - Processing file /home/airflow/.local/lib/python3.8/site-packages/airflow/example_dags/example_task_group_decorator.py for tasks to queue
[2026-03-23T03:41:25.083+0000] {logging_mixin.py:188} INFO - [2026-03-23T03:41:25.083+0000] {dagbag.py:540} INFO - Filling up the DagBag from /home/airflow/.local/lib/python3.8/site-packages/airflow/example_dags/example_task_group_decorator.py
[2026-03-23T03:41:25.097+0000] {processor.py:840} INFO - DAG(s) 'example_task_group_decorator' retrieved from /home/airflow/.local/lib/python3.8/site-packages/airflow/example_dags/example_task_group_decorator.py
[2026-03-23T03:41:25.123+0000] {logging_mixin.py:188} INFO - [2026-03-23T03:41:25.123+0000] {dag.py:3047} INFO - Sync 1 DAGs
[2026-03-23T03:41:25.147+0000] {logging_mixin.py:188} INFO - [2026-03-23T03:41:25.147+0000] {dag.py:3834} INFO - Setting next_dagrun for example_task_group_decorator to 2026-03-22 00:00:00+00:00, run_after=2026-03-23 00:00:00+00:00
[2026-03-23T03:41:25.169+0000] {processor.py:183} INFO - Processing /home/airflow/.local/lib/python3.8/site-packages/airflow/example_dags/example_task_group_decorator.py took 0.093 seconds
[2026-03-23T03:41:55.278+0000] {processor.py:161} INFO - Started process (PID=578) to work on /home/airflow/.local/lib/python3.8/site-packages/airflow/example_dags/example_task_group_decorator.py
[2026-03-23T03:41:55.280+0000] {processor.py:830} INFO - Processing file /home/airflow/.local/lib/python3.8/site-packages/airflow/example_dags/example_task_group_decorator.py for tasks to queue
[2026-03-23T03:41:55.283+0000] {logging_mixin.py:188} INFO - [2026-03-23T03:41:55.282+0000] {dagbag.py:540} INFO - Filling up the DagBag from /home/airflow/.local/lib/python3.8/site-packages/airflow/example_dags/example_task_group_decorator.py
[2026-03-23T03:41:55.297+0000] {processor.py:840} INFO - DAG(s) 'example_task_group_decorator' retrieved from /home/airflow/.local/lib/python3.8/site-packages/airflow/example_dags/example_task_group_decorator.py
[2026-03-23T03:41:55.326+0000] {logging_mixin.py:188} INFO - [2026-03-23T03:41:55.326+0000] {dag.py:3047} INFO - Sync 1 DAGs
[2026-03-23T03:41:55.353+0000] {logging_mixin.py:188} INFO - [2026-03-23T03:41:55.352+0000] {dag.py:3834} INFO - Setting next_dagrun for example_task_group_decorator to 2026-03-22 00:00:00+00:00, run_after=2026-03-23 00:00:00+00:00
[2026-03-23T03:41:55.381+0000] {processor.py:183} INFO - Processing /home/airflow/.local/lib/python3.8/site-packages/airflow/example_dags/example_task_group_decorator.py took 0.106 seconds
[2026-03-23T03:42:25.464+0000] {processor.py:161} INFO - Started process (PID=633) to work on /home/airflow/.local/lib/python3.8/site-packages/airflow/example_dags/example_task_group_decorator.py
[2026-03-23T03:42:25.465+0000] {processor.py:830} INFO - Processing file /home/airflow/.local/lib/python3.8/site-packages/airflow/example_dags/example_task_group_decorator.py for tasks to queue
[2026-03-23T03:42:25.468+0000] {logging_mixin.py:188} INFO - [2026-03-23T03:42:25.467+0000] {dagbag.py:540} INFO - Filling up the DagBag from /home/airflow/.local/lib/python3.8/site-packages/airflow/example_dags/example_task_group_decorator.py
[2026-03-23T03:42:25.481+0000] {processor.py:840} INFO - DAG(s) 'example_task_group_decorator' retrieved from /home/airflow/.local/lib/python3.8/site-packages/airflow/example_dags/example_task_group_decorator.py
[2026-03-23T03:42:25.511+0000] {logging_mixin.py:188} INFO - [2026-03-23T03:42:25.511+0000] {dag.py:3047} INFO - Sync 1 DAGs
[2026-03-23T03:42:25.537+0000] {logging_mixin.py:188} INFO - [2026-03-23T03:42:25.536+0000] {dag.py:3834} INFO - Setting next_dagrun for example_task_group_decorator to 2026-03-22 00:00:00+00:00, run_after=2026-03-23 00:00:00+00:00
[2026-03-23T03:42:25.561+0000] {processor.py:183} INFO - Processing /home/airflow/.local/lib/python3.8/site-packages/airflow/example_dags/example_task_group_decorator.py took 0.101 seconds
[2026-03-23T03:42:56.069+0000] {processor.py:161} INFO - Started process (PID=688) to work on /home/airflow/.local/lib/python3.8/site-packages/airflow/example_dags/example_task_group_decorator.py
[2026-03-23T03:42:56.071+0000] {processor.py:830} INFO - Processing file /home/airflow/.local/lib/python3.8/site-packages/airflow/example_dags/example_task_group_decorator.py for tasks to queue
[2026-03-23T03:42:56.072+0000] {logging_mixin.py:188} INFO - [2026-03-23T03:42:56.072+0000] {dagbag.py:540} INFO - Filling up the DagBag from /home/airflow/.local/lib/python3.8/site-packages/airflow/example_dags/example_task_group_decorator.py
[2026-03-23T03:42:56.086+0000] {processor.py:840} INFO - DAG(s) 'example_task_group_decorator' retrieved from /home/airflow/.local/lib/python3.8/site-packages/airflow/example_dags/example_task_group_decorator.py
[2026-03-23T03:42:56.115+0000] {logging_mixin.py:188} INFO - [2026-03-23T03:42:56.115+0000] {dag.py:3047} INFO - Sync 1 DAGs
[2026-03-23T03:42:56.142+0000] {logging_mixin.py:188} INFO - [2026-03-23T03:42:56.142+0000] {dag.py:3834} INFO - Setting next_dagrun for example_task_group_decorator to 2026-03-22 00:00:00+00:00, run_after=2026-03-23 00:00:00+00:00
[2026-03-23T03:42:56.167+0000] {processor.py:183} INFO - Processing /home/airflow/.local/lib/python3.8/site-packages/airflow/example_dags/example_task_group_decorator.py took 0.101 seconds
[2026-03-23T03:43:26.464+0000] {processor.py:161} INFO - Started process (PID=743) to work on /home/airflow/.local/lib/python3.8/site-packages/airflow/example_dags/example_task_group_decorator.py
[2026-03-23T03:43:26.465+0000] {processor.py:830} INFO - Processing file /home/airflow/.local/lib/python3.8/site-packages/airflow/example_dags/example_task_group_decorator.py for tasks to queue
[2026-03-23T03:43:26.468+0000] {logging_mixin.py:188} INFO - [2026-03-23T03:43:26.468+0000] {dagbag.py:540} INFO - Filling up the DagBag from /home/airflow/.local/lib/python3.8/site-packages/airflow/example_dags/example_task_group_decorator.py
[2026-03-23T03:43:26.483+0000] {processor.py:840} INFO - DAG(s) 'example_task_group_decorator' retrieved from /home/airflow/.local/lib/python3.8/site-packages/airflow/example_dags/example_task_group_decorator.py
[2026-03-23T03:43:26.509+0000] {logging_mixin.py:188} INFO - [2026-03-23T03:43:26.508+0000] {dag.py:3047} INFO - Sync 1 DAGs
[2026-03-23T03:43:26.532+0000] {logging_mixin.py:188} INFO - [2026-03-23T03:43:26.532+0000] {dag.py:3834} INFO - Setting next_dagrun for example_task_group_decorator to 2026-03-22 00:00:00+00:00, run_after=2026-03-23 00:00:00+00:00
[2026-03-23T03:43:26.559+0000] {processor.py:183} INFO - Processing /home/airflow/.local/lib/python3.8/site-packages/airflow/example_dags/example_task_group_decorator.py took 0.098 seconds
[2026-03-23T03:43:56.950+0000] {processor.py:161} INFO - Started process (PID=798) to work on /home/airflow/.local/lib/python3.8/site-packages/airflow/example_dags/example_task_group_decorator.py
[2026-03-23T03:43:56.951+0000] {processor.py:830} INFO - Processing file /home/airflow/.local/lib/python3.8/site-packages/airflow/example_dags/example_task_group_decorator.py for tasks to queue
[2026-03-23T03:43:56.953+0000] {logging_mixin.py:188} INFO - [2026-03-23T03:43:56.953+0000] {dagbag.py:540} INFO - Filling up the DagBag from /home/airflow/.local/lib/python3.8/site-packages/airflow/example_dags/example_task_group_decorator.py
[2026-03-23T03:43:56.966+0000] {processor.py:840} INFO - DAG(s) 'example_task_group_decorator' retrieved from /home/airflow/.local/lib/python3.8/site-packages/airflow/example_dags/example_task_group_decorator.py
[2026-03-23T03:43:56.994+0000] {logging_mixin.py:188} INFO - [2026-03-23T03:43:56.994+0000] {dag.py:3047} INFO - Sync 1 DAGs
[2026-03-23T03:43:57.021+0000] {logging_mixin.py:188} INFO - [2026-03-23T03:43:57.021+0000] {dag.py:3834} INFO - Setting next_dagrun for example_task_group_decorator to 2026-03-22 00:00:00+00:00, run_after=2026-03-23 00:00:00+00:00
[2026-03-23T03:43:57.047+0000] {processor.py:183} INFO - Processing /home/airflow/.local/lib/python3.8/site-packages/airflow/example_dags/example_task_group_decorator.py took 0.100 seconds
[2026-03-23T03:44:27.554+0000] {processor.py:161} INFO - Started process (PID=853) to work on /home/airflow/.local/lib/python3.8/site-packages/airflow/example_dags/example_task_group_decorator.py
[2026-03-23T03:44:27.555+0000] {processor.py:830} INFO - Processing file /home/airflow/.local/lib/python3.8/site-packages/airflow/example_dags/example_task_group_decorator.py for tasks to queue
[2026-03-23T03:44:27.557+0000] {logging_mixin.py:188} INFO - [2026-03-23T03:44:27.557+0000] {dagbag.py:540} INFO - Filling up the DagBag from /home/airflow/.local/lib/python3.8/site-packages/airflow/example_dags/example_task_group_decorator.py
[2026-03-23T03:44:27.571+0000] {processor.py:840} INFO - DAG(s) 'example_task_group_decorator' retrieved from /home/airflow/.local/lib/python3.8/site-packages/airflow/example_dags/example_task_group_decorator.py
[2026-03-23T03:44:27.597+0000] {logging_mixin.py:188} INFO - [2026-03-23T03:44:27.596+0000] {dag.py:3047} INFO - Sync 1 DAGs
[2026-03-23T03:44:27.619+0000] {logging_mixin.py:188} INFO - [2026-03-23T03:44:27.619+0000] {dag.py:3834} INFO - Setting next_dagrun for example_task_group_decorator to 2026-03-22 00:00:00+00:00, run_after=2026-03-23 00:00:00+00:00
[2026-03-23T03:44:27.641+0000] {processor.py:183} INFO - Processing /home/airflow/.local/lib/python3.8/site-packages/airflow/example_dags/example_task_group_decorator.py took 0.090 seconds
[2026-03-23T03:44:57.920+0000] {processor.py:161} INFO - Started process (PID=908) to work on /home/airflow/.local/lib/python3.8/site-packages/airflow/example_dags/example_task_group_decorator.py
[2026-03-23T03:44:57.922+0000] {processor.py:830} INFO - Processing file /home/airflow/.local/lib/python3.8/site-packages/airflow/example_dags/example_task_group_decorator.py for tasks to queue
[2026-03-23T03:44:57.924+0000] {logging_mixin.py:188} INFO - [2026-03-23T03:44:57.924+0000] {dagbag.py:540} INFO - Filling up the DagBag from /home/airflow/.local/lib/python3.8/site-packages/airflow/example_dags/example_task_group_decorator.py
[2026-03-23T03:44:57.938+0000] {processor.py:840} INFO - DAG(s) 'example_task_group_decorator' retrieved from /home/airflow/.local/lib/python3.8/site-packages/airflow/example_dags/example_task_group_decorator.py
[2026-03-23T03:44:57.968+0000] {logging_mixin.py:188} INFO - [2026-03-23T03:44:57.967+0000] {dag.py:3047} INFO - Sync 1 DAGs
[2026-03-23T03:44:57.993+0000] {logging_mixin.py:188} INFO - [2026-03-23T03:44:57.993+0000] {dag.py:3834} INFO - Setting next_dagrun for example_task_group_decorator to 2026-03-22 00:00:00+00:00, run_after=2026-03-23 00:00:00+00:00
[2026-03-23T03:44:58.019+0000] {processor.py:183} INFO - Processing /home/airflow/.local/lib/python3.8/site-packages/airflow/example_dags/example_task_group_decorator.py took 0.102 seconds
[2026-03-23T03:45:28.433+0000] {processor.py:161} INFO - Started process (PID=963) to work on /home/airflow/.local/lib/python3.8/site-packages/airflow/example_dags/example_task_group_decorator.py
[2026-03-23T03:45:28.434+0000] {processor.py:830} INFO - Processing file /home/airflow/.local/lib/python3.8/site-packages/airflow/example_dags/example_task_group_decorator.py for tasks to queue
[2026-03-23T03:45:28.436+0000] {logging_mixin.py:188} INFO - [2026-03-23T03:45:28.436+0000] {dagbag.py:540} INFO - Filling up the DagBag from /home/airflow/.local/lib/python3.8/site-packages/airflow/example_dags/example_task_group_decorator.py
[2026-03-23T03:45:28.449+0000] {processor.py:840} INFO - DAG(s) 'example_task_group_decorator' retrieved from /home/airflow/.local/lib/python3.8/site-packages/airflow/example_dags/example_task_group_decorator.py
[2026-03-23T03:45:28.472+0000] {logging_mixin.py:188} INFO - [2026-03-23T03:45:28.472+0000] {dag.py:3047} INFO - Sync 1 DAGs
[2026-03-23T03:45:28.491+0000] {logging_mixin.py:188} INFO - [2026-03-23T03:45:28.491+0000] {dag.py:3834} INFO - Setting next_dagrun for example_task_group_decorator to 2026-03-22 00:00:00+00:00, run_after=2026-03-23 00:00:00+00:00
[2026-03-23T03:45:28.511+0000] {processor.py:183} INFO - Processing /home/airflow/.local/lib/python3.8/site-packages/airflow/example_dags/example_task_group_decorator.py took 0.081 seconds
[2026-03-23T03:45:58.577+0000] {processor.py:161} INFO - Started process (PID=1018) to work on /home/airflow/.local/lib/python3.8/site-packages/airflow/example_dags/example_task_group_decorator.py
[2026-03-23T03:45:58.578+0000] {processor.py:830} INFO - Processing file /home/airflow/.local/lib/python3.8/site-packages/airflow/example_dags/example_task_group_decorator.py for tasks to queue
[2026-03-23T03:45:58.580+0000] {logging_mixin.py:188} INFO - [2026-03-23T03:45:58.580+0000] {dagbag.py:540} INFO - Filling up the DagBag from /home/airflow/.local/lib/python3.8/site-packages/airflow/example_dags/example_task_group_decorator.py
[2026-03-23T03:45:58.593+0000] {processor.py:840} INFO - DAG(s) 'example_task_group_decorator' retrieved from /home/airflow/.local/lib/python3.8/site-packages/airflow/example_dags/example_task_group_decorator.py
[2026-03-23T03:45:58.618+0000] {logging_mixin.py:188} INFO - [2026-03-23T03:45:58.618+0000] {dag.py:3047} INFO - Sync 1 DAGs
[2026-03-23T03:45:58.642+0000] {logging_mixin.py:188} INFO - [2026-03-23T03:45:58.642+0000] {dag.py:3834} INFO - Setting next_dagrun for example_task_group_decorator to 2026-03-22 00:00:00+00:00, run_after=2026-03-23 00:00:00+00:00
[2026-03-23T03:45:58.667+0000] {processor.py:183} INFO - Processing /home/airflow/.local/lib/python3.8/site-packages/airflow/example_dags/example_task_group_decorator.py took 0.093 seconds
[2026-03-23T03:46:28.870+0000] {processor.py:161} INFO - Started process (PID=1073) to work on /home/airflow/.local/lib/python3.8/site-packages/airflow/example_dags/example_task_group_decorator.py
[2026-03-23T03:46:28.871+0000] {processor.py:830} INFO - Processing file /home/airflow/.local/lib/python3.8/site-packages/airflow/example_dags/example_task_group_decorator.py for tasks to queue
[2026-03-23T03:46:28.872+0000] {logging_mixin.py:188} INFO - [2026-03-23T03:46:28.872+0000] {dagbag.py:540} INFO - Filling up the DagBag from /home/airflow/.local/lib/python3.8/site-packages/airflow/example_dags/example_task_group_decorator.py
[2026-03-23T03:46:28.884+0000] {processor.py:840} INFO - DAG(s) 'example_task_group_decorator' retrieved from /home/airflow/.local/lib/python3.8/site-packages/airflow/example_dags/example_task_group_decorator.py
[2026-03-23T03:46:28.907+0000] {logging_mixin.py:188} INFO - [2026-03-23T03:46:28.907+0000] {dag.py:3047} INFO - Sync 1 DAGs
[2026-03-23T03:46:28.928+0000] {logging_mixin.py:188} INFO - [2026-03-23T03:46:28.928+0000] {dag.py:3834} INFO - Setting next_dagrun for example_task_group_decorator to 2026-03-22 00:00:00+00:00, run_after=2026-03-23 00:00:00+00:00
[2026-03-23T03:46:28.948+0000] {processor.py:183} INFO - Processing /home/airflow/.local/lib/python3.8/site-packages/airflow/example_dags/example_task_group_decorator.py took 0.081 seconds
[2026-03-23T03:46:59.324+0000] {processor.py:161} INFO - Started process (PID=1128) to work on /home/airflow/.local/lib/python3.8/site-packages/airflow/example_dags/example_task_group_decorator.py
[2026-03-23T03:46:59.325+0000] {processor.py:830} INFO - Processing file /home/airflow/.local/lib/python3.8/site-packages/airflow/example_dags/example_task_group_decorator.py for tasks to queue
[2026-03-23T03:46:59.326+0000] {logging_mixin.py:188} INFO - [2026-03-23T03:46:59.326+0000] {dagbag.py:540} INFO - Filling up the DagBag from /home/airflow/.local/lib/python3.8/site-packages/airflow/example_dags/example_task_group_decorator.py
[2026-03-23T03:46:59.339+0000] {processor.py:840} INFO - DAG(s) 'example_task_group_decorator' retrieved from /home/airflow/.local/lib/python3.8/site-packages/airflow/example_dags/example_task_group_decorator.py
[2026-03-23T03:46:59.363+0000] {logging_mixin.py:188} INFO - [2026-03-23T03:46:59.363+0000] {dag.py:3047} INFO - Sync 1 DAGs
[2026-03-23T03:46:59.385+0000] {logging_mixin.py:188} INFO - [2026-03-23T03:46:59.385+0000] {dag.py:3834} INFO - Setting next_dagrun for example_task_group_decorator to 2026-03-22 00:00:00+00:00, run_after=2026-03-23 00:00:00+00:00
[2026-03-23T03:46:59.407+0000] {processor.py:183} INFO - Processing /home/airflow/.local/lib/python3.8/site-packages/airflow/example_dags/example_task_group_decorator.py took 0.086 seconds
[2026-03-23T03:47:29.572+0000] {processor.py:161} INFO - Started process (PID=1183) to work on /home/airflow/.local/lib/python3.8/site-packages/airflow/example_dags/example_task_group_decorator.py
[2026-03-23T03:47:29.573+0000] {processor.py:830} INFO - Processing file /home/airflow/.local/lib/python3.8/site-packages/airflow/example_dags/example_task_group_decorator.py for tasks to queue
[2026-03-23T03:47:29.575+0000] {logging_mixin.py:188} INFO - [2026-03-23T03:47:29.574+0000] {dagbag.py:540} INFO - Filling up the DagBag from /home/airflow/.local/lib/python3.8/site-packages/airflow/example_dags/example_task_group_decorator.py
[2026-03-23T03:47:29.586+0000] {processor.py:840} INFO - DAG(s) 'example_task_group_decorator' retrieved from /home/airflow/.local/lib/python3.8/site-packages/airflow/example_dags/example_task_group_decorator.py
[2026-03-23T03:47:29.611+0000] {logging_mixin.py:188} INFO - [2026-03-23T03:47:29.610+0000] {dag.py:3047} INFO - Sync 1 DAGs
[2026-03-23T03:47:29.631+0000] {logging_mixin.py:188} INFO - [2026-03-23T03:47:29.631+0000] {dag.py:3834} INFO - Setting next_dagrun for example_task_group_decorator to 2026-03-22 00:00:00+00:00, run_after=2026-03-23 00:00:00+00:00
[2026-03-23T03:47:29.652+0000] {processor.py:183} INFO - Processing /home/airflow/.local/lib/python3.8/site-packages/airflow/example_dags/example_task_group_decorator.py took 0.083 seconds
[2026-03-23T03:47:59.840+0000] {processor.py:161} INFO - Started process (PID=1238) to work on /home/airflow/.local/lib/python3.8/site-packages/airflow/example_dags/example_task_group_decorator.py
[2026-03-23T03:47:59.842+0000] {processor.py:830} INFO - Processing file /home/airflow/.local/lib/python3.8/site-packages/airflow/example_dags/example_task_group_decorator.py for tasks to queue
[2026-03-23T03:47:59.844+0000] {logging_mixin.py:188} INFO - [2026-03-23T03:47:59.843+0000] {dagbag.py:540} INFO - Filling up the DagBag from /home/airflow/.local/lib/python3.8/site-packages/airflow/example_dags/example_task_group_decorator.py
[2026-03-23T03:47:59.858+0000] {processor.py:840} INFO - DAG(s) 'example_task_group_decorator' retrieved from /home/airflow/.local/lib/python3.8/site-packages/airflow/example_dags/example_task_group_decorator.py
[2026-03-23T03:47:59.884+0000] {logging_mixin.py:188} INFO - [2026-03-23T03:47:59.884+0000] {dag.py:3047} INFO - Sync 1 DAGs
[2026-03-23T03:47:59.908+0000] {logging_mixin.py:188} INFO - [2026-03-23T03:47:59.908+0000] {dag.py:3834} INFO - Setting next_dagrun for example_task_group_decorator to 2026-03-22 00:00:00+00:00, run_after=2026-03-23 00:00:00+00:00
[2026-03-23T03:47:59.930+0000] {processor.py:183} INFO - Processing /home/airflow/.local/lib/python3.8/site-packages/airflow/example_dags/example_task_group_decorator.py took 0.093 seconds
[2026-03-23T03:48:30.276+0000] {processor.py:161} INFO - Started process (PID=1293) to work on /home/airflow/.local/lib/python3.8/site-packages/airflow/example_dags/example_task_group_decorator.py
[2026-03-23T03:48:30.278+0000] {processor.py:830} INFO - Processing file /home/airflow/.local/lib/python3.8/site-packages/airflow/example_dags/example_task_group_decorator.py for tasks to queue
[2026-03-23T03:48:30.281+0000] {logging_mixin.py:188} INFO - [2026-03-23T03:48:30.280+0000] {dagbag.py:540} INFO - Filling up the DagBag from /home/airflow/.local/lib/python3.8/site-packages/airflow/example_dags/example_task_group_decorator.py
[2026-03-23T03:48:30.301+0000] {processor.py:840} INFO - DAG(s) 'example_task_group_decorator' retrieved from /home/airflow/.local/lib/python3.8/site-packages/airflow/example_dags/example_task_group_decorator.py
[2026-03-23T03:48:30.335+0000] {logging_mixin.py:188} INFO - [2026-03-23T03:48:30.335+0000] {dag.py:3047} INFO - Sync 1 DAGs
[2026-03-23T03:48:30.366+0000] {logging_mixin.py:188} INFO - [2026-03-23T03:48:30.365+0000] {dag.py:3834} INFO - Setting next_dagrun for example_task_group_decorator to 2026-03-22 00:00:00+00:00, run_after=2026-03-23 00:00:00+00:00
[2026-03-23T03:48:30.394+0000] {processor.py:183} INFO - Processing /home/airflow/.local/lib/python3.8/site-packages/airflow/example_dags/example_task_group_decorator.py took 0.121 seconds
[2026-03-23T03:49:00.684+0000] {processor.py:161} INFO - Started process (PID=1348) to work on /home/airflow/.local/lib/python3.8/site-packages/airflow/example_dags/example_task_group_decorator.py
[2026-03-23T03:49:00.685+0000] {processor.py:830} INFO - Processing file /home/airflow/.local/lib/python3.8/site-packages/airflow/example_dags/example_task_group_decorator.py for tasks to queue
[2026-03-23T03:49:00.688+0000] {logging_mixin.py:188} INFO - [2026-03-23T03:49:00.688+0000] {dagbag.py:540} INFO - Filling up the DagBag from /home/airflow/.local/lib/python3.8/site-packages/airflow/example_dags/example_task_group_decorator.py
[2026-03-23T03:49:00.711+0000] {processor.py:840} INFO - DAG(s) 'example_task_group_decorator' retrieved from /home/airflow/.local/lib/python3.8/site-packages/airflow/example_dags/example_task_group_decorator.py
[2026-03-23T03:49:00.746+0000] {logging_mixin.py:188} INFO - [2026-03-23T03:49:00.745+0000] {dag.py:3047} INFO - Sync 1 DAGs
[2026-03-23T03:49:00.776+0000] {logging_mixin.py:188} INFO - [2026-03-23T03:49:00.776+0000] {dag.py:3834} INFO - Setting next_dagrun for example_task_group_decorator to 2026-03-22 00:00:00+00:00, run_after=2026-03-23 00:00:00+00:00
[2026-03-23T03:49:00.803+0000] {processor.py:183} INFO - Processing /home/airflow/.local/lib/python3.8/site-packages/airflow/example_dags/example_task_group_decorator.py took 0.125 seconds
[2026-03-23T03:49:30.950+0000] {processor.py:161} INFO - Started process (PID=1403) to work on /home/airflow/.local/lib/python3.8/site-packages/airflow/example_dags/example_task_group_decorator.py
[2026-03-23T03:49:30.951+0000] {processor.py:830} INFO - Processing file /home/airflow/.local/lib/python3.8/site-packages/airflow/example_dags/example_task_group_decorator.py for tasks to queue
[2026-03-23T03:49:30.953+0000] {logging_mixin.py:188} INFO - [2026-03-23T03:49:30.953+0000] {dagbag.py:540} INFO - Filling up the DagBag from /home/airflow/.local/lib/python3.8/site-packages/airflow/example_dags/example_task_group_decorator.py
[2026-03-23T03:49:30.966+0000] {processor.py:840} INFO - DAG(s) 'example_task_group_decorator' retrieved from /home/airflow/.local/lib/python3.8/site-packages/airflow/example_dags/example_task_group_decorator.py
[2026-03-23T03:49:30.993+0000] {logging_mixin.py:188} INFO - [2026-03-23T03:49:30.992+0000] {dag.py:3047} INFO - Sync 1 DAGs
[2026-03-23T03:49:31.015+0000] {logging_mixin.py:188} INFO - [2026-03-23T03:49:31.015+0000] {dag.py:3834} INFO - Setting next_dagrun for example_task_group_decorator to 2026-03-22 00:00:00+00:00, run_after=2026-03-23 00:00:00+00:00
[2026-03-23T03:49:31.041+0000] {processor.py:183} INFO - Processing /home/airflow/.local/lib/python3.8/site-packages/airflow/example_dags/example_task_group_decorator.py took 0.094 seconds
[2026-03-23T03:50:47.516+0000] {processor.py:161} INFO - Started process (PID=83) to work on /home/airflow/.local/lib/python3.8/site-packages/airflow/example_dags/example_task_group_decorator.py
[2026-03-23T03:50:47.518+0000] {processor.py:830} INFO - Processing file /home/airflow/.local/lib/python3.8/site-packages/airflow/example_dags/example_task_group_decorator.py for tasks to queue
[2026-03-23T03:50:47.522+0000] {logging_mixin.py:188} INFO - [2026-03-23T03:50:47.521+0000] {dagbag.py:540} INFO - Filling up the DagBag from /home/airflow/.local/lib/python3.8/site-packages/airflow/example_dags/example_task_group_decorator.py
[2026-03-23T03:50:47.550+0000] {processor.py:840} INFO - DAG(s) 'example_task_group_decorator' retrieved from /home/airflow/.local/lib/python3.8/site-packages/airflow/example_dags/example_task_group_decorator.py
[2026-03-23T03:50:47.569+0000] {logging_mixin.py:188} INFO - [2026-03-23T03:50:47.568+0000] {dag.py:3047} INFO - Sync 1 DAGs
[2026-03-23T03:50:47.612+0000] {logging_mixin.py:188} INFO - [2026-03-23T03:50:47.612+0000] {dag.py:3834} INFO - Setting next_dagrun for example_task_group_decorator to 2026-03-22 00:00:00+00:00, run_after=2026-03-23 00:00:00+00:00
[2026-03-23T03:50:47.652+0000] {processor.py:183} INFO - Processing /home/airflow/.local/lib/python3.8/site-packages/airflow/example_dags/example_task_group_decorator.py took 0.141 seconds
[2026-03-23T03:51:19.070+0000] {processor.py:161} INFO - Started process (PID=138) to work on /home/airflow/.local/lib/python3.8/site-packages/airflow/example_dags/example_task_group_decorator.py
[2026-03-23T03:51:19.072+0000] {processor.py:830} INFO - Processing file /home/airflow/.local/lib/python3.8/site-packages/airflow/example_dags/example_task_group_decorator.py for tasks to queue
[2026-03-23T03:51:19.075+0000] {logging_mixin.py:188} INFO - [2026-03-23T03:51:19.074+0000] {dagbag.py:540} INFO - Filling up the DagBag from /home/airflow/.local/lib/python3.8/site-packages/airflow/example_dags/example_task_group_decorator.py
[2026-03-23T03:51:19.093+0000] {processor.py:840} INFO - DAG(s) 'example_task_group_decorator' retrieved from /home/airflow/.local/lib/python3.8/site-packages/airflow/example_dags/example_task_group_decorator.py
[2026-03-23T03:51:19.218+0000] {logging_mixin.py:188} INFO - [2026-03-23T03:51:19.217+0000] {dag.py:3047} INFO - Sync 1 DAGs
[2026-03-23T03:51:19.241+0000] {logging_mixin.py:188} INFO - [2026-03-23T03:51:19.240+0000] {dag.py:3834} INFO - Setting next_dagrun for example_task_group_decorator to 2026-03-22 00:00:00+00:00, run_after=2026-03-23 00:00:00+00:00
[2026-03-23T03:51:19.266+0000] {processor.py:183} INFO - Processing /home/airflow/.local/lib/python3.8/site-packages/airflow/example_dags/example_task_group_decorator.py took 0.199 seconds
[2026-03-23T03:51:49.356+0000] {processor.py:161} INFO - Started process (PID=193) to work on /home/airflow/.local/lib/python3.8/site-packages/airflow/example_dags/example_task_group_decorator.py
[2026-03-23T03:51:49.357+0000] {processor.py:830} INFO - Processing file /home/airflow/.local/lib/python3.8/site-packages/airflow/example_dags/example_task_group_decorator.py for tasks to queue
[2026-03-23T03:51:49.359+0000] {logging_mixin.py:188} INFO - [2026-03-23T03:51:49.359+0000] {dagbag.py:540} INFO - Filling up the DagBag from /home/airflow/.local/lib/python3.8/site-packages/airflow/example_dags/example_task_group_decorator.py
[2026-03-23T03:51:49.375+0000] {processor.py:840} INFO - DAG(s) 'example_task_group_decorator' retrieved from /home/airflow/.local/lib/python3.8/site-packages/airflow/example_dags/example_task_group_decorator.py
[2026-03-23T03:51:49.408+0000] {logging_mixin.py:188} INFO - [2026-03-23T03:51:49.408+0000] {dag.py:3047} INFO - Sync 1 DAGs
[2026-03-23T03:51:49.438+0000] {logging_mixin.py:188} INFO - [2026-03-23T03:51:49.437+0000] {dag.py:3834} INFO - Setting next_dagrun for example_task_group_decorator to 2026-03-22 00:00:00+00:00, run_after=2026-03-23 00:00:00+00:00
[2026-03-23T03:51:49.465+0000] {processor.py:183} INFO - Processing /home/airflow/.local/lib/python3.8/site-packages/airflow/example_dags/example_task_group_decorator.py took 0.113 seconds
[2026-03-23T03:52:19.723+0000] {processor.py:161} INFO - Started process (PID=248) to work on /home/airflow/.local/lib/python3.8/site-packages/airflow/example_dags/example_task_group_decorator.py
[2026-03-23T03:52:19.724+0000] {processor.py:830} INFO - Processing file /home/airflow/.local/lib/python3.8/site-packages/airflow/example_dags/example_task_group_decorator.py for tasks to queue
[2026-03-23T03:52:19.726+0000] {logging_mixin.py:188} INFO - [2026-03-23T03:52:19.726+0000] {dagbag.py:540} INFO - Filling up the DagBag from /home/airflow/.local/lib/python3.8/site-packages/airflow/example_dags/example_task_group_decorator.py
[2026-03-23T03:52:19.740+0000] {processor.py:840} INFO - DAG(s) 'example_task_group_decorator' retrieved from /home/airflow/.local/lib/python3.8/site-packages/airflow/example_dags/example_task_group_decorator.py
[2026-03-23T03:52:19.772+0000] {logging_mixin.py:188} INFO - [2026-03-23T03:52:19.772+0000] {dag.py:3047} INFO - Sync 1 DAGs
[2026-03-23T03:52:19.800+0000] {logging_mixin.py:188} INFO - [2026-03-23T03:52:19.800+0000] {dag.py:3834} INFO - Setting next_dagrun for example_task_group_decorator to 2026-03-22 00:00:00+00:00, run_after=2026-03-23 00:00:00+00:00
[2026-03-23T03:52:19.826+0000] {processor.py:183} INFO - Processing /home/airflow/.local/lib/python3.8/site-packages/airflow/example_dags/example_task_group_decorator.py took 0.106 seconds
[2026-03-23T03:52:50.685+0000] {processor.py:161} INFO - Started process (PID=303) to work on /home/airflow/.local/lib/python3.8/site-packages/airflow/example_dags/example_task_group_decorator.py
[2026-03-23T03:52:50.687+0000] {processor.py:830} INFO - Processing file /home/airflow/.local/lib/python3.8/site-packages/airflow/example_dags/example_task_group_decorator.py for tasks to queue
[2026-03-23T03:52:50.688+0000] {logging_mixin.py:188} INFO - [2026-03-23T03:52:50.688+0000] {dagbag.py:540} INFO - Filling up the DagBag from /home/airflow/.local/lib/python3.8/site-packages/airflow/example_dags/example_task_group_decorator.py
[2026-03-23T03:52:50.701+0000] {processor.py:840} INFO - DAG(s) 'example_task_group_decorator' retrieved from /home/airflow/.local/lib/python3.8/site-packages/airflow/example_dags/example_task_group_decorator.py
[2026-03-23T03:52:50.724+0000] {logging_mixin.py:188} INFO - [2026-03-23T03:52:50.724+0000] {dag.py:3047} INFO - Sync 1 DAGs
[2026-03-23T03:52:50.746+0000] {logging_mixin.py:188} INFO - [2026-03-23T03:52:50.745+0000] {dag.py:3834} INFO - Setting next_dagrun for example_task_group_decorator to 2026-03-22 00:00:00+00:00, run_after=2026-03-23 00:00:00+00:00
[2026-03-23T03:52:50.765+0000] {processor.py:183} INFO - Processing /home/airflow/.local/lib/python3.8/site-packages/airflow/example_dags/example_task_group_decorator.py took 0.082 seconds
[2026-03-23T03:53:21.322+0000] {processor.py:161} INFO - Started process (PID=358) to work on /home/airflow/.local/lib/python3.8/site-packages/airflow/example_dags/example_task_group_decorator.py
[2026-03-23T03:53:21.324+0000] {processor.py:830} INFO - Processing file /home/airflow/.local/lib/python3.8/site-packages/airflow/example_dags/example_task_group_decorator.py for tasks to queue
[2026-03-23T03:53:21.327+0000] {logging_mixin.py:188} INFO - [2026-03-23T03:53:21.326+0000] {dagbag.py:540} INFO - Filling up the DagBag from /home/airflow/.local/lib/python3.8/site-packages/airflow/example_dags/example_task_group_decorator.py
[2026-03-23T03:53:21.352+0000] {processor.py:840} INFO - DAG(s) 'example_task_group_decorator' retrieved from /home/airflow/.local/lib/python3.8/site-packages/airflow/example_dags/example_task_group_decorator.py
[2026-03-23T03:53:21.390+0000] {logging_mixin.py:188} INFO - [2026-03-23T03:53:21.389+0000] {dag.py:3047} INFO - Sync 1 DAGs
[2026-03-23T03:53:21.419+0000] {logging_mixin.py:188} INFO - [2026-03-23T03:53:21.419+0000] {dag.py:3834} INFO - Setting next_dagrun for example_task_group_decorator to 2026-03-22 00:00:00+00:00, run_after=2026-03-23 00:00:00+00:00
[2026-03-23T03:53:21.446+0000] {processor.py:183} INFO - Processing /home/airflow/.local/lib/python3.8/site-packages/airflow/example_dags/example_task_group_decorator.py took 0.129 seconds
[2026-03-23T03:53:51.653+0000] {processor.py:161} INFO - Started process (PID=413) to work on /home/airflow/.local/lib/python3.8/site-packages/airflow/example_dags/example_task_group_decorator.py
[2026-03-23T03:53:51.655+0000] {processor.py:830} INFO - Processing file /home/airflow/.local/lib/python3.8/site-packages/airflow/example_dags/example_task_group_decorator.py for tasks to queue
[2026-03-23T03:53:51.658+0000] {logging_mixin.py:188} INFO - [2026-03-23T03:53:51.658+0000] {dagbag.py:540} INFO - Filling up the DagBag from /home/airflow/.local/lib/python3.8/site-packages/airflow/example_dags/example_task_group_decorator.py
[2026-03-23T03:53:51.686+0000] {processor.py:840} INFO - DAG(s) 'example_task_group_decorator' retrieved from /home/airflow/.local/lib/python3.8/site-packages/airflow/example_dags/example_task_group_decorator.py
[2026-03-23T03:53:51.741+0000] {logging_mixin.py:188} INFO - [2026-03-23T03:53:51.740+0000] {dag.py:3047} INFO - Sync 1 DAGs
[2026-03-23T03:53:51.782+0000] {logging_mixin.py:188} INFO - [2026-03-23T03:53:51.782+0000] {dag.py:3834} INFO - Setting next_dagrun for example_task_group_decorator to 2026-03-22 00:00:00+00:00, run_after=2026-03-23 00:00:00+00:00
[2026-03-23T03:53:51.812+0000] {processor.py:183} INFO - Processing /home/airflow/.local/lib/python3.8/site-packages/airflow/example_dags/example_task_group_decorator.py took 0.165 seconds
[2026-03-23T03:54:22.026+0000] {processor.py:161} INFO - Started process (PID=468) to work on /home/airflow/.local/lib/python3.8/site-packages/airflow/example_dags/example_task_group_decorator.py
[2026-03-23T03:54:22.027+0000] {processor.py:830} INFO - Processing file /home/airflow/.local/lib/python3.8/site-packages/airflow/example_dags/example_task_group_decorator.py for tasks to queue
[2026-03-23T03:54:22.029+0000] {logging_mixin.py:188} INFO - [2026-03-23T03:54:22.029+0000] {dagbag.py:540} INFO - Filling up the DagBag from /home/airflow/.local/lib/python3.8/site-packages/airflow/example_dags/example_task_group_decorator.py
[2026-03-23T03:54:22.046+0000] {processor.py:840} INFO - DAG(s) 'example_task_group_decorator' retrieved from /home/airflow/.local/lib/python3.8/site-packages/airflow/example_dags/example_task_group_decorator.py
[2026-03-23T03:54:22.074+0000] {logging_mixin.py:188} INFO - [2026-03-23T03:54:22.073+0000] {dag.py:3047} INFO - Sync 1 DAGs
[2026-03-23T03:54:22.096+0000] {logging_mixin.py:188} INFO - [2026-03-23T03:54:22.096+0000] {dag.py:3834} INFO - Setting next_dagrun for example_task_group_decorator to 2026-03-22 00:00:00+00:00, run_after=2026-03-23 00:00:00+00:00
[2026-03-23T03:54:22.123+0000] {processor.py:183} INFO - Processing /home/airflow/.local/lib/python3.8/site-packages/airflow/example_dags/example_task_group_decorator.py took 0.100 seconds
[2026-03-23T03:54:52.577+0000] {processor.py:161} INFO - Started process (PID=523) to work on /home/airflow/.local/lib/python3.8/site-packages/airflow/example_dags/example_task_group_decorator.py
[2026-03-23T03:54:52.579+0000] {processor.py:830} INFO - Processing file /home/airflow/.local/lib/python3.8/site-packages/airflow/example_dags/example_task_group_decorator.py for tasks to queue
[2026-03-23T03:54:52.581+0000] {logging_mixin.py:188} INFO - [2026-03-23T03:54:52.581+0000] {dagbag.py:540} INFO - Filling up the DagBag from /home/airflow/.local/lib/python3.8/site-packages/airflow/example_dags/example_task_group_decorator.py
[2026-03-23T03:54:52.598+0000] {processor.py:840} INFO - DAG(s) 'example_task_group_decorator' retrieved from /home/airflow/.local/lib/python3.8/site-packages/airflow/example_dags/example_task_group_decorator.py
[2026-03-23T03:54:52.630+0000] {logging_mixin.py:188} INFO - [2026-03-23T03:54:52.629+0000] {dag.py:3047} INFO - Sync 1 DAGs
[2026-03-23T03:54:52.659+0000] {logging_mixin.py:188} INFO - [2026-03-23T03:54:52.658+0000] {dag.py:3834} INFO - Setting next_dagrun for example_task_group_decorator to 2026-03-22 00:00:00+00:00, run_after=2026-03-23 00:00:00+00:00
[2026-03-23T03:54:52.688+0000] {processor.py:183} INFO - Processing /home/airflow/.local/lib/python3.8/site-packages/airflow/example_dags/example_task_group_decorator.py took 0.115 seconds
[2026-03-23T03:55:22.771+0000] {processor.py:161} INFO - Started process (PID=578) to work on /home/airflow/.local/lib/python3.8/site-packages/airflow/example_dags/example_task_group_decorator.py
[2026-03-23T03:55:22.773+0000] {processor.py:830} INFO - Processing file /home/airflow/.local/lib/python3.8/site-packages/airflow/example_dags/example_task_group_decorator.py for tasks to queue
[2026-03-23T03:55:22.776+0000] {logging_mixin.py:188} INFO - [2026-03-23T03:55:22.775+0000] {dagbag.py:540} INFO - Filling up the DagBag from /home/airflow/.local/lib/python3.8/site-packages/airflow/example_dags/example_task_group_decorator.py
[2026-03-23T03:55:22.788+0000] {processor.py:840} INFO - DAG(s) 'example_task_group_decorator' retrieved from /home/airflow/.local/lib/python3.8/site-packages/airflow/example_dags/example_task_group_decorator.py
[2026-03-23T03:55:22.815+0000] {logging_mixin.py:188} INFO - [2026-03-23T03:55:22.814+0000] {dag.py:3047} INFO - Sync 1 DAGs
[2026-03-23T03:55:22.837+0000] {logging_mixin.py:188} INFO - [2026-03-23T03:55:22.837+0000] {dag.py:3834} INFO - Setting next_dagrun for example_task_group_decorator to 2026-03-22 00:00:00+00:00, run_after=2026-03-23 00:00:00+00:00
[2026-03-23T03:55:22.860+0000] {processor.py:183} INFO - Processing /home/airflow/.local/lib/python3.8/site-packages/airflow/example_dags/example_task_group_decorator.py took 0.092 seconds
[2026-03-23T03:55:53.105+0000] {processor.py:161} INFO - Started process (PID=633) to work on /home/airflow/.local/lib/python3.8/site-packages/airflow/example_dags/example_task_group_decorator.py
[2026-03-23T03:55:53.106+0000] {processor.py:830} INFO - Processing file /home/airflow/.local/lib/python3.8/site-packages/airflow/example_dags/example_task_group_decorator.py for tasks to queue
[2026-03-23T03:55:53.108+0000] {logging_mixin.py:188} INFO - [2026-03-23T03:55:53.108+0000] {dagbag.py:540} INFO - Filling up the DagBag from /home/airflow/.local/lib/python3.8/site-packages/airflow/example_dags/example_task_group_decorator.py
[2026-03-23T03:55:53.119+0000] {processor.py:840} INFO - DAG(s) 'example_task_group_decorator' retrieved from /home/airflow/.local/lib/python3.8/site-packages/airflow/example_dags/example_task_group_decorator.py
[2026-03-23T03:55:53.143+0000] {logging_mixin.py:188} INFO - [2026-03-23T03:55:53.142+0000] {dag.py:3047} INFO - Sync 1 DAGs
[2026-03-23T03:55:53.163+0000] {logging_mixin.py:188} INFO - [2026-03-23T03:55:53.162+0000] {dag.py:3834} INFO - Setting next_dagrun for example_task_group_decorator to 2026-03-22 00:00:00+00:00, run_after=2026-03-23 00:00:00+00:00
[2026-03-23T03:55:53.182+0000] {processor.py:183} INFO - Processing /home/airflow/.local/lib/python3.8/site-packages/airflow/example_dags/example_task_group_decorator.py took 0.080 seconds
[2026-03-23T03:56:23.378+0000] {processor.py:161} INFO - Started process (PID=688) to work on /home/airflow/.local/lib/python3.8/site-packages/airflow/example_dags/example_task_group_decorator.py
[2026-03-23T03:56:23.380+0000] {processor.py:830} INFO - Processing file /home/airflow/.local/lib/python3.8/site-packages/airflow/example_dags/example_task_group_decorator.py for tasks to queue
[2026-03-23T03:56:23.381+0000] {logging_mixin.py:188} INFO - [2026-03-23T03:56:23.381+0000] {dagbag.py:540} INFO - Filling up the DagBag from /home/airflow/.local/lib/python3.8/site-packages/airflow/example_dags/example_task_group_decorator.py
[2026-03-23T03:56:23.396+0000] {processor.py:840} INFO - DAG(s) 'example_task_group_decorator' retrieved from /home/airflow/.local/lib/python3.8/site-packages/airflow/example_dags/example_task_group_decorator.py
[2026-03-23T03:56:23.424+0000] {logging_mixin.py:188} INFO - [2026-03-23T03:56:23.424+0000] {dag.py:3047} INFO - Sync 1 DAGs
[2026-03-23T03:56:23.448+0000] {logging_mixin.py:188} INFO - [2026-03-23T03:56:23.448+0000] {dag.py:3834} INFO - Setting next_dagrun for example_task_group_decorator to 2026-03-22 00:00:00+00:00, run_after=2026-03-23 00:00:00+00:00
[2026-03-23T03:56:23.469+0000] {processor.py:183} INFO - Processing /home/airflow/.local/lib/python3.8/site-packages/airflow/example_dags/example_task_group_decorator.py took 0.094 seconds
