[2026-03-23T03:21:16.233+0000] {processor.py:161} INFO - Started process (PID=96) to work on /home/airflow/.local/lib/python3.8/site-packages/airflow/example_dags/example_sla_dag.py
[2026-03-23T03:21:16.234+0000] {processor.py:830} INFO - Processing file /home/airflow/.local/lib/python3.8/site-packages/airflow/example_dags/example_sla_dag.py for tasks to queue
[2026-03-23T03:21:16.237+0000] {logging_mixin.py:188} INFO - [2026-03-23T03:21:16.236+0000] {dagbag.py:540} INFO - Filling up the DagBag from /home/airflow/.local/lib/python3.8/site-packages/airflow/example_dags/example_sla_dag.py
[2026-03-23T03:21:16.251+0000] {processor.py:840} INFO - DAG(s) 'example_sla_dag' retrieved from /home/airflow/.local/lib/python3.8/site-packages/airflow/example_dags/example_sla_dag.py
[2026-03-23T03:21:16.270+0000] {logging_mixin.py:188} INFO - [2026-03-23T03:21:16.269+0000] {dag.py:3047} INFO - Sync 1 DAGs
[2026-03-23T03:21:16.307+0000] {logging_mixin.py:188} INFO - [2026-03-23T03:21:16.306+0000] {dag.py:3834} INFO - Setting next_dagrun for example_sla_dag to 2026-03-23 03:18:00+00:00, run_after=2026-03-23 03:20:00+00:00
[2026-03-23T03:21:16.335+0000] {processor.py:183} INFO - Processing /home/airflow/.local/lib/python3.8/site-packages/airflow/example_dags/example_sla_dag.py took 0.107 seconds
[2026-03-23T03:21:47.043+0000] {processor.py:161} INFO - Started process (PID=151) to work on /home/airflow/.local/lib/python3.8/site-packages/airflow/example_dags/example_sla_dag.py
[2026-03-23T03:21:47.044+0000] {processor.py:830} INFO - Processing file /home/airflow/.local/lib/python3.8/site-packages/airflow/example_dags/example_sla_dag.py for tasks to queue
[2026-03-23T03:21:47.045+0000] {logging_mixin.py:188} INFO - [2026-03-23T03:21:47.045+0000] {dagbag.py:540} INFO - Filling up the DagBag from /home/airflow/.local/lib/python3.8/site-packages/airflow/example_dags/example_sla_dag.py
[2026-03-23T03:21:47.053+0000] {processor.py:840} INFO - DAG(s) 'example_sla_dag' retrieved from /home/airflow/.local/lib/python3.8/site-packages/airflow/example_dags/example_sla_dag.py
[2026-03-23T03:21:47.064+0000] {logging_mixin.py:188} INFO - [2026-03-23T03:21:47.064+0000] {dag.py:3047} INFO - Sync 1 DAGs
[2026-03-23T03:21:47.089+0000] {logging_mixin.py:188} INFO - [2026-03-23T03:21:47.089+0000] {dag.py:3834} INFO - Setting next_dagrun for example_sla_dag to 2026-03-23 03:18:00+00:00, run_after=2026-03-23 03:20:00+00:00
[2026-03-23T03:21:47.108+0000] {processor.py:183} INFO - Processing /home/airflow/.local/lib/python3.8/site-packages/airflow/example_dags/example_sla_dag.py took 0.068 seconds
[2026-03-23T03:22:18.473+0000] {processor.py:161} INFO - Started process (PID=212) to work on /home/airflow/.local/lib/python3.8/site-packages/airflow/example_dags/example_sla_dag.py
[2026-03-23T03:22:18.475+0000] {processor.py:830} INFO - Processing file /home/airflow/.local/lib/python3.8/site-packages/airflow/example_dags/example_sla_dag.py for tasks to queue
[2026-03-23T03:22:18.476+0000] {logging_mixin.py:188} INFO - [2026-03-23T03:22:18.476+0000] {dagbag.py:540} INFO - Filling up the DagBag from /home/airflow/.local/lib/python3.8/site-packages/airflow/example_dags/example_sla_dag.py
[2026-03-23T03:22:18.485+0000] {processor.py:840} INFO - DAG(s) 'example_sla_dag' retrieved from /home/airflow/.local/lib/python3.8/site-packages/airflow/example_dags/example_sla_dag.py
[2026-03-23T03:22:18.573+0000] {logging_mixin.py:188} INFO - [2026-03-23T03:22:18.573+0000] {dag.py:3047} INFO - Sync 1 DAGs
[2026-03-23T03:22:18.597+0000] {logging_mixin.py:188} INFO - [2026-03-23T03:22:18.597+0000] {dag.py:3834} INFO - Setting next_dagrun for example_sla_dag to 2026-03-23 03:20:00+00:00, run_after=2026-03-23 03:22:00+00:00
[2026-03-23T03:22:18.622+0000] {processor.py:183} INFO - Processing /home/airflow/.local/lib/python3.8/site-packages/airflow/example_dags/example_sla_dag.py took 0.152 seconds
[2026-03-23T03:22:48.758+0000] {processor.py:161} INFO - Started process (PID=267) to work on /home/airflow/.local/lib/python3.8/site-packages/airflow/example_dags/example_sla_dag.py
[2026-03-23T03:22:48.759+0000] {processor.py:830} INFO - Processing file /home/airflow/.local/lib/python3.8/site-packages/airflow/example_dags/example_sla_dag.py for tasks to queue
[2026-03-23T03:22:48.760+0000] {logging_mixin.py:188} INFO - [2026-03-23T03:22:48.760+0000] {dagbag.py:540} INFO - Filling up the DagBag from /home/airflow/.local/lib/python3.8/site-packages/airflow/example_dags/example_sla_dag.py
[2026-03-23T03:22:48.767+0000] {processor.py:840} INFO - DAG(s) 'example_sla_dag' retrieved from /home/airflow/.local/lib/python3.8/site-packages/airflow/example_dags/example_sla_dag.py
[2026-03-23T03:22:48.785+0000] {logging_mixin.py:188} INFO - [2026-03-23T03:22:48.784+0000] {dag.py:3047} INFO - Sync 1 DAGs
[2026-03-23T03:22:48.810+0000] {logging_mixin.py:188} INFO - [2026-03-23T03:22:48.810+0000] {dag.py:3834} INFO - Setting next_dagrun for example_sla_dag to 2026-03-23 03:20:00+00:00, run_after=2026-03-23 03:22:00+00:00
[2026-03-23T03:22:48.836+0000] {processor.py:183} INFO - Processing /home/airflow/.local/lib/python3.8/site-packages/airflow/example_dags/example_sla_dag.py took 0.081 seconds
[2026-03-23T03:23:19.785+0000] {processor.py:161} INFO - Started process (PID=322) to work on /home/airflow/.local/lib/python3.8/site-packages/airflow/example_dags/example_sla_dag.py
[2026-03-23T03:23:19.786+0000] {processor.py:830} INFO - Processing file /home/airflow/.local/lib/python3.8/site-packages/airflow/example_dags/example_sla_dag.py for tasks to queue
[2026-03-23T03:23:19.788+0000] {logging_mixin.py:188} INFO - [2026-03-23T03:23:19.788+0000] {dagbag.py:540} INFO - Filling up the DagBag from /home/airflow/.local/lib/python3.8/site-packages/airflow/example_dags/example_sla_dag.py
[2026-03-23T03:23:19.796+0000] {processor.py:840} INFO - DAG(s) 'example_sla_dag' retrieved from /home/airflow/.local/lib/python3.8/site-packages/airflow/example_dags/example_sla_dag.py
[2026-03-23T03:23:19.815+0000] {logging_mixin.py:188} INFO - [2026-03-23T03:23:19.815+0000] {dag.py:3047} INFO - Sync 1 DAGs
[2026-03-23T03:23:19.839+0000] {logging_mixin.py:188} INFO - [2026-03-23T03:23:19.839+0000] {dag.py:3834} INFO - Setting next_dagrun for example_sla_dag to 2026-03-23 03:20:00+00:00, run_after=2026-03-23 03:22:00+00:00
[2026-03-23T03:23:19.862+0000] {processor.py:183} INFO - Processing /home/airflow/.local/lib/python3.8/site-packages/airflow/example_dags/example_sla_dag.py took 0.079 seconds
[2026-03-23T03:25:10.533+0000] {processor.py:161} INFO - Started process (PID=96) to work on /home/airflow/.local/lib/python3.8/site-packages/airflow/example_dags/example_sla_dag.py
[2026-03-23T03:25:10.536+0000] {processor.py:830} INFO - Processing file /home/airflow/.local/lib/python3.8/site-packages/airflow/example_dags/example_sla_dag.py for tasks to queue
[2026-03-23T03:25:10.540+0000] {logging_mixin.py:188} INFO - [2026-03-23T03:25:10.539+0000] {dagbag.py:540} INFO - Filling up the DagBag from /home/airflow/.local/lib/python3.8/site-packages/airflow/example_dags/example_sla_dag.py
[2026-03-23T03:25:10.557+0000] {processor.py:840} INFO - DAG(s) 'example_sla_dag' retrieved from /home/airflow/.local/lib/python3.8/site-packages/airflow/example_dags/example_sla_dag.py
[2026-03-23T03:25:10.578+0000] {logging_mixin.py:188} INFO - [2026-03-23T03:25:10.577+0000] {dag.py:3047} INFO - Sync 1 DAGs
[2026-03-23T03:25:10.621+0000] {logging_mixin.py:188} INFO - [2026-03-23T03:25:10.620+0000] {dag.py:3834} INFO - Setting next_dagrun for example_sla_dag to 2026-03-23 03:22:00+00:00, run_after=2026-03-23 03:24:00+00:00
[2026-03-23T03:25:10.652+0000] {processor.py:183} INFO - Processing /home/airflow/.local/lib/python3.8/site-packages/airflow/example_dags/example_sla_dag.py took 0.123 seconds
[2026-03-23T03:25:42.717+0000] {processor.py:161} INFO - Started process (PID=157) to work on /home/airflow/.local/lib/python3.8/site-packages/airflow/example_dags/example_sla_dag.py
[2026-03-23T03:25:42.719+0000] {processor.py:830} INFO - Processing file /home/airflow/.local/lib/python3.8/site-packages/airflow/example_dags/example_sla_dag.py for tasks to queue
[2026-03-23T03:25:42.722+0000] {logging_mixin.py:188} INFO - [2026-03-23T03:25:42.721+0000] {dagbag.py:540} INFO - Filling up the DagBag from /home/airflow/.local/lib/python3.8/site-packages/airflow/example_dags/example_sla_dag.py
[2026-03-23T03:25:42.731+0000] {processor.py:840} INFO - DAG(s) 'example_sla_dag' retrieved from /home/airflow/.local/lib/python3.8/site-packages/airflow/example_dags/example_sla_dag.py
[2026-03-23T03:25:42.863+0000] {logging_mixin.py:188} INFO - [2026-03-23T03:25:42.862+0000] {dag.py:3047} INFO - Sync 1 DAGs
[2026-03-23T03:25:42.889+0000] {logging_mixin.py:188} INFO - [2026-03-23T03:25:42.888+0000] {dag.py:3834} INFO - Setting next_dagrun for example_sla_dag to 2026-03-23 03:22:00+00:00, run_after=2026-03-23 03:24:00+00:00
[2026-03-23T03:25:42.917+0000] {processor.py:183} INFO - Processing /home/airflow/.local/lib/python3.8/site-packages/airflow/example_dags/example_sla_dag.py took 0.203 seconds
[2026-03-23T03:26:13.269+0000] {processor.py:161} INFO - Started process (PID=212) to work on /home/airflow/.local/lib/python3.8/site-packages/airflow/example_dags/example_sla_dag.py
[2026-03-23T03:26:13.270+0000] {processor.py:830} INFO - Processing file /home/airflow/.local/lib/python3.8/site-packages/airflow/example_dags/example_sla_dag.py for tasks to queue
[2026-03-23T03:26:13.272+0000] {logging_mixin.py:188} INFO - [2026-03-23T03:26:13.272+0000] {dagbag.py:540} INFO - Filling up the DagBag from /home/airflow/.local/lib/python3.8/site-packages/airflow/example_dags/example_sla_dag.py
[2026-03-23T03:26:13.280+0000] {processor.py:840} INFO - DAG(s) 'example_sla_dag' retrieved from /home/airflow/.local/lib/python3.8/site-packages/airflow/example_dags/example_sla_dag.py
[2026-03-23T03:26:13.298+0000] {logging_mixin.py:188} INFO - [2026-03-23T03:26:13.298+0000] {dag.py:3047} INFO - Sync 1 DAGs
[2026-03-23T03:26:13.320+0000] {logging_mixin.py:188} INFO - [2026-03-23T03:26:13.320+0000] {dag.py:3834} INFO - Setting next_dagrun for example_sla_dag to 2026-03-23 03:24:00+00:00, run_after=2026-03-23 03:26:00+00:00
[2026-03-23T03:26:13.340+0000] {processor.py:183} INFO - Processing /home/airflow/.local/lib/python3.8/site-packages/airflow/example_dags/example_sla_dag.py took 0.073 seconds
[2026-03-23T03:26:44.266+0000] {processor.py:161} INFO - Started process (PID=267) to work on /home/airflow/.local/lib/python3.8/site-packages/airflow/example_dags/example_sla_dag.py
[2026-03-23T03:26:44.267+0000] {processor.py:830} INFO - Processing file /home/airflow/.local/lib/python3.8/site-packages/airflow/example_dags/example_sla_dag.py for tasks to queue
[2026-03-23T03:26:44.268+0000] {logging_mixin.py:188} INFO - [2026-03-23T03:26:44.268+0000] {dagbag.py:540} INFO - Filling up the DagBag from /home/airflow/.local/lib/python3.8/site-packages/airflow/example_dags/example_sla_dag.py
[2026-03-23T03:26:44.278+0000] {processor.py:840} INFO - DAG(s) 'example_sla_dag' retrieved from /home/airflow/.local/lib/python3.8/site-packages/airflow/example_dags/example_sla_dag.py
[2026-03-23T03:26:44.302+0000] {logging_mixin.py:188} INFO - [2026-03-23T03:26:44.301+0000] {dag.py:3047} INFO - Sync 1 DAGs
[2026-03-23T03:26:44.335+0000] {logging_mixin.py:188} INFO - [2026-03-23T03:26:44.334+0000] {dag.py:3834} INFO - Setting next_dagrun for example_sla_dag to 2026-03-23 03:24:00+00:00, run_after=2026-03-23 03:26:00+00:00
[2026-03-23T03:26:44.363+0000] {processor.py:183} INFO - Processing /home/airflow/.local/lib/python3.8/site-packages/airflow/example_dags/example_sla_dag.py took 0.101 seconds
[2026-03-23T03:27:14.561+0000] {processor.py:161} INFO - Started process (PID=322) to work on /home/airflow/.local/lib/python3.8/site-packages/airflow/example_dags/example_sla_dag.py
[2026-03-23T03:27:14.562+0000] {processor.py:830} INFO - Processing file /home/airflow/.local/lib/python3.8/site-packages/airflow/example_dags/example_sla_dag.py for tasks to queue
[2026-03-23T03:27:14.563+0000] {logging_mixin.py:188} INFO - [2026-03-23T03:27:14.563+0000] {dagbag.py:540} INFO - Filling up the DagBag from /home/airflow/.local/lib/python3.8/site-packages/airflow/example_dags/example_sla_dag.py
[2026-03-23T03:27:14.570+0000] {processor.py:840} INFO - DAG(s) 'example_sla_dag' retrieved from /home/airflow/.local/lib/python3.8/site-packages/airflow/example_dags/example_sla_dag.py
[2026-03-23T03:27:14.587+0000] {logging_mixin.py:188} INFO - [2026-03-23T03:27:14.587+0000] {dag.py:3047} INFO - Sync 1 DAGs
[2026-03-23T03:27:14.607+0000] {logging_mixin.py:188} INFO - [2026-03-23T03:27:14.607+0000] {dag.py:3834} INFO - Setting next_dagrun for example_sla_dag to 2026-03-23 03:24:00+00:00, run_after=2026-03-23 03:26:00+00:00
[2026-03-23T03:27:14.627+0000] {processor.py:183} INFO - Processing /home/airflow/.local/lib/python3.8/site-packages/airflow/example_dags/example_sla_dag.py took 0.069 seconds
[2026-03-23T03:27:44.918+0000] {processor.py:161} INFO - Started process (PID=377) to work on /home/airflow/.local/lib/python3.8/site-packages/airflow/example_dags/example_sla_dag.py
[2026-03-23T03:27:44.919+0000] {processor.py:830} INFO - Processing file /home/airflow/.local/lib/python3.8/site-packages/airflow/example_dags/example_sla_dag.py for tasks to queue
[2026-03-23T03:27:44.921+0000] {logging_mixin.py:188} INFO - [2026-03-23T03:27:44.921+0000] {dagbag.py:540} INFO - Filling up the DagBag from /home/airflow/.local/lib/python3.8/site-packages/airflow/example_dags/example_sla_dag.py
[2026-03-23T03:27:44.929+0000] {processor.py:840} INFO - DAG(s) 'example_sla_dag' retrieved from /home/airflow/.local/lib/python3.8/site-packages/airflow/example_dags/example_sla_dag.py
[2026-03-23T03:27:44.947+0000] {logging_mixin.py:188} INFO - [2026-03-23T03:27:44.947+0000] {dag.py:3047} INFO - Sync 1 DAGs
[2026-03-23T03:27:44.968+0000] {logging_mixin.py:188} INFO - [2026-03-23T03:27:44.968+0000] {dag.py:3834} INFO - Setting next_dagrun for example_sla_dag to 2026-03-23 03:24:00+00:00, run_after=2026-03-23 03:26:00+00:00
[2026-03-23T03:27:44.989+0000] {processor.py:183} INFO - Processing /home/airflow/.local/lib/python3.8/site-packages/airflow/example_dags/example_sla_dag.py took 0.074 seconds
[2026-03-23T03:28:15.214+0000] {processor.py:161} INFO - Started process (PID=432) to work on /home/airflow/.local/lib/python3.8/site-packages/airflow/example_dags/example_sla_dag.py
[2026-03-23T03:28:15.215+0000] {processor.py:830} INFO - Processing file /home/airflow/.local/lib/python3.8/site-packages/airflow/example_dags/example_sla_dag.py for tasks to queue
[2026-03-23T03:28:15.217+0000] {logging_mixin.py:188} INFO - [2026-03-23T03:28:15.217+0000] {dagbag.py:540} INFO - Filling up the DagBag from /home/airflow/.local/lib/python3.8/site-packages/airflow/example_dags/example_sla_dag.py
[2026-03-23T03:28:15.225+0000] {processor.py:840} INFO - DAG(s) 'example_sla_dag' retrieved from /home/airflow/.local/lib/python3.8/site-packages/airflow/example_dags/example_sla_dag.py
[2026-03-23T03:28:15.243+0000] {logging_mixin.py:188} INFO - [2026-03-23T03:28:15.243+0000] {dag.py:3047} INFO - Sync 1 DAGs
[2026-03-23T03:28:15.268+0000] {logging_mixin.py:188} INFO - [2026-03-23T03:28:15.268+0000] {dag.py:3834} INFO - Setting next_dagrun for example_sla_dag to 2026-03-23 03:26:00+00:00, run_after=2026-03-23 03:28:00+00:00
[2026-03-23T03:28:15.291+0000] {processor.py:183} INFO - Processing /home/airflow/.local/lib/python3.8/site-packages/airflow/example_dags/example_sla_dag.py took 0.079 seconds
[2026-03-23T03:28:45.585+0000] {processor.py:161} INFO - Started process (PID=487) to work on /home/airflow/.local/lib/python3.8/site-packages/airflow/example_dags/example_sla_dag.py
[2026-03-23T03:28:45.586+0000] {processor.py:830} INFO - Processing file /home/airflow/.local/lib/python3.8/site-packages/airflow/example_dags/example_sla_dag.py for tasks to queue
[2026-03-23T03:28:45.587+0000] {logging_mixin.py:188} INFO - [2026-03-23T03:28:45.587+0000] {dagbag.py:540} INFO - Filling up the DagBag from /home/airflow/.local/lib/python3.8/site-packages/airflow/example_dags/example_sla_dag.py
[2026-03-23T03:28:45.594+0000] {processor.py:840} INFO - DAG(s) 'example_sla_dag' retrieved from /home/airflow/.local/lib/python3.8/site-packages/airflow/example_dags/example_sla_dag.py
[2026-03-23T03:28:45.612+0000] {logging_mixin.py:188} INFO - [2026-03-23T03:28:45.612+0000] {dag.py:3047} INFO - Sync 1 DAGs
[2026-03-23T03:28:45.634+0000] {logging_mixin.py:188} INFO - [2026-03-23T03:28:45.634+0000] {dag.py:3834} INFO - Setting next_dagrun for example_sla_dag to 2026-03-23 03:26:00+00:00, run_after=2026-03-23 03:28:00+00:00
[2026-03-23T03:28:45.654+0000] {processor.py:183} INFO - Processing /home/airflow/.local/lib/python3.8/site-packages/airflow/example_dags/example_sla_dag.py took 0.072 seconds
[2026-03-23T03:29:16.134+0000] {processor.py:161} INFO - Started process (PID=542) to work on /home/airflow/.local/lib/python3.8/site-packages/airflow/example_dags/example_sla_dag.py
[2026-03-23T03:29:16.135+0000] {processor.py:830} INFO - Processing file /home/airflow/.local/lib/python3.8/site-packages/airflow/example_dags/example_sla_dag.py for tasks to queue
[2026-03-23T03:29:16.137+0000] {logging_mixin.py:188} INFO - [2026-03-23T03:29:16.137+0000] {dagbag.py:540} INFO - Filling up the DagBag from /home/airflow/.local/lib/python3.8/site-packages/airflow/example_dags/example_sla_dag.py
[2026-03-23T03:29:16.144+0000] {processor.py:840} INFO - DAG(s) 'example_sla_dag' retrieved from /home/airflow/.local/lib/python3.8/site-packages/airflow/example_dags/example_sla_dag.py
[2026-03-23T03:29:16.164+0000] {logging_mixin.py:188} INFO - [2026-03-23T03:29:16.164+0000] {dag.py:3047} INFO - Sync 1 DAGs
[2026-03-23T03:29:16.188+0000] {logging_mixin.py:188} INFO - [2026-03-23T03:29:16.188+0000] {dag.py:3834} INFO - Setting next_dagrun for example_sla_dag to 2026-03-23 03:26:00+00:00, run_after=2026-03-23 03:28:00+00:00
[2026-03-23T03:29:16.213+0000] {processor.py:183} INFO - Processing /home/airflow/.local/lib/python3.8/site-packages/airflow/example_dags/example_sla_dag.py took 0.081 seconds
[2026-03-23T03:29:46.373+0000] {processor.py:161} INFO - Started process (PID=597) to work on /home/airflow/.local/lib/python3.8/site-packages/airflow/example_dags/example_sla_dag.py
[2026-03-23T03:29:46.374+0000] {processor.py:830} INFO - Processing file /home/airflow/.local/lib/python3.8/site-packages/airflow/example_dags/example_sla_dag.py for tasks to queue
[2026-03-23T03:29:46.376+0000] {logging_mixin.py:188} INFO - [2026-03-23T03:29:46.375+0000] {dagbag.py:540} INFO - Filling up the DagBag from /home/airflow/.local/lib/python3.8/site-packages/airflow/example_dags/example_sla_dag.py
[2026-03-23T03:29:46.383+0000] {processor.py:840} INFO - DAG(s) 'example_sla_dag' retrieved from /home/airflow/.local/lib/python3.8/site-packages/airflow/example_dags/example_sla_dag.py
[2026-03-23T03:29:46.400+0000] {logging_mixin.py:188} INFO - [2026-03-23T03:29:46.400+0000] {dag.py:3047} INFO - Sync 1 DAGs
[2026-03-23T03:29:46.423+0000] {logging_mixin.py:188} INFO - [2026-03-23T03:29:46.422+0000] {dag.py:3834} INFO - Setting next_dagrun for example_sla_dag to 2026-03-23 03:26:00+00:00, run_after=2026-03-23 03:28:00+00:00
[2026-03-23T03:29:46.444+0000] {processor.py:183} INFO - Processing /home/airflow/.local/lib/python3.8/site-packages/airflow/example_dags/example_sla_dag.py took 0.074 seconds
[2026-03-23T03:30:16.900+0000] {processor.py:161} INFO - Started process (PID=652) to work on /home/airflow/.local/lib/python3.8/site-packages/airflow/example_dags/example_sla_dag.py
[2026-03-23T03:30:16.901+0000] {processor.py:830} INFO - Processing file /home/airflow/.local/lib/python3.8/site-packages/airflow/example_dags/example_sla_dag.py for tasks to queue
[2026-03-23T03:30:16.903+0000] {logging_mixin.py:188} INFO - [2026-03-23T03:30:16.903+0000] {dagbag.py:540} INFO - Filling up the DagBag from /home/airflow/.local/lib/python3.8/site-packages/airflow/example_dags/example_sla_dag.py
[2026-03-23T03:30:16.912+0000] {processor.py:840} INFO - DAG(s) 'example_sla_dag' retrieved from /home/airflow/.local/lib/python3.8/site-packages/airflow/example_dags/example_sla_dag.py
[2026-03-23T03:30:16.938+0000] {logging_mixin.py:188} INFO - [2026-03-23T03:30:16.938+0000] {dag.py:3047} INFO - Sync 1 DAGs
[2026-03-23T03:30:16.966+0000] {logging_mixin.py:188} INFO - [2026-03-23T03:30:16.966+0000] {dag.py:3834} INFO - Setting next_dagrun for example_sla_dag to 2026-03-23 03:28:00+00:00, run_after=2026-03-23 03:30:00+00:00
[2026-03-23T03:30:16.996+0000] {processor.py:183} INFO - Processing /home/airflow/.local/lib/python3.8/site-packages/airflow/example_dags/example_sla_dag.py took 0.100 seconds
[2026-03-23T03:30:47.889+0000] {processor.py:161} INFO - Started process (PID=707) to work on /home/airflow/.local/lib/python3.8/site-packages/airflow/example_dags/example_sla_dag.py
[2026-03-23T03:30:47.890+0000] {processor.py:830} INFO - Processing file /home/airflow/.local/lib/python3.8/site-packages/airflow/example_dags/example_sla_dag.py for tasks to queue
[2026-03-23T03:30:47.892+0000] {logging_mixin.py:188} INFO - [2026-03-23T03:30:47.892+0000] {dagbag.py:540} INFO - Filling up the DagBag from /home/airflow/.local/lib/python3.8/site-packages/airflow/example_dags/example_sla_dag.py
[2026-03-23T03:30:47.901+0000] {processor.py:840} INFO - DAG(s) 'example_sla_dag' retrieved from /home/airflow/.local/lib/python3.8/site-packages/airflow/example_dags/example_sla_dag.py
[2026-03-23T03:30:47.924+0000] {logging_mixin.py:188} INFO - [2026-03-23T03:30:47.923+0000] {dag.py:3047} INFO - Sync 1 DAGs
[2026-03-23T03:30:47.950+0000] {logging_mixin.py:188} INFO - [2026-03-23T03:30:47.949+0000] {dag.py:3834} INFO - Setting next_dagrun for example_sla_dag to 2026-03-23 03:28:00+00:00, run_after=2026-03-23 03:30:00+00:00
[2026-03-23T03:30:47.972+0000] {processor.py:183} INFO - Processing /home/airflow/.local/lib/python3.8/site-packages/airflow/example_dags/example_sla_dag.py took 0.087 seconds
[2026-03-23T03:31:18.143+0000] {processor.py:161} INFO - Started process (PID=762) to work on /home/airflow/.local/lib/python3.8/site-packages/airflow/example_dags/example_sla_dag.py
[2026-03-23T03:31:18.144+0000] {processor.py:830} INFO - Processing file /home/airflow/.local/lib/python3.8/site-packages/airflow/example_dags/example_sla_dag.py for tasks to queue
[2026-03-23T03:31:18.145+0000] {logging_mixin.py:188} INFO - [2026-03-23T03:31:18.145+0000] {dagbag.py:540} INFO - Filling up the DagBag from /home/airflow/.local/lib/python3.8/site-packages/airflow/example_dags/example_sla_dag.py
[2026-03-23T03:31:18.152+0000] {processor.py:840} INFO - DAG(s) 'example_sla_dag' retrieved from /home/airflow/.local/lib/python3.8/site-packages/airflow/example_dags/example_sla_dag.py
[2026-03-23T03:31:18.171+0000] {logging_mixin.py:188} INFO - [2026-03-23T03:31:18.171+0000] {dag.py:3047} INFO - Sync 1 DAGs
[2026-03-23T03:31:18.194+0000] {logging_mixin.py:188} INFO - [2026-03-23T03:31:18.194+0000] {dag.py:3834} INFO - Setting next_dagrun for example_sla_dag to 2026-03-23 03:28:00+00:00, run_after=2026-03-23 03:30:00+00:00
[2026-03-23T03:31:18.214+0000] {processor.py:183} INFO - Processing /home/airflow/.local/lib/python3.8/site-packages/airflow/example_dags/example_sla_dag.py took 0.074 seconds
[2026-03-23T03:31:48.683+0000] {processor.py:161} INFO - Started process (PID=817) to work on /home/airflow/.local/lib/python3.8/site-packages/airflow/example_dags/example_sla_dag.py
[2026-03-23T03:31:48.684+0000] {processor.py:830} INFO - Processing file /home/airflow/.local/lib/python3.8/site-packages/airflow/example_dags/example_sla_dag.py for tasks to queue
[2026-03-23T03:31:48.687+0000] {logging_mixin.py:188} INFO - [2026-03-23T03:31:48.686+0000] {dagbag.py:540} INFO - Filling up the DagBag from /home/airflow/.local/lib/python3.8/site-packages/airflow/example_dags/example_sla_dag.py
[2026-03-23T03:31:48.694+0000] {processor.py:840} INFO - DAG(s) 'example_sla_dag' retrieved from /home/airflow/.local/lib/python3.8/site-packages/airflow/example_dags/example_sla_dag.py
[2026-03-23T03:31:48.712+0000] {logging_mixin.py:188} INFO - [2026-03-23T03:31:48.712+0000] {dag.py:3047} INFO - Sync 1 DAGs
[2026-03-23T03:31:48.734+0000] {logging_mixin.py:188} INFO - [2026-03-23T03:31:48.734+0000] {dag.py:3834} INFO - Setting next_dagrun for example_sla_dag to 2026-03-23 03:28:00+00:00, run_after=2026-03-23 03:30:00+00:00
[2026-03-23T03:31:48.753+0000] {processor.py:183} INFO - Processing /home/airflow/.local/lib/python3.8/site-packages/airflow/example_dags/example_sla_dag.py took 0.073 seconds
[2026-03-23T03:32:19.420+0000] {processor.py:161} INFO - Started process (PID=872) to work on /home/airflow/.local/lib/python3.8/site-packages/airflow/example_dags/example_sla_dag.py
[2026-03-23T03:32:19.421+0000] {processor.py:830} INFO - Processing file /home/airflow/.local/lib/python3.8/site-packages/airflow/example_dags/example_sla_dag.py for tasks to queue
[2026-03-23T03:32:19.422+0000] {logging_mixin.py:188} INFO - [2026-03-23T03:32:19.422+0000] {dagbag.py:540} INFO - Filling up the DagBag from /home/airflow/.local/lib/python3.8/site-packages/airflow/example_dags/example_sla_dag.py
[2026-03-23T03:32:19.429+0000] {processor.py:840} INFO - DAG(s) 'example_sla_dag' retrieved from /home/airflow/.local/lib/python3.8/site-packages/airflow/example_dags/example_sla_dag.py
[2026-03-23T03:32:19.449+0000] {logging_mixin.py:188} INFO - [2026-03-23T03:32:19.448+0000] {dag.py:3047} INFO - Sync 1 DAGs
[2026-03-23T03:32:19.471+0000] {logging_mixin.py:188} INFO - [2026-03-23T03:32:19.471+0000] {dag.py:3834} INFO - Setting next_dagrun for example_sla_dag to 2026-03-23 03:30:00+00:00, run_after=2026-03-23 03:32:00+00:00
[2026-03-23T03:32:19.492+0000] {processor.py:183} INFO - Processing /home/airflow/.local/lib/python3.8/site-packages/airflow/example_dags/example_sla_dag.py took 0.075 seconds
[2026-03-23T03:32:50.511+0000] {processor.py:161} INFO - Started process (PID=927) to work on /home/airflow/.local/lib/python3.8/site-packages/airflow/example_dags/example_sla_dag.py
[2026-03-23T03:32:50.512+0000] {processor.py:830} INFO - Processing file /home/airflow/.local/lib/python3.8/site-packages/airflow/example_dags/example_sla_dag.py for tasks to queue
[2026-03-23T03:32:50.514+0000] {logging_mixin.py:188} INFO - [2026-03-23T03:32:50.514+0000] {dagbag.py:540} INFO - Filling up the DagBag from /home/airflow/.local/lib/python3.8/site-packages/airflow/example_dags/example_sla_dag.py
[2026-03-23T03:32:50.522+0000] {processor.py:840} INFO - DAG(s) 'example_sla_dag' retrieved from /home/airflow/.local/lib/python3.8/site-packages/airflow/example_dags/example_sla_dag.py
[2026-03-23T03:32:50.544+0000] {logging_mixin.py:188} INFO - [2026-03-23T03:32:50.544+0000] {dag.py:3047} INFO - Sync 1 DAGs
[2026-03-23T03:32:50.567+0000] {logging_mixin.py:188} INFO - [2026-03-23T03:32:50.567+0000] {dag.py:3834} INFO - Setting next_dagrun for example_sla_dag to 2026-03-23 03:30:00+00:00, run_after=2026-03-23 03:32:00+00:00
[2026-03-23T03:32:50.591+0000] {processor.py:183} INFO - Processing /home/airflow/.local/lib/python3.8/site-packages/airflow/example_dags/example_sla_dag.py took 0.083 seconds
[2026-03-23T03:33:20.760+0000] {processor.py:161} INFO - Started process (PID=982) to work on /home/airflow/.local/lib/python3.8/site-packages/airflow/example_dags/example_sla_dag.py
[2026-03-23T03:33:20.761+0000] {processor.py:830} INFO - Processing file /home/airflow/.local/lib/python3.8/site-packages/airflow/example_dags/example_sla_dag.py for tasks to queue
[2026-03-23T03:33:20.762+0000] {logging_mixin.py:188} INFO - [2026-03-23T03:33:20.762+0000] {dagbag.py:540} INFO - Filling up the DagBag from /home/airflow/.local/lib/python3.8/site-packages/airflow/example_dags/example_sla_dag.py
[2026-03-23T03:33:20.769+0000] {processor.py:840} INFO - DAG(s) 'example_sla_dag' retrieved from /home/airflow/.local/lib/python3.8/site-packages/airflow/example_dags/example_sla_dag.py
[2026-03-23T03:33:20.787+0000] {logging_mixin.py:188} INFO - [2026-03-23T03:33:20.787+0000] {dag.py:3047} INFO - Sync 1 DAGs
[2026-03-23T03:33:20.808+0000] {logging_mixin.py:188} INFO - [2026-03-23T03:33:20.808+0000] {dag.py:3834} INFO - Setting next_dagrun for example_sla_dag to 2026-03-23 03:30:00+00:00, run_after=2026-03-23 03:32:00+00:00
[2026-03-23T03:33:20.829+0000] {processor.py:183} INFO - Processing /home/airflow/.local/lib/python3.8/site-packages/airflow/example_dags/example_sla_dag.py took 0.072 seconds
[2026-03-23T03:33:51.094+0000] {processor.py:161} INFO - Started process (PID=1037) to work on /home/airflow/.local/lib/python3.8/site-packages/airflow/example_dags/example_sla_dag.py
[2026-03-23T03:33:51.095+0000] {processor.py:830} INFO - Processing file /home/airflow/.local/lib/python3.8/site-packages/airflow/example_dags/example_sla_dag.py for tasks to queue
[2026-03-23T03:33:51.097+0000] {logging_mixin.py:188} INFO - [2026-03-23T03:33:51.097+0000] {dagbag.py:540} INFO - Filling up the DagBag from /home/airflow/.local/lib/python3.8/site-packages/airflow/example_dags/example_sla_dag.py
[2026-03-23T03:33:51.104+0000] {processor.py:840} INFO - DAG(s) 'example_sla_dag' retrieved from /home/airflow/.local/lib/python3.8/site-packages/airflow/example_dags/example_sla_dag.py
[2026-03-23T03:33:51.123+0000] {logging_mixin.py:188} INFO - [2026-03-23T03:33:51.123+0000] {dag.py:3047} INFO - Sync 1 DAGs
[2026-03-23T03:33:51.145+0000] {logging_mixin.py:188} INFO - [2026-03-23T03:33:51.145+0000] {dag.py:3834} INFO - Setting next_dagrun for example_sla_dag to 2026-03-23 03:30:00+00:00, run_after=2026-03-23 03:32:00+00:00
[2026-03-23T03:33:51.166+0000] {processor.py:183} INFO - Processing /home/airflow/.local/lib/python3.8/site-packages/airflow/example_dags/example_sla_dag.py took 0.075 seconds
[2026-03-23T03:34:21.934+0000] {processor.py:161} INFO - Started process (PID=1092) to work on /home/airflow/.local/lib/python3.8/site-packages/airflow/example_dags/example_sla_dag.py
[2026-03-23T03:34:21.936+0000] {processor.py:830} INFO - Processing file /home/airflow/.local/lib/python3.8/site-packages/airflow/example_dags/example_sla_dag.py for tasks to queue
[2026-03-23T03:34:21.937+0000] {logging_mixin.py:188} INFO - [2026-03-23T03:34:21.937+0000] {dagbag.py:540} INFO - Filling up the DagBag from /home/airflow/.local/lib/python3.8/site-packages/airflow/example_dags/example_sla_dag.py
[2026-03-23T03:34:21.944+0000] {processor.py:840} INFO - DAG(s) 'example_sla_dag' retrieved from /home/airflow/.local/lib/python3.8/site-packages/airflow/example_dags/example_sla_dag.py
[2026-03-23T03:34:21.966+0000] {logging_mixin.py:188} INFO - [2026-03-23T03:34:21.966+0000] {dag.py:3047} INFO - Sync 1 DAGs
[2026-03-23T03:34:21.988+0000] {logging_mixin.py:188} INFO - [2026-03-23T03:34:21.988+0000] {dag.py:3834} INFO - Setting next_dagrun for example_sla_dag to 2026-03-23 03:32:00+00:00, run_after=2026-03-23 03:34:00+00:00
[2026-03-23T03:34:22.006+0000] {processor.py:183} INFO - Processing /home/airflow/.local/lib/python3.8/site-packages/airflow/example_dags/example_sla_dag.py took 0.074 seconds
[2026-03-23T03:34:52.257+0000] {processor.py:161} INFO - Started process (PID=1147) to work on /home/airflow/.local/lib/python3.8/site-packages/airflow/example_dags/example_sla_dag.py
[2026-03-23T03:34:52.259+0000] {processor.py:830} INFO - Processing file /home/airflow/.local/lib/python3.8/site-packages/airflow/example_dags/example_sla_dag.py for tasks to queue
[2026-03-23T03:34:52.260+0000] {logging_mixin.py:188} INFO - [2026-03-23T03:34:52.260+0000] {dagbag.py:540} INFO - Filling up the DagBag from /home/airflow/.local/lib/python3.8/site-packages/airflow/example_dags/example_sla_dag.py
[2026-03-23T03:34:52.269+0000] {processor.py:840} INFO - DAG(s) 'example_sla_dag' retrieved from /home/airflow/.local/lib/python3.8/site-packages/airflow/example_dags/example_sla_dag.py
[2026-03-23T03:34:52.289+0000] {logging_mixin.py:188} INFO - [2026-03-23T03:34:52.289+0000] {dag.py:3047} INFO - Sync 1 DAGs
[2026-03-23T03:34:52.316+0000] {logging_mixin.py:188} INFO - [2026-03-23T03:34:52.315+0000] {dag.py:3834} INFO - Setting next_dagrun for example_sla_dag to 2026-03-23 03:32:00+00:00, run_after=2026-03-23 03:34:00+00:00
[2026-03-23T03:34:52.339+0000] {processor.py:183} INFO - Processing /home/airflow/.local/lib/python3.8/site-packages/airflow/example_dags/example_sla_dag.py took 0.084 seconds
[2026-03-23T03:37:21.184+0000] {processor.py:161} INFO - Started process (PID=96) to work on /home/airflow/.local/lib/python3.8/site-packages/airflow/example_dags/example_sla_dag.py
[2026-03-23T03:37:21.186+0000] {processor.py:830} INFO - Processing file /home/airflow/.local/lib/python3.8/site-packages/airflow/example_dags/example_sla_dag.py for tasks to queue
[2026-03-23T03:37:21.188+0000] {logging_mixin.py:188} INFO - [2026-03-23T03:37:21.188+0000] {dagbag.py:540} INFO - Filling up the DagBag from /home/airflow/.local/lib/python3.8/site-packages/airflow/example_dags/example_sla_dag.py
[2026-03-23T03:37:21.198+0000] {processor.py:840} INFO - DAG(s) 'example_sla_dag' retrieved from /home/airflow/.local/lib/python3.8/site-packages/airflow/example_dags/example_sla_dag.py
[2026-03-23T03:37:21.212+0000] {logging_mixin.py:188} INFO - [2026-03-23T03:37:21.212+0000] {dag.py:3047} INFO - Sync 1 DAGs
[2026-03-23T03:37:21.248+0000] {logging_mixin.py:188} INFO - [2026-03-23T03:37:21.248+0000] {dag.py:3834} INFO - Setting next_dagrun for example_sla_dag to 2026-03-23 03:34:00+00:00, run_after=2026-03-23 03:36:00+00:00
[2026-03-23T03:37:21.274+0000] {processor.py:183} INFO - Processing /home/airflow/.local/lib/python3.8/site-packages/airflow/example_dags/example_sla_dag.py took 0.093 seconds
[2026-03-23T03:37:53.213+0000] {processor.py:161} INFO - Started process (PID=157) to work on /home/airflow/.local/lib/python3.8/site-packages/airflow/example_dags/example_sla_dag.py
[2026-03-23T03:37:53.214+0000] {processor.py:830} INFO - Processing file /home/airflow/.local/lib/python3.8/site-packages/airflow/example_dags/example_sla_dag.py for tasks to queue
[2026-03-23T03:37:53.216+0000] {logging_mixin.py:188} INFO - [2026-03-23T03:37:53.216+0000] {dagbag.py:540} INFO - Filling up the DagBag from /home/airflow/.local/lib/python3.8/site-packages/airflow/example_dags/example_sla_dag.py
[2026-03-23T03:37:53.225+0000] {processor.py:840} INFO - DAG(s) 'example_sla_dag' retrieved from /home/airflow/.local/lib/python3.8/site-packages/airflow/example_dags/example_sla_dag.py
[2026-03-23T03:37:53.343+0000] {logging_mixin.py:188} INFO - [2026-03-23T03:37:53.343+0000] {dag.py:3047} INFO - Sync 1 DAGs
[2026-03-23T03:37:53.366+0000] {logging_mixin.py:188} INFO - [2026-03-23T03:37:53.366+0000] {dag.py:3834} INFO - Setting next_dagrun for example_sla_dag to 2026-03-23 03:34:00+00:00, run_after=2026-03-23 03:36:00+00:00
[2026-03-23T03:37:53.392+0000] {processor.py:183} INFO - Processing /home/airflow/.local/lib/python3.8/site-packages/airflow/example_dags/example_sla_dag.py took 0.183 seconds
[2026-03-23T03:38:23.508+0000] {processor.py:161} INFO - Started process (PID=212) to work on /home/airflow/.local/lib/python3.8/site-packages/airflow/example_dags/example_sla_dag.py
[2026-03-23T03:38:23.509+0000] {processor.py:830} INFO - Processing file /home/airflow/.local/lib/python3.8/site-packages/airflow/example_dags/example_sla_dag.py for tasks to queue
[2026-03-23T03:38:23.511+0000] {logging_mixin.py:188} INFO - [2026-03-23T03:38:23.511+0000] {dagbag.py:540} INFO - Filling up the DagBag from /home/airflow/.local/lib/python3.8/site-packages/airflow/example_dags/example_sla_dag.py
[2026-03-23T03:38:23.518+0000] {processor.py:840} INFO - DAG(s) 'example_sla_dag' retrieved from /home/airflow/.local/lib/python3.8/site-packages/airflow/example_dags/example_sla_dag.py
[2026-03-23T03:38:23.537+0000] {logging_mixin.py:188} INFO - [2026-03-23T03:38:23.537+0000] {dag.py:3047} INFO - Sync 1 DAGs
[2026-03-23T03:38:23.559+0000] {logging_mixin.py:188} INFO - [2026-03-23T03:38:23.559+0000] {dag.py:3834} INFO - Setting next_dagrun for example_sla_dag to 2026-03-23 03:36:00+00:00, run_after=2026-03-23 03:38:00+00:00
[2026-03-23T03:38:23.580+0000] {processor.py:183} INFO - Processing /home/airflow/.local/lib/python3.8/site-packages/airflow/example_dags/example_sla_dag.py took 0.074 seconds
[2026-03-23T03:38:53.771+0000] {processor.py:161} INFO - Started process (PID=267) to work on /home/airflow/.local/lib/python3.8/site-packages/airflow/example_dags/example_sla_dag.py
[2026-03-23T03:38:53.772+0000] {processor.py:830} INFO - Processing file /home/airflow/.local/lib/python3.8/site-packages/airflow/example_dags/example_sla_dag.py for tasks to queue
[2026-03-23T03:38:53.773+0000] {logging_mixin.py:188} INFO - [2026-03-23T03:38:53.773+0000] {dagbag.py:540} INFO - Filling up the DagBag from /home/airflow/.local/lib/python3.8/site-packages/airflow/example_dags/example_sla_dag.py
[2026-03-23T03:38:53.781+0000] {processor.py:840} INFO - DAG(s) 'example_sla_dag' retrieved from /home/airflow/.local/lib/python3.8/site-packages/airflow/example_dags/example_sla_dag.py
[2026-03-23T03:38:53.799+0000] {logging_mixin.py:188} INFO - [2026-03-23T03:38:53.799+0000] {dag.py:3047} INFO - Sync 1 DAGs
[2026-03-23T03:38:53.823+0000] {logging_mixin.py:188} INFO - [2026-03-23T03:38:53.823+0000] {dag.py:3834} INFO - Setting next_dagrun for example_sla_dag to 2026-03-23 03:36:00+00:00, run_after=2026-03-23 03:38:00+00:00
[2026-03-23T03:38:53.845+0000] {processor.py:183} INFO - Processing /home/airflow/.local/lib/python3.8/site-packages/airflow/example_dags/example_sla_dag.py took 0.077 seconds
[2026-03-23T03:39:24.055+0000] {processor.py:161} INFO - Started process (PID=322) to work on /home/airflow/.local/lib/python3.8/site-packages/airflow/example_dags/example_sla_dag.py
[2026-03-23T03:39:24.056+0000] {processor.py:830} INFO - Processing file /home/airflow/.local/lib/python3.8/site-packages/airflow/example_dags/example_sla_dag.py for tasks to queue
[2026-03-23T03:39:24.058+0000] {logging_mixin.py:188} INFO - [2026-03-23T03:39:24.058+0000] {dagbag.py:540} INFO - Filling up the DagBag from /home/airflow/.local/lib/python3.8/site-packages/airflow/example_dags/example_sla_dag.py
[2026-03-23T03:39:24.066+0000] {processor.py:840} INFO - DAG(s) 'example_sla_dag' retrieved from /home/airflow/.local/lib/python3.8/site-packages/airflow/example_dags/example_sla_dag.py
[2026-03-23T03:39:24.089+0000] {logging_mixin.py:188} INFO - [2026-03-23T03:39:24.088+0000] {dag.py:3047} INFO - Sync 1 DAGs
[2026-03-23T03:39:24.114+0000] {logging_mixin.py:188} INFO - [2026-03-23T03:39:24.114+0000] {dag.py:3834} INFO - Setting next_dagrun for example_sla_dag to 2026-03-23 03:36:00+00:00, run_after=2026-03-23 03:38:00+00:00
[2026-03-23T03:39:24.138+0000] {processor.py:183} INFO - Processing /home/airflow/.local/lib/python3.8/site-packages/airflow/example_dags/example_sla_dag.py took 0.087 seconds
[2026-03-23T03:39:54.437+0000] {processor.py:161} INFO - Started process (PID=377) to work on /home/airflow/.local/lib/python3.8/site-packages/airflow/example_dags/example_sla_dag.py
[2026-03-23T03:39:54.438+0000] {processor.py:830} INFO - Processing file /home/airflow/.local/lib/python3.8/site-packages/airflow/example_dags/example_sla_dag.py for tasks to queue
[2026-03-23T03:39:54.440+0000] {logging_mixin.py:188} INFO - [2026-03-23T03:39:54.439+0000] {dagbag.py:540} INFO - Filling up the DagBag from /home/airflow/.local/lib/python3.8/site-packages/airflow/example_dags/example_sla_dag.py
[2026-03-23T03:39:54.447+0000] {processor.py:840} INFO - DAG(s) 'example_sla_dag' retrieved from /home/airflow/.local/lib/python3.8/site-packages/airflow/example_dags/example_sla_dag.py
[2026-03-23T03:39:54.466+0000] {logging_mixin.py:188} INFO - [2026-03-23T03:39:54.466+0000] {dag.py:3047} INFO - Sync 1 DAGs
[2026-03-23T03:39:54.488+0000] {logging_mixin.py:188} INFO - [2026-03-23T03:39:54.487+0000] {dag.py:3834} INFO - Setting next_dagrun for example_sla_dag to 2026-03-23 03:36:00+00:00, run_after=2026-03-23 03:38:00+00:00
[2026-03-23T03:39:54.509+0000] {processor.py:183} INFO - Processing /home/airflow/.local/lib/python3.8/site-packages/airflow/example_dags/example_sla_dag.py took 0.075 seconds
[2026-03-23T03:40:24.865+0000] {processor.py:161} INFO - Started process (PID=432) to work on /home/airflow/.local/lib/python3.8/site-packages/airflow/example_dags/example_sla_dag.py
[2026-03-23T03:40:24.866+0000] {processor.py:830} INFO - Processing file /home/airflow/.local/lib/python3.8/site-packages/airflow/example_dags/example_sla_dag.py for tasks to queue
[2026-03-23T03:40:24.868+0000] {logging_mixin.py:188} INFO - [2026-03-23T03:40:24.868+0000] {dagbag.py:540} INFO - Filling up the DagBag from /home/airflow/.local/lib/python3.8/site-packages/airflow/example_dags/example_sla_dag.py
[2026-03-23T03:40:24.875+0000] {processor.py:840} INFO - DAG(s) 'example_sla_dag' retrieved from /home/airflow/.local/lib/python3.8/site-packages/airflow/example_dags/example_sla_dag.py
[2026-03-23T03:40:24.893+0000] {logging_mixin.py:188} INFO - [2026-03-23T03:40:24.893+0000] {dag.py:3047} INFO - Sync 1 DAGs
[2026-03-23T03:40:24.914+0000] {logging_mixin.py:188} INFO - [2026-03-23T03:40:24.914+0000] {dag.py:3834} INFO - Setting next_dagrun for example_sla_dag to 2026-03-23 03:38:00+00:00, run_after=2026-03-23 03:40:00+00:00
[2026-03-23T03:40:24.934+0000] {processor.py:183} INFO - Processing /home/airflow/.local/lib/python3.8/site-packages/airflow/example_dags/example_sla_dag.py took 0.072 seconds
[2026-03-23T03:40:56.052+0000] {processor.py:161} INFO - Started process (PID=487) to work on /home/airflow/.local/lib/python3.8/site-packages/airflow/example_dags/example_sla_dag.py
[2026-03-23T03:40:56.054+0000] {processor.py:830} INFO - Processing file /home/airflow/.local/lib/python3.8/site-packages/airflow/example_dags/example_sla_dag.py for tasks to queue
[2026-03-23T03:40:56.057+0000] {logging_mixin.py:188} INFO - [2026-03-23T03:40:56.056+0000] {dagbag.py:540} INFO - Filling up the DagBag from /home/airflow/.local/lib/python3.8/site-packages/airflow/example_dags/example_sla_dag.py
[2026-03-23T03:40:56.070+0000] {processor.py:840} INFO - DAG(s) 'example_sla_dag' retrieved from /home/airflow/.local/lib/python3.8/site-packages/airflow/example_dags/example_sla_dag.py
[2026-03-23T03:40:56.102+0000] {logging_mixin.py:188} INFO - [2026-03-23T03:40:56.101+0000] {dag.py:3047} INFO - Sync 1 DAGs
[2026-03-23T03:40:56.150+0000] {logging_mixin.py:188} INFO - [2026-03-23T03:40:56.150+0000] {dag.py:3834} INFO - Setting next_dagrun for example_sla_dag to 2026-03-23 03:38:00+00:00, run_after=2026-03-23 03:40:00+00:00
[2026-03-23T03:40:56.191+0000] {processor.py:183} INFO - Processing /home/airflow/.local/lib/python3.8/site-packages/airflow/example_dags/example_sla_dag.py took 0.142 seconds
[2026-03-23T03:41:26.316+0000] {processor.py:161} INFO - Started process (PID=542) to work on /home/airflow/.local/lib/python3.8/site-packages/airflow/example_dags/example_sla_dag.py
[2026-03-23T03:41:26.318+0000] {processor.py:830} INFO - Processing file /home/airflow/.local/lib/python3.8/site-packages/airflow/example_dags/example_sla_dag.py for tasks to queue
[2026-03-23T03:41:26.319+0000] {logging_mixin.py:188} INFO - [2026-03-23T03:41:26.319+0000] {dagbag.py:540} INFO - Filling up the DagBag from /home/airflow/.local/lib/python3.8/site-packages/airflow/example_dags/example_sla_dag.py
[2026-03-23T03:41:26.326+0000] {processor.py:840} INFO - DAG(s) 'example_sla_dag' retrieved from /home/airflow/.local/lib/python3.8/site-packages/airflow/example_dags/example_sla_dag.py
[2026-03-23T03:41:26.344+0000] {logging_mixin.py:188} INFO - [2026-03-23T03:41:26.344+0000] {dag.py:3047} INFO - Sync 1 DAGs
[2026-03-23T03:41:26.366+0000] {logging_mixin.py:188} INFO - [2026-03-23T03:41:26.366+0000] {dag.py:3834} INFO - Setting next_dagrun for example_sla_dag to 2026-03-23 03:38:00+00:00, run_after=2026-03-23 03:40:00+00:00
[2026-03-23T03:41:26.389+0000] {processor.py:183} INFO - Processing /home/airflow/.local/lib/python3.8/site-packages/airflow/example_dags/example_sla_dag.py took 0.076 seconds
[2026-03-23T03:41:56.668+0000] {processor.py:161} INFO - Started process (PID=597) to work on /home/airflow/.local/lib/python3.8/site-packages/airflow/example_dags/example_sla_dag.py
[2026-03-23T03:41:56.669+0000] {processor.py:830} INFO - Processing file /home/airflow/.local/lib/python3.8/site-packages/airflow/example_dags/example_sla_dag.py for tasks to queue
[2026-03-23T03:41:56.671+0000] {logging_mixin.py:188} INFO - [2026-03-23T03:41:56.671+0000] {dagbag.py:540} INFO - Filling up the DagBag from /home/airflow/.local/lib/python3.8/site-packages/airflow/example_dags/example_sla_dag.py
[2026-03-23T03:41:56.678+0000] {processor.py:840} INFO - DAG(s) 'example_sla_dag' retrieved from /home/airflow/.local/lib/python3.8/site-packages/airflow/example_dags/example_sla_dag.py
[2026-03-23T03:41:56.697+0000] {logging_mixin.py:188} INFO - [2026-03-23T03:41:56.697+0000] {dag.py:3047} INFO - Sync 1 DAGs
[2026-03-23T03:41:56.723+0000] {logging_mixin.py:188} INFO - [2026-03-23T03:41:56.723+0000] {dag.py:3834} INFO - Setting next_dagrun for example_sla_dag to 2026-03-23 03:38:00+00:00, run_after=2026-03-23 03:40:00+00:00
[2026-03-23T03:41:56.745+0000] {processor.py:183} INFO - Processing /home/airflow/.local/lib/python3.8/site-packages/airflow/example_dags/example_sla_dag.py took 0.080 seconds
[2026-03-23T03:42:26.792+0000] {processor.py:161} INFO - Started process (PID=652) to work on /home/airflow/.local/lib/python3.8/site-packages/airflow/example_dags/example_sla_dag.py
[2026-03-23T03:42:26.793+0000] {processor.py:830} INFO - Processing file /home/airflow/.local/lib/python3.8/site-packages/airflow/example_dags/example_sla_dag.py for tasks to queue
[2026-03-23T03:42:26.795+0000] {logging_mixin.py:188} INFO - [2026-03-23T03:42:26.795+0000] {dagbag.py:540} INFO - Filling up the DagBag from /home/airflow/.local/lib/python3.8/site-packages/airflow/example_dags/example_sla_dag.py
[2026-03-23T03:42:26.802+0000] {processor.py:840} INFO - DAG(s) 'example_sla_dag' retrieved from /home/airflow/.local/lib/python3.8/site-packages/airflow/example_dags/example_sla_dag.py
[2026-03-23T03:42:26.820+0000] {logging_mixin.py:188} INFO - [2026-03-23T03:42:26.820+0000] {dag.py:3047} INFO - Sync 1 DAGs
[2026-03-23T03:42:26.843+0000] {logging_mixin.py:188} INFO - [2026-03-23T03:42:26.843+0000] {dag.py:3834} INFO - Setting next_dagrun for example_sla_dag to 2026-03-23 03:40:00+00:00, run_after=2026-03-23 03:42:00+00:00
[2026-03-23T03:42:26.867+0000] {processor.py:183} INFO - Processing /home/airflow/.local/lib/python3.8/site-packages/airflow/example_dags/example_sla_dag.py took 0.077 seconds
[2026-03-23T03:42:57.356+0000] {processor.py:161} INFO - Started process (PID=707) to work on /home/airflow/.local/lib/python3.8/site-packages/airflow/example_dags/example_sla_dag.py
[2026-03-23T03:42:57.357+0000] {processor.py:830} INFO - Processing file /home/airflow/.local/lib/python3.8/site-packages/airflow/example_dags/example_sla_dag.py for tasks to queue
[2026-03-23T03:42:57.359+0000] {logging_mixin.py:188} INFO - [2026-03-23T03:42:57.358+0000] {dagbag.py:540} INFO - Filling up the DagBag from /home/airflow/.local/lib/python3.8/site-packages/airflow/example_dags/example_sla_dag.py
[2026-03-23T03:42:57.365+0000] {processor.py:840} INFO - DAG(s) 'example_sla_dag' retrieved from /home/airflow/.local/lib/python3.8/site-packages/airflow/example_dags/example_sla_dag.py
[2026-03-23T03:42:57.384+0000] {logging_mixin.py:188} INFO - [2026-03-23T03:42:57.384+0000] {dag.py:3047} INFO - Sync 1 DAGs
[2026-03-23T03:42:57.407+0000] {logging_mixin.py:188} INFO - [2026-03-23T03:42:57.407+0000] {dag.py:3834} INFO - Setting next_dagrun for example_sla_dag to 2026-03-23 03:40:00+00:00, run_after=2026-03-23 03:42:00+00:00
[2026-03-23T03:42:57.426+0000] {processor.py:183} INFO - Processing /home/airflow/.local/lib/python3.8/site-packages/airflow/example_dags/example_sla_dag.py took 0.073 seconds
[2026-03-23T03:43:27.770+0000] {processor.py:161} INFO - Started process (PID=762) to work on /home/airflow/.local/lib/python3.8/site-packages/airflow/example_dags/example_sla_dag.py
[2026-03-23T03:43:27.771+0000] {processor.py:830} INFO - Processing file /home/airflow/.local/lib/python3.8/site-packages/airflow/example_dags/example_sla_dag.py for tasks to queue
[2026-03-23T03:43:27.773+0000] {logging_mixin.py:188} INFO - [2026-03-23T03:43:27.773+0000] {dagbag.py:540} INFO - Filling up the DagBag from /home/airflow/.local/lib/python3.8/site-packages/airflow/example_dags/example_sla_dag.py
[2026-03-23T03:43:27.781+0000] {processor.py:840} INFO - DAG(s) 'example_sla_dag' retrieved from /home/airflow/.local/lib/python3.8/site-packages/airflow/example_dags/example_sla_dag.py
[2026-03-23T03:43:27.802+0000] {logging_mixin.py:188} INFO - [2026-03-23T03:43:27.802+0000] {dag.py:3047} INFO - Sync 1 DAGs
[2026-03-23T03:43:27.827+0000] {logging_mixin.py:188} INFO - [2026-03-23T03:43:27.827+0000] {dag.py:3834} INFO - Setting next_dagrun for example_sla_dag to 2026-03-23 03:40:00+00:00, run_after=2026-03-23 03:42:00+00:00
[2026-03-23T03:43:27.850+0000] {processor.py:183} INFO - Processing /home/airflow/.local/lib/python3.8/site-packages/airflow/example_dags/example_sla_dag.py took 0.083 seconds
[2026-03-23T03:43:58.282+0000] {processor.py:161} INFO - Started process (PID=817) to work on /home/airflow/.local/lib/python3.8/site-packages/airflow/example_dags/example_sla_dag.py
[2026-03-23T03:43:58.283+0000] {processor.py:830} INFO - Processing file /home/airflow/.local/lib/python3.8/site-packages/airflow/example_dags/example_sla_dag.py for tasks to queue
[2026-03-23T03:43:58.285+0000] {logging_mixin.py:188} INFO - [2026-03-23T03:43:58.285+0000] {dagbag.py:540} INFO - Filling up the DagBag from /home/airflow/.local/lib/python3.8/site-packages/airflow/example_dags/example_sla_dag.py
[2026-03-23T03:43:58.292+0000] {processor.py:840} INFO - DAG(s) 'example_sla_dag' retrieved from /home/airflow/.local/lib/python3.8/site-packages/airflow/example_dags/example_sla_dag.py
[2026-03-23T03:43:58.309+0000] {logging_mixin.py:188} INFO - [2026-03-23T03:43:58.309+0000] {dag.py:3047} INFO - Sync 1 DAGs
[2026-03-23T03:43:58.330+0000] {logging_mixin.py:188} INFO - [2026-03-23T03:43:58.330+0000] {dag.py:3834} INFO - Setting next_dagrun for example_sla_dag to 2026-03-23 03:40:00+00:00, run_after=2026-03-23 03:42:00+00:00
[2026-03-23T03:43:58.351+0000] {processor.py:183} INFO - Processing /home/airflow/.local/lib/python3.8/site-packages/airflow/example_dags/example_sla_dag.py took 0.071 seconds
[2026-03-23T03:44:28.676+0000] {processor.py:161} INFO - Started process (PID=872) to work on /home/airflow/.local/lib/python3.8/site-packages/airflow/example_dags/example_sla_dag.py
[2026-03-23T03:44:28.677+0000] {processor.py:830} INFO - Processing file /home/airflow/.local/lib/python3.8/site-packages/airflow/example_dags/example_sla_dag.py for tasks to queue
[2026-03-23T03:44:28.679+0000] {logging_mixin.py:188} INFO - [2026-03-23T03:44:28.679+0000] {dagbag.py:540} INFO - Filling up the DagBag from /home/airflow/.local/lib/python3.8/site-packages/airflow/example_dags/example_sla_dag.py
[2026-03-23T03:44:28.686+0000] {processor.py:840} INFO - DAG(s) 'example_sla_dag' retrieved from /home/airflow/.local/lib/python3.8/site-packages/airflow/example_dags/example_sla_dag.py
[2026-03-23T03:44:28.704+0000] {logging_mixin.py:188} INFO - [2026-03-23T03:44:28.704+0000] {dag.py:3047} INFO - Sync 1 DAGs
[2026-03-23T03:44:28.728+0000] {logging_mixin.py:188} INFO - [2026-03-23T03:44:28.728+0000] {dag.py:3834} INFO - Setting next_dagrun for example_sla_dag to 2026-03-23 03:42:00+00:00, run_after=2026-03-23 03:44:00+00:00
[2026-03-23T03:44:28.749+0000] {processor.py:183} INFO - Processing /home/airflow/.local/lib/python3.8/site-packages/airflow/example_dags/example_sla_dag.py took 0.076 seconds
[2026-03-23T03:44:59.256+0000] {processor.py:161} INFO - Started process (PID=927) to work on /home/airflow/.local/lib/python3.8/site-packages/airflow/example_dags/example_sla_dag.py
[2026-03-23T03:44:59.257+0000] {processor.py:830} INFO - Processing file /home/airflow/.local/lib/python3.8/site-packages/airflow/example_dags/example_sla_dag.py for tasks to queue
[2026-03-23T03:44:59.259+0000] {logging_mixin.py:188} INFO - [2026-03-23T03:44:59.259+0000] {dagbag.py:540} INFO - Filling up the DagBag from /home/airflow/.local/lib/python3.8/site-packages/airflow/example_dags/example_sla_dag.py
[2026-03-23T03:44:59.266+0000] {processor.py:840} INFO - DAG(s) 'example_sla_dag' retrieved from /home/airflow/.local/lib/python3.8/site-packages/airflow/example_dags/example_sla_dag.py
[2026-03-23T03:44:59.287+0000] {logging_mixin.py:188} INFO - [2026-03-23T03:44:59.287+0000] {dag.py:3047} INFO - Sync 1 DAGs
[2026-03-23T03:44:59.312+0000] {logging_mixin.py:188} INFO - [2026-03-23T03:44:59.311+0000] {dag.py:3834} INFO - Setting next_dagrun for example_sla_dag to 2026-03-23 03:42:00+00:00, run_after=2026-03-23 03:44:00+00:00
[2026-03-23T03:44:59.330+0000] {processor.py:183} INFO - Processing /home/airflow/.local/lib/python3.8/site-packages/airflow/example_dags/example_sla_dag.py took 0.077 seconds
[2026-03-23T03:45:29.491+0000] {processor.py:161} INFO - Started process (PID=982) to work on /home/airflow/.local/lib/python3.8/site-packages/airflow/example_dags/example_sla_dag.py
[2026-03-23T03:45:29.492+0000] {processor.py:830} INFO - Processing file /home/airflow/.local/lib/python3.8/site-packages/airflow/example_dags/example_sla_dag.py for tasks to queue
[2026-03-23T03:45:29.494+0000] {logging_mixin.py:188} INFO - [2026-03-23T03:45:29.494+0000] {dagbag.py:540} INFO - Filling up the DagBag from /home/airflow/.local/lib/python3.8/site-packages/airflow/example_dags/example_sla_dag.py
[2026-03-23T03:45:29.502+0000] {processor.py:840} INFO - DAG(s) 'example_sla_dag' retrieved from /home/airflow/.local/lib/python3.8/site-packages/airflow/example_dags/example_sla_dag.py
[2026-03-23T03:45:29.524+0000] {logging_mixin.py:188} INFO - [2026-03-23T03:45:29.524+0000] {dag.py:3047} INFO - Sync 1 DAGs
[2026-03-23T03:45:29.550+0000] {logging_mixin.py:188} INFO - [2026-03-23T03:45:29.550+0000] {dag.py:3834} INFO - Setting next_dagrun for example_sla_dag to 2026-03-23 03:42:00+00:00, run_after=2026-03-23 03:44:00+00:00
[2026-03-23T03:45:29.576+0000] {processor.py:183} INFO - Processing /home/airflow/.local/lib/python3.8/site-packages/airflow/example_dags/example_sla_dag.py took 0.088 seconds
[2026-03-23T03:45:59.757+0000] {processor.py:161} INFO - Started process (PID=1037) to work on /home/airflow/.local/lib/python3.8/site-packages/airflow/example_dags/example_sla_dag.py
[2026-03-23T03:45:59.758+0000] {processor.py:830} INFO - Processing file /home/airflow/.local/lib/python3.8/site-packages/airflow/example_dags/example_sla_dag.py for tasks to queue
[2026-03-23T03:45:59.760+0000] {logging_mixin.py:188} INFO - [2026-03-23T03:45:59.759+0000] {dagbag.py:540} INFO - Filling up the DagBag from /home/airflow/.local/lib/python3.8/site-packages/airflow/example_dags/example_sla_dag.py
[2026-03-23T03:45:59.768+0000] {processor.py:840} INFO - DAG(s) 'example_sla_dag' retrieved from /home/airflow/.local/lib/python3.8/site-packages/airflow/example_dags/example_sla_dag.py
[2026-03-23T03:45:59.789+0000] {logging_mixin.py:188} INFO - [2026-03-23T03:45:59.789+0000] {dag.py:3047} INFO - Sync 1 DAGs
[2026-03-23T03:45:59.816+0000] {logging_mixin.py:188} INFO - [2026-03-23T03:45:59.816+0000] {dag.py:3834} INFO - Setting next_dagrun for example_sla_dag to 2026-03-23 03:42:00+00:00, run_after=2026-03-23 03:44:00+00:00
[2026-03-23T03:45:59.840+0000] {processor.py:183} INFO - Processing /home/airflow/.local/lib/python3.8/site-packages/airflow/example_dags/example_sla_dag.py took 0.086 seconds
[2026-03-23T03:46:30.048+0000] {processor.py:161} INFO - Started process (PID=1092) to work on /home/airflow/.local/lib/python3.8/site-packages/airflow/example_dags/example_sla_dag.py
[2026-03-23T03:46:30.049+0000] {processor.py:830} INFO - Processing file /home/airflow/.local/lib/python3.8/site-packages/airflow/example_dags/example_sla_dag.py for tasks to queue
[2026-03-23T03:46:30.051+0000] {logging_mixin.py:188} INFO - [2026-03-23T03:46:30.051+0000] {dagbag.py:540} INFO - Filling up the DagBag from /home/airflow/.local/lib/python3.8/site-packages/airflow/example_dags/example_sla_dag.py
[2026-03-23T03:46:30.059+0000] {processor.py:840} INFO - DAG(s) 'example_sla_dag' retrieved from /home/airflow/.local/lib/python3.8/site-packages/airflow/example_dags/example_sla_dag.py
[2026-03-23T03:46:30.080+0000] {logging_mixin.py:188} INFO - [2026-03-23T03:46:30.080+0000] {dag.py:3047} INFO - Sync 1 DAGs
[2026-03-23T03:46:30.108+0000] {logging_mixin.py:188} INFO - [2026-03-23T03:46:30.108+0000] {dag.py:3834} INFO - Setting next_dagrun for example_sla_dag to 2026-03-23 03:44:00+00:00, run_after=2026-03-23 03:46:00+00:00
[2026-03-23T03:46:30.131+0000] {processor.py:183} INFO - Processing /home/airflow/.local/lib/python3.8/site-packages/airflow/example_dags/example_sla_dag.py took 0.086 seconds
[2026-03-23T03:47:00.516+0000] {processor.py:161} INFO - Started process (PID=1147) to work on /home/airflow/.local/lib/python3.8/site-packages/airflow/example_dags/example_sla_dag.py
[2026-03-23T03:47:00.517+0000] {processor.py:830} INFO - Processing file /home/airflow/.local/lib/python3.8/site-packages/airflow/example_dags/example_sla_dag.py for tasks to queue
[2026-03-23T03:47:00.519+0000] {logging_mixin.py:188} INFO - [2026-03-23T03:47:00.518+0000] {dagbag.py:540} INFO - Filling up the DagBag from /home/airflow/.local/lib/python3.8/site-packages/airflow/example_dags/example_sla_dag.py
[2026-03-23T03:47:00.526+0000] {processor.py:840} INFO - DAG(s) 'example_sla_dag' retrieved from /home/airflow/.local/lib/python3.8/site-packages/airflow/example_dags/example_sla_dag.py
[2026-03-23T03:47:00.547+0000] {logging_mixin.py:188} INFO - [2026-03-23T03:47:00.546+0000] {dag.py:3047} INFO - Sync 1 DAGs
[2026-03-23T03:47:00.570+0000] {logging_mixin.py:188} INFO - [2026-03-23T03:47:00.570+0000] {dag.py:3834} INFO - Setting next_dagrun for example_sla_dag to 2026-03-23 03:44:00+00:00, run_after=2026-03-23 03:46:00+00:00
[2026-03-23T03:47:00.591+0000] {processor.py:183} INFO - Processing /home/airflow/.local/lib/python3.8/site-packages/airflow/example_dags/example_sla_dag.py took 0.078 seconds
[2026-03-23T03:47:30.653+0000] {processor.py:161} INFO - Started process (PID=1202) to work on /home/airflow/.local/lib/python3.8/site-packages/airflow/example_dags/example_sla_dag.py
[2026-03-23T03:47:30.654+0000] {processor.py:830} INFO - Processing file /home/airflow/.local/lib/python3.8/site-packages/airflow/example_dags/example_sla_dag.py for tasks to queue
[2026-03-23T03:47:30.656+0000] {logging_mixin.py:188} INFO - [2026-03-23T03:47:30.656+0000] {dagbag.py:540} INFO - Filling up the DagBag from /home/airflow/.local/lib/python3.8/site-packages/airflow/example_dags/example_sla_dag.py
[2026-03-23T03:47:30.664+0000] {processor.py:840} INFO - DAG(s) 'example_sla_dag' retrieved from /home/airflow/.local/lib/python3.8/site-packages/airflow/example_dags/example_sla_dag.py
[2026-03-23T03:47:30.682+0000] {logging_mixin.py:188} INFO - [2026-03-23T03:47:30.682+0000] {dag.py:3047} INFO - Sync 1 DAGs
[2026-03-23T03:47:30.705+0000] {logging_mixin.py:188} INFO - [2026-03-23T03:47:30.705+0000] {dag.py:3834} INFO - Setting next_dagrun for example_sla_dag to 2026-03-23 03:44:00+00:00, run_after=2026-03-23 03:46:00+00:00
[2026-03-23T03:47:30.726+0000] {processor.py:183} INFO - Processing /home/airflow/.local/lib/python3.8/site-packages/airflow/example_dags/example_sla_dag.py took 0.076 seconds
[2026-03-23T03:48:00.963+0000] {processor.py:161} INFO - Started process (PID=1257) to work on /home/airflow/.local/lib/python3.8/site-packages/airflow/example_dags/example_sla_dag.py
[2026-03-23T03:48:00.965+0000] {processor.py:830} INFO - Processing file /home/airflow/.local/lib/python3.8/site-packages/airflow/example_dags/example_sla_dag.py for tasks to queue
[2026-03-23T03:48:00.967+0000] {logging_mixin.py:188} INFO - [2026-03-23T03:48:00.966+0000] {dagbag.py:540} INFO - Filling up the DagBag from /home/airflow/.local/lib/python3.8/site-packages/airflow/example_dags/example_sla_dag.py
[2026-03-23T03:48:00.974+0000] {processor.py:840} INFO - DAG(s) 'example_sla_dag' retrieved from /home/airflow/.local/lib/python3.8/site-packages/airflow/example_dags/example_sla_dag.py
[2026-03-23T03:48:00.998+0000] {logging_mixin.py:188} INFO - [2026-03-23T03:48:00.997+0000] {dag.py:3047} INFO - Sync 1 DAGs
[2026-03-23T03:48:01.026+0000] {logging_mixin.py:188} INFO - [2026-03-23T03:48:01.026+0000] {dag.py:3834} INFO - Setting next_dagrun for example_sla_dag to 2026-03-23 03:46:00+00:00, run_after=2026-03-23 03:48:00+00:00
[2026-03-23T03:48:01.048+0000] {processor.py:183} INFO - Processing /home/airflow/.local/lib/python3.8/site-packages/airflow/example_dags/example_sla_dag.py took 0.088 seconds
[2026-03-23T03:48:31.692+0000] {processor.py:161} INFO - Started process (PID=1312) to work on /home/airflow/.local/lib/python3.8/site-packages/airflow/example_dags/example_sla_dag.py
[2026-03-23T03:48:31.693+0000] {processor.py:830} INFO - Processing file /home/airflow/.local/lib/python3.8/site-packages/airflow/example_dags/example_sla_dag.py for tasks to queue
[2026-03-23T03:48:31.695+0000] {logging_mixin.py:188} INFO - [2026-03-23T03:48:31.695+0000] {dagbag.py:540} INFO - Filling up the DagBag from /home/airflow/.local/lib/python3.8/site-packages/airflow/example_dags/example_sla_dag.py
[2026-03-23T03:48:31.703+0000] {processor.py:840} INFO - DAG(s) 'example_sla_dag' retrieved from /home/airflow/.local/lib/python3.8/site-packages/airflow/example_dags/example_sla_dag.py
[2026-03-23T03:48:31.725+0000] {logging_mixin.py:188} INFO - [2026-03-23T03:48:31.724+0000] {dag.py:3047} INFO - Sync 1 DAGs
[2026-03-23T03:48:31.753+0000] {logging_mixin.py:188} INFO - [2026-03-23T03:48:31.752+0000] {dag.py:3834} INFO - Setting next_dagrun for example_sla_dag to 2026-03-23 03:46:00+00:00, run_after=2026-03-23 03:48:00+00:00
[2026-03-23T03:48:31.780+0000] {processor.py:183} INFO - Processing /home/airflow/.local/lib/python3.8/site-packages/airflow/example_dags/example_sla_dag.py took 0.092 seconds
[2026-03-23T03:49:02.114+0000] {processor.py:161} INFO - Started process (PID=1367) to work on /home/airflow/.local/lib/python3.8/site-packages/airflow/example_dags/example_sla_dag.py
[2026-03-23T03:49:02.116+0000] {processor.py:830} INFO - Processing file /home/airflow/.local/lib/python3.8/site-packages/airflow/example_dags/example_sla_dag.py for tasks to queue
[2026-03-23T03:49:02.118+0000] {logging_mixin.py:188} INFO - [2026-03-23T03:49:02.118+0000] {dagbag.py:540} INFO - Filling up the DagBag from /home/airflow/.local/lib/python3.8/site-packages/airflow/example_dags/example_sla_dag.py
[2026-03-23T03:49:02.126+0000] {processor.py:840} INFO - DAG(s) 'example_sla_dag' retrieved from /home/airflow/.local/lib/python3.8/site-packages/airflow/example_dags/example_sla_dag.py
[2026-03-23T03:49:02.149+0000] {logging_mixin.py:188} INFO - [2026-03-23T03:49:02.149+0000] {dag.py:3047} INFO - Sync 1 DAGs
[2026-03-23T03:49:02.178+0000] {logging_mixin.py:188} INFO - [2026-03-23T03:49:02.178+0000] {dag.py:3834} INFO - Setting next_dagrun for example_sla_dag to 2026-03-23 03:46:00+00:00, run_after=2026-03-23 03:48:00+00:00
[2026-03-23T03:49:02.201+0000] {processor.py:183} INFO - Processing /home/airflow/.local/lib/python3.8/site-packages/airflow/example_dags/example_sla_dag.py took 0.090 seconds
[2026-03-23T03:49:32.527+0000] {processor.py:161} INFO - Started process (PID=1422) to work on /home/airflow/.local/lib/python3.8/site-packages/airflow/example_dags/example_sla_dag.py
[2026-03-23T03:49:32.529+0000] {processor.py:830} INFO - Processing file /home/airflow/.local/lib/python3.8/site-packages/airflow/example_dags/example_sla_dag.py for tasks to queue
[2026-03-23T03:49:32.530+0000] {logging_mixin.py:188} INFO - [2026-03-23T03:49:32.530+0000] {dagbag.py:540} INFO - Filling up the DagBag from /home/airflow/.local/lib/python3.8/site-packages/airflow/example_dags/example_sla_dag.py
[2026-03-23T03:49:32.537+0000] {processor.py:840} INFO - DAG(s) 'example_sla_dag' retrieved from /home/airflow/.local/lib/python3.8/site-packages/airflow/example_dags/example_sla_dag.py
[2026-03-23T03:49:32.556+0000] {logging_mixin.py:188} INFO - [2026-03-23T03:49:32.556+0000] {dag.py:3047} INFO - Sync 1 DAGs
[2026-03-23T03:49:32.576+0000] {logging_mixin.py:188} INFO - [2026-03-23T03:49:32.576+0000] {dag.py:3834} INFO - Setting next_dagrun for example_sla_dag to 2026-03-23 03:46:00+00:00, run_after=2026-03-23 03:48:00+00:00
[2026-03-23T03:49:32.597+0000] {processor.py:183} INFO - Processing /home/airflow/.local/lib/python3.8/site-packages/airflow/example_dags/example_sla_dag.py took 0.073 seconds
[2026-03-23T03:50:49.307+0000] {processor.py:161} INFO - Started process (PID=102) to work on /home/airflow/.local/lib/python3.8/site-packages/airflow/example_dags/example_sla_dag.py
[2026-03-23T03:50:49.309+0000] {processor.py:830} INFO - Processing file /home/airflow/.local/lib/python3.8/site-packages/airflow/example_dags/example_sla_dag.py for tasks to queue
[2026-03-23T03:50:49.311+0000] {logging_mixin.py:188} INFO - [2026-03-23T03:50:49.311+0000] {dagbag.py:540} INFO - Filling up the DagBag from /home/airflow/.local/lib/python3.8/site-packages/airflow/example_dags/example_sla_dag.py
[2026-03-23T03:50:49.323+0000] {processor.py:840} INFO - DAG(s) 'example_sla_dag' retrieved from /home/airflow/.local/lib/python3.8/site-packages/airflow/example_dags/example_sla_dag.py
[2026-03-23T03:50:49.340+0000] {logging_mixin.py:188} INFO - [2026-03-23T03:50:49.339+0000] {dag.py:3047} INFO - Sync 1 DAGs
[2026-03-23T03:50:49.384+0000] {logging_mixin.py:188} INFO - [2026-03-23T03:50:49.384+0000] {dag.py:3834} INFO - Setting next_dagrun for example_sla_dag to 2026-03-23 03:48:00+00:00, run_after=2026-03-23 03:50:00+00:00
[2026-03-23T03:50:49.423+0000] {processor.py:183} INFO - Processing /home/airflow/.local/lib/python3.8/site-packages/airflow/example_dags/example_sla_dag.py took 0.119 seconds
[2026-03-23T03:51:21.501+0000] {processor.py:161} INFO - Started process (PID=157) to work on /home/airflow/.local/lib/python3.8/site-packages/airflow/example_dags/example_sla_dag.py
[2026-03-23T03:51:21.503+0000] {processor.py:830} INFO - Processing file /home/airflow/.local/lib/python3.8/site-packages/airflow/example_dags/example_sla_dag.py for tasks to queue
[2026-03-23T03:51:21.505+0000] {logging_mixin.py:188} INFO - [2026-03-23T03:51:21.504+0000] {dagbag.py:540} INFO - Filling up the DagBag from /home/airflow/.local/lib/python3.8/site-packages/airflow/example_dags/example_sla_dag.py
[2026-03-23T03:51:21.514+0000] {processor.py:840} INFO - DAG(s) 'example_sla_dag' retrieved from /home/airflow/.local/lib/python3.8/site-packages/airflow/example_dags/example_sla_dag.py
[2026-03-23T03:51:21.642+0000] {logging_mixin.py:188} INFO - [2026-03-23T03:51:21.642+0000] {dag.py:3047} INFO - Sync 1 DAGs
[2026-03-23T03:51:21.672+0000] {logging_mixin.py:188} INFO - [2026-03-23T03:51:21.671+0000] {dag.py:3834} INFO - Setting next_dagrun for example_sla_dag to 2026-03-23 03:48:00+00:00, run_after=2026-03-23 03:50:00+00:00
[2026-03-23T03:51:21.699+0000] {processor.py:183} INFO - Processing /home/airflow/.local/lib/python3.8/site-packages/airflow/example_dags/example_sla_dag.py took 0.202 seconds
[2026-03-23T03:51:51.835+0000] {processor.py:161} INFO - Started process (PID=212) to work on /home/airflow/.local/lib/python3.8/site-packages/airflow/example_dags/example_sla_dag.py
[2026-03-23T03:51:51.836+0000] {processor.py:830} INFO - Processing file /home/airflow/.local/lib/python3.8/site-packages/airflow/example_dags/example_sla_dag.py for tasks to queue
[2026-03-23T03:51:51.838+0000] {logging_mixin.py:188} INFO - [2026-03-23T03:51:51.838+0000] {dagbag.py:540} INFO - Filling up the DagBag from /home/airflow/.local/lib/python3.8/site-packages/airflow/example_dags/example_sla_dag.py
[2026-03-23T03:51:51.847+0000] {processor.py:840} INFO - DAG(s) 'example_sla_dag' retrieved from /home/airflow/.local/lib/python3.8/site-packages/airflow/example_dags/example_sla_dag.py
[2026-03-23T03:51:51.870+0000] {logging_mixin.py:188} INFO - [2026-03-23T03:51:51.870+0000] {dag.py:3047} INFO - Sync 1 DAGs
[2026-03-23T03:51:51.899+0000] {logging_mixin.py:188} INFO - [2026-03-23T03:51:51.899+0000] {dag.py:3834} INFO - Setting next_dagrun for example_sla_dag to 2026-03-23 03:48:00+00:00, run_after=2026-03-23 03:50:00+00:00
[2026-03-23T03:51:51.923+0000] {processor.py:183} INFO - Processing /home/airflow/.local/lib/python3.8/site-packages/airflow/example_dags/example_sla_dag.py took 0.092 seconds
[2026-03-23T03:52:22.140+0000] {processor.py:161} INFO - Started process (PID=267) to work on /home/airflow/.local/lib/python3.8/site-packages/airflow/example_dags/example_sla_dag.py
[2026-03-23T03:52:22.142+0000] {processor.py:830} INFO - Processing file /home/airflow/.local/lib/python3.8/site-packages/airflow/example_dags/example_sla_dag.py for tasks to queue
[2026-03-23T03:52:22.144+0000] {logging_mixin.py:188} INFO - [2026-03-23T03:52:22.143+0000] {dagbag.py:540} INFO - Filling up the DagBag from /home/airflow/.local/lib/python3.8/site-packages/airflow/example_dags/example_sla_dag.py
[2026-03-23T03:52:22.152+0000] {processor.py:840} INFO - DAG(s) 'example_sla_dag' retrieved from /home/airflow/.local/lib/python3.8/site-packages/airflow/example_dags/example_sla_dag.py
[2026-03-23T03:52:22.175+0000] {logging_mixin.py:188} INFO - [2026-03-23T03:52:22.175+0000] {dag.py:3047} INFO - Sync 1 DAGs
[2026-03-23T03:52:22.204+0000] {logging_mixin.py:188} INFO - [2026-03-23T03:52:22.204+0000] {dag.py:3834} INFO - Setting next_dagrun for example_sla_dag to 2026-03-23 03:50:00+00:00, run_after=2026-03-23 03:52:00+00:00
[2026-03-23T03:52:22.230+0000] {processor.py:183} INFO - Processing /home/airflow/.local/lib/python3.8/site-packages/airflow/example_dags/example_sla_dag.py took 0.094 seconds
[2026-03-23T03:52:53.024+0000] {processor.py:161} INFO - Started process (PID=322) to work on /home/airflow/.local/lib/python3.8/site-packages/airflow/example_dags/example_sla_dag.py
[2026-03-23T03:52:53.026+0000] {processor.py:830} INFO - Processing file /home/airflow/.local/lib/python3.8/site-packages/airflow/example_dags/example_sla_dag.py for tasks to queue
[2026-03-23T03:52:53.029+0000] {logging_mixin.py:188} INFO - [2026-03-23T03:52:53.028+0000] {dagbag.py:540} INFO - Filling up the DagBag from /home/airflow/.local/lib/python3.8/site-packages/airflow/example_dags/example_sla_dag.py
[2026-03-23T03:52:53.039+0000] {processor.py:840} INFO - DAG(s) 'example_sla_dag' retrieved from /home/airflow/.local/lib/python3.8/site-packages/airflow/example_dags/example_sla_dag.py
[2026-03-23T03:52:53.062+0000] {logging_mixin.py:188} INFO - [2026-03-23T03:52:53.062+0000] {dag.py:3047} INFO - Sync 1 DAGs
[2026-03-23T03:52:53.091+0000] {logging_mixin.py:188} INFO - [2026-03-23T03:52:53.091+0000] {dag.py:3834} INFO - Setting next_dagrun for example_sla_dag to 2026-03-23 03:50:00+00:00, run_after=2026-03-23 03:52:00+00:00
[2026-03-23T03:52:53.116+0000] {processor.py:183} INFO - Processing /home/airflow/.local/lib/python3.8/site-packages/airflow/example_dags/example_sla_dag.py took 0.096 seconds
[2026-03-23T03:53:23.747+0000] {processor.py:161} INFO - Started process (PID=377) to work on /home/airflow/.local/lib/python3.8/site-packages/airflow/example_dags/example_sla_dag.py
[2026-03-23T03:53:23.749+0000] {processor.py:830} INFO - Processing file /home/airflow/.local/lib/python3.8/site-packages/airflow/example_dags/example_sla_dag.py for tasks to queue
[2026-03-23T03:53:23.751+0000] {logging_mixin.py:188} INFO - [2026-03-23T03:53:23.751+0000] {dagbag.py:540} INFO - Filling up the DagBag from /home/airflow/.local/lib/python3.8/site-packages/airflow/example_dags/example_sla_dag.py
[2026-03-23T03:53:23.761+0000] {processor.py:840} INFO - DAG(s) 'example_sla_dag' retrieved from /home/airflow/.local/lib/python3.8/site-packages/airflow/example_dags/example_sla_dag.py
[2026-03-23T03:53:23.797+0000] {logging_mixin.py:188} INFO - [2026-03-23T03:53:23.797+0000] {dag.py:3047} INFO - Sync 1 DAGs
[2026-03-23T03:53:23.837+0000] {logging_mixin.py:188} INFO - [2026-03-23T03:53:23.837+0000] {dag.py:3834} INFO - Setting next_dagrun for example_sla_dag to 2026-03-23 03:50:00+00:00, run_after=2026-03-23 03:52:00+00:00
[2026-03-23T03:53:23.865+0000] {processor.py:183} INFO - Processing /home/airflow/.local/lib/python3.8/site-packages/airflow/example_dags/example_sla_dag.py took 0.121 seconds
[2026-03-23T03:53:54.241+0000] {processor.py:161} INFO - Started process (PID=432) to work on /home/airflow/.local/lib/python3.8/site-packages/airflow/example_dags/example_sla_dag.py
[2026-03-23T03:53:54.242+0000] {processor.py:830} INFO - Processing file /home/airflow/.local/lib/python3.8/site-packages/airflow/example_dags/example_sla_dag.py for tasks to queue
[2026-03-23T03:53:54.245+0000] {logging_mixin.py:188} INFO - [2026-03-23T03:53:54.244+0000] {dagbag.py:540} INFO - Filling up the DagBag from /home/airflow/.local/lib/python3.8/site-packages/airflow/example_dags/example_sla_dag.py
[2026-03-23T03:53:54.254+0000] {processor.py:840} INFO - DAG(s) 'example_sla_dag' retrieved from /home/airflow/.local/lib/python3.8/site-packages/airflow/example_dags/example_sla_dag.py
[2026-03-23T03:53:54.277+0000] {logging_mixin.py:188} INFO - [2026-03-23T03:53:54.276+0000] {dag.py:3047} INFO - Sync 1 DAGs
[2026-03-23T03:53:54.307+0000] {logging_mixin.py:188} INFO - [2026-03-23T03:53:54.306+0000] {dag.py:3834} INFO - Setting next_dagrun for example_sla_dag to 2026-03-23 03:50:00+00:00, run_after=2026-03-23 03:52:00+00:00
[2026-03-23T03:53:54.333+0000] {processor.py:183} INFO - Processing /home/airflow/.local/lib/python3.8/site-packages/airflow/example_dags/example_sla_dag.py took 0.096 seconds
[2026-03-23T03:54:24.533+0000] {processor.py:161} INFO - Started process (PID=487) to work on /home/airflow/.local/lib/python3.8/site-packages/airflow/example_dags/example_sla_dag.py
[2026-03-23T03:54:24.534+0000] {processor.py:830} INFO - Processing file /home/airflow/.local/lib/python3.8/site-packages/airflow/example_dags/example_sla_dag.py for tasks to queue
[2026-03-23T03:54:24.536+0000] {logging_mixin.py:188} INFO - [2026-03-23T03:54:24.535+0000] {dagbag.py:540} INFO - Filling up the DagBag from /home/airflow/.local/lib/python3.8/site-packages/airflow/example_dags/example_sla_dag.py
[2026-03-23T03:54:24.544+0000] {processor.py:840} INFO - DAG(s) 'example_sla_dag' retrieved from /home/airflow/.local/lib/python3.8/site-packages/airflow/example_dags/example_sla_dag.py
[2026-03-23T03:54:24.565+0000] {logging_mixin.py:188} INFO - [2026-03-23T03:54:24.564+0000] {dag.py:3047} INFO - Sync 1 DAGs
[2026-03-23T03:54:24.593+0000] {logging_mixin.py:188} INFO - [2026-03-23T03:54:24.592+0000] {dag.py:3834} INFO - Setting next_dagrun for example_sla_dag to 2026-03-23 03:52:00+00:00, run_after=2026-03-23 03:54:00+00:00
[2026-03-23T03:54:24.615+0000] {processor.py:183} INFO - Processing /home/airflow/.local/lib/python3.8/site-packages/airflow/example_dags/example_sla_dag.py took 0.085 seconds
[2026-03-23T03:54:54.900+0000] {processor.py:161} INFO - Started process (PID=542) to work on /home/airflow/.local/lib/python3.8/site-packages/airflow/example_dags/example_sla_dag.py
[2026-03-23T03:54:54.901+0000] {processor.py:830} INFO - Processing file /home/airflow/.local/lib/python3.8/site-packages/airflow/example_dags/example_sla_dag.py for tasks to queue
[2026-03-23T03:54:54.903+0000] {logging_mixin.py:188} INFO - [2026-03-23T03:54:54.903+0000] {dagbag.py:540} INFO - Filling up the DagBag from /home/airflow/.local/lib/python3.8/site-packages/airflow/example_dags/example_sla_dag.py
[2026-03-23T03:54:54.913+0000] {processor.py:840} INFO - DAG(s) 'example_sla_dag' retrieved from /home/airflow/.local/lib/python3.8/site-packages/airflow/example_dags/example_sla_dag.py
[2026-03-23T03:54:54.940+0000] {logging_mixin.py:188} INFO - [2026-03-23T03:54:54.939+0000] {dag.py:3047} INFO - Sync 1 DAGs
[2026-03-23T03:54:54.973+0000] {logging_mixin.py:188} INFO - [2026-03-23T03:54:54.973+0000] {dag.py:3834} INFO - Setting next_dagrun for example_sla_dag to 2026-03-23 03:52:00+00:00, run_after=2026-03-23 03:54:00+00:00
[2026-03-23T03:54:55.002+0000] {processor.py:183} INFO - Processing /home/airflow/.local/lib/python3.8/site-packages/airflow/example_dags/example_sla_dag.py took 0.105 seconds
[2026-03-23T03:55:25.131+0000] {processor.py:161} INFO - Started process (PID=597) to work on /home/airflow/.local/lib/python3.8/site-packages/airflow/example_dags/example_sla_dag.py
[2026-03-23T03:55:25.132+0000] {processor.py:830} INFO - Processing file /home/airflow/.local/lib/python3.8/site-packages/airflow/example_dags/example_sla_dag.py for tasks to queue
[2026-03-23T03:55:25.134+0000] {logging_mixin.py:188} INFO - [2026-03-23T03:55:25.134+0000] {dagbag.py:540} INFO - Filling up the DagBag from /home/airflow/.local/lib/python3.8/site-packages/airflow/example_dags/example_sla_dag.py
[2026-03-23T03:55:25.141+0000] {processor.py:840} INFO - DAG(s) 'example_sla_dag' retrieved from /home/airflow/.local/lib/python3.8/site-packages/airflow/example_dags/example_sla_dag.py
[2026-03-23T03:55:25.160+0000] {logging_mixin.py:188} INFO - [2026-03-23T03:55:25.160+0000] {dag.py:3047} INFO - Sync 1 DAGs
[2026-03-23T03:55:25.186+0000] {logging_mixin.py:188} INFO - [2026-03-23T03:55:25.186+0000] {dag.py:3834} INFO - Setting next_dagrun for example_sla_dag to 2026-03-23 03:52:00+00:00, run_after=2026-03-23 03:54:00+00:00
[2026-03-23T03:55:25.208+0000] {processor.py:183} INFO - Processing /home/airflow/.local/lib/python3.8/site-packages/airflow/example_dags/example_sla_dag.py took 0.081 seconds
[2026-03-23T03:55:55.408+0000] {processor.py:161} INFO - Started process (PID=652) to work on /home/airflow/.local/lib/python3.8/site-packages/airflow/example_dags/example_sla_dag.py
[2026-03-23T03:55:55.409+0000] {processor.py:830} INFO - Processing file /home/airflow/.local/lib/python3.8/site-packages/airflow/example_dags/example_sla_dag.py for tasks to queue
[2026-03-23T03:55:55.411+0000] {logging_mixin.py:188} INFO - [2026-03-23T03:55:55.411+0000] {dagbag.py:540} INFO - Filling up the DagBag from /home/airflow/.local/lib/python3.8/site-packages/airflow/example_dags/example_sla_dag.py
[2026-03-23T03:55:55.420+0000] {processor.py:840} INFO - DAG(s) 'example_sla_dag' retrieved from /home/airflow/.local/lib/python3.8/site-packages/airflow/example_dags/example_sla_dag.py
[2026-03-23T03:55:55.442+0000] {logging_mixin.py:188} INFO - [2026-03-23T03:55:55.442+0000] {dag.py:3047} INFO - Sync 1 DAGs
[2026-03-23T03:55:55.471+0000] {logging_mixin.py:188} INFO - [2026-03-23T03:55:55.471+0000] {dag.py:3834} INFO - Setting next_dagrun for example_sla_dag to 2026-03-23 03:52:00+00:00, run_after=2026-03-23 03:54:00+00:00
[2026-03-23T03:55:55.495+0000] {processor.py:183} INFO - Processing /home/airflow/.local/lib/python3.8/site-packages/airflow/example_dags/example_sla_dag.py took 0.090 seconds
[2026-03-23T03:56:25.740+0000] {processor.py:161} INFO - Started process (PID=707) to work on /home/airflow/.local/lib/python3.8/site-packages/airflow/example_dags/example_sla_dag.py
[2026-03-23T03:56:25.741+0000] {processor.py:830} INFO - Processing file /home/airflow/.local/lib/python3.8/site-packages/airflow/example_dags/example_sla_dag.py for tasks to queue
[2026-03-23T03:56:25.743+0000] {logging_mixin.py:188} INFO - [2026-03-23T03:56:25.742+0000] {dagbag.py:540} INFO - Filling up the DagBag from /home/airflow/.local/lib/python3.8/site-packages/airflow/example_dags/example_sla_dag.py
[2026-03-23T03:56:25.751+0000] {processor.py:840} INFO - DAG(s) 'example_sla_dag' retrieved from /home/airflow/.local/lib/python3.8/site-packages/airflow/example_dags/example_sla_dag.py
[2026-03-23T03:56:25.772+0000] {logging_mixin.py:188} INFO - [2026-03-23T03:56:25.772+0000] {dag.py:3047} INFO - Sync 1 DAGs
[2026-03-23T03:56:25.803+0000] {logging_mixin.py:188} INFO - [2026-03-23T03:56:25.803+0000] {dag.py:3834} INFO - Setting next_dagrun for example_sla_dag to 2026-03-23 03:54:00+00:00, run_after=2026-03-23 03:56:00+00:00
[2026-03-23T03:56:25.827+0000] {processor.py:183} INFO - Processing /home/airflow/.local/lib/python3.8/site-packages/airflow/example_dags/example_sla_dag.py took 0.090 seconds
