[2026-03-23T03:21:15.000+0000] {processor.py:161} INFO - Started process (PID=80) to work on /home/airflow/.local/lib/python3.8/site-packages/airflow/example_dags/example_xcom.py
[2026-03-23T03:21:15.002+0000] {processor.py:830} INFO - Processing file /home/airflow/.local/lib/python3.8/site-packages/airflow/example_dags/example_xcom.py for tasks to queue
[2026-03-23T03:21:15.004+0000] {logging_mixin.py:188} INFO - [2026-03-23T03:21:15.004+0000] {dagbag.py:540} INFO - Filling up the DagBag from /home/airflow/.local/lib/python3.8/site-packages/airflow/example_dags/example_xcom.py
[2026-03-23T03:21:15.015+0000] {processor.py:840} INFO - DAG(s) 'example_xcom' retrieved from /home/airflow/.local/lib/python3.8/site-packages/airflow/example_dags/example_xcom.py
[2026-03-23T03:21:15.032+0000] {logging_mixin.py:188} INFO - [2026-03-23T03:21:15.032+0000] {dag.py:3047} INFO - Sync 1 DAGs
[2026-03-23T03:21:15.060+0000] {logging_mixin.py:188} INFO - [2026-03-23T03:21:15.060+0000] {dag.py:3834} INFO - Setting next_dagrun for example_xcom to 2021-01-01 00:00:00+00:00, run_after=2021-01-01 00:00:00+00:00
[2026-03-23T03:21:15.085+0000] {processor.py:183} INFO - Processing /home/airflow/.local/lib/python3.8/site-packages/airflow/example_dags/example_xcom.py took 0.090 seconds
[2026-03-23T03:21:45.140+0000] {processor.py:161} INFO - Started process (PID=135) to work on /home/airflow/.local/lib/python3.8/site-packages/airflow/example_dags/example_xcom.py
[2026-03-23T03:21:45.141+0000] {processor.py:830} INFO - Processing file /home/airflow/.local/lib/python3.8/site-packages/airflow/example_dags/example_xcom.py for tasks to queue
[2026-03-23T03:21:45.143+0000] {logging_mixin.py:188} INFO - [2026-03-23T03:21:45.142+0000] {dagbag.py:540} INFO - Filling up the DagBag from /home/airflow/.local/lib/python3.8/site-packages/airflow/example_dags/example_xcom.py
[2026-03-23T03:21:45.150+0000] {processor.py:840} INFO - DAG(s) 'example_xcom' retrieved from /home/airflow/.local/lib/python3.8/site-packages/airflow/example_dags/example_xcom.py
[2026-03-23T03:21:45.162+0000] {logging_mixin.py:188} INFO - [2026-03-23T03:21:45.162+0000] {dag.py:3047} INFO - Sync 1 DAGs
[2026-03-23T03:21:45.184+0000] {logging_mixin.py:188} INFO - [2026-03-23T03:21:45.184+0000] {dag.py:3834} INFO - Setting next_dagrun for example_xcom to 2021-01-01 00:00:00+00:00, run_after=2021-01-01 00:00:00+00:00
[2026-03-23T03:21:45.204+0000] {processor.py:183} INFO - Processing /home/airflow/.local/lib/python3.8/site-packages/airflow/example_dags/example_xcom.py took 0.067 seconds
[2026-03-23T03:22:16.895+0000] {processor.py:161} INFO - Started process (PID=190) to work on /home/airflow/.local/lib/python3.8/site-packages/airflow/example_dags/example_xcom.py
[2026-03-23T03:22:16.896+0000] {processor.py:830} INFO - Processing file /home/airflow/.local/lib/python3.8/site-packages/airflow/example_dags/example_xcom.py for tasks to queue
[2026-03-23T03:22:16.897+0000] {logging_mixin.py:188} INFO - [2026-03-23T03:22:16.897+0000] {dagbag.py:540} INFO - Filling up the DagBag from /home/airflow/.local/lib/python3.8/site-packages/airflow/example_dags/example_xcom.py
[2026-03-23T03:22:16.904+0000] {processor.py:840} INFO - DAG(s) 'example_xcom' retrieved from /home/airflow/.local/lib/python3.8/site-packages/airflow/example_dags/example_xcom.py
[2026-03-23T03:22:16.995+0000] {logging_mixin.py:188} INFO - [2026-03-23T03:22:16.995+0000] {dag.py:3047} INFO - Sync 1 DAGs
[2026-03-23T03:22:17.014+0000] {logging_mixin.py:188} INFO - [2026-03-23T03:22:17.014+0000] {dag.py:3834} INFO - Setting next_dagrun for example_xcom to 2021-01-01 00:00:00+00:00, run_after=2021-01-01 00:00:00+00:00
[2026-03-23T03:22:17.036+0000] {processor.py:183} INFO - Processing /home/airflow/.local/lib/python3.8/site-packages/airflow/example_dags/example_xcom.py took 0.145 seconds
[2026-03-23T03:22:47.847+0000] {processor.py:161} INFO - Started process (PID=251) to work on /home/airflow/.local/lib/python3.8/site-packages/airflow/example_dags/example_xcom.py
[2026-03-23T03:22:47.849+0000] {processor.py:830} INFO - Processing file /home/airflow/.local/lib/python3.8/site-packages/airflow/example_dags/example_xcom.py for tasks to queue
[2026-03-23T03:22:47.850+0000] {logging_mixin.py:188} INFO - [2026-03-23T03:22:47.850+0000] {dagbag.py:540} INFO - Filling up the DagBag from /home/airflow/.local/lib/python3.8/site-packages/airflow/example_dags/example_xcom.py
[2026-03-23T03:22:47.857+0000] {processor.py:840} INFO - DAG(s) 'example_xcom' retrieved from /home/airflow/.local/lib/python3.8/site-packages/airflow/example_dags/example_xcom.py
[2026-03-23T03:22:47.876+0000] {logging_mixin.py:188} INFO - [2026-03-23T03:22:47.876+0000] {dag.py:3047} INFO - Sync 1 DAGs
[2026-03-23T03:22:47.900+0000] {logging_mixin.py:188} INFO - [2026-03-23T03:22:47.899+0000] {dag.py:3834} INFO - Setting next_dagrun for example_xcom to 2021-01-01 00:00:00+00:00, run_after=2021-01-01 00:00:00+00:00
[2026-03-23T03:22:47.926+0000] {processor.py:183} INFO - Processing /home/airflow/.local/lib/python3.8/site-packages/airflow/example_dags/example_xcom.py took 0.082 seconds
[2026-03-23T03:23:18.871+0000] {processor.py:161} INFO - Started process (PID=306) to work on /home/airflow/.local/lib/python3.8/site-packages/airflow/example_dags/example_xcom.py
[2026-03-23T03:23:18.873+0000] {processor.py:830} INFO - Processing file /home/airflow/.local/lib/python3.8/site-packages/airflow/example_dags/example_xcom.py for tasks to queue
[2026-03-23T03:23:18.875+0000] {logging_mixin.py:188} INFO - [2026-03-23T03:23:18.875+0000] {dagbag.py:540} INFO - Filling up the DagBag from /home/airflow/.local/lib/python3.8/site-packages/airflow/example_dags/example_xcom.py
[2026-03-23T03:23:18.884+0000] {processor.py:840} INFO - DAG(s) 'example_xcom' retrieved from /home/airflow/.local/lib/python3.8/site-packages/airflow/example_dags/example_xcom.py
[2026-03-23T03:23:18.904+0000] {logging_mixin.py:188} INFO - [2026-03-23T03:23:18.903+0000] {dag.py:3047} INFO - Sync 1 DAGs
[2026-03-23T03:23:18.924+0000] {logging_mixin.py:188} INFO - [2026-03-23T03:23:18.923+0000] {dag.py:3834} INFO - Setting next_dagrun for example_xcom to 2021-01-01 00:00:00+00:00, run_after=2021-01-01 00:00:00+00:00
[2026-03-23T03:23:18.945+0000] {processor.py:183} INFO - Processing /home/airflow/.local/lib/python3.8/site-packages/airflow/example_dags/example_xcom.py took 0.076 seconds
[2026-03-23T03:25:09.158+0000] {processor.py:161} INFO - Started process (PID=80) to work on /home/airflow/.local/lib/python3.8/site-packages/airflow/example_dags/example_xcom.py
[2026-03-23T03:25:09.160+0000] {processor.py:830} INFO - Processing file /home/airflow/.local/lib/python3.8/site-packages/airflow/example_dags/example_xcom.py for tasks to queue
[2026-03-23T03:25:09.162+0000] {logging_mixin.py:188} INFO - [2026-03-23T03:25:09.162+0000] {dagbag.py:540} INFO - Filling up the DagBag from /home/airflow/.local/lib/python3.8/site-packages/airflow/example_dags/example_xcom.py
[2026-03-23T03:25:09.172+0000] {processor.py:840} INFO - DAG(s) 'example_xcom' retrieved from /home/airflow/.local/lib/python3.8/site-packages/airflow/example_dags/example_xcom.py
[2026-03-23T03:25:09.187+0000] {logging_mixin.py:188} INFO - [2026-03-23T03:25:09.187+0000] {dag.py:3047} INFO - Sync 1 DAGs
[2026-03-23T03:25:09.220+0000] {logging_mixin.py:188} INFO - [2026-03-23T03:25:09.220+0000] {dag.py:3834} INFO - Setting next_dagrun for example_xcom to 2021-01-01 00:00:00+00:00, run_after=2021-01-01 00:00:00+00:00
[2026-03-23T03:25:09.254+0000] {processor.py:183} INFO - Processing /home/airflow/.local/lib/python3.8/site-packages/airflow/example_dags/example_xcom.py took 0.100 seconds
[2026-03-23T03:25:40.866+0000] {processor.py:161} INFO - Started process (PID=135) to work on /home/airflow/.local/lib/python3.8/site-packages/airflow/example_dags/example_xcom.py
[2026-03-23T03:25:40.867+0000] {processor.py:830} INFO - Processing file /home/airflow/.local/lib/python3.8/site-packages/airflow/example_dags/example_xcom.py for tasks to queue
[2026-03-23T03:25:40.870+0000] {logging_mixin.py:188} INFO - [2026-03-23T03:25:40.869+0000] {dagbag.py:540} INFO - Filling up the DagBag from /home/airflow/.local/lib/python3.8/site-packages/airflow/example_dags/example_xcom.py
[2026-03-23T03:25:40.877+0000] {processor.py:840} INFO - DAG(s) 'example_xcom' retrieved from /home/airflow/.local/lib/python3.8/site-packages/airflow/example_dags/example_xcom.py
[2026-03-23T03:25:41.000+0000] {logging_mixin.py:188} INFO - [2026-03-23T03:25:41.000+0000] {dag.py:3047} INFO - Sync 1 DAGs
[2026-03-23T03:25:41.031+0000] {logging_mixin.py:188} INFO - [2026-03-23T03:25:41.030+0000] {dag.py:3834} INFO - Setting next_dagrun for example_xcom to 2021-01-01 00:00:00+00:00, run_after=2021-01-01 00:00:00+00:00
[2026-03-23T03:25:41.059+0000] {processor.py:183} INFO - Processing /home/airflow/.local/lib/python3.8/site-packages/airflow/example_dags/example_xcom.py took 0.197 seconds
[2026-03-23T03:26:11.093+0000] {processor.py:161} INFO - Started process (PID=190) to work on /home/airflow/.local/lib/python3.8/site-packages/airflow/example_dags/example_xcom.py
[2026-03-23T03:26:11.094+0000] {processor.py:830} INFO - Processing file /home/airflow/.local/lib/python3.8/site-packages/airflow/example_dags/example_xcom.py for tasks to queue
[2026-03-23T03:26:11.096+0000] {logging_mixin.py:188} INFO - [2026-03-23T03:26:11.096+0000] {dagbag.py:540} INFO - Filling up the DagBag from /home/airflow/.local/lib/python3.8/site-packages/airflow/example_dags/example_xcom.py
[2026-03-23T03:26:11.104+0000] {processor.py:840} INFO - DAG(s) 'example_xcom' retrieved from /home/airflow/.local/lib/python3.8/site-packages/airflow/example_dags/example_xcom.py
[2026-03-23T03:26:11.131+0000] {logging_mixin.py:188} INFO - [2026-03-23T03:26:11.131+0000] {dag.py:3047} INFO - Sync 1 DAGs
[2026-03-23T03:26:11.160+0000] {logging_mixin.py:188} INFO - [2026-03-23T03:26:11.160+0000] {dag.py:3834} INFO - Setting next_dagrun for example_xcom to 2021-01-01 00:00:00+00:00, run_after=2021-01-01 00:00:00+00:00
[2026-03-23T03:26:11.188+0000] {processor.py:183} INFO - Processing /home/airflow/.local/lib/python3.8/site-packages/airflow/example_dags/example_xcom.py took 0.098 seconds
[2026-03-23T03:26:42.191+0000] {processor.py:161} INFO - Started process (PID=251) to work on /home/airflow/.local/lib/python3.8/site-packages/airflow/example_dags/example_xcom.py
[2026-03-23T03:26:42.192+0000] {processor.py:830} INFO - Processing file /home/airflow/.local/lib/python3.8/site-packages/airflow/example_dags/example_xcom.py for tasks to queue
[2026-03-23T03:26:42.194+0000] {logging_mixin.py:188} INFO - [2026-03-23T03:26:42.194+0000] {dagbag.py:540} INFO - Filling up the DagBag from /home/airflow/.local/lib/python3.8/site-packages/airflow/example_dags/example_xcom.py
[2026-03-23T03:26:42.203+0000] {processor.py:840} INFO - DAG(s) 'example_xcom' retrieved from /home/airflow/.local/lib/python3.8/site-packages/airflow/example_dags/example_xcom.py
[2026-03-23T03:26:42.226+0000] {logging_mixin.py:188} INFO - [2026-03-23T03:26:42.226+0000] {dag.py:3047} INFO - Sync 1 DAGs
[2026-03-23T03:26:42.249+0000] {logging_mixin.py:188} INFO - [2026-03-23T03:26:42.249+0000] {dag.py:3834} INFO - Setting next_dagrun for example_xcom to 2021-01-01 00:00:00+00:00, run_after=2021-01-01 00:00:00+00:00
[2026-03-23T03:26:42.275+0000] {processor.py:183} INFO - Processing /home/airflow/.local/lib/python3.8/site-packages/airflow/example_dags/example_xcom.py took 0.087 seconds
[2026-03-23T03:27:12.634+0000] {processor.py:161} INFO - Started process (PID=306) to work on /home/airflow/.local/lib/python3.8/site-packages/airflow/example_dags/example_xcom.py
[2026-03-23T03:27:12.635+0000] {processor.py:830} INFO - Processing file /home/airflow/.local/lib/python3.8/site-packages/airflow/example_dags/example_xcom.py for tasks to queue
[2026-03-23T03:27:12.637+0000] {logging_mixin.py:188} INFO - [2026-03-23T03:27:12.636+0000] {dagbag.py:540} INFO - Filling up the DagBag from /home/airflow/.local/lib/python3.8/site-packages/airflow/example_dags/example_xcom.py
[2026-03-23T03:27:12.643+0000] {processor.py:840} INFO - DAG(s) 'example_xcom' retrieved from /home/airflow/.local/lib/python3.8/site-packages/airflow/example_dags/example_xcom.py
[2026-03-23T03:27:12.665+0000] {logging_mixin.py:188} INFO - [2026-03-23T03:27:12.665+0000] {dag.py:3047} INFO - Sync 1 DAGs
[2026-03-23T03:27:12.686+0000] {logging_mixin.py:188} INFO - [2026-03-23T03:27:12.686+0000] {dag.py:3834} INFO - Setting next_dagrun for example_xcom to 2021-01-01 00:00:00+00:00, run_after=2021-01-01 00:00:00+00:00
[2026-03-23T03:27:12.708+0000] {processor.py:183} INFO - Processing /home/airflow/.local/lib/python3.8/site-packages/airflow/example_dags/example_xcom.py took 0.077 seconds
[2026-03-23T03:27:42.818+0000] {processor.py:161} INFO - Started process (PID=361) to work on /home/airflow/.local/lib/python3.8/site-packages/airflow/example_dags/example_xcom.py
[2026-03-23T03:27:42.819+0000] {processor.py:830} INFO - Processing file /home/airflow/.local/lib/python3.8/site-packages/airflow/example_dags/example_xcom.py for tasks to queue
[2026-03-23T03:27:42.820+0000] {logging_mixin.py:188} INFO - [2026-03-23T03:27:42.820+0000] {dagbag.py:540} INFO - Filling up the DagBag from /home/airflow/.local/lib/python3.8/site-packages/airflow/example_dags/example_xcom.py
[2026-03-23T03:27:42.827+0000] {processor.py:840} INFO - DAG(s) 'example_xcom' retrieved from /home/airflow/.local/lib/python3.8/site-packages/airflow/example_dags/example_xcom.py
[2026-03-23T03:27:42.846+0000] {logging_mixin.py:188} INFO - [2026-03-23T03:27:42.846+0000] {dag.py:3047} INFO - Sync 1 DAGs
[2026-03-23T03:27:42.865+0000] {logging_mixin.py:188} INFO - [2026-03-23T03:27:42.865+0000] {dag.py:3834} INFO - Setting next_dagrun for example_xcom to 2021-01-01 00:00:00+00:00, run_after=2021-01-01 00:00:00+00:00
[2026-03-23T03:27:42.889+0000] {processor.py:183} INFO - Processing /home/airflow/.local/lib/python3.8/site-packages/airflow/example_dags/example_xcom.py took 0.074 seconds
[2026-03-23T03:28:13.160+0000] {processor.py:161} INFO - Started process (PID=416) to work on /home/airflow/.local/lib/python3.8/site-packages/airflow/example_dags/example_xcom.py
[2026-03-23T03:28:13.161+0000] {processor.py:830} INFO - Processing file /home/airflow/.local/lib/python3.8/site-packages/airflow/example_dags/example_xcom.py for tasks to queue
[2026-03-23T03:28:13.162+0000] {logging_mixin.py:188} INFO - [2026-03-23T03:28:13.162+0000] {dagbag.py:540} INFO - Filling up the DagBag from /home/airflow/.local/lib/python3.8/site-packages/airflow/example_dags/example_xcom.py
[2026-03-23T03:28:13.169+0000] {processor.py:840} INFO - DAG(s) 'example_xcom' retrieved from /home/airflow/.local/lib/python3.8/site-packages/airflow/example_dags/example_xcom.py
[2026-03-23T03:28:13.189+0000] {logging_mixin.py:188} INFO - [2026-03-23T03:28:13.188+0000] {dag.py:3047} INFO - Sync 1 DAGs
[2026-03-23T03:28:13.207+0000] {logging_mixin.py:188} INFO - [2026-03-23T03:28:13.207+0000] {dag.py:3834} INFO - Setting next_dagrun for example_xcom to 2021-01-01 00:00:00+00:00, run_after=2021-01-01 00:00:00+00:00
[2026-03-23T03:28:13.227+0000] {processor.py:183} INFO - Processing /home/airflow/.local/lib/python3.8/site-packages/airflow/example_dags/example_xcom.py took 0.070 seconds
[2026-03-23T03:28:43.617+0000] {processor.py:161} INFO - Started process (PID=471) to work on /home/airflow/.local/lib/python3.8/site-packages/airflow/example_dags/example_xcom.py
[2026-03-23T03:28:43.619+0000] {processor.py:830} INFO - Processing file /home/airflow/.local/lib/python3.8/site-packages/airflow/example_dags/example_xcom.py for tasks to queue
[2026-03-23T03:28:43.620+0000] {logging_mixin.py:188} INFO - [2026-03-23T03:28:43.620+0000] {dagbag.py:540} INFO - Filling up the DagBag from /home/airflow/.local/lib/python3.8/site-packages/airflow/example_dags/example_xcom.py
[2026-03-23T03:28:43.627+0000] {processor.py:840} INFO - DAG(s) 'example_xcom' retrieved from /home/airflow/.local/lib/python3.8/site-packages/airflow/example_dags/example_xcom.py
[2026-03-23T03:28:43.648+0000] {logging_mixin.py:188} INFO - [2026-03-23T03:28:43.648+0000] {dag.py:3047} INFO - Sync 1 DAGs
[2026-03-23T03:28:43.667+0000] {logging_mixin.py:188} INFO - [2026-03-23T03:28:43.667+0000] {dag.py:3834} INFO - Setting next_dagrun for example_xcom to 2021-01-01 00:00:00+00:00, run_after=2021-01-01 00:00:00+00:00
[2026-03-23T03:28:43.686+0000] {processor.py:183} INFO - Processing /home/airflow/.local/lib/python3.8/site-packages/airflow/example_dags/example_xcom.py took 0.072 seconds
[2026-03-23T03:29:14.048+0000] {processor.py:161} INFO - Started process (PID=526) to work on /home/airflow/.local/lib/python3.8/site-packages/airflow/example_dags/example_xcom.py
[2026-03-23T03:29:14.049+0000] {processor.py:830} INFO - Processing file /home/airflow/.local/lib/python3.8/site-packages/airflow/example_dags/example_xcom.py for tasks to queue
[2026-03-23T03:29:14.051+0000] {logging_mixin.py:188} INFO - [2026-03-23T03:29:14.050+0000] {dagbag.py:540} INFO - Filling up the DagBag from /home/airflow/.local/lib/python3.8/site-packages/airflow/example_dags/example_xcom.py
[2026-03-23T03:29:14.058+0000] {processor.py:840} INFO - DAG(s) 'example_xcom' retrieved from /home/airflow/.local/lib/python3.8/site-packages/airflow/example_dags/example_xcom.py
[2026-03-23T03:29:14.079+0000] {logging_mixin.py:188} INFO - [2026-03-23T03:29:14.078+0000] {dag.py:3047} INFO - Sync 1 DAGs
[2026-03-23T03:29:14.101+0000] {logging_mixin.py:188} INFO - [2026-03-23T03:29:14.100+0000] {dag.py:3834} INFO - Setting next_dagrun for example_xcom to 2021-01-01 00:00:00+00:00, run_after=2021-01-01 00:00:00+00:00
[2026-03-23T03:29:14.128+0000] {processor.py:183} INFO - Processing /home/airflow/.local/lib/python3.8/site-packages/airflow/example_dags/example_xcom.py took 0.084 seconds
[2026-03-23T03:29:44.179+0000] {processor.py:161} INFO - Started process (PID=581) to work on /home/airflow/.local/lib/python3.8/site-packages/airflow/example_dags/example_xcom.py
[2026-03-23T03:29:44.180+0000] {processor.py:830} INFO - Processing file /home/airflow/.local/lib/python3.8/site-packages/airflow/example_dags/example_xcom.py for tasks to queue
[2026-03-23T03:29:44.182+0000] {logging_mixin.py:188} INFO - [2026-03-23T03:29:44.182+0000] {dagbag.py:540} INFO - Filling up the DagBag from /home/airflow/.local/lib/python3.8/site-packages/airflow/example_dags/example_xcom.py
[2026-03-23T03:29:44.189+0000] {processor.py:840} INFO - DAG(s) 'example_xcom' retrieved from /home/airflow/.local/lib/python3.8/site-packages/airflow/example_dags/example_xcom.py
[2026-03-23T03:29:44.209+0000] {logging_mixin.py:188} INFO - [2026-03-23T03:29:44.209+0000] {dag.py:3047} INFO - Sync 1 DAGs
[2026-03-23T03:29:44.230+0000] {logging_mixin.py:188} INFO - [2026-03-23T03:29:44.230+0000] {dag.py:3834} INFO - Setting next_dagrun for example_xcom to 2021-01-01 00:00:00+00:00, run_after=2021-01-01 00:00:00+00:00
[2026-03-23T03:29:44.253+0000] {processor.py:183} INFO - Processing /home/airflow/.local/lib/python3.8/site-packages/airflow/example_dags/example_xcom.py took 0.077 seconds
[2026-03-23T03:30:14.655+0000] {processor.py:161} INFO - Started process (PID=636) to work on /home/airflow/.local/lib/python3.8/site-packages/airflow/example_dags/example_xcom.py
[2026-03-23T03:30:14.656+0000] {processor.py:830} INFO - Processing file /home/airflow/.local/lib/python3.8/site-packages/airflow/example_dags/example_xcom.py for tasks to queue
[2026-03-23T03:30:14.659+0000] {logging_mixin.py:188} INFO - [2026-03-23T03:30:14.658+0000] {dagbag.py:540} INFO - Filling up the DagBag from /home/airflow/.local/lib/python3.8/site-packages/airflow/example_dags/example_xcom.py
[2026-03-23T03:30:14.667+0000] {processor.py:840} INFO - DAG(s) 'example_xcom' retrieved from /home/airflow/.local/lib/python3.8/site-packages/airflow/example_dags/example_xcom.py
[2026-03-23T03:30:14.695+0000] {logging_mixin.py:188} INFO - [2026-03-23T03:30:14.695+0000] {dag.py:3047} INFO - Sync 1 DAGs
[2026-03-23T03:30:14.722+0000] {logging_mixin.py:188} INFO - [2026-03-23T03:30:14.721+0000] {dag.py:3834} INFO - Setting next_dagrun for example_xcom to 2021-01-01 00:00:00+00:00, run_after=2021-01-01 00:00:00+00:00
[2026-03-23T03:30:14.750+0000] {processor.py:183} INFO - Processing /home/airflow/.local/lib/python3.8/site-packages/airflow/example_dags/example_xcom.py took 0.099 seconds
[2026-03-23T03:30:44.823+0000] {processor.py:161} INFO - Started process (PID=691) to work on /home/airflow/.local/lib/python3.8/site-packages/airflow/example_dags/example_xcom.py
[2026-03-23T03:30:44.825+0000] {processor.py:830} INFO - Processing file /home/airflow/.local/lib/python3.8/site-packages/airflow/example_dags/example_xcom.py for tasks to queue
[2026-03-23T03:30:44.826+0000] {logging_mixin.py:188} INFO - [2026-03-23T03:30:44.826+0000] {dagbag.py:540} INFO - Filling up the DagBag from /home/airflow/.local/lib/python3.8/site-packages/airflow/example_dags/example_xcom.py
[2026-03-23T03:30:44.833+0000] {processor.py:840} INFO - DAG(s) 'example_xcom' retrieved from /home/airflow/.local/lib/python3.8/site-packages/airflow/example_dags/example_xcom.py
[2026-03-23T03:30:44.854+0000] {logging_mixin.py:188} INFO - [2026-03-23T03:30:44.853+0000] {dag.py:3047} INFO - Sync 1 DAGs
[2026-03-23T03:30:44.872+0000] {logging_mixin.py:188} INFO - [2026-03-23T03:30:44.871+0000] {dag.py:3834} INFO - Setting next_dagrun for example_xcom to 2021-01-01 00:00:00+00:00, run_after=2021-01-01 00:00:00+00:00
[2026-03-23T03:30:44.892+0000] {processor.py:183} INFO - Processing /home/airflow/.local/lib/python3.8/site-packages/airflow/example_dags/example_xcom.py took 0.071 seconds
[2026-03-23T03:31:14.939+0000] {processor.py:161} INFO - Started process (PID=746) to work on /home/airflow/.local/lib/python3.8/site-packages/airflow/example_dags/example_xcom.py
[2026-03-23T03:31:14.941+0000] {processor.py:830} INFO - Processing file /home/airflow/.local/lib/python3.8/site-packages/airflow/example_dags/example_xcom.py for tasks to queue
[2026-03-23T03:31:14.942+0000] {logging_mixin.py:188} INFO - [2026-03-23T03:31:14.942+0000] {dagbag.py:540} INFO - Filling up the DagBag from /home/airflow/.local/lib/python3.8/site-packages/airflow/example_dags/example_xcom.py
[2026-03-23T03:31:14.948+0000] {processor.py:840} INFO - DAG(s) 'example_xcom' retrieved from /home/airflow/.local/lib/python3.8/site-packages/airflow/example_dags/example_xcom.py
[2026-03-23T03:31:14.969+0000] {logging_mixin.py:188} INFO - [2026-03-23T03:31:14.968+0000] {dag.py:3047} INFO - Sync 1 DAGs
[2026-03-23T03:31:14.987+0000] {logging_mixin.py:188} INFO - [2026-03-23T03:31:14.987+0000] {dag.py:3834} INFO - Setting next_dagrun for example_xcom to 2021-01-01 00:00:00+00:00, run_after=2021-01-01 00:00:00+00:00
[2026-03-23T03:31:15.007+0000] {processor.py:183} INFO - Processing /home/airflow/.local/lib/python3.8/site-packages/airflow/example_dags/example_xcom.py took 0.070 seconds
[2026-03-23T03:31:45.594+0000] {processor.py:161} INFO - Started process (PID=801) to work on /home/airflow/.local/lib/python3.8/site-packages/airflow/example_dags/example_xcom.py
[2026-03-23T03:31:45.596+0000] {processor.py:830} INFO - Processing file /home/airflow/.local/lib/python3.8/site-packages/airflow/example_dags/example_xcom.py for tasks to queue
[2026-03-23T03:31:45.599+0000] {logging_mixin.py:188} INFO - [2026-03-23T03:31:45.598+0000] {dagbag.py:540} INFO - Filling up the DagBag from /home/airflow/.local/lib/python3.8/site-packages/airflow/example_dags/example_xcom.py
[2026-03-23T03:31:45.610+0000] {processor.py:840} INFO - DAG(s) 'example_xcom' retrieved from /home/airflow/.local/lib/python3.8/site-packages/airflow/example_dags/example_xcom.py
[2026-03-23T03:31:45.639+0000] {logging_mixin.py:188} INFO - [2026-03-23T03:31:45.638+0000] {dag.py:3047} INFO - Sync 1 DAGs
[2026-03-23T03:31:45.662+0000] {logging_mixin.py:188} INFO - [2026-03-23T03:31:45.662+0000] {dag.py:3834} INFO - Setting next_dagrun for example_xcom to 2021-01-01 00:00:00+00:00, run_after=2021-01-01 00:00:00+00:00
[2026-03-23T03:31:45.689+0000] {processor.py:183} INFO - Processing /home/airflow/.local/lib/python3.8/site-packages/airflow/example_dags/example_xcom.py took 0.101 seconds
[2026-03-23T03:32:16.386+0000] {processor.py:161} INFO - Started process (PID=856) to work on /home/airflow/.local/lib/python3.8/site-packages/airflow/example_dags/example_xcom.py
[2026-03-23T03:32:16.388+0000] {processor.py:830} INFO - Processing file /home/airflow/.local/lib/python3.8/site-packages/airflow/example_dags/example_xcom.py for tasks to queue
[2026-03-23T03:32:16.390+0000] {logging_mixin.py:188} INFO - [2026-03-23T03:32:16.389+0000] {dagbag.py:540} INFO - Filling up the DagBag from /home/airflow/.local/lib/python3.8/site-packages/airflow/example_dags/example_xcom.py
[2026-03-23T03:32:16.396+0000] {processor.py:840} INFO - DAG(s) 'example_xcom' retrieved from /home/airflow/.local/lib/python3.8/site-packages/airflow/example_dags/example_xcom.py
[2026-03-23T03:32:16.418+0000] {logging_mixin.py:188} INFO - [2026-03-23T03:32:16.418+0000] {dag.py:3047} INFO - Sync 1 DAGs
[2026-03-23T03:32:16.438+0000] {logging_mixin.py:188} INFO - [2026-03-23T03:32:16.438+0000] {dag.py:3834} INFO - Setting next_dagrun for example_xcom to 2021-01-01 00:00:00+00:00, run_after=2021-01-01 00:00:00+00:00
[2026-03-23T03:32:16.464+0000] {processor.py:183} INFO - Processing /home/airflow/.local/lib/python3.8/site-packages/airflow/example_dags/example_xcom.py took 0.080 seconds
[2026-03-23T03:32:46.506+0000] {processor.py:161} INFO - Started process (PID=911) to work on /home/airflow/.local/lib/python3.8/site-packages/airflow/example_dags/example_xcom.py
[2026-03-23T03:32:46.508+0000] {processor.py:830} INFO - Processing file /home/airflow/.local/lib/python3.8/site-packages/airflow/example_dags/example_xcom.py for tasks to queue
[2026-03-23T03:32:46.510+0000] {logging_mixin.py:188} INFO - [2026-03-23T03:32:46.509+0000] {dagbag.py:540} INFO - Filling up the DagBag from /home/airflow/.local/lib/python3.8/site-packages/airflow/example_dags/example_xcom.py
[2026-03-23T03:32:46.516+0000] {processor.py:840} INFO - DAG(s) 'example_xcom' retrieved from /home/airflow/.local/lib/python3.8/site-packages/airflow/example_dags/example_xcom.py
[2026-03-23T03:32:46.536+0000] {logging_mixin.py:188} INFO - [2026-03-23T03:32:46.536+0000] {dag.py:3047} INFO - Sync 1 DAGs
[2026-03-23T03:32:46.558+0000] {logging_mixin.py:188} INFO - [2026-03-23T03:32:46.557+0000] {dag.py:3834} INFO - Setting next_dagrun for example_xcom to 2021-01-01 00:00:00+00:00, run_after=2021-01-01 00:00:00+00:00
[2026-03-23T03:32:46.581+0000] {processor.py:183} INFO - Processing /home/airflow/.local/lib/python3.8/site-packages/airflow/example_dags/example_xcom.py took 0.078 seconds
[2026-03-23T03:33:16.690+0000] {processor.py:161} INFO - Started process (PID=966) to work on /home/airflow/.local/lib/python3.8/site-packages/airflow/example_dags/example_xcom.py
[2026-03-23T03:33:16.692+0000] {processor.py:830} INFO - Processing file /home/airflow/.local/lib/python3.8/site-packages/airflow/example_dags/example_xcom.py for tasks to queue
[2026-03-23T03:33:16.694+0000] {logging_mixin.py:188} INFO - [2026-03-23T03:33:16.693+0000] {dagbag.py:540} INFO - Filling up the DagBag from /home/airflow/.local/lib/python3.8/site-packages/airflow/example_dags/example_xcom.py
[2026-03-23T03:33:16.700+0000] {processor.py:840} INFO - DAG(s) 'example_xcom' retrieved from /home/airflow/.local/lib/python3.8/site-packages/airflow/example_dags/example_xcom.py
[2026-03-23T03:33:16.718+0000] {logging_mixin.py:188} INFO - [2026-03-23T03:33:16.717+0000] {dag.py:3047} INFO - Sync 1 DAGs
[2026-03-23T03:33:16.736+0000] {logging_mixin.py:188} INFO - [2026-03-23T03:33:16.736+0000] {dag.py:3834} INFO - Setting next_dagrun for example_xcom to 2021-01-01 00:00:00+00:00, run_after=2021-01-01 00:00:00+00:00
[2026-03-23T03:33:16.757+0000] {processor.py:183} INFO - Processing /home/airflow/.local/lib/python3.8/site-packages/airflow/example_dags/example_xcom.py took 0.070 seconds
[2026-03-23T03:33:46.879+0000] {processor.py:161} INFO - Started process (PID=1021) to work on /home/airflow/.local/lib/python3.8/site-packages/airflow/example_dags/example_xcom.py
[2026-03-23T03:33:46.880+0000] {processor.py:830} INFO - Processing file /home/airflow/.local/lib/python3.8/site-packages/airflow/example_dags/example_xcom.py for tasks to queue
[2026-03-23T03:33:46.882+0000] {logging_mixin.py:188} INFO - [2026-03-23T03:33:46.882+0000] {dagbag.py:540} INFO - Filling up the DagBag from /home/airflow/.local/lib/python3.8/site-packages/airflow/example_dags/example_xcom.py
[2026-03-23T03:33:46.888+0000] {processor.py:840} INFO - DAG(s) 'example_xcom' retrieved from /home/airflow/.local/lib/python3.8/site-packages/airflow/example_dags/example_xcom.py
[2026-03-23T03:33:46.908+0000] {logging_mixin.py:188} INFO - [2026-03-23T03:33:46.908+0000] {dag.py:3047} INFO - Sync 1 DAGs
[2026-03-23T03:33:46.928+0000] {logging_mixin.py:188} INFO - [2026-03-23T03:33:46.928+0000] {dag.py:3834} INFO - Setting next_dagrun for example_xcom to 2021-01-01 00:00:00+00:00, run_after=2021-01-01 00:00:00+00:00
[2026-03-23T03:33:46.951+0000] {processor.py:183} INFO - Processing /home/airflow/.local/lib/python3.8/site-packages/airflow/example_dags/example_xcom.py took 0.074 seconds
[2026-03-23T03:34:17.030+0000] {processor.py:161} INFO - Started process (PID=1076) to work on /home/airflow/.local/lib/python3.8/site-packages/airflow/example_dags/example_xcom.py
[2026-03-23T03:34:17.032+0000] {processor.py:830} INFO - Processing file /home/airflow/.local/lib/python3.8/site-packages/airflow/example_dags/example_xcom.py for tasks to queue
[2026-03-23T03:34:17.035+0000] {logging_mixin.py:188} INFO - [2026-03-23T03:34:17.035+0000] {dagbag.py:540} INFO - Filling up the DagBag from /home/airflow/.local/lib/python3.8/site-packages/airflow/example_dags/example_xcom.py
[2026-03-23T03:34:17.045+0000] {processor.py:840} INFO - DAG(s) 'example_xcom' retrieved from /home/airflow/.local/lib/python3.8/site-packages/airflow/example_dags/example_xcom.py
[2026-03-23T03:34:17.069+0000] {logging_mixin.py:188} INFO - [2026-03-23T03:34:17.069+0000] {dag.py:3047} INFO - Sync 1 DAGs
[2026-03-23T03:34:17.089+0000] {logging_mixin.py:188} INFO - [2026-03-23T03:34:17.089+0000] {dag.py:3834} INFO - Setting next_dagrun for example_xcom to 2021-01-01 00:00:00+00:00, run_after=2021-01-01 00:00:00+00:00
[2026-03-23T03:34:17.109+0000] {processor.py:183} INFO - Processing /home/airflow/.local/lib/python3.8/site-packages/airflow/example_dags/example_xcom.py took 0.084 seconds
[2026-03-23T03:34:47.270+0000] {processor.py:161} INFO - Started process (PID=1131) to work on /home/airflow/.local/lib/python3.8/site-packages/airflow/example_dags/example_xcom.py
[2026-03-23T03:34:47.271+0000] {processor.py:830} INFO - Processing file /home/airflow/.local/lib/python3.8/site-packages/airflow/example_dags/example_xcom.py for tasks to queue
[2026-03-23T03:34:47.273+0000] {logging_mixin.py:188} INFO - [2026-03-23T03:34:47.273+0000] {dagbag.py:540} INFO - Filling up the DagBag from /home/airflow/.local/lib/python3.8/site-packages/airflow/example_dags/example_xcom.py
[2026-03-23T03:34:47.281+0000] {processor.py:840} INFO - DAG(s) 'example_xcom' retrieved from /home/airflow/.local/lib/python3.8/site-packages/airflow/example_dags/example_xcom.py
[2026-03-23T03:34:47.302+0000] {logging_mixin.py:188} INFO - [2026-03-23T03:34:47.302+0000] {dag.py:3047} INFO - Sync 1 DAGs
[2026-03-23T03:34:47.324+0000] {logging_mixin.py:188} INFO - [2026-03-23T03:34:47.324+0000] {dag.py:3834} INFO - Setting next_dagrun for example_xcom to 2021-01-01 00:00:00+00:00, run_after=2021-01-01 00:00:00+00:00
[2026-03-23T03:34:47.348+0000] {processor.py:183} INFO - Processing /home/airflow/.local/lib/python3.8/site-packages/airflow/example_dags/example_xcom.py took 0.081 seconds
[2026-03-23T03:37:19.930+0000] {processor.py:161} INFO - Started process (PID=80) to work on /home/airflow/.local/lib/python3.8/site-packages/airflow/example_dags/example_xcom.py
[2026-03-23T03:37:19.932+0000] {processor.py:830} INFO - Processing file /home/airflow/.local/lib/python3.8/site-packages/airflow/example_dags/example_xcom.py for tasks to queue
[2026-03-23T03:37:19.935+0000] {logging_mixin.py:188} INFO - [2026-03-23T03:37:19.935+0000] {dagbag.py:540} INFO - Filling up the DagBag from /home/airflow/.local/lib/python3.8/site-packages/airflow/example_dags/example_xcom.py
[2026-03-23T03:37:19.953+0000] {processor.py:840} INFO - DAG(s) 'example_xcom' retrieved from /home/airflow/.local/lib/python3.8/site-packages/airflow/example_dags/example_xcom.py
[2026-03-23T03:37:19.977+0000] {logging_mixin.py:188} INFO - [2026-03-23T03:37:19.976+0000] {dag.py:3047} INFO - Sync 1 DAGs
[2026-03-23T03:37:20.018+0000] {logging_mixin.py:188} INFO - [2026-03-23T03:37:20.017+0000] {dag.py:3834} INFO - Setting next_dagrun for example_xcom to 2021-01-01 00:00:00+00:00, run_after=2021-01-01 00:00:00+00:00
[2026-03-23T03:37:20.059+0000] {processor.py:183} INFO - Processing /home/airflow/.local/lib/python3.8/site-packages/airflow/example_dags/example_xcom.py took 0.135 seconds
[2026-03-23T03:37:51.436+0000] {processor.py:161} INFO - Started process (PID=135) to work on /home/airflow/.local/lib/python3.8/site-packages/airflow/example_dags/example_xcom.py
[2026-03-23T03:37:51.438+0000] {processor.py:830} INFO - Processing file /home/airflow/.local/lib/python3.8/site-packages/airflow/example_dags/example_xcom.py for tasks to queue
[2026-03-23T03:37:51.439+0000] {logging_mixin.py:188} INFO - [2026-03-23T03:37:51.439+0000] {dagbag.py:540} INFO - Filling up the DagBag from /home/airflow/.local/lib/python3.8/site-packages/airflow/example_dags/example_xcom.py
[2026-03-23T03:37:51.447+0000] {processor.py:840} INFO - DAG(s) 'example_xcom' retrieved from /home/airflow/.local/lib/python3.8/site-packages/airflow/example_dags/example_xcom.py
[2026-03-23T03:37:51.534+0000] {logging_mixin.py:188} INFO - [2026-03-23T03:37:51.533+0000] {dag.py:3047} INFO - Sync 1 DAGs
[2026-03-23T03:37:51.551+0000] {logging_mixin.py:188} INFO - [2026-03-23T03:37:51.551+0000] {dag.py:3834} INFO - Setting next_dagrun for example_xcom to 2021-01-01 00:00:00+00:00, run_after=2021-01-01 00:00:00+00:00
[2026-03-23T03:37:51.573+0000] {processor.py:183} INFO - Processing /home/airflow/.local/lib/python3.8/site-packages/airflow/example_dags/example_xcom.py took 0.140 seconds
[2026-03-23T03:38:22.021+0000] {processor.py:161} INFO - Started process (PID=190) to work on /home/airflow/.local/lib/python3.8/site-packages/airflow/example_dags/example_xcom.py
[2026-03-23T03:38:22.023+0000] {processor.py:830} INFO - Processing file /home/airflow/.local/lib/python3.8/site-packages/airflow/example_dags/example_xcom.py for tasks to queue
[2026-03-23T03:38:22.026+0000] {logging_mixin.py:188} INFO - [2026-03-23T03:38:22.025+0000] {dagbag.py:540} INFO - Filling up the DagBag from /home/airflow/.local/lib/python3.8/site-packages/airflow/example_dags/example_xcom.py
[2026-03-23T03:38:22.034+0000] {processor.py:840} INFO - DAG(s) 'example_xcom' retrieved from /home/airflow/.local/lib/python3.8/site-packages/airflow/example_dags/example_xcom.py
[2026-03-23T03:38:22.059+0000] {logging_mixin.py:188} INFO - [2026-03-23T03:38:22.059+0000] {dag.py:3047} INFO - Sync 1 DAGs
[2026-03-23T03:38:22.083+0000] {logging_mixin.py:188} INFO - [2026-03-23T03:38:22.083+0000] {dag.py:3834} INFO - Setting next_dagrun for example_xcom to 2021-01-01 00:00:00+00:00, run_after=2021-01-01 00:00:00+00:00
[2026-03-23T03:38:22.107+0000] {processor.py:183} INFO - Processing /home/airflow/.local/lib/python3.8/site-packages/airflow/example_dags/example_xcom.py took 0.088 seconds
[2026-03-23T03:38:52.558+0000] {processor.py:161} INFO - Started process (PID=251) to work on /home/airflow/.local/lib/python3.8/site-packages/airflow/example_dags/example_xcom.py
[2026-03-23T03:38:52.560+0000] {processor.py:830} INFO - Processing file /home/airflow/.local/lib/python3.8/site-packages/airflow/example_dags/example_xcom.py for tasks to queue
[2026-03-23T03:38:52.562+0000] {logging_mixin.py:188} INFO - [2026-03-23T03:38:52.562+0000] {dagbag.py:540} INFO - Filling up the DagBag from /home/airflow/.local/lib/python3.8/site-packages/airflow/example_dags/example_xcom.py
[2026-03-23T03:38:52.570+0000] {processor.py:840} INFO - DAG(s) 'example_xcom' retrieved from /home/airflow/.local/lib/python3.8/site-packages/airflow/example_dags/example_xcom.py
[2026-03-23T03:38:52.594+0000] {logging_mixin.py:188} INFO - [2026-03-23T03:38:52.593+0000] {dag.py:3047} INFO - Sync 1 DAGs
[2026-03-23T03:38:52.616+0000] {logging_mixin.py:188} INFO - [2026-03-23T03:38:52.616+0000] {dag.py:3834} INFO - Setting next_dagrun for example_xcom to 2021-01-01 00:00:00+00:00, run_after=2021-01-01 00:00:00+00:00
[2026-03-23T03:38:52.643+0000] {processor.py:183} INFO - Processing /home/airflow/.local/lib/python3.8/site-packages/airflow/example_dags/example_xcom.py took 0.088 seconds
[2026-03-23T03:39:23.109+0000] {processor.py:161} INFO - Started process (PID=306) to work on /home/airflow/.local/lib/python3.8/site-packages/airflow/example_dags/example_xcom.py
[2026-03-23T03:39:23.111+0000] {processor.py:830} INFO - Processing file /home/airflow/.local/lib/python3.8/site-packages/airflow/example_dags/example_xcom.py for tasks to queue
[2026-03-23T03:39:23.113+0000] {logging_mixin.py:188} INFO - [2026-03-23T03:39:23.112+0000] {dagbag.py:540} INFO - Filling up the DagBag from /home/airflow/.local/lib/python3.8/site-packages/airflow/example_dags/example_xcom.py
[2026-03-23T03:39:23.119+0000] {processor.py:840} INFO - DAG(s) 'example_xcom' retrieved from /home/airflow/.local/lib/python3.8/site-packages/airflow/example_dags/example_xcom.py
[2026-03-23T03:39:23.140+0000] {logging_mixin.py:188} INFO - [2026-03-23T03:39:23.140+0000] {dag.py:3047} INFO - Sync 1 DAGs
[2026-03-23T03:39:23.161+0000] {logging_mixin.py:188} INFO - [2026-03-23T03:39:23.161+0000] {dag.py:3834} INFO - Setting next_dagrun for example_xcom to 2021-01-01 00:00:00+00:00, run_after=2021-01-01 00:00:00+00:00
[2026-03-23T03:39:23.185+0000] {processor.py:183} INFO - Processing /home/airflow/.local/lib/python3.8/site-packages/airflow/example_dags/example_xcom.py took 0.078 seconds
[2026-03-23T03:39:53.256+0000] {processor.py:161} INFO - Started process (PID=361) to work on /home/airflow/.local/lib/python3.8/site-packages/airflow/example_dags/example_xcom.py
[2026-03-23T03:39:53.257+0000] {processor.py:830} INFO - Processing file /home/airflow/.local/lib/python3.8/site-packages/airflow/example_dags/example_xcom.py for tasks to queue
[2026-03-23T03:39:53.258+0000] {logging_mixin.py:188} INFO - [2026-03-23T03:39:53.258+0000] {dagbag.py:540} INFO - Filling up the DagBag from /home/airflow/.local/lib/python3.8/site-packages/airflow/example_dags/example_xcom.py
[2026-03-23T03:39:53.265+0000] {processor.py:840} INFO - DAG(s) 'example_xcom' retrieved from /home/airflow/.local/lib/python3.8/site-packages/airflow/example_dags/example_xcom.py
[2026-03-23T03:39:53.284+0000] {logging_mixin.py:188} INFO - [2026-03-23T03:39:53.283+0000] {dag.py:3047} INFO - Sync 1 DAGs
[2026-03-23T03:39:53.303+0000] {logging_mixin.py:188} INFO - [2026-03-23T03:39:53.302+0000] {dag.py:3834} INFO - Setting next_dagrun for example_xcom to 2021-01-01 00:00:00+00:00, run_after=2021-01-01 00:00:00+00:00
[2026-03-23T03:39:53.323+0000] {processor.py:183} INFO - Processing /home/airflow/.local/lib/python3.8/site-packages/airflow/example_dags/example_xcom.py took 0.070 seconds
[2026-03-23T03:40:23.806+0000] {processor.py:161} INFO - Started process (PID=416) to work on /home/airflow/.local/lib/python3.8/site-packages/airflow/example_dags/example_xcom.py
[2026-03-23T03:40:23.807+0000] {processor.py:830} INFO - Processing file /home/airflow/.local/lib/python3.8/site-packages/airflow/example_dags/example_xcom.py for tasks to queue
[2026-03-23T03:40:23.809+0000] {logging_mixin.py:188} INFO - [2026-03-23T03:40:23.809+0000] {dagbag.py:540} INFO - Filling up the DagBag from /home/airflow/.local/lib/python3.8/site-packages/airflow/example_dags/example_xcom.py
[2026-03-23T03:40:23.815+0000] {processor.py:840} INFO - DAG(s) 'example_xcom' retrieved from /home/airflow/.local/lib/python3.8/site-packages/airflow/example_dags/example_xcom.py
[2026-03-23T03:40:23.836+0000] {logging_mixin.py:188} INFO - [2026-03-23T03:40:23.835+0000] {dag.py:3047} INFO - Sync 1 DAGs
[2026-03-23T03:40:23.855+0000] {logging_mixin.py:188} INFO - [2026-03-23T03:40:23.854+0000] {dag.py:3834} INFO - Setting next_dagrun for example_xcom to 2021-01-01 00:00:00+00:00, run_after=2021-01-01 00:00:00+00:00
[2026-03-23T03:40:23.876+0000] {processor.py:183} INFO - Processing /home/airflow/.local/lib/python3.8/site-packages/airflow/example_dags/example_xcom.py took 0.073 seconds
[2026-03-23T03:40:54.580+0000] {processor.py:161} INFO - Started process (PID=471) to work on /home/airflow/.local/lib/python3.8/site-packages/airflow/example_dags/example_xcom.py
[2026-03-23T03:40:54.582+0000] {processor.py:830} INFO - Processing file /home/airflow/.local/lib/python3.8/site-packages/airflow/example_dags/example_xcom.py for tasks to queue
[2026-03-23T03:40:54.584+0000] {logging_mixin.py:188} INFO - [2026-03-23T03:40:54.584+0000] {dagbag.py:540} INFO - Filling up the DagBag from /home/airflow/.local/lib/python3.8/site-packages/airflow/example_dags/example_xcom.py
[2026-03-23T03:40:54.593+0000] {processor.py:840} INFO - DAG(s) 'example_xcom' retrieved from /home/airflow/.local/lib/python3.8/site-packages/airflow/example_dags/example_xcom.py
[2026-03-23T03:40:54.619+0000] {logging_mixin.py:188} INFO - [2026-03-23T03:40:54.619+0000] {dag.py:3047} INFO - Sync 1 DAGs
[2026-03-23T03:40:54.648+0000] {logging_mixin.py:188} INFO - [2026-03-23T03:40:54.648+0000] {dag.py:3834} INFO - Setting next_dagrun for example_xcom to 2021-01-01 00:00:00+00:00, run_after=2021-01-01 00:00:00+00:00
[2026-03-23T03:40:54.680+0000] {processor.py:183} INFO - Processing /home/airflow/.local/lib/python3.8/site-packages/airflow/example_dags/example_xcom.py took 0.104 seconds
[2026-03-23T03:41:25.273+0000] {processor.py:161} INFO - Started process (PID=526) to work on /home/airflow/.local/lib/python3.8/site-packages/airflow/example_dags/example_xcom.py
[2026-03-23T03:41:25.275+0000] {processor.py:830} INFO - Processing file /home/airflow/.local/lib/python3.8/site-packages/airflow/example_dags/example_xcom.py for tasks to queue
[2026-03-23T03:41:25.277+0000] {logging_mixin.py:188} INFO - [2026-03-23T03:41:25.277+0000] {dagbag.py:540} INFO - Filling up the DagBag from /home/airflow/.local/lib/python3.8/site-packages/airflow/example_dags/example_xcom.py
[2026-03-23T03:41:25.285+0000] {processor.py:840} INFO - DAG(s) 'example_xcom' retrieved from /home/airflow/.local/lib/python3.8/site-packages/airflow/example_dags/example_xcom.py
[2026-03-23T03:41:25.310+0000] {logging_mixin.py:188} INFO - [2026-03-23T03:41:25.310+0000] {dag.py:3047} INFO - Sync 1 DAGs
[2026-03-23T03:41:25.334+0000] {logging_mixin.py:188} INFO - [2026-03-23T03:41:25.333+0000] {dag.py:3834} INFO - Setting next_dagrun for example_xcom to 2021-01-01 00:00:00+00:00, run_after=2021-01-01 00:00:00+00:00
[2026-03-23T03:41:25.356+0000] {processor.py:183} INFO - Processing /home/airflow/.local/lib/python3.8/site-packages/airflow/example_dags/example_xcom.py took 0.086 seconds
[2026-03-23T03:41:55.487+0000] {processor.py:161} INFO - Started process (PID=581) to work on /home/airflow/.local/lib/python3.8/site-packages/airflow/example_dags/example_xcom.py
[2026-03-23T03:41:55.489+0000] {processor.py:830} INFO - Processing file /home/airflow/.local/lib/python3.8/site-packages/airflow/example_dags/example_xcom.py for tasks to queue
[2026-03-23T03:41:55.491+0000] {logging_mixin.py:188} INFO - [2026-03-23T03:41:55.490+0000] {dagbag.py:540} INFO - Filling up the DagBag from /home/airflow/.local/lib/python3.8/site-packages/airflow/example_dags/example_xcom.py
[2026-03-23T03:41:55.498+0000] {processor.py:840} INFO - DAG(s) 'example_xcom' retrieved from /home/airflow/.local/lib/python3.8/site-packages/airflow/example_dags/example_xcom.py
[2026-03-23T03:41:55.524+0000] {logging_mixin.py:188} INFO - [2026-03-23T03:41:55.524+0000] {dag.py:3047} INFO - Sync 1 DAGs
[2026-03-23T03:41:55.555+0000] {logging_mixin.py:188} INFO - [2026-03-23T03:41:55.555+0000] {dag.py:3834} INFO - Setting next_dagrun for example_xcom to 2021-01-01 00:00:00+00:00, run_after=2021-01-01 00:00:00+00:00
[2026-03-23T03:41:55.577+0000] {processor.py:183} INFO - Processing /home/airflow/.local/lib/python3.8/site-packages/airflow/example_dags/example_xcom.py took 0.094 seconds
[2026-03-23T03:42:25.667+0000] {processor.py:161} INFO - Started process (PID=636) to work on /home/airflow/.local/lib/python3.8/site-packages/airflow/example_dags/example_xcom.py
[2026-03-23T03:42:25.668+0000] {processor.py:830} INFO - Processing file /home/airflow/.local/lib/python3.8/site-packages/airflow/example_dags/example_xcom.py for tasks to queue
[2026-03-23T03:42:25.670+0000] {logging_mixin.py:188} INFO - [2026-03-23T03:42:25.670+0000] {dagbag.py:540} INFO - Filling up the DagBag from /home/airflow/.local/lib/python3.8/site-packages/airflow/example_dags/example_xcom.py
[2026-03-23T03:42:25.679+0000] {processor.py:840} INFO - DAG(s) 'example_xcom' retrieved from /home/airflow/.local/lib/python3.8/site-packages/airflow/example_dags/example_xcom.py
[2026-03-23T03:42:25.704+0000] {logging_mixin.py:188} INFO - [2026-03-23T03:42:25.703+0000] {dag.py:3047} INFO - Sync 1 DAGs
[2026-03-23T03:42:25.730+0000] {logging_mixin.py:188} INFO - [2026-03-23T03:42:25.730+0000] {dag.py:3834} INFO - Setting next_dagrun for example_xcom to 2021-01-01 00:00:00+00:00, run_after=2021-01-01 00:00:00+00:00
[2026-03-23T03:42:25.752+0000] {processor.py:183} INFO - Processing /home/airflow/.local/lib/python3.8/site-packages/airflow/example_dags/example_xcom.py took 0.089 seconds
[2026-03-23T03:42:56.260+0000] {processor.py:161} INFO - Started process (PID=691) to work on /home/airflow/.local/lib/python3.8/site-packages/airflow/example_dags/example_xcom.py
[2026-03-23T03:42:56.262+0000] {processor.py:830} INFO - Processing file /home/airflow/.local/lib/python3.8/site-packages/airflow/example_dags/example_xcom.py for tasks to queue
[2026-03-23T03:42:56.264+0000] {logging_mixin.py:188} INFO - [2026-03-23T03:42:56.264+0000] {dagbag.py:540} INFO - Filling up the DagBag from /home/airflow/.local/lib/python3.8/site-packages/airflow/example_dags/example_xcom.py
[2026-03-23T03:42:56.272+0000] {processor.py:840} INFO - DAG(s) 'example_xcom' retrieved from /home/airflow/.local/lib/python3.8/site-packages/airflow/example_dags/example_xcom.py
[2026-03-23T03:42:56.296+0000] {logging_mixin.py:188} INFO - [2026-03-23T03:42:56.296+0000] {dag.py:3047} INFO - Sync 1 DAGs
[2026-03-23T03:42:56.322+0000] {logging_mixin.py:188} INFO - [2026-03-23T03:42:56.321+0000] {dag.py:3834} INFO - Setting next_dagrun for example_xcom to 2021-01-01 00:00:00+00:00, run_after=2021-01-01 00:00:00+00:00
[2026-03-23T03:42:56.344+0000] {processor.py:183} INFO - Processing /home/airflow/.local/lib/python3.8/site-packages/airflow/example_dags/example_xcom.py took 0.087 seconds
[2026-03-23T03:43:26.674+0000] {processor.py:161} INFO - Started process (PID=746) to work on /home/airflow/.local/lib/python3.8/site-packages/airflow/example_dags/example_xcom.py
[2026-03-23T03:43:26.676+0000] {processor.py:830} INFO - Processing file /home/airflow/.local/lib/python3.8/site-packages/airflow/example_dags/example_xcom.py for tasks to queue
[2026-03-23T03:43:26.679+0000] {logging_mixin.py:188} INFO - [2026-03-23T03:43:26.678+0000] {dagbag.py:540} INFO - Filling up the DagBag from /home/airflow/.local/lib/python3.8/site-packages/airflow/example_dags/example_xcom.py
[2026-03-23T03:43:26.688+0000] {processor.py:840} INFO - DAG(s) 'example_xcom' retrieved from /home/airflow/.local/lib/python3.8/site-packages/airflow/example_dags/example_xcom.py
[2026-03-23T03:43:26.715+0000] {logging_mixin.py:188} INFO - [2026-03-23T03:43:26.715+0000] {dag.py:3047} INFO - Sync 1 DAGs
[2026-03-23T03:43:26.742+0000] {logging_mixin.py:188} INFO - [2026-03-23T03:43:26.742+0000] {dag.py:3834} INFO - Setting next_dagrun for example_xcom to 2021-01-01 00:00:00+00:00, run_after=2021-01-01 00:00:00+00:00
[2026-03-23T03:43:26.767+0000] {processor.py:183} INFO - Processing /home/airflow/.local/lib/python3.8/site-packages/airflow/example_dags/example_xcom.py took 0.097 seconds
[2026-03-23T03:43:57.150+0000] {processor.py:161} INFO - Started process (PID=801) to work on /home/airflow/.local/lib/python3.8/site-packages/airflow/example_dags/example_xcom.py
[2026-03-23T03:43:57.152+0000] {processor.py:830} INFO - Processing file /home/airflow/.local/lib/python3.8/site-packages/airflow/example_dags/example_xcom.py for tasks to queue
[2026-03-23T03:43:57.153+0000] {logging_mixin.py:188} INFO - [2026-03-23T03:43:57.153+0000] {dagbag.py:540} INFO - Filling up the DagBag from /home/airflow/.local/lib/python3.8/site-packages/airflow/example_dags/example_xcom.py
[2026-03-23T03:43:57.161+0000] {processor.py:840} INFO - DAG(s) 'example_xcom' retrieved from /home/airflow/.local/lib/python3.8/site-packages/airflow/example_dags/example_xcom.py
[2026-03-23T03:43:57.186+0000] {logging_mixin.py:188} INFO - [2026-03-23T03:43:57.186+0000] {dag.py:3047} INFO - Sync 1 DAGs
[2026-03-23T03:43:57.209+0000] {logging_mixin.py:188} INFO - [2026-03-23T03:43:57.209+0000] {dag.py:3834} INFO - Setting next_dagrun for example_xcom to 2021-01-01 00:00:00+00:00, run_after=2021-01-01 00:00:00+00:00
[2026-03-23T03:43:57.232+0000] {processor.py:183} INFO - Processing /home/airflow/.local/lib/python3.8/site-packages/airflow/example_dags/example_xcom.py took 0.085 seconds
[2026-03-23T03:44:27.756+0000] {processor.py:161} INFO - Started process (PID=856) to work on /home/airflow/.local/lib/python3.8/site-packages/airflow/example_dags/example_xcom.py
[2026-03-23T03:44:27.758+0000] {processor.py:830} INFO - Processing file /home/airflow/.local/lib/python3.8/site-packages/airflow/example_dags/example_xcom.py for tasks to queue
[2026-03-23T03:44:27.760+0000] {logging_mixin.py:188} INFO - [2026-03-23T03:44:27.760+0000] {dagbag.py:540} INFO - Filling up the DagBag from /home/airflow/.local/lib/python3.8/site-packages/airflow/example_dags/example_xcom.py
[2026-03-23T03:44:27.770+0000] {processor.py:840} INFO - DAG(s) 'example_xcom' retrieved from /home/airflow/.local/lib/python3.8/site-packages/airflow/example_dags/example_xcom.py
[2026-03-23T03:44:27.801+0000] {logging_mixin.py:188} INFO - [2026-03-23T03:44:27.801+0000] {dag.py:3047} INFO - Sync 1 DAGs
[2026-03-23T03:44:27.834+0000] {logging_mixin.py:188} INFO - [2026-03-23T03:44:27.833+0000] {dag.py:3834} INFO - Setting next_dagrun for example_xcom to 2021-01-01 00:00:00+00:00, run_after=2021-01-01 00:00:00+00:00
[2026-03-23T03:44:27.861+0000] {processor.py:183} INFO - Processing /home/airflow/.local/lib/python3.8/site-packages/airflow/example_dags/example_xcom.py took 0.109 seconds
[2026-03-23T03:44:58.142+0000] {processor.py:161} INFO - Started process (PID=911) to work on /home/airflow/.local/lib/python3.8/site-packages/airflow/example_dags/example_xcom.py
[2026-03-23T03:44:58.144+0000] {processor.py:830} INFO - Processing file /home/airflow/.local/lib/python3.8/site-packages/airflow/example_dags/example_xcom.py for tasks to queue
[2026-03-23T03:44:58.146+0000] {logging_mixin.py:188} INFO - [2026-03-23T03:44:58.146+0000] {dagbag.py:540} INFO - Filling up the DagBag from /home/airflow/.local/lib/python3.8/site-packages/airflow/example_dags/example_xcom.py
[2026-03-23T03:44:58.154+0000] {processor.py:840} INFO - DAG(s) 'example_xcom' retrieved from /home/airflow/.local/lib/python3.8/site-packages/airflow/example_dags/example_xcom.py
[2026-03-23T03:44:58.180+0000] {logging_mixin.py:188} INFO - [2026-03-23T03:44:58.179+0000] {dag.py:3047} INFO - Sync 1 DAGs
[2026-03-23T03:44:58.203+0000] {logging_mixin.py:188} INFO - [2026-03-23T03:44:58.203+0000] {dag.py:3834} INFO - Setting next_dagrun for example_xcom to 2021-01-01 00:00:00+00:00, run_after=2021-01-01 00:00:00+00:00
[2026-03-23T03:44:58.227+0000] {processor.py:183} INFO - Processing /home/airflow/.local/lib/python3.8/site-packages/airflow/example_dags/example_xcom.py took 0.088 seconds
[2026-03-23T03:45:28.542+0000] {processor.py:161} INFO - Started process (PID=966) to work on /home/airflow/.local/lib/python3.8/site-packages/airflow/example_dags/example_xcom.py
[2026-03-23T03:45:28.543+0000] {processor.py:830} INFO - Processing file /home/airflow/.local/lib/python3.8/site-packages/airflow/example_dags/example_xcom.py for tasks to queue
[2026-03-23T03:45:28.545+0000] {logging_mixin.py:188} INFO - [2026-03-23T03:45:28.545+0000] {dagbag.py:540} INFO - Filling up the DagBag from /home/airflow/.local/lib/python3.8/site-packages/airflow/example_dags/example_xcom.py
[2026-03-23T03:45:28.551+0000] {processor.py:840} INFO - DAG(s) 'example_xcom' retrieved from /home/airflow/.local/lib/python3.8/site-packages/airflow/example_dags/example_xcom.py
[2026-03-23T03:45:28.572+0000] {logging_mixin.py:188} INFO - [2026-03-23T03:45:28.572+0000] {dag.py:3047} INFO - Sync 1 DAGs
[2026-03-23T03:45:28.592+0000] {logging_mixin.py:188} INFO - [2026-03-23T03:45:28.591+0000] {dag.py:3834} INFO - Setting next_dagrun for example_xcom to 2021-01-01 00:00:00+00:00, run_after=2021-01-01 00:00:00+00:00
[2026-03-23T03:45:28.612+0000] {processor.py:183} INFO - Processing /home/airflow/.local/lib/python3.8/site-packages/airflow/example_dags/example_xcom.py took 0.072 seconds
[2026-03-23T03:45:58.754+0000] {processor.py:161} INFO - Started process (PID=1021) to work on /home/airflow/.local/lib/python3.8/site-packages/airflow/example_dags/example_xcom.py
[2026-03-23T03:45:58.755+0000] {processor.py:830} INFO - Processing file /home/airflow/.local/lib/python3.8/site-packages/airflow/example_dags/example_xcom.py for tasks to queue
[2026-03-23T03:45:58.758+0000] {logging_mixin.py:188} INFO - [2026-03-23T03:45:58.757+0000] {dagbag.py:540} INFO - Filling up the DagBag from /home/airflow/.local/lib/python3.8/site-packages/airflow/example_dags/example_xcom.py
[2026-03-23T03:45:58.765+0000] {processor.py:840} INFO - DAG(s) 'example_xcom' retrieved from /home/airflow/.local/lib/python3.8/site-packages/airflow/example_dags/example_xcom.py
[2026-03-23T03:45:58.795+0000] {logging_mixin.py:188} INFO - [2026-03-23T03:45:58.794+0000] {dag.py:3047} INFO - Sync 1 DAGs
[2026-03-23T03:45:58.819+0000] {logging_mixin.py:188} INFO - [2026-03-23T03:45:58.819+0000] {dag.py:3834} INFO - Setting next_dagrun for example_xcom to 2021-01-01 00:00:00+00:00, run_after=2021-01-01 00:00:00+00:00
[2026-03-23T03:45:58.844+0000] {processor.py:183} INFO - Processing /home/airflow/.local/lib/python3.8/site-packages/airflow/example_dags/example_xcom.py took 0.093 seconds
[2026-03-23T03:46:29.028+0000] {processor.py:161} INFO - Started process (PID=1076) to work on /home/airflow/.local/lib/python3.8/site-packages/airflow/example_dags/example_xcom.py
[2026-03-23T03:46:29.029+0000] {processor.py:830} INFO - Processing file /home/airflow/.local/lib/python3.8/site-packages/airflow/example_dags/example_xcom.py for tasks to queue
[2026-03-23T03:46:29.031+0000] {logging_mixin.py:188} INFO - [2026-03-23T03:46:29.031+0000] {dagbag.py:540} INFO - Filling up the DagBag from /home/airflow/.local/lib/python3.8/site-packages/airflow/example_dags/example_xcom.py
[2026-03-23T03:46:29.037+0000] {processor.py:840} INFO - DAG(s) 'example_xcom' retrieved from /home/airflow/.local/lib/python3.8/site-packages/airflow/example_dags/example_xcom.py
[2026-03-23T03:46:29.056+0000] {logging_mixin.py:188} INFO - [2026-03-23T03:46:29.056+0000] {dag.py:3047} INFO - Sync 1 DAGs
[2026-03-23T03:46:29.076+0000] {logging_mixin.py:188} INFO - [2026-03-23T03:46:29.076+0000] {dag.py:3834} INFO - Setting next_dagrun for example_xcom to 2021-01-01 00:00:00+00:00, run_after=2021-01-01 00:00:00+00:00
[2026-03-23T03:46:29.096+0000] {processor.py:183} INFO - Processing /home/airflow/.local/lib/python3.8/site-packages/airflow/example_dags/example_xcom.py took 0.071 seconds
[2026-03-23T03:46:59.485+0000] {processor.py:161} INFO - Started process (PID=1131) to work on /home/airflow/.local/lib/python3.8/site-packages/airflow/example_dags/example_xcom.py
[2026-03-23T03:46:59.486+0000] {processor.py:830} INFO - Processing file /home/airflow/.local/lib/python3.8/site-packages/airflow/example_dags/example_xcom.py for tasks to queue
[2026-03-23T03:46:59.488+0000] {logging_mixin.py:188} INFO - [2026-03-23T03:46:59.488+0000] {dagbag.py:540} INFO - Filling up the DagBag from /home/airflow/.local/lib/python3.8/site-packages/airflow/example_dags/example_xcom.py
[2026-03-23T03:46:59.496+0000] {processor.py:840} INFO - DAG(s) 'example_xcom' retrieved from /home/airflow/.local/lib/python3.8/site-packages/airflow/example_dags/example_xcom.py
[2026-03-23T03:46:59.518+0000] {logging_mixin.py:188} INFO - [2026-03-23T03:46:59.517+0000] {dag.py:3047} INFO - Sync 1 DAGs
[2026-03-23T03:46:59.539+0000] {logging_mixin.py:188} INFO - [2026-03-23T03:46:59.539+0000] {dag.py:3834} INFO - Setting next_dagrun for example_xcom to 2021-01-01 00:00:00+00:00, run_after=2021-01-01 00:00:00+00:00
[2026-03-23T03:46:59.562+0000] {processor.py:183} INFO - Processing /home/airflow/.local/lib/python3.8/site-packages/airflow/example_dags/example_xcom.py took 0.080 seconds
[2026-03-23T03:47:29.737+0000] {processor.py:161} INFO - Started process (PID=1186) to work on /home/airflow/.local/lib/python3.8/site-packages/airflow/example_dags/example_xcom.py
[2026-03-23T03:47:29.739+0000] {processor.py:830} INFO - Processing file /home/airflow/.local/lib/python3.8/site-packages/airflow/example_dags/example_xcom.py for tasks to queue
[2026-03-23T03:47:29.741+0000] {logging_mixin.py:188} INFO - [2026-03-23T03:47:29.740+0000] {dagbag.py:540} INFO - Filling up the DagBag from /home/airflow/.local/lib/python3.8/site-packages/airflow/example_dags/example_xcom.py
[2026-03-23T03:47:29.748+0000] {processor.py:840} INFO - DAG(s) 'example_xcom' retrieved from /home/airflow/.local/lib/python3.8/site-packages/airflow/example_dags/example_xcom.py
[2026-03-23T03:47:29.773+0000] {logging_mixin.py:188} INFO - [2026-03-23T03:47:29.773+0000] {dag.py:3047} INFO - Sync 1 DAGs
[2026-03-23T03:47:29.796+0000] {logging_mixin.py:188} INFO - [2026-03-23T03:47:29.796+0000] {dag.py:3834} INFO - Setting next_dagrun for example_xcom to 2021-01-01 00:00:00+00:00, run_after=2021-01-01 00:00:00+00:00
[2026-03-23T03:47:29.819+0000] {processor.py:183} INFO - Processing /home/airflow/.local/lib/python3.8/site-packages/airflow/example_dags/example_xcom.py took 0.085 seconds
[2026-03-23T03:48:00.006+0000] {processor.py:161} INFO - Started process (PID=1241) to work on /home/airflow/.local/lib/python3.8/site-packages/airflow/example_dags/example_xcom.py
[2026-03-23T03:48:00.008+0000] {processor.py:830} INFO - Processing file /home/airflow/.local/lib/python3.8/site-packages/airflow/example_dags/example_xcom.py for tasks to queue
[2026-03-23T03:48:00.010+0000] {logging_mixin.py:188} INFO - [2026-03-23T03:48:00.009+0000] {dagbag.py:540} INFO - Filling up the DagBag from /home/airflow/.local/lib/python3.8/site-packages/airflow/example_dags/example_xcom.py
[2026-03-23T03:48:00.017+0000] {processor.py:840} INFO - DAG(s) 'example_xcom' retrieved from /home/airflow/.local/lib/python3.8/site-packages/airflow/example_dags/example_xcom.py
[2026-03-23T03:48:00.038+0000] {logging_mixin.py:188} INFO - [2026-03-23T03:48:00.038+0000] {dag.py:3047} INFO - Sync 1 DAGs
[2026-03-23T03:48:00.058+0000] {logging_mixin.py:188} INFO - [2026-03-23T03:48:00.058+0000] {dag.py:3834} INFO - Setting next_dagrun for example_xcom to 2021-01-01 00:00:00+00:00, run_after=2021-01-01 00:00:00+00:00
[2026-03-23T03:48:00.079+0000] {processor.py:183} INFO - Processing /home/airflow/.local/lib/python3.8/site-packages/airflow/example_dags/example_xcom.py took 0.076 seconds
[2026-03-23T03:48:30.498+0000] {processor.py:161} INFO - Started process (PID=1296) to work on /home/airflow/.local/lib/python3.8/site-packages/airflow/example_dags/example_xcom.py
[2026-03-23T03:48:30.500+0000] {processor.py:830} INFO - Processing file /home/airflow/.local/lib/python3.8/site-packages/airflow/example_dags/example_xcom.py for tasks to queue
[2026-03-23T03:48:30.502+0000] {logging_mixin.py:188} INFO - [2026-03-23T03:48:30.502+0000] {dagbag.py:540} INFO - Filling up the DagBag from /home/airflow/.local/lib/python3.8/site-packages/airflow/example_dags/example_xcom.py
[2026-03-23T03:48:30.513+0000] {processor.py:840} INFO - DAG(s) 'example_xcom' retrieved from /home/airflow/.local/lib/python3.8/site-packages/airflow/example_dags/example_xcom.py
[2026-03-23T03:48:30.547+0000] {logging_mixin.py:188} INFO - [2026-03-23T03:48:30.547+0000] {dag.py:3047} INFO - Sync 1 DAGs
[2026-03-23T03:48:30.581+0000] {logging_mixin.py:188} INFO - [2026-03-23T03:48:30.581+0000] {dag.py:3834} INFO - Setting next_dagrun for example_xcom to 2021-01-01 00:00:00+00:00, run_after=2021-01-01 00:00:00+00:00
[2026-03-23T03:48:30.614+0000] {processor.py:183} INFO - Processing /home/airflow/.local/lib/python3.8/site-packages/airflow/example_dags/example_xcom.py took 0.120 seconds
[2026-03-23T03:49:00.882+0000] {processor.py:161} INFO - Started process (PID=1351) to work on /home/airflow/.local/lib/python3.8/site-packages/airflow/example_dags/example_xcom.py
[2026-03-23T03:49:00.883+0000] {processor.py:830} INFO - Processing file /home/airflow/.local/lib/python3.8/site-packages/airflow/example_dags/example_xcom.py for tasks to queue
[2026-03-23T03:49:00.886+0000] {logging_mixin.py:188} INFO - [2026-03-23T03:49:00.885+0000] {dagbag.py:540} INFO - Filling up the DagBag from /home/airflow/.local/lib/python3.8/site-packages/airflow/example_dags/example_xcom.py
[2026-03-23T03:49:00.894+0000] {processor.py:840} INFO - DAG(s) 'example_xcom' retrieved from /home/airflow/.local/lib/python3.8/site-packages/airflow/example_dags/example_xcom.py
[2026-03-23T03:49:00.916+0000] {logging_mixin.py:188} INFO - [2026-03-23T03:49:00.916+0000] {dag.py:3047} INFO - Sync 1 DAGs
[2026-03-23T03:49:00.942+0000] {logging_mixin.py:188} INFO - [2026-03-23T03:49:00.941+0000] {dag.py:3834} INFO - Setting next_dagrun for example_xcom to 2021-01-01 00:00:00+00:00, run_after=2021-01-01 00:00:00+00:00
[2026-03-23T03:49:00.972+0000] {processor.py:183} INFO - Processing /home/airflow/.local/lib/python3.8/site-packages/airflow/example_dags/example_xcom.py took 0.094 seconds
[2026-03-23T03:49:31.151+0000] {processor.py:161} INFO - Started process (PID=1406) to work on /home/airflow/.local/lib/python3.8/site-packages/airflow/example_dags/example_xcom.py
[2026-03-23T03:49:31.153+0000] {processor.py:830} INFO - Processing file /home/airflow/.local/lib/python3.8/site-packages/airflow/example_dags/example_xcom.py for tasks to queue
[2026-03-23T03:49:31.155+0000] {logging_mixin.py:188} INFO - [2026-03-23T03:49:31.154+0000] {dagbag.py:540} INFO - Filling up the DagBag from /home/airflow/.local/lib/python3.8/site-packages/airflow/example_dags/example_xcom.py
[2026-03-23T03:49:31.165+0000] {processor.py:840} INFO - DAG(s) 'example_xcom' retrieved from /home/airflow/.local/lib/python3.8/site-packages/airflow/example_dags/example_xcom.py
[2026-03-23T03:49:31.192+0000] {logging_mixin.py:188} INFO - [2026-03-23T03:49:31.191+0000] {dag.py:3047} INFO - Sync 1 DAGs
[2026-03-23T03:49:31.218+0000] {logging_mixin.py:188} INFO - [2026-03-23T03:49:31.218+0000] {dag.py:3834} INFO - Setting next_dagrun for example_xcom to 2021-01-01 00:00:00+00:00, run_after=2021-01-01 00:00:00+00:00
[2026-03-23T03:49:31.245+0000] {processor.py:183} INFO - Processing /home/airflow/.local/lib/python3.8/site-packages/airflow/example_dags/example_xcom.py took 0.098 seconds
[2026-03-23T03:50:47.726+0000] {processor.py:161} INFO - Started process (PID=86) to work on /home/airflow/.local/lib/python3.8/site-packages/airflow/example_dags/example_xcom.py
[2026-03-23T03:50:47.728+0000] {processor.py:830} INFO - Processing file /home/airflow/.local/lib/python3.8/site-packages/airflow/example_dags/example_xcom.py for tasks to queue
[2026-03-23T03:50:47.730+0000] {logging_mixin.py:188} INFO - [2026-03-23T03:50:47.730+0000] {dagbag.py:540} INFO - Filling up the DagBag from /home/airflow/.local/lib/python3.8/site-packages/airflow/example_dags/example_xcom.py
[2026-03-23T03:50:47.744+0000] {processor.py:840} INFO - DAG(s) 'example_xcom' retrieved from /home/airflow/.local/lib/python3.8/site-packages/airflow/example_dags/example_xcom.py
[2026-03-23T03:50:47.763+0000] {logging_mixin.py:188} INFO - [2026-03-23T03:50:47.763+0000] {dag.py:3047} INFO - Sync 1 DAGs
[2026-03-23T03:50:47.798+0000] {logging_mixin.py:188} INFO - [2026-03-23T03:50:47.797+0000] {dag.py:3834} INFO - Setting next_dagrun for example_xcom to 2021-01-01 00:00:00+00:00, run_after=2021-01-01 00:00:00+00:00
[2026-03-23T03:50:47.841+0000] {processor.py:183} INFO - Processing /home/airflow/.local/lib/python3.8/site-packages/airflow/example_dags/example_xcom.py took 0.120 seconds
[2026-03-23T03:51:19.304+0000] {processor.py:161} INFO - Started process (PID=141) to work on /home/airflow/.local/lib/python3.8/site-packages/airflow/example_dags/example_xcom.py
[2026-03-23T03:51:19.305+0000] {processor.py:830} INFO - Processing file /home/airflow/.local/lib/python3.8/site-packages/airflow/example_dags/example_xcom.py for tasks to queue
[2026-03-23T03:51:19.307+0000] {logging_mixin.py:188} INFO - [2026-03-23T03:51:19.307+0000] {dagbag.py:540} INFO - Filling up the DagBag from /home/airflow/.local/lib/python3.8/site-packages/airflow/example_dags/example_xcom.py
[2026-03-23T03:51:19.315+0000] {processor.py:840} INFO - DAG(s) 'example_xcom' retrieved from /home/airflow/.local/lib/python3.8/site-packages/airflow/example_dags/example_xcom.py
[2026-03-23T03:51:19.438+0000] {logging_mixin.py:188} INFO - [2026-03-23T03:51:19.438+0000] {dag.py:3047} INFO - Sync 1 DAGs
[2026-03-23T03:51:19.463+0000] {logging_mixin.py:188} INFO - [2026-03-23T03:51:19.463+0000] {dag.py:3834} INFO - Setting next_dagrun for example_xcom to 2021-01-01 00:00:00+00:00, run_after=2021-01-01 00:00:00+00:00
[2026-03-23T03:51:19.495+0000] {processor.py:183} INFO - Processing /home/airflow/.local/lib/python3.8/site-packages/airflow/example_dags/example_xcom.py took 0.195 seconds
[2026-03-23T03:51:49.613+0000] {processor.py:161} INFO - Started process (PID=196) to work on /home/airflow/.local/lib/python3.8/site-packages/airflow/example_dags/example_xcom.py
[2026-03-23T03:51:49.615+0000] {processor.py:830} INFO - Processing file /home/airflow/.local/lib/python3.8/site-packages/airflow/example_dags/example_xcom.py for tasks to queue
[2026-03-23T03:51:49.617+0000] {logging_mixin.py:188} INFO - [2026-03-23T03:51:49.617+0000] {dagbag.py:540} INFO - Filling up the DagBag from /home/airflow/.local/lib/python3.8/site-packages/airflow/example_dags/example_xcom.py
[2026-03-23T03:51:49.625+0000] {processor.py:840} INFO - DAG(s) 'example_xcom' retrieved from /home/airflow/.local/lib/python3.8/site-packages/airflow/example_dags/example_xcom.py
[2026-03-23T03:51:49.649+0000] {logging_mixin.py:188} INFO - [2026-03-23T03:51:49.649+0000] {dag.py:3047} INFO - Sync 1 DAGs
[2026-03-23T03:51:49.672+0000] {logging_mixin.py:188} INFO - [2026-03-23T03:51:49.671+0000] {dag.py:3834} INFO - Setting next_dagrun for example_xcom to 2021-01-01 00:00:00+00:00, run_after=2021-01-01 00:00:00+00:00
[2026-03-23T03:51:49.697+0000] {processor.py:183} INFO - Processing /home/airflow/.local/lib/python3.8/site-packages/airflow/example_dags/example_xcom.py took 0.087 seconds
[2026-03-23T03:52:19.956+0000] {processor.py:161} INFO - Started process (PID=251) to work on /home/airflow/.local/lib/python3.8/site-packages/airflow/example_dags/example_xcom.py
[2026-03-23T03:52:19.958+0000] {processor.py:830} INFO - Processing file /home/airflow/.local/lib/python3.8/site-packages/airflow/example_dags/example_xcom.py for tasks to queue
[2026-03-23T03:52:19.960+0000] {logging_mixin.py:188} INFO - [2026-03-23T03:52:19.960+0000] {dagbag.py:540} INFO - Filling up the DagBag from /home/airflow/.local/lib/python3.8/site-packages/airflow/example_dags/example_xcom.py
[2026-03-23T03:52:19.969+0000] {processor.py:840} INFO - DAG(s) 'example_xcom' retrieved from /home/airflow/.local/lib/python3.8/site-packages/airflow/example_dags/example_xcom.py
[2026-03-23T03:52:19.995+0000] {logging_mixin.py:188} INFO - [2026-03-23T03:52:19.994+0000] {dag.py:3047} INFO - Sync 1 DAGs
[2026-03-23T03:52:20.021+0000] {logging_mixin.py:188} INFO - [2026-03-23T03:52:20.021+0000] {dag.py:3834} INFO - Setting next_dagrun for example_xcom to 2021-01-01 00:00:00+00:00, run_after=2021-01-01 00:00:00+00:00
[2026-03-23T03:52:20.051+0000] {processor.py:183} INFO - Processing /home/airflow/.local/lib/python3.8/site-packages/airflow/example_dags/example_xcom.py took 0.098 seconds
[2026-03-23T03:52:50.886+0000] {processor.py:161} INFO - Started process (PID=306) to work on /home/airflow/.local/lib/python3.8/site-packages/airflow/example_dags/example_xcom.py
[2026-03-23T03:52:50.887+0000] {processor.py:830} INFO - Processing file /home/airflow/.local/lib/python3.8/site-packages/airflow/example_dags/example_xcom.py for tasks to queue
[2026-03-23T03:52:50.889+0000] {logging_mixin.py:188} INFO - [2026-03-23T03:52:50.889+0000] {dagbag.py:540} INFO - Filling up the DagBag from /home/airflow/.local/lib/python3.8/site-packages/airflow/example_dags/example_xcom.py
[2026-03-23T03:52:50.895+0000] {processor.py:840} INFO - DAG(s) 'example_xcom' retrieved from /home/airflow/.local/lib/python3.8/site-packages/airflow/example_dags/example_xcom.py
[2026-03-23T03:52:50.916+0000] {logging_mixin.py:188} INFO - [2026-03-23T03:52:50.916+0000] {dag.py:3047} INFO - Sync 1 DAGs
[2026-03-23T03:52:50.938+0000] {logging_mixin.py:188} INFO - [2026-03-23T03:52:50.938+0000] {dag.py:3834} INFO - Setting next_dagrun for example_xcom to 2021-01-01 00:00:00+00:00, run_after=2021-01-01 00:00:00+00:00
[2026-03-23T03:52:50.959+0000] {processor.py:183} INFO - Processing /home/airflow/.local/lib/python3.8/site-packages/airflow/example_dags/example_xcom.py took 0.075 seconds
[2026-03-23T03:53:21.620+0000] {processor.py:161} INFO - Started process (PID=361) to work on /home/airflow/.local/lib/python3.8/site-packages/airflow/example_dags/example_xcom.py
[2026-03-23T03:53:21.622+0000] {processor.py:830} INFO - Processing file /home/airflow/.local/lib/python3.8/site-packages/airflow/example_dags/example_xcom.py for tasks to queue
[2026-03-23T03:53:21.624+0000] {logging_mixin.py:188} INFO - [2026-03-23T03:53:21.624+0000] {dagbag.py:540} INFO - Filling up the DagBag from /home/airflow/.local/lib/python3.8/site-packages/airflow/example_dags/example_xcom.py
[2026-03-23T03:53:21.635+0000] {processor.py:840} INFO - DAG(s) 'example_xcom' retrieved from /home/airflow/.local/lib/python3.8/site-packages/airflow/example_dags/example_xcom.py
[2026-03-23T03:53:21.668+0000] {logging_mixin.py:188} INFO - [2026-03-23T03:53:21.668+0000] {dag.py:3047} INFO - Sync 1 DAGs
[2026-03-23T03:53:21.699+0000] {logging_mixin.py:188} INFO - [2026-03-23T03:53:21.699+0000] {dag.py:3834} INFO - Setting next_dagrun for example_xcom to 2021-01-01 00:00:00+00:00, run_after=2021-01-01 00:00:00+00:00
[2026-03-23T03:53:21.739+0000] {processor.py:183} INFO - Processing /home/airflow/.local/lib/python3.8/site-packages/airflow/example_dags/example_xcom.py took 0.123 seconds
[2026-03-23T03:53:51.955+0000] {processor.py:161} INFO - Started process (PID=416) to work on /home/airflow/.local/lib/python3.8/site-packages/airflow/example_dags/example_xcom.py
[2026-03-23T03:53:51.956+0000] {processor.py:830} INFO - Processing file /home/airflow/.local/lib/python3.8/site-packages/airflow/example_dags/example_xcom.py for tasks to queue
[2026-03-23T03:53:51.959+0000] {logging_mixin.py:188} INFO - [2026-03-23T03:53:51.958+0000] {dagbag.py:540} INFO - Filling up the DagBag from /home/airflow/.local/lib/python3.8/site-packages/airflow/example_dags/example_xcom.py
[2026-03-23T03:53:51.970+0000] {processor.py:840} INFO - DAG(s) 'example_xcom' retrieved from /home/airflow/.local/lib/python3.8/site-packages/airflow/example_dags/example_xcom.py
[2026-03-23T03:53:52.003+0000] {logging_mixin.py:188} INFO - [2026-03-23T03:53:52.003+0000] {dag.py:3047} INFO - Sync 1 DAGs
[2026-03-23T03:53:52.043+0000] {logging_mixin.py:188} INFO - [2026-03-23T03:53:52.043+0000] {dag.py:3834} INFO - Setting next_dagrun for example_xcom to 2021-01-01 00:00:00+00:00, run_after=2021-01-01 00:00:00+00:00
[2026-03-23T03:53:52.081+0000] {processor.py:183} INFO - Processing /home/airflow/.local/lib/python3.8/site-packages/airflow/example_dags/example_xcom.py took 0.129 seconds
[2026-03-23T03:54:22.158+0000] {processor.py:161} INFO - Started process (PID=471) to work on /home/airflow/.local/lib/python3.8/site-packages/airflow/example_dags/example_xcom.py
[2026-03-23T03:54:22.160+0000] {processor.py:830} INFO - Processing file /home/airflow/.local/lib/python3.8/site-packages/airflow/example_dags/example_xcom.py for tasks to queue
[2026-03-23T03:54:22.162+0000] {logging_mixin.py:188} INFO - [2026-03-23T03:54:22.162+0000] {dagbag.py:540} INFO - Filling up the DagBag from /home/airflow/.local/lib/python3.8/site-packages/airflow/example_dags/example_xcom.py
[2026-03-23T03:54:22.171+0000] {processor.py:840} INFO - DAG(s) 'example_xcom' retrieved from /home/airflow/.local/lib/python3.8/site-packages/airflow/example_dags/example_xcom.py
[2026-03-23T03:54:22.194+0000] {logging_mixin.py:188} INFO - [2026-03-23T03:54:22.194+0000] {dag.py:3047} INFO - Sync 1 DAGs
[2026-03-23T03:54:22.219+0000] {logging_mixin.py:188} INFO - [2026-03-23T03:54:22.218+0000] {dag.py:3834} INFO - Setting next_dagrun for example_xcom to 2021-01-01 00:00:00+00:00, run_after=2021-01-01 00:00:00+00:00
[2026-03-23T03:54:22.245+0000] {processor.py:183} INFO - Processing /home/airflow/.local/lib/python3.8/site-packages/airflow/example_dags/example_xcom.py took 0.090 seconds
[2026-03-23T03:54:52.846+0000] {processor.py:161} INFO - Started process (PID=526) to work on /home/airflow/.local/lib/python3.8/site-packages/airflow/example_dags/example_xcom.py
[2026-03-23T03:54:52.847+0000] {processor.py:830} INFO - Processing file /home/airflow/.local/lib/python3.8/site-packages/airflow/example_dags/example_xcom.py for tasks to queue
[2026-03-23T03:54:52.849+0000] {logging_mixin.py:188} INFO - [2026-03-23T03:54:52.848+0000] {dagbag.py:540} INFO - Filling up the DagBag from /home/airflow/.local/lib/python3.8/site-packages/airflow/example_dags/example_xcom.py
[2026-03-23T03:54:52.855+0000] {processor.py:840} INFO - DAG(s) 'example_xcom' retrieved from /home/airflow/.local/lib/python3.8/site-packages/airflow/example_dags/example_xcom.py
[2026-03-23T03:54:52.875+0000] {logging_mixin.py:188} INFO - [2026-03-23T03:54:52.874+0000] {dag.py:3047} INFO - Sync 1 DAGs
[2026-03-23T03:54:52.895+0000] {logging_mixin.py:188} INFO - [2026-03-23T03:54:52.895+0000] {dag.py:3834} INFO - Setting next_dagrun for example_xcom to 2021-01-01 00:00:00+00:00, run_after=2021-01-01 00:00:00+00:00
[2026-03-23T03:54:52.916+0000] {processor.py:183} INFO - Processing /home/airflow/.local/lib/python3.8/site-packages/airflow/example_dags/example_xcom.py took 0.073 seconds
[2026-03-23T03:55:23.009+0000] {processor.py:161} INFO - Started process (PID=581) to work on /home/airflow/.local/lib/python3.8/site-packages/airflow/example_dags/example_xcom.py
[2026-03-23T03:55:23.010+0000] {processor.py:830} INFO - Processing file /home/airflow/.local/lib/python3.8/site-packages/airflow/example_dags/example_xcom.py for tasks to queue
[2026-03-23T03:55:23.012+0000] {logging_mixin.py:188} INFO - [2026-03-23T03:55:23.012+0000] {dagbag.py:540} INFO - Filling up the DagBag from /home/airflow/.local/lib/python3.8/site-packages/airflow/example_dags/example_xcom.py
[2026-03-23T03:55:23.020+0000] {processor.py:840} INFO - DAG(s) 'example_xcom' retrieved from /home/airflow/.local/lib/python3.8/site-packages/airflow/example_dags/example_xcom.py
[2026-03-23T03:55:23.041+0000] {logging_mixin.py:188} INFO - [2026-03-23T03:55:23.041+0000] {dag.py:3047} INFO - Sync 1 DAGs
[2026-03-23T03:55:23.063+0000] {logging_mixin.py:188} INFO - [2026-03-23T03:55:23.063+0000] {dag.py:3834} INFO - Setting next_dagrun for example_xcom to 2021-01-01 00:00:00+00:00, run_after=2021-01-01 00:00:00+00:00
[2026-03-23T03:55:23.088+0000] {processor.py:183} INFO - Processing /home/airflow/.local/lib/python3.8/site-packages/airflow/example_dags/example_xcom.py took 0.082 seconds
[2026-03-23T03:55:53.306+0000] {processor.py:161} INFO - Started process (PID=636) to work on /home/airflow/.local/lib/python3.8/site-packages/airflow/example_dags/example_xcom.py
[2026-03-23T03:55:53.307+0000] {processor.py:830} INFO - Processing file /home/airflow/.local/lib/python3.8/site-packages/airflow/example_dags/example_xcom.py for tasks to queue
[2026-03-23T03:55:53.310+0000] {logging_mixin.py:188} INFO - [2026-03-23T03:55:53.310+0000] {dagbag.py:540} INFO - Filling up the DagBag from /home/airflow/.local/lib/python3.8/site-packages/airflow/example_dags/example_xcom.py
[2026-03-23T03:55:53.317+0000] {processor.py:840} INFO - DAG(s) 'example_xcom' retrieved from /home/airflow/.local/lib/python3.8/site-packages/airflow/example_dags/example_xcom.py
[2026-03-23T03:55:53.337+0000] {logging_mixin.py:188} INFO - [2026-03-23T03:55:53.337+0000] {dag.py:3047} INFO - Sync 1 DAGs
[2026-03-23T03:55:53.358+0000] {logging_mixin.py:188} INFO - [2026-03-23T03:55:53.358+0000] {dag.py:3834} INFO - Setting next_dagrun for example_xcom to 2021-01-01 00:00:00+00:00, run_after=2021-01-01 00:00:00+00:00
[2026-03-23T03:55:53.381+0000] {processor.py:183} INFO - Processing /home/airflow/.local/lib/python3.8/site-packages/airflow/example_dags/example_xcom.py took 0.078 seconds
[2026-03-23T03:56:23.594+0000] {processor.py:161} INFO - Started process (PID=691) to work on /home/airflow/.local/lib/python3.8/site-packages/airflow/example_dags/example_xcom.py
[2026-03-23T03:56:23.595+0000] {processor.py:830} INFO - Processing file /home/airflow/.local/lib/python3.8/site-packages/airflow/example_dags/example_xcom.py for tasks to queue
[2026-03-23T03:56:23.597+0000] {logging_mixin.py:188} INFO - [2026-03-23T03:56:23.597+0000] {dagbag.py:540} INFO - Filling up the DagBag from /home/airflow/.local/lib/python3.8/site-packages/airflow/example_dags/example_xcom.py
[2026-03-23T03:56:23.604+0000] {processor.py:840} INFO - DAG(s) 'example_xcom' retrieved from /home/airflow/.local/lib/python3.8/site-packages/airflow/example_dags/example_xcom.py
[2026-03-23T03:56:23.626+0000] {logging_mixin.py:188} INFO - [2026-03-23T03:56:23.625+0000] {dag.py:3047} INFO - Sync 1 DAGs
[2026-03-23T03:56:23.647+0000] {logging_mixin.py:188} INFO - [2026-03-23T03:56:23.647+0000] {dag.py:3834} INFO - Setting next_dagrun for example_xcom to 2021-01-01 00:00:00+00:00, run_after=2021-01-01 00:00:00+00:00
[2026-03-23T03:56:23.673+0000] {processor.py:183} INFO - Processing /home/airflow/.local/lib/python3.8/site-packages/airflow/example_dags/example_xcom.py took 0.081 seconds
