[2026-03-23T03:21:16.365+0000] {processor.py:161} INFO - Started process (PID=98) to work on /home/airflow/.local/lib/python3.8/site-packages/airflow/example_dags/example_python_operator.py
[2026-03-23T03:21:16.366+0000] {processor.py:830} INFO - Processing file /home/airflow/.local/lib/python3.8/site-packages/airflow/example_dags/example_python_operator.py for tasks to queue
[2026-03-23T03:21:16.371+0000] {logging_mixin.py:188} INFO - [2026-03-23T03:21:16.370+0000] {dagbag.py:540} INFO - Filling up the DagBag from /home/airflow/.local/lib/python3.8/site-packages/airflow/example_dags/example_python_operator.py
[2026-03-23T03:21:16.386+0000] {processor.py:840} INFO - DAG(s) 'example_python_operator' retrieved from /home/airflow/.local/lib/python3.8/site-packages/airflow/example_dags/example_python_operator.py
[2026-03-23T03:21:16.399+0000] {logging_mixin.py:188} INFO - [2026-03-23T03:21:16.399+0000] {dag.py:3047} INFO - Sync 1 DAGs
[2026-03-23T03:21:16.417+0000] {logging_mixin.py:188} INFO - [2026-03-23T03:21:16.417+0000] {dag.py:3834} INFO - Setting next_dagrun for example_python_operator to None, run_after=None
[2026-03-23T03:21:16.445+0000] {processor.py:183} INFO - Processing /home/airflow/.local/lib/python3.8/site-packages/airflow/example_dags/example_python_operator.py took 0.083 seconds
[2026-03-23T03:21:47.134+0000] {processor.py:161} INFO - Started process (PID=153) to work on /home/airflow/.local/lib/python3.8/site-packages/airflow/example_dags/example_python_operator.py
[2026-03-23T03:21:47.135+0000] {processor.py:830} INFO - Processing file /home/airflow/.local/lib/python3.8/site-packages/airflow/example_dags/example_python_operator.py for tasks to queue
[2026-03-23T03:21:47.137+0000] {logging_mixin.py:188} INFO - [2026-03-23T03:21:47.136+0000] {dagbag.py:540} INFO - Filling up the DagBag from /home/airflow/.local/lib/python3.8/site-packages/airflow/example_dags/example_python_operator.py
[2026-03-23T03:21:47.146+0000] {processor.py:840} INFO - DAG(s) 'example_python_operator' retrieved from /home/airflow/.local/lib/python3.8/site-packages/airflow/example_dags/example_python_operator.py
[2026-03-23T03:21:47.157+0000] {logging_mixin.py:188} INFO - [2026-03-23T03:21:47.156+0000] {dag.py:3047} INFO - Sync 1 DAGs
[2026-03-23T03:21:47.170+0000] {logging_mixin.py:188} INFO - [2026-03-23T03:21:47.170+0000] {dag.py:3834} INFO - Setting next_dagrun for example_python_operator to None, run_after=None
[2026-03-23T03:21:47.193+0000] {processor.py:183} INFO - Processing /home/airflow/.local/lib/python3.8/site-packages/airflow/example_dags/example_python_operator.py took 0.062 seconds
[2026-03-23T03:22:18.653+0000] {processor.py:161} INFO - Started process (PID=214) to work on /home/airflow/.local/lib/python3.8/site-packages/airflow/example_dags/example_python_operator.py
[2026-03-23T03:22:18.654+0000] {processor.py:830} INFO - Processing file /home/airflow/.local/lib/python3.8/site-packages/airflow/example_dags/example_python_operator.py for tasks to queue
[2026-03-23T03:22:18.656+0000] {logging_mixin.py:188} INFO - [2026-03-23T03:22:18.656+0000] {dagbag.py:540} INFO - Filling up the DagBag from /home/airflow/.local/lib/python3.8/site-packages/airflow/example_dags/example_python_operator.py
[2026-03-23T03:22:18.666+0000] {processor.py:840} INFO - DAG(s) 'example_python_operator' retrieved from /home/airflow/.local/lib/python3.8/site-packages/airflow/example_dags/example_python_operator.py
[2026-03-23T03:22:18.766+0000] {logging_mixin.py:188} INFO - [2026-03-23T03:22:18.766+0000] {dag.py:3047} INFO - Sync 1 DAGs
[2026-03-23T03:22:18.777+0000] {logging_mixin.py:188} INFO - [2026-03-23T03:22:18.777+0000] {dag.py:3834} INFO - Setting next_dagrun for example_python_operator to None, run_after=None
[2026-03-23T03:22:18.799+0000] {processor.py:183} INFO - Processing /home/airflow/.local/lib/python3.8/site-packages/airflow/example_dags/example_python_operator.py took 0.149 seconds
[2026-03-23T03:22:48.972+0000] {processor.py:161} INFO - Started process (PID=269) to work on /home/airflow/.local/lib/python3.8/site-packages/airflow/example_dags/example_python_operator.py
[2026-03-23T03:22:48.973+0000] {processor.py:830} INFO - Processing file /home/airflow/.local/lib/python3.8/site-packages/airflow/example_dags/example_python_operator.py for tasks to queue
[2026-03-23T03:22:48.975+0000] {logging_mixin.py:188} INFO - [2026-03-23T03:22:48.975+0000] {dagbag.py:540} INFO - Filling up the DagBag from /home/airflow/.local/lib/python3.8/site-packages/airflow/example_dags/example_python_operator.py
[2026-03-23T03:22:48.984+0000] {processor.py:840} INFO - DAG(s) 'example_python_operator' retrieved from /home/airflow/.local/lib/python3.8/site-packages/airflow/example_dags/example_python_operator.py
[2026-03-23T03:22:49.005+0000] {logging_mixin.py:188} INFO - [2026-03-23T03:22:49.005+0000] {dag.py:3047} INFO - Sync 1 DAGs
[2026-03-23T03:22:49.017+0000] {logging_mixin.py:188} INFO - [2026-03-23T03:22:49.016+0000] {dag.py:3834} INFO - Setting next_dagrun for example_python_operator to None, run_after=None
[2026-03-23T03:22:49.038+0000] {processor.py:183} INFO - Processing /home/airflow/.local/lib/python3.8/site-packages/airflow/example_dags/example_python_operator.py took 0.069 seconds
[2026-03-23T03:23:19.892+0000] {processor.py:161} INFO - Started process (PID=324) to work on /home/airflow/.local/lib/python3.8/site-packages/airflow/example_dags/example_python_operator.py
[2026-03-23T03:23:19.893+0000] {processor.py:830} INFO - Processing file /home/airflow/.local/lib/python3.8/site-packages/airflow/example_dags/example_python_operator.py for tasks to queue
[2026-03-23T03:23:19.895+0000] {logging_mixin.py:188} INFO - [2026-03-23T03:23:19.895+0000] {dagbag.py:540} INFO - Filling up the DagBag from /home/airflow/.local/lib/python3.8/site-packages/airflow/example_dags/example_python_operator.py
[2026-03-23T03:23:19.905+0000] {processor.py:840} INFO - DAG(s) 'example_python_operator' retrieved from /home/airflow/.local/lib/python3.8/site-packages/airflow/example_dags/example_python_operator.py
[2026-03-23T03:23:19.928+0000] {logging_mixin.py:188} INFO - [2026-03-23T03:23:19.928+0000] {dag.py:3047} INFO - Sync 1 DAGs
[2026-03-23T03:23:19.940+0000] {logging_mixin.py:188} INFO - [2026-03-23T03:23:19.940+0000] {dag.py:3834} INFO - Setting next_dagrun for example_python_operator to None, run_after=None
[2026-03-23T03:23:19.962+0000] {processor.py:183} INFO - Processing /home/airflow/.local/lib/python3.8/site-packages/airflow/example_dags/example_python_operator.py took 0.073 seconds
[2026-03-23T03:25:10.686+0000] {processor.py:161} INFO - Started process (PID=98) to work on /home/airflow/.local/lib/python3.8/site-packages/airflow/example_dags/example_python_operator.py
[2026-03-23T03:25:10.687+0000] {processor.py:830} INFO - Processing file /home/airflow/.local/lib/python3.8/site-packages/airflow/example_dags/example_python_operator.py for tasks to queue
[2026-03-23T03:25:10.689+0000] {logging_mixin.py:188} INFO - [2026-03-23T03:25:10.689+0000] {dagbag.py:540} INFO - Filling up the DagBag from /home/airflow/.local/lib/python3.8/site-packages/airflow/example_dags/example_python_operator.py
[2026-03-23T03:25:10.704+0000] {processor.py:840} INFO - DAG(s) 'example_python_operator' retrieved from /home/airflow/.local/lib/python3.8/site-packages/airflow/example_dags/example_python_operator.py
[2026-03-23T03:25:10.724+0000] {logging_mixin.py:188} INFO - [2026-03-23T03:25:10.724+0000] {dag.py:3047} INFO - Sync 1 DAGs
[2026-03-23T03:25:10.743+0000] {logging_mixin.py:188} INFO - [2026-03-23T03:25:10.743+0000] {dag.py:3834} INFO - Setting next_dagrun for example_python_operator to None, run_after=None
[2026-03-23T03:25:10.777+0000] {processor.py:183} INFO - Processing /home/airflow/.local/lib/python3.8/site-packages/airflow/example_dags/example_python_operator.py took 0.094 seconds
[2026-03-23T03:25:42.951+0000] {processor.py:161} INFO - Started process (PID=159) to work on /home/airflow/.local/lib/python3.8/site-packages/airflow/example_dags/example_python_operator.py
[2026-03-23T03:25:42.953+0000] {processor.py:830} INFO - Processing file /home/airflow/.local/lib/python3.8/site-packages/airflow/example_dags/example_python_operator.py for tasks to queue
[2026-03-23T03:25:42.955+0000] {logging_mixin.py:188} INFO - [2026-03-23T03:25:42.955+0000] {dagbag.py:540} INFO - Filling up the DagBag from /home/airflow/.local/lib/python3.8/site-packages/airflow/example_dags/example_python_operator.py
[2026-03-23T03:25:42.968+0000] {processor.py:840} INFO - DAG(s) 'example_python_operator' retrieved from /home/airflow/.local/lib/python3.8/site-packages/airflow/example_dags/example_python_operator.py
[2026-03-23T03:25:43.098+0000] {logging_mixin.py:188} INFO - [2026-03-23T03:25:43.097+0000] {dag.py:3047} INFO - Sync 1 DAGs
[2026-03-23T03:25:43.115+0000] {logging_mixin.py:188} INFO - [2026-03-23T03:25:43.115+0000] {dag.py:3834} INFO - Setting next_dagrun for example_python_operator to None, run_after=None
[2026-03-23T03:25:43.148+0000] {processor.py:183} INFO - Processing /home/airflow/.local/lib/python3.8/site-packages/airflow/example_dags/example_python_operator.py took 0.200 seconds
[2026-03-23T03:26:13.364+0000] {processor.py:161} INFO - Started process (PID=214) to work on /home/airflow/.local/lib/python3.8/site-packages/airflow/example_dags/example_python_operator.py
[2026-03-23T03:26:13.365+0000] {processor.py:830} INFO - Processing file /home/airflow/.local/lib/python3.8/site-packages/airflow/example_dags/example_python_operator.py for tasks to queue
[2026-03-23T03:26:13.367+0000] {logging_mixin.py:188} INFO - [2026-03-23T03:26:13.366+0000] {dagbag.py:540} INFO - Filling up the DagBag from /home/airflow/.local/lib/python3.8/site-packages/airflow/example_dags/example_python_operator.py
[2026-03-23T03:26:13.376+0000] {processor.py:840} INFO - DAG(s) 'example_python_operator' retrieved from /home/airflow/.local/lib/python3.8/site-packages/airflow/example_dags/example_python_operator.py
[2026-03-23T03:26:13.396+0000] {logging_mixin.py:188} INFO - [2026-03-23T03:26:13.396+0000] {dag.py:3047} INFO - Sync 1 DAGs
[2026-03-23T03:26:13.407+0000] {logging_mixin.py:188} INFO - [2026-03-23T03:26:13.407+0000] {dag.py:3834} INFO - Setting next_dagrun for example_python_operator to None, run_after=None
[2026-03-23T03:26:13.428+0000] {processor.py:183} INFO - Processing /home/airflow/.local/lib/python3.8/site-packages/airflow/example_dags/example_python_operator.py took 0.066 seconds
[2026-03-23T03:26:44.514+0000] {processor.py:161} INFO - Started process (PID=269) to work on /home/airflow/.local/lib/python3.8/site-packages/airflow/example_dags/example_python_operator.py
[2026-03-23T03:26:44.515+0000] {processor.py:830} INFO - Processing file /home/airflow/.local/lib/python3.8/site-packages/airflow/example_dags/example_python_operator.py for tasks to queue
[2026-03-23T03:26:44.517+0000] {logging_mixin.py:188} INFO - [2026-03-23T03:26:44.516+0000] {dagbag.py:540} INFO - Filling up the DagBag from /home/airflow/.local/lib/python3.8/site-packages/airflow/example_dags/example_python_operator.py
[2026-03-23T03:26:44.526+0000] {processor.py:840} INFO - DAG(s) 'example_python_operator' retrieved from /home/airflow/.local/lib/python3.8/site-packages/airflow/example_dags/example_python_operator.py
[2026-03-23T03:26:44.549+0000] {logging_mixin.py:188} INFO - [2026-03-23T03:26:44.549+0000] {dag.py:3047} INFO - Sync 1 DAGs
[2026-03-23T03:26:44.561+0000] {logging_mixin.py:188} INFO - [2026-03-23T03:26:44.561+0000] {dag.py:3834} INFO - Setting next_dagrun for example_python_operator to None, run_after=None
[2026-03-23T03:26:44.586+0000] {processor.py:183} INFO - Processing /home/airflow/.local/lib/python3.8/site-packages/airflow/example_dags/example_python_operator.py took 0.075 seconds
[2026-03-23T03:27:14.671+0000] {processor.py:161} INFO - Started process (PID=324) to work on /home/airflow/.local/lib/python3.8/site-packages/airflow/example_dags/example_python_operator.py
[2026-03-23T03:27:14.672+0000] {processor.py:830} INFO - Processing file /home/airflow/.local/lib/python3.8/site-packages/airflow/example_dags/example_python_operator.py for tasks to queue
[2026-03-23T03:27:14.674+0000] {logging_mixin.py:188} INFO - [2026-03-23T03:27:14.674+0000] {dagbag.py:540} INFO - Filling up the DagBag from /home/airflow/.local/lib/python3.8/site-packages/airflow/example_dags/example_python_operator.py
[2026-03-23T03:27:14.682+0000] {processor.py:840} INFO - DAG(s) 'example_python_operator' retrieved from /home/airflow/.local/lib/python3.8/site-packages/airflow/example_dags/example_python_operator.py
[2026-03-23T03:27:14.702+0000] {logging_mixin.py:188} INFO - [2026-03-23T03:27:14.701+0000] {dag.py:3047} INFO - Sync 1 DAGs
[2026-03-23T03:27:14.712+0000] {logging_mixin.py:188} INFO - [2026-03-23T03:27:14.712+0000] {dag.py:3834} INFO - Setting next_dagrun for example_python_operator to None, run_after=None
[2026-03-23T03:27:14.732+0000] {processor.py:183} INFO - Processing /home/airflow/.local/lib/python3.8/site-packages/airflow/example_dags/example_python_operator.py took 0.064 seconds
[2026-03-23T03:27:45.016+0000] {processor.py:161} INFO - Started process (PID=379) to work on /home/airflow/.local/lib/python3.8/site-packages/airflow/example_dags/example_python_operator.py
[2026-03-23T03:27:45.017+0000] {processor.py:830} INFO - Processing file /home/airflow/.local/lib/python3.8/site-packages/airflow/example_dags/example_python_operator.py for tasks to queue
[2026-03-23T03:27:45.019+0000] {logging_mixin.py:188} INFO - [2026-03-23T03:27:45.019+0000] {dagbag.py:540} INFO - Filling up the DagBag from /home/airflow/.local/lib/python3.8/site-packages/airflow/example_dags/example_python_operator.py
[2026-03-23T03:27:45.029+0000] {processor.py:840} INFO - DAG(s) 'example_python_operator' retrieved from /home/airflow/.local/lib/python3.8/site-packages/airflow/example_dags/example_python_operator.py
[2026-03-23T03:27:45.050+0000] {logging_mixin.py:188} INFO - [2026-03-23T03:27:45.050+0000] {dag.py:3047} INFO - Sync 1 DAGs
[2026-03-23T03:27:45.061+0000] {logging_mixin.py:188} INFO - [2026-03-23T03:27:45.061+0000] {dag.py:3834} INFO - Setting next_dagrun for example_python_operator to None, run_after=None
[2026-03-23T03:27:45.082+0000] {processor.py:183} INFO - Processing /home/airflow/.local/lib/python3.8/site-packages/airflow/example_dags/example_python_operator.py took 0.069 seconds
[2026-03-23T03:28:15.320+0000] {processor.py:161} INFO - Started process (PID=434) to work on /home/airflow/.local/lib/python3.8/site-packages/airflow/example_dags/example_python_operator.py
[2026-03-23T03:28:15.321+0000] {processor.py:830} INFO - Processing file /home/airflow/.local/lib/python3.8/site-packages/airflow/example_dags/example_python_operator.py for tasks to queue
[2026-03-23T03:28:15.322+0000] {logging_mixin.py:188} INFO - [2026-03-23T03:28:15.322+0000] {dagbag.py:540} INFO - Filling up the DagBag from /home/airflow/.local/lib/python3.8/site-packages/airflow/example_dags/example_python_operator.py
[2026-03-23T03:28:15.331+0000] {processor.py:840} INFO - DAG(s) 'example_python_operator' retrieved from /home/airflow/.local/lib/python3.8/site-packages/airflow/example_dags/example_python_operator.py
[2026-03-23T03:28:15.352+0000] {logging_mixin.py:188} INFO - [2026-03-23T03:28:15.351+0000] {dag.py:3047} INFO - Sync 1 DAGs
[2026-03-23T03:28:15.363+0000] {logging_mixin.py:188} INFO - [2026-03-23T03:28:15.363+0000] {dag.py:3834} INFO - Setting next_dagrun for example_python_operator to None, run_after=None
[2026-03-23T03:28:15.381+0000] {processor.py:183} INFO - Processing /home/airflow/.local/lib/python3.8/site-packages/airflow/example_dags/example_python_operator.py took 0.065 seconds
[2026-03-23T03:28:45.684+0000] {processor.py:161} INFO - Started process (PID=489) to work on /home/airflow/.local/lib/python3.8/site-packages/airflow/example_dags/example_python_operator.py
[2026-03-23T03:28:45.685+0000] {processor.py:830} INFO - Processing file /home/airflow/.local/lib/python3.8/site-packages/airflow/example_dags/example_python_operator.py for tasks to queue
[2026-03-23T03:28:45.687+0000] {logging_mixin.py:188} INFO - [2026-03-23T03:28:45.687+0000] {dagbag.py:540} INFO - Filling up the DagBag from /home/airflow/.local/lib/python3.8/site-packages/airflow/example_dags/example_python_operator.py
[2026-03-23T03:28:45.699+0000] {processor.py:840} INFO - DAG(s) 'example_python_operator' retrieved from /home/airflow/.local/lib/python3.8/site-packages/airflow/example_dags/example_python_operator.py
[2026-03-23T03:28:45.721+0000] {logging_mixin.py:188} INFO - [2026-03-23T03:28:45.721+0000] {dag.py:3047} INFO - Sync 1 DAGs
[2026-03-23T03:28:45.733+0000] {logging_mixin.py:188} INFO - [2026-03-23T03:28:45.733+0000] {dag.py:3834} INFO - Setting next_dagrun for example_python_operator to None, run_after=None
[2026-03-23T03:28:45.754+0000] {processor.py:183} INFO - Processing /home/airflow/.local/lib/python3.8/site-packages/airflow/example_dags/example_python_operator.py took 0.073 seconds
[2026-03-23T03:29:16.349+0000] {processor.py:161} INFO - Started process (PID=544) to work on /home/airflow/.local/lib/python3.8/site-packages/airflow/example_dags/example_python_operator.py
[2026-03-23T03:29:16.350+0000] {processor.py:830} INFO - Processing file /home/airflow/.local/lib/python3.8/site-packages/airflow/example_dags/example_python_operator.py for tasks to queue
[2026-03-23T03:29:16.352+0000] {logging_mixin.py:188} INFO - [2026-03-23T03:29:16.351+0000] {dagbag.py:540} INFO - Filling up the DagBag from /home/airflow/.local/lib/python3.8/site-packages/airflow/example_dags/example_python_operator.py
[2026-03-23T03:29:16.361+0000] {processor.py:840} INFO - DAG(s) 'example_python_operator' retrieved from /home/airflow/.local/lib/python3.8/site-packages/airflow/example_dags/example_python_operator.py
[2026-03-23T03:29:16.382+0000] {logging_mixin.py:188} INFO - [2026-03-23T03:29:16.381+0000] {dag.py:3047} INFO - Sync 1 DAGs
[2026-03-23T03:29:16.395+0000] {logging_mixin.py:188} INFO - [2026-03-23T03:29:16.395+0000] {dag.py:3834} INFO - Setting next_dagrun for example_python_operator to None, run_after=None
[2026-03-23T03:29:16.418+0000] {processor.py:183} INFO - Processing /home/airflow/.local/lib/python3.8/site-packages/airflow/example_dags/example_python_operator.py took 0.072 seconds
[2026-03-23T03:29:46.471+0000] {processor.py:161} INFO - Started process (PID=599) to work on /home/airflow/.local/lib/python3.8/site-packages/airflow/example_dags/example_python_operator.py
[2026-03-23T03:29:46.472+0000] {processor.py:830} INFO - Processing file /home/airflow/.local/lib/python3.8/site-packages/airflow/example_dags/example_python_operator.py for tasks to queue
[2026-03-23T03:29:46.473+0000] {logging_mixin.py:188} INFO - [2026-03-23T03:29:46.473+0000] {dagbag.py:540} INFO - Filling up the DagBag from /home/airflow/.local/lib/python3.8/site-packages/airflow/example_dags/example_python_operator.py
[2026-03-23T03:29:46.481+0000] {processor.py:840} INFO - DAG(s) 'example_python_operator' retrieved from /home/airflow/.local/lib/python3.8/site-packages/airflow/example_dags/example_python_operator.py
[2026-03-23T03:29:46.501+0000] {logging_mixin.py:188} INFO - [2026-03-23T03:29:46.500+0000] {dag.py:3047} INFO - Sync 1 DAGs
[2026-03-23T03:29:46.511+0000] {logging_mixin.py:188} INFO - [2026-03-23T03:29:46.511+0000] {dag.py:3834} INFO - Setting next_dagrun for example_python_operator to None, run_after=None
[2026-03-23T03:29:46.533+0000] {processor.py:183} INFO - Processing /home/airflow/.local/lib/python3.8/site-packages/airflow/example_dags/example_python_operator.py took 0.065 seconds
[2026-03-23T03:30:17.033+0000] {processor.py:161} INFO - Started process (PID=654) to work on /home/airflow/.local/lib/python3.8/site-packages/airflow/example_dags/example_python_operator.py
[2026-03-23T03:30:17.035+0000] {processor.py:830} INFO - Processing file /home/airflow/.local/lib/python3.8/site-packages/airflow/example_dags/example_python_operator.py for tasks to queue
[2026-03-23T03:30:17.037+0000] {logging_mixin.py:188} INFO - [2026-03-23T03:30:17.036+0000] {dagbag.py:540} INFO - Filling up the DagBag from /home/airflow/.local/lib/python3.8/site-packages/airflow/example_dags/example_python_operator.py
[2026-03-23T03:30:17.048+0000] {processor.py:840} INFO - DAG(s) 'example_python_operator' retrieved from /home/airflow/.local/lib/python3.8/site-packages/airflow/example_dags/example_python_operator.py
[2026-03-23T03:30:17.073+0000] {logging_mixin.py:188} INFO - [2026-03-23T03:30:17.073+0000] {dag.py:3047} INFO - Sync 1 DAGs
[2026-03-23T03:30:17.087+0000] {logging_mixin.py:188} INFO - [2026-03-23T03:30:17.087+0000] {dag.py:3834} INFO - Setting next_dagrun for example_python_operator to None, run_after=None
[2026-03-23T03:30:17.109+0000] {processor.py:183} INFO - Processing /home/airflow/.local/lib/python3.8/site-packages/airflow/example_dags/example_python_operator.py took 0.079 seconds
[2026-03-23T03:30:48.141+0000] {processor.py:161} INFO - Started process (PID=709) to work on /home/airflow/.local/lib/python3.8/site-packages/airflow/example_dags/example_python_operator.py
[2026-03-23T03:30:48.142+0000] {processor.py:830} INFO - Processing file /home/airflow/.local/lib/python3.8/site-packages/airflow/example_dags/example_python_operator.py for tasks to queue
[2026-03-23T03:30:48.144+0000] {logging_mixin.py:188} INFO - [2026-03-23T03:30:48.144+0000] {dagbag.py:540} INFO - Filling up the DagBag from /home/airflow/.local/lib/python3.8/site-packages/airflow/example_dags/example_python_operator.py
[2026-03-23T03:30:48.155+0000] {processor.py:840} INFO - DAG(s) 'example_python_operator' retrieved from /home/airflow/.local/lib/python3.8/site-packages/airflow/example_dags/example_python_operator.py
[2026-03-23T03:30:48.179+0000] {logging_mixin.py:188} INFO - [2026-03-23T03:30:48.179+0000] {dag.py:3047} INFO - Sync 1 DAGs
[2026-03-23T03:30:48.193+0000] {logging_mixin.py:188} INFO - [2026-03-23T03:30:48.192+0000] {dag.py:3834} INFO - Setting next_dagrun for example_python_operator to None, run_after=None
[2026-03-23T03:30:48.218+0000] {processor.py:183} INFO - Processing /home/airflow/.local/lib/python3.8/site-packages/airflow/example_dags/example_python_operator.py took 0.081 seconds
[2026-03-23T03:31:18.292+0000] {processor.py:161} INFO - Started process (PID=764) to work on /home/airflow/.local/lib/python3.8/site-packages/airflow/example_dags/example_python_operator.py
[2026-03-23T03:31:18.293+0000] {processor.py:830} INFO - Processing file /home/airflow/.local/lib/python3.8/site-packages/airflow/example_dags/example_python_operator.py for tasks to queue
[2026-03-23T03:31:18.295+0000] {logging_mixin.py:188} INFO - [2026-03-23T03:31:18.294+0000] {dagbag.py:540} INFO - Filling up the DagBag from /home/airflow/.local/lib/python3.8/site-packages/airflow/example_dags/example_python_operator.py
[2026-03-23T03:31:18.303+0000] {processor.py:840} INFO - DAG(s) 'example_python_operator' retrieved from /home/airflow/.local/lib/python3.8/site-packages/airflow/example_dags/example_python_operator.py
[2026-03-23T03:31:18.323+0000] {logging_mixin.py:188} INFO - [2026-03-23T03:31:18.323+0000] {dag.py:3047} INFO - Sync 1 DAGs
[2026-03-23T03:31:18.334+0000] {logging_mixin.py:188} INFO - [2026-03-23T03:31:18.334+0000] {dag.py:3834} INFO - Setting next_dagrun for example_python_operator to None, run_after=None
[2026-03-23T03:31:18.355+0000] {processor.py:183} INFO - Processing /home/airflow/.local/lib/python3.8/site-packages/airflow/example_dags/example_python_operator.py took 0.066 seconds
[2026-03-23T03:31:48.888+0000] {processor.py:161} INFO - Started process (PID=819) to work on /home/airflow/.local/lib/python3.8/site-packages/airflow/example_dags/example_python_operator.py
[2026-03-23T03:31:48.889+0000] {processor.py:830} INFO - Processing file /home/airflow/.local/lib/python3.8/site-packages/airflow/example_dags/example_python_operator.py for tasks to queue
[2026-03-23T03:31:48.891+0000] {logging_mixin.py:188} INFO - [2026-03-23T03:31:48.891+0000] {dagbag.py:540} INFO - Filling up the DagBag from /home/airflow/.local/lib/python3.8/site-packages/airflow/example_dags/example_python_operator.py
[2026-03-23T03:31:48.900+0000] {processor.py:840} INFO - DAG(s) 'example_python_operator' retrieved from /home/airflow/.local/lib/python3.8/site-packages/airflow/example_dags/example_python_operator.py
[2026-03-23T03:31:48.922+0000] {logging_mixin.py:188} INFO - [2026-03-23T03:31:48.921+0000] {dag.py:3047} INFO - Sync 1 DAGs
[2026-03-23T03:31:48.932+0000] {logging_mixin.py:188} INFO - [2026-03-23T03:31:48.932+0000] {dag.py:3834} INFO - Setting next_dagrun for example_python_operator to None, run_after=None
[2026-03-23T03:31:48.953+0000] {processor.py:183} INFO - Processing /home/airflow/.local/lib/python3.8/site-packages/airflow/example_dags/example_python_operator.py took 0.068 seconds
[2026-03-23T03:32:19.523+0000] {processor.py:161} INFO - Started process (PID=874) to work on /home/airflow/.local/lib/python3.8/site-packages/airflow/example_dags/example_python_operator.py
[2026-03-23T03:32:19.524+0000] {processor.py:830} INFO - Processing file /home/airflow/.local/lib/python3.8/site-packages/airflow/example_dags/example_python_operator.py for tasks to queue
[2026-03-23T03:32:19.526+0000] {logging_mixin.py:188} INFO - [2026-03-23T03:32:19.526+0000] {dagbag.py:540} INFO - Filling up the DagBag from /home/airflow/.local/lib/python3.8/site-packages/airflow/example_dags/example_python_operator.py
[2026-03-23T03:32:19.536+0000] {processor.py:840} INFO - DAG(s) 'example_python_operator' retrieved from /home/airflow/.local/lib/python3.8/site-packages/airflow/example_dags/example_python_operator.py
[2026-03-23T03:32:19.559+0000] {logging_mixin.py:188} INFO - [2026-03-23T03:32:19.558+0000] {dag.py:3047} INFO - Sync 1 DAGs
[2026-03-23T03:32:19.572+0000] {logging_mixin.py:188} INFO - [2026-03-23T03:32:19.572+0000] {dag.py:3834} INFO - Setting next_dagrun for example_python_operator to None, run_after=None
[2026-03-23T03:32:19.594+0000] {processor.py:183} INFO - Processing /home/airflow/.local/lib/python3.8/site-packages/airflow/example_dags/example_python_operator.py took 0.074 seconds
[2026-03-23T03:32:50.621+0000] {processor.py:161} INFO - Started process (PID=929) to work on /home/airflow/.local/lib/python3.8/site-packages/airflow/example_dags/example_python_operator.py
[2026-03-23T03:32:50.622+0000] {processor.py:830} INFO - Processing file /home/airflow/.local/lib/python3.8/site-packages/airflow/example_dags/example_python_operator.py for tasks to queue
[2026-03-23T03:32:50.624+0000] {logging_mixin.py:188} INFO - [2026-03-23T03:32:50.624+0000] {dagbag.py:540} INFO - Filling up the DagBag from /home/airflow/.local/lib/python3.8/site-packages/airflow/example_dags/example_python_operator.py
[2026-03-23T03:32:50.633+0000] {processor.py:840} INFO - DAG(s) 'example_python_operator' retrieved from /home/airflow/.local/lib/python3.8/site-packages/airflow/example_dags/example_python_operator.py
[2026-03-23T03:32:50.654+0000] {logging_mixin.py:188} INFO - [2026-03-23T03:32:50.654+0000] {dag.py:3047} INFO - Sync 1 DAGs
[2026-03-23T03:32:50.665+0000] {logging_mixin.py:188} INFO - [2026-03-23T03:32:50.665+0000] {dag.py:3834} INFO - Setting next_dagrun for example_python_operator to None, run_after=None
[2026-03-23T03:32:50.684+0000] {processor.py:183} INFO - Processing /home/airflow/.local/lib/python3.8/site-packages/airflow/example_dags/example_python_operator.py took 0.066 seconds
[2026-03-23T03:33:20.970+0000] {processor.py:161} INFO - Started process (PID=984) to work on /home/airflow/.local/lib/python3.8/site-packages/airflow/example_dags/example_python_operator.py
[2026-03-23T03:33:20.971+0000] {processor.py:830} INFO - Processing file /home/airflow/.local/lib/python3.8/site-packages/airflow/example_dags/example_python_operator.py for tasks to queue
[2026-03-23T03:33:20.973+0000] {logging_mixin.py:188} INFO - [2026-03-23T03:33:20.973+0000] {dagbag.py:540} INFO - Filling up the DagBag from /home/airflow/.local/lib/python3.8/site-packages/airflow/example_dags/example_python_operator.py
[2026-03-23T03:33:20.982+0000] {processor.py:840} INFO - DAG(s) 'example_python_operator' retrieved from /home/airflow/.local/lib/python3.8/site-packages/airflow/example_dags/example_python_operator.py
[2026-03-23T03:33:21.003+0000] {logging_mixin.py:188} INFO - [2026-03-23T03:33:21.003+0000] {dag.py:3047} INFO - Sync 1 DAGs
[2026-03-23T03:33:21.014+0000] {logging_mixin.py:188} INFO - [2026-03-23T03:33:21.014+0000] {dag.py:3834} INFO - Setting next_dagrun for example_python_operator to None, run_after=None
[2026-03-23T03:33:21.035+0000] {processor.py:183} INFO - Processing /home/airflow/.local/lib/python3.8/site-packages/airflow/example_dags/example_python_operator.py took 0.067 seconds
[2026-03-23T03:33:51.196+0000] {processor.py:161} INFO - Started process (PID=1039) to work on /home/airflow/.local/lib/python3.8/site-packages/airflow/example_dags/example_python_operator.py
[2026-03-23T03:33:51.197+0000] {processor.py:830} INFO - Processing file /home/airflow/.local/lib/python3.8/site-packages/airflow/example_dags/example_python_operator.py for tasks to queue
[2026-03-23T03:33:51.199+0000] {logging_mixin.py:188} INFO - [2026-03-23T03:33:51.199+0000] {dagbag.py:540} INFO - Filling up the DagBag from /home/airflow/.local/lib/python3.8/site-packages/airflow/example_dags/example_python_operator.py
[2026-03-23T03:33:51.209+0000] {processor.py:840} INFO - DAG(s) 'example_python_operator' retrieved from /home/airflow/.local/lib/python3.8/site-packages/airflow/example_dags/example_python_operator.py
[2026-03-23T03:33:51.233+0000] {logging_mixin.py:188} INFO - [2026-03-23T03:33:51.233+0000] {dag.py:3047} INFO - Sync 1 DAGs
[2026-03-23T03:33:51.246+0000] {logging_mixin.py:188} INFO - [2026-03-23T03:33:51.246+0000] {dag.py:3834} INFO - Setting next_dagrun for example_python_operator to None, run_after=None
[2026-03-23T03:33:51.270+0000] {processor.py:183} INFO - Processing /home/airflow/.local/lib/python3.8/site-packages/airflow/example_dags/example_python_operator.py took 0.077 seconds
[2026-03-23T03:34:22.033+0000] {processor.py:161} INFO - Started process (PID=1094) to work on /home/airflow/.local/lib/python3.8/site-packages/airflow/example_dags/example_python_operator.py
[2026-03-23T03:34:22.034+0000] {processor.py:830} INFO - Processing file /home/airflow/.local/lib/python3.8/site-packages/airflow/example_dags/example_python_operator.py for tasks to queue
[2026-03-23T03:34:22.036+0000] {logging_mixin.py:188} INFO - [2026-03-23T03:34:22.036+0000] {dagbag.py:540} INFO - Filling up the DagBag from /home/airflow/.local/lib/python3.8/site-packages/airflow/example_dags/example_python_operator.py
[2026-03-23T03:34:22.045+0000] {processor.py:840} INFO - DAG(s) 'example_python_operator' retrieved from /home/airflow/.local/lib/python3.8/site-packages/airflow/example_dags/example_python_operator.py
[2026-03-23T03:34:22.065+0000] {logging_mixin.py:188} INFO - [2026-03-23T03:34:22.065+0000] {dag.py:3047} INFO - Sync 1 DAGs
[2026-03-23T03:34:22.077+0000] {logging_mixin.py:188} INFO - [2026-03-23T03:34:22.076+0000] {dag.py:3834} INFO - Setting next_dagrun for example_python_operator to None, run_after=None
[2026-03-23T03:34:22.094+0000] {processor.py:183} INFO - Processing /home/airflow/.local/lib/python3.8/site-packages/airflow/example_dags/example_python_operator.py took 0.064 seconds
[2026-03-23T03:34:52.377+0000] {processor.py:161} INFO - Started process (PID=1149) to work on /home/airflow/.local/lib/python3.8/site-packages/airflow/example_dags/example_python_operator.py
[2026-03-23T03:34:52.379+0000] {processor.py:830} INFO - Processing file /home/airflow/.local/lib/python3.8/site-packages/airflow/example_dags/example_python_operator.py for tasks to queue
[2026-03-23T03:34:52.382+0000] {logging_mixin.py:188} INFO - [2026-03-23T03:34:52.382+0000] {dagbag.py:540} INFO - Filling up the DagBag from /home/airflow/.local/lib/python3.8/site-packages/airflow/example_dags/example_python_operator.py
[2026-03-23T03:34:52.407+0000] {processor.py:840} INFO - DAG(s) 'example_python_operator' retrieved from /home/airflow/.local/lib/python3.8/site-packages/airflow/example_dags/example_python_operator.py
[2026-03-23T03:34:52.437+0000] {logging_mixin.py:188} INFO - [2026-03-23T03:34:52.437+0000] {dag.py:3047} INFO - Sync 1 DAGs
[2026-03-23T03:34:52.472+0000] {logging_mixin.py:188} INFO - [2026-03-23T03:34:52.472+0000] {dag.py:3834} INFO - Setting next_dagrun for example_python_operator to None, run_after=None
[2026-03-23T03:34:52.509+0000] {processor.py:183} INFO - Processing /home/airflow/.local/lib/python3.8/site-packages/airflow/example_dags/example_python_operator.py took 0.137 seconds
[2026-03-23T03:37:21.308+0000] {processor.py:161} INFO - Started process (PID=98) to work on /home/airflow/.local/lib/python3.8/site-packages/airflow/example_dags/example_python_operator.py
[2026-03-23T03:37:21.309+0000] {processor.py:830} INFO - Processing file /home/airflow/.local/lib/python3.8/site-packages/airflow/example_dags/example_python_operator.py for tasks to queue
[2026-03-23T03:37:21.311+0000] {logging_mixin.py:188} INFO - [2026-03-23T03:37:21.311+0000] {dagbag.py:540} INFO - Filling up the DagBag from /home/airflow/.local/lib/python3.8/site-packages/airflow/example_dags/example_python_operator.py
[2026-03-23T03:37:21.324+0000] {processor.py:840} INFO - DAG(s) 'example_python_operator' retrieved from /home/airflow/.local/lib/python3.8/site-packages/airflow/example_dags/example_python_operator.py
[2026-03-23T03:37:21.339+0000] {logging_mixin.py:188} INFO - [2026-03-23T03:37:21.339+0000] {dag.py:3047} INFO - Sync 1 DAGs
[2026-03-23T03:37:21.358+0000] {logging_mixin.py:188} INFO - [2026-03-23T03:37:21.357+0000] {dag.py:3834} INFO - Setting next_dagrun for example_python_operator to None, run_after=None
[2026-03-23T03:37:21.391+0000] {processor.py:183} INFO - Processing /home/airflow/.local/lib/python3.8/site-packages/airflow/example_dags/example_python_operator.py took 0.087 seconds
[2026-03-23T03:37:53.424+0000] {processor.py:161} INFO - Started process (PID=159) to work on /home/airflow/.local/lib/python3.8/site-packages/airflow/example_dags/example_python_operator.py
[2026-03-23T03:37:53.426+0000] {processor.py:830} INFO - Processing file /home/airflow/.local/lib/python3.8/site-packages/airflow/example_dags/example_python_operator.py for tasks to queue
[2026-03-23T03:37:53.428+0000] {logging_mixin.py:188} INFO - [2026-03-23T03:37:53.428+0000] {dagbag.py:540} INFO - Filling up the DagBag from /home/airflow/.local/lib/python3.8/site-packages/airflow/example_dags/example_python_operator.py
[2026-03-23T03:37:53.439+0000] {processor.py:840} INFO - DAG(s) 'example_python_operator' retrieved from /home/airflow/.local/lib/python3.8/site-packages/airflow/example_dags/example_python_operator.py
[2026-03-23T03:37:53.540+0000] {logging_mixin.py:188} INFO - [2026-03-23T03:37:53.540+0000] {dag.py:3047} INFO - Sync 1 DAGs
[2026-03-23T03:37:53.552+0000] {logging_mixin.py:188} INFO - [2026-03-23T03:37:53.551+0000] {dag.py:3834} INFO - Setting next_dagrun for example_python_operator to None, run_after=None
[2026-03-23T03:37:53.576+0000] {processor.py:183} INFO - Processing /home/airflow/.local/lib/python3.8/site-packages/airflow/example_dags/example_python_operator.py took 0.154 seconds
[2026-03-23T03:38:23.613+0000] {processor.py:161} INFO - Started process (PID=214) to work on /home/airflow/.local/lib/python3.8/site-packages/airflow/example_dags/example_python_operator.py
[2026-03-23T03:38:23.614+0000] {processor.py:830} INFO - Processing file /home/airflow/.local/lib/python3.8/site-packages/airflow/example_dags/example_python_operator.py for tasks to queue
[2026-03-23T03:38:23.616+0000] {logging_mixin.py:188} INFO - [2026-03-23T03:38:23.616+0000] {dagbag.py:540} INFO - Filling up the DagBag from /home/airflow/.local/lib/python3.8/site-packages/airflow/example_dags/example_python_operator.py
[2026-03-23T03:38:23.625+0000] {processor.py:840} INFO - DAG(s) 'example_python_operator' retrieved from /home/airflow/.local/lib/python3.8/site-packages/airflow/example_dags/example_python_operator.py
[2026-03-23T03:38:23.646+0000] {logging_mixin.py:188} INFO - [2026-03-23T03:38:23.645+0000] {dag.py:3047} INFO - Sync 1 DAGs
[2026-03-23T03:38:23.657+0000] {logging_mixin.py:188} INFO - [2026-03-23T03:38:23.657+0000] {dag.py:3834} INFO - Setting next_dagrun for example_python_operator to None, run_after=None
[2026-03-23T03:38:23.679+0000] {processor.py:183} INFO - Processing /home/airflow/.local/lib/python3.8/site-packages/airflow/example_dags/example_python_operator.py took 0.069 seconds
[2026-03-23T03:38:53.880+0000] {processor.py:161} INFO - Started process (PID=269) to work on /home/airflow/.local/lib/python3.8/site-packages/airflow/example_dags/example_python_operator.py
[2026-03-23T03:38:53.881+0000] {processor.py:830} INFO - Processing file /home/airflow/.local/lib/python3.8/site-packages/airflow/example_dags/example_python_operator.py for tasks to queue
[2026-03-23T03:38:53.883+0000] {logging_mixin.py:188} INFO - [2026-03-23T03:38:53.882+0000] {dagbag.py:540} INFO - Filling up the DagBag from /home/airflow/.local/lib/python3.8/site-packages/airflow/example_dags/example_python_operator.py
[2026-03-23T03:38:53.892+0000] {processor.py:840} INFO - DAG(s) 'example_python_operator' retrieved from /home/airflow/.local/lib/python3.8/site-packages/airflow/example_dags/example_python_operator.py
[2026-03-23T03:38:53.913+0000] {logging_mixin.py:188} INFO - [2026-03-23T03:38:53.913+0000] {dag.py:3047} INFO - Sync 1 DAGs
[2026-03-23T03:38:53.927+0000] {logging_mixin.py:188} INFO - [2026-03-23T03:38:53.926+0000] {dag.py:3834} INFO - Setting next_dagrun for example_python_operator to None, run_after=None
[2026-03-23T03:38:53.953+0000] {processor.py:183} INFO - Processing /home/airflow/.local/lib/python3.8/site-packages/airflow/example_dags/example_python_operator.py took 0.076 seconds
[2026-03-23T03:39:24.169+0000] {processor.py:161} INFO - Started process (PID=324) to work on /home/airflow/.local/lib/python3.8/site-packages/airflow/example_dags/example_python_operator.py
[2026-03-23T03:39:24.171+0000] {processor.py:830} INFO - Processing file /home/airflow/.local/lib/python3.8/site-packages/airflow/example_dags/example_python_operator.py for tasks to queue
[2026-03-23T03:39:24.173+0000] {logging_mixin.py:188} INFO - [2026-03-23T03:39:24.172+0000] {dagbag.py:540} INFO - Filling up the DagBag from /home/airflow/.local/lib/python3.8/site-packages/airflow/example_dags/example_python_operator.py
[2026-03-23T03:39:24.182+0000] {processor.py:840} INFO - DAG(s) 'example_python_operator' retrieved from /home/airflow/.local/lib/python3.8/site-packages/airflow/example_dags/example_python_operator.py
[2026-03-23T03:39:24.205+0000] {logging_mixin.py:188} INFO - [2026-03-23T03:39:24.204+0000] {dag.py:3047} INFO - Sync 1 DAGs
[2026-03-23T03:39:24.217+0000] {logging_mixin.py:188} INFO - [2026-03-23T03:39:24.217+0000] {dag.py:3834} INFO - Setting next_dagrun for example_python_operator to None, run_after=None
[2026-03-23T03:39:24.241+0000] {processor.py:183} INFO - Processing /home/airflow/.local/lib/python3.8/site-packages/airflow/example_dags/example_python_operator.py took 0.074 seconds
[2026-03-23T03:39:54.540+0000] {processor.py:161} INFO - Started process (PID=379) to work on /home/airflow/.local/lib/python3.8/site-packages/airflow/example_dags/example_python_operator.py
[2026-03-23T03:39:54.541+0000] {processor.py:830} INFO - Processing file /home/airflow/.local/lib/python3.8/site-packages/airflow/example_dags/example_python_operator.py for tasks to queue
[2026-03-23T03:39:54.543+0000] {logging_mixin.py:188} INFO - [2026-03-23T03:39:54.543+0000] {dagbag.py:540} INFO - Filling up the DagBag from /home/airflow/.local/lib/python3.8/site-packages/airflow/example_dags/example_python_operator.py
[2026-03-23T03:39:54.552+0000] {processor.py:840} INFO - DAG(s) 'example_python_operator' retrieved from /home/airflow/.local/lib/python3.8/site-packages/airflow/example_dags/example_python_operator.py
[2026-03-23T03:39:54.573+0000] {logging_mixin.py:188} INFO - [2026-03-23T03:39:54.572+0000] {dag.py:3047} INFO - Sync 1 DAGs
[2026-03-23T03:39:54.584+0000] {logging_mixin.py:188} INFO - [2026-03-23T03:39:54.583+0000] {dag.py:3834} INFO - Setting next_dagrun for example_python_operator to None, run_after=None
[2026-03-23T03:39:54.605+0000] {processor.py:183} INFO - Processing /home/airflow/.local/lib/python3.8/site-packages/airflow/example_dags/example_python_operator.py took 0.068 seconds
[2026-03-23T03:40:25.065+0000] {processor.py:161} INFO - Started process (PID=434) to work on /home/airflow/.local/lib/python3.8/site-packages/airflow/example_dags/example_python_operator.py
[2026-03-23T03:40:25.066+0000] {processor.py:830} INFO - Processing file /home/airflow/.local/lib/python3.8/site-packages/airflow/example_dags/example_python_operator.py for tasks to queue
[2026-03-23T03:40:25.068+0000] {logging_mixin.py:188} INFO - [2026-03-23T03:40:25.068+0000] {dagbag.py:540} INFO - Filling up the DagBag from /home/airflow/.local/lib/python3.8/site-packages/airflow/example_dags/example_python_operator.py
[2026-03-23T03:40:25.077+0000] {processor.py:840} INFO - DAG(s) 'example_python_operator' retrieved from /home/airflow/.local/lib/python3.8/site-packages/airflow/example_dags/example_python_operator.py
[2026-03-23T03:40:25.097+0000] {logging_mixin.py:188} INFO - [2026-03-23T03:40:25.097+0000] {dag.py:3047} INFO - Sync 1 DAGs
[2026-03-23T03:40:25.107+0000] {logging_mixin.py:188} INFO - [2026-03-23T03:40:25.107+0000] {dag.py:3834} INFO - Setting next_dagrun for example_python_operator to None, run_after=None
[2026-03-23T03:40:25.130+0000] {processor.py:183} INFO - Processing /home/airflow/.local/lib/python3.8/site-packages/airflow/example_dags/example_python_operator.py took 0.067 seconds
[2026-03-23T03:40:56.244+0000] {processor.py:161} INFO - Started process (PID=489) to work on /home/airflow/.local/lib/python3.8/site-packages/airflow/example_dags/example_python_operator.py
[2026-03-23T03:40:56.246+0000] {processor.py:830} INFO - Processing file /home/airflow/.local/lib/python3.8/site-packages/airflow/example_dags/example_python_operator.py for tasks to queue
[2026-03-23T03:40:56.249+0000] {logging_mixin.py:188} INFO - [2026-03-23T03:40:56.249+0000] {dagbag.py:540} INFO - Filling up the DagBag from /home/airflow/.local/lib/python3.8/site-packages/airflow/example_dags/example_python_operator.py
[2026-03-23T03:40:56.272+0000] {processor.py:840} INFO - DAG(s) 'example_python_operator' retrieved from /home/airflow/.local/lib/python3.8/site-packages/airflow/example_dags/example_python_operator.py
[2026-03-23T03:40:56.312+0000] {logging_mixin.py:188} INFO - [2026-03-23T03:40:56.312+0000] {dag.py:3047} INFO - Sync 1 DAGs
[2026-03-23T03:40:56.348+0000] {logging_mixin.py:188} INFO - [2026-03-23T03:40:56.347+0000] {dag.py:3834} INFO - Setting next_dagrun for example_python_operator to None, run_after=None
[2026-03-23T03:40:56.385+0000] {processor.py:183} INFO - Processing /home/airflow/.local/lib/python3.8/site-packages/airflow/example_dags/example_python_operator.py took 0.146 seconds
[2026-03-23T03:41:26.422+0000] {processor.py:161} INFO - Started process (PID=544) to work on /home/airflow/.local/lib/python3.8/site-packages/airflow/example_dags/example_python_operator.py
[2026-03-23T03:41:26.423+0000] {processor.py:830} INFO - Processing file /home/airflow/.local/lib/python3.8/site-packages/airflow/example_dags/example_python_operator.py for tasks to queue
[2026-03-23T03:41:26.425+0000] {logging_mixin.py:188} INFO - [2026-03-23T03:41:26.425+0000] {dagbag.py:540} INFO - Filling up the DagBag from /home/airflow/.local/lib/python3.8/site-packages/airflow/example_dags/example_python_operator.py
[2026-03-23T03:41:26.434+0000] {processor.py:840} INFO - DAG(s) 'example_python_operator' retrieved from /home/airflow/.local/lib/python3.8/site-packages/airflow/example_dags/example_python_operator.py
[2026-03-23T03:41:26.455+0000] {logging_mixin.py:188} INFO - [2026-03-23T03:41:26.455+0000] {dag.py:3047} INFO - Sync 1 DAGs
[2026-03-23T03:41:26.467+0000] {logging_mixin.py:188} INFO - [2026-03-23T03:41:26.466+0000] {dag.py:3834} INFO - Setting next_dagrun for example_python_operator to None, run_after=None
[2026-03-23T03:41:26.490+0000] {processor.py:183} INFO - Processing /home/airflow/.local/lib/python3.8/site-packages/airflow/example_dags/example_python_operator.py took 0.070 seconds
[2026-03-23T03:41:56.782+0000] {processor.py:161} INFO - Started process (PID=599) to work on /home/airflow/.local/lib/python3.8/site-packages/airflow/example_dags/example_python_operator.py
[2026-03-23T03:41:56.783+0000] {processor.py:830} INFO - Processing file /home/airflow/.local/lib/python3.8/site-packages/airflow/example_dags/example_python_operator.py for tasks to queue
[2026-03-23T03:41:56.784+0000] {logging_mixin.py:188} INFO - [2026-03-23T03:41:56.784+0000] {dagbag.py:540} INFO - Filling up the DagBag from /home/airflow/.local/lib/python3.8/site-packages/airflow/example_dags/example_python_operator.py
[2026-03-23T03:41:56.794+0000] {processor.py:840} INFO - DAG(s) 'example_python_operator' retrieved from /home/airflow/.local/lib/python3.8/site-packages/airflow/example_dags/example_python_operator.py
[2026-03-23T03:41:56.816+0000] {logging_mixin.py:188} INFO - [2026-03-23T03:41:56.816+0000] {dag.py:3047} INFO - Sync 1 DAGs
[2026-03-23T03:41:56.828+0000] {logging_mixin.py:188} INFO - [2026-03-23T03:41:56.827+0000] {dag.py:3834} INFO - Setting next_dagrun for example_python_operator to None, run_after=None
[2026-03-23T03:41:56.850+0000] {processor.py:183} INFO - Processing /home/airflow/.local/lib/python3.8/site-packages/airflow/example_dags/example_python_operator.py took 0.072 seconds
[2026-03-23T03:42:26.900+0000] {processor.py:161} INFO - Started process (PID=654) to work on /home/airflow/.local/lib/python3.8/site-packages/airflow/example_dags/example_python_operator.py
[2026-03-23T03:42:26.901+0000] {processor.py:830} INFO - Processing file /home/airflow/.local/lib/python3.8/site-packages/airflow/example_dags/example_python_operator.py for tasks to queue
[2026-03-23T03:42:26.903+0000] {logging_mixin.py:188} INFO - [2026-03-23T03:42:26.902+0000] {dagbag.py:540} INFO - Filling up the DagBag from /home/airflow/.local/lib/python3.8/site-packages/airflow/example_dags/example_python_operator.py
[2026-03-23T03:42:26.912+0000] {processor.py:840} INFO - DAG(s) 'example_python_operator' retrieved from /home/airflow/.local/lib/python3.8/site-packages/airflow/example_dags/example_python_operator.py
[2026-03-23T03:42:26.933+0000] {logging_mixin.py:188} INFO - [2026-03-23T03:42:26.933+0000] {dag.py:3047} INFO - Sync 1 DAGs
[2026-03-23T03:42:26.946+0000] {logging_mixin.py:188} INFO - [2026-03-23T03:42:26.946+0000] {dag.py:3834} INFO - Setting next_dagrun for example_python_operator to None, run_after=None
[2026-03-23T03:42:26.966+0000] {processor.py:183} INFO - Processing /home/airflow/.local/lib/python3.8/site-packages/airflow/example_dags/example_python_operator.py took 0.069 seconds
[2026-03-23T03:42:57.474+0000] {processor.py:161} INFO - Started process (PID=709) to work on /home/airflow/.local/lib/python3.8/site-packages/airflow/example_dags/example_python_operator.py
[2026-03-23T03:42:57.475+0000] {processor.py:830} INFO - Processing file /home/airflow/.local/lib/python3.8/site-packages/airflow/example_dags/example_python_operator.py for tasks to queue
[2026-03-23T03:42:57.477+0000] {logging_mixin.py:188} INFO - [2026-03-23T03:42:57.476+0000] {dagbag.py:540} INFO - Filling up the DagBag from /home/airflow/.local/lib/python3.8/site-packages/airflow/example_dags/example_python_operator.py
[2026-03-23T03:42:57.485+0000] {processor.py:840} INFO - DAG(s) 'example_python_operator' retrieved from /home/airflow/.local/lib/python3.8/site-packages/airflow/example_dags/example_python_operator.py
[2026-03-23T03:42:57.507+0000] {logging_mixin.py:188} INFO - [2026-03-23T03:42:57.507+0000] {dag.py:3047} INFO - Sync 1 DAGs
[2026-03-23T03:42:57.518+0000] {logging_mixin.py:188} INFO - [2026-03-23T03:42:57.518+0000] {dag.py:3834} INFO - Setting next_dagrun for example_python_operator to None, run_after=None
[2026-03-23T03:42:57.538+0000] {processor.py:183} INFO - Processing /home/airflow/.local/lib/python3.8/site-packages/airflow/example_dags/example_python_operator.py took 0.067 seconds
[2026-03-23T03:43:27.898+0000] {processor.py:161} INFO - Started process (PID=764) to work on /home/airflow/.local/lib/python3.8/site-packages/airflow/example_dags/example_python_operator.py
[2026-03-23T03:43:27.900+0000] {processor.py:830} INFO - Processing file /home/airflow/.local/lib/python3.8/site-packages/airflow/example_dags/example_python_operator.py for tasks to queue
[2026-03-23T03:43:27.902+0000] {logging_mixin.py:188} INFO - [2026-03-23T03:43:27.901+0000] {dagbag.py:540} INFO - Filling up the DagBag from /home/airflow/.local/lib/python3.8/site-packages/airflow/example_dags/example_python_operator.py
[2026-03-23T03:43:27.911+0000] {processor.py:840} INFO - DAG(s) 'example_python_operator' retrieved from /home/airflow/.local/lib/python3.8/site-packages/airflow/example_dags/example_python_operator.py
[2026-03-23T03:43:27.934+0000] {logging_mixin.py:188} INFO - [2026-03-23T03:43:27.934+0000] {dag.py:3047} INFO - Sync 1 DAGs
[2026-03-23T03:43:27.947+0000] {logging_mixin.py:188} INFO - [2026-03-23T03:43:27.947+0000] {dag.py:3834} INFO - Setting next_dagrun for example_python_operator to None, run_after=None
[2026-03-23T03:43:27.970+0000] {processor.py:183} INFO - Processing /home/airflow/.local/lib/python3.8/site-packages/airflow/example_dags/example_python_operator.py took 0.074 seconds
[2026-03-23T03:43:58.386+0000] {processor.py:161} INFO - Started process (PID=819) to work on /home/airflow/.local/lib/python3.8/site-packages/airflow/example_dags/example_python_operator.py
[2026-03-23T03:43:58.387+0000] {processor.py:830} INFO - Processing file /home/airflow/.local/lib/python3.8/site-packages/airflow/example_dags/example_python_operator.py for tasks to queue
[2026-03-23T03:43:58.388+0000] {logging_mixin.py:188} INFO - [2026-03-23T03:43:58.388+0000] {dagbag.py:540} INFO - Filling up the DagBag from /home/airflow/.local/lib/python3.8/site-packages/airflow/example_dags/example_python_operator.py
[2026-03-23T03:43:58.396+0000] {processor.py:840} INFO - DAG(s) 'example_python_operator' retrieved from /home/airflow/.local/lib/python3.8/site-packages/airflow/example_dags/example_python_operator.py
[2026-03-23T03:43:58.416+0000] {logging_mixin.py:188} INFO - [2026-03-23T03:43:58.416+0000] {dag.py:3047} INFO - Sync 1 DAGs
[2026-03-23T03:43:58.426+0000] {logging_mixin.py:188} INFO - [2026-03-23T03:43:58.425+0000] {dag.py:3834} INFO - Setting next_dagrun for example_python_operator to None, run_after=None
[2026-03-23T03:43:58.445+0000] {processor.py:183} INFO - Processing /home/airflow/.local/lib/python3.8/site-packages/airflow/example_dags/example_python_operator.py took 0.061 seconds
[2026-03-23T03:44:28.888+0000] {processor.py:161} INFO - Started process (PID=874) to work on /home/airflow/.local/lib/python3.8/site-packages/airflow/example_dags/example_python_operator.py
[2026-03-23T03:44:28.890+0000] {processor.py:830} INFO - Processing file /home/airflow/.local/lib/python3.8/site-packages/airflow/example_dags/example_python_operator.py for tasks to queue
[2026-03-23T03:44:28.892+0000] {logging_mixin.py:188} INFO - [2026-03-23T03:44:28.891+0000] {dagbag.py:540} INFO - Filling up the DagBag from /home/airflow/.local/lib/python3.8/site-packages/airflow/example_dags/example_python_operator.py
[2026-03-23T03:44:28.902+0000] {processor.py:840} INFO - DAG(s) 'example_python_operator' retrieved from /home/airflow/.local/lib/python3.8/site-packages/airflow/example_dags/example_python_operator.py
[2026-03-23T03:44:28.927+0000] {logging_mixin.py:188} INFO - [2026-03-23T03:44:28.926+0000] {dag.py:3047} INFO - Sync 1 DAGs
[2026-03-23T03:44:28.940+0000] {logging_mixin.py:188} INFO - [2026-03-23T03:44:28.939+0000] {dag.py:3834} INFO - Setting next_dagrun for example_python_operator to None, run_after=None
[2026-03-23T03:44:28.964+0000] {processor.py:183} INFO - Processing /home/airflow/.local/lib/python3.8/site-packages/airflow/example_dags/example_python_operator.py took 0.079 seconds
[2026-03-23T03:44:59.360+0000] {processor.py:161} INFO - Started process (PID=929) to work on /home/airflow/.local/lib/python3.8/site-packages/airflow/example_dags/example_python_operator.py
[2026-03-23T03:44:59.361+0000] {processor.py:830} INFO - Processing file /home/airflow/.local/lib/python3.8/site-packages/airflow/example_dags/example_python_operator.py for tasks to queue
[2026-03-23T03:44:59.362+0000] {logging_mixin.py:188} INFO - [2026-03-23T03:44:59.362+0000] {dagbag.py:540} INFO - Filling up the DagBag from /home/airflow/.local/lib/python3.8/site-packages/airflow/example_dags/example_python_operator.py
[2026-03-23T03:44:59.371+0000] {processor.py:840} INFO - DAG(s) 'example_python_operator' retrieved from /home/airflow/.local/lib/python3.8/site-packages/airflow/example_dags/example_python_operator.py
[2026-03-23T03:44:59.393+0000] {logging_mixin.py:188} INFO - [2026-03-23T03:44:59.393+0000] {dag.py:3047} INFO - Sync 1 DAGs
[2026-03-23T03:44:59.405+0000] {logging_mixin.py:188} INFO - [2026-03-23T03:44:59.405+0000] {dag.py:3834} INFO - Setting next_dagrun for example_python_operator to None, run_after=None
[2026-03-23T03:44:59.424+0000] {processor.py:183} INFO - Processing /home/airflow/.local/lib/python3.8/site-packages/airflow/example_dags/example_python_operator.py took 0.068 seconds
[2026-03-23T03:45:29.607+0000] {processor.py:161} INFO - Started process (PID=984) to work on /home/airflow/.local/lib/python3.8/site-packages/airflow/example_dags/example_python_operator.py
[2026-03-23T03:45:29.608+0000] {processor.py:830} INFO - Processing file /home/airflow/.local/lib/python3.8/site-packages/airflow/example_dags/example_python_operator.py for tasks to queue
[2026-03-23T03:45:29.610+0000] {logging_mixin.py:188} INFO - [2026-03-23T03:45:29.610+0000] {dagbag.py:540} INFO - Filling up the DagBag from /home/airflow/.local/lib/python3.8/site-packages/airflow/example_dags/example_python_operator.py
[2026-03-23T03:45:29.620+0000] {processor.py:840} INFO - DAG(s) 'example_python_operator' retrieved from /home/airflow/.local/lib/python3.8/site-packages/airflow/example_dags/example_python_operator.py
[2026-03-23T03:45:29.641+0000] {logging_mixin.py:188} INFO - [2026-03-23T03:45:29.641+0000] {dag.py:3047} INFO - Sync 1 DAGs
[2026-03-23T03:45:29.654+0000] {logging_mixin.py:188} INFO - [2026-03-23T03:45:29.653+0000] {dag.py:3834} INFO - Setting next_dagrun for example_python_operator to None, run_after=None
[2026-03-23T03:45:29.680+0000] {processor.py:183} INFO - Processing /home/airflow/.local/lib/python3.8/site-packages/airflow/example_dags/example_python_operator.py took 0.076 seconds
[2026-03-23T03:45:59.872+0000] {processor.py:161} INFO - Started process (PID=1039) to work on /home/airflow/.local/lib/python3.8/site-packages/airflow/example_dags/example_python_operator.py
[2026-03-23T03:45:59.874+0000] {processor.py:830} INFO - Processing file /home/airflow/.local/lib/python3.8/site-packages/airflow/example_dags/example_python_operator.py for tasks to queue
[2026-03-23T03:45:59.876+0000] {logging_mixin.py:188} INFO - [2026-03-23T03:45:59.875+0000] {dagbag.py:540} INFO - Filling up the DagBag from /home/airflow/.local/lib/python3.8/site-packages/airflow/example_dags/example_python_operator.py
[2026-03-23T03:45:59.887+0000] {processor.py:840} INFO - DAG(s) 'example_python_operator' retrieved from /home/airflow/.local/lib/python3.8/site-packages/airflow/example_dags/example_python_operator.py
[2026-03-23T03:45:59.914+0000] {logging_mixin.py:188} INFO - [2026-03-23T03:45:59.914+0000] {dag.py:3047} INFO - Sync 1 DAGs
[2026-03-23T03:45:59.930+0000] {logging_mixin.py:188} INFO - [2026-03-23T03:45:59.930+0000] {dag.py:3834} INFO - Setting next_dagrun for example_python_operator to None, run_after=None
[2026-03-23T03:45:59.955+0000] {processor.py:183} INFO - Processing /home/airflow/.local/lib/python3.8/site-packages/airflow/example_dags/example_python_operator.py took 0.086 seconds
[2026-03-23T03:46:30.288+0000] {processor.py:161} INFO - Started process (PID=1094) to work on /home/airflow/.local/lib/python3.8/site-packages/airflow/example_dags/example_python_operator.py
[2026-03-23T03:46:30.289+0000] {processor.py:830} INFO - Processing file /home/airflow/.local/lib/python3.8/site-packages/airflow/example_dags/example_python_operator.py for tasks to queue
[2026-03-23T03:46:30.291+0000] {logging_mixin.py:188} INFO - [2026-03-23T03:46:30.291+0000] {dagbag.py:540} INFO - Filling up the DagBag from /home/airflow/.local/lib/python3.8/site-packages/airflow/example_dags/example_python_operator.py
[2026-03-23T03:46:30.301+0000] {processor.py:840} INFO - DAG(s) 'example_python_operator' retrieved from /home/airflow/.local/lib/python3.8/site-packages/airflow/example_dags/example_python_operator.py
[2026-03-23T03:46:30.323+0000] {logging_mixin.py:188} INFO - [2026-03-23T03:46:30.323+0000] {dag.py:3047} INFO - Sync 1 DAGs
[2026-03-23T03:46:30.336+0000] {logging_mixin.py:188} INFO - [2026-03-23T03:46:30.336+0000] {dag.py:3834} INFO - Setting next_dagrun for example_python_operator to None, run_after=None
[2026-03-23T03:46:30.356+0000] {processor.py:183} INFO - Processing /home/airflow/.local/lib/python3.8/site-packages/airflow/example_dags/example_python_operator.py took 0.071 seconds
[2026-03-23T03:47:00.717+0000] {processor.py:161} INFO - Started process (PID=1150) to work on /home/airflow/.local/lib/python3.8/site-packages/airflow/example_dags/example_python_operator.py
[2026-03-23T03:47:00.718+0000] {processor.py:830} INFO - Processing file /home/airflow/.local/lib/python3.8/site-packages/airflow/example_dags/example_python_operator.py for tasks to queue
[2026-03-23T03:47:00.720+0000] {logging_mixin.py:188} INFO - [2026-03-23T03:47:00.720+0000] {dagbag.py:540} INFO - Filling up the DagBag from /home/airflow/.local/lib/python3.8/site-packages/airflow/example_dags/example_python_operator.py
[2026-03-23T03:47:00.729+0000] {processor.py:840} INFO - DAG(s) 'example_python_operator' retrieved from /home/airflow/.local/lib/python3.8/site-packages/airflow/example_dags/example_python_operator.py
[2026-03-23T03:47:00.750+0000] {logging_mixin.py:188} INFO - [2026-03-23T03:47:00.750+0000] {dag.py:3047} INFO - Sync 1 DAGs
[2026-03-23T03:47:00.761+0000] {logging_mixin.py:188} INFO - [2026-03-23T03:47:00.761+0000] {dag.py:3834} INFO - Setting next_dagrun for example_python_operator to None, run_after=None
[2026-03-23T03:47:00.783+0000] {processor.py:183} INFO - Processing /home/airflow/.local/lib/python3.8/site-packages/airflow/example_dags/example_python_operator.py took 0.069 seconds
[2026-03-23T03:47:30.809+0000] {processor.py:161} INFO - Started process (PID=1205) to work on /home/airflow/.local/lib/python3.8/site-packages/airflow/example_dags/example_python_operator.py
[2026-03-23T03:47:30.810+0000] {processor.py:830} INFO - Processing file /home/airflow/.local/lib/python3.8/site-packages/airflow/example_dags/example_python_operator.py for tasks to queue
[2026-03-23T03:47:30.811+0000] {logging_mixin.py:188} INFO - [2026-03-23T03:47:30.811+0000] {dagbag.py:540} INFO - Filling up the DagBag from /home/airflow/.local/lib/python3.8/site-packages/airflow/example_dags/example_python_operator.py
[2026-03-23T03:47:30.820+0000] {processor.py:840} INFO - DAG(s) 'example_python_operator' retrieved from /home/airflow/.local/lib/python3.8/site-packages/airflow/example_dags/example_python_operator.py
[2026-03-23T03:47:30.842+0000] {logging_mixin.py:188} INFO - [2026-03-23T03:47:30.841+0000] {dag.py:3047} INFO - Sync 1 DAGs
[2026-03-23T03:47:30.855+0000] {logging_mixin.py:188} INFO - [2026-03-23T03:47:30.855+0000] {dag.py:3834} INFO - Setting next_dagrun for example_python_operator to None, run_after=None
[2026-03-23T03:47:30.880+0000] {processor.py:183} INFO - Processing /home/airflow/.local/lib/python3.8/site-packages/airflow/example_dags/example_python_operator.py took 0.074 seconds
[2026-03-23T03:48:01.131+0000] {processor.py:161} INFO - Started process (PID=1260) to work on /home/airflow/.local/lib/python3.8/site-packages/airflow/example_dags/example_python_operator.py
[2026-03-23T03:48:01.132+0000] {processor.py:830} INFO - Processing file /home/airflow/.local/lib/python3.8/site-packages/airflow/example_dags/example_python_operator.py for tasks to queue
[2026-03-23T03:48:01.134+0000] {logging_mixin.py:188} INFO - [2026-03-23T03:48:01.134+0000] {dagbag.py:540} INFO - Filling up the DagBag from /home/airflow/.local/lib/python3.8/site-packages/airflow/example_dags/example_python_operator.py
[2026-03-23T03:48:01.143+0000] {processor.py:840} INFO - DAG(s) 'example_python_operator' retrieved from /home/airflow/.local/lib/python3.8/site-packages/airflow/example_dags/example_python_operator.py
[2026-03-23T03:48:01.164+0000] {logging_mixin.py:188} INFO - [2026-03-23T03:48:01.164+0000] {dag.py:3047} INFO - Sync 1 DAGs
[2026-03-23T03:48:01.176+0000] {logging_mixin.py:188} INFO - [2026-03-23T03:48:01.175+0000] {dag.py:3834} INFO - Setting next_dagrun for example_python_operator to None, run_after=None
[2026-03-23T03:48:01.197+0000] {processor.py:183} INFO - Processing /home/airflow/.local/lib/python3.8/site-packages/airflow/example_dags/example_python_operator.py took 0.069 seconds
[2026-03-23T03:48:31.823+0000] {processor.py:161} INFO - Started process (PID=1314) to work on /home/airflow/.local/lib/python3.8/site-packages/airflow/example_dags/example_python_operator.py
[2026-03-23T03:48:31.824+0000] {processor.py:830} INFO - Processing file /home/airflow/.local/lib/python3.8/site-packages/airflow/example_dags/example_python_operator.py for tasks to queue
[2026-03-23T03:48:31.827+0000] {logging_mixin.py:188} INFO - [2026-03-23T03:48:31.826+0000] {dagbag.py:540} INFO - Filling up the DagBag from /home/airflow/.local/lib/python3.8/site-packages/airflow/example_dags/example_python_operator.py
[2026-03-23T03:48:31.838+0000] {processor.py:840} INFO - DAG(s) 'example_python_operator' retrieved from /home/airflow/.local/lib/python3.8/site-packages/airflow/example_dags/example_python_operator.py
[2026-03-23T03:48:31.864+0000] {logging_mixin.py:188} INFO - [2026-03-23T03:48:31.864+0000] {dag.py:3047} INFO - Sync 1 DAGs
[2026-03-23T03:48:31.877+0000] {logging_mixin.py:188} INFO - [2026-03-23T03:48:31.877+0000] {dag.py:3834} INFO - Setting next_dagrun for example_python_operator to None, run_after=None
[2026-03-23T03:48:31.900+0000] {processor.py:183} INFO - Processing /home/airflow/.local/lib/python3.8/site-packages/airflow/example_dags/example_python_operator.py took 0.081 seconds
[2026-03-23T03:49:02.237+0000] {processor.py:161} INFO - Started process (PID=1369) to work on /home/airflow/.local/lib/python3.8/site-packages/airflow/example_dags/example_python_operator.py
[2026-03-23T03:49:02.238+0000] {processor.py:830} INFO - Processing file /home/airflow/.local/lib/python3.8/site-packages/airflow/example_dags/example_python_operator.py for tasks to queue
[2026-03-23T03:49:02.240+0000] {logging_mixin.py:188} INFO - [2026-03-23T03:49:02.240+0000] {dagbag.py:540} INFO - Filling up the DagBag from /home/airflow/.local/lib/python3.8/site-packages/airflow/example_dags/example_python_operator.py
[2026-03-23T03:49:02.252+0000] {processor.py:840} INFO - DAG(s) 'example_python_operator' retrieved from /home/airflow/.local/lib/python3.8/site-packages/airflow/example_dags/example_python_operator.py
[2026-03-23T03:49:02.279+0000] {logging_mixin.py:188} INFO - [2026-03-23T03:49:02.279+0000] {dag.py:3047} INFO - Sync 1 DAGs
[2026-03-23T03:49:02.293+0000] {logging_mixin.py:188} INFO - [2026-03-23T03:49:02.293+0000] {dag.py:3834} INFO - Setting next_dagrun for example_python_operator to None, run_after=None
[2026-03-23T03:49:02.316+0000] {processor.py:183} INFO - Processing /home/airflow/.local/lib/python3.8/site-packages/airflow/example_dags/example_python_operator.py took 0.083 seconds
[2026-03-23T03:49:32.629+0000] {processor.py:161} INFO - Started process (PID=1424) to work on /home/airflow/.local/lib/python3.8/site-packages/airflow/example_dags/example_python_operator.py
[2026-03-23T03:49:32.630+0000] {processor.py:830} INFO - Processing file /home/airflow/.local/lib/python3.8/site-packages/airflow/example_dags/example_python_operator.py for tasks to queue
[2026-03-23T03:49:32.632+0000] {logging_mixin.py:188} INFO - [2026-03-23T03:49:32.632+0000] {dagbag.py:540} INFO - Filling up the DagBag from /home/airflow/.local/lib/python3.8/site-packages/airflow/example_dags/example_python_operator.py
[2026-03-23T03:49:32.641+0000] {processor.py:840} INFO - DAG(s) 'example_python_operator' retrieved from /home/airflow/.local/lib/python3.8/site-packages/airflow/example_dags/example_python_operator.py
[2026-03-23T03:49:32.660+0000] {logging_mixin.py:188} INFO - [2026-03-23T03:49:32.660+0000] {dag.py:3047} INFO - Sync 1 DAGs
[2026-03-23T03:49:32.671+0000] {logging_mixin.py:188} INFO - [2026-03-23T03:49:32.671+0000] {dag.py:3834} INFO - Setting next_dagrun for example_python_operator to None, run_after=None
[2026-03-23T03:49:32.691+0000] {processor.py:183} INFO - Processing /home/airflow/.local/lib/python3.8/site-packages/airflow/example_dags/example_python_operator.py took 0.065 seconds
[2026-03-23T03:50:49.475+0000] {processor.py:161} INFO - Started process (PID=104) to work on /home/airflow/.local/lib/python3.8/site-packages/airflow/example_dags/example_python_operator.py
[2026-03-23T03:50:49.477+0000] {processor.py:830} INFO - Processing file /home/airflow/.local/lib/python3.8/site-packages/airflow/example_dags/example_python_operator.py for tasks to queue
[2026-03-23T03:50:49.481+0000] {logging_mixin.py:188} INFO - [2026-03-23T03:50:49.480+0000] {dagbag.py:540} INFO - Filling up the DagBag from /home/airflow/.local/lib/python3.8/site-packages/airflow/example_dags/example_python_operator.py
[2026-03-23T03:50:49.506+0000] {processor.py:840} INFO - DAG(s) 'example_python_operator' retrieved from /home/airflow/.local/lib/python3.8/site-packages/airflow/example_dags/example_python_operator.py
[2026-03-23T03:50:49.530+0000] {logging_mixin.py:188} INFO - [2026-03-23T03:50:49.529+0000] {dag.py:3047} INFO - Sync 1 DAGs
[2026-03-23T03:50:49.561+0000] {logging_mixin.py:188} INFO - [2026-03-23T03:50:49.561+0000] {dag.py:3834} INFO - Setting next_dagrun for example_python_operator to None, run_after=None
[2026-03-23T03:50:49.599+0000] {processor.py:183} INFO - Processing /home/airflow/.local/lib/python3.8/site-packages/airflow/example_dags/example_python_operator.py took 0.131 seconds
[2026-03-23T03:51:21.747+0000] {processor.py:161} INFO - Started process (PID=159) to work on /home/airflow/.local/lib/python3.8/site-packages/airflow/example_dags/example_python_operator.py
[2026-03-23T03:51:21.749+0000] {processor.py:830} INFO - Processing file /home/airflow/.local/lib/python3.8/site-packages/airflow/example_dags/example_python_operator.py for tasks to queue
[2026-03-23T03:51:21.752+0000] {logging_mixin.py:188} INFO - [2026-03-23T03:51:21.751+0000] {dagbag.py:540} INFO - Filling up the DagBag from /home/airflow/.local/lib/python3.8/site-packages/airflow/example_dags/example_python_operator.py
[2026-03-23T03:51:21.766+0000] {processor.py:840} INFO - DAG(s) 'example_python_operator' retrieved from /home/airflow/.local/lib/python3.8/site-packages/airflow/example_dags/example_python_operator.py
[2026-03-23T03:51:21.926+0000] {logging_mixin.py:188} INFO - [2026-03-23T03:51:21.926+0000] {dag.py:3047} INFO - Sync 1 DAGs
[2026-03-23T03:51:21.938+0000] {logging_mixin.py:188} INFO - [2026-03-23T03:51:21.938+0000] {dag.py:3834} INFO - Setting next_dagrun for example_python_operator to None, run_after=None
[2026-03-23T03:51:21.966+0000] {processor.py:183} INFO - Processing /home/airflow/.local/lib/python3.8/site-packages/airflow/example_dags/example_python_operator.py took 0.226 seconds
[2026-03-23T03:51:52.062+0000] {processor.py:161} INFO - Started process (PID=214) to work on /home/airflow/.local/lib/python3.8/site-packages/airflow/example_dags/example_python_operator.py
[2026-03-23T03:51:52.063+0000] {processor.py:830} INFO - Processing file /home/airflow/.local/lib/python3.8/site-packages/airflow/example_dags/example_python_operator.py for tasks to queue
[2026-03-23T03:51:52.065+0000] {logging_mixin.py:188} INFO - [2026-03-23T03:51:52.065+0000] {dagbag.py:540} INFO - Filling up the DagBag from /home/airflow/.local/lib/python3.8/site-packages/airflow/example_dags/example_python_operator.py
[2026-03-23T03:51:52.075+0000] {processor.py:840} INFO - DAG(s) 'example_python_operator' retrieved from /home/airflow/.local/lib/python3.8/site-packages/airflow/example_dags/example_python_operator.py
[2026-03-23T03:51:52.098+0000] {logging_mixin.py:188} INFO - [2026-03-23T03:51:52.098+0000] {dag.py:3047} INFO - Sync 1 DAGs
[2026-03-23T03:51:52.111+0000] {logging_mixin.py:188} INFO - [2026-03-23T03:51:52.111+0000] {dag.py:3834} INFO - Setting next_dagrun for example_python_operator to None, run_after=None
[2026-03-23T03:51:52.133+0000] {processor.py:183} INFO - Processing /home/airflow/.local/lib/python3.8/site-packages/airflow/example_dags/example_python_operator.py took 0.075 seconds
[2026-03-23T03:52:22.265+0000] {processor.py:161} INFO - Started process (PID=269) to work on /home/airflow/.local/lib/python3.8/site-packages/airflow/example_dags/example_python_operator.py
[2026-03-23T03:52:22.267+0000] {processor.py:830} INFO - Processing file /home/airflow/.local/lib/python3.8/site-packages/airflow/example_dags/example_python_operator.py for tasks to queue
[2026-03-23T03:52:22.269+0000] {logging_mixin.py:188} INFO - [2026-03-23T03:52:22.269+0000] {dagbag.py:540} INFO - Filling up the DagBag from /home/airflow/.local/lib/python3.8/site-packages/airflow/example_dags/example_python_operator.py
[2026-03-23T03:52:22.279+0000] {processor.py:840} INFO - DAG(s) 'example_python_operator' retrieved from /home/airflow/.local/lib/python3.8/site-packages/airflow/example_dags/example_python_operator.py
[2026-03-23T03:52:22.305+0000] {logging_mixin.py:188} INFO - [2026-03-23T03:52:22.304+0000] {dag.py:3047} INFO - Sync 1 DAGs
[2026-03-23T03:52:22.317+0000] {logging_mixin.py:188} INFO - [2026-03-23T03:52:22.317+0000] {dag.py:3834} INFO - Setting next_dagrun for example_python_operator to None, run_after=None
[2026-03-23T03:52:22.344+0000] {processor.py:183} INFO - Processing /home/airflow/.local/lib/python3.8/site-packages/airflow/example_dags/example_python_operator.py took 0.082 seconds
[2026-03-23T03:52:53.155+0000] {processor.py:161} INFO - Started process (PID=324) to work on /home/airflow/.local/lib/python3.8/site-packages/airflow/example_dags/example_python_operator.py
[2026-03-23T03:52:53.156+0000] {processor.py:830} INFO - Processing file /home/airflow/.local/lib/python3.8/site-packages/airflow/example_dags/example_python_operator.py for tasks to queue
[2026-03-23T03:52:53.158+0000] {logging_mixin.py:188} INFO - [2026-03-23T03:52:53.157+0000] {dagbag.py:540} INFO - Filling up the DagBag from /home/airflow/.local/lib/python3.8/site-packages/airflow/example_dags/example_python_operator.py
[2026-03-23T03:52:53.167+0000] {processor.py:840} INFO - DAG(s) 'example_python_operator' retrieved from /home/airflow/.local/lib/python3.8/site-packages/airflow/example_dags/example_python_operator.py
[2026-03-23T03:52:53.191+0000] {logging_mixin.py:188} INFO - [2026-03-23T03:52:53.190+0000] {dag.py:3047} INFO - Sync 1 DAGs
[2026-03-23T03:52:53.203+0000] {logging_mixin.py:188} INFO - [2026-03-23T03:52:53.203+0000] {dag.py:3834} INFO - Setting next_dagrun for example_python_operator to None, run_after=None
[2026-03-23T03:52:53.226+0000] {processor.py:183} INFO - Processing /home/airflow/.local/lib/python3.8/site-packages/airflow/example_dags/example_python_operator.py took 0.074 seconds
[2026-03-23T03:53:24.084+0000] {processor.py:161} INFO - Started process (PID=379) to work on /home/airflow/.local/lib/python3.8/site-packages/airflow/example_dags/example_python_operator.py
[2026-03-23T03:53:24.085+0000] {processor.py:830} INFO - Processing file /home/airflow/.local/lib/python3.8/site-packages/airflow/example_dags/example_python_operator.py for tasks to queue
[2026-03-23T03:53:24.088+0000] {logging_mixin.py:188} INFO - [2026-03-23T03:53:24.088+0000] {dagbag.py:540} INFO - Filling up the DagBag from /home/airflow/.local/lib/python3.8/site-packages/airflow/example_dags/example_python_operator.py
[2026-03-23T03:53:24.106+0000] {processor.py:840} INFO - DAG(s) 'example_python_operator' retrieved from /home/airflow/.local/lib/python3.8/site-packages/airflow/example_dags/example_python_operator.py
[2026-03-23T03:53:24.150+0000] {logging_mixin.py:188} INFO - [2026-03-23T03:53:24.149+0000] {dag.py:3047} INFO - Sync 1 DAGs
[2026-03-23T03:53:24.174+0000] {logging_mixin.py:188} INFO - [2026-03-23T03:53:24.174+0000] {dag.py:3834} INFO - Setting next_dagrun for example_python_operator to None, run_after=None
[2026-03-23T03:53:24.216+0000] {processor.py:183} INFO - Processing /home/airflow/.local/lib/python3.8/site-packages/airflow/example_dags/example_python_operator.py took 0.138 seconds
[2026-03-23T03:53:54.367+0000] {processor.py:161} INFO - Started process (PID=434) to work on /home/airflow/.local/lib/python3.8/site-packages/airflow/example_dags/example_python_operator.py
[2026-03-23T03:53:54.369+0000] {processor.py:830} INFO - Processing file /home/airflow/.local/lib/python3.8/site-packages/airflow/example_dags/example_python_operator.py for tasks to queue
[2026-03-23T03:53:54.370+0000] {logging_mixin.py:188} INFO - [2026-03-23T03:53:54.370+0000] {dagbag.py:540} INFO - Filling up the DagBag from /home/airflow/.local/lib/python3.8/site-packages/airflow/example_dags/example_python_operator.py
[2026-03-23T03:53:54.382+0000] {processor.py:840} INFO - DAG(s) 'example_python_operator' retrieved from /home/airflow/.local/lib/python3.8/site-packages/airflow/example_dags/example_python_operator.py
[2026-03-23T03:53:54.405+0000] {logging_mixin.py:188} INFO - [2026-03-23T03:53:54.404+0000] {dag.py:3047} INFO - Sync 1 DAGs
[2026-03-23T03:53:54.419+0000] {logging_mixin.py:188} INFO - [2026-03-23T03:53:54.419+0000] {dag.py:3834} INFO - Setting next_dagrun for example_python_operator to None, run_after=None
[2026-03-23T03:53:54.440+0000] {processor.py:183} INFO - Processing /home/airflow/.local/lib/python3.8/site-packages/airflow/example_dags/example_python_operator.py took 0.076 seconds
[2026-03-23T03:54:24.645+0000] {processor.py:161} INFO - Started process (PID=489) to work on /home/airflow/.local/lib/python3.8/site-packages/airflow/example_dags/example_python_operator.py
[2026-03-23T03:54:24.646+0000] {processor.py:830} INFO - Processing file /home/airflow/.local/lib/python3.8/site-packages/airflow/example_dags/example_python_operator.py for tasks to queue
[2026-03-23T03:54:24.648+0000] {logging_mixin.py:188} INFO - [2026-03-23T03:54:24.647+0000] {dagbag.py:540} INFO - Filling up the DagBag from /home/airflow/.local/lib/python3.8/site-packages/airflow/example_dags/example_python_operator.py
[2026-03-23T03:54:24.663+0000] {processor.py:840} INFO - DAG(s) 'example_python_operator' retrieved from /home/airflow/.local/lib/python3.8/site-packages/airflow/example_dags/example_python_operator.py
[2026-03-23T03:54:24.686+0000] {logging_mixin.py:188} INFO - [2026-03-23T03:54:24.686+0000] {dag.py:3047} INFO - Sync 1 DAGs
[2026-03-23T03:54:24.700+0000] {logging_mixin.py:188} INFO - [2026-03-23T03:54:24.700+0000] {dag.py:3834} INFO - Setting next_dagrun for example_python_operator to None, run_after=None
[2026-03-23T03:54:24.722+0000] {processor.py:183} INFO - Processing /home/airflow/.local/lib/python3.8/site-packages/airflow/example_dags/example_python_operator.py took 0.080 seconds
[2026-03-23T03:54:55.037+0000] {processor.py:161} INFO - Started process (PID=544) to work on /home/airflow/.local/lib/python3.8/site-packages/airflow/example_dags/example_python_operator.py
[2026-03-23T03:54:55.038+0000] {processor.py:830} INFO - Processing file /home/airflow/.local/lib/python3.8/site-packages/airflow/example_dags/example_python_operator.py for tasks to queue
[2026-03-23T03:54:55.040+0000] {logging_mixin.py:188} INFO - [2026-03-23T03:54:55.039+0000] {dagbag.py:540} INFO - Filling up the DagBag from /home/airflow/.local/lib/python3.8/site-packages/airflow/example_dags/example_python_operator.py
[2026-03-23T03:54:55.051+0000] {processor.py:840} INFO - DAG(s) 'example_python_operator' retrieved from /home/airflow/.local/lib/python3.8/site-packages/airflow/example_dags/example_python_operator.py
[2026-03-23T03:54:55.073+0000] {logging_mixin.py:188} INFO - [2026-03-23T03:54:55.073+0000] {dag.py:3047} INFO - Sync 1 DAGs
[2026-03-23T03:54:55.085+0000] {logging_mixin.py:188} INFO - [2026-03-23T03:54:55.084+0000] {dag.py:3834} INFO - Setting next_dagrun for example_python_operator to None, run_after=None
[2026-03-23T03:54:55.105+0000] {processor.py:183} INFO - Processing /home/airflow/.local/lib/python3.8/site-packages/airflow/example_dags/example_python_operator.py took 0.072 seconds
[2026-03-23T03:55:25.240+0000] {processor.py:161} INFO - Started process (PID=599) to work on /home/airflow/.local/lib/python3.8/site-packages/airflow/example_dags/example_python_operator.py
[2026-03-23T03:55:25.241+0000] {processor.py:830} INFO - Processing file /home/airflow/.local/lib/python3.8/site-packages/airflow/example_dags/example_python_operator.py for tasks to queue
[2026-03-23T03:55:25.243+0000] {logging_mixin.py:188} INFO - [2026-03-23T03:55:25.243+0000] {dagbag.py:540} INFO - Filling up the DagBag from /home/airflow/.local/lib/python3.8/site-packages/airflow/example_dags/example_python_operator.py
[2026-03-23T03:55:25.252+0000] {processor.py:840} INFO - DAG(s) 'example_python_operator' retrieved from /home/airflow/.local/lib/python3.8/site-packages/airflow/example_dags/example_python_operator.py
[2026-03-23T03:55:25.273+0000] {logging_mixin.py:188} INFO - [2026-03-23T03:55:25.272+0000] {dag.py:3047} INFO - Sync 1 DAGs
[2026-03-23T03:55:25.284+0000] {logging_mixin.py:188} INFO - [2026-03-23T03:55:25.284+0000] {dag.py:3834} INFO - Setting next_dagrun for example_python_operator to None, run_after=None
[2026-03-23T03:55:25.305+0000] {processor.py:183} INFO - Processing /home/airflow/.local/lib/python3.8/site-packages/airflow/example_dags/example_python_operator.py took 0.069 seconds
[2026-03-23T03:55:55.525+0000] {processor.py:161} INFO - Started process (PID=654) to work on /home/airflow/.local/lib/python3.8/site-packages/airflow/example_dags/example_python_operator.py
[2026-03-23T03:55:55.527+0000] {processor.py:830} INFO - Processing file /home/airflow/.local/lib/python3.8/site-packages/airflow/example_dags/example_python_operator.py for tasks to queue
[2026-03-23T03:55:55.529+0000] {logging_mixin.py:188} INFO - [2026-03-23T03:55:55.528+0000] {dagbag.py:540} INFO - Filling up the DagBag from /home/airflow/.local/lib/python3.8/site-packages/airflow/example_dags/example_python_operator.py
[2026-03-23T03:55:55.538+0000] {processor.py:840} INFO - DAG(s) 'example_python_operator' retrieved from /home/airflow/.local/lib/python3.8/site-packages/airflow/example_dags/example_python_operator.py
[2026-03-23T03:55:55.561+0000] {logging_mixin.py:188} INFO - [2026-03-23T03:55:55.561+0000] {dag.py:3047} INFO - Sync 1 DAGs
[2026-03-23T03:55:55.573+0000] {logging_mixin.py:188} INFO - [2026-03-23T03:55:55.573+0000] {dag.py:3834} INFO - Setting next_dagrun for example_python_operator to None, run_after=None
[2026-03-23T03:55:55.595+0000] {processor.py:183} INFO - Processing /home/airflow/.local/lib/python3.8/site-packages/airflow/example_dags/example_python_operator.py took 0.072 seconds
[2026-03-23T03:56:25.857+0000] {processor.py:161} INFO - Started process (PID=709) to work on /home/airflow/.local/lib/python3.8/site-packages/airflow/example_dags/example_python_operator.py
[2026-03-23T03:56:25.859+0000] {processor.py:830} INFO - Processing file /home/airflow/.local/lib/python3.8/site-packages/airflow/example_dags/example_python_operator.py for tasks to queue
[2026-03-23T03:56:25.861+0000] {logging_mixin.py:188} INFO - [2026-03-23T03:56:25.861+0000] {dagbag.py:540} INFO - Filling up the DagBag from /home/airflow/.local/lib/python3.8/site-packages/airflow/example_dags/example_python_operator.py
[2026-03-23T03:56:25.872+0000] {processor.py:840} INFO - DAG(s) 'example_python_operator' retrieved from /home/airflow/.local/lib/python3.8/site-packages/airflow/example_dags/example_python_operator.py
[2026-03-23T03:56:25.896+0000] {logging_mixin.py:188} INFO - [2026-03-23T03:56:25.895+0000] {dag.py:3047} INFO - Sync 1 DAGs
[2026-03-23T03:56:25.909+0000] {logging_mixin.py:188} INFO - [2026-03-23T03:56:25.909+0000] {dag.py:3834} INFO - Setting next_dagrun for example_python_operator to None, run_after=None
[2026-03-23T03:56:25.932+0000] {processor.py:183} INFO - Processing /home/airflow/.local/lib/python3.8/site-packages/airflow/example_dags/example_python_operator.py took 0.078 seconds
