[2026-03-23T03:21:15.839+0000] {processor.py:161} INFO - Started process (PID=90) to work on /home/airflow/.local/lib/python3.8/site-packages/airflow/example_dags/tutorial_objectstorage.py
[2026-03-23T03:21:15.840+0000] {processor.py:830} INFO - Processing file /home/airflow/.local/lib/python3.8/site-packages/airflow/example_dags/tutorial_objectstorage.py for tasks to queue
[2026-03-23T03:21:15.843+0000] {logging_mixin.py:188} INFO - [2026-03-23T03:21:15.843+0000] {dagbag.py:540} INFO - Filling up the DagBag from /home/airflow/.local/lib/python3.8/site-packages/airflow/example_dags/tutorial_objectstorage.py
[2026-03-23T03:21:15.857+0000] {processor.py:840} INFO - DAG(s) 'tutorial_objectstorage' retrieved from /home/airflow/.local/lib/python3.8/site-packages/airflow/example_dags/tutorial_objectstorage.py
[2026-03-23T03:21:15.874+0000] {logging_mixin.py:188} INFO - [2026-03-23T03:21:15.873+0000] {dag.py:3047} INFO - Sync 1 DAGs
[2026-03-23T03:21:15.895+0000] {logging_mixin.py:188} INFO - [2026-03-23T03:21:15.895+0000] {dag.py:3834} INFO - Setting next_dagrun for tutorial_objectstorage to None, run_after=None
[2026-03-23T03:21:15.928+0000] {processor.py:183} INFO - Processing /home/airflow/.local/lib/python3.8/site-packages/airflow/example_dags/tutorial_objectstorage.py took 0.096 seconds
[2026-03-23T03:21:46.695+0000] {processor.py:161} INFO - Started process (PID=145) to work on /home/airflow/.local/lib/python3.8/site-packages/airflow/example_dags/tutorial_objectstorage.py
[2026-03-23T03:21:46.696+0000] {processor.py:830} INFO - Processing file /home/airflow/.local/lib/python3.8/site-packages/airflow/example_dags/tutorial_objectstorage.py for tasks to queue
[2026-03-23T03:21:46.698+0000] {logging_mixin.py:188} INFO - [2026-03-23T03:21:46.697+0000] {dagbag.py:540} INFO - Filling up the DagBag from /home/airflow/.local/lib/python3.8/site-packages/airflow/example_dags/tutorial_objectstorage.py
[2026-03-23T03:21:46.704+0000] {processor.py:840} INFO - DAG(s) 'tutorial_objectstorage' retrieved from /home/airflow/.local/lib/python3.8/site-packages/airflow/example_dags/tutorial_objectstorage.py
[2026-03-23T03:21:46.715+0000] {logging_mixin.py:188} INFO - [2026-03-23T03:21:46.715+0000] {dag.py:3047} INFO - Sync 1 DAGs
[2026-03-23T03:21:46.728+0000] {logging_mixin.py:188} INFO - [2026-03-23T03:21:46.727+0000] {dag.py:3834} INFO - Setting next_dagrun for tutorial_objectstorage to None, run_after=None
[2026-03-23T03:21:46.748+0000] {processor.py:183} INFO - Processing /home/airflow/.local/lib/python3.8/site-packages/airflow/example_dags/tutorial_objectstorage.py took 0.056 seconds
[2026-03-23T03:22:17.943+0000] {processor.py:161} INFO - Started process (PID=206) to work on /home/airflow/.local/lib/python3.8/site-packages/airflow/example_dags/tutorial_objectstorage.py
[2026-03-23T03:22:17.944+0000] {processor.py:830} INFO - Processing file /home/airflow/.local/lib/python3.8/site-packages/airflow/example_dags/tutorial_objectstorage.py for tasks to queue
[2026-03-23T03:22:17.945+0000] {logging_mixin.py:188} INFO - [2026-03-23T03:22:17.945+0000] {dagbag.py:540} INFO - Filling up the DagBag from /home/airflow/.local/lib/python3.8/site-packages/airflow/example_dags/tutorial_objectstorage.py
[2026-03-23T03:22:17.951+0000] {processor.py:840} INFO - DAG(s) 'tutorial_objectstorage' retrieved from /home/airflow/.local/lib/python3.8/site-packages/airflow/example_dags/tutorial_objectstorage.py
[2026-03-23T03:22:18.045+0000] {logging_mixin.py:188} INFO - [2026-03-23T03:22:18.044+0000] {dag.py:3047} INFO - Sync 1 DAGs
[2026-03-23T03:22:18.056+0000] {logging_mixin.py:188} INFO - [2026-03-23T03:22:18.056+0000] {dag.py:3834} INFO - Setting next_dagrun for tutorial_objectstorage to None, run_after=None
[2026-03-23T03:22:18.079+0000] {processor.py:183} INFO - Processing /home/airflow/.local/lib/python3.8/site-packages/airflow/example_dags/tutorial_objectstorage.py took 0.139 seconds
[2026-03-23T03:22:48.443+0000] {processor.py:161} INFO - Started process (PID=261) to work on /home/airflow/.local/lib/python3.8/site-packages/airflow/example_dags/tutorial_objectstorage.py
[2026-03-23T03:22:48.444+0000] {processor.py:830} INFO - Processing file /home/airflow/.local/lib/python3.8/site-packages/airflow/example_dags/tutorial_objectstorage.py for tasks to queue
[2026-03-23T03:22:48.446+0000] {logging_mixin.py:188} INFO - [2026-03-23T03:22:48.446+0000] {dagbag.py:540} INFO - Filling up the DagBag from /home/airflow/.local/lib/python3.8/site-packages/airflow/example_dags/tutorial_objectstorage.py
[2026-03-23T03:22:48.452+0000] {processor.py:840} INFO - DAG(s) 'tutorial_objectstorage' retrieved from /home/airflow/.local/lib/python3.8/site-packages/airflow/example_dags/tutorial_objectstorage.py
[2026-03-23T03:22:48.469+0000] {logging_mixin.py:188} INFO - [2026-03-23T03:22:48.468+0000] {dag.py:3047} INFO - Sync 1 DAGs
[2026-03-23T03:22:48.483+0000] {logging_mixin.py:188} INFO - [2026-03-23T03:22:48.483+0000] {dag.py:3834} INFO - Setting next_dagrun for tutorial_objectstorage to None, run_after=None
[2026-03-23T03:22:48.506+0000] {processor.py:183} INFO - Processing /home/airflow/.local/lib/python3.8/site-packages/airflow/example_dags/tutorial_objectstorage.py took 0.065 seconds
[2026-03-23T03:23:19.492+0000] {processor.py:161} INFO - Started process (PID=316) to work on /home/airflow/.local/lib/python3.8/site-packages/airflow/example_dags/tutorial_objectstorage.py
[2026-03-23T03:23:19.493+0000] {processor.py:830} INFO - Processing file /home/airflow/.local/lib/python3.8/site-packages/airflow/example_dags/tutorial_objectstorage.py for tasks to queue
[2026-03-23T03:23:19.495+0000] {logging_mixin.py:188} INFO - [2026-03-23T03:23:19.495+0000] {dagbag.py:540} INFO - Filling up the DagBag from /home/airflow/.local/lib/python3.8/site-packages/airflow/example_dags/tutorial_objectstorage.py
[2026-03-23T03:23:19.501+0000] {processor.py:840} INFO - DAG(s) 'tutorial_objectstorage' retrieved from /home/airflow/.local/lib/python3.8/site-packages/airflow/example_dags/tutorial_objectstorage.py
[2026-03-23T03:23:19.522+0000] {logging_mixin.py:188} INFO - [2026-03-23T03:23:19.522+0000] {dag.py:3047} INFO - Sync 1 DAGs
[2026-03-23T03:23:19.534+0000] {logging_mixin.py:188} INFO - [2026-03-23T03:23:19.533+0000] {dag.py:3834} INFO - Setting next_dagrun for tutorial_objectstorage to None, run_after=None
[2026-03-23T03:23:19.553+0000] {processor.py:183} INFO - Processing /home/airflow/.local/lib/python3.8/site-packages/airflow/example_dags/tutorial_objectstorage.py took 0.064 seconds
[2026-03-23T03:25:10.146+0000] {processor.py:161} INFO - Started process (PID=90) to work on /home/airflow/.local/lib/python3.8/site-packages/airflow/example_dags/tutorial_objectstorage.py
[2026-03-23T03:25:10.147+0000] {processor.py:830} INFO - Processing file /home/airflow/.local/lib/python3.8/site-packages/airflow/example_dags/tutorial_objectstorage.py for tasks to queue
[2026-03-23T03:25:10.151+0000] {logging_mixin.py:188} INFO - [2026-03-23T03:25:10.150+0000] {dagbag.py:540} INFO - Filling up the DagBag from /home/airflow/.local/lib/python3.8/site-packages/airflow/example_dags/tutorial_objectstorage.py
[2026-03-23T03:25:10.163+0000] {processor.py:840} INFO - DAG(s) 'tutorial_objectstorage' retrieved from /home/airflow/.local/lib/python3.8/site-packages/airflow/example_dags/tutorial_objectstorage.py
[2026-03-23T03:25:10.179+0000] {logging_mixin.py:188} INFO - [2026-03-23T03:25:10.179+0000] {dag.py:3047} INFO - Sync 1 DAGs
[2026-03-23T03:25:10.200+0000] {logging_mixin.py:188} INFO - [2026-03-23T03:25:10.199+0000] {dag.py:3834} INFO - Setting next_dagrun for tutorial_objectstorage to None, run_after=None
[2026-03-23T03:25:10.232+0000] {processor.py:183} INFO - Processing /home/airflow/.local/lib/python3.8/site-packages/airflow/example_dags/tutorial_objectstorage.py took 0.091 seconds
[2026-03-23T03:25:42.071+0000] {processor.py:161} INFO - Started process (PID=151) to work on /home/airflow/.local/lib/python3.8/site-packages/airflow/example_dags/tutorial_objectstorage.py
[2026-03-23T03:25:42.073+0000] {processor.py:830} INFO - Processing file /home/airflow/.local/lib/python3.8/site-packages/airflow/example_dags/tutorial_objectstorage.py for tasks to queue
[2026-03-23T03:25:42.075+0000] {logging_mixin.py:188} INFO - [2026-03-23T03:25:42.074+0000] {dagbag.py:540} INFO - Filling up the DagBag from /home/airflow/.local/lib/python3.8/site-packages/airflow/example_dags/tutorial_objectstorage.py
[2026-03-23T03:25:42.082+0000] {processor.py:840} INFO - DAG(s) 'tutorial_objectstorage' retrieved from /home/airflow/.local/lib/python3.8/site-packages/airflow/example_dags/tutorial_objectstorage.py
[2026-03-23T03:25:42.195+0000] {logging_mixin.py:188} INFO - [2026-03-23T03:25:42.194+0000] {dag.py:3047} INFO - Sync 1 DAGs
[2026-03-23T03:25:42.207+0000] {logging_mixin.py:188} INFO - [2026-03-23T03:25:42.207+0000] {dag.py:3834} INFO - Setting next_dagrun for tutorial_objectstorage to None, run_after=None
[2026-03-23T03:25:42.232+0000] {processor.py:183} INFO - Processing /home/airflow/.local/lib/python3.8/site-packages/airflow/example_dags/tutorial_objectstorage.py took 0.164 seconds
[2026-03-23T03:26:12.905+0000] {processor.py:161} INFO - Started process (PID=206) to work on /home/airflow/.local/lib/python3.8/site-packages/airflow/example_dags/tutorial_objectstorage.py
[2026-03-23T03:26:12.907+0000] {processor.py:830} INFO - Processing file /home/airflow/.local/lib/python3.8/site-packages/airflow/example_dags/tutorial_objectstorage.py for tasks to queue
[2026-03-23T03:26:12.909+0000] {logging_mixin.py:188} INFO - [2026-03-23T03:26:12.909+0000] {dagbag.py:540} INFO - Filling up the DagBag from /home/airflow/.local/lib/python3.8/site-packages/airflow/example_dags/tutorial_objectstorage.py
[2026-03-23T03:26:12.915+0000] {processor.py:840} INFO - DAG(s) 'tutorial_objectstorage' retrieved from /home/airflow/.local/lib/python3.8/site-packages/airflow/example_dags/tutorial_objectstorage.py
[2026-03-23T03:26:12.936+0000] {logging_mixin.py:188} INFO - [2026-03-23T03:26:12.936+0000] {dag.py:3047} INFO - Sync 1 DAGs
[2026-03-23T03:26:12.949+0000] {logging_mixin.py:188} INFO - [2026-03-23T03:26:12.949+0000] {dag.py:3834} INFO - Setting next_dagrun for tutorial_objectstorage to None, run_after=None
[2026-03-23T03:26:12.971+0000] {processor.py:183} INFO - Processing /home/airflow/.local/lib/python3.8/site-packages/airflow/example_dags/tutorial_objectstorage.py took 0.069 seconds
[2026-03-23T03:26:43.897+0000] {processor.py:161} INFO - Started process (PID=261) to work on /home/airflow/.local/lib/python3.8/site-packages/airflow/example_dags/tutorial_objectstorage.py
[2026-03-23T03:26:43.898+0000] {processor.py:830} INFO - Processing file /home/airflow/.local/lib/python3.8/site-packages/airflow/example_dags/tutorial_objectstorage.py for tasks to queue
[2026-03-23T03:26:43.900+0000] {logging_mixin.py:188} INFO - [2026-03-23T03:26:43.900+0000] {dagbag.py:540} INFO - Filling up the DagBag from /home/airflow/.local/lib/python3.8/site-packages/airflow/example_dags/tutorial_objectstorage.py
[2026-03-23T03:26:43.907+0000] {processor.py:840} INFO - DAG(s) 'tutorial_objectstorage' retrieved from /home/airflow/.local/lib/python3.8/site-packages/airflow/example_dags/tutorial_objectstorage.py
[2026-03-23T03:26:43.928+0000] {logging_mixin.py:188} INFO - [2026-03-23T03:26:43.927+0000] {dag.py:3047} INFO - Sync 1 DAGs
[2026-03-23T03:26:43.942+0000] {logging_mixin.py:188} INFO - [2026-03-23T03:26:43.942+0000] {dag.py:3834} INFO - Setting next_dagrun for tutorial_objectstorage to None, run_after=None
[2026-03-23T03:26:43.968+0000] {processor.py:183} INFO - Processing /home/airflow/.local/lib/python3.8/site-packages/airflow/example_dags/tutorial_objectstorage.py took 0.074 seconds
[2026-03-23T03:27:14.151+0000] {processor.py:161} INFO - Started process (PID=315) to work on /home/airflow/.local/lib/python3.8/site-packages/airflow/example_dags/tutorial_objectstorage.py
[2026-03-23T03:27:14.152+0000] {processor.py:830} INFO - Processing file /home/airflow/.local/lib/python3.8/site-packages/airflow/example_dags/tutorial_objectstorage.py for tasks to queue
[2026-03-23T03:27:14.154+0000] {logging_mixin.py:188} INFO - [2026-03-23T03:27:14.154+0000] {dagbag.py:540} INFO - Filling up the DagBag from /home/airflow/.local/lib/python3.8/site-packages/airflow/example_dags/tutorial_objectstorage.py
[2026-03-23T03:27:14.160+0000] {processor.py:840} INFO - DAG(s) 'tutorial_objectstorage' retrieved from /home/airflow/.local/lib/python3.8/site-packages/airflow/example_dags/tutorial_objectstorage.py
[2026-03-23T03:27:14.179+0000] {logging_mixin.py:188} INFO - [2026-03-23T03:27:14.179+0000] {dag.py:3047} INFO - Sync 1 DAGs
[2026-03-23T03:27:14.190+0000] {logging_mixin.py:188} INFO - [2026-03-23T03:27:14.189+0000] {dag.py:3834} INFO - Setting next_dagrun for tutorial_objectstorage to None, run_after=None
[2026-03-23T03:27:14.210+0000] {processor.py:183} INFO - Processing /home/airflow/.local/lib/python3.8/site-packages/airflow/example_dags/tutorial_objectstorage.py took 0.062 seconds
[2026-03-23T03:27:44.408+0000] {processor.py:161} INFO - Started process (PID=370) to work on /home/airflow/.local/lib/python3.8/site-packages/airflow/example_dags/tutorial_objectstorage.py
[2026-03-23T03:27:44.410+0000] {processor.py:830} INFO - Processing file /home/airflow/.local/lib/python3.8/site-packages/airflow/example_dags/tutorial_objectstorage.py for tasks to queue
[2026-03-23T03:27:44.411+0000] {logging_mixin.py:188} INFO - [2026-03-23T03:27:44.411+0000] {dagbag.py:540} INFO - Filling up the DagBag from /home/airflow/.local/lib/python3.8/site-packages/airflow/example_dags/tutorial_objectstorage.py
[2026-03-23T03:27:44.417+0000] {processor.py:840} INFO - DAG(s) 'tutorial_objectstorage' retrieved from /home/airflow/.local/lib/python3.8/site-packages/airflow/example_dags/tutorial_objectstorage.py
[2026-03-23T03:27:44.434+0000] {logging_mixin.py:188} INFO - [2026-03-23T03:27:44.433+0000] {dag.py:3047} INFO - Sync 1 DAGs
[2026-03-23T03:27:44.445+0000] {logging_mixin.py:188} INFO - [2026-03-23T03:27:44.445+0000] {dag.py:3834} INFO - Setting next_dagrun for tutorial_objectstorage to None, run_after=None
[2026-03-23T03:27:44.465+0000] {processor.py:183} INFO - Processing /home/airflow/.local/lib/python3.8/site-packages/airflow/example_dags/tutorial_objectstorage.py took 0.059 seconds
[2026-03-23T03:28:14.755+0000] {processor.py:161} INFO - Started process (PID=425) to work on /home/airflow/.local/lib/python3.8/site-packages/airflow/example_dags/tutorial_objectstorage.py
[2026-03-23T03:28:14.756+0000] {processor.py:830} INFO - Processing file /home/airflow/.local/lib/python3.8/site-packages/airflow/example_dags/tutorial_objectstorage.py for tasks to queue
[2026-03-23T03:28:14.758+0000] {logging_mixin.py:188} INFO - [2026-03-23T03:28:14.758+0000] {dagbag.py:540} INFO - Filling up the DagBag from /home/airflow/.local/lib/python3.8/site-packages/airflow/example_dags/tutorial_objectstorage.py
[2026-03-23T03:28:14.764+0000] {processor.py:840} INFO - DAG(s) 'tutorial_objectstorage' retrieved from /home/airflow/.local/lib/python3.8/site-packages/airflow/example_dags/tutorial_objectstorage.py
[2026-03-23T03:28:14.784+0000] {logging_mixin.py:188} INFO - [2026-03-23T03:28:14.784+0000] {dag.py:3047} INFO - Sync 1 DAGs
[2026-03-23T03:28:14.796+0000] {logging_mixin.py:188} INFO - [2026-03-23T03:28:14.796+0000] {dag.py:3834} INFO - Setting next_dagrun for tutorial_objectstorage to None, run_after=None
[2026-03-23T03:28:14.820+0000] {processor.py:183} INFO - Processing /home/airflow/.local/lib/python3.8/site-packages/airflow/example_dags/tutorial_objectstorage.py took 0.067 seconds
[2026-03-23T03:28:45.140+0000] {processor.py:161} INFO - Started process (PID=480) to work on /home/airflow/.local/lib/python3.8/site-packages/airflow/example_dags/tutorial_objectstorage.py
[2026-03-23T03:28:45.141+0000] {processor.py:830} INFO - Processing file /home/airflow/.local/lib/python3.8/site-packages/airflow/example_dags/tutorial_objectstorage.py for tasks to queue
[2026-03-23T03:28:45.143+0000] {logging_mixin.py:188} INFO - [2026-03-23T03:28:45.143+0000] {dagbag.py:540} INFO - Filling up the DagBag from /home/airflow/.local/lib/python3.8/site-packages/airflow/example_dags/tutorial_objectstorage.py
[2026-03-23T03:28:45.149+0000] {processor.py:840} INFO - DAG(s) 'tutorial_objectstorage' retrieved from /home/airflow/.local/lib/python3.8/site-packages/airflow/example_dags/tutorial_objectstorage.py
[2026-03-23T03:28:45.168+0000] {logging_mixin.py:188} INFO - [2026-03-23T03:28:45.167+0000] {dag.py:3047} INFO - Sync 1 DAGs
[2026-03-23T03:28:45.178+0000] {logging_mixin.py:188} INFO - [2026-03-23T03:28:45.178+0000] {dag.py:3834} INFO - Setting next_dagrun for tutorial_objectstorage to None, run_after=None
[2026-03-23T03:28:45.202+0000] {processor.py:183} INFO - Processing /home/airflow/.local/lib/python3.8/site-packages/airflow/example_dags/tutorial_objectstorage.py took 0.065 seconds
[2026-03-23T03:29:15.769+0000] {processor.py:161} INFO - Started process (PID=536) to work on /home/airflow/.local/lib/python3.8/site-packages/airflow/example_dags/tutorial_objectstorage.py
[2026-03-23T03:29:15.770+0000] {processor.py:830} INFO - Processing file /home/airflow/.local/lib/python3.8/site-packages/airflow/example_dags/tutorial_objectstorage.py for tasks to queue
[2026-03-23T03:29:15.772+0000] {logging_mixin.py:188} INFO - [2026-03-23T03:29:15.772+0000] {dagbag.py:540} INFO - Filling up the DagBag from /home/airflow/.local/lib/python3.8/site-packages/airflow/example_dags/tutorial_objectstorage.py
[2026-03-23T03:29:15.779+0000] {processor.py:840} INFO - DAG(s) 'tutorial_objectstorage' retrieved from /home/airflow/.local/lib/python3.8/site-packages/airflow/example_dags/tutorial_objectstorage.py
[2026-03-23T03:29:15.801+0000] {logging_mixin.py:188} INFO - [2026-03-23T03:29:15.800+0000] {dag.py:3047} INFO - Sync 1 DAGs
[2026-03-23T03:29:15.821+0000] {logging_mixin.py:188} INFO - [2026-03-23T03:29:15.820+0000] {dag.py:3834} INFO - Setting next_dagrun for tutorial_objectstorage to None, run_after=None
[2026-03-23T03:29:15.847+0000] {processor.py:183} INFO - Processing /home/airflow/.local/lib/python3.8/site-packages/airflow/example_dags/tutorial_objectstorage.py took 0.082 seconds
[2026-03-23T03:29:45.985+0000] {processor.py:161} INFO - Started process (PID=591) to work on /home/airflow/.local/lib/python3.8/site-packages/airflow/example_dags/tutorial_objectstorage.py
[2026-03-23T03:29:45.986+0000] {processor.py:830} INFO - Processing file /home/airflow/.local/lib/python3.8/site-packages/airflow/example_dags/tutorial_objectstorage.py for tasks to queue
[2026-03-23T03:29:45.988+0000] {logging_mixin.py:188} INFO - [2026-03-23T03:29:45.988+0000] {dagbag.py:540} INFO - Filling up the DagBag from /home/airflow/.local/lib/python3.8/site-packages/airflow/example_dags/tutorial_objectstorage.py
[2026-03-23T03:29:45.993+0000] {processor.py:840} INFO - DAG(s) 'tutorial_objectstorage' retrieved from /home/airflow/.local/lib/python3.8/site-packages/airflow/example_dags/tutorial_objectstorage.py
[2026-03-23T03:29:46.013+0000] {logging_mixin.py:188} INFO - [2026-03-23T03:29:46.013+0000] {dag.py:3047} INFO - Sync 1 DAGs
[2026-03-23T03:29:46.025+0000] {logging_mixin.py:188} INFO - [2026-03-23T03:29:46.025+0000] {dag.py:3834} INFO - Setting next_dagrun for tutorial_objectstorage to None, run_after=None
[2026-03-23T03:29:46.048+0000] {processor.py:183} INFO - Processing /home/airflow/.local/lib/python3.8/site-packages/airflow/example_dags/tutorial_objectstorage.py took 0.065 seconds
[2026-03-23T03:30:16.294+0000] {processor.py:161} INFO - Started process (PID=645) to work on /home/airflow/.local/lib/python3.8/site-packages/airflow/example_dags/tutorial_objectstorage.py
[2026-03-23T03:30:16.296+0000] {processor.py:830} INFO - Processing file /home/airflow/.local/lib/python3.8/site-packages/airflow/example_dags/tutorial_objectstorage.py for tasks to queue
[2026-03-23T03:30:16.298+0000] {logging_mixin.py:188} INFO - [2026-03-23T03:30:16.298+0000] {dagbag.py:540} INFO - Filling up the DagBag from /home/airflow/.local/lib/python3.8/site-packages/airflow/example_dags/tutorial_objectstorage.py
[2026-03-23T03:30:16.305+0000] {processor.py:840} INFO - DAG(s) 'tutorial_objectstorage' retrieved from /home/airflow/.local/lib/python3.8/site-packages/airflow/example_dags/tutorial_objectstorage.py
[2026-03-23T03:30:16.328+0000] {logging_mixin.py:188} INFO - [2026-03-23T03:30:16.327+0000] {dag.py:3047} INFO - Sync 1 DAGs
[2026-03-23T03:30:16.340+0000] {logging_mixin.py:188} INFO - [2026-03-23T03:30:16.340+0000] {dag.py:3834} INFO - Setting next_dagrun for tutorial_objectstorage to None, run_after=None
[2026-03-23T03:30:16.365+0000] {processor.py:183} INFO - Processing /home/airflow/.local/lib/python3.8/site-packages/airflow/example_dags/tutorial_objectstorage.py took 0.074 seconds
[2026-03-23T03:30:46.406+0000] {processor.py:161} INFO - Started process (PID=700) to work on /home/airflow/.local/lib/python3.8/site-packages/airflow/example_dags/tutorial_objectstorage.py
[2026-03-23T03:30:46.408+0000] {processor.py:830} INFO - Processing file /home/airflow/.local/lib/python3.8/site-packages/airflow/example_dags/tutorial_objectstorage.py for tasks to queue
[2026-03-23T03:30:46.410+0000] {logging_mixin.py:188} INFO - [2026-03-23T03:30:46.409+0000] {dagbag.py:540} INFO - Filling up the DagBag from /home/airflow/.local/lib/python3.8/site-packages/airflow/example_dags/tutorial_objectstorage.py
[2026-03-23T03:30:46.416+0000] {processor.py:840} INFO - DAG(s) 'tutorial_objectstorage' retrieved from /home/airflow/.local/lib/python3.8/site-packages/airflow/example_dags/tutorial_objectstorage.py
[2026-03-23T03:30:46.435+0000] {logging_mixin.py:188} INFO - [2026-03-23T03:30:46.435+0000] {dag.py:3047} INFO - Sync 1 DAGs
[2026-03-23T03:30:46.446+0000] {logging_mixin.py:188} INFO - [2026-03-23T03:30:46.446+0000] {dag.py:3834} INFO - Setting next_dagrun for tutorial_objectstorage to None, run_after=None
[2026-03-23T03:30:46.467+0000] {processor.py:183} INFO - Processing /home/airflow/.local/lib/python3.8/site-packages/airflow/example_dags/tutorial_objectstorage.py took 0.063 seconds
[2026-03-23T03:31:16.579+0000] {processor.py:161} INFO - Started process (PID=755) to work on /home/airflow/.local/lib/python3.8/site-packages/airflow/example_dags/tutorial_objectstorage.py
[2026-03-23T03:31:16.580+0000] {processor.py:830} INFO - Processing file /home/airflow/.local/lib/python3.8/site-packages/airflow/example_dags/tutorial_objectstorage.py for tasks to queue
[2026-03-23T03:31:16.582+0000] {logging_mixin.py:188} INFO - [2026-03-23T03:31:16.582+0000] {dagbag.py:540} INFO - Filling up the DagBag from /home/airflow/.local/lib/python3.8/site-packages/airflow/example_dags/tutorial_objectstorage.py
[2026-03-23T03:31:16.587+0000] {processor.py:840} INFO - DAG(s) 'tutorial_objectstorage' retrieved from /home/airflow/.local/lib/python3.8/site-packages/airflow/example_dags/tutorial_objectstorage.py
[2026-03-23T03:31:16.605+0000] {logging_mixin.py:188} INFO - [2026-03-23T03:31:16.605+0000] {dag.py:3047} INFO - Sync 1 DAGs
[2026-03-23T03:31:16.617+0000] {logging_mixin.py:188} INFO - [2026-03-23T03:31:16.617+0000] {dag.py:3834} INFO - Setting next_dagrun for tutorial_objectstorage to None, run_after=None
[2026-03-23T03:31:16.637+0000] {processor.py:183} INFO - Processing /home/airflow/.local/lib/python3.8/site-packages/airflow/example_dags/tutorial_objectstorage.py took 0.061 seconds
[2026-03-23T03:31:47.208+0000] {processor.py:161} INFO - Started process (PID=810) to work on /home/airflow/.local/lib/python3.8/site-packages/airflow/example_dags/tutorial_objectstorage.py
[2026-03-23T03:31:47.209+0000] {processor.py:830} INFO - Processing file /home/airflow/.local/lib/python3.8/site-packages/airflow/example_dags/tutorial_objectstorage.py for tasks to queue
[2026-03-23T03:31:47.211+0000] {logging_mixin.py:188} INFO - [2026-03-23T03:31:47.210+0000] {dagbag.py:540} INFO - Filling up the DagBag from /home/airflow/.local/lib/python3.8/site-packages/airflow/example_dags/tutorial_objectstorage.py
[2026-03-23T03:31:47.216+0000] {processor.py:840} INFO - DAG(s) 'tutorial_objectstorage' retrieved from /home/airflow/.local/lib/python3.8/site-packages/airflow/example_dags/tutorial_objectstorage.py
[2026-03-23T03:31:47.235+0000] {logging_mixin.py:188} INFO - [2026-03-23T03:31:47.234+0000] {dag.py:3047} INFO - Sync 1 DAGs
[2026-03-23T03:31:47.247+0000] {logging_mixin.py:188} INFO - [2026-03-23T03:31:47.247+0000] {dag.py:3834} INFO - Setting next_dagrun for tutorial_objectstorage to None, run_after=None
[2026-03-23T03:31:47.268+0000] {processor.py:183} INFO - Processing /home/airflow/.local/lib/python3.8/site-packages/airflow/example_dags/tutorial_objectstorage.py took 0.063 seconds
[2026-03-23T03:32:17.996+0000] {processor.py:161} INFO - Started process (PID=865) to work on /home/airflow/.local/lib/python3.8/site-packages/airflow/example_dags/tutorial_objectstorage.py
[2026-03-23T03:32:17.997+0000] {processor.py:830} INFO - Processing file /home/airflow/.local/lib/python3.8/site-packages/airflow/example_dags/tutorial_objectstorage.py for tasks to queue
[2026-03-23T03:32:17.999+0000] {logging_mixin.py:188} INFO - [2026-03-23T03:32:17.998+0000] {dagbag.py:540} INFO - Filling up the DagBag from /home/airflow/.local/lib/python3.8/site-packages/airflow/example_dags/tutorial_objectstorage.py
[2026-03-23T03:32:18.004+0000] {processor.py:840} INFO - DAG(s) 'tutorial_objectstorage' retrieved from /home/airflow/.local/lib/python3.8/site-packages/airflow/example_dags/tutorial_objectstorage.py
[2026-03-23T03:32:18.022+0000] {logging_mixin.py:188} INFO - [2026-03-23T03:32:18.022+0000] {dag.py:3047} INFO - Sync 1 DAGs
[2026-03-23T03:32:18.034+0000] {logging_mixin.py:188} INFO - [2026-03-23T03:32:18.034+0000] {dag.py:3834} INFO - Setting next_dagrun for tutorial_objectstorage to None, run_after=None
[2026-03-23T03:32:18.056+0000] {processor.py:183} INFO - Processing /home/airflow/.local/lib/python3.8/site-packages/airflow/example_dags/tutorial_objectstorage.py took 0.063 seconds
[2026-03-23T03:32:49.021+0000] {processor.py:161} INFO - Started process (PID=920) to work on /home/airflow/.local/lib/python3.8/site-packages/airflow/example_dags/tutorial_objectstorage.py
[2026-03-23T03:32:49.022+0000] {processor.py:830} INFO - Processing file /home/airflow/.local/lib/python3.8/site-packages/airflow/example_dags/tutorial_objectstorage.py for tasks to queue
[2026-03-23T03:32:49.024+0000] {logging_mixin.py:188} INFO - [2026-03-23T03:32:49.024+0000] {dagbag.py:540} INFO - Filling up the DagBag from /home/airflow/.local/lib/python3.8/site-packages/airflow/example_dags/tutorial_objectstorage.py
[2026-03-23T03:32:49.031+0000] {processor.py:840} INFO - DAG(s) 'tutorial_objectstorage' retrieved from /home/airflow/.local/lib/python3.8/site-packages/airflow/example_dags/tutorial_objectstorage.py
[2026-03-23T03:32:49.052+0000] {logging_mixin.py:188} INFO - [2026-03-23T03:32:49.052+0000] {dag.py:3047} INFO - Sync 1 DAGs
[2026-03-23T03:32:49.063+0000] {logging_mixin.py:188} INFO - [2026-03-23T03:32:49.063+0000] {dag.py:3834} INFO - Setting next_dagrun for tutorial_objectstorage to None, run_after=None
[2026-03-23T03:32:49.086+0000] {processor.py:183} INFO - Processing /home/airflow/.local/lib/python3.8/site-packages/airflow/example_dags/tutorial_objectstorage.py took 0.068 seconds
[2026-03-23T03:33:19.234+0000] {processor.py:161} INFO - Started process (PID=975) to work on /home/airflow/.local/lib/python3.8/site-packages/airflow/example_dags/tutorial_objectstorage.py
[2026-03-23T03:33:19.235+0000] {processor.py:830} INFO - Processing file /home/airflow/.local/lib/python3.8/site-packages/airflow/example_dags/tutorial_objectstorage.py for tasks to queue
[2026-03-23T03:33:19.238+0000] {logging_mixin.py:188} INFO - [2026-03-23T03:33:19.238+0000] {dagbag.py:540} INFO - Filling up the DagBag from /home/airflow/.local/lib/python3.8/site-packages/airflow/example_dags/tutorial_objectstorage.py
[2026-03-23T03:33:19.248+0000] {processor.py:840} INFO - DAG(s) 'tutorial_objectstorage' retrieved from /home/airflow/.local/lib/python3.8/site-packages/airflow/example_dags/tutorial_objectstorage.py
[2026-03-23T03:33:19.281+0000] {logging_mixin.py:188} INFO - [2026-03-23T03:33:19.280+0000] {dag.py:3047} INFO - Sync 1 DAGs
[2026-03-23T03:33:19.305+0000] {logging_mixin.py:188} INFO - [2026-03-23T03:33:19.304+0000] {dag.py:3834} INFO - Setting next_dagrun for tutorial_objectstorage to None, run_after=None
[2026-03-23T03:33:19.341+0000] {processor.py:183} INFO - Processing /home/airflow/.local/lib/python3.8/site-packages/airflow/example_dags/tutorial_objectstorage.py took 0.112 seconds
[2026-03-23T03:33:49.397+0000] {processor.py:161} INFO - Started process (PID=1030) to work on /home/airflow/.local/lib/python3.8/site-packages/airflow/example_dags/tutorial_objectstorage.py
[2026-03-23T03:33:49.398+0000] {processor.py:830} INFO - Processing file /home/airflow/.local/lib/python3.8/site-packages/airflow/example_dags/tutorial_objectstorage.py for tasks to queue
[2026-03-23T03:33:49.400+0000] {logging_mixin.py:188} INFO - [2026-03-23T03:33:49.400+0000] {dagbag.py:540} INFO - Filling up the DagBag from /home/airflow/.local/lib/python3.8/site-packages/airflow/example_dags/tutorial_objectstorage.py
[2026-03-23T03:33:49.406+0000] {processor.py:840} INFO - DAG(s) 'tutorial_objectstorage' retrieved from /home/airflow/.local/lib/python3.8/site-packages/airflow/example_dags/tutorial_objectstorage.py
[2026-03-23T03:33:49.424+0000] {logging_mixin.py:188} INFO - [2026-03-23T03:33:49.423+0000] {dag.py:3047} INFO - Sync 1 DAGs
[2026-03-23T03:33:49.434+0000] {logging_mixin.py:188} INFO - [2026-03-23T03:33:49.434+0000] {dag.py:3834} INFO - Setting next_dagrun for tutorial_objectstorage to None, run_after=None
[2026-03-23T03:33:49.455+0000] {processor.py:183} INFO - Processing /home/airflow/.local/lib/python3.8/site-packages/airflow/example_dags/tutorial_objectstorage.py took 0.061 seconds
[2026-03-23T03:34:19.512+0000] {processor.py:161} INFO - Started process (PID=1085) to work on /home/airflow/.local/lib/python3.8/site-packages/airflow/example_dags/tutorial_objectstorage.py
[2026-03-23T03:34:19.513+0000] {processor.py:830} INFO - Processing file /home/airflow/.local/lib/python3.8/site-packages/airflow/example_dags/tutorial_objectstorage.py for tasks to queue
[2026-03-23T03:34:19.515+0000] {logging_mixin.py:188} INFO - [2026-03-23T03:34:19.515+0000] {dagbag.py:540} INFO - Filling up the DagBag from /home/airflow/.local/lib/python3.8/site-packages/airflow/example_dags/tutorial_objectstorage.py
[2026-03-23T03:34:19.521+0000] {processor.py:840} INFO - DAG(s) 'tutorial_objectstorage' retrieved from /home/airflow/.local/lib/python3.8/site-packages/airflow/example_dags/tutorial_objectstorage.py
[2026-03-23T03:34:19.540+0000] {logging_mixin.py:188} INFO - [2026-03-23T03:34:19.540+0000] {dag.py:3047} INFO - Sync 1 DAGs
[2026-03-23T03:34:19.552+0000] {logging_mixin.py:188} INFO - [2026-03-23T03:34:19.552+0000] {dag.py:3834} INFO - Setting next_dagrun for tutorial_objectstorage to None, run_after=None
[2026-03-23T03:34:19.575+0000] {processor.py:183} INFO - Processing /home/airflow/.local/lib/python3.8/site-packages/airflow/example_dags/tutorial_objectstorage.py took 0.065 seconds
[2026-03-23T03:34:49.770+0000] {processor.py:161} INFO - Started process (PID=1140) to work on /home/airflow/.local/lib/python3.8/site-packages/airflow/example_dags/tutorial_objectstorage.py
[2026-03-23T03:34:49.772+0000] {processor.py:830} INFO - Processing file /home/airflow/.local/lib/python3.8/site-packages/airflow/example_dags/tutorial_objectstorage.py for tasks to queue
[2026-03-23T03:34:49.774+0000] {logging_mixin.py:188} INFO - [2026-03-23T03:34:49.773+0000] {dagbag.py:540} INFO - Filling up the DagBag from /home/airflow/.local/lib/python3.8/site-packages/airflow/example_dags/tutorial_objectstorage.py
[2026-03-23T03:34:49.780+0000] {processor.py:840} INFO - DAG(s) 'tutorial_objectstorage' retrieved from /home/airflow/.local/lib/python3.8/site-packages/airflow/example_dags/tutorial_objectstorage.py
[2026-03-23T03:34:49.800+0000] {logging_mixin.py:188} INFO - [2026-03-23T03:34:49.800+0000] {dag.py:3047} INFO - Sync 1 DAGs
[2026-03-23T03:34:49.813+0000] {logging_mixin.py:188} INFO - [2026-03-23T03:34:49.812+0000] {dag.py:3834} INFO - Setting next_dagrun for tutorial_objectstorage to None, run_after=None
[2026-03-23T03:34:49.835+0000] {processor.py:183} INFO - Processing /home/airflow/.local/lib/python3.8/site-packages/airflow/example_dags/tutorial_objectstorage.py took 0.067 seconds
[2026-03-23T03:37:20.854+0000] {processor.py:161} INFO - Started process (PID=90) to work on /home/airflow/.local/lib/python3.8/site-packages/airflow/example_dags/tutorial_objectstorage.py
[2026-03-23T03:37:20.855+0000] {processor.py:830} INFO - Processing file /home/airflow/.local/lib/python3.8/site-packages/airflow/example_dags/tutorial_objectstorage.py for tasks to queue
[2026-03-23T03:37:20.858+0000] {logging_mixin.py:188} INFO - [2026-03-23T03:37:20.857+0000] {dagbag.py:540} INFO - Filling up the DagBag from /home/airflow/.local/lib/python3.8/site-packages/airflow/example_dags/tutorial_objectstorage.py
[2026-03-23T03:37:20.867+0000] {processor.py:840} INFO - DAG(s) 'tutorial_objectstorage' retrieved from /home/airflow/.local/lib/python3.8/site-packages/airflow/example_dags/tutorial_objectstorage.py
[2026-03-23T03:37:20.884+0000] {logging_mixin.py:188} INFO - [2026-03-23T03:37:20.884+0000] {dag.py:3047} INFO - Sync 1 DAGs
[2026-03-23T03:37:20.900+0000] {logging_mixin.py:188} INFO - [2026-03-23T03:37:20.900+0000] {dag.py:3834} INFO - Setting next_dagrun for tutorial_objectstorage to None, run_after=None
[2026-03-23T03:37:20.924+0000] {processor.py:183} INFO - Processing /home/airflow/.local/lib/python3.8/site-packages/airflow/example_dags/tutorial_objectstorage.py took 0.074 seconds
[2026-03-23T03:37:52.611+0000] {processor.py:161} INFO - Started process (PID=151) to work on /home/airflow/.local/lib/python3.8/site-packages/airflow/example_dags/tutorial_objectstorage.py
[2026-03-23T03:37:52.612+0000] {processor.py:830} INFO - Processing file /home/airflow/.local/lib/python3.8/site-packages/airflow/example_dags/tutorial_objectstorage.py for tasks to queue
[2026-03-23T03:37:52.614+0000] {logging_mixin.py:188} INFO - [2026-03-23T03:37:52.614+0000] {dagbag.py:540} INFO - Filling up the DagBag from /home/airflow/.local/lib/python3.8/site-packages/airflow/example_dags/tutorial_objectstorage.py
[2026-03-23T03:37:52.622+0000] {processor.py:840} INFO - DAG(s) 'tutorial_objectstorage' retrieved from /home/airflow/.local/lib/python3.8/site-packages/airflow/example_dags/tutorial_objectstorage.py
[2026-03-23T03:37:52.738+0000] {logging_mixin.py:188} INFO - [2026-03-23T03:37:52.738+0000] {dag.py:3047} INFO - Sync 1 DAGs
[2026-03-23T03:37:52.750+0000] {logging_mixin.py:188} INFO - [2026-03-23T03:37:52.750+0000] {dag.py:3834} INFO - Setting next_dagrun for tutorial_objectstorage to None, run_after=None
[2026-03-23T03:37:52.782+0000] {processor.py:183} INFO - Processing /home/airflow/.local/lib/python3.8/site-packages/airflow/example_dags/tutorial_objectstorage.py took 0.174 seconds
[2026-03-23T03:38:22.948+0000] {processor.py:161} INFO - Started process (PID=206) to work on /home/airflow/.local/lib/python3.8/site-packages/airflow/example_dags/tutorial_objectstorage.py
[2026-03-23T03:38:22.949+0000] {processor.py:830} INFO - Processing file /home/airflow/.local/lib/python3.8/site-packages/airflow/example_dags/tutorial_objectstorage.py for tasks to queue
[2026-03-23T03:38:22.951+0000] {logging_mixin.py:188} INFO - [2026-03-23T03:38:22.951+0000] {dagbag.py:540} INFO - Filling up the DagBag from /home/airflow/.local/lib/python3.8/site-packages/airflow/example_dags/tutorial_objectstorage.py
[2026-03-23T03:38:22.957+0000] {processor.py:840} INFO - DAG(s) 'tutorial_objectstorage' retrieved from /home/airflow/.local/lib/python3.8/site-packages/airflow/example_dags/tutorial_objectstorage.py
[2026-03-23T03:38:22.977+0000] {logging_mixin.py:188} INFO - [2026-03-23T03:38:22.977+0000] {dag.py:3047} INFO - Sync 1 DAGs
[2026-03-23T03:38:22.990+0000] {logging_mixin.py:188} INFO - [2026-03-23T03:38:22.989+0000] {dag.py:3834} INFO - Setting next_dagrun for tutorial_objectstorage to None, run_after=None
[2026-03-23T03:38:23.013+0000] {processor.py:183} INFO - Processing /home/airflow/.local/lib/python3.8/site-packages/airflow/example_dags/tutorial_objectstorage.py took 0.068 seconds
[2026-03-23T03:38:53.178+0000] {processor.py:161} INFO - Started process (PID=261) to work on /home/airflow/.local/lib/python3.8/site-packages/airflow/example_dags/tutorial_objectstorage.py
[2026-03-23T03:38:53.179+0000] {processor.py:830} INFO - Processing file /home/airflow/.local/lib/python3.8/site-packages/airflow/example_dags/tutorial_objectstorage.py for tasks to queue
[2026-03-23T03:38:53.181+0000] {logging_mixin.py:188} INFO - [2026-03-23T03:38:53.181+0000] {dagbag.py:540} INFO - Filling up the DagBag from /home/airflow/.local/lib/python3.8/site-packages/airflow/example_dags/tutorial_objectstorage.py
[2026-03-23T03:38:53.189+0000] {processor.py:840} INFO - DAG(s) 'tutorial_objectstorage' retrieved from /home/airflow/.local/lib/python3.8/site-packages/airflow/example_dags/tutorial_objectstorage.py
[2026-03-23T03:38:53.212+0000] {logging_mixin.py:188} INFO - [2026-03-23T03:38:53.212+0000] {dag.py:3047} INFO - Sync 1 DAGs
[2026-03-23T03:38:53.226+0000] {logging_mixin.py:188} INFO - [2026-03-23T03:38:53.225+0000] {dag.py:3834} INFO - Setting next_dagrun for tutorial_objectstorage to None, run_after=None
[2026-03-23T03:38:53.252+0000] {processor.py:183} INFO - Processing /home/airflow/.local/lib/python3.8/site-packages/airflow/example_dags/tutorial_objectstorage.py took 0.077 seconds
[2026-03-23T03:39:23.716+0000] {processor.py:161} INFO - Started process (PID=316) to work on /home/airflow/.local/lib/python3.8/site-packages/airflow/example_dags/tutorial_objectstorage.py
[2026-03-23T03:39:23.717+0000] {processor.py:830} INFO - Processing file /home/airflow/.local/lib/python3.8/site-packages/airflow/example_dags/tutorial_objectstorage.py for tasks to queue
[2026-03-23T03:39:23.719+0000] {logging_mixin.py:188} INFO - [2026-03-23T03:39:23.718+0000] {dagbag.py:540} INFO - Filling up the DagBag from /home/airflow/.local/lib/python3.8/site-packages/airflow/example_dags/tutorial_objectstorage.py
[2026-03-23T03:39:23.724+0000] {processor.py:840} INFO - DAG(s) 'tutorial_objectstorage' retrieved from /home/airflow/.local/lib/python3.8/site-packages/airflow/example_dags/tutorial_objectstorage.py
[2026-03-23T03:39:23.745+0000] {logging_mixin.py:188} INFO - [2026-03-23T03:39:23.745+0000] {dag.py:3047} INFO - Sync 1 DAGs
[2026-03-23T03:39:23.758+0000] {logging_mixin.py:188} INFO - [2026-03-23T03:39:23.758+0000] {dag.py:3834} INFO - Setting next_dagrun for tutorial_objectstorage to None, run_after=None
[2026-03-23T03:39:23.780+0000] {processor.py:183} INFO - Processing /home/airflow/.local/lib/python3.8/site-packages/airflow/example_dags/tutorial_objectstorage.py took 0.068 seconds
[2026-03-23T03:39:54.125+0000] {processor.py:161} INFO - Started process (PID=371) to work on /home/airflow/.local/lib/python3.8/site-packages/airflow/example_dags/tutorial_objectstorage.py
[2026-03-23T03:39:54.126+0000] {processor.py:830} INFO - Processing file /home/airflow/.local/lib/python3.8/site-packages/airflow/example_dags/tutorial_objectstorage.py for tasks to queue
[2026-03-23T03:39:54.128+0000] {logging_mixin.py:188} INFO - [2026-03-23T03:39:54.127+0000] {dagbag.py:540} INFO - Filling up the DagBag from /home/airflow/.local/lib/python3.8/site-packages/airflow/example_dags/tutorial_objectstorage.py
[2026-03-23T03:39:54.133+0000] {processor.py:840} INFO - DAG(s) 'tutorial_objectstorage' retrieved from /home/airflow/.local/lib/python3.8/site-packages/airflow/example_dags/tutorial_objectstorage.py
[2026-03-23T03:39:54.153+0000] {logging_mixin.py:188} INFO - [2026-03-23T03:39:54.153+0000] {dag.py:3047} INFO - Sync 1 DAGs
[2026-03-23T03:39:54.164+0000] {logging_mixin.py:188} INFO - [2026-03-23T03:39:54.164+0000] {dag.py:3834} INFO - Setting next_dagrun for tutorial_objectstorage to None, run_after=None
[2026-03-23T03:39:54.186+0000] {processor.py:183} INFO - Processing /home/airflow/.local/lib/python3.8/site-packages/airflow/example_dags/tutorial_objectstorage.py took 0.065 seconds
[2026-03-23T03:40:24.555+0000] {processor.py:161} INFO - Started process (PID=426) to work on /home/airflow/.local/lib/python3.8/site-packages/airflow/example_dags/tutorial_objectstorage.py
[2026-03-23T03:40:24.556+0000] {processor.py:830} INFO - Processing file /home/airflow/.local/lib/python3.8/site-packages/airflow/example_dags/tutorial_objectstorage.py for tasks to queue
[2026-03-23T03:40:24.557+0000] {logging_mixin.py:188} INFO - [2026-03-23T03:40:24.557+0000] {dagbag.py:540} INFO - Filling up the DagBag from /home/airflow/.local/lib/python3.8/site-packages/airflow/example_dags/tutorial_objectstorage.py
[2026-03-23T03:40:24.563+0000] {processor.py:840} INFO - DAG(s) 'tutorial_objectstorage' retrieved from /home/airflow/.local/lib/python3.8/site-packages/airflow/example_dags/tutorial_objectstorage.py
[2026-03-23T03:40:24.583+0000] {logging_mixin.py:188} INFO - [2026-03-23T03:40:24.583+0000] {dag.py:3047} INFO - Sync 1 DAGs
[2026-03-23T03:40:24.595+0000] {logging_mixin.py:188} INFO - [2026-03-23T03:40:24.595+0000] {dag.py:3834} INFO - Setting next_dagrun for tutorial_objectstorage to None, run_after=None
[2026-03-23T03:40:24.618+0000] {processor.py:183} INFO - Processing /home/airflow/.local/lib/python3.8/site-packages/airflow/example_dags/tutorial_objectstorage.py took 0.066 seconds
[2026-03-23T03:40:55.469+0000] {processor.py:161} INFO - Started process (PID=481) to work on /home/airflow/.local/lib/python3.8/site-packages/airflow/example_dags/tutorial_objectstorage.py
[2026-03-23T03:40:55.471+0000] {processor.py:830} INFO - Processing file /home/airflow/.local/lib/python3.8/site-packages/airflow/example_dags/tutorial_objectstorage.py for tasks to queue
[2026-03-23T03:40:55.473+0000] {logging_mixin.py:188} INFO - [2026-03-23T03:40:55.473+0000] {dagbag.py:540} INFO - Filling up the DagBag from /home/airflow/.local/lib/python3.8/site-packages/airflow/example_dags/tutorial_objectstorage.py
[2026-03-23T03:40:55.486+0000] {processor.py:840} INFO - DAG(s) 'tutorial_objectstorage' retrieved from /home/airflow/.local/lib/python3.8/site-packages/airflow/example_dags/tutorial_objectstorage.py
[2026-03-23T03:40:55.526+0000] {logging_mixin.py:188} INFO - [2026-03-23T03:40:55.526+0000] {dag.py:3047} INFO - Sync 1 DAGs
[2026-03-23T03:40:55.545+0000] {logging_mixin.py:188} INFO - [2026-03-23T03:40:55.545+0000] {dag.py:3834} INFO - Setting next_dagrun for tutorial_objectstorage to None, run_after=None
[2026-03-23T03:40:55.576+0000] {processor.py:183} INFO - Processing /home/airflow/.local/lib/python3.8/site-packages/airflow/example_dags/tutorial_objectstorage.py took 0.110 seconds
[2026-03-23T03:41:25.899+0000] {processor.py:161} INFO - Started process (PID=536) to work on /home/airflow/.local/lib/python3.8/site-packages/airflow/example_dags/tutorial_objectstorage.py
[2026-03-23T03:41:25.900+0000] {processor.py:830} INFO - Processing file /home/airflow/.local/lib/python3.8/site-packages/airflow/example_dags/tutorial_objectstorage.py for tasks to queue
[2026-03-23T03:41:25.902+0000] {logging_mixin.py:188} INFO - [2026-03-23T03:41:25.902+0000] {dagbag.py:540} INFO - Filling up the DagBag from /home/airflow/.local/lib/python3.8/site-packages/airflow/example_dags/tutorial_objectstorage.py
[2026-03-23T03:41:25.908+0000] {processor.py:840} INFO - DAG(s) 'tutorial_objectstorage' retrieved from /home/airflow/.local/lib/python3.8/site-packages/airflow/example_dags/tutorial_objectstorage.py
[2026-03-23T03:41:25.927+0000] {logging_mixin.py:188} INFO - [2026-03-23T03:41:25.927+0000] {dag.py:3047} INFO - Sync 1 DAGs
[2026-03-23T03:41:25.939+0000] {logging_mixin.py:188} INFO - [2026-03-23T03:41:25.939+0000] {dag.py:3834} INFO - Setting next_dagrun for tutorial_objectstorage to None, run_after=None
[2026-03-23T03:41:25.959+0000] {processor.py:183} INFO - Processing /home/airflow/.local/lib/python3.8/site-packages/airflow/example_dags/tutorial_objectstorage.py took 0.063 seconds
[2026-03-23T03:41:56.102+0000] {processor.py:161} INFO - Started process (PID=591) to work on /home/airflow/.local/lib/python3.8/site-packages/airflow/example_dags/tutorial_objectstorage.py
[2026-03-23T03:41:56.104+0000] {processor.py:830} INFO - Processing file /home/airflow/.local/lib/python3.8/site-packages/airflow/example_dags/tutorial_objectstorage.py for tasks to queue
[2026-03-23T03:41:56.105+0000] {logging_mixin.py:188} INFO - [2026-03-23T03:41:56.105+0000] {dagbag.py:540} INFO - Filling up the DagBag from /home/airflow/.local/lib/python3.8/site-packages/airflow/example_dags/tutorial_objectstorage.py
[2026-03-23T03:41:56.113+0000] {processor.py:840} INFO - DAG(s) 'tutorial_objectstorage' retrieved from /home/airflow/.local/lib/python3.8/site-packages/airflow/example_dags/tutorial_objectstorage.py
[2026-03-23T03:41:56.134+0000] {logging_mixin.py:188} INFO - [2026-03-23T03:41:56.133+0000] {dag.py:3047} INFO - Sync 1 DAGs
[2026-03-23T03:41:56.146+0000] {logging_mixin.py:188} INFO - [2026-03-23T03:41:56.146+0000] {dag.py:3834} INFO - Setting next_dagrun for tutorial_objectstorage to None, run_after=None
[2026-03-23T03:41:56.168+0000] {processor.py:183} INFO - Processing /home/airflow/.local/lib/python3.8/site-packages/airflow/example_dags/tutorial_objectstorage.py took 0.068 seconds
[2026-03-23T03:42:26.241+0000] {processor.py:161} INFO - Started process (PID=645) to work on /home/airflow/.local/lib/python3.8/site-packages/airflow/example_dags/tutorial_objectstorage.py
[2026-03-23T03:42:26.242+0000] {processor.py:830} INFO - Processing file /home/airflow/.local/lib/python3.8/site-packages/airflow/example_dags/tutorial_objectstorage.py for tasks to queue
[2026-03-23T03:42:26.244+0000] {logging_mixin.py:188} INFO - [2026-03-23T03:42:26.244+0000] {dagbag.py:540} INFO - Filling up the DagBag from /home/airflow/.local/lib/python3.8/site-packages/airflow/example_dags/tutorial_objectstorage.py
[2026-03-23T03:42:26.250+0000] {processor.py:840} INFO - DAG(s) 'tutorial_objectstorage' retrieved from /home/airflow/.local/lib/python3.8/site-packages/airflow/example_dags/tutorial_objectstorage.py
[2026-03-23T03:42:26.269+0000] {logging_mixin.py:188} INFO - [2026-03-23T03:42:26.269+0000] {dag.py:3047} INFO - Sync 1 DAGs
[2026-03-23T03:42:26.281+0000] {logging_mixin.py:188} INFO - [2026-03-23T03:42:26.280+0000] {dag.py:3834} INFO - Setting next_dagrun for tutorial_objectstorage to None, run_after=None
[2026-03-23T03:42:26.304+0000] {processor.py:183} INFO - Processing /home/airflow/.local/lib/python3.8/site-packages/airflow/example_dags/tutorial_objectstorage.py took 0.066 seconds
[2026-03-23T03:42:56.929+0000] {processor.py:161} INFO - Started process (PID=701) to work on /home/airflow/.local/lib/python3.8/site-packages/airflow/example_dags/tutorial_objectstorage.py
[2026-03-23T03:42:56.931+0000] {processor.py:830} INFO - Processing file /home/airflow/.local/lib/python3.8/site-packages/airflow/example_dags/tutorial_objectstorage.py for tasks to queue
[2026-03-23T03:42:56.933+0000] {logging_mixin.py:188} INFO - [2026-03-23T03:42:56.933+0000] {dagbag.py:540} INFO - Filling up the DagBag from /home/airflow/.local/lib/python3.8/site-packages/airflow/example_dags/tutorial_objectstorage.py
[2026-03-23T03:42:56.939+0000] {processor.py:840} INFO - DAG(s) 'tutorial_objectstorage' retrieved from /home/airflow/.local/lib/python3.8/site-packages/airflow/example_dags/tutorial_objectstorage.py
[2026-03-23T03:42:56.959+0000] {logging_mixin.py:188} INFO - [2026-03-23T03:42:56.958+0000] {dag.py:3047} INFO - Sync 1 DAGs
[2026-03-23T03:42:56.972+0000] {logging_mixin.py:188} INFO - [2026-03-23T03:42:56.972+0000] {dag.py:3834} INFO - Setting next_dagrun for tutorial_objectstorage to None, run_after=None
[2026-03-23T03:42:56.993+0000] {processor.py:183} INFO - Processing /home/airflow/.local/lib/python3.8/site-packages/airflow/example_dags/tutorial_objectstorage.py took 0.066 seconds
[2026-03-23T03:43:27.333+0000] {processor.py:161} INFO - Started process (PID=756) to work on /home/airflow/.local/lib/python3.8/site-packages/airflow/example_dags/tutorial_objectstorage.py
[2026-03-23T03:43:27.334+0000] {processor.py:830} INFO - Processing file /home/airflow/.local/lib/python3.8/site-packages/airflow/example_dags/tutorial_objectstorage.py for tasks to queue
[2026-03-23T03:43:27.336+0000] {logging_mixin.py:188} INFO - [2026-03-23T03:43:27.335+0000] {dagbag.py:540} INFO - Filling up the DagBag from /home/airflow/.local/lib/python3.8/site-packages/airflow/example_dags/tutorial_objectstorage.py
[2026-03-23T03:43:27.341+0000] {processor.py:840} INFO - DAG(s) 'tutorial_objectstorage' retrieved from /home/airflow/.local/lib/python3.8/site-packages/airflow/example_dags/tutorial_objectstorage.py
[2026-03-23T03:43:27.360+0000] {logging_mixin.py:188} INFO - [2026-03-23T03:43:27.360+0000] {dag.py:3047} INFO - Sync 1 DAGs
[2026-03-23T03:43:27.373+0000] {logging_mixin.py:188} INFO - [2026-03-23T03:43:27.373+0000] {dag.py:3834} INFO - Setting next_dagrun for tutorial_objectstorage to None, run_after=None
[2026-03-23T03:43:27.395+0000] {processor.py:183} INFO - Processing /home/airflow/.local/lib/python3.8/site-packages/airflow/example_dags/tutorial_objectstorage.py took 0.064 seconds
[2026-03-23T03:43:57.797+0000] {processor.py:161} INFO - Started process (PID=811) to work on /home/airflow/.local/lib/python3.8/site-packages/airflow/example_dags/tutorial_objectstorage.py
[2026-03-23T03:43:57.799+0000] {processor.py:830} INFO - Processing file /home/airflow/.local/lib/python3.8/site-packages/airflow/example_dags/tutorial_objectstorage.py for tasks to queue
[2026-03-23T03:43:57.801+0000] {logging_mixin.py:188} INFO - [2026-03-23T03:43:57.801+0000] {dagbag.py:540} INFO - Filling up the DagBag from /home/airflow/.local/lib/python3.8/site-packages/airflow/example_dags/tutorial_objectstorage.py
[2026-03-23T03:43:57.808+0000] {processor.py:840} INFO - DAG(s) 'tutorial_objectstorage' retrieved from /home/airflow/.local/lib/python3.8/site-packages/airflow/example_dags/tutorial_objectstorage.py
[2026-03-23T03:43:57.832+0000] {logging_mixin.py:188} INFO - [2026-03-23T03:43:57.832+0000] {dag.py:3047} INFO - Sync 1 DAGs
[2026-03-23T03:43:57.848+0000] {logging_mixin.py:188} INFO - [2026-03-23T03:43:57.847+0000] {dag.py:3834} INFO - Setting next_dagrun for tutorial_objectstorage to None, run_after=None
[2026-03-23T03:43:57.875+0000] {processor.py:183} INFO - Processing /home/airflow/.local/lib/python3.8/site-packages/airflow/example_dags/tutorial_objectstorage.py took 0.082 seconds
[2026-03-23T03:44:28.360+0000] {processor.py:161} INFO - Started process (PID=866) to work on /home/airflow/.local/lib/python3.8/site-packages/airflow/example_dags/tutorial_objectstorage.py
[2026-03-23T03:44:28.361+0000] {processor.py:830} INFO - Processing file /home/airflow/.local/lib/python3.8/site-packages/airflow/example_dags/tutorial_objectstorage.py for tasks to queue
[2026-03-23T03:44:28.363+0000] {logging_mixin.py:188} INFO - [2026-03-23T03:44:28.362+0000] {dagbag.py:540} INFO - Filling up the DagBag from /home/airflow/.local/lib/python3.8/site-packages/airflow/example_dags/tutorial_objectstorage.py
[2026-03-23T03:44:28.368+0000] {processor.py:840} INFO - DAG(s) 'tutorial_objectstorage' retrieved from /home/airflow/.local/lib/python3.8/site-packages/airflow/example_dags/tutorial_objectstorage.py
[2026-03-23T03:44:28.386+0000] {logging_mixin.py:188} INFO - [2026-03-23T03:44:28.386+0000] {dag.py:3047} INFO - Sync 1 DAGs
[2026-03-23T03:44:28.398+0000] {logging_mixin.py:188} INFO - [2026-03-23T03:44:28.398+0000] {dag.py:3834} INFO - Setting next_dagrun for tutorial_objectstorage to None, run_after=None
[2026-03-23T03:44:28.419+0000] {processor.py:183} INFO - Processing /home/airflow/.local/lib/python3.8/site-packages/airflow/example_dags/tutorial_objectstorage.py took 0.061 seconds
[2026-03-23T03:44:58.779+0000] {processor.py:161} INFO - Started process (PID=921) to work on /home/airflow/.local/lib/python3.8/site-packages/airflow/example_dags/tutorial_objectstorage.py
[2026-03-23T03:44:58.781+0000] {processor.py:830} INFO - Processing file /home/airflow/.local/lib/python3.8/site-packages/airflow/example_dags/tutorial_objectstorage.py for tasks to queue
[2026-03-23T03:44:58.785+0000] {logging_mixin.py:188} INFO - [2026-03-23T03:44:58.785+0000] {dagbag.py:540} INFO - Filling up the DagBag from /home/airflow/.local/lib/python3.8/site-packages/airflow/example_dags/tutorial_objectstorage.py
[2026-03-23T03:44:58.797+0000] {processor.py:840} INFO - DAG(s) 'tutorial_objectstorage' retrieved from /home/airflow/.local/lib/python3.8/site-packages/airflow/example_dags/tutorial_objectstorage.py
[2026-03-23T03:44:58.831+0000] {logging_mixin.py:188} INFO - [2026-03-23T03:44:58.830+0000] {dag.py:3047} INFO - Sync 1 DAGs
[2026-03-23T03:44:58.854+0000] {logging_mixin.py:188} INFO - [2026-03-23T03:44:58.853+0000] {dag.py:3834} INFO - Setting next_dagrun for tutorial_objectstorage to None, run_after=None
[2026-03-23T03:44:58.883+0000] {processor.py:183} INFO - Processing /home/airflow/.local/lib/python3.8/site-packages/airflow/example_dags/tutorial_objectstorage.py took 0.110 seconds
[2026-03-23T03:45:29.080+0000] {processor.py:161} INFO - Started process (PID=975) to work on /home/airflow/.local/lib/python3.8/site-packages/airflow/example_dags/tutorial_objectstorage.py
[2026-03-23T03:45:29.081+0000] {processor.py:830} INFO - Processing file /home/airflow/.local/lib/python3.8/site-packages/airflow/example_dags/tutorial_objectstorage.py for tasks to queue
[2026-03-23T03:45:29.083+0000] {logging_mixin.py:188} INFO - [2026-03-23T03:45:29.083+0000] {dagbag.py:540} INFO - Filling up the DagBag from /home/airflow/.local/lib/python3.8/site-packages/airflow/example_dags/tutorial_objectstorage.py
[2026-03-23T03:45:29.089+0000] {processor.py:840} INFO - DAG(s) 'tutorial_objectstorage' retrieved from /home/airflow/.local/lib/python3.8/site-packages/airflow/example_dags/tutorial_objectstorage.py
[2026-03-23T03:45:29.107+0000] {logging_mixin.py:188} INFO - [2026-03-23T03:45:29.107+0000] {dag.py:3047} INFO - Sync 1 DAGs
[2026-03-23T03:45:29.118+0000] {logging_mixin.py:188} INFO - [2026-03-23T03:45:29.118+0000] {dag.py:3834} INFO - Setting next_dagrun for tutorial_objectstorage to None, run_after=None
[2026-03-23T03:45:29.137+0000] {processor.py:183} INFO - Processing /home/airflow/.local/lib/python3.8/site-packages/airflow/example_dags/tutorial_objectstorage.py took 0.060 seconds
[2026-03-23T03:45:59.289+0000] {processor.py:161} INFO - Started process (PID=1030) to work on /home/airflow/.local/lib/python3.8/site-packages/airflow/example_dags/tutorial_objectstorage.py
[2026-03-23T03:45:59.290+0000] {processor.py:830} INFO - Processing file /home/airflow/.local/lib/python3.8/site-packages/airflow/example_dags/tutorial_objectstorage.py for tasks to queue
[2026-03-23T03:45:59.292+0000] {logging_mixin.py:188} INFO - [2026-03-23T03:45:59.291+0000] {dagbag.py:540} INFO - Filling up the DagBag from /home/airflow/.local/lib/python3.8/site-packages/airflow/example_dags/tutorial_objectstorage.py
[2026-03-23T03:45:59.298+0000] {processor.py:840} INFO - DAG(s) 'tutorial_objectstorage' retrieved from /home/airflow/.local/lib/python3.8/site-packages/airflow/example_dags/tutorial_objectstorage.py
[2026-03-23T03:45:59.318+0000] {logging_mixin.py:188} INFO - [2026-03-23T03:45:59.318+0000] {dag.py:3047} INFO - Sync 1 DAGs
[2026-03-23T03:45:59.330+0000] {logging_mixin.py:188} INFO - [2026-03-23T03:45:59.330+0000] {dag.py:3834} INFO - Setting next_dagrun for tutorial_objectstorage to None, run_after=None
[2026-03-23T03:45:59.356+0000] {processor.py:183} INFO - Processing /home/airflow/.local/lib/python3.8/site-packages/airflow/example_dags/tutorial_objectstorage.py took 0.070 seconds
[2026-03-23T03:46:29.496+0000] {processor.py:161} INFO - Started process (PID=1085) to work on /home/airflow/.local/lib/python3.8/site-packages/airflow/example_dags/tutorial_objectstorage.py
[2026-03-23T03:46:29.497+0000] {processor.py:830} INFO - Processing file /home/airflow/.local/lib/python3.8/site-packages/airflow/example_dags/tutorial_objectstorage.py for tasks to queue
[2026-03-23T03:46:29.499+0000] {logging_mixin.py:188} INFO - [2026-03-23T03:46:29.499+0000] {dagbag.py:540} INFO - Filling up the DagBag from /home/airflow/.local/lib/python3.8/site-packages/airflow/example_dags/tutorial_objectstorage.py
[2026-03-23T03:46:29.505+0000] {processor.py:840} INFO - DAG(s) 'tutorial_objectstorage' retrieved from /home/airflow/.local/lib/python3.8/site-packages/airflow/example_dags/tutorial_objectstorage.py
[2026-03-23T03:46:29.525+0000] {logging_mixin.py:188} INFO - [2026-03-23T03:46:29.524+0000] {dag.py:3047} INFO - Sync 1 DAGs
[2026-03-23T03:46:29.536+0000] {logging_mixin.py:188} INFO - [2026-03-23T03:46:29.536+0000] {dag.py:3834} INFO - Setting next_dagrun for tutorial_objectstorage to None, run_after=None
[2026-03-23T03:46:29.559+0000] {processor.py:183} INFO - Processing /home/airflow/.local/lib/python3.8/site-packages/airflow/example_dags/tutorial_objectstorage.py took 0.066 seconds
[2026-03-23T03:46:59.973+0000] {processor.py:161} INFO - Started process (PID=1140) to work on /home/airflow/.local/lib/python3.8/site-packages/airflow/example_dags/tutorial_objectstorage.py
[2026-03-23T03:46:59.974+0000] {processor.py:830} INFO - Processing file /home/airflow/.local/lib/python3.8/site-packages/airflow/example_dags/tutorial_objectstorage.py for tasks to queue
[2026-03-23T03:46:59.975+0000] {logging_mixin.py:188} INFO - [2026-03-23T03:46:59.975+0000] {dagbag.py:540} INFO - Filling up the DagBag from /home/airflow/.local/lib/python3.8/site-packages/airflow/example_dags/tutorial_objectstorage.py
[2026-03-23T03:46:59.981+0000] {processor.py:840} INFO - DAG(s) 'tutorial_objectstorage' retrieved from /home/airflow/.local/lib/python3.8/site-packages/airflow/example_dags/tutorial_objectstorage.py
[2026-03-23T03:47:00.000+0000] {logging_mixin.py:188} INFO - [2026-03-23T03:47:00.000+0000] {dag.py:3047} INFO - Sync 1 DAGs
[2026-03-23T03:47:00.013+0000] {logging_mixin.py:188} INFO - [2026-03-23T03:47:00.013+0000] {dag.py:3834} INFO - Setting next_dagrun for tutorial_objectstorage to None, run_after=None
[2026-03-23T03:47:00.035+0000] {processor.py:183} INFO - Processing /home/airflow/.local/lib/python3.8/site-packages/airflow/example_dags/tutorial_objectstorage.py took 0.065 seconds
[2026-03-23T03:47:30.202+0000] {processor.py:161} INFO - Started process (PID=1195) to work on /home/airflow/.local/lib/python3.8/site-packages/airflow/example_dags/tutorial_objectstorage.py
[2026-03-23T03:47:30.203+0000] {processor.py:830} INFO - Processing file /home/airflow/.local/lib/python3.8/site-packages/airflow/example_dags/tutorial_objectstorage.py for tasks to queue
[2026-03-23T03:47:30.206+0000] {logging_mixin.py:188} INFO - [2026-03-23T03:47:30.205+0000] {dagbag.py:540} INFO - Filling up the DagBag from /home/airflow/.local/lib/python3.8/site-packages/airflow/example_dags/tutorial_objectstorage.py
[2026-03-23T03:47:30.212+0000] {processor.py:840} INFO - DAG(s) 'tutorial_objectstorage' retrieved from /home/airflow/.local/lib/python3.8/site-packages/airflow/example_dags/tutorial_objectstorage.py
[2026-03-23T03:47:30.230+0000] {logging_mixin.py:188} INFO - [2026-03-23T03:47:30.230+0000] {dag.py:3047} INFO - Sync 1 DAGs
[2026-03-23T03:47:30.242+0000] {logging_mixin.py:188} INFO - [2026-03-23T03:47:30.242+0000] {dag.py:3834} INFO - Setting next_dagrun for tutorial_objectstorage to None, run_after=None
[2026-03-23T03:47:30.263+0000] {processor.py:183} INFO - Processing /home/airflow/.local/lib/python3.8/site-packages/airflow/example_dags/tutorial_objectstorage.py took 0.064 seconds
[2026-03-23T03:48:00.475+0000] {processor.py:161} INFO - Started process (PID=1250) to work on /home/airflow/.local/lib/python3.8/site-packages/airflow/example_dags/tutorial_objectstorage.py
[2026-03-23T03:48:00.477+0000] {processor.py:830} INFO - Processing file /home/airflow/.local/lib/python3.8/site-packages/airflow/example_dags/tutorial_objectstorage.py for tasks to queue
[2026-03-23T03:48:00.479+0000] {logging_mixin.py:188} INFO - [2026-03-23T03:48:00.478+0000] {dagbag.py:540} INFO - Filling up the DagBag from /home/airflow/.local/lib/python3.8/site-packages/airflow/example_dags/tutorial_objectstorage.py
[2026-03-23T03:48:00.485+0000] {processor.py:840} INFO - DAG(s) 'tutorial_objectstorage' retrieved from /home/airflow/.local/lib/python3.8/site-packages/airflow/example_dags/tutorial_objectstorage.py
[2026-03-23T03:48:00.506+0000] {logging_mixin.py:188} INFO - [2026-03-23T03:48:00.506+0000] {dag.py:3047} INFO - Sync 1 DAGs
[2026-03-23T03:48:00.520+0000] {logging_mixin.py:188} INFO - [2026-03-23T03:48:00.520+0000] {dag.py:3834} INFO - Setting next_dagrun for tutorial_objectstorage to None, run_after=None
[2026-03-23T03:48:00.545+0000] {processor.py:183} INFO - Processing /home/airflow/.local/lib/python3.8/site-packages/airflow/example_dags/tutorial_objectstorage.py took 0.073 seconds
[2026-03-23T03:48:31.101+0000] {processor.py:161} INFO - Started process (PID=1305) to work on /home/airflow/.local/lib/python3.8/site-packages/airflow/example_dags/tutorial_objectstorage.py
[2026-03-23T03:48:31.102+0000] {processor.py:830} INFO - Processing file /home/airflow/.local/lib/python3.8/site-packages/airflow/example_dags/tutorial_objectstorage.py for tasks to queue
[2026-03-23T03:48:31.105+0000] {logging_mixin.py:188} INFO - [2026-03-23T03:48:31.104+0000] {dagbag.py:540} INFO - Filling up the DagBag from /home/airflow/.local/lib/python3.8/site-packages/airflow/example_dags/tutorial_objectstorage.py
[2026-03-23T03:48:31.111+0000] {processor.py:840} INFO - DAG(s) 'tutorial_objectstorage' retrieved from /home/airflow/.local/lib/python3.8/site-packages/airflow/example_dags/tutorial_objectstorage.py
[2026-03-23T03:48:31.135+0000] {logging_mixin.py:188} INFO - [2026-03-23T03:48:31.135+0000] {dag.py:3047} INFO - Sync 1 DAGs
[2026-03-23T03:48:31.149+0000] {logging_mixin.py:188} INFO - [2026-03-23T03:48:31.149+0000] {dag.py:3834} INFO - Setting next_dagrun for tutorial_objectstorage to None, run_after=None
[2026-03-23T03:48:31.174+0000] {processor.py:183} INFO - Processing /home/airflow/.local/lib/python3.8/site-packages/airflow/example_dags/tutorial_objectstorage.py took 0.076 seconds
[2026-03-23T03:49:01.564+0000] {processor.py:161} INFO - Started process (PID=1360) to work on /home/airflow/.local/lib/python3.8/site-packages/airflow/example_dags/tutorial_objectstorage.py
[2026-03-23T03:49:01.566+0000] {processor.py:830} INFO - Processing file /home/airflow/.local/lib/python3.8/site-packages/airflow/example_dags/tutorial_objectstorage.py for tasks to queue
[2026-03-23T03:49:01.569+0000] {logging_mixin.py:188} INFO - [2026-03-23T03:49:01.568+0000] {dagbag.py:540} INFO - Filling up the DagBag from /home/airflow/.local/lib/python3.8/site-packages/airflow/example_dags/tutorial_objectstorage.py
[2026-03-23T03:49:01.576+0000] {processor.py:840} INFO - DAG(s) 'tutorial_objectstorage' retrieved from /home/airflow/.local/lib/python3.8/site-packages/airflow/example_dags/tutorial_objectstorage.py
[2026-03-23T03:49:01.600+0000] {logging_mixin.py:188} INFO - [2026-03-23T03:49:01.600+0000] {dag.py:3047} INFO - Sync 1 DAGs
[2026-03-23T03:49:01.615+0000] {logging_mixin.py:188} INFO - [2026-03-23T03:49:01.615+0000] {dag.py:3834} INFO - Setting next_dagrun for tutorial_objectstorage to None, run_after=None
[2026-03-23T03:49:01.644+0000] {processor.py:183} INFO - Processing /home/airflow/.local/lib/python3.8/site-packages/airflow/example_dags/tutorial_objectstorage.py took 0.084 seconds
[2026-03-23T03:49:31.712+0000] {processor.py:161} INFO - Started process (PID=1415) to work on /home/airflow/.local/lib/python3.8/site-packages/airflow/example_dags/tutorial_objectstorage.py
[2026-03-23T03:49:31.713+0000] {processor.py:830} INFO - Processing file /home/airflow/.local/lib/python3.8/site-packages/airflow/example_dags/tutorial_objectstorage.py for tasks to queue
[2026-03-23T03:49:31.715+0000] {logging_mixin.py:188} INFO - [2026-03-23T03:49:31.715+0000] {dagbag.py:540} INFO - Filling up the DagBag from /home/airflow/.local/lib/python3.8/site-packages/airflow/example_dags/tutorial_objectstorage.py
[2026-03-23T03:49:31.722+0000] {processor.py:840} INFO - DAG(s) 'tutorial_objectstorage' retrieved from /home/airflow/.local/lib/python3.8/site-packages/airflow/example_dags/tutorial_objectstorage.py
[2026-03-23T03:49:31.742+0000] {logging_mixin.py:188} INFO - [2026-03-23T03:49:31.742+0000] {dag.py:3047} INFO - Sync 1 DAGs
[2026-03-23T03:49:31.755+0000] {logging_mixin.py:188} INFO - [2026-03-23T03:49:31.754+0000] {dag.py:3834} INFO - Setting next_dagrun for tutorial_objectstorage to None, run_after=None
[2026-03-23T03:49:31.776+0000] {processor.py:183} INFO - Processing /home/airflow/.local/lib/python3.8/site-packages/airflow/example_dags/tutorial_objectstorage.py took 0.067 seconds
[2026-03-23T03:50:48.915+0000] {processor.py:161} INFO - Started process (PID=96) to work on /home/airflow/.local/lib/python3.8/site-packages/airflow/example_dags/tutorial_objectstorage.py
[2026-03-23T03:50:48.917+0000] {processor.py:830} INFO - Processing file /home/airflow/.local/lib/python3.8/site-packages/airflow/example_dags/tutorial_objectstorage.py for tasks to queue
[2026-03-23T03:50:48.919+0000] {logging_mixin.py:188} INFO - [2026-03-23T03:50:48.919+0000] {dagbag.py:540} INFO - Filling up the DagBag from /home/airflow/.local/lib/python3.8/site-packages/airflow/example_dags/tutorial_objectstorage.py
[2026-03-23T03:50:48.930+0000] {processor.py:840} INFO - DAG(s) 'tutorial_objectstorage' retrieved from /home/airflow/.local/lib/python3.8/site-packages/airflow/example_dags/tutorial_objectstorage.py
[2026-03-23T03:50:48.949+0000] {logging_mixin.py:188} INFO - [2026-03-23T03:50:48.949+0000] {dag.py:3047} INFO - Sync 1 DAGs
[2026-03-23T03:50:48.972+0000] {logging_mixin.py:188} INFO - [2026-03-23T03:50:48.972+0000] {dag.py:3834} INFO - Setting next_dagrun for tutorial_objectstorage to None, run_after=None
[2026-03-23T03:50:49.007+0000] {processor.py:183} INFO - Processing /home/airflow/.local/lib/python3.8/site-packages/airflow/example_dags/tutorial_objectstorage.py took 0.099 seconds
[2026-03-23T03:51:20.653+0000] {processor.py:161} INFO - Started process (PID=151) to work on /home/airflow/.local/lib/python3.8/site-packages/airflow/example_dags/tutorial_objectstorage.py
[2026-03-23T03:51:20.654+0000] {processor.py:830} INFO - Processing file /home/airflow/.local/lib/python3.8/site-packages/airflow/example_dags/tutorial_objectstorage.py for tasks to queue
[2026-03-23T03:51:20.656+0000] {logging_mixin.py:188} INFO - [2026-03-23T03:51:20.656+0000] {dagbag.py:540} INFO - Filling up the DagBag from /home/airflow/.local/lib/python3.8/site-packages/airflow/example_dags/tutorial_objectstorage.py
[2026-03-23T03:51:20.666+0000] {processor.py:840} INFO - DAG(s) 'tutorial_objectstorage' retrieved from /home/airflow/.local/lib/python3.8/site-packages/airflow/example_dags/tutorial_objectstorage.py
[2026-03-23T03:51:20.794+0000] {logging_mixin.py:188} INFO - [2026-03-23T03:51:20.793+0000] {dag.py:3047} INFO - Sync 1 DAGs
[2026-03-23T03:51:20.807+0000] {logging_mixin.py:188} INFO - [2026-03-23T03:51:20.807+0000] {dag.py:3834} INFO - Setting next_dagrun for tutorial_objectstorage to None, run_after=None
[2026-03-23T03:51:20.838+0000] {processor.py:183} INFO - Processing /home/airflow/.local/lib/python3.8/site-packages/airflow/example_dags/tutorial_objectstorage.py took 0.188 seconds
[2026-03-23T03:51:51.477+0000] {processor.py:161} INFO - Started process (PID=206) to work on /home/airflow/.local/lib/python3.8/site-packages/airflow/example_dags/tutorial_objectstorage.py
[2026-03-23T03:51:51.478+0000] {processor.py:830} INFO - Processing file /home/airflow/.local/lib/python3.8/site-packages/airflow/example_dags/tutorial_objectstorage.py for tasks to queue
[2026-03-23T03:51:51.481+0000] {logging_mixin.py:188} INFO - [2026-03-23T03:51:51.481+0000] {dagbag.py:540} INFO - Filling up the DagBag from /home/airflow/.local/lib/python3.8/site-packages/airflow/example_dags/tutorial_objectstorage.py
[2026-03-23T03:51:51.489+0000] {processor.py:840} INFO - DAG(s) 'tutorial_objectstorage' retrieved from /home/airflow/.local/lib/python3.8/site-packages/airflow/example_dags/tutorial_objectstorage.py
[2026-03-23T03:51:51.510+0000] {logging_mixin.py:188} INFO - [2026-03-23T03:51:51.510+0000] {dag.py:3047} INFO - Sync 1 DAGs
[2026-03-23T03:51:51.526+0000] {logging_mixin.py:188} INFO - [2026-03-23T03:51:51.526+0000] {dag.py:3834} INFO - Setting next_dagrun for tutorial_objectstorage to None, run_after=None
[2026-03-23T03:51:51.550+0000] {processor.py:183} INFO - Processing /home/airflow/.local/lib/python3.8/site-packages/airflow/example_dags/tutorial_objectstorage.py took 0.076 seconds
[2026-03-23T03:52:21.662+0000] {processor.py:161} INFO - Started process (PID=261) to work on /home/airflow/.local/lib/python3.8/site-packages/airflow/example_dags/tutorial_objectstorage.py
[2026-03-23T03:52:21.663+0000] {processor.py:830} INFO - Processing file /home/airflow/.local/lib/python3.8/site-packages/airflow/example_dags/tutorial_objectstorage.py for tasks to queue
[2026-03-23T03:52:21.665+0000] {logging_mixin.py:188} INFO - [2026-03-23T03:52:21.665+0000] {dagbag.py:540} INFO - Filling up the DagBag from /home/airflow/.local/lib/python3.8/site-packages/airflow/example_dags/tutorial_objectstorage.py
[2026-03-23T03:52:21.673+0000] {processor.py:840} INFO - DAG(s) 'tutorial_objectstorage' retrieved from /home/airflow/.local/lib/python3.8/site-packages/airflow/example_dags/tutorial_objectstorage.py
[2026-03-23T03:52:21.697+0000] {logging_mixin.py:188} INFO - [2026-03-23T03:52:21.696+0000] {dag.py:3047} INFO - Sync 1 DAGs
[2026-03-23T03:52:21.713+0000] {logging_mixin.py:188} INFO - [2026-03-23T03:52:21.713+0000] {dag.py:3834} INFO - Setting next_dagrun for tutorial_objectstorage to None, run_after=None
[2026-03-23T03:52:21.738+0000] {processor.py:183} INFO - Processing /home/airflow/.local/lib/python3.8/site-packages/airflow/example_dags/tutorial_objectstorage.py took 0.080 seconds
[2026-03-23T03:52:52.645+0000] {processor.py:161} INFO - Started process (PID=316) to work on /home/airflow/.local/lib/python3.8/site-packages/airflow/example_dags/tutorial_objectstorage.py
[2026-03-23T03:52:52.647+0000] {processor.py:830} INFO - Processing file /home/airflow/.local/lib/python3.8/site-packages/airflow/example_dags/tutorial_objectstorage.py for tasks to queue
[2026-03-23T03:52:52.649+0000] {logging_mixin.py:188} INFO - [2026-03-23T03:52:52.649+0000] {dagbag.py:540} INFO - Filling up the DagBag from /home/airflow/.local/lib/python3.8/site-packages/airflow/example_dags/tutorial_objectstorage.py
[2026-03-23T03:52:52.658+0000] {processor.py:840} INFO - DAG(s) 'tutorial_objectstorage' retrieved from /home/airflow/.local/lib/python3.8/site-packages/airflow/example_dags/tutorial_objectstorage.py
[2026-03-23T03:52:52.683+0000] {logging_mixin.py:188} INFO - [2026-03-23T03:52:52.682+0000] {dag.py:3047} INFO - Sync 1 DAGs
[2026-03-23T03:52:52.699+0000] {logging_mixin.py:188} INFO - [2026-03-23T03:52:52.699+0000] {dag.py:3834} INFO - Setting next_dagrun for tutorial_objectstorage to None, run_after=None
[2026-03-23T03:52:52.727+0000] {processor.py:183} INFO - Processing /home/airflow/.local/lib/python3.8/site-packages/airflow/example_dags/tutorial_objectstorage.py took 0.085 seconds
[2026-03-23T03:53:23.408+0000] {processor.py:161} INFO - Started process (PID=371) to work on /home/airflow/.local/lib/python3.8/site-packages/airflow/example_dags/tutorial_objectstorage.py
[2026-03-23T03:53:23.409+0000] {processor.py:830} INFO - Processing file /home/airflow/.local/lib/python3.8/site-packages/airflow/example_dags/tutorial_objectstorage.py for tasks to queue
[2026-03-23T03:53:23.411+0000] {logging_mixin.py:188} INFO - [2026-03-23T03:53:23.411+0000] {dagbag.py:540} INFO - Filling up the DagBag from /home/airflow/.local/lib/python3.8/site-packages/airflow/example_dags/tutorial_objectstorage.py
[2026-03-23T03:53:23.417+0000] {processor.py:840} INFO - DAG(s) 'tutorial_objectstorage' retrieved from /home/airflow/.local/lib/python3.8/site-packages/airflow/example_dags/tutorial_objectstorage.py
[2026-03-23T03:53:23.436+0000] {logging_mixin.py:188} INFO - [2026-03-23T03:53:23.436+0000] {dag.py:3047} INFO - Sync 1 DAGs
[2026-03-23T03:53:23.448+0000] {logging_mixin.py:188} INFO - [2026-03-23T03:53:23.448+0000] {dag.py:3834} INFO - Setting next_dagrun for tutorial_objectstorage to None, run_after=None
[2026-03-23T03:53:23.473+0000] {processor.py:183} INFO - Processing /home/airflow/.local/lib/python3.8/site-packages/airflow/example_dags/tutorial_objectstorage.py took 0.068 seconds
[2026-03-23T03:53:53.680+0000] {processor.py:161} INFO - Started process (PID=426) to work on /home/airflow/.local/lib/python3.8/site-packages/airflow/example_dags/tutorial_objectstorage.py
[2026-03-23T03:53:53.681+0000] {processor.py:830} INFO - Processing file /home/airflow/.local/lib/python3.8/site-packages/airflow/example_dags/tutorial_objectstorage.py for tasks to queue
[2026-03-23T03:53:53.683+0000] {logging_mixin.py:188} INFO - [2026-03-23T03:53:53.683+0000] {dagbag.py:540} INFO - Filling up the DagBag from /home/airflow/.local/lib/python3.8/site-packages/airflow/example_dags/tutorial_objectstorage.py
[2026-03-23T03:53:53.689+0000] {processor.py:840} INFO - DAG(s) 'tutorial_objectstorage' retrieved from /home/airflow/.local/lib/python3.8/site-packages/airflow/example_dags/tutorial_objectstorage.py
[2026-03-23T03:53:53.709+0000] {logging_mixin.py:188} INFO - [2026-03-23T03:53:53.708+0000] {dag.py:3047} INFO - Sync 1 DAGs
[2026-03-23T03:53:53.721+0000] {logging_mixin.py:188} INFO - [2026-03-23T03:53:53.721+0000] {dag.py:3834} INFO - Setting next_dagrun for tutorial_objectstorage to None, run_after=None
[2026-03-23T03:53:53.745+0000] {processor.py:183} INFO - Processing /home/airflow/.local/lib/python3.8/site-packages/airflow/example_dags/tutorial_objectstorage.py took 0.068 seconds
[2026-03-23T03:54:23.898+0000] {processor.py:161} INFO - Started process (PID=480) to work on /home/airflow/.local/lib/python3.8/site-packages/airflow/example_dags/tutorial_objectstorage.py
[2026-03-23T03:54:23.900+0000] {processor.py:830} INFO - Processing file /home/airflow/.local/lib/python3.8/site-packages/airflow/example_dags/tutorial_objectstorage.py for tasks to queue
[2026-03-23T03:54:23.902+0000] {logging_mixin.py:188} INFO - [2026-03-23T03:54:23.901+0000] {dagbag.py:540} INFO - Filling up the DagBag from /home/airflow/.local/lib/python3.8/site-packages/airflow/example_dags/tutorial_objectstorage.py
[2026-03-23T03:54:23.908+0000] {processor.py:840} INFO - DAG(s) 'tutorial_objectstorage' retrieved from /home/airflow/.local/lib/python3.8/site-packages/airflow/example_dags/tutorial_objectstorage.py
[2026-03-23T03:54:23.929+0000] {logging_mixin.py:188} INFO - [2026-03-23T03:54:23.929+0000] {dag.py:3047} INFO - Sync 1 DAGs
[2026-03-23T03:54:23.942+0000] {logging_mixin.py:188} INFO - [2026-03-23T03:54:23.941+0000] {dag.py:3834} INFO - Setting next_dagrun for tutorial_objectstorage to None, run_after=None
[2026-03-23T03:54:23.974+0000] {processor.py:183} INFO - Processing /home/airflow/.local/lib/python3.8/site-packages/airflow/example_dags/tutorial_objectstorage.py took 0.079 seconds
[2026-03-23T03:54:54.427+0000] {processor.py:161} INFO - Started process (PID=535) to work on /home/airflow/.local/lib/python3.8/site-packages/airflow/example_dags/tutorial_objectstorage.py
[2026-03-23T03:54:54.428+0000] {processor.py:830} INFO - Processing file /home/airflow/.local/lib/python3.8/site-packages/airflow/example_dags/tutorial_objectstorage.py for tasks to queue
[2026-03-23T03:54:54.430+0000] {logging_mixin.py:188} INFO - [2026-03-23T03:54:54.430+0000] {dagbag.py:540} INFO - Filling up the DagBag from /home/airflow/.local/lib/python3.8/site-packages/airflow/example_dags/tutorial_objectstorage.py
[2026-03-23T03:54:54.436+0000] {processor.py:840} INFO - DAG(s) 'tutorial_objectstorage' retrieved from /home/airflow/.local/lib/python3.8/site-packages/airflow/example_dags/tutorial_objectstorage.py
[2026-03-23T03:54:54.455+0000] {logging_mixin.py:188} INFO - [2026-03-23T03:54:54.455+0000] {dag.py:3047} INFO - Sync 1 DAGs
[2026-03-23T03:54:54.467+0000] {logging_mixin.py:188} INFO - [2026-03-23T03:54:54.467+0000] {dag.py:3834} INFO - Setting next_dagrun for tutorial_objectstorage to None, run_after=None
[2026-03-23T03:54:54.488+0000] {processor.py:183} INFO - Processing /home/airflow/.local/lib/python3.8/site-packages/airflow/example_dags/tutorial_objectstorage.py took 0.064 seconds
[2026-03-23T03:55:24.574+0000] {processor.py:161} INFO - Started process (PID=590) to work on /home/airflow/.local/lib/python3.8/site-packages/airflow/example_dags/tutorial_objectstorage.py
[2026-03-23T03:55:24.575+0000] {processor.py:830} INFO - Processing file /home/airflow/.local/lib/python3.8/site-packages/airflow/example_dags/tutorial_objectstorage.py for tasks to queue
[2026-03-23T03:55:24.577+0000] {logging_mixin.py:188} INFO - [2026-03-23T03:55:24.577+0000] {dagbag.py:540} INFO - Filling up the DagBag from /home/airflow/.local/lib/python3.8/site-packages/airflow/example_dags/tutorial_objectstorage.py
[2026-03-23T03:55:24.583+0000] {processor.py:840} INFO - DAG(s) 'tutorial_objectstorage' retrieved from /home/airflow/.local/lib/python3.8/site-packages/airflow/example_dags/tutorial_objectstorage.py
[2026-03-23T03:55:24.600+0000] {logging_mixin.py:188} INFO - [2026-03-23T03:55:24.600+0000] {dag.py:3047} INFO - Sync 1 DAGs
[2026-03-23T03:55:24.611+0000] {logging_mixin.py:188} INFO - [2026-03-23T03:55:24.611+0000] {dag.py:3834} INFO - Setting next_dagrun for tutorial_objectstorage to None, run_after=None
[2026-03-23T03:55:24.630+0000] {processor.py:183} INFO - Processing /home/airflow/.local/lib/python3.8/site-packages/airflow/example_dags/tutorial_objectstorage.py took 0.058 seconds
[2026-03-23T03:55:54.875+0000] {processor.py:161} INFO - Started process (PID=645) to work on /home/airflow/.local/lib/python3.8/site-packages/airflow/example_dags/tutorial_objectstorage.py
[2026-03-23T03:55:54.876+0000] {processor.py:830} INFO - Processing file /home/airflow/.local/lib/python3.8/site-packages/airflow/example_dags/tutorial_objectstorage.py for tasks to queue
[2026-03-23T03:55:54.878+0000] {logging_mixin.py:188} INFO - [2026-03-23T03:55:54.878+0000] {dagbag.py:540} INFO - Filling up the DagBag from /home/airflow/.local/lib/python3.8/site-packages/airflow/example_dags/tutorial_objectstorage.py
[2026-03-23T03:55:54.883+0000] {processor.py:840} INFO - DAG(s) 'tutorial_objectstorage' retrieved from /home/airflow/.local/lib/python3.8/site-packages/airflow/example_dags/tutorial_objectstorage.py
[2026-03-23T03:55:54.902+0000] {logging_mixin.py:188} INFO - [2026-03-23T03:55:54.902+0000] {dag.py:3047} INFO - Sync 1 DAGs
[2026-03-23T03:55:54.914+0000] {logging_mixin.py:188} INFO - [2026-03-23T03:55:54.913+0000] {dag.py:3834} INFO - Setting next_dagrun for tutorial_objectstorage to None, run_after=None
[2026-03-23T03:55:54.936+0000] {processor.py:183} INFO - Processing /home/airflow/.local/lib/python3.8/site-packages/airflow/example_dags/tutorial_objectstorage.py took 0.064 seconds
[2026-03-23T03:56:25.176+0000] {processor.py:161} INFO - Started process (PID=700) to work on /home/airflow/.local/lib/python3.8/site-packages/airflow/example_dags/tutorial_objectstorage.py
[2026-03-23T03:56:25.177+0000] {processor.py:830} INFO - Processing file /home/airflow/.local/lib/python3.8/site-packages/airflow/example_dags/tutorial_objectstorage.py for tasks to queue
[2026-03-23T03:56:25.179+0000] {logging_mixin.py:188} INFO - [2026-03-23T03:56:25.178+0000] {dagbag.py:540} INFO - Filling up the DagBag from /home/airflow/.local/lib/python3.8/site-packages/airflow/example_dags/tutorial_objectstorage.py
[2026-03-23T03:56:25.184+0000] {processor.py:840} INFO - DAG(s) 'tutorial_objectstorage' retrieved from /home/airflow/.local/lib/python3.8/site-packages/airflow/example_dags/tutorial_objectstorage.py
[2026-03-23T03:56:25.201+0000] {logging_mixin.py:188} INFO - [2026-03-23T03:56:25.201+0000] {dag.py:3047} INFO - Sync 1 DAGs
[2026-03-23T03:56:25.211+0000] {logging_mixin.py:188} INFO - [2026-03-23T03:56:25.211+0000] {dag.py:3834} INFO - Setting next_dagrun for tutorial_objectstorage to None, run_after=None
[2026-03-23T03:56:25.232+0000] {processor.py:183} INFO - Processing /home/airflow/.local/lib/python3.8/site-packages/airflow/example_dags/tutorial_objectstorage.py took 0.059 seconds
