[2026-03-23T03:21:16.477+0000] {processor.py:161} INFO - Started process (PID=100) to work on /home/airflow/.local/lib/python3.8/site-packages/airflow/example_dags/tutorial.py
[2026-03-23T03:21:16.478+0000] {processor.py:830} INFO - Processing file /home/airflow/.local/lib/python3.8/site-packages/airflow/example_dags/tutorial.py for tasks to queue
[2026-03-23T03:21:16.480+0000] {logging_mixin.py:188} INFO - [2026-03-23T03:21:16.480+0000] {dagbag.py:540} INFO - Filling up the DagBag from /home/airflow/.local/lib/python3.8/site-packages/airflow/example_dags/tutorial.py
[2026-03-23T03:21:16.488+0000] {processor.py:840} INFO - DAG(s) 'tutorial' retrieved from /home/airflow/.local/lib/python3.8/site-packages/airflow/example_dags/tutorial.py
[2026-03-23T03:21:16.500+0000] {logging_mixin.py:188} INFO - [2026-03-23T03:21:16.500+0000] {dag.py:3047} INFO - Sync 1 DAGs
[2026-03-23T03:21:16.526+0000] {logging_mixin.py:188} INFO - [2026-03-23T03:21:16.526+0000] {dag.py:3834} INFO - Setting next_dagrun for tutorial to 2026-03-22 00:00:00+00:00, run_after=2026-03-23 00:00:00+00:00
[2026-03-23T03:21:16.556+0000] {processor.py:183} INFO - Processing /home/airflow/.local/lib/python3.8/site-packages/airflow/example_dags/tutorial.py took 0.082 seconds
[2026-03-23T03:21:47.219+0000] {processor.py:161} INFO - Started process (PID=161) to work on /home/airflow/.local/lib/python3.8/site-packages/airflow/example_dags/tutorial.py
[2026-03-23T03:21:47.220+0000] {processor.py:830} INFO - Processing file /home/airflow/.local/lib/python3.8/site-packages/airflow/example_dags/tutorial.py for tasks to queue
[2026-03-23T03:21:47.222+0000] {logging_mixin.py:188} INFO - [2026-03-23T03:21:47.221+0000] {dagbag.py:540} INFO - Filling up the DagBag from /home/airflow/.local/lib/python3.8/site-packages/airflow/example_dags/tutorial.py
[2026-03-23T03:21:47.227+0000] {processor.py:840} INFO - DAG(s) 'tutorial' retrieved from /home/airflow/.local/lib/python3.8/site-packages/airflow/example_dags/tutorial.py
[2026-03-23T03:21:47.239+0000] {logging_mixin.py:188} INFO - [2026-03-23T03:21:47.239+0000] {dag.py:3047} INFO - Sync 1 DAGs
[2026-03-23T03:21:47.262+0000] {logging_mixin.py:188} INFO - [2026-03-23T03:21:47.262+0000] {dag.py:3834} INFO - Setting next_dagrun for tutorial to 2026-03-22 00:00:00+00:00, run_after=2026-03-23 00:00:00+00:00
[2026-03-23T03:21:47.283+0000] {processor.py:183} INFO - Processing /home/airflow/.local/lib/python3.8/site-packages/airflow/example_dags/tutorial.py took 0.067 seconds
[2026-03-23T03:22:18.826+0000] {processor.py:161} INFO - Started process (PID=216) to work on /home/airflow/.local/lib/python3.8/site-packages/airflow/example_dags/tutorial.py
[2026-03-23T03:22:18.827+0000] {processor.py:830} INFO - Processing file /home/airflow/.local/lib/python3.8/site-packages/airflow/example_dags/tutorial.py for tasks to queue
[2026-03-23T03:22:18.829+0000] {logging_mixin.py:188} INFO - [2026-03-23T03:22:18.828+0000] {dagbag.py:540} INFO - Filling up the DagBag from /home/airflow/.local/lib/python3.8/site-packages/airflow/example_dags/tutorial.py
[2026-03-23T03:22:18.835+0000] {processor.py:840} INFO - DAG(s) 'tutorial' retrieved from /home/airflow/.local/lib/python3.8/site-packages/airflow/example_dags/tutorial.py
[2026-03-23T03:22:18.931+0000] {logging_mixin.py:188} INFO - [2026-03-23T03:22:18.930+0000] {dag.py:3047} INFO - Sync 1 DAGs
[2026-03-23T03:22:18.950+0000] {logging_mixin.py:188} INFO - [2026-03-23T03:22:18.950+0000] {dag.py:3834} INFO - Setting next_dagrun for tutorial to 2026-03-22 00:00:00+00:00, run_after=2026-03-23 00:00:00+00:00
[2026-03-23T03:22:18.972+0000] {processor.py:183} INFO - Processing /home/airflow/.local/lib/python3.8/site-packages/airflow/example_dags/tutorial.py took 0.149 seconds
[2026-03-23T03:22:49.065+0000] {processor.py:161} INFO - Started process (PID=271) to work on /home/airflow/.local/lib/python3.8/site-packages/airflow/example_dags/tutorial.py
[2026-03-23T03:22:49.066+0000] {processor.py:830} INFO - Processing file /home/airflow/.local/lib/python3.8/site-packages/airflow/example_dags/tutorial.py for tasks to queue
[2026-03-23T03:22:49.067+0000] {logging_mixin.py:188} INFO - [2026-03-23T03:22:49.067+0000] {dagbag.py:540} INFO - Filling up the DagBag from /home/airflow/.local/lib/python3.8/site-packages/airflow/example_dags/tutorial.py
[2026-03-23T03:22:49.072+0000] {processor.py:840} INFO - DAG(s) 'tutorial' retrieved from /home/airflow/.local/lib/python3.8/site-packages/airflow/example_dags/tutorial.py
[2026-03-23T03:22:49.091+0000] {logging_mixin.py:188} INFO - [2026-03-23T03:22:49.091+0000] {dag.py:3047} INFO - Sync 1 DAGs
[2026-03-23T03:22:49.114+0000] {logging_mixin.py:188} INFO - [2026-03-23T03:22:49.113+0000] {dag.py:3834} INFO - Setting next_dagrun for tutorial to 2026-03-22 00:00:00+00:00, run_after=2026-03-23 00:00:00+00:00
[2026-03-23T03:22:49.139+0000] {processor.py:183} INFO - Processing /home/airflow/.local/lib/python3.8/site-packages/airflow/example_dags/tutorial.py took 0.077 seconds
[2026-03-23T03:23:20.096+0000] {processor.py:161} INFO - Started process (PID=326) to work on /home/airflow/.local/lib/python3.8/site-packages/airflow/example_dags/tutorial.py
[2026-03-23T03:23:20.097+0000] {processor.py:830} INFO - Processing file /home/airflow/.local/lib/python3.8/site-packages/airflow/example_dags/tutorial.py for tasks to queue
[2026-03-23T03:23:20.098+0000] {logging_mixin.py:188} INFO - [2026-03-23T03:23:20.098+0000] {dagbag.py:540} INFO - Filling up the DagBag from /home/airflow/.local/lib/python3.8/site-packages/airflow/example_dags/tutorial.py
[2026-03-23T03:23:20.103+0000] {processor.py:840} INFO - DAG(s) 'tutorial' retrieved from /home/airflow/.local/lib/python3.8/site-packages/airflow/example_dags/tutorial.py
[2026-03-23T03:23:20.121+0000] {logging_mixin.py:188} INFO - [2026-03-23T03:23:20.121+0000] {dag.py:3047} INFO - Sync 1 DAGs
[2026-03-23T03:23:20.142+0000] {logging_mixin.py:188} INFO - [2026-03-23T03:23:20.142+0000] {dag.py:3834} INFO - Setting next_dagrun for tutorial to 2026-03-22 00:00:00+00:00, run_after=2026-03-23 00:00:00+00:00
[2026-03-23T03:23:20.161+0000] {processor.py:183} INFO - Processing /home/airflow/.local/lib/python3.8/site-packages/airflow/example_dags/tutorial.py took 0.068 seconds
[2026-03-23T03:25:10.818+0000] {processor.py:161} INFO - Started process (PID=100) to work on /home/airflow/.local/lib/python3.8/site-packages/airflow/example_dags/tutorial.py
[2026-03-23T03:25:10.820+0000] {processor.py:830} INFO - Processing file /home/airflow/.local/lib/python3.8/site-packages/airflow/example_dags/tutorial.py for tasks to queue
[2026-03-23T03:25:10.823+0000] {logging_mixin.py:188} INFO - [2026-03-23T03:25:10.822+0000] {dagbag.py:540} INFO - Filling up the DagBag from /home/airflow/.local/lib/python3.8/site-packages/airflow/example_dags/tutorial.py
[2026-03-23T03:25:10.835+0000] {processor.py:840} INFO - DAG(s) 'tutorial' retrieved from /home/airflow/.local/lib/python3.8/site-packages/airflow/example_dags/tutorial.py
[2026-03-23T03:25:10.860+0000] {logging_mixin.py:188} INFO - [2026-03-23T03:25:10.859+0000] {dag.py:3047} INFO - Sync 1 DAGs
[2026-03-23T03:25:10.900+0000] {logging_mixin.py:188} INFO - [2026-03-23T03:25:10.900+0000] {dag.py:3834} INFO - Setting next_dagrun for tutorial to 2026-03-22 00:00:00+00:00, run_after=2026-03-23 00:00:00+00:00
[2026-03-23T03:25:10.934+0000] {processor.py:183} INFO - Processing /home/airflow/.local/lib/python3.8/site-packages/airflow/example_dags/tutorial.py took 0.120 seconds
[2026-03-23T03:25:43.184+0000] {processor.py:161} INFO - Started process (PID=161) to work on /home/airflow/.local/lib/python3.8/site-packages/airflow/example_dags/tutorial.py
[2026-03-23T03:25:43.185+0000] {processor.py:830} INFO - Processing file /home/airflow/.local/lib/python3.8/site-packages/airflow/example_dags/tutorial.py for tasks to queue
[2026-03-23T03:25:43.188+0000] {logging_mixin.py:188} INFO - [2026-03-23T03:25:43.187+0000] {dagbag.py:540} INFO - Filling up the DagBag from /home/airflow/.local/lib/python3.8/site-packages/airflow/example_dags/tutorial.py
[2026-03-23T03:25:43.194+0000] {processor.py:840} INFO - DAG(s) 'tutorial' retrieved from /home/airflow/.local/lib/python3.8/site-packages/airflow/example_dags/tutorial.py
[2026-03-23T03:25:43.317+0000] {logging_mixin.py:188} INFO - [2026-03-23T03:25:43.316+0000] {dag.py:3047} INFO - Sync 1 DAGs
[2026-03-23T03:25:43.341+0000] {logging_mixin.py:188} INFO - [2026-03-23T03:25:43.341+0000] {dag.py:3834} INFO - Setting next_dagrun for tutorial to 2026-03-22 00:00:00+00:00, run_after=2026-03-23 00:00:00+00:00
[2026-03-23T03:25:43.370+0000] {processor.py:183} INFO - Processing /home/airflow/.local/lib/python3.8/site-packages/airflow/example_dags/tutorial.py took 0.189 seconds
[2026-03-23T03:26:13.455+0000] {processor.py:161} INFO - Started process (PID=216) to work on /home/airflow/.local/lib/python3.8/site-packages/airflow/example_dags/tutorial.py
[2026-03-23T03:26:13.456+0000] {processor.py:830} INFO - Processing file /home/airflow/.local/lib/python3.8/site-packages/airflow/example_dags/tutorial.py for tasks to queue
[2026-03-23T03:26:13.458+0000] {logging_mixin.py:188} INFO - [2026-03-23T03:26:13.457+0000] {dagbag.py:540} INFO - Filling up the DagBag from /home/airflow/.local/lib/python3.8/site-packages/airflow/example_dags/tutorial.py
[2026-03-23T03:26:13.463+0000] {processor.py:840} INFO - DAG(s) 'tutorial' retrieved from /home/airflow/.local/lib/python3.8/site-packages/airflow/example_dags/tutorial.py
[2026-03-23T03:26:13.484+0000] {logging_mixin.py:188} INFO - [2026-03-23T03:26:13.484+0000] {dag.py:3047} INFO - Sync 1 DAGs
[2026-03-23T03:26:13.507+0000] {logging_mixin.py:188} INFO - [2026-03-23T03:26:13.507+0000] {dag.py:3834} INFO - Setting next_dagrun for tutorial to 2026-03-22 00:00:00+00:00, run_after=2026-03-23 00:00:00+00:00
[2026-03-23T03:26:13.531+0000] {processor.py:183} INFO - Processing /home/airflow/.local/lib/python3.8/site-packages/airflow/example_dags/tutorial.py took 0.079 seconds
[2026-03-23T03:26:44.615+0000] {processor.py:161} INFO - Started process (PID=271) to work on /home/airflow/.local/lib/python3.8/site-packages/airflow/example_dags/tutorial.py
[2026-03-23T03:26:44.617+0000] {processor.py:830} INFO - Processing file /home/airflow/.local/lib/python3.8/site-packages/airflow/example_dags/tutorial.py for tasks to queue
[2026-03-23T03:26:44.619+0000] {logging_mixin.py:188} INFO - [2026-03-23T03:26:44.618+0000] {dagbag.py:540} INFO - Filling up the DagBag from /home/airflow/.local/lib/python3.8/site-packages/airflow/example_dags/tutorial.py
[2026-03-23T03:26:44.624+0000] {processor.py:840} INFO - DAG(s) 'tutorial' retrieved from /home/airflow/.local/lib/python3.8/site-packages/airflow/example_dags/tutorial.py
[2026-03-23T03:26:44.646+0000] {logging_mixin.py:188} INFO - [2026-03-23T03:26:44.646+0000] {dag.py:3047} INFO - Sync 1 DAGs
[2026-03-23T03:26:44.671+0000] {logging_mixin.py:188} INFO - [2026-03-23T03:26:44.670+0000] {dag.py:3834} INFO - Setting next_dagrun for tutorial to 2026-03-22 00:00:00+00:00, run_after=2026-03-23 00:00:00+00:00
[2026-03-23T03:26:44.694+0000] {processor.py:183} INFO - Processing /home/airflow/.local/lib/python3.8/site-packages/airflow/example_dags/tutorial.py took 0.082 seconds
[2026-03-23T03:27:14.765+0000] {processor.py:161} INFO - Started process (PID=326) to work on /home/airflow/.local/lib/python3.8/site-packages/airflow/example_dags/tutorial.py
[2026-03-23T03:27:14.766+0000] {processor.py:830} INFO - Processing file /home/airflow/.local/lib/python3.8/site-packages/airflow/example_dags/tutorial.py for tasks to queue
[2026-03-23T03:27:14.768+0000] {logging_mixin.py:188} INFO - [2026-03-23T03:27:14.767+0000] {dagbag.py:540} INFO - Filling up the DagBag from /home/airflow/.local/lib/python3.8/site-packages/airflow/example_dags/tutorial.py
[2026-03-23T03:27:14.773+0000] {processor.py:840} INFO - DAG(s) 'tutorial' retrieved from /home/airflow/.local/lib/python3.8/site-packages/airflow/example_dags/tutorial.py
[2026-03-23T03:27:14.792+0000] {logging_mixin.py:188} INFO - [2026-03-23T03:27:14.792+0000] {dag.py:3047} INFO - Sync 1 DAGs
[2026-03-23T03:27:14.813+0000] {logging_mixin.py:188} INFO - [2026-03-23T03:27:14.813+0000] {dag.py:3834} INFO - Setting next_dagrun for tutorial to 2026-03-22 00:00:00+00:00, run_after=2026-03-23 00:00:00+00:00
[2026-03-23T03:27:14.834+0000] {processor.py:183} INFO - Processing /home/airflow/.local/lib/python3.8/site-packages/airflow/example_dags/tutorial.py took 0.071 seconds
[2026-03-23T03:27:45.108+0000] {processor.py:161} INFO - Started process (PID=381) to work on /home/airflow/.local/lib/python3.8/site-packages/airflow/example_dags/tutorial.py
[2026-03-23T03:27:45.109+0000] {processor.py:830} INFO - Processing file /home/airflow/.local/lib/python3.8/site-packages/airflow/example_dags/tutorial.py for tasks to queue
[2026-03-23T03:27:45.110+0000] {logging_mixin.py:188} INFO - [2026-03-23T03:27:45.110+0000] {dagbag.py:540} INFO - Filling up the DagBag from /home/airflow/.local/lib/python3.8/site-packages/airflow/example_dags/tutorial.py
[2026-03-23T03:27:45.115+0000] {processor.py:840} INFO - DAG(s) 'tutorial' retrieved from /home/airflow/.local/lib/python3.8/site-packages/airflow/example_dags/tutorial.py
[2026-03-23T03:27:45.134+0000] {logging_mixin.py:188} INFO - [2026-03-23T03:27:45.134+0000] {dag.py:3047} INFO - Sync 1 DAGs
[2026-03-23T03:27:45.154+0000] {logging_mixin.py:188} INFO - [2026-03-23T03:27:45.154+0000] {dag.py:3834} INFO - Setting next_dagrun for tutorial to 2026-03-22 00:00:00+00:00, run_after=2026-03-23 00:00:00+00:00
[2026-03-23T03:27:45.175+0000] {processor.py:183} INFO - Processing /home/airflow/.local/lib/python3.8/site-packages/airflow/example_dags/tutorial.py took 0.070 seconds
[2026-03-23T03:28:15.406+0000] {processor.py:161} INFO - Started process (PID=436) to work on /home/airflow/.local/lib/python3.8/site-packages/airflow/example_dags/tutorial.py
[2026-03-23T03:28:15.407+0000] {processor.py:830} INFO - Processing file /home/airflow/.local/lib/python3.8/site-packages/airflow/example_dags/tutorial.py for tasks to queue
[2026-03-23T03:28:15.409+0000] {logging_mixin.py:188} INFO - [2026-03-23T03:28:15.409+0000] {dagbag.py:540} INFO - Filling up the DagBag from /home/airflow/.local/lib/python3.8/site-packages/airflow/example_dags/tutorial.py
[2026-03-23T03:28:15.414+0000] {processor.py:840} INFO - DAG(s) 'tutorial' retrieved from /home/airflow/.local/lib/python3.8/site-packages/airflow/example_dags/tutorial.py
[2026-03-23T03:28:15.435+0000] {logging_mixin.py:188} INFO - [2026-03-23T03:28:15.435+0000] {dag.py:3047} INFO - Sync 1 DAGs
[2026-03-23T03:28:15.455+0000] {logging_mixin.py:188} INFO - [2026-03-23T03:28:15.455+0000] {dag.py:3834} INFO - Setting next_dagrun for tutorial to 2026-03-22 00:00:00+00:00, run_after=2026-03-23 00:00:00+00:00
[2026-03-23T03:28:15.475+0000] {processor.py:183} INFO - Processing /home/airflow/.local/lib/python3.8/site-packages/airflow/example_dags/tutorial.py took 0.072 seconds
[2026-03-23T03:28:45.782+0000] {processor.py:161} INFO - Started process (PID=491) to work on /home/airflow/.local/lib/python3.8/site-packages/airflow/example_dags/tutorial.py
[2026-03-23T03:28:45.783+0000] {processor.py:830} INFO - Processing file /home/airflow/.local/lib/python3.8/site-packages/airflow/example_dags/tutorial.py for tasks to queue
[2026-03-23T03:28:45.785+0000] {logging_mixin.py:188} INFO - [2026-03-23T03:28:45.785+0000] {dagbag.py:540} INFO - Filling up the DagBag from /home/airflow/.local/lib/python3.8/site-packages/airflow/example_dags/tutorial.py
[2026-03-23T03:28:45.790+0000] {processor.py:840} INFO - DAG(s) 'tutorial' retrieved from /home/airflow/.local/lib/python3.8/site-packages/airflow/example_dags/tutorial.py
[2026-03-23T03:28:45.809+0000] {logging_mixin.py:188} INFO - [2026-03-23T03:28:45.809+0000] {dag.py:3047} INFO - Sync 1 DAGs
[2026-03-23T03:28:45.830+0000] {logging_mixin.py:188} INFO - [2026-03-23T03:28:45.830+0000] {dag.py:3834} INFO - Setting next_dagrun for tutorial to 2026-03-22 00:00:00+00:00, run_after=2026-03-23 00:00:00+00:00
[2026-03-23T03:28:45.848+0000] {processor.py:183} INFO - Processing /home/airflow/.local/lib/python3.8/site-packages/airflow/example_dags/tutorial.py took 0.068 seconds
[2026-03-23T03:29:16.445+0000] {processor.py:161} INFO - Started process (PID=546) to work on /home/airflow/.local/lib/python3.8/site-packages/airflow/example_dags/tutorial.py
[2026-03-23T03:29:16.446+0000] {processor.py:830} INFO - Processing file /home/airflow/.local/lib/python3.8/site-packages/airflow/example_dags/tutorial.py for tasks to queue
[2026-03-23T03:29:16.448+0000] {logging_mixin.py:188} INFO - [2026-03-23T03:29:16.448+0000] {dagbag.py:540} INFO - Filling up the DagBag from /home/airflow/.local/lib/python3.8/site-packages/airflow/example_dags/tutorial.py
[2026-03-23T03:29:16.453+0000] {processor.py:840} INFO - DAG(s) 'tutorial' retrieved from /home/airflow/.local/lib/python3.8/site-packages/airflow/example_dags/tutorial.py
[2026-03-23T03:29:16.474+0000] {logging_mixin.py:188} INFO - [2026-03-23T03:29:16.473+0000] {dag.py:3047} INFO - Sync 1 DAGs
[2026-03-23T03:29:16.494+0000] {logging_mixin.py:188} INFO - [2026-03-23T03:29:16.494+0000] {dag.py:3834} INFO - Setting next_dagrun for tutorial to 2026-03-22 00:00:00+00:00, run_after=2026-03-23 00:00:00+00:00
[2026-03-23T03:29:16.512+0000] {processor.py:183} INFO - Processing /home/airflow/.local/lib/python3.8/site-packages/airflow/example_dags/tutorial.py took 0.069 seconds
[2026-03-23T03:29:46.560+0000] {processor.py:161} INFO - Started process (PID=601) to work on /home/airflow/.local/lib/python3.8/site-packages/airflow/example_dags/tutorial.py
[2026-03-23T03:29:46.561+0000] {processor.py:830} INFO - Processing file /home/airflow/.local/lib/python3.8/site-packages/airflow/example_dags/tutorial.py for tasks to queue
[2026-03-23T03:29:46.563+0000] {logging_mixin.py:188} INFO - [2026-03-23T03:29:46.563+0000] {dagbag.py:540} INFO - Filling up the DagBag from /home/airflow/.local/lib/python3.8/site-packages/airflow/example_dags/tutorial.py
[2026-03-23T03:29:46.569+0000] {processor.py:840} INFO - DAG(s) 'tutorial' retrieved from /home/airflow/.local/lib/python3.8/site-packages/airflow/example_dags/tutorial.py
[2026-03-23T03:29:46.587+0000] {logging_mixin.py:188} INFO - [2026-03-23T03:29:46.587+0000] {dag.py:3047} INFO - Sync 1 DAGs
[2026-03-23T03:29:46.608+0000] {logging_mixin.py:188} INFO - [2026-03-23T03:29:46.607+0000] {dag.py:3834} INFO - Setting next_dagrun for tutorial to 2026-03-22 00:00:00+00:00, run_after=2026-03-23 00:00:00+00:00
[2026-03-23T03:29:46.629+0000] {processor.py:183} INFO - Processing /home/airflow/.local/lib/python3.8/site-packages/airflow/example_dags/tutorial.py took 0.072 seconds
[2026-03-23T03:30:17.145+0000] {processor.py:161} INFO - Started process (PID=656) to work on /home/airflow/.local/lib/python3.8/site-packages/airflow/example_dags/tutorial.py
[2026-03-23T03:30:17.146+0000] {processor.py:830} INFO - Processing file /home/airflow/.local/lib/python3.8/site-packages/airflow/example_dags/tutorial.py for tasks to queue
[2026-03-23T03:30:17.148+0000] {logging_mixin.py:188} INFO - [2026-03-23T03:30:17.148+0000] {dagbag.py:540} INFO - Filling up the DagBag from /home/airflow/.local/lib/python3.8/site-packages/airflow/example_dags/tutorial.py
[2026-03-23T03:30:17.154+0000] {processor.py:840} INFO - DAG(s) 'tutorial' retrieved from /home/airflow/.local/lib/python3.8/site-packages/airflow/example_dags/tutorial.py
[2026-03-23T03:30:17.174+0000] {logging_mixin.py:188} INFO - [2026-03-23T03:30:17.174+0000] {dag.py:3047} INFO - Sync 1 DAGs
[2026-03-23T03:30:17.196+0000] {logging_mixin.py:188} INFO - [2026-03-23T03:30:17.195+0000] {dag.py:3834} INFO - Setting next_dagrun for tutorial to 2026-03-22 00:00:00+00:00, run_after=2026-03-23 00:00:00+00:00
[2026-03-23T03:30:17.216+0000] {processor.py:183} INFO - Processing /home/airflow/.local/lib/python3.8/site-packages/airflow/example_dags/tutorial.py took 0.075 seconds
[2026-03-23T03:30:48.262+0000] {processor.py:161} INFO - Started process (PID=711) to work on /home/airflow/.local/lib/python3.8/site-packages/airflow/example_dags/tutorial.py
[2026-03-23T03:30:48.264+0000] {processor.py:830} INFO - Processing file /home/airflow/.local/lib/python3.8/site-packages/airflow/example_dags/tutorial.py for tasks to queue
[2026-03-23T03:30:48.266+0000] {logging_mixin.py:188} INFO - [2026-03-23T03:30:48.266+0000] {dagbag.py:540} INFO - Filling up the DagBag from /home/airflow/.local/lib/python3.8/site-packages/airflow/example_dags/tutorial.py
[2026-03-23T03:30:48.272+0000] {processor.py:840} INFO - DAG(s) 'tutorial' retrieved from /home/airflow/.local/lib/python3.8/site-packages/airflow/example_dags/tutorial.py
[2026-03-23T03:30:48.296+0000] {logging_mixin.py:188} INFO - [2026-03-23T03:30:48.296+0000] {dag.py:3047} INFO - Sync 1 DAGs
[2026-03-23T03:30:48.319+0000] {logging_mixin.py:188} INFO - [2026-03-23T03:30:48.318+0000] {dag.py:3834} INFO - Setting next_dagrun for tutorial to 2026-03-22 00:00:00+00:00, run_after=2026-03-23 00:00:00+00:00
[2026-03-23T03:30:48.340+0000] {processor.py:183} INFO - Processing /home/airflow/.local/lib/python3.8/site-packages/airflow/example_dags/tutorial.py took 0.081 seconds
[2026-03-23T03:31:18.388+0000] {processor.py:161} INFO - Started process (PID=766) to work on /home/airflow/.local/lib/python3.8/site-packages/airflow/example_dags/tutorial.py
[2026-03-23T03:31:18.389+0000] {processor.py:830} INFO - Processing file /home/airflow/.local/lib/python3.8/site-packages/airflow/example_dags/tutorial.py for tasks to queue
[2026-03-23T03:31:18.391+0000] {logging_mixin.py:188} INFO - [2026-03-23T03:31:18.391+0000] {dagbag.py:540} INFO - Filling up the DagBag from /home/airflow/.local/lib/python3.8/site-packages/airflow/example_dags/tutorial.py
[2026-03-23T03:31:18.396+0000] {processor.py:840} INFO - DAG(s) 'tutorial' retrieved from /home/airflow/.local/lib/python3.8/site-packages/airflow/example_dags/tutorial.py
[2026-03-23T03:31:18.415+0000] {logging_mixin.py:188} INFO - [2026-03-23T03:31:18.415+0000] {dag.py:3047} INFO - Sync 1 DAGs
[2026-03-23T03:31:18.434+0000] {logging_mixin.py:188} INFO - [2026-03-23T03:31:18.434+0000] {dag.py:3834} INFO - Setting next_dagrun for tutorial to 2026-03-22 00:00:00+00:00, run_after=2026-03-23 00:00:00+00:00
[2026-03-23T03:31:18.454+0000] {processor.py:183} INFO - Processing /home/airflow/.local/lib/python3.8/site-packages/airflow/example_dags/tutorial.py took 0.069 seconds
[2026-03-23T03:31:48.988+0000] {processor.py:161} INFO - Started process (PID=821) to work on /home/airflow/.local/lib/python3.8/site-packages/airflow/example_dags/tutorial.py
[2026-03-23T03:31:48.989+0000] {processor.py:830} INFO - Processing file /home/airflow/.local/lib/python3.8/site-packages/airflow/example_dags/tutorial.py for tasks to queue
[2026-03-23T03:31:48.990+0000] {logging_mixin.py:188} INFO - [2026-03-23T03:31:48.990+0000] {dagbag.py:540} INFO - Filling up the DagBag from /home/airflow/.local/lib/python3.8/site-packages/airflow/example_dags/tutorial.py
[2026-03-23T03:31:48.996+0000] {processor.py:840} INFO - DAG(s) 'tutorial' retrieved from /home/airflow/.local/lib/python3.8/site-packages/airflow/example_dags/tutorial.py
[2026-03-23T03:31:49.017+0000] {logging_mixin.py:188} INFO - [2026-03-23T03:31:49.016+0000] {dag.py:3047} INFO - Sync 1 DAGs
[2026-03-23T03:31:49.039+0000] {logging_mixin.py:188} INFO - [2026-03-23T03:31:49.039+0000] {dag.py:3834} INFO - Setting next_dagrun for tutorial to 2026-03-22 00:00:00+00:00, run_after=2026-03-23 00:00:00+00:00
[2026-03-23T03:31:49.063+0000] {processor.py:183} INFO - Processing /home/airflow/.local/lib/python3.8/site-packages/airflow/example_dags/tutorial.py took 0.078 seconds
[2026-03-23T03:32:19.624+0000] {processor.py:161} INFO - Started process (PID=876) to work on /home/airflow/.local/lib/python3.8/site-packages/airflow/example_dags/tutorial.py
[2026-03-23T03:32:19.626+0000] {processor.py:830} INFO - Processing file /home/airflow/.local/lib/python3.8/site-packages/airflow/example_dags/tutorial.py for tasks to queue
[2026-03-23T03:32:19.628+0000] {logging_mixin.py:188} INFO - [2026-03-23T03:32:19.627+0000] {dagbag.py:540} INFO - Filling up the DagBag from /home/airflow/.local/lib/python3.8/site-packages/airflow/example_dags/tutorial.py
[2026-03-23T03:32:19.633+0000] {processor.py:840} INFO - DAG(s) 'tutorial' retrieved from /home/airflow/.local/lib/python3.8/site-packages/airflow/example_dags/tutorial.py
[2026-03-23T03:32:19.655+0000] {logging_mixin.py:188} INFO - [2026-03-23T03:32:19.654+0000] {dag.py:3047} INFO - Sync 1 DAGs
[2026-03-23T03:32:19.677+0000] {logging_mixin.py:188} INFO - [2026-03-23T03:32:19.677+0000] {dag.py:3834} INFO - Setting next_dagrun for tutorial to 2026-03-22 00:00:00+00:00, run_after=2026-03-23 00:00:00+00:00
[2026-03-23T03:32:19.698+0000] {processor.py:183} INFO - Processing /home/airflow/.local/lib/python3.8/site-packages/airflow/example_dags/tutorial.py took 0.077 seconds
[2026-03-23T03:32:50.827+0000] {processor.py:161} INFO - Started process (PID=931) to work on /home/airflow/.local/lib/python3.8/site-packages/airflow/example_dags/tutorial.py
[2026-03-23T03:32:50.828+0000] {processor.py:830} INFO - Processing file /home/airflow/.local/lib/python3.8/site-packages/airflow/example_dags/tutorial.py for tasks to queue
[2026-03-23T03:32:50.830+0000] {logging_mixin.py:188} INFO - [2026-03-23T03:32:50.830+0000] {dagbag.py:540} INFO - Filling up the DagBag from /home/airflow/.local/lib/python3.8/site-packages/airflow/example_dags/tutorial.py
[2026-03-23T03:32:50.837+0000] {processor.py:840} INFO - DAG(s) 'tutorial' retrieved from /home/airflow/.local/lib/python3.8/site-packages/airflow/example_dags/tutorial.py
[2026-03-23T03:32:50.859+0000] {logging_mixin.py:188} INFO - [2026-03-23T03:32:50.859+0000] {dag.py:3047} INFO - Sync 1 DAGs
[2026-03-23T03:32:50.881+0000] {logging_mixin.py:188} INFO - [2026-03-23T03:32:50.881+0000] {dag.py:3834} INFO - Setting next_dagrun for tutorial to 2026-03-22 00:00:00+00:00, run_after=2026-03-23 00:00:00+00:00
[2026-03-23T03:32:50.903+0000] {processor.py:183} INFO - Processing /home/airflow/.local/lib/python3.8/site-packages/airflow/example_dags/tutorial.py took 0.079 seconds
[2026-03-23T03:33:21.067+0000] {processor.py:161} INFO - Started process (PID=986) to work on /home/airflow/.local/lib/python3.8/site-packages/airflow/example_dags/tutorial.py
[2026-03-23T03:33:21.069+0000] {processor.py:830} INFO - Processing file /home/airflow/.local/lib/python3.8/site-packages/airflow/example_dags/tutorial.py for tasks to queue
[2026-03-23T03:33:21.070+0000] {logging_mixin.py:188} INFO - [2026-03-23T03:33:21.070+0000] {dagbag.py:540} INFO - Filling up the DagBag from /home/airflow/.local/lib/python3.8/site-packages/airflow/example_dags/tutorial.py
[2026-03-23T03:33:21.075+0000] {processor.py:840} INFO - DAG(s) 'tutorial' retrieved from /home/airflow/.local/lib/python3.8/site-packages/airflow/example_dags/tutorial.py
[2026-03-23T03:33:21.094+0000] {logging_mixin.py:188} INFO - [2026-03-23T03:33:21.094+0000] {dag.py:3047} INFO - Sync 1 DAGs
[2026-03-23T03:33:21.116+0000] {logging_mixin.py:188} INFO - [2026-03-23T03:33:21.116+0000] {dag.py:3834} INFO - Setting next_dagrun for tutorial to 2026-03-22 00:00:00+00:00, run_after=2026-03-23 00:00:00+00:00
[2026-03-23T03:33:21.136+0000] {processor.py:183} INFO - Processing /home/airflow/.local/lib/python3.8/site-packages/airflow/example_dags/tutorial.py took 0.071 seconds
[2026-03-23T03:33:51.299+0000] {processor.py:161} INFO - Started process (PID=1041) to work on /home/airflow/.local/lib/python3.8/site-packages/airflow/example_dags/tutorial.py
[2026-03-23T03:33:51.301+0000] {processor.py:830} INFO - Processing file /home/airflow/.local/lib/python3.8/site-packages/airflow/example_dags/tutorial.py for tasks to queue
[2026-03-23T03:33:51.302+0000] {logging_mixin.py:188} INFO - [2026-03-23T03:33:51.302+0000] {dagbag.py:540} INFO - Filling up the DagBag from /home/airflow/.local/lib/python3.8/site-packages/airflow/example_dags/tutorial.py
[2026-03-23T03:33:51.308+0000] {processor.py:840} INFO - DAG(s) 'tutorial' retrieved from /home/airflow/.local/lib/python3.8/site-packages/airflow/example_dags/tutorial.py
[2026-03-23T03:33:51.329+0000] {logging_mixin.py:188} INFO - [2026-03-23T03:33:51.329+0000] {dag.py:3047} INFO - Sync 1 DAGs
[2026-03-23T03:33:51.351+0000] {logging_mixin.py:188} INFO - [2026-03-23T03:33:51.351+0000] {dag.py:3834} INFO - Setting next_dagrun for tutorial to 2026-03-22 00:00:00+00:00, run_after=2026-03-23 00:00:00+00:00
[2026-03-23T03:33:51.377+0000] {processor.py:183} INFO - Processing /home/airflow/.local/lib/python3.8/site-packages/airflow/example_dags/tutorial.py took 0.080 seconds
[2026-03-23T03:34:22.121+0000] {processor.py:161} INFO - Started process (PID=1096) to work on /home/airflow/.local/lib/python3.8/site-packages/airflow/example_dags/tutorial.py
[2026-03-23T03:34:22.123+0000] {processor.py:830} INFO - Processing file /home/airflow/.local/lib/python3.8/site-packages/airflow/example_dags/tutorial.py for tasks to queue
[2026-03-23T03:34:22.125+0000] {logging_mixin.py:188} INFO - [2026-03-23T03:34:22.124+0000] {dagbag.py:540} INFO - Filling up the DagBag from /home/airflow/.local/lib/python3.8/site-packages/airflow/example_dags/tutorial.py
[2026-03-23T03:34:22.129+0000] {processor.py:840} INFO - DAG(s) 'tutorial' retrieved from /home/airflow/.local/lib/python3.8/site-packages/airflow/example_dags/tutorial.py
[2026-03-23T03:34:22.147+0000] {logging_mixin.py:188} INFO - [2026-03-23T03:34:22.147+0000] {dag.py:3047} INFO - Sync 1 DAGs
[2026-03-23T03:34:22.170+0000] {logging_mixin.py:188} INFO - [2026-03-23T03:34:22.170+0000] {dag.py:3834} INFO - Setting next_dagrun for tutorial to 2026-03-22 00:00:00+00:00, run_after=2026-03-23 00:00:00+00:00
[2026-03-23T03:34:22.193+0000] {processor.py:183} INFO - Processing /home/airflow/.local/lib/python3.8/site-packages/airflow/example_dags/tutorial.py took 0.074 seconds
[2026-03-23T03:34:52.567+0000] {processor.py:161} INFO - Started process (PID=1151) to work on /home/airflow/.local/lib/python3.8/site-packages/airflow/example_dags/tutorial.py
[2026-03-23T03:34:52.572+0000] {processor.py:830} INFO - Processing file /home/airflow/.local/lib/python3.8/site-packages/airflow/example_dags/tutorial.py for tasks to queue
[2026-03-23T03:34:52.578+0000] {logging_mixin.py:188} INFO - [2026-03-23T03:34:52.577+0000] {dagbag.py:540} INFO - Filling up the DagBag from /home/airflow/.local/lib/python3.8/site-packages/airflow/example_dags/tutorial.py
[2026-03-23T03:34:52.606+0000] {processor.py:840} INFO - DAG(s) 'tutorial' retrieved from /home/airflow/.local/lib/python3.8/site-packages/airflow/example_dags/tutorial.py
[2026-03-23T03:34:52.687+0000] {logging_mixin.py:188} INFO - [2026-03-23T03:34:52.687+0000] {dag.py:3047} INFO - Sync 1 DAGs
[2026-03-23T03:34:52.768+0000] {logging_mixin.py:188} INFO - [2026-03-23T03:34:52.767+0000] {dag.py:3834} INFO - Setting next_dagrun for tutorial to 2026-03-22 00:00:00+00:00, run_after=2026-03-23 00:00:00+00:00
[2026-03-23T03:34:52.813+0000] {processor.py:183} INFO - Processing /home/airflow/.local/lib/python3.8/site-packages/airflow/example_dags/tutorial.py took 0.265 seconds
[2026-03-23T03:37:21.430+0000] {processor.py:161} INFO - Started process (PID=100) to work on /home/airflow/.local/lib/python3.8/site-packages/airflow/example_dags/tutorial.py
[2026-03-23T03:37:21.432+0000] {processor.py:830} INFO - Processing file /home/airflow/.local/lib/python3.8/site-packages/airflow/example_dags/tutorial.py for tasks to queue
[2026-03-23T03:37:21.434+0000] {logging_mixin.py:188} INFO - [2026-03-23T03:37:21.434+0000] {dagbag.py:540} INFO - Filling up the DagBag from /home/airflow/.local/lib/python3.8/site-packages/airflow/example_dags/tutorial.py
[2026-03-23T03:37:21.442+0000] {processor.py:840} INFO - DAG(s) 'tutorial' retrieved from /home/airflow/.local/lib/python3.8/site-packages/airflow/example_dags/tutorial.py
[2026-03-23T03:37:21.460+0000] {logging_mixin.py:188} INFO - [2026-03-23T03:37:21.460+0000] {dag.py:3047} INFO - Sync 1 DAGs
[2026-03-23T03:37:21.490+0000] {logging_mixin.py:188} INFO - [2026-03-23T03:37:21.490+0000] {dag.py:3834} INFO - Setting next_dagrun for tutorial to 2026-03-22 00:00:00+00:00, run_after=2026-03-23 00:00:00+00:00
[2026-03-23T03:37:21.517+0000] {processor.py:183} INFO - Processing /home/airflow/.local/lib/python3.8/site-packages/airflow/example_dags/tutorial.py took 0.091 seconds
[2026-03-23T03:37:53.610+0000] {processor.py:161} INFO - Started process (PID=161) to work on /home/airflow/.local/lib/python3.8/site-packages/airflow/example_dags/tutorial.py
[2026-03-23T03:37:53.612+0000] {processor.py:830} INFO - Processing file /home/airflow/.local/lib/python3.8/site-packages/airflow/example_dags/tutorial.py for tasks to queue
[2026-03-23T03:37:53.614+0000] {logging_mixin.py:188} INFO - [2026-03-23T03:37:53.614+0000] {dagbag.py:540} INFO - Filling up the DagBag from /home/airflow/.local/lib/python3.8/site-packages/airflow/example_dags/tutorial.py
[2026-03-23T03:37:53.622+0000] {processor.py:840} INFO - DAG(s) 'tutorial' retrieved from /home/airflow/.local/lib/python3.8/site-packages/airflow/example_dags/tutorial.py
[2026-03-23T03:37:53.732+0000] {logging_mixin.py:188} INFO - [2026-03-23T03:37:53.731+0000] {dag.py:3047} INFO - Sync 1 DAGs
[2026-03-23T03:37:53.754+0000] {logging_mixin.py:188} INFO - [2026-03-23T03:37:53.754+0000] {dag.py:3834} INFO - Setting next_dagrun for tutorial to 2026-03-22 00:00:00+00:00, run_after=2026-03-23 00:00:00+00:00
[2026-03-23T03:37:53.777+0000] {processor.py:183} INFO - Processing /home/airflow/.local/lib/python3.8/site-packages/airflow/example_dags/tutorial.py took 0.170 seconds
[2026-03-23T03:38:23.812+0000] {processor.py:161} INFO - Started process (PID=216) to work on /home/airflow/.local/lib/python3.8/site-packages/airflow/example_dags/tutorial.py
[2026-03-23T03:38:23.813+0000] {processor.py:830} INFO - Processing file /home/airflow/.local/lib/python3.8/site-packages/airflow/example_dags/tutorial.py for tasks to queue
[2026-03-23T03:38:23.815+0000] {logging_mixin.py:188} INFO - [2026-03-23T03:38:23.815+0000] {dagbag.py:540} INFO - Filling up the DagBag from /home/airflow/.local/lib/python3.8/site-packages/airflow/example_dags/tutorial.py
[2026-03-23T03:38:23.819+0000] {processor.py:840} INFO - DAG(s) 'tutorial' retrieved from /home/airflow/.local/lib/python3.8/site-packages/airflow/example_dags/tutorial.py
[2026-03-23T03:38:23.842+0000] {logging_mixin.py:188} INFO - [2026-03-23T03:38:23.842+0000] {dag.py:3047} INFO - Sync 1 DAGs
[2026-03-23T03:38:23.867+0000] {logging_mixin.py:188} INFO - [2026-03-23T03:38:23.867+0000] {dag.py:3834} INFO - Setting next_dagrun for tutorial to 2026-03-22 00:00:00+00:00, run_after=2026-03-23 00:00:00+00:00
[2026-03-23T03:38:23.893+0000] {processor.py:183} INFO - Processing /home/airflow/.local/lib/python3.8/site-packages/airflow/example_dags/tutorial.py took 0.083 seconds
[2026-03-23T03:38:53.997+0000] {processor.py:161} INFO - Started process (PID=271) to work on /home/airflow/.local/lib/python3.8/site-packages/airflow/example_dags/tutorial.py
[2026-03-23T03:38:53.998+0000] {processor.py:830} INFO - Processing file /home/airflow/.local/lib/python3.8/site-packages/airflow/example_dags/tutorial.py for tasks to queue
[2026-03-23T03:38:54.000+0000] {logging_mixin.py:188} INFO - [2026-03-23T03:38:54.000+0000] {dagbag.py:540} INFO - Filling up the DagBag from /home/airflow/.local/lib/python3.8/site-packages/airflow/example_dags/tutorial.py
[2026-03-23T03:38:54.006+0000] {processor.py:840} INFO - DAG(s) 'tutorial' retrieved from /home/airflow/.local/lib/python3.8/site-packages/airflow/example_dags/tutorial.py
[2026-03-23T03:38:54.030+0000] {logging_mixin.py:188} INFO - [2026-03-23T03:38:54.029+0000] {dag.py:3047} INFO - Sync 1 DAGs
[2026-03-23T03:38:54.057+0000] {logging_mixin.py:188} INFO - [2026-03-23T03:38:54.057+0000] {dag.py:3834} INFO - Setting next_dagrun for tutorial to 2026-03-22 00:00:00+00:00, run_after=2026-03-23 00:00:00+00:00
[2026-03-23T03:38:54.085+0000] {processor.py:183} INFO - Processing /home/airflow/.local/lib/python3.8/site-packages/airflow/example_dags/tutorial.py took 0.092 seconds
[2026-03-23T03:39:24.367+0000] {processor.py:161} INFO - Started process (PID=326) to work on /home/airflow/.local/lib/python3.8/site-packages/airflow/example_dags/tutorial.py
[2026-03-23T03:39:24.368+0000] {processor.py:830} INFO - Processing file /home/airflow/.local/lib/python3.8/site-packages/airflow/example_dags/tutorial.py for tasks to queue
[2026-03-23T03:39:24.370+0000] {logging_mixin.py:188} INFO - [2026-03-23T03:39:24.369+0000] {dagbag.py:540} INFO - Filling up the DagBag from /home/airflow/.local/lib/python3.8/site-packages/airflow/example_dags/tutorial.py
[2026-03-23T03:39:24.375+0000] {processor.py:840} INFO - DAG(s) 'tutorial' retrieved from /home/airflow/.local/lib/python3.8/site-packages/airflow/example_dags/tutorial.py
[2026-03-23T03:39:24.396+0000] {logging_mixin.py:188} INFO - [2026-03-23T03:39:24.395+0000] {dag.py:3047} INFO - Sync 1 DAGs
[2026-03-23T03:39:24.416+0000] {logging_mixin.py:188} INFO - [2026-03-23T03:39:24.416+0000] {dag.py:3834} INFO - Setting next_dagrun for tutorial to 2026-03-22 00:00:00+00:00, run_after=2026-03-23 00:00:00+00:00
[2026-03-23T03:39:24.437+0000] {processor.py:183} INFO - Processing /home/airflow/.local/lib/python3.8/site-packages/airflow/example_dags/tutorial.py took 0.072 seconds
[2026-03-23T03:39:54.636+0000] {processor.py:161} INFO - Started process (PID=381) to work on /home/airflow/.local/lib/python3.8/site-packages/airflow/example_dags/tutorial.py
[2026-03-23T03:39:54.638+0000] {processor.py:830} INFO - Processing file /home/airflow/.local/lib/python3.8/site-packages/airflow/example_dags/tutorial.py for tasks to queue
[2026-03-23T03:39:54.640+0000] {logging_mixin.py:188} INFO - [2026-03-23T03:39:54.639+0000] {dagbag.py:540} INFO - Filling up the DagBag from /home/airflow/.local/lib/python3.8/site-packages/airflow/example_dags/tutorial.py
[2026-03-23T03:39:54.645+0000] {processor.py:840} INFO - DAG(s) 'tutorial' retrieved from /home/airflow/.local/lib/python3.8/site-packages/airflow/example_dags/tutorial.py
[2026-03-23T03:39:54.665+0000] {logging_mixin.py:188} INFO - [2026-03-23T03:39:54.665+0000] {dag.py:3047} INFO - Sync 1 DAGs
[2026-03-23T03:39:54.690+0000] {logging_mixin.py:188} INFO - [2026-03-23T03:39:54.690+0000] {dag.py:3834} INFO - Setting next_dagrun for tutorial to 2026-03-22 00:00:00+00:00, run_after=2026-03-23 00:00:00+00:00
[2026-03-23T03:39:54.714+0000] {processor.py:183} INFO - Processing /home/airflow/.local/lib/python3.8/site-packages/airflow/example_dags/tutorial.py took 0.081 seconds
[2026-03-23T03:40:25.161+0000] {processor.py:161} INFO - Started process (PID=436) to work on /home/airflow/.local/lib/python3.8/site-packages/airflow/example_dags/tutorial.py
[2026-03-23T03:40:25.162+0000] {processor.py:830} INFO - Processing file /home/airflow/.local/lib/python3.8/site-packages/airflow/example_dags/tutorial.py for tasks to queue
[2026-03-23T03:40:25.164+0000] {logging_mixin.py:188} INFO - [2026-03-23T03:40:25.164+0000] {dagbag.py:540} INFO - Filling up the DagBag from /home/airflow/.local/lib/python3.8/site-packages/airflow/example_dags/tutorial.py
[2026-03-23T03:40:25.169+0000] {processor.py:840} INFO - DAG(s) 'tutorial' retrieved from /home/airflow/.local/lib/python3.8/site-packages/airflow/example_dags/tutorial.py
[2026-03-23T03:40:25.189+0000] {logging_mixin.py:188} INFO - [2026-03-23T03:40:25.188+0000] {dag.py:3047} INFO - Sync 1 DAGs
[2026-03-23T03:40:25.209+0000] {logging_mixin.py:188} INFO - [2026-03-23T03:40:25.208+0000] {dag.py:3834} INFO - Setting next_dagrun for tutorial to 2026-03-22 00:00:00+00:00, run_after=2026-03-23 00:00:00+00:00
[2026-03-23T03:40:25.228+0000] {processor.py:183} INFO - Processing /home/airflow/.local/lib/python3.8/site-packages/airflow/example_dags/tutorial.py took 0.069 seconds
[2026-03-23T03:40:56.424+0000] {processor.py:161} INFO - Started process (PID=491) to work on /home/airflow/.local/lib/python3.8/site-packages/airflow/example_dags/tutorial.py
[2026-03-23T03:40:56.425+0000] {processor.py:830} INFO - Processing file /home/airflow/.local/lib/python3.8/site-packages/airflow/example_dags/tutorial.py for tasks to queue
[2026-03-23T03:40:56.427+0000] {logging_mixin.py:188} INFO - [2026-03-23T03:40:56.427+0000] {dagbag.py:540} INFO - Filling up the DagBag from /home/airflow/.local/lib/python3.8/site-packages/airflow/example_dags/tutorial.py
[2026-03-23T03:40:56.435+0000] {processor.py:840} INFO - DAG(s) 'tutorial' retrieved from /home/airflow/.local/lib/python3.8/site-packages/airflow/example_dags/tutorial.py
[2026-03-23T03:40:56.458+0000] {logging_mixin.py:188} INFO - [2026-03-23T03:40:56.458+0000] {dag.py:3047} INFO - Sync 1 DAGs
[2026-03-23T03:40:56.486+0000] {logging_mixin.py:188} INFO - [2026-03-23T03:40:56.486+0000] {dag.py:3834} INFO - Setting next_dagrun for tutorial to 2026-03-22 00:00:00+00:00, run_after=2026-03-23 00:00:00+00:00
[2026-03-23T03:40:56.516+0000] {processor.py:183} INFO - Processing /home/airflow/.local/lib/python3.8/site-packages/airflow/example_dags/tutorial.py took 0.096 seconds
[2026-03-23T03:41:26.622+0000] {processor.py:161} INFO - Started process (PID=546) to work on /home/airflow/.local/lib/python3.8/site-packages/airflow/example_dags/tutorial.py
[2026-03-23T03:41:26.624+0000] {processor.py:830} INFO - Processing file /home/airflow/.local/lib/python3.8/site-packages/airflow/example_dags/tutorial.py for tasks to queue
[2026-03-23T03:41:26.625+0000] {logging_mixin.py:188} INFO - [2026-03-23T03:41:26.625+0000] {dagbag.py:540} INFO - Filling up the DagBag from /home/airflow/.local/lib/python3.8/site-packages/airflow/example_dags/tutorial.py
[2026-03-23T03:41:26.630+0000] {processor.py:840} INFO - DAG(s) 'tutorial' retrieved from /home/airflow/.local/lib/python3.8/site-packages/airflow/example_dags/tutorial.py
[2026-03-23T03:41:26.650+0000] {logging_mixin.py:188} INFO - [2026-03-23T03:41:26.650+0000] {dag.py:3047} INFO - Sync 1 DAGs
[2026-03-23T03:41:26.672+0000] {logging_mixin.py:188} INFO - [2026-03-23T03:41:26.671+0000] {dag.py:3834} INFO - Setting next_dagrun for tutorial to 2026-03-22 00:00:00+00:00, run_after=2026-03-23 00:00:00+00:00
[2026-03-23T03:41:26.695+0000] {processor.py:183} INFO - Processing /home/airflow/.local/lib/python3.8/site-packages/airflow/example_dags/tutorial.py took 0.076 seconds
[2026-03-23T03:41:56.886+0000] {processor.py:161} INFO - Started process (PID=601) to work on /home/airflow/.local/lib/python3.8/site-packages/airflow/example_dags/tutorial.py
[2026-03-23T03:41:56.887+0000] {processor.py:830} INFO - Processing file /home/airflow/.local/lib/python3.8/site-packages/airflow/example_dags/tutorial.py for tasks to queue
[2026-03-23T03:41:56.889+0000] {logging_mixin.py:188} INFO - [2026-03-23T03:41:56.889+0000] {dagbag.py:540} INFO - Filling up the DagBag from /home/airflow/.local/lib/python3.8/site-packages/airflow/example_dags/tutorial.py
[2026-03-23T03:41:56.894+0000] {processor.py:840} INFO - DAG(s) 'tutorial' retrieved from /home/airflow/.local/lib/python3.8/site-packages/airflow/example_dags/tutorial.py
[2026-03-23T03:41:56.913+0000] {logging_mixin.py:188} INFO - [2026-03-23T03:41:56.913+0000] {dag.py:3047} INFO - Sync 1 DAGs
[2026-03-23T03:41:56.935+0000] {logging_mixin.py:188} INFO - [2026-03-23T03:41:56.934+0000] {dag.py:3834} INFO - Setting next_dagrun for tutorial to 2026-03-22 00:00:00+00:00, run_after=2026-03-23 00:00:00+00:00
[2026-03-23T03:41:56.955+0000] {processor.py:183} INFO - Processing /home/airflow/.local/lib/python3.8/site-packages/airflow/example_dags/tutorial.py took 0.071 seconds
[2026-03-23T03:42:27.003+0000] {processor.py:161} INFO - Started process (PID=656) to work on /home/airflow/.local/lib/python3.8/site-packages/airflow/example_dags/tutorial.py
[2026-03-23T03:42:27.004+0000] {processor.py:830} INFO - Processing file /home/airflow/.local/lib/python3.8/site-packages/airflow/example_dags/tutorial.py for tasks to queue
[2026-03-23T03:42:27.006+0000] {logging_mixin.py:188} INFO - [2026-03-23T03:42:27.006+0000] {dagbag.py:540} INFO - Filling up the DagBag from /home/airflow/.local/lib/python3.8/site-packages/airflow/example_dags/tutorial.py
[2026-03-23T03:42:27.011+0000] {processor.py:840} INFO - DAG(s) 'tutorial' retrieved from /home/airflow/.local/lib/python3.8/site-packages/airflow/example_dags/tutorial.py
[2026-03-23T03:42:27.030+0000] {logging_mixin.py:188} INFO - [2026-03-23T03:42:27.030+0000] {dag.py:3047} INFO - Sync 1 DAGs
[2026-03-23T03:42:27.052+0000] {logging_mixin.py:188} INFO - [2026-03-23T03:42:27.051+0000] {dag.py:3834} INFO - Setting next_dagrun for tutorial to 2026-03-22 00:00:00+00:00, run_after=2026-03-23 00:00:00+00:00
[2026-03-23T03:42:27.072+0000] {processor.py:183} INFO - Processing /home/airflow/.local/lib/python3.8/site-packages/airflow/example_dags/tutorial.py took 0.072 seconds
[2026-03-23T03:42:57.567+0000] {processor.py:161} INFO - Started process (PID=711) to work on /home/airflow/.local/lib/python3.8/site-packages/airflow/example_dags/tutorial.py
[2026-03-23T03:42:57.567+0000] {processor.py:830} INFO - Processing file /home/airflow/.local/lib/python3.8/site-packages/airflow/example_dags/tutorial.py for tasks to queue
[2026-03-23T03:42:57.569+0000] {logging_mixin.py:188} INFO - [2026-03-23T03:42:57.569+0000] {dagbag.py:540} INFO - Filling up the DagBag from /home/airflow/.local/lib/python3.8/site-packages/airflow/example_dags/tutorial.py
[2026-03-23T03:42:57.574+0000] {processor.py:840} INFO - DAG(s) 'tutorial' retrieved from /home/airflow/.local/lib/python3.8/site-packages/airflow/example_dags/tutorial.py
[2026-03-23T03:42:57.593+0000] {logging_mixin.py:188} INFO - [2026-03-23T03:42:57.593+0000] {dag.py:3047} INFO - Sync 1 DAGs
[2026-03-23T03:42:57.614+0000] {logging_mixin.py:188} INFO - [2026-03-23T03:42:57.614+0000] {dag.py:3834} INFO - Setting next_dagrun for tutorial to 2026-03-22 00:00:00+00:00, run_after=2026-03-23 00:00:00+00:00
[2026-03-23T03:42:57.639+0000] {processor.py:183} INFO - Processing /home/airflow/.local/lib/python3.8/site-packages/airflow/example_dags/tutorial.py took 0.075 seconds
[2026-03-23T03:43:28.002+0000] {processor.py:161} INFO - Started process (PID=766) to work on /home/airflow/.local/lib/python3.8/site-packages/airflow/example_dags/tutorial.py
[2026-03-23T03:43:28.003+0000] {processor.py:830} INFO - Processing file /home/airflow/.local/lib/python3.8/site-packages/airflow/example_dags/tutorial.py for tasks to queue
[2026-03-23T03:43:28.005+0000] {logging_mixin.py:188} INFO - [2026-03-23T03:43:28.005+0000] {dagbag.py:540} INFO - Filling up the DagBag from /home/airflow/.local/lib/python3.8/site-packages/airflow/example_dags/tutorial.py
[2026-03-23T03:43:28.010+0000] {processor.py:840} INFO - DAG(s) 'tutorial' retrieved from /home/airflow/.local/lib/python3.8/site-packages/airflow/example_dags/tutorial.py
[2026-03-23T03:43:28.030+0000] {logging_mixin.py:188} INFO - [2026-03-23T03:43:28.030+0000] {dag.py:3047} INFO - Sync 1 DAGs
[2026-03-23T03:43:28.051+0000] {logging_mixin.py:188} INFO - [2026-03-23T03:43:28.051+0000] {dag.py:3834} INFO - Setting next_dagrun for tutorial to 2026-03-22 00:00:00+00:00, run_after=2026-03-23 00:00:00+00:00
[2026-03-23T03:43:28.070+0000] {processor.py:183} INFO - Processing /home/airflow/.local/lib/python3.8/site-packages/airflow/example_dags/tutorial.py took 0.071 seconds
[2026-03-23T03:43:58.480+0000] {processor.py:161} INFO - Started process (PID=821) to work on /home/airflow/.local/lib/python3.8/site-packages/airflow/example_dags/tutorial.py
[2026-03-23T03:43:58.481+0000] {processor.py:830} INFO - Processing file /home/airflow/.local/lib/python3.8/site-packages/airflow/example_dags/tutorial.py for tasks to queue
[2026-03-23T03:43:58.483+0000] {logging_mixin.py:188} INFO - [2026-03-23T03:43:58.483+0000] {dagbag.py:540} INFO - Filling up the DagBag from /home/airflow/.local/lib/python3.8/site-packages/airflow/example_dags/tutorial.py
[2026-03-23T03:43:58.488+0000] {processor.py:840} INFO - DAG(s) 'tutorial' retrieved from /home/airflow/.local/lib/python3.8/site-packages/airflow/example_dags/tutorial.py
[2026-03-23T03:43:58.507+0000] {logging_mixin.py:188} INFO - [2026-03-23T03:43:58.507+0000] {dag.py:3047} INFO - Sync 1 DAGs
[2026-03-23T03:43:58.526+0000] {logging_mixin.py:188} INFO - [2026-03-23T03:43:58.525+0000] {dag.py:3834} INFO - Setting next_dagrun for tutorial to 2026-03-22 00:00:00+00:00, run_after=2026-03-23 00:00:00+00:00
[2026-03-23T03:43:58.545+0000] {processor.py:183} INFO - Processing /home/airflow/.local/lib/python3.8/site-packages/airflow/example_dags/tutorial.py took 0.068 seconds
[2026-03-23T03:44:28.996+0000] {processor.py:161} INFO - Started process (PID=876) to work on /home/airflow/.local/lib/python3.8/site-packages/airflow/example_dags/tutorial.py
[2026-03-23T03:44:28.997+0000] {processor.py:830} INFO - Processing file /home/airflow/.local/lib/python3.8/site-packages/airflow/example_dags/tutorial.py for tasks to queue
[2026-03-23T03:44:28.999+0000] {logging_mixin.py:188} INFO - [2026-03-23T03:44:28.999+0000] {dagbag.py:540} INFO - Filling up the DagBag from /home/airflow/.local/lib/python3.8/site-packages/airflow/example_dags/tutorial.py
[2026-03-23T03:44:29.004+0000] {processor.py:840} INFO - DAG(s) 'tutorial' retrieved from /home/airflow/.local/lib/python3.8/site-packages/airflow/example_dags/tutorial.py
[2026-03-23T03:44:29.025+0000] {logging_mixin.py:188} INFO - [2026-03-23T03:44:29.025+0000] {dag.py:3047} INFO - Sync 1 DAGs
[2026-03-23T03:44:29.045+0000] {logging_mixin.py:188} INFO - [2026-03-23T03:44:29.045+0000] {dag.py:3834} INFO - Setting next_dagrun for tutorial to 2026-03-22 00:00:00+00:00, run_after=2026-03-23 00:00:00+00:00
[2026-03-23T03:44:29.064+0000] {processor.py:183} INFO - Processing /home/airflow/.local/lib/python3.8/site-packages/airflow/example_dags/tutorial.py took 0.071 seconds
[2026-03-23T03:44:59.454+0000] {processor.py:161} INFO - Started process (PID=931) to work on /home/airflow/.local/lib/python3.8/site-packages/airflow/example_dags/tutorial.py
[2026-03-23T03:44:59.455+0000] {processor.py:830} INFO - Processing file /home/airflow/.local/lib/python3.8/site-packages/airflow/example_dags/tutorial.py for tasks to queue
[2026-03-23T03:44:59.457+0000] {logging_mixin.py:188} INFO - [2026-03-23T03:44:59.457+0000] {dagbag.py:540} INFO - Filling up the DagBag from /home/airflow/.local/lib/python3.8/site-packages/airflow/example_dags/tutorial.py
[2026-03-23T03:44:59.463+0000] {processor.py:840} INFO - DAG(s) 'tutorial' retrieved from /home/airflow/.local/lib/python3.8/site-packages/airflow/example_dags/tutorial.py
[2026-03-23T03:44:59.485+0000] {logging_mixin.py:188} INFO - [2026-03-23T03:44:59.484+0000] {dag.py:3047} INFO - Sync 1 DAGs
[2026-03-23T03:44:59.508+0000] {logging_mixin.py:188} INFO - [2026-03-23T03:44:59.508+0000] {dag.py:3834} INFO - Setting next_dagrun for tutorial to 2026-03-22 00:00:00+00:00, run_after=2026-03-23 00:00:00+00:00
[2026-03-23T03:44:59.529+0000] {processor.py:183} INFO - Processing /home/airflow/.local/lib/python3.8/site-packages/airflow/example_dags/tutorial.py took 0.078 seconds
[2026-03-23T03:45:29.714+0000] {processor.py:161} INFO - Started process (PID=986) to work on /home/airflow/.local/lib/python3.8/site-packages/airflow/example_dags/tutorial.py
[2026-03-23T03:45:29.716+0000] {processor.py:830} INFO - Processing file /home/airflow/.local/lib/python3.8/site-packages/airflow/example_dags/tutorial.py for tasks to queue
[2026-03-23T03:45:29.718+0000] {logging_mixin.py:188} INFO - [2026-03-23T03:45:29.718+0000] {dagbag.py:540} INFO - Filling up the DagBag from /home/airflow/.local/lib/python3.8/site-packages/airflow/example_dags/tutorial.py
[2026-03-23T03:45:29.724+0000] {processor.py:840} INFO - DAG(s) 'tutorial' retrieved from /home/airflow/.local/lib/python3.8/site-packages/airflow/example_dags/tutorial.py
[2026-03-23T03:45:29.749+0000] {logging_mixin.py:188} INFO - [2026-03-23T03:45:29.748+0000] {dag.py:3047} INFO - Sync 1 DAGs
[2026-03-23T03:45:29.774+0000] {logging_mixin.py:188} INFO - [2026-03-23T03:45:29.774+0000] {dag.py:3834} INFO - Setting next_dagrun for tutorial to 2026-03-22 00:00:00+00:00, run_after=2026-03-23 00:00:00+00:00
[2026-03-23T03:45:29.797+0000] {processor.py:183} INFO - Processing /home/airflow/.local/lib/python3.8/site-packages/airflow/example_dags/tutorial.py took 0.086 seconds
[2026-03-23T03:45:59.986+0000] {processor.py:161} INFO - Started process (PID=1041) to work on /home/airflow/.local/lib/python3.8/site-packages/airflow/example_dags/tutorial.py
[2026-03-23T03:45:59.987+0000] {processor.py:830} INFO - Processing file /home/airflow/.local/lib/python3.8/site-packages/airflow/example_dags/tutorial.py for tasks to queue
[2026-03-23T03:45:59.989+0000] {logging_mixin.py:188} INFO - [2026-03-23T03:45:59.989+0000] {dagbag.py:540} INFO - Filling up the DagBag from /home/airflow/.local/lib/python3.8/site-packages/airflow/example_dags/tutorial.py
[2026-03-23T03:45:59.995+0000] {processor.py:840} INFO - DAG(s) 'tutorial' retrieved from /home/airflow/.local/lib/python3.8/site-packages/airflow/example_dags/tutorial.py
[2026-03-23T03:46:00.017+0000] {logging_mixin.py:188} INFO - [2026-03-23T03:46:00.016+0000] {dag.py:3047} INFO - Sync 1 DAGs
[2026-03-23T03:46:00.044+0000] {logging_mixin.py:188} INFO - [2026-03-23T03:46:00.043+0000] {dag.py:3834} INFO - Setting next_dagrun for tutorial to 2026-03-22 00:00:00+00:00, run_after=2026-03-23 00:00:00+00:00
[2026-03-23T03:46:00.065+0000] {processor.py:183} INFO - Processing /home/airflow/.local/lib/python3.8/site-packages/airflow/example_dags/tutorial.py took 0.083 seconds
[2026-03-23T03:46:30.385+0000] {processor.py:161} INFO - Started process (PID=1096) to work on /home/airflow/.local/lib/python3.8/site-packages/airflow/example_dags/tutorial.py
[2026-03-23T03:46:30.386+0000] {processor.py:830} INFO - Processing file /home/airflow/.local/lib/python3.8/site-packages/airflow/example_dags/tutorial.py for tasks to queue
[2026-03-23T03:46:30.388+0000] {logging_mixin.py:188} INFO - [2026-03-23T03:46:30.388+0000] {dagbag.py:540} INFO - Filling up the DagBag from /home/airflow/.local/lib/python3.8/site-packages/airflow/example_dags/tutorial.py
[2026-03-23T03:46:30.394+0000] {processor.py:840} INFO - DAG(s) 'tutorial' retrieved from /home/airflow/.local/lib/python3.8/site-packages/airflow/example_dags/tutorial.py
[2026-03-23T03:46:30.417+0000] {logging_mixin.py:188} INFO - [2026-03-23T03:46:30.416+0000] {dag.py:3047} INFO - Sync 1 DAGs
[2026-03-23T03:46:30.439+0000] {logging_mixin.py:188} INFO - [2026-03-23T03:46:30.439+0000] {dag.py:3834} INFO - Setting next_dagrun for tutorial to 2026-03-22 00:00:00+00:00, run_after=2026-03-23 00:00:00+00:00
[2026-03-23T03:46:30.461+0000] {processor.py:183} INFO - Processing /home/airflow/.local/lib/python3.8/site-packages/airflow/example_dags/tutorial.py took 0.079 seconds
[2026-03-23T03:47:00.717+0000] {processor.py:161} INFO - Started process (PID=1151) to work on /home/airflow/.local/lib/python3.8/site-packages/airflow/example_dags/tutorial.py
[2026-03-23T03:47:00.719+0000] {processor.py:830} INFO - Processing file /home/airflow/.local/lib/python3.8/site-packages/airflow/example_dags/tutorial.py for tasks to queue
[2026-03-23T03:47:00.721+0000] {logging_mixin.py:188} INFO - [2026-03-23T03:47:00.721+0000] {dagbag.py:540} INFO - Filling up the DagBag from /home/airflow/.local/lib/python3.8/site-packages/airflow/example_dags/tutorial.py
[2026-03-23T03:47:00.726+0000] {processor.py:840} INFO - DAG(s) 'tutorial' retrieved from /home/airflow/.local/lib/python3.8/site-packages/airflow/example_dags/tutorial.py
[2026-03-23T03:47:00.747+0000] {logging_mixin.py:188} INFO - [2026-03-23T03:47:00.746+0000] {dag.py:3047} INFO - Sync 1 DAGs
[2026-03-23T03:47:00.769+0000] {logging_mixin.py:188} INFO - [2026-03-23T03:47:00.769+0000] {dag.py:3834} INFO - Setting next_dagrun for tutorial to 2026-03-22 00:00:00+00:00, run_after=2026-03-23 00:00:00+00:00
[2026-03-23T03:47:00.791+0000] {processor.py:183} INFO - Processing /home/airflow/.local/lib/python3.8/site-packages/airflow/example_dags/tutorial.py took 0.076 seconds
[2026-03-23T03:47:30.839+0000] {processor.py:161} INFO - Started process (PID=1206) to work on /home/airflow/.local/lib/python3.8/site-packages/airflow/example_dags/tutorial.py
[2026-03-23T03:47:30.841+0000] {processor.py:830} INFO - Processing file /home/airflow/.local/lib/python3.8/site-packages/airflow/example_dags/tutorial.py for tasks to queue
[2026-03-23T03:47:30.842+0000] {logging_mixin.py:188} INFO - [2026-03-23T03:47:30.842+0000] {dagbag.py:540} INFO - Filling up the DagBag from /home/airflow/.local/lib/python3.8/site-packages/airflow/example_dags/tutorial.py
[2026-03-23T03:47:30.848+0000] {processor.py:840} INFO - DAG(s) 'tutorial' retrieved from /home/airflow/.local/lib/python3.8/site-packages/airflow/example_dags/tutorial.py
[2026-03-23T03:47:30.871+0000] {logging_mixin.py:188} INFO - [2026-03-23T03:47:30.870+0000] {dag.py:3047} INFO - Sync 1 DAGs
[2026-03-23T03:47:30.897+0000] {logging_mixin.py:188} INFO - [2026-03-23T03:47:30.897+0000] {dag.py:3834} INFO - Setting next_dagrun for tutorial to 2026-03-22 00:00:00+00:00, run_after=2026-03-23 00:00:00+00:00
[2026-03-23T03:47:30.922+0000] {processor.py:183} INFO - Processing /home/airflow/.local/lib/python3.8/site-packages/airflow/example_dags/tutorial.py took 0.085 seconds
[2026-03-23T03:48:01.169+0000] {processor.py:161} INFO - Started process (PID=1261) to work on /home/airflow/.local/lib/python3.8/site-packages/airflow/example_dags/tutorial.py
[2026-03-23T03:48:01.170+0000] {processor.py:830} INFO - Processing file /home/airflow/.local/lib/python3.8/site-packages/airflow/example_dags/tutorial.py for tasks to queue
[2026-03-23T03:48:01.172+0000] {logging_mixin.py:188} INFO - [2026-03-23T03:48:01.172+0000] {dagbag.py:540} INFO - Filling up the DagBag from /home/airflow/.local/lib/python3.8/site-packages/airflow/example_dags/tutorial.py
[2026-03-23T03:48:01.177+0000] {processor.py:840} INFO - DAG(s) 'tutorial' retrieved from /home/airflow/.local/lib/python3.8/site-packages/airflow/example_dags/tutorial.py
[2026-03-23T03:48:01.196+0000] {logging_mixin.py:188} INFO - [2026-03-23T03:48:01.196+0000] {dag.py:3047} INFO - Sync 1 DAGs
[2026-03-23T03:48:01.216+0000] {logging_mixin.py:188} INFO - [2026-03-23T03:48:01.216+0000] {dag.py:3834} INFO - Setting next_dagrun for tutorial to 2026-03-22 00:00:00+00:00, run_after=2026-03-23 00:00:00+00:00
[2026-03-23T03:48:01.236+0000] {processor.py:183} INFO - Processing /home/airflow/.local/lib/python3.8/site-packages/airflow/example_dags/tutorial.py took 0.069 seconds
[2026-03-23T03:48:31.939+0000] {processor.py:161} INFO - Started process (PID=1316) to work on /home/airflow/.local/lib/python3.8/site-packages/airflow/example_dags/tutorial.py
[2026-03-23T03:48:31.941+0000] {processor.py:830} INFO - Processing file /home/airflow/.local/lib/python3.8/site-packages/airflow/example_dags/tutorial.py for tasks to queue
[2026-03-23T03:48:31.943+0000] {logging_mixin.py:188} INFO - [2026-03-23T03:48:31.942+0000] {dagbag.py:540} INFO - Filling up the DagBag from /home/airflow/.local/lib/python3.8/site-packages/airflow/example_dags/tutorial.py
[2026-03-23T03:48:31.947+0000] {processor.py:840} INFO - DAG(s) 'tutorial' retrieved from /home/airflow/.local/lib/python3.8/site-packages/airflow/example_dags/tutorial.py
[2026-03-23T03:48:31.969+0000] {logging_mixin.py:188} INFO - [2026-03-23T03:48:31.969+0000] {dag.py:3047} INFO - Sync 1 DAGs
[2026-03-23T03:48:31.993+0000] {logging_mixin.py:188} INFO - [2026-03-23T03:48:31.993+0000] {dag.py:3834} INFO - Setting next_dagrun for tutorial to 2026-03-22 00:00:00+00:00, run_after=2026-03-23 00:00:00+00:00
[2026-03-23T03:48:32.017+0000] {processor.py:183} INFO - Processing /home/airflow/.local/lib/python3.8/site-packages/airflow/example_dags/tutorial.py took 0.082 seconds
[2026-03-23T03:49:02.349+0000] {processor.py:161} INFO - Started process (PID=1371) to work on /home/airflow/.local/lib/python3.8/site-packages/airflow/example_dags/tutorial.py
[2026-03-23T03:49:02.351+0000] {processor.py:830} INFO - Processing file /home/airflow/.local/lib/python3.8/site-packages/airflow/example_dags/tutorial.py for tasks to queue
[2026-03-23T03:49:02.354+0000] {logging_mixin.py:188} INFO - [2026-03-23T03:49:02.353+0000] {dagbag.py:540} INFO - Filling up the DagBag from /home/airflow/.local/lib/python3.8/site-packages/airflow/example_dags/tutorial.py
[2026-03-23T03:49:02.360+0000] {processor.py:840} INFO - DAG(s) 'tutorial' retrieved from /home/airflow/.local/lib/python3.8/site-packages/airflow/example_dags/tutorial.py
[2026-03-23T03:49:02.383+0000] {logging_mixin.py:188} INFO - [2026-03-23T03:49:02.383+0000] {dag.py:3047} INFO - Sync 1 DAGs
[2026-03-23T03:49:02.407+0000] {logging_mixin.py:188} INFO - [2026-03-23T03:49:02.407+0000] {dag.py:3834} INFO - Setting next_dagrun for tutorial to 2026-03-22 00:00:00+00:00, run_after=2026-03-23 00:00:00+00:00
[2026-03-23T03:49:02.429+0000] {processor.py:183} INFO - Processing /home/airflow/.local/lib/python3.8/site-packages/airflow/example_dags/tutorial.py took 0.083 seconds
[2026-03-23T03:49:32.732+0000] {processor.py:161} INFO - Started process (PID=1426) to work on /home/airflow/.local/lib/python3.8/site-packages/airflow/example_dags/tutorial.py
[2026-03-23T03:49:32.733+0000] {processor.py:830} INFO - Processing file /home/airflow/.local/lib/python3.8/site-packages/airflow/example_dags/tutorial.py for tasks to queue
[2026-03-23T03:49:32.734+0000] {logging_mixin.py:188} INFO - [2026-03-23T03:49:32.734+0000] {dagbag.py:540} INFO - Filling up the DagBag from /home/airflow/.local/lib/python3.8/site-packages/airflow/example_dags/tutorial.py
[2026-03-23T03:49:32.740+0000] {processor.py:840} INFO - DAG(s) 'tutorial' retrieved from /home/airflow/.local/lib/python3.8/site-packages/airflow/example_dags/tutorial.py
[2026-03-23T03:49:32.761+0000] {logging_mixin.py:188} INFO - [2026-03-23T03:49:32.761+0000] {dag.py:3047} INFO - Sync 1 DAGs
[2026-03-23T03:49:32.783+0000] {logging_mixin.py:188} INFO - [2026-03-23T03:49:32.783+0000] {dag.py:3834} INFO - Setting next_dagrun for tutorial to 2026-03-22 00:00:00+00:00, run_after=2026-03-23 00:00:00+00:00
[2026-03-23T03:49:32.805+0000] {processor.py:183} INFO - Processing /home/airflow/.local/lib/python3.8/site-packages/airflow/example_dags/tutorial.py took 0.077 seconds
[2026-03-23T03:50:49.638+0000] {processor.py:161} INFO - Started process (PID=106) to work on /home/airflow/.local/lib/python3.8/site-packages/airflow/example_dags/tutorial.py
[2026-03-23T03:50:49.640+0000] {processor.py:830} INFO - Processing file /home/airflow/.local/lib/python3.8/site-packages/airflow/example_dags/tutorial.py for tasks to queue
[2026-03-23T03:50:49.642+0000] {logging_mixin.py:188} INFO - [2026-03-23T03:50:49.642+0000] {dagbag.py:540} INFO - Filling up the DagBag from /home/airflow/.local/lib/python3.8/site-packages/airflow/example_dags/tutorial.py
[2026-03-23T03:50:49.652+0000] {processor.py:840} INFO - DAG(s) 'tutorial' retrieved from /home/airflow/.local/lib/python3.8/site-packages/airflow/example_dags/tutorial.py
[2026-03-23T03:50:49.670+0000] {logging_mixin.py:188} INFO - [2026-03-23T03:50:49.669+0000] {dag.py:3047} INFO - Sync 1 DAGs
[2026-03-23T03:50:49.702+0000] {logging_mixin.py:188} INFO - [2026-03-23T03:50:49.702+0000] {dag.py:3834} INFO - Setting next_dagrun for tutorial to 2026-03-22 00:00:00+00:00, run_after=2026-03-23 00:00:00+00:00
[2026-03-23T03:50:49.727+0000] {processor.py:183} INFO - Processing /home/airflow/.local/lib/python3.8/site-packages/airflow/example_dags/tutorial.py took 0.093 seconds
[2026-03-23T03:51:22.000+0000] {processor.py:161} INFO - Started process (PID=161) to work on /home/airflow/.local/lib/python3.8/site-packages/airflow/example_dags/tutorial.py
[2026-03-23T03:51:22.002+0000] {processor.py:830} INFO - Processing file /home/airflow/.local/lib/python3.8/site-packages/airflow/example_dags/tutorial.py for tasks to queue
[2026-03-23T03:51:22.004+0000] {logging_mixin.py:188} INFO - [2026-03-23T03:51:22.003+0000] {dagbag.py:540} INFO - Filling up the DagBag from /home/airflow/.local/lib/python3.8/site-packages/airflow/example_dags/tutorial.py
[2026-03-23T03:51:22.010+0000] {processor.py:840} INFO - DAG(s) 'tutorial' retrieved from /home/airflow/.local/lib/python3.8/site-packages/airflow/example_dags/tutorial.py
[2026-03-23T03:51:22.142+0000] {logging_mixin.py:188} INFO - [2026-03-23T03:51:22.141+0000] {dag.py:3047} INFO - Sync 1 DAGs
[2026-03-23T03:51:22.168+0000] {logging_mixin.py:188} INFO - [2026-03-23T03:51:22.167+0000] {dag.py:3834} INFO - Setting next_dagrun for tutorial to 2026-03-22 00:00:00+00:00, run_after=2026-03-23 00:00:00+00:00
[2026-03-23T03:51:22.193+0000] {processor.py:183} INFO - Processing /home/airflow/.local/lib/python3.8/site-packages/airflow/example_dags/tutorial.py took 0.197 seconds
[2026-03-23T03:51:52.277+0000] {processor.py:161} INFO - Started process (PID=216) to work on /home/airflow/.local/lib/python3.8/site-packages/airflow/example_dags/tutorial.py
[2026-03-23T03:51:52.278+0000] {processor.py:830} INFO - Processing file /home/airflow/.local/lib/python3.8/site-packages/airflow/example_dags/tutorial.py for tasks to queue
[2026-03-23T03:51:52.280+0000] {logging_mixin.py:188} INFO - [2026-03-23T03:51:52.280+0000] {dagbag.py:540} INFO - Filling up the DagBag from /home/airflow/.local/lib/python3.8/site-packages/airflow/example_dags/tutorial.py
[2026-03-23T03:51:52.286+0000] {processor.py:840} INFO - DAG(s) 'tutorial' retrieved from /home/airflow/.local/lib/python3.8/site-packages/airflow/example_dags/tutorial.py
[2026-03-23T03:51:52.308+0000] {logging_mixin.py:188} INFO - [2026-03-23T03:51:52.308+0000] {dag.py:3047} INFO - Sync 1 DAGs
[2026-03-23T03:51:52.331+0000] {logging_mixin.py:188} INFO - [2026-03-23T03:51:52.331+0000] {dag.py:3834} INFO - Setting next_dagrun for tutorial to 2026-03-22 00:00:00+00:00, run_after=2026-03-23 00:00:00+00:00
[2026-03-23T03:51:52.358+0000] {processor.py:183} INFO - Processing /home/airflow/.local/lib/python3.8/site-packages/airflow/example_dags/tutorial.py took 0.085 seconds
[2026-03-23T03:52:22.461+0000] {processor.py:161} INFO - Started process (PID=271) to work on /home/airflow/.local/lib/python3.8/site-packages/airflow/example_dags/tutorial.py
[2026-03-23T03:52:22.462+0000] {processor.py:830} INFO - Processing file /home/airflow/.local/lib/python3.8/site-packages/airflow/example_dags/tutorial.py for tasks to queue
[2026-03-23T03:52:22.465+0000] {logging_mixin.py:188} INFO - [2026-03-23T03:52:22.465+0000] {dagbag.py:540} INFO - Filling up the DagBag from /home/airflow/.local/lib/python3.8/site-packages/airflow/example_dags/tutorial.py
[2026-03-23T03:52:22.471+0000] {processor.py:840} INFO - DAG(s) 'tutorial' retrieved from /home/airflow/.local/lib/python3.8/site-packages/airflow/example_dags/tutorial.py
[2026-03-23T03:52:22.492+0000] {logging_mixin.py:188} INFO - [2026-03-23T03:52:22.491+0000] {dag.py:3047} INFO - Sync 1 DAGs
[2026-03-23T03:52:22.515+0000] {logging_mixin.py:188} INFO - [2026-03-23T03:52:22.514+0000] {dag.py:3834} INFO - Setting next_dagrun for tutorial to 2026-03-22 00:00:00+00:00, run_after=2026-03-23 00:00:00+00:00
[2026-03-23T03:52:22.536+0000] {processor.py:183} INFO - Processing /home/airflow/.local/lib/python3.8/site-packages/airflow/example_dags/tutorial.py took 0.078 seconds
[2026-03-23T03:52:53.369+0000] {processor.py:161} INFO - Started process (PID=326) to work on /home/airflow/.local/lib/python3.8/site-packages/airflow/example_dags/tutorial.py
[2026-03-23T03:52:53.371+0000] {processor.py:830} INFO - Processing file /home/airflow/.local/lib/python3.8/site-packages/airflow/example_dags/tutorial.py for tasks to queue
[2026-03-23T03:52:53.373+0000] {logging_mixin.py:188} INFO - [2026-03-23T03:52:53.373+0000] {dagbag.py:540} INFO - Filling up the DagBag from /home/airflow/.local/lib/python3.8/site-packages/airflow/example_dags/tutorial.py
[2026-03-23T03:52:53.379+0000] {processor.py:840} INFO - DAG(s) 'tutorial' retrieved from /home/airflow/.local/lib/python3.8/site-packages/airflow/example_dags/tutorial.py
[2026-03-23T03:52:53.404+0000] {logging_mixin.py:188} INFO - [2026-03-23T03:52:53.403+0000] {dag.py:3047} INFO - Sync 1 DAGs
[2026-03-23T03:52:53.431+0000] {logging_mixin.py:188} INFO - [2026-03-23T03:52:53.431+0000] {dag.py:3834} INFO - Setting next_dagrun for tutorial to 2026-03-22 00:00:00+00:00, run_after=2026-03-23 00:00:00+00:00
[2026-03-23T03:52:53.457+0000] {processor.py:183} INFO - Processing /home/airflow/.local/lib/python3.8/site-packages/airflow/example_dags/tutorial.py took 0.090 seconds
[2026-03-23T03:53:24.248+0000] {processor.py:161} INFO - Started process (PID=381) to work on /home/airflow/.local/lib/python3.8/site-packages/airflow/example_dags/tutorial.py
[2026-03-23T03:53:24.249+0000] {processor.py:830} INFO - Processing file /home/airflow/.local/lib/python3.8/site-packages/airflow/example_dags/tutorial.py for tasks to queue
[2026-03-23T03:53:24.251+0000] {logging_mixin.py:188} INFO - [2026-03-23T03:53:24.251+0000] {dagbag.py:540} INFO - Filling up the DagBag from /home/airflow/.local/lib/python3.8/site-packages/airflow/example_dags/tutorial.py
[2026-03-23T03:53:24.259+0000] {processor.py:840} INFO - DAG(s) 'tutorial' retrieved from /home/airflow/.local/lib/python3.8/site-packages/airflow/example_dags/tutorial.py
[2026-03-23T03:53:24.285+0000] {logging_mixin.py:188} INFO - [2026-03-23T03:53:24.284+0000] {dag.py:3047} INFO - Sync 1 DAGs
[2026-03-23T03:53:24.313+0000] {logging_mixin.py:188} INFO - [2026-03-23T03:53:24.313+0000] {dag.py:3834} INFO - Setting next_dagrun for tutorial to 2026-03-22 00:00:00+00:00, run_after=2026-03-23 00:00:00+00:00
[2026-03-23T03:53:24.340+0000] {processor.py:183} INFO - Processing /home/airflow/.local/lib/python3.8/site-packages/airflow/example_dags/tutorial.py took 0.096 seconds
[2026-03-23T03:53:54.473+0000] {processor.py:161} INFO - Started process (PID=436) to work on /home/airflow/.local/lib/python3.8/site-packages/airflow/example_dags/tutorial.py
[2026-03-23T03:53:54.475+0000] {processor.py:830} INFO - Processing file /home/airflow/.local/lib/python3.8/site-packages/airflow/example_dags/tutorial.py for tasks to queue
[2026-03-23T03:53:54.476+0000] {logging_mixin.py:188} INFO - [2026-03-23T03:53:54.476+0000] {dagbag.py:540} INFO - Filling up the DagBag from /home/airflow/.local/lib/python3.8/site-packages/airflow/example_dags/tutorial.py
[2026-03-23T03:53:54.482+0000] {processor.py:840} INFO - DAG(s) 'tutorial' retrieved from /home/airflow/.local/lib/python3.8/site-packages/airflow/example_dags/tutorial.py
[2026-03-23T03:53:54.502+0000] {logging_mixin.py:188} INFO - [2026-03-23T03:53:54.502+0000] {dag.py:3047} INFO - Sync 1 DAGs
[2026-03-23T03:53:54.525+0000] {logging_mixin.py:188} INFO - [2026-03-23T03:53:54.525+0000] {dag.py:3834} INFO - Setting next_dagrun for tutorial to 2026-03-22 00:00:00+00:00, run_after=2026-03-23 00:00:00+00:00
[2026-03-23T03:53:54.547+0000] {processor.py:183} INFO - Processing /home/airflow/.local/lib/python3.8/site-packages/airflow/example_dags/tutorial.py took 0.077 seconds
[2026-03-23T03:54:24.751+0000] {processor.py:161} INFO - Started process (PID=491) to work on /home/airflow/.local/lib/python3.8/site-packages/airflow/example_dags/tutorial.py
[2026-03-23T03:54:24.753+0000] {processor.py:830} INFO - Processing file /home/airflow/.local/lib/python3.8/site-packages/airflow/example_dags/tutorial.py for tasks to queue
[2026-03-23T03:54:24.754+0000] {logging_mixin.py:188} INFO - [2026-03-23T03:54:24.754+0000] {dagbag.py:540} INFO - Filling up the DagBag from /home/airflow/.local/lib/python3.8/site-packages/airflow/example_dags/tutorial.py
[2026-03-23T03:54:24.759+0000] {processor.py:840} INFO - DAG(s) 'tutorial' retrieved from /home/airflow/.local/lib/python3.8/site-packages/airflow/example_dags/tutorial.py
[2026-03-23T03:54:24.779+0000] {logging_mixin.py:188} INFO - [2026-03-23T03:54:24.778+0000] {dag.py:3047} INFO - Sync 1 DAGs
[2026-03-23T03:54:24.802+0000] {logging_mixin.py:188} INFO - [2026-03-23T03:54:24.802+0000] {dag.py:3834} INFO - Setting next_dagrun for tutorial to 2026-03-22 00:00:00+00:00, run_after=2026-03-23 00:00:00+00:00
[2026-03-23T03:54:24.827+0000] {processor.py:183} INFO - Processing /home/airflow/.local/lib/python3.8/site-packages/airflow/example_dags/tutorial.py took 0.078 seconds
[2026-03-23T03:54:55.135+0000] {processor.py:161} INFO - Started process (PID=546) to work on /home/airflow/.local/lib/python3.8/site-packages/airflow/example_dags/tutorial.py
[2026-03-23T03:54:55.136+0000] {processor.py:830} INFO - Processing file /home/airflow/.local/lib/python3.8/site-packages/airflow/example_dags/tutorial.py for tasks to queue
[2026-03-23T03:54:55.138+0000] {logging_mixin.py:188} INFO - [2026-03-23T03:54:55.137+0000] {dagbag.py:540} INFO - Filling up the DagBag from /home/airflow/.local/lib/python3.8/site-packages/airflow/example_dags/tutorial.py
[2026-03-23T03:54:55.143+0000] {processor.py:840} INFO - DAG(s) 'tutorial' retrieved from /home/airflow/.local/lib/python3.8/site-packages/airflow/example_dags/tutorial.py
[2026-03-23T03:54:55.165+0000] {logging_mixin.py:188} INFO - [2026-03-23T03:54:55.165+0000] {dag.py:3047} INFO - Sync 1 DAGs
[2026-03-23T03:54:55.187+0000] {logging_mixin.py:188} INFO - [2026-03-23T03:54:55.186+0000] {dag.py:3834} INFO - Setting next_dagrun for tutorial to 2026-03-22 00:00:00+00:00, run_after=2026-03-23 00:00:00+00:00
[2026-03-23T03:54:55.213+0000] {processor.py:183} INFO - Processing /home/airflow/.local/lib/python3.8/site-packages/airflow/example_dags/tutorial.py took 0.081 seconds
[2026-03-23T03:55:25.335+0000] {processor.py:161} INFO - Started process (PID=601) to work on /home/airflow/.local/lib/python3.8/site-packages/airflow/example_dags/tutorial.py
[2026-03-23T03:55:25.336+0000] {processor.py:830} INFO - Processing file /home/airflow/.local/lib/python3.8/site-packages/airflow/example_dags/tutorial.py for tasks to queue
[2026-03-23T03:55:25.339+0000] {logging_mixin.py:188} INFO - [2026-03-23T03:55:25.338+0000] {dagbag.py:540} INFO - Filling up the DagBag from /home/airflow/.local/lib/python3.8/site-packages/airflow/example_dags/tutorial.py
[2026-03-23T03:55:25.344+0000] {processor.py:840} INFO - DAG(s) 'tutorial' retrieved from /home/airflow/.local/lib/python3.8/site-packages/airflow/example_dags/tutorial.py
[2026-03-23T03:55:25.364+0000] {logging_mixin.py:188} INFO - [2026-03-23T03:55:25.364+0000] {dag.py:3047} INFO - Sync 1 DAGs
[2026-03-23T03:55:25.385+0000] {logging_mixin.py:188} INFO - [2026-03-23T03:55:25.384+0000] {dag.py:3834} INFO - Setting next_dagrun for tutorial to 2026-03-22 00:00:00+00:00, run_after=2026-03-23 00:00:00+00:00
[2026-03-23T03:55:25.407+0000] {processor.py:183} INFO - Processing /home/airflow/.local/lib/python3.8/site-packages/airflow/example_dags/tutorial.py took 0.074 seconds
[2026-03-23T03:55:55.624+0000] {processor.py:161} INFO - Started process (PID=656) to work on /home/airflow/.local/lib/python3.8/site-packages/airflow/example_dags/tutorial.py
[2026-03-23T03:55:55.626+0000] {processor.py:830} INFO - Processing file /home/airflow/.local/lib/python3.8/site-packages/airflow/example_dags/tutorial.py for tasks to queue
[2026-03-23T03:55:55.627+0000] {logging_mixin.py:188} INFO - [2026-03-23T03:55:55.627+0000] {dagbag.py:540} INFO - Filling up the DagBag from /home/airflow/.local/lib/python3.8/site-packages/airflow/example_dags/tutorial.py
[2026-03-23T03:55:55.633+0000] {processor.py:840} INFO - DAG(s) 'tutorial' retrieved from /home/airflow/.local/lib/python3.8/site-packages/airflow/example_dags/tutorial.py
[2026-03-23T03:55:55.653+0000] {logging_mixin.py:188} INFO - [2026-03-23T03:55:55.653+0000] {dag.py:3047} INFO - Sync 1 DAGs
[2026-03-23T03:55:55.677+0000] {logging_mixin.py:188} INFO - [2026-03-23T03:55:55.677+0000] {dag.py:3834} INFO - Setting next_dagrun for tutorial to 2026-03-22 00:00:00+00:00, run_after=2026-03-23 00:00:00+00:00
[2026-03-23T03:55:55.701+0000] {processor.py:183} INFO - Processing /home/airflow/.local/lib/python3.8/site-packages/airflow/example_dags/tutorial.py took 0.080 seconds
[2026-03-23T03:56:25.965+0000] {processor.py:161} INFO - Started process (PID=711) to work on /home/airflow/.local/lib/python3.8/site-packages/airflow/example_dags/tutorial.py
[2026-03-23T03:56:25.967+0000] {processor.py:830} INFO - Processing file /home/airflow/.local/lib/python3.8/site-packages/airflow/example_dags/tutorial.py for tasks to queue
[2026-03-23T03:56:25.969+0000] {logging_mixin.py:188} INFO - [2026-03-23T03:56:25.969+0000] {dagbag.py:540} INFO - Filling up the DagBag from /home/airflow/.local/lib/python3.8/site-packages/airflow/example_dags/tutorial.py
[2026-03-23T03:56:25.975+0000] {processor.py:840} INFO - DAG(s) 'tutorial' retrieved from /home/airflow/.local/lib/python3.8/site-packages/airflow/example_dags/tutorial.py
[2026-03-23T03:56:25.996+0000] {logging_mixin.py:188} INFO - [2026-03-23T03:56:25.996+0000] {dag.py:3047} INFO - Sync 1 DAGs
[2026-03-23T03:56:26.021+0000] {logging_mixin.py:188} INFO - [2026-03-23T03:56:26.021+0000] {dag.py:3834} INFO - Setting next_dagrun for tutorial to 2026-03-22 00:00:00+00:00, run_after=2026-03-23 00:00:00+00:00
[2026-03-23T03:56:26.047+0000] {processor.py:183} INFO - Processing /home/airflow/.local/lib/python3.8/site-packages/airflow/example_dags/tutorial.py took 0.085 seconds
