[2026-03-23T03:21:15.180+0000] {processor.py:161} INFO - Started process (PID=83) to work on /home/airflow/.local/lib/python3.8/site-packages/airflow/example_dags/tutorial_dag.py
[2026-03-23T03:21:15.181+0000] {processor.py:830} INFO - Processing file /home/airflow/.local/lib/python3.8/site-packages/airflow/example_dags/tutorial_dag.py for tasks to queue
[2026-03-23T03:21:15.184+0000] {logging_mixin.py:188} INFO - [2026-03-23T03:21:15.184+0000] {dagbag.py:540} INFO - Filling up the DagBag from /home/airflow/.local/lib/python3.8/site-packages/airflow/example_dags/tutorial_dag.py
[2026-03-23T03:21:15.193+0000] {processor.py:840} INFO - DAG(s) 'tutorial_dag' retrieved from /home/airflow/.local/lib/python3.8/site-packages/airflow/example_dags/tutorial_dag.py
[2026-03-23T03:21:15.208+0000] {logging_mixin.py:188} INFO - [2026-03-23T03:21:15.207+0000] {dag.py:3047} INFO - Sync 1 DAGs
[2026-03-23T03:21:15.223+0000] {logging_mixin.py:188} INFO - [2026-03-23T03:21:15.223+0000] {dag.py:3834} INFO - Setting next_dagrun for tutorial_dag to None, run_after=None
[2026-03-23T03:21:15.248+0000] {processor.py:183} INFO - Processing /home/airflow/.local/lib/python3.8/site-packages/airflow/example_dags/tutorial_dag.py took 0.073 seconds
[2026-03-23T03:21:45.303+0000] {processor.py:161} INFO - Started process (PID=138) to work on /home/airflow/.local/lib/python3.8/site-packages/airflow/example_dags/tutorial_dag.py
[2026-03-23T03:21:45.304+0000] {processor.py:830} INFO - Processing file /home/airflow/.local/lib/python3.8/site-packages/airflow/example_dags/tutorial_dag.py for tasks to queue
[2026-03-23T03:21:45.307+0000] {logging_mixin.py:188} INFO - [2026-03-23T03:21:45.306+0000] {dagbag.py:540} INFO - Filling up the DagBag from /home/airflow/.local/lib/python3.8/site-packages/airflow/example_dags/tutorial_dag.py
[2026-03-23T03:21:45.311+0000] {processor.py:840} INFO - DAG(s) 'tutorial_dag' retrieved from /home/airflow/.local/lib/python3.8/site-packages/airflow/example_dags/tutorial_dag.py
[2026-03-23T03:21:45.323+0000] {logging_mixin.py:188} INFO - [2026-03-23T03:21:45.323+0000] {dag.py:3047} INFO - Sync 1 DAGs
[2026-03-23T03:21:45.337+0000] {logging_mixin.py:188} INFO - [2026-03-23T03:21:45.336+0000] {dag.py:3834} INFO - Setting next_dagrun for tutorial_dag to None, run_after=None
[2026-03-23T03:21:45.359+0000] {processor.py:183} INFO - Processing /home/airflow/.local/lib/python3.8/site-packages/airflow/example_dags/tutorial_dag.py took 0.058 seconds
[2026-03-23T03:22:17.113+0000] {processor.py:161} INFO - Started process (PID=193) to work on /home/airflow/.local/lib/python3.8/site-packages/airflow/example_dags/tutorial_dag.py
[2026-03-23T03:22:17.114+0000] {processor.py:830} INFO - Processing file /home/airflow/.local/lib/python3.8/site-packages/airflow/example_dags/tutorial_dag.py for tasks to queue
[2026-03-23T03:22:17.117+0000] {logging_mixin.py:188} INFO - [2026-03-23T03:22:17.116+0000] {dagbag.py:540} INFO - Filling up the DagBag from /home/airflow/.local/lib/python3.8/site-packages/airflow/example_dags/tutorial_dag.py
[2026-03-23T03:22:17.122+0000] {processor.py:840} INFO - DAG(s) 'tutorial_dag' retrieved from /home/airflow/.local/lib/python3.8/site-packages/airflow/example_dags/tutorial_dag.py
[2026-03-23T03:22:17.273+0000] {logging_mixin.py:188} INFO - [2026-03-23T03:22:17.272+0000] {dag.py:3047} INFO - Sync 1 DAGs
[2026-03-23T03:22:17.292+0000] {logging_mixin.py:188} INFO - [2026-03-23T03:22:17.291+0000] {dag.py:3834} INFO - Setting next_dagrun for tutorial_dag to None, run_after=None
[2026-03-23T03:22:17.325+0000] {processor.py:183} INFO - Processing /home/airflow/.local/lib/python3.8/site-packages/airflow/example_dags/tutorial_dag.py took 0.215 seconds
[2026-03-23T03:22:47.986+0000] {processor.py:161} INFO - Started process (PID=254) to work on /home/airflow/.local/lib/python3.8/site-packages/airflow/example_dags/tutorial_dag.py
[2026-03-23T03:22:47.987+0000] {processor.py:830} INFO - Processing file /home/airflow/.local/lib/python3.8/site-packages/airflow/example_dags/tutorial_dag.py for tasks to queue
[2026-03-23T03:22:47.990+0000] {logging_mixin.py:188} INFO - [2026-03-23T03:22:47.989+0000] {dagbag.py:540} INFO - Filling up the DagBag from /home/airflow/.local/lib/python3.8/site-packages/airflow/example_dags/tutorial_dag.py
[2026-03-23T03:22:47.995+0000] {processor.py:840} INFO - DAG(s) 'tutorial_dag' retrieved from /home/airflow/.local/lib/python3.8/site-packages/airflow/example_dags/tutorial_dag.py
[2026-03-23T03:22:48.016+0000] {logging_mixin.py:188} INFO - [2026-03-23T03:22:48.016+0000] {dag.py:3047} INFO - Sync 1 DAGs
[2026-03-23T03:22:48.030+0000] {logging_mixin.py:188} INFO - [2026-03-23T03:22:48.030+0000] {dag.py:3834} INFO - Setting next_dagrun for tutorial_dag to None, run_after=None
[2026-03-23T03:22:48.056+0000] {processor.py:183} INFO - Processing /home/airflow/.local/lib/python3.8/site-packages/airflow/example_dags/tutorial_dag.py took 0.073 seconds
[2026-03-23T03:23:18.997+0000] {processor.py:161} INFO - Started process (PID=309) to work on /home/airflow/.local/lib/python3.8/site-packages/airflow/example_dags/tutorial_dag.py
[2026-03-23T03:23:18.998+0000] {processor.py:830} INFO - Processing file /home/airflow/.local/lib/python3.8/site-packages/airflow/example_dags/tutorial_dag.py for tasks to queue
[2026-03-23T03:23:18.999+0000] {logging_mixin.py:188} INFO - [2026-03-23T03:23:18.999+0000] {dagbag.py:540} INFO - Filling up the DagBag from /home/airflow/.local/lib/python3.8/site-packages/airflow/example_dags/tutorial_dag.py
[2026-03-23T03:23:19.004+0000] {processor.py:840} INFO - DAG(s) 'tutorial_dag' retrieved from /home/airflow/.local/lib/python3.8/site-packages/airflow/example_dags/tutorial_dag.py
[2026-03-23T03:23:19.022+0000] {logging_mixin.py:188} INFO - [2026-03-23T03:23:19.022+0000] {dag.py:3047} INFO - Sync 1 DAGs
[2026-03-23T03:23:19.033+0000] {logging_mixin.py:188} INFO - [2026-03-23T03:23:19.033+0000] {dag.py:3834} INFO - Setting next_dagrun for tutorial_dag to None, run_after=None
[2026-03-23T03:23:19.052+0000] {processor.py:183} INFO - Processing /home/airflow/.local/lib/python3.8/site-packages/airflow/example_dags/tutorial_dag.py took 0.059 seconds
[2026-03-23T03:25:09.351+0000] {processor.py:161} INFO - Started process (PID=83) to work on /home/airflow/.local/lib/python3.8/site-packages/airflow/example_dags/tutorial_dag.py
[2026-03-23T03:25:09.353+0000] {processor.py:830} INFO - Processing file /home/airflow/.local/lib/python3.8/site-packages/airflow/example_dags/tutorial_dag.py for tasks to queue
[2026-03-23T03:25:09.357+0000] {logging_mixin.py:188} INFO - [2026-03-23T03:25:09.356+0000] {dagbag.py:540} INFO - Filling up the DagBag from /home/airflow/.local/lib/python3.8/site-packages/airflow/example_dags/tutorial_dag.py
[2026-03-23T03:25:09.370+0000] {processor.py:840} INFO - DAG(s) 'tutorial_dag' retrieved from /home/airflow/.local/lib/python3.8/site-packages/airflow/example_dags/tutorial_dag.py
[2026-03-23T03:25:09.389+0000] {logging_mixin.py:188} INFO - [2026-03-23T03:25:09.388+0000] {dag.py:3047} INFO - Sync 1 DAGs
[2026-03-23T03:25:09.412+0000] {logging_mixin.py:188} INFO - [2026-03-23T03:25:09.411+0000] {dag.py:3834} INFO - Setting next_dagrun for tutorial_dag to None, run_after=None
[2026-03-23T03:25:09.448+0000] {processor.py:183} INFO - Processing /home/airflow/.local/lib/python3.8/site-packages/airflow/example_dags/tutorial_dag.py took 0.104 seconds
[2026-03-23T03:25:41.268+0000] {processor.py:161} INFO - Started process (PID=138) to work on /home/airflow/.local/lib/python3.8/site-packages/airflow/example_dags/tutorial_dag.py
[2026-03-23T03:25:41.269+0000] {processor.py:830} INFO - Processing file /home/airflow/.local/lib/python3.8/site-packages/airflow/example_dags/tutorial_dag.py for tasks to queue
[2026-03-23T03:25:41.271+0000] {logging_mixin.py:188} INFO - [2026-03-23T03:25:41.270+0000] {dagbag.py:540} INFO - Filling up the DagBag from /home/airflow/.local/lib/python3.8/site-packages/airflow/example_dags/tutorial_dag.py
[2026-03-23T03:25:41.277+0000] {processor.py:840} INFO - DAG(s) 'tutorial_dag' retrieved from /home/airflow/.local/lib/python3.8/site-packages/airflow/example_dags/tutorial_dag.py
[2026-03-23T03:25:41.403+0000] {logging_mixin.py:188} INFO - [2026-03-23T03:25:41.402+0000] {dag.py:3047} INFO - Sync 1 DAGs
[2026-03-23T03:25:41.415+0000] {logging_mixin.py:188} INFO - [2026-03-23T03:25:41.415+0000] {dag.py:3834} INFO - Setting next_dagrun for tutorial_dag to None, run_after=None
[2026-03-23T03:25:41.441+0000] {processor.py:183} INFO - Processing /home/airflow/.local/lib/python3.8/site-packages/airflow/example_dags/tutorial_dag.py took 0.178 seconds
[2026-03-23T03:26:12.358+0000] {processor.py:161} INFO - Started process (PID=199) to work on /home/airflow/.local/lib/python3.8/site-packages/airflow/example_dags/tutorial_dag.py
[2026-03-23T03:26:12.360+0000] {processor.py:830} INFO - Processing file /home/airflow/.local/lib/python3.8/site-packages/airflow/example_dags/tutorial_dag.py for tasks to queue
[2026-03-23T03:26:12.363+0000] {logging_mixin.py:188} INFO - [2026-03-23T03:26:12.362+0000] {dagbag.py:540} INFO - Filling up the DagBag from /home/airflow/.local/lib/python3.8/site-packages/airflow/example_dags/tutorial_dag.py
[2026-03-23T03:26:12.372+0000] {processor.py:840} INFO - DAG(s) 'tutorial_dag' retrieved from /home/airflow/.local/lib/python3.8/site-packages/airflow/example_dags/tutorial_dag.py
[2026-03-23T03:26:12.399+0000] {logging_mixin.py:188} INFO - [2026-03-23T03:26:12.399+0000] {dag.py:3047} INFO - Sync 1 DAGs
[2026-03-23T03:26:12.416+0000] {logging_mixin.py:188} INFO - [2026-03-23T03:26:12.416+0000] {dag.py:3834} INFO - Setting next_dagrun for tutorial_dag to None, run_after=None
[2026-03-23T03:26:12.468+0000] {processor.py:183} INFO - Processing /home/airflow/.local/lib/python3.8/site-packages/airflow/example_dags/tutorial_dag.py took 0.114 seconds
[2026-03-23T03:26:43.406+0000] {processor.py:161} INFO - Started process (PID=254) to work on /home/airflow/.local/lib/python3.8/site-packages/airflow/example_dags/tutorial_dag.py
[2026-03-23T03:26:43.408+0000] {processor.py:830} INFO - Processing file /home/airflow/.local/lib/python3.8/site-packages/airflow/example_dags/tutorial_dag.py for tasks to queue
[2026-03-23T03:26:43.411+0000] {logging_mixin.py:188} INFO - [2026-03-23T03:26:43.410+0000] {dagbag.py:540} INFO - Filling up the DagBag from /home/airflow/.local/lib/python3.8/site-packages/airflow/example_dags/tutorial_dag.py
[2026-03-23T03:26:43.415+0000] {processor.py:840} INFO - DAG(s) 'tutorial_dag' retrieved from /home/airflow/.local/lib/python3.8/site-packages/airflow/example_dags/tutorial_dag.py
[2026-03-23T03:26:43.435+0000] {logging_mixin.py:188} INFO - [2026-03-23T03:26:43.435+0000] {dag.py:3047} INFO - Sync 1 DAGs
[2026-03-23T03:26:43.448+0000] {logging_mixin.py:188} INFO - [2026-03-23T03:26:43.447+0000] {dag.py:3834} INFO - Setting next_dagrun for tutorial_dag to None, run_after=None
[2026-03-23T03:26:43.470+0000] {processor.py:183} INFO - Processing /home/airflow/.local/lib/python3.8/site-packages/airflow/example_dags/tutorial_dag.py took 0.067 seconds
[2026-03-23T03:27:13.827+0000] {processor.py:161} INFO - Started process (PID=309) to work on /home/airflow/.local/lib/python3.8/site-packages/airflow/example_dags/tutorial_dag.py
[2026-03-23T03:27:13.828+0000] {processor.py:830} INFO - Processing file /home/airflow/.local/lib/python3.8/site-packages/airflow/example_dags/tutorial_dag.py for tasks to queue
[2026-03-23T03:27:13.830+0000] {logging_mixin.py:188} INFO - [2026-03-23T03:27:13.830+0000] {dagbag.py:540} INFO - Filling up the DagBag from /home/airflow/.local/lib/python3.8/site-packages/airflow/example_dags/tutorial_dag.py
[2026-03-23T03:27:13.836+0000] {processor.py:840} INFO - DAG(s) 'tutorial_dag' retrieved from /home/airflow/.local/lib/python3.8/site-packages/airflow/example_dags/tutorial_dag.py
[2026-03-23T03:27:13.856+0000] {logging_mixin.py:188} INFO - [2026-03-23T03:27:13.856+0000] {dag.py:3047} INFO - Sync 1 DAGs
[2026-03-23T03:27:13.869+0000] {logging_mixin.py:188} INFO - [2026-03-23T03:27:13.868+0000] {dag.py:3834} INFO - Setting next_dagrun for tutorial_dag to None, run_after=None
[2026-03-23T03:27:13.891+0000] {processor.py:183} INFO - Processing /home/airflow/.local/lib/python3.8/site-packages/airflow/example_dags/tutorial_dag.py took 0.067 seconds
[2026-03-23T03:27:44.035+0000] {processor.py:161} INFO - Started process (PID=364) to work on /home/airflow/.local/lib/python3.8/site-packages/airflow/example_dags/tutorial_dag.py
[2026-03-23T03:27:44.037+0000] {processor.py:830} INFO - Processing file /home/airflow/.local/lib/python3.8/site-packages/airflow/example_dags/tutorial_dag.py for tasks to queue
[2026-03-23T03:27:44.039+0000] {logging_mixin.py:188} INFO - [2026-03-23T03:27:44.038+0000] {dagbag.py:540} INFO - Filling up the DagBag from /home/airflow/.local/lib/python3.8/site-packages/airflow/example_dags/tutorial_dag.py
[2026-03-23T03:27:44.044+0000] {processor.py:840} INFO - DAG(s) 'tutorial_dag' retrieved from /home/airflow/.local/lib/python3.8/site-packages/airflow/example_dags/tutorial_dag.py
[2026-03-23T03:27:44.066+0000] {logging_mixin.py:188} INFO - [2026-03-23T03:27:44.065+0000] {dag.py:3047} INFO - Sync 1 DAGs
[2026-03-23T03:27:44.078+0000] {logging_mixin.py:188} INFO - [2026-03-23T03:27:44.078+0000] {dag.py:3834} INFO - Setting next_dagrun for tutorial_dag to None, run_after=None
[2026-03-23T03:27:44.100+0000] {processor.py:183} INFO - Processing /home/airflow/.local/lib/python3.8/site-packages/airflow/example_dags/tutorial_dag.py took 0.069 seconds
[2026-03-23T03:28:14.354+0000] {processor.py:161} INFO - Started process (PID=419) to work on /home/airflow/.local/lib/python3.8/site-packages/airflow/example_dags/tutorial_dag.py
[2026-03-23T03:28:14.355+0000] {processor.py:830} INFO - Processing file /home/airflow/.local/lib/python3.8/site-packages/airflow/example_dags/tutorial_dag.py for tasks to queue
[2026-03-23T03:28:14.358+0000] {logging_mixin.py:188} INFO - [2026-03-23T03:28:14.357+0000] {dagbag.py:540} INFO - Filling up the DagBag from /home/airflow/.local/lib/python3.8/site-packages/airflow/example_dags/tutorial_dag.py
[2026-03-23T03:28:14.362+0000] {processor.py:840} INFO - DAG(s) 'tutorial_dag' retrieved from /home/airflow/.local/lib/python3.8/site-packages/airflow/example_dags/tutorial_dag.py
[2026-03-23T03:28:14.381+0000] {logging_mixin.py:188} INFO - [2026-03-23T03:28:14.381+0000] {dag.py:3047} INFO - Sync 1 DAGs
[2026-03-23T03:28:14.392+0000] {logging_mixin.py:188} INFO - [2026-03-23T03:28:14.391+0000] {dag.py:3834} INFO - Setting next_dagrun for tutorial_dag to None, run_after=None
[2026-03-23T03:28:14.413+0000] {processor.py:183} INFO - Processing /home/airflow/.local/lib/python3.8/site-packages/airflow/example_dags/tutorial_dag.py took 0.061 seconds
[2026-03-23T03:28:44.828+0000] {processor.py:161} INFO - Started process (PID=474) to work on /home/airflow/.local/lib/python3.8/site-packages/airflow/example_dags/tutorial_dag.py
[2026-03-23T03:28:44.829+0000] {processor.py:830} INFO - Processing file /home/airflow/.local/lib/python3.8/site-packages/airflow/example_dags/tutorial_dag.py for tasks to queue
[2026-03-23T03:28:44.830+0000] {logging_mixin.py:188} INFO - [2026-03-23T03:28:44.830+0000] {dagbag.py:540} INFO - Filling up the DagBag from /home/airflow/.local/lib/python3.8/site-packages/airflow/example_dags/tutorial_dag.py
[2026-03-23T03:28:44.835+0000] {processor.py:840} INFO - DAG(s) 'tutorial_dag' retrieved from /home/airflow/.local/lib/python3.8/site-packages/airflow/example_dags/tutorial_dag.py
[2026-03-23T03:28:44.853+0000] {logging_mixin.py:188} INFO - [2026-03-23T03:28:44.852+0000] {dag.py:3047} INFO - Sync 1 DAGs
[2026-03-23T03:28:44.864+0000] {logging_mixin.py:188} INFO - [2026-03-23T03:28:44.864+0000] {dag.py:3834} INFO - Setting next_dagrun for tutorial_dag to None, run_after=None
[2026-03-23T03:28:44.884+0000] {processor.py:183} INFO - Processing /home/airflow/.local/lib/python3.8/site-packages/airflow/example_dags/tutorial_dag.py took 0.059 seconds
[2026-03-23T03:29:15.284+0000] {processor.py:161} INFO - Started process (PID=529) to work on /home/airflow/.local/lib/python3.8/site-packages/airflow/example_dags/tutorial_dag.py
[2026-03-23T03:29:15.285+0000] {processor.py:830} INFO - Processing file /home/airflow/.local/lib/python3.8/site-packages/airflow/example_dags/tutorial_dag.py for tasks to queue
[2026-03-23T03:29:15.287+0000] {logging_mixin.py:188} INFO - [2026-03-23T03:29:15.287+0000] {dagbag.py:540} INFO - Filling up the DagBag from /home/airflow/.local/lib/python3.8/site-packages/airflow/example_dags/tutorial_dag.py
[2026-03-23T03:29:15.293+0000] {processor.py:840} INFO - DAG(s) 'tutorial_dag' retrieved from /home/airflow/.local/lib/python3.8/site-packages/airflow/example_dags/tutorial_dag.py
[2026-03-23T03:29:15.316+0000] {logging_mixin.py:188} INFO - [2026-03-23T03:29:15.316+0000] {dag.py:3047} INFO - Sync 1 DAGs
[2026-03-23T03:29:15.331+0000] {logging_mixin.py:188} INFO - [2026-03-23T03:29:15.330+0000] {dag.py:3834} INFO - Setting next_dagrun for tutorial_dag to None, run_after=None
[2026-03-23T03:29:15.356+0000] {processor.py:183} INFO - Processing /home/airflow/.local/lib/python3.8/site-packages/airflow/example_dags/tutorial_dag.py took 0.075 seconds
[2026-03-23T03:29:45.406+0000] {processor.py:161} INFO - Started process (PID=584) to work on /home/airflow/.local/lib/python3.8/site-packages/airflow/example_dags/tutorial_dag.py
[2026-03-23T03:29:45.407+0000] {processor.py:830} INFO - Processing file /home/airflow/.local/lib/python3.8/site-packages/airflow/example_dags/tutorial_dag.py for tasks to queue
[2026-03-23T03:29:45.409+0000] {logging_mixin.py:188} INFO - [2026-03-23T03:29:45.409+0000] {dagbag.py:540} INFO - Filling up the DagBag from /home/airflow/.local/lib/python3.8/site-packages/airflow/example_dags/tutorial_dag.py
[2026-03-23T03:29:45.415+0000] {processor.py:840} INFO - DAG(s) 'tutorial_dag' retrieved from /home/airflow/.local/lib/python3.8/site-packages/airflow/example_dags/tutorial_dag.py
[2026-03-23T03:29:45.437+0000] {logging_mixin.py:188} INFO - [2026-03-23T03:29:45.437+0000] {dag.py:3047} INFO - Sync 1 DAGs
[2026-03-23T03:29:45.449+0000] {logging_mixin.py:188} INFO - [2026-03-23T03:29:45.448+0000] {dag.py:3834} INFO - Setting next_dagrun for tutorial_dag to None, run_after=None
[2026-03-23T03:29:45.472+0000] {processor.py:183} INFO - Processing /home/airflow/.local/lib/python3.8/site-packages/airflow/example_dags/tutorial_dag.py took 0.069 seconds
[2026-03-23T03:30:15.916+0000] {processor.py:161} INFO - Started process (PID=639) to work on /home/airflow/.local/lib/python3.8/site-packages/airflow/example_dags/tutorial_dag.py
[2026-03-23T03:30:15.917+0000] {processor.py:830} INFO - Processing file /home/airflow/.local/lib/python3.8/site-packages/airflow/example_dags/tutorial_dag.py for tasks to queue
[2026-03-23T03:30:15.919+0000] {logging_mixin.py:188} INFO - [2026-03-23T03:30:15.919+0000] {dagbag.py:540} INFO - Filling up the DagBag from /home/airflow/.local/lib/python3.8/site-packages/airflow/example_dags/tutorial_dag.py
[2026-03-23T03:30:15.924+0000] {processor.py:840} INFO - DAG(s) 'tutorial_dag' retrieved from /home/airflow/.local/lib/python3.8/site-packages/airflow/example_dags/tutorial_dag.py
[2026-03-23T03:30:15.946+0000] {logging_mixin.py:188} INFO - [2026-03-23T03:30:15.946+0000] {dag.py:3047} INFO - Sync 1 DAGs
[2026-03-23T03:30:15.959+0000] {logging_mixin.py:188} INFO - [2026-03-23T03:30:15.959+0000] {dag.py:3834} INFO - Setting next_dagrun for tutorial_dag to None, run_after=None
[2026-03-23T03:30:15.982+0000] {processor.py:183} INFO - Processing /home/airflow/.local/lib/python3.8/site-packages/airflow/example_dags/tutorial_dag.py took 0.070 seconds
[2026-03-23T03:30:46.052+0000] {processor.py:161} INFO - Started process (PID=694) to work on /home/airflow/.local/lib/python3.8/site-packages/airflow/example_dags/tutorial_dag.py
[2026-03-23T03:30:46.054+0000] {processor.py:830} INFO - Processing file /home/airflow/.local/lib/python3.8/site-packages/airflow/example_dags/tutorial_dag.py for tasks to queue
[2026-03-23T03:30:46.056+0000] {logging_mixin.py:188} INFO - [2026-03-23T03:30:46.056+0000] {dagbag.py:540} INFO - Filling up the DagBag from /home/airflow/.local/lib/python3.8/site-packages/airflow/example_dags/tutorial_dag.py
[2026-03-23T03:30:46.062+0000] {processor.py:840} INFO - DAG(s) 'tutorial_dag' retrieved from /home/airflow/.local/lib/python3.8/site-packages/airflow/example_dags/tutorial_dag.py
[2026-03-23T03:30:46.083+0000] {logging_mixin.py:188} INFO - [2026-03-23T03:30:46.083+0000] {dag.py:3047} INFO - Sync 1 DAGs
[2026-03-23T03:30:46.097+0000] {logging_mixin.py:188} INFO - [2026-03-23T03:30:46.096+0000] {dag.py:3834} INFO - Setting next_dagrun for tutorial_dag to None, run_after=None
[2026-03-23T03:30:46.121+0000] {processor.py:183} INFO - Processing /home/airflow/.local/lib/python3.8/site-packages/airflow/example_dags/tutorial_dag.py took 0.072 seconds
[2026-03-23T03:31:16.258+0000] {processor.py:161} INFO - Started process (PID=749) to work on /home/airflow/.local/lib/python3.8/site-packages/airflow/example_dags/tutorial_dag.py
[2026-03-23T03:31:16.259+0000] {processor.py:830} INFO - Processing file /home/airflow/.local/lib/python3.8/site-packages/airflow/example_dags/tutorial_dag.py for tasks to queue
[2026-03-23T03:31:16.261+0000] {logging_mixin.py:188} INFO - [2026-03-23T03:31:16.261+0000] {dagbag.py:540} INFO - Filling up the DagBag from /home/airflow/.local/lib/python3.8/site-packages/airflow/example_dags/tutorial_dag.py
[2026-03-23T03:31:16.266+0000] {processor.py:840} INFO - DAG(s) 'tutorial_dag' retrieved from /home/airflow/.local/lib/python3.8/site-packages/airflow/example_dags/tutorial_dag.py
[2026-03-23T03:31:16.284+0000] {logging_mixin.py:188} INFO - [2026-03-23T03:31:16.284+0000] {dag.py:3047} INFO - Sync 1 DAGs
[2026-03-23T03:31:16.296+0000] {logging_mixin.py:188} INFO - [2026-03-23T03:31:16.295+0000] {dag.py:3834} INFO - Setting next_dagrun for tutorial_dag to None, run_after=None
[2026-03-23T03:31:16.314+0000] {processor.py:183} INFO - Processing /home/airflow/.local/lib/python3.8/site-packages/airflow/example_dags/tutorial_dag.py took 0.058 seconds
[2026-03-23T03:31:46.863+0000] {processor.py:161} INFO - Started process (PID=804) to work on /home/airflow/.local/lib/python3.8/site-packages/airflow/example_dags/tutorial_dag.py
[2026-03-23T03:31:46.864+0000] {processor.py:830} INFO - Processing file /home/airflow/.local/lib/python3.8/site-packages/airflow/example_dags/tutorial_dag.py for tasks to queue
[2026-03-23T03:31:46.867+0000] {logging_mixin.py:188} INFO - [2026-03-23T03:31:46.866+0000] {dagbag.py:540} INFO - Filling up the DagBag from /home/airflow/.local/lib/python3.8/site-packages/airflow/example_dags/tutorial_dag.py
[2026-03-23T03:31:46.872+0000] {processor.py:840} INFO - DAG(s) 'tutorial_dag' retrieved from /home/airflow/.local/lib/python3.8/site-packages/airflow/example_dags/tutorial_dag.py
[2026-03-23T03:31:46.898+0000] {logging_mixin.py:188} INFO - [2026-03-23T03:31:46.897+0000] {dag.py:3047} INFO - Sync 1 DAGs
[2026-03-23T03:31:46.911+0000] {logging_mixin.py:188} INFO - [2026-03-23T03:31:46.911+0000] {dag.py:3834} INFO - Setting next_dagrun for tutorial_dag to None, run_after=None
[2026-03-23T03:31:46.939+0000] {processor.py:183} INFO - Processing /home/airflow/.local/lib/python3.8/site-packages/airflow/example_dags/tutorial_dag.py took 0.080 seconds
[2026-03-23T03:32:17.624+0000] {processor.py:161} INFO - Started process (PID=859) to work on /home/airflow/.local/lib/python3.8/site-packages/airflow/example_dags/tutorial_dag.py
[2026-03-23T03:32:17.626+0000] {processor.py:830} INFO - Processing file /home/airflow/.local/lib/python3.8/site-packages/airflow/example_dags/tutorial_dag.py for tasks to queue
[2026-03-23T03:32:17.628+0000] {logging_mixin.py:188} INFO - [2026-03-23T03:32:17.627+0000] {dagbag.py:540} INFO - Filling up the DagBag from /home/airflow/.local/lib/python3.8/site-packages/airflow/example_dags/tutorial_dag.py
[2026-03-23T03:32:17.633+0000] {processor.py:840} INFO - DAG(s) 'tutorial_dag' retrieved from /home/airflow/.local/lib/python3.8/site-packages/airflow/example_dags/tutorial_dag.py
[2026-03-23T03:32:17.655+0000] {logging_mixin.py:188} INFO - [2026-03-23T03:32:17.655+0000] {dag.py:3047} INFO - Sync 1 DAGs
[2026-03-23T03:32:17.668+0000] {logging_mixin.py:188} INFO - [2026-03-23T03:32:17.668+0000] {dag.py:3834} INFO - Setting next_dagrun for tutorial_dag to None, run_after=None
[2026-03-23T03:32:17.691+0000] {processor.py:183} INFO - Processing /home/airflow/.local/lib/python3.8/site-packages/airflow/example_dags/tutorial_dag.py took 0.069 seconds
[2026-03-23T03:32:47.746+0000] {processor.py:161} INFO - Started process (PID=914) to work on /home/airflow/.local/lib/python3.8/site-packages/airflow/example_dags/tutorial_dag.py
[2026-03-23T03:32:47.748+0000] {processor.py:830} INFO - Processing file /home/airflow/.local/lib/python3.8/site-packages/airflow/example_dags/tutorial_dag.py for tasks to queue
[2026-03-23T03:32:47.749+0000] {logging_mixin.py:188} INFO - [2026-03-23T03:32:47.749+0000] {dagbag.py:540} INFO - Filling up the DagBag from /home/airflow/.local/lib/python3.8/site-packages/airflow/example_dags/tutorial_dag.py
[2026-03-23T03:32:47.755+0000] {processor.py:840} INFO - DAG(s) 'tutorial_dag' retrieved from /home/airflow/.local/lib/python3.8/site-packages/airflow/example_dags/tutorial_dag.py
[2026-03-23T03:32:47.776+0000] {logging_mixin.py:188} INFO - [2026-03-23T03:32:47.776+0000] {dag.py:3047} INFO - Sync 1 DAGs
[2026-03-23T03:32:47.787+0000] {logging_mixin.py:188} INFO - [2026-03-23T03:32:47.787+0000] {dag.py:3834} INFO - Setting next_dagrun for tutorial_dag to None, run_after=None
[2026-03-23T03:32:47.809+0000] {processor.py:183} INFO - Processing /home/airflow/.local/lib/python3.8/site-packages/airflow/example_dags/tutorial_dag.py took 0.066 seconds
[2026-03-23T03:33:17.906+0000] {processor.py:161} INFO - Started process (PID=969) to work on /home/airflow/.local/lib/python3.8/site-packages/airflow/example_dags/tutorial_dag.py
[2026-03-23T03:33:17.908+0000] {processor.py:830} INFO - Processing file /home/airflow/.local/lib/python3.8/site-packages/airflow/example_dags/tutorial_dag.py for tasks to queue
[2026-03-23T03:33:17.909+0000] {logging_mixin.py:188} INFO - [2026-03-23T03:33:17.909+0000] {dagbag.py:540} INFO - Filling up the DagBag from /home/airflow/.local/lib/python3.8/site-packages/airflow/example_dags/tutorial_dag.py
[2026-03-23T03:33:17.915+0000] {processor.py:840} INFO - DAG(s) 'tutorial_dag' retrieved from /home/airflow/.local/lib/python3.8/site-packages/airflow/example_dags/tutorial_dag.py
[2026-03-23T03:33:17.938+0000] {logging_mixin.py:188} INFO - [2026-03-23T03:33:17.937+0000] {dag.py:3047} INFO - Sync 1 DAGs
[2026-03-23T03:33:17.951+0000] {logging_mixin.py:188} INFO - [2026-03-23T03:33:17.950+0000] {dag.py:3834} INFO - Setting next_dagrun for tutorial_dag to None, run_after=None
[2026-03-23T03:33:17.978+0000] {processor.py:183} INFO - Processing /home/airflow/.local/lib/python3.8/site-packages/airflow/example_dags/tutorial_dag.py took 0.075 seconds
[2026-03-23T03:33:48.092+0000] {processor.py:161} INFO - Started process (PID=1024) to work on /home/airflow/.local/lib/python3.8/site-packages/airflow/example_dags/tutorial_dag.py
[2026-03-23T03:33:48.093+0000] {processor.py:830} INFO - Processing file /home/airflow/.local/lib/python3.8/site-packages/airflow/example_dags/tutorial_dag.py for tasks to queue
[2026-03-23T03:33:48.095+0000] {logging_mixin.py:188} INFO - [2026-03-23T03:33:48.095+0000] {dagbag.py:540} INFO - Filling up the DagBag from /home/airflow/.local/lib/python3.8/site-packages/airflow/example_dags/tutorial_dag.py
[2026-03-23T03:33:48.100+0000] {processor.py:840} INFO - DAG(s) 'tutorial_dag' retrieved from /home/airflow/.local/lib/python3.8/site-packages/airflow/example_dags/tutorial_dag.py
[2026-03-23T03:33:48.120+0000] {logging_mixin.py:188} INFO - [2026-03-23T03:33:48.120+0000] {dag.py:3047} INFO - Sync 1 DAGs
[2026-03-23T03:33:48.132+0000] {logging_mixin.py:188} INFO - [2026-03-23T03:33:48.132+0000] {dag.py:3834} INFO - Setting next_dagrun for tutorial_dag to None, run_after=None
[2026-03-23T03:33:48.155+0000] {processor.py:183} INFO - Processing /home/airflow/.local/lib/python3.8/site-packages/airflow/example_dags/tutorial_dag.py took 0.065 seconds
[2026-03-23T03:34:18.201+0000] {processor.py:161} INFO - Started process (PID=1079) to work on /home/airflow/.local/lib/python3.8/site-packages/airflow/example_dags/tutorial_dag.py
[2026-03-23T03:34:18.203+0000] {processor.py:830} INFO - Processing file /home/airflow/.local/lib/python3.8/site-packages/airflow/example_dags/tutorial_dag.py for tasks to queue
[2026-03-23T03:34:18.205+0000] {logging_mixin.py:188} INFO - [2026-03-23T03:34:18.204+0000] {dagbag.py:540} INFO - Filling up the DagBag from /home/airflow/.local/lib/python3.8/site-packages/airflow/example_dags/tutorial_dag.py
[2026-03-23T03:34:18.210+0000] {processor.py:840} INFO - DAG(s) 'tutorial_dag' retrieved from /home/airflow/.local/lib/python3.8/site-packages/airflow/example_dags/tutorial_dag.py
[2026-03-23T03:34:18.232+0000] {logging_mixin.py:188} INFO - [2026-03-23T03:34:18.231+0000] {dag.py:3047} INFO - Sync 1 DAGs
[2026-03-23T03:34:18.244+0000] {logging_mixin.py:188} INFO - [2026-03-23T03:34:18.244+0000] {dag.py:3834} INFO - Setting next_dagrun for tutorial_dag to None, run_after=None
[2026-03-23T03:34:18.263+0000] {processor.py:183} INFO - Processing /home/airflow/.local/lib/python3.8/site-packages/airflow/example_dags/tutorial_dag.py took 0.064 seconds
[2026-03-23T03:34:48.507+0000] {processor.py:161} INFO - Started process (PID=1134) to work on /home/airflow/.local/lib/python3.8/site-packages/airflow/example_dags/tutorial_dag.py
[2026-03-23T03:34:48.508+0000] {processor.py:830} INFO - Processing file /home/airflow/.local/lib/python3.8/site-packages/airflow/example_dags/tutorial_dag.py for tasks to queue
[2026-03-23T03:34:48.510+0000] {logging_mixin.py:188} INFO - [2026-03-23T03:34:48.510+0000] {dagbag.py:540} INFO - Filling up the DagBag from /home/airflow/.local/lib/python3.8/site-packages/airflow/example_dags/tutorial_dag.py
[2026-03-23T03:34:48.515+0000] {processor.py:840} INFO - DAG(s) 'tutorial_dag' retrieved from /home/airflow/.local/lib/python3.8/site-packages/airflow/example_dags/tutorial_dag.py
[2026-03-23T03:34:48.533+0000] {logging_mixin.py:188} INFO - [2026-03-23T03:34:48.533+0000] {dag.py:3047} INFO - Sync 1 DAGs
[2026-03-23T03:34:48.545+0000] {logging_mixin.py:188} INFO - [2026-03-23T03:34:48.545+0000] {dag.py:3834} INFO - Setting next_dagrun for tutorial_dag to None, run_after=None
[2026-03-23T03:34:48.568+0000] {processor.py:183} INFO - Processing /home/airflow/.local/lib/python3.8/site-packages/airflow/example_dags/tutorial_dag.py took 0.064 seconds
[2026-03-23T03:37:20.268+0000] {processor.py:161} INFO - Started process (PID=83) to work on /home/airflow/.local/lib/python3.8/site-packages/airflow/example_dags/tutorial_dag.py
[2026-03-23T03:37:20.269+0000] {processor.py:830} INFO - Processing file /home/airflow/.local/lib/python3.8/site-packages/airflow/example_dags/tutorial_dag.py for tasks to queue
[2026-03-23T03:37:20.272+0000] {logging_mixin.py:188} INFO - [2026-03-23T03:37:20.271+0000] {dagbag.py:540} INFO - Filling up the DagBag from /home/airflow/.local/lib/python3.8/site-packages/airflow/example_dags/tutorial_dag.py
[2026-03-23T03:37:20.279+0000] {processor.py:840} INFO - DAG(s) 'tutorial_dag' retrieved from /home/airflow/.local/lib/python3.8/site-packages/airflow/example_dags/tutorial_dag.py
[2026-03-23T03:37:20.293+0000] {logging_mixin.py:188} INFO - [2026-03-23T03:37:20.293+0000] {dag.py:3047} INFO - Sync 1 DAGs
[2026-03-23T03:37:20.309+0000] {logging_mixin.py:188} INFO - [2026-03-23T03:37:20.308+0000] {dag.py:3834} INFO - Setting next_dagrun for tutorial_dag to None, run_after=None
[2026-03-23T03:37:20.335+0000] {processor.py:183} INFO - Processing /home/airflow/.local/lib/python3.8/site-packages/airflow/example_dags/tutorial_dag.py took 0.070 seconds
[2026-03-23T03:37:51.787+0000] {processor.py:161} INFO - Started process (PID=138) to work on /home/airflow/.local/lib/python3.8/site-packages/airflow/example_dags/tutorial_dag.py
[2026-03-23T03:37:51.790+0000] {processor.py:830} INFO - Processing file /home/airflow/.local/lib/python3.8/site-packages/airflow/example_dags/tutorial_dag.py for tasks to queue
[2026-03-23T03:37:51.792+0000] {logging_mixin.py:188} INFO - [2026-03-23T03:37:51.792+0000] {dagbag.py:540} INFO - Filling up the DagBag from /home/airflow/.local/lib/python3.8/site-packages/airflow/example_dags/tutorial_dag.py
[2026-03-23T03:37:51.797+0000] {processor.py:840} INFO - DAG(s) 'tutorial_dag' retrieved from /home/airflow/.local/lib/python3.8/site-packages/airflow/example_dags/tutorial_dag.py
[2026-03-23T03:37:51.888+0000] {logging_mixin.py:188} INFO - [2026-03-23T03:37:51.888+0000] {dag.py:3047} INFO - Sync 1 DAGs
[2026-03-23T03:37:51.900+0000] {logging_mixin.py:188} INFO - [2026-03-23T03:37:51.899+0000] {dag.py:3834} INFO - Setting next_dagrun for tutorial_dag to None, run_after=None
[2026-03-23T03:37:51.924+0000] {processor.py:183} INFO - Processing /home/airflow/.local/lib/python3.8/site-packages/airflow/example_dags/tutorial_dag.py took 0.140 seconds
[2026-03-23T03:38:22.202+0000] {processor.py:161} INFO - Started process (PID=199) to work on /home/airflow/.local/lib/python3.8/site-packages/airflow/example_dags/tutorial_dag.py
[2026-03-23T03:38:22.203+0000] {processor.py:830} INFO - Processing file /home/airflow/.local/lib/python3.8/site-packages/airflow/example_dags/tutorial_dag.py for tasks to queue
[2026-03-23T03:38:22.205+0000] {logging_mixin.py:188} INFO - [2026-03-23T03:38:22.205+0000] {dagbag.py:540} INFO - Filling up the DagBag from /home/airflow/.local/lib/python3.8/site-packages/airflow/example_dags/tutorial_dag.py
[2026-03-23T03:38:22.210+0000] {processor.py:840} INFO - DAG(s) 'tutorial_dag' retrieved from /home/airflow/.local/lib/python3.8/site-packages/airflow/example_dags/tutorial_dag.py
[2026-03-23T03:38:22.231+0000] {logging_mixin.py:188} INFO - [2026-03-23T03:38:22.231+0000] {dag.py:3047} INFO - Sync 1 DAGs
[2026-03-23T03:38:22.243+0000] {logging_mixin.py:188} INFO - [2026-03-23T03:38:22.243+0000] {dag.py:3834} INFO - Setting next_dagrun for tutorial_dag to None, run_after=None
[2026-03-23T03:38:22.266+0000] {processor.py:183} INFO - Processing /home/airflow/.local/lib/python3.8/site-packages/airflow/example_dags/tutorial_dag.py took 0.067 seconds
[2026-03-23T03:38:52.723+0000] {processor.py:161} INFO - Started process (PID=254) to work on /home/airflow/.local/lib/python3.8/site-packages/airflow/example_dags/tutorial_dag.py
[2026-03-23T03:38:52.724+0000] {processor.py:830} INFO - Processing file /home/airflow/.local/lib/python3.8/site-packages/airflow/example_dags/tutorial_dag.py for tasks to queue
[2026-03-23T03:38:52.726+0000] {logging_mixin.py:188} INFO - [2026-03-23T03:38:52.725+0000] {dagbag.py:540} INFO - Filling up the DagBag from /home/airflow/.local/lib/python3.8/site-packages/airflow/example_dags/tutorial_dag.py
[2026-03-23T03:38:52.732+0000] {processor.py:840} INFO - DAG(s) 'tutorial_dag' retrieved from /home/airflow/.local/lib/python3.8/site-packages/airflow/example_dags/tutorial_dag.py
[2026-03-23T03:38:52.756+0000] {logging_mixin.py:188} INFO - [2026-03-23T03:38:52.756+0000] {dag.py:3047} INFO - Sync 1 DAGs
[2026-03-23T03:38:52.773+0000] {logging_mixin.py:188} INFO - [2026-03-23T03:38:52.773+0000] {dag.py:3834} INFO - Setting next_dagrun for tutorial_dag to None, run_after=None
[2026-03-23T03:38:52.800+0000] {processor.py:183} INFO - Processing /home/airflow/.local/lib/python3.8/site-packages/airflow/example_dags/tutorial_dag.py took 0.081 seconds
[2026-03-23T03:39:23.303+0000] {processor.py:161} INFO - Started process (PID=309) to work on /home/airflow/.local/lib/python3.8/site-packages/airflow/example_dags/tutorial_dag.py
[2026-03-23T03:39:23.304+0000] {processor.py:830} INFO - Processing file /home/airflow/.local/lib/python3.8/site-packages/airflow/example_dags/tutorial_dag.py for tasks to queue
[2026-03-23T03:39:23.306+0000] {logging_mixin.py:188} INFO - [2026-03-23T03:39:23.306+0000] {dagbag.py:540} INFO - Filling up the DagBag from /home/airflow/.local/lib/python3.8/site-packages/airflow/example_dags/tutorial_dag.py
[2026-03-23T03:39:23.311+0000] {processor.py:840} INFO - DAG(s) 'tutorial_dag' retrieved from /home/airflow/.local/lib/python3.8/site-packages/airflow/example_dags/tutorial_dag.py
[2026-03-23T03:39:23.330+0000] {logging_mixin.py:188} INFO - [2026-03-23T03:39:23.330+0000] {dag.py:3047} INFO - Sync 1 DAGs
[2026-03-23T03:39:23.342+0000] {logging_mixin.py:188} INFO - [2026-03-23T03:39:23.341+0000] {dag.py:3834} INFO - Setting next_dagrun for tutorial_dag to None, run_after=None
[2026-03-23T03:39:23.362+0000] {processor.py:183} INFO - Processing /home/airflow/.local/lib/python3.8/site-packages/airflow/example_dags/tutorial_dag.py took 0.061 seconds
[2026-03-23T03:39:53.569+0000] {processor.py:161} INFO - Started process (PID=364) to work on /home/airflow/.local/lib/python3.8/site-packages/airflow/example_dags/tutorial_dag.py
[2026-03-23T03:39:53.570+0000] {processor.py:830} INFO - Processing file /home/airflow/.local/lib/python3.8/site-packages/airflow/example_dags/tutorial_dag.py for tasks to queue
[2026-03-23T03:39:53.572+0000] {logging_mixin.py:188} INFO - [2026-03-23T03:39:53.572+0000] {dagbag.py:540} INFO - Filling up the DagBag from /home/airflow/.local/lib/python3.8/site-packages/airflow/example_dags/tutorial_dag.py
[2026-03-23T03:39:53.577+0000] {processor.py:840} INFO - DAG(s) 'tutorial_dag' retrieved from /home/airflow/.local/lib/python3.8/site-packages/airflow/example_dags/tutorial_dag.py
[2026-03-23T03:39:53.598+0000] {logging_mixin.py:188} INFO - [2026-03-23T03:39:53.598+0000] {dag.py:3047} INFO - Sync 1 DAGs
[2026-03-23T03:39:53.609+0000] {logging_mixin.py:188} INFO - [2026-03-23T03:39:53.609+0000] {dag.py:3834} INFO - Setting next_dagrun for tutorial_dag to None, run_after=None
[2026-03-23T03:39:53.631+0000] {processor.py:183} INFO - Processing /home/airflow/.local/lib/python3.8/site-packages/airflow/example_dags/tutorial_dag.py took 0.064 seconds
[2026-03-23T03:40:24.024+0000] {processor.py:161} INFO - Started process (PID=419) to work on /home/airflow/.local/lib/python3.8/site-packages/airflow/example_dags/tutorial_dag.py
[2026-03-23T03:40:24.025+0000] {processor.py:830} INFO - Processing file /home/airflow/.local/lib/python3.8/site-packages/airflow/example_dags/tutorial_dag.py for tasks to queue
[2026-03-23T03:40:24.027+0000] {logging_mixin.py:188} INFO - [2026-03-23T03:40:24.026+0000] {dagbag.py:540} INFO - Filling up the DagBag from /home/airflow/.local/lib/python3.8/site-packages/airflow/example_dags/tutorial_dag.py
[2026-03-23T03:40:24.032+0000] {processor.py:840} INFO - DAG(s) 'tutorial_dag' retrieved from /home/airflow/.local/lib/python3.8/site-packages/airflow/example_dags/tutorial_dag.py
[2026-03-23T03:40:24.051+0000] {logging_mixin.py:188} INFO - [2026-03-23T03:40:24.051+0000] {dag.py:3047} INFO - Sync 1 DAGs
[2026-03-23T03:40:24.062+0000] {logging_mixin.py:188} INFO - [2026-03-23T03:40:24.062+0000] {dag.py:3834} INFO - Setting next_dagrun for tutorial_dag to None, run_after=None
[2026-03-23T03:40:24.082+0000] {processor.py:183} INFO - Processing /home/airflow/.local/lib/python3.8/site-packages/airflow/example_dags/tutorial_dag.py took 0.061 seconds
[2026-03-23T03:40:54.833+0000] {processor.py:161} INFO - Started process (PID=474) to work on /home/airflow/.local/lib/python3.8/site-packages/airflow/example_dags/tutorial_dag.py
[2026-03-23T03:40:54.835+0000] {processor.py:830} INFO - Processing file /home/airflow/.local/lib/python3.8/site-packages/airflow/example_dags/tutorial_dag.py for tasks to queue
[2026-03-23T03:40:54.838+0000] {logging_mixin.py:188} INFO - [2026-03-23T03:40:54.837+0000] {dagbag.py:540} INFO - Filling up the DagBag from /home/airflow/.local/lib/python3.8/site-packages/airflow/example_dags/tutorial_dag.py
[2026-03-23T03:40:54.847+0000] {processor.py:840} INFO - DAG(s) 'tutorial_dag' retrieved from /home/airflow/.local/lib/python3.8/site-packages/airflow/example_dags/tutorial_dag.py
[2026-03-23T03:40:54.885+0000] {logging_mixin.py:188} INFO - [2026-03-23T03:40:54.884+0000] {dag.py:3047} INFO - Sync 1 DAGs
[2026-03-23T03:40:54.907+0000] {logging_mixin.py:188} INFO - [2026-03-23T03:40:54.906+0000] {dag.py:3834} INFO - Setting next_dagrun for tutorial_dag to None, run_after=None
[2026-03-23T03:40:54.941+0000] {processor.py:183} INFO - Processing /home/airflow/.local/lib/python3.8/site-packages/airflow/example_dags/tutorial_dag.py took 0.113 seconds
[2026-03-23T03:41:25.451+0000] {processor.py:161} INFO - Started process (PID=529) to work on /home/airflow/.local/lib/python3.8/site-packages/airflow/example_dags/tutorial_dag.py
[2026-03-23T03:41:25.453+0000] {processor.py:830} INFO - Processing file /home/airflow/.local/lib/python3.8/site-packages/airflow/example_dags/tutorial_dag.py for tasks to queue
[2026-03-23T03:41:25.455+0000] {logging_mixin.py:188} INFO - [2026-03-23T03:41:25.455+0000] {dagbag.py:540} INFO - Filling up the DagBag from /home/airflow/.local/lib/python3.8/site-packages/airflow/example_dags/tutorial_dag.py
[2026-03-23T03:41:25.461+0000] {processor.py:840} INFO - DAG(s) 'tutorial_dag' retrieved from /home/airflow/.local/lib/python3.8/site-packages/airflow/example_dags/tutorial_dag.py
[2026-03-23T03:41:25.485+0000] {logging_mixin.py:188} INFO - [2026-03-23T03:41:25.484+0000] {dag.py:3047} INFO - Sync 1 DAGs
[2026-03-23T03:41:25.500+0000] {logging_mixin.py:188} INFO - [2026-03-23T03:41:25.499+0000] {dag.py:3834} INFO - Setting next_dagrun for tutorial_dag to None, run_after=None
[2026-03-23T03:41:25.524+0000] {processor.py:183} INFO - Processing /home/airflow/.local/lib/python3.8/site-packages/airflow/example_dags/tutorial_dag.py took 0.076 seconds
[2026-03-23T03:41:55.656+0000] {processor.py:161} INFO - Started process (PID=584) to work on /home/airflow/.local/lib/python3.8/site-packages/airflow/example_dags/tutorial_dag.py
[2026-03-23T03:41:55.657+0000] {processor.py:830} INFO - Processing file /home/airflow/.local/lib/python3.8/site-packages/airflow/example_dags/tutorial_dag.py for tasks to queue
[2026-03-23T03:41:55.659+0000] {logging_mixin.py:188} INFO - [2026-03-23T03:41:55.659+0000] {dagbag.py:540} INFO - Filling up the DagBag from /home/airflow/.local/lib/python3.8/site-packages/airflow/example_dags/tutorial_dag.py
[2026-03-23T03:41:55.666+0000] {processor.py:840} INFO - DAG(s) 'tutorial_dag' retrieved from /home/airflow/.local/lib/python3.8/site-packages/airflow/example_dags/tutorial_dag.py
[2026-03-23T03:41:55.691+0000] {logging_mixin.py:188} INFO - [2026-03-23T03:41:55.691+0000] {dag.py:3047} INFO - Sync 1 DAGs
[2026-03-23T03:41:55.706+0000] {logging_mixin.py:188} INFO - [2026-03-23T03:41:55.705+0000] {dag.py:3834} INFO - Setting next_dagrun for tutorial_dag to None, run_after=None
[2026-03-23T03:41:55.732+0000] {processor.py:183} INFO - Processing /home/airflow/.local/lib/python3.8/site-packages/airflow/example_dags/tutorial_dag.py took 0.079 seconds
[2026-03-23T03:42:25.837+0000] {processor.py:161} INFO - Started process (PID=639) to work on /home/airflow/.local/lib/python3.8/site-packages/airflow/example_dags/tutorial_dag.py
[2026-03-23T03:42:25.839+0000] {processor.py:830} INFO - Processing file /home/airflow/.local/lib/python3.8/site-packages/airflow/example_dags/tutorial_dag.py for tasks to queue
[2026-03-23T03:42:25.841+0000] {logging_mixin.py:188} INFO - [2026-03-23T03:42:25.841+0000] {dagbag.py:540} INFO - Filling up the DagBag from /home/airflow/.local/lib/python3.8/site-packages/airflow/example_dags/tutorial_dag.py
[2026-03-23T03:42:25.846+0000] {processor.py:840} INFO - DAG(s) 'tutorial_dag' retrieved from /home/airflow/.local/lib/python3.8/site-packages/airflow/example_dags/tutorial_dag.py
[2026-03-23T03:42:25.867+0000] {logging_mixin.py:188} INFO - [2026-03-23T03:42:25.867+0000] {dag.py:3047} INFO - Sync 1 DAGs
[2026-03-23T03:42:25.879+0000] {logging_mixin.py:188} INFO - [2026-03-23T03:42:25.879+0000] {dag.py:3834} INFO - Setting next_dagrun for tutorial_dag to None, run_after=None
[2026-03-23T03:42:25.903+0000] {processor.py:183} INFO - Processing /home/airflow/.local/lib/python3.8/site-packages/airflow/example_dags/tutorial_dag.py took 0.069 seconds
[2026-03-23T03:42:56.428+0000] {processor.py:161} INFO - Started process (PID=694) to work on /home/airflow/.local/lib/python3.8/site-packages/airflow/example_dags/tutorial_dag.py
[2026-03-23T03:42:56.430+0000] {processor.py:830} INFO - Processing file /home/airflow/.local/lib/python3.8/site-packages/airflow/example_dags/tutorial_dag.py for tasks to queue
[2026-03-23T03:42:56.432+0000] {logging_mixin.py:188} INFO - [2026-03-23T03:42:56.432+0000] {dagbag.py:540} INFO - Filling up the DagBag from /home/airflow/.local/lib/python3.8/site-packages/airflow/example_dags/tutorial_dag.py
[2026-03-23T03:42:56.439+0000] {processor.py:840} INFO - DAG(s) 'tutorial_dag' retrieved from /home/airflow/.local/lib/python3.8/site-packages/airflow/example_dags/tutorial_dag.py
[2026-03-23T03:42:56.465+0000] {logging_mixin.py:188} INFO - [2026-03-23T03:42:56.464+0000] {dag.py:3047} INFO - Sync 1 DAGs
[2026-03-23T03:42:56.480+0000] {logging_mixin.py:188} INFO - [2026-03-23T03:42:56.480+0000] {dag.py:3834} INFO - Setting next_dagrun for tutorial_dag to None, run_after=None
[2026-03-23T03:42:56.512+0000] {processor.py:183} INFO - Processing /home/airflow/.local/lib/python3.8/site-packages/airflow/example_dags/tutorial_dag.py took 0.088 seconds
[2026-03-23T03:43:26.855+0000] {processor.py:161} INFO - Started process (PID=749) to work on /home/airflow/.local/lib/python3.8/site-packages/airflow/example_dags/tutorial_dag.py
[2026-03-23T03:43:26.856+0000] {processor.py:830} INFO - Processing file /home/airflow/.local/lib/python3.8/site-packages/airflow/example_dags/tutorial_dag.py for tasks to queue
[2026-03-23T03:43:26.858+0000] {logging_mixin.py:188} INFO - [2026-03-23T03:43:26.858+0000] {dagbag.py:540} INFO - Filling up the DagBag from /home/airflow/.local/lib/python3.8/site-packages/airflow/example_dags/tutorial_dag.py
[2026-03-23T03:43:26.863+0000] {processor.py:840} INFO - DAG(s) 'tutorial_dag' retrieved from /home/airflow/.local/lib/python3.8/site-packages/airflow/example_dags/tutorial_dag.py
[2026-03-23T03:43:26.886+0000] {logging_mixin.py:188} INFO - [2026-03-23T03:43:26.886+0000] {dag.py:3047} INFO - Sync 1 DAGs
[2026-03-23T03:43:26.899+0000] {logging_mixin.py:188} INFO - [2026-03-23T03:43:26.899+0000] {dag.py:3834} INFO - Setting next_dagrun for tutorial_dag to None, run_after=None
[2026-03-23T03:43:26.921+0000] {processor.py:183} INFO - Processing /home/airflow/.local/lib/python3.8/site-packages/airflow/example_dags/tutorial_dag.py took 0.070 seconds
[2026-03-23T03:43:57.309+0000] {processor.py:161} INFO - Started process (PID=804) to work on /home/airflow/.local/lib/python3.8/site-packages/airflow/example_dags/tutorial_dag.py
[2026-03-23T03:43:57.311+0000] {processor.py:830} INFO - Processing file /home/airflow/.local/lib/python3.8/site-packages/airflow/example_dags/tutorial_dag.py for tasks to queue
[2026-03-23T03:43:57.312+0000] {logging_mixin.py:188} INFO - [2026-03-23T03:43:57.312+0000] {dagbag.py:540} INFO - Filling up the DagBag from /home/airflow/.local/lib/python3.8/site-packages/airflow/example_dags/tutorial_dag.py
[2026-03-23T03:43:57.318+0000] {processor.py:840} INFO - DAG(s) 'tutorial_dag' retrieved from /home/airflow/.local/lib/python3.8/site-packages/airflow/example_dags/tutorial_dag.py
[2026-03-23T03:43:57.340+0000] {logging_mixin.py:188} INFO - [2026-03-23T03:43:57.340+0000] {dag.py:3047} INFO - Sync 1 DAGs
[2026-03-23T03:43:57.352+0000] {logging_mixin.py:188} INFO - [2026-03-23T03:43:57.351+0000] {dag.py:3834} INFO - Setting next_dagrun for tutorial_dag to None, run_after=None
[2026-03-23T03:43:57.376+0000] {processor.py:183} INFO - Processing /home/airflow/.local/lib/python3.8/site-packages/airflow/example_dags/tutorial_dag.py took 0.070 seconds
[2026-03-23T03:44:27.931+0000] {processor.py:161} INFO - Started process (PID=859) to work on /home/airflow/.local/lib/python3.8/site-packages/airflow/example_dags/tutorial_dag.py
[2026-03-23T03:44:27.932+0000] {processor.py:830} INFO - Processing file /home/airflow/.local/lib/python3.8/site-packages/airflow/example_dags/tutorial_dag.py for tasks to queue
[2026-03-23T03:44:27.934+0000] {logging_mixin.py:188} INFO - [2026-03-23T03:44:27.934+0000] {dagbag.py:540} INFO - Filling up the DagBag from /home/airflow/.local/lib/python3.8/site-packages/airflow/example_dags/tutorial_dag.py
[2026-03-23T03:44:27.939+0000] {processor.py:840} INFO - DAG(s) 'tutorial_dag' retrieved from /home/airflow/.local/lib/python3.8/site-packages/airflow/example_dags/tutorial_dag.py
[2026-03-23T03:44:27.960+0000] {logging_mixin.py:188} INFO - [2026-03-23T03:44:27.959+0000] {dag.py:3047} INFO - Sync 1 DAGs
[2026-03-23T03:44:27.973+0000] {logging_mixin.py:188} INFO - [2026-03-23T03:44:27.972+0000] {dag.py:3834} INFO - Setting next_dagrun for tutorial_dag to None, run_after=None
[2026-03-23T03:44:27.995+0000] {processor.py:183} INFO - Processing /home/airflow/.local/lib/python3.8/site-packages/airflow/example_dags/tutorial_dag.py took 0.067 seconds
[2026-03-23T03:44:58.292+0000] {processor.py:161} INFO - Started process (PID=914) to work on /home/airflow/.local/lib/python3.8/site-packages/airflow/example_dags/tutorial_dag.py
[2026-03-23T03:44:58.294+0000] {processor.py:830} INFO - Processing file /home/airflow/.local/lib/python3.8/site-packages/airflow/example_dags/tutorial_dag.py for tasks to queue
[2026-03-23T03:44:58.295+0000] {logging_mixin.py:188} INFO - [2026-03-23T03:44:58.295+0000] {dagbag.py:540} INFO - Filling up the DagBag from /home/airflow/.local/lib/python3.8/site-packages/airflow/example_dags/tutorial_dag.py
[2026-03-23T03:44:58.302+0000] {processor.py:840} INFO - DAG(s) 'tutorial_dag' retrieved from /home/airflow/.local/lib/python3.8/site-packages/airflow/example_dags/tutorial_dag.py
[2026-03-23T03:44:58.326+0000] {logging_mixin.py:188} INFO - [2026-03-23T03:44:58.326+0000] {dag.py:3047} INFO - Sync 1 DAGs
[2026-03-23T03:44:58.340+0000] {logging_mixin.py:188} INFO - [2026-03-23T03:44:58.339+0000] {dag.py:3834} INFO - Setting next_dagrun for tutorial_dag to None, run_after=None
[2026-03-23T03:44:58.364+0000] {processor.py:183} INFO - Processing /home/airflow/.local/lib/python3.8/site-packages/airflow/example_dags/tutorial_dag.py took 0.075 seconds
[2026-03-23T03:45:28.717+0000] {processor.py:161} INFO - Started process (PID=969) to work on /home/airflow/.local/lib/python3.8/site-packages/airflow/example_dags/tutorial_dag.py
[2026-03-23T03:45:28.718+0000] {processor.py:830} INFO - Processing file /home/airflow/.local/lib/python3.8/site-packages/airflow/example_dags/tutorial_dag.py for tasks to queue
[2026-03-23T03:45:28.720+0000] {logging_mixin.py:188} INFO - [2026-03-23T03:45:28.720+0000] {dagbag.py:540} INFO - Filling up the DagBag from /home/airflow/.local/lib/python3.8/site-packages/airflow/example_dags/tutorial_dag.py
[2026-03-23T03:45:28.725+0000] {processor.py:840} INFO - DAG(s) 'tutorial_dag' retrieved from /home/airflow/.local/lib/python3.8/site-packages/airflow/example_dags/tutorial_dag.py
[2026-03-23T03:45:28.746+0000] {logging_mixin.py:188} INFO - [2026-03-23T03:45:28.746+0000] {dag.py:3047} INFO - Sync 1 DAGs
[2026-03-23T03:45:28.759+0000] {logging_mixin.py:188} INFO - [2026-03-23T03:45:28.759+0000] {dag.py:3834} INFO - Setting next_dagrun for tutorial_dag to None, run_after=None
[2026-03-23T03:45:28.784+0000] {processor.py:183} INFO - Processing /home/airflow/.local/lib/python3.8/site-packages/airflow/example_dags/tutorial_dag.py took 0.071 seconds
[2026-03-23T03:45:58.926+0000] {processor.py:161} INFO - Started process (PID=1024) to work on /home/airflow/.local/lib/python3.8/site-packages/airflow/example_dags/tutorial_dag.py
[2026-03-23T03:45:58.928+0000] {processor.py:830} INFO - Processing file /home/airflow/.local/lib/python3.8/site-packages/airflow/example_dags/tutorial_dag.py for tasks to queue
[2026-03-23T03:45:58.930+0000] {logging_mixin.py:188} INFO - [2026-03-23T03:45:58.930+0000] {dagbag.py:540} INFO - Filling up the DagBag from /home/airflow/.local/lib/python3.8/site-packages/airflow/example_dags/tutorial_dag.py
[2026-03-23T03:45:58.935+0000] {processor.py:840} INFO - DAG(s) 'tutorial_dag' retrieved from /home/airflow/.local/lib/python3.8/site-packages/airflow/example_dags/tutorial_dag.py
[2026-03-23T03:45:58.956+0000] {logging_mixin.py:188} INFO - [2026-03-23T03:45:58.956+0000] {dag.py:3047} INFO - Sync 1 DAGs
[2026-03-23T03:45:58.969+0000] {logging_mixin.py:188} INFO - [2026-03-23T03:45:58.968+0000] {dag.py:3834} INFO - Setting next_dagrun for tutorial_dag to None, run_after=None
[2026-03-23T03:45:58.991+0000] {processor.py:183} INFO - Processing /home/airflow/.local/lib/python3.8/site-packages/airflow/example_dags/tutorial_dag.py took 0.068 seconds
[2026-03-23T03:46:29.171+0000] {processor.py:161} INFO - Started process (PID=1079) to work on /home/airflow/.local/lib/python3.8/site-packages/airflow/example_dags/tutorial_dag.py
[2026-03-23T03:46:29.172+0000] {processor.py:830} INFO - Processing file /home/airflow/.local/lib/python3.8/site-packages/airflow/example_dags/tutorial_dag.py for tasks to queue
[2026-03-23T03:46:29.174+0000] {logging_mixin.py:188} INFO - [2026-03-23T03:46:29.173+0000] {dagbag.py:540} INFO - Filling up the DagBag from /home/airflow/.local/lib/python3.8/site-packages/airflow/example_dags/tutorial_dag.py
[2026-03-23T03:46:29.179+0000] {processor.py:840} INFO - DAG(s) 'tutorial_dag' retrieved from /home/airflow/.local/lib/python3.8/site-packages/airflow/example_dags/tutorial_dag.py
[2026-03-23T03:46:29.199+0000] {logging_mixin.py:188} INFO - [2026-03-23T03:46:29.199+0000] {dag.py:3047} INFO - Sync 1 DAGs
[2026-03-23T03:46:29.212+0000] {logging_mixin.py:188} INFO - [2026-03-23T03:46:29.211+0000] {dag.py:3834} INFO - Setting next_dagrun for tutorial_dag to None, run_after=None
[2026-03-23T03:46:29.232+0000] {processor.py:183} INFO - Processing /home/airflow/.local/lib/python3.8/site-packages/airflow/example_dags/tutorial_dag.py took 0.064 seconds
[2026-03-23T03:46:59.628+0000] {processor.py:161} INFO - Started process (PID=1134) to work on /home/airflow/.local/lib/python3.8/site-packages/airflow/example_dags/tutorial_dag.py
[2026-03-23T03:46:59.629+0000] {processor.py:830} INFO - Processing file /home/airflow/.local/lib/python3.8/site-packages/airflow/example_dags/tutorial_dag.py for tasks to queue
[2026-03-23T03:46:59.631+0000] {logging_mixin.py:188} INFO - [2026-03-23T03:46:59.630+0000] {dagbag.py:540} INFO - Filling up the DagBag from /home/airflow/.local/lib/python3.8/site-packages/airflow/example_dags/tutorial_dag.py
[2026-03-23T03:46:59.636+0000] {processor.py:840} INFO - DAG(s) 'tutorial_dag' retrieved from /home/airflow/.local/lib/python3.8/site-packages/airflow/example_dags/tutorial_dag.py
[2026-03-23T03:46:59.657+0000] {logging_mixin.py:188} INFO - [2026-03-23T03:46:59.657+0000] {dag.py:3047} INFO - Sync 1 DAGs
[2026-03-23T03:46:59.671+0000] {logging_mixin.py:188} INFO - [2026-03-23T03:46:59.671+0000] {dag.py:3834} INFO - Setting next_dagrun for tutorial_dag to None, run_after=None
[2026-03-23T03:46:59.696+0000] {processor.py:183} INFO - Processing /home/airflow/.local/lib/python3.8/site-packages/airflow/example_dags/tutorial_dag.py took 0.071 seconds
[2026-03-23T03:47:29.879+0000] {processor.py:161} INFO - Started process (PID=1189) to work on /home/airflow/.local/lib/python3.8/site-packages/airflow/example_dags/tutorial_dag.py
[2026-03-23T03:47:29.880+0000] {processor.py:830} INFO - Processing file /home/airflow/.local/lib/python3.8/site-packages/airflow/example_dags/tutorial_dag.py for tasks to queue
[2026-03-23T03:47:29.882+0000] {logging_mixin.py:188} INFO - [2026-03-23T03:47:29.881+0000] {dagbag.py:540} INFO - Filling up the DagBag from /home/airflow/.local/lib/python3.8/site-packages/airflow/example_dags/tutorial_dag.py
[2026-03-23T03:47:29.887+0000] {processor.py:840} INFO - DAG(s) 'tutorial_dag' retrieved from /home/airflow/.local/lib/python3.8/site-packages/airflow/example_dags/tutorial_dag.py
[2026-03-23T03:47:29.906+0000] {logging_mixin.py:188} INFO - [2026-03-23T03:47:29.905+0000] {dag.py:3047} INFO - Sync 1 DAGs
[2026-03-23T03:47:29.916+0000] {logging_mixin.py:188} INFO - [2026-03-23T03:47:29.916+0000] {dag.py:3834} INFO - Setting next_dagrun for tutorial_dag to None, run_after=None
[2026-03-23T03:47:29.939+0000] {processor.py:183} INFO - Processing /home/airflow/.local/lib/python3.8/site-packages/airflow/example_dags/tutorial_dag.py took 0.063 seconds
[2026-03-23T03:48:00.151+0000] {processor.py:161} INFO - Started process (PID=1244) to work on /home/airflow/.local/lib/python3.8/site-packages/airflow/example_dags/tutorial_dag.py
[2026-03-23T03:48:00.152+0000] {processor.py:830} INFO - Processing file /home/airflow/.local/lib/python3.8/site-packages/airflow/example_dags/tutorial_dag.py for tasks to queue
[2026-03-23T03:48:00.153+0000] {logging_mixin.py:188} INFO - [2026-03-23T03:48:00.153+0000] {dagbag.py:540} INFO - Filling up the DagBag from /home/airflow/.local/lib/python3.8/site-packages/airflow/example_dags/tutorial_dag.py
[2026-03-23T03:48:00.158+0000] {processor.py:840} INFO - DAG(s) 'tutorial_dag' retrieved from /home/airflow/.local/lib/python3.8/site-packages/airflow/example_dags/tutorial_dag.py
[2026-03-23T03:48:00.177+0000] {logging_mixin.py:188} INFO - [2026-03-23T03:48:00.177+0000] {dag.py:3047} INFO - Sync 1 DAGs
[2026-03-23T03:48:00.188+0000] {logging_mixin.py:188} INFO - [2026-03-23T03:48:00.188+0000] {dag.py:3834} INFO - Setting next_dagrun for tutorial_dag to None, run_after=None
[2026-03-23T03:48:00.211+0000] {processor.py:183} INFO - Processing /home/airflow/.local/lib/python3.8/site-packages/airflow/example_dags/tutorial_dag.py took 0.063 seconds
[2026-03-23T03:48:30.715+0000] {processor.py:161} INFO - Started process (PID=1299) to work on /home/airflow/.local/lib/python3.8/site-packages/airflow/example_dags/tutorial_dag.py
[2026-03-23T03:48:30.716+0000] {processor.py:830} INFO - Processing file /home/airflow/.local/lib/python3.8/site-packages/airflow/example_dags/tutorial_dag.py for tasks to queue
[2026-03-23T03:48:30.718+0000] {logging_mixin.py:188} INFO - [2026-03-23T03:48:30.718+0000] {dagbag.py:540} INFO - Filling up the DagBag from /home/airflow/.local/lib/python3.8/site-packages/airflow/example_dags/tutorial_dag.py
[2026-03-23T03:48:30.726+0000] {processor.py:840} INFO - DAG(s) 'tutorial_dag' retrieved from /home/airflow/.local/lib/python3.8/site-packages/airflow/example_dags/tutorial_dag.py
[2026-03-23T03:48:30.750+0000] {logging_mixin.py:188} INFO - [2026-03-23T03:48:30.750+0000] {dag.py:3047} INFO - Sync 1 DAGs
[2026-03-23T03:48:30.766+0000] {logging_mixin.py:188} INFO - [2026-03-23T03:48:30.766+0000] {dag.py:3834} INFO - Setting next_dagrun for tutorial_dag to None, run_after=None
[2026-03-23T03:48:30.793+0000] {processor.py:183} INFO - Processing /home/airflow/.local/lib/python3.8/site-packages/airflow/example_dags/tutorial_dag.py took 0.082 seconds
[2026-03-23T03:49:01.073+0000] {processor.py:161} INFO - Started process (PID=1354) to work on /home/airflow/.local/lib/python3.8/site-packages/airflow/example_dags/tutorial_dag.py
[2026-03-23T03:49:01.074+0000] {processor.py:830} INFO - Processing file /home/airflow/.local/lib/python3.8/site-packages/airflow/example_dags/tutorial_dag.py for tasks to queue
[2026-03-23T03:49:01.076+0000] {logging_mixin.py:188} INFO - [2026-03-23T03:49:01.076+0000] {dagbag.py:540} INFO - Filling up the DagBag from /home/airflow/.local/lib/python3.8/site-packages/airflow/example_dags/tutorial_dag.py
[2026-03-23T03:49:01.083+0000] {processor.py:840} INFO - DAG(s) 'tutorial_dag' retrieved from /home/airflow/.local/lib/python3.8/site-packages/airflow/example_dags/tutorial_dag.py
[2026-03-23T03:49:01.112+0000] {logging_mixin.py:188} INFO - [2026-03-23T03:49:01.111+0000] {dag.py:3047} INFO - Sync 1 DAGs
[2026-03-23T03:49:01.128+0000] {logging_mixin.py:188} INFO - [2026-03-23T03:49:01.128+0000] {dag.py:3834} INFO - Setting next_dagrun for tutorial_dag to None, run_after=None
[2026-03-23T03:49:01.157+0000] {processor.py:183} INFO - Processing /home/airflow/.local/lib/python3.8/site-packages/airflow/example_dags/tutorial_dag.py took 0.088 seconds
[2026-03-23T03:49:31.310+0000] {processor.py:161} INFO - Started process (PID=1409) to work on /home/airflow/.local/lib/python3.8/site-packages/airflow/example_dags/tutorial_dag.py
[2026-03-23T03:49:31.312+0000] {processor.py:830} INFO - Processing file /home/airflow/.local/lib/python3.8/site-packages/airflow/example_dags/tutorial_dag.py for tasks to queue
[2026-03-23T03:49:31.313+0000] {logging_mixin.py:188} INFO - [2026-03-23T03:49:31.313+0000] {dagbag.py:540} INFO - Filling up the DagBag from /home/airflow/.local/lib/python3.8/site-packages/airflow/example_dags/tutorial_dag.py
[2026-03-23T03:49:31.318+0000] {processor.py:840} INFO - DAG(s) 'tutorial_dag' retrieved from /home/airflow/.local/lib/python3.8/site-packages/airflow/example_dags/tutorial_dag.py
[2026-03-23T03:49:31.338+0000] {logging_mixin.py:188} INFO - [2026-03-23T03:49:31.338+0000] {dag.py:3047} INFO - Sync 1 DAGs
[2026-03-23T03:49:31.349+0000] {logging_mixin.py:188} INFO - [2026-03-23T03:49:31.349+0000] {dag.py:3834} INFO - Setting next_dagrun for tutorial_dag to None, run_after=None
[2026-03-23T03:49:31.371+0000] {processor.py:183} INFO - Processing /home/airflow/.local/lib/python3.8/site-packages/airflow/example_dags/tutorial_dag.py took 0.063 seconds
[2026-03-23T03:50:48.028+0000] {processor.py:161} INFO - Started process (PID=89) to work on /home/airflow/.local/lib/python3.8/site-packages/airflow/example_dags/tutorial_dag.py
[2026-03-23T03:50:48.030+0000] {processor.py:830} INFO - Processing file /home/airflow/.local/lib/python3.8/site-packages/airflow/example_dags/tutorial_dag.py for tasks to queue
[2026-03-23T03:50:48.034+0000] {logging_mixin.py:188} INFO - [2026-03-23T03:50:48.033+0000] {dagbag.py:540} INFO - Filling up the DagBag from /home/airflow/.local/lib/python3.8/site-packages/airflow/example_dags/tutorial_dag.py
[2026-03-23T03:50:48.046+0000] {processor.py:840} INFO - DAG(s) 'tutorial_dag' retrieved from /home/airflow/.local/lib/python3.8/site-packages/airflow/example_dags/tutorial_dag.py
[2026-03-23T03:50:48.077+0000] {logging_mixin.py:188} INFO - [2026-03-23T03:50:48.077+0000] {dag.py:3047} INFO - Sync 1 DAGs
[2026-03-23T03:50:48.112+0000] {logging_mixin.py:188} INFO - [2026-03-23T03:50:48.111+0000] {dag.py:3834} INFO - Setting next_dagrun for tutorial_dag to None, run_after=None
[2026-03-23T03:50:48.163+0000] {processor.py:183} INFO - Processing /home/airflow/.local/lib/python3.8/site-packages/airflow/example_dags/tutorial_dag.py took 0.141 seconds
[2026-03-23T03:51:19.714+0000] {processor.py:161} INFO - Started process (PID=144) to work on /home/airflow/.local/lib/python3.8/site-packages/airflow/example_dags/tutorial_dag.py
[2026-03-23T03:51:19.715+0000] {processor.py:830} INFO - Processing file /home/airflow/.local/lib/python3.8/site-packages/airflow/example_dags/tutorial_dag.py for tasks to queue
[2026-03-23T03:51:19.717+0000] {logging_mixin.py:188} INFO - [2026-03-23T03:51:19.716+0000] {dagbag.py:540} INFO - Filling up the DagBag from /home/airflow/.local/lib/python3.8/site-packages/airflow/example_dags/tutorial_dag.py
[2026-03-23T03:51:19.723+0000] {processor.py:840} INFO - DAG(s) 'tutorial_dag' retrieved from /home/airflow/.local/lib/python3.8/site-packages/airflow/example_dags/tutorial_dag.py
[2026-03-23T03:51:19.842+0000] {logging_mixin.py:188} INFO - [2026-03-23T03:51:19.842+0000] {dag.py:3047} INFO - Sync 1 DAGs
[2026-03-23T03:51:19.854+0000] {logging_mixin.py:188} INFO - [2026-03-23T03:51:19.854+0000] {dag.py:3834} INFO - Setting next_dagrun for tutorial_dag to None, run_after=None
[2026-03-23T03:51:19.882+0000] {processor.py:183} INFO - Processing /home/airflow/.local/lib/python3.8/site-packages/airflow/example_dags/tutorial_dag.py took 0.172 seconds
[2026-03-23T03:51:49.988+0000] {processor.py:161} INFO - Started process (PID=199) to work on /home/airflow/.local/lib/python3.8/site-packages/airflow/example_dags/tutorial_dag.py
[2026-03-23T03:51:49.990+0000] {processor.py:830} INFO - Processing file /home/airflow/.local/lib/python3.8/site-packages/airflow/example_dags/tutorial_dag.py for tasks to queue
[2026-03-23T03:51:49.991+0000] {logging_mixin.py:188} INFO - [2026-03-23T03:51:49.991+0000] {dagbag.py:540} INFO - Filling up the DagBag from /home/airflow/.local/lib/python3.8/site-packages/airflow/example_dags/tutorial_dag.py
[2026-03-23T03:51:49.997+0000] {processor.py:840} INFO - DAG(s) 'tutorial_dag' retrieved from /home/airflow/.local/lib/python3.8/site-packages/airflow/example_dags/tutorial_dag.py
[2026-03-23T03:51:50.019+0000] {logging_mixin.py:188} INFO - [2026-03-23T03:51:50.018+0000] {dag.py:3047} INFO - Sync 1 DAGs
[2026-03-23T03:51:50.034+0000] {logging_mixin.py:188} INFO - [2026-03-23T03:51:50.034+0000] {dag.py:3834} INFO - Setting next_dagrun for tutorial_dag to None, run_after=None
[2026-03-23T03:51:50.061+0000] {processor.py:183} INFO - Processing /home/airflow/.local/lib/python3.8/site-packages/airflow/example_dags/tutorial_dag.py took 0.076 seconds
[2026-03-23T03:52:20.122+0000] {processor.py:161} INFO - Started process (PID=254) to work on /home/airflow/.local/lib/python3.8/site-packages/airflow/example_dags/tutorial_dag.py
[2026-03-23T03:52:20.124+0000] {processor.py:830} INFO - Processing file /home/airflow/.local/lib/python3.8/site-packages/airflow/example_dags/tutorial_dag.py for tasks to queue
[2026-03-23T03:52:20.126+0000] {logging_mixin.py:188} INFO - [2026-03-23T03:52:20.126+0000] {dagbag.py:540} INFO - Filling up the DagBag from /home/airflow/.local/lib/python3.8/site-packages/airflow/example_dags/tutorial_dag.py
[2026-03-23T03:52:20.132+0000] {processor.py:840} INFO - DAG(s) 'tutorial_dag' retrieved from /home/airflow/.local/lib/python3.8/site-packages/airflow/example_dags/tutorial_dag.py
[2026-03-23T03:52:20.159+0000] {logging_mixin.py:188} INFO - [2026-03-23T03:52:20.159+0000] {dag.py:3047} INFO - Sync 1 DAGs
[2026-03-23T03:52:20.177+0000] {logging_mixin.py:188} INFO - [2026-03-23T03:52:20.176+0000] {dag.py:3834} INFO - Setting next_dagrun for tutorial_dag to None, run_after=None
[2026-03-23T03:52:20.205+0000] {processor.py:183} INFO - Processing /home/airflow/.local/lib/python3.8/site-packages/airflow/example_dags/tutorial_dag.py took 0.086 seconds
[2026-03-23T03:52:51.112+0000] {processor.py:161} INFO - Started process (PID=309) to work on /home/airflow/.local/lib/python3.8/site-packages/airflow/example_dags/tutorial_dag.py
[2026-03-23T03:52:51.114+0000] {processor.py:830} INFO - Processing file /home/airflow/.local/lib/python3.8/site-packages/airflow/example_dags/tutorial_dag.py for tasks to queue
[2026-03-23T03:52:51.116+0000] {logging_mixin.py:188} INFO - [2026-03-23T03:52:51.115+0000] {dagbag.py:540} INFO - Filling up the DagBag from /home/airflow/.local/lib/python3.8/site-packages/airflow/example_dags/tutorial_dag.py
[2026-03-23T03:52:51.121+0000] {processor.py:840} INFO - DAG(s) 'tutorial_dag' retrieved from /home/airflow/.local/lib/python3.8/site-packages/airflow/example_dags/tutorial_dag.py
[2026-03-23T03:52:51.143+0000] {logging_mixin.py:188} INFO - [2026-03-23T03:52:51.143+0000] {dag.py:3047} INFO - Sync 1 DAGs
[2026-03-23T03:52:51.156+0000] {logging_mixin.py:188} INFO - [2026-03-23T03:52:51.156+0000] {dag.py:3834} INFO - Setting next_dagrun for tutorial_dag to None, run_after=None
[2026-03-23T03:52:51.178+0000] {processor.py:183} INFO - Processing /home/airflow/.local/lib/python3.8/site-packages/airflow/example_dags/tutorial_dag.py took 0.069 seconds
[2026-03-23T03:53:21.931+0000] {processor.py:161} INFO - Started process (PID=364) to work on /home/airflow/.local/lib/python3.8/site-packages/airflow/example_dags/tutorial_dag.py
[2026-03-23T03:53:21.932+0000] {processor.py:830} INFO - Processing file /home/airflow/.local/lib/python3.8/site-packages/airflow/example_dags/tutorial_dag.py for tasks to queue
[2026-03-23T03:53:21.934+0000] {logging_mixin.py:188} INFO - [2026-03-23T03:53:21.934+0000] {dagbag.py:540} INFO - Filling up the DagBag from /home/airflow/.local/lib/python3.8/site-packages/airflow/example_dags/tutorial_dag.py
[2026-03-23T03:53:21.940+0000] {processor.py:840} INFO - DAG(s) 'tutorial_dag' retrieved from /home/airflow/.local/lib/python3.8/site-packages/airflow/example_dags/tutorial_dag.py
[2026-03-23T03:53:21.961+0000] {logging_mixin.py:188} INFO - [2026-03-23T03:53:21.961+0000] {dag.py:3047} INFO - Sync 1 DAGs
[2026-03-23T03:53:21.976+0000] {logging_mixin.py:188} INFO - [2026-03-23T03:53:21.975+0000] {dag.py:3834} INFO - Setting next_dagrun for tutorial_dag to None, run_after=None
[2026-03-23T03:53:22.002+0000] {processor.py:183} INFO - Processing /home/airflow/.local/lib/python3.8/site-packages/airflow/example_dags/tutorial_dag.py took 0.075 seconds
[2026-03-23T03:53:52.292+0000] {processor.py:161} INFO - Started process (PID=419) to work on /home/airflow/.local/lib/python3.8/site-packages/airflow/example_dags/tutorial_dag.py
[2026-03-23T03:53:52.294+0000] {processor.py:830} INFO - Processing file /home/airflow/.local/lib/python3.8/site-packages/airflow/example_dags/tutorial_dag.py for tasks to queue
[2026-03-23T03:53:52.297+0000] {logging_mixin.py:188} INFO - [2026-03-23T03:53:52.296+0000] {dagbag.py:540} INFO - Filling up the DagBag from /home/airflow/.local/lib/python3.8/site-packages/airflow/example_dags/tutorial_dag.py
[2026-03-23T03:53:52.306+0000] {processor.py:840} INFO - DAG(s) 'tutorial_dag' retrieved from /home/airflow/.local/lib/python3.8/site-packages/airflow/example_dags/tutorial_dag.py
[2026-03-23T03:53:52.334+0000] {logging_mixin.py:188} INFO - [2026-03-23T03:53:52.333+0000] {dag.py:3047} INFO - Sync 1 DAGs
[2026-03-23T03:53:52.351+0000] {logging_mixin.py:188} INFO - [2026-03-23T03:53:52.351+0000] {dag.py:3834} INFO - Setting next_dagrun for tutorial_dag to None, run_after=None
[2026-03-23T03:53:52.387+0000] {processor.py:183} INFO - Processing /home/airflow/.local/lib/python3.8/site-packages/airflow/example_dags/tutorial_dag.py took 0.099 seconds
[2026-03-23T03:54:22.522+0000] {processor.py:161} INFO - Started process (PID=474) to work on /home/airflow/.local/lib/python3.8/site-packages/airflow/example_dags/tutorial_dag.py
[2026-03-23T03:54:22.523+0000] {processor.py:830} INFO - Processing file /home/airflow/.local/lib/python3.8/site-packages/airflow/example_dags/tutorial_dag.py for tasks to queue
[2026-03-23T03:54:22.525+0000] {logging_mixin.py:188} INFO - [2026-03-23T03:54:22.525+0000] {dagbag.py:540} INFO - Filling up the DagBag from /home/airflow/.local/lib/python3.8/site-packages/airflow/example_dags/tutorial_dag.py
[2026-03-23T03:54:22.531+0000] {processor.py:840} INFO - DAG(s) 'tutorial_dag' retrieved from /home/airflow/.local/lib/python3.8/site-packages/airflow/example_dags/tutorial_dag.py
[2026-03-23T03:54:22.554+0000] {logging_mixin.py:188} INFO - [2026-03-23T03:54:22.553+0000] {dag.py:3047} INFO - Sync 1 DAGs
[2026-03-23T03:54:22.569+0000] {logging_mixin.py:188} INFO - [2026-03-23T03:54:22.568+0000] {dag.py:3834} INFO - Setting next_dagrun for tutorial_dag to None, run_after=None
[2026-03-23T03:54:22.594+0000] {processor.py:183} INFO - Processing /home/airflow/.local/lib/python3.8/site-packages/airflow/example_dags/tutorial_dag.py took 0.075 seconds
[2026-03-23T03:54:53.051+0000] {processor.py:161} INFO - Started process (PID=529) to work on /home/airflow/.local/lib/python3.8/site-packages/airflow/example_dags/tutorial_dag.py
[2026-03-23T03:54:53.053+0000] {processor.py:830} INFO - Processing file /home/airflow/.local/lib/python3.8/site-packages/airflow/example_dags/tutorial_dag.py for tasks to queue
[2026-03-23T03:54:53.056+0000] {logging_mixin.py:188} INFO - [2026-03-23T03:54:53.055+0000] {dagbag.py:540} INFO - Filling up the DagBag from /home/airflow/.local/lib/python3.8/site-packages/airflow/example_dags/tutorial_dag.py
[2026-03-23T03:54:53.063+0000] {processor.py:840} INFO - DAG(s) 'tutorial_dag' retrieved from /home/airflow/.local/lib/python3.8/site-packages/airflow/example_dags/tutorial_dag.py
[2026-03-23T03:54:53.088+0000] {logging_mixin.py:188} INFO - [2026-03-23T03:54:53.088+0000] {dag.py:3047} INFO - Sync 1 DAGs
[2026-03-23T03:54:53.104+0000] {logging_mixin.py:188} INFO - [2026-03-23T03:54:53.103+0000] {dag.py:3834} INFO - Setting next_dagrun for tutorial_dag to None, run_after=None
[2026-03-23T03:54:53.137+0000] {processor.py:183} INFO - Processing /home/airflow/.local/lib/python3.8/site-packages/airflow/example_dags/tutorial_dag.py took 0.091 seconds
[2026-03-23T03:55:23.235+0000] {processor.py:161} INFO - Started process (PID=584) to work on /home/airflow/.local/lib/python3.8/site-packages/airflow/example_dags/tutorial_dag.py
[2026-03-23T03:55:23.237+0000] {processor.py:830} INFO - Processing file /home/airflow/.local/lib/python3.8/site-packages/airflow/example_dags/tutorial_dag.py for tasks to queue
[2026-03-23T03:55:23.239+0000] {logging_mixin.py:188} INFO - [2026-03-23T03:55:23.239+0000] {dagbag.py:540} INFO - Filling up the DagBag from /home/airflow/.local/lib/python3.8/site-packages/airflow/example_dags/tutorial_dag.py
[2026-03-23T03:55:23.245+0000] {processor.py:840} INFO - DAG(s) 'tutorial_dag' retrieved from /home/airflow/.local/lib/python3.8/site-packages/airflow/example_dags/tutorial_dag.py
[2026-03-23T03:55:23.271+0000] {logging_mixin.py:188} INFO - [2026-03-23T03:55:23.270+0000] {dag.py:3047} INFO - Sync 1 DAGs
[2026-03-23T03:55:23.283+0000] {logging_mixin.py:188} INFO - [2026-03-23T03:55:23.283+0000] {dag.py:3834} INFO - Setting next_dagrun for tutorial_dag to None, run_after=None
[2026-03-23T03:55:23.304+0000] {processor.py:183} INFO - Processing /home/airflow/.local/lib/python3.8/site-packages/airflow/example_dags/tutorial_dag.py took 0.072 seconds
[2026-03-23T03:55:53.521+0000] {processor.py:161} INFO - Started process (PID=639) to work on /home/airflow/.local/lib/python3.8/site-packages/airflow/example_dags/tutorial_dag.py
[2026-03-23T03:55:53.523+0000] {processor.py:830} INFO - Processing file /home/airflow/.local/lib/python3.8/site-packages/airflow/example_dags/tutorial_dag.py for tasks to queue
[2026-03-23T03:55:53.525+0000] {logging_mixin.py:188} INFO - [2026-03-23T03:55:53.524+0000] {dagbag.py:540} INFO - Filling up the DagBag from /home/airflow/.local/lib/python3.8/site-packages/airflow/example_dags/tutorial_dag.py
[2026-03-23T03:55:53.531+0000] {processor.py:840} INFO - DAG(s) 'tutorial_dag' retrieved from /home/airflow/.local/lib/python3.8/site-packages/airflow/example_dags/tutorial_dag.py
[2026-03-23T03:55:53.553+0000] {logging_mixin.py:188} INFO - [2026-03-23T03:55:53.553+0000] {dag.py:3047} INFO - Sync 1 DAGs
[2026-03-23T03:55:53.568+0000] {logging_mixin.py:188} INFO - [2026-03-23T03:55:53.568+0000] {dag.py:3834} INFO - Setting next_dagrun for tutorial_dag to None, run_after=None
[2026-03-23T03:55:53.591+0000] {processor.py:183} INFO - Processing /home/airflow/.local/lib/python3.8/site-packages/airflow/example_dags/tutorial_dag.py took 0.073 seconds
[2026-03-23T03:56:23.831+0000] {processor.py:161} INFO - Started process (PID=694) to work on /home/airflow/.local/lib/python3.8/site-packages/airflow/example_dags/tutorial_dag.py
[2026-03-23T03:56:23.832+0000] {processor.py:830} INFO - Processing file /home/airflow/.local/lib/python3.8/site-packages/airflow/example_dags/tutorial_dag.py for tasks to queue
[2026-03-23T03:56:23.833+0000] {logging_mixin.py:188} INFO - [2026-03-23T03:56:23.833+0000] {dagbag.py:540} INFO - Filling up the DagBag from /home/airflow/.local/lib/python3.8/site-packages/airflow/example_dags/tutorial_dag.py
[2026-03-23T03:56:23.839+0000] {processor.py:840} INFO - DAG(s) 'tutorial_dag' retrieved from /home/airflow/.local/lib/python3.8/site-packages/airflow/example_dags/tutorial_dag.py
[2026-03-23T03:56:23.859+0000] {logging_mixin.py:188} INFO - [2026-03-23T03:56:23.859+0000] {dag.py:3047} INFO - Sync 1 DAGs
[2026-03-23T03:56:23.872+0000] {logging_mixin.py:188} INFO - [2026-03-23T03:56:23.872+0000] {dag.py:3834} INFO - Setting next_dagrun for tutorial_dag to None, run_after=None
[2026-03-23T03:56:23.894+0000] {processor.py:183} INFO - Processing /home/airflow/.local/lib/python3.8/site-packages/airflow/example_dags/tutorial_dag.py took 0.066 seconds
