[2026-03-23T09:38:20.388+0000] {taskinstance.py:1979} INFO - Dependencies all met for dep_context=non-requeueable deps ti=<TaskInstance: example_branch_operator.branching_venv scheduled__2026-03-22T00:00:00+00:00 [queued]>
[2026-03-23T09:38:20.410+0000] {taskinstance.py:1979} INFO - Dependencies all met for dep_context=requeueable deps ti=<TaskInstance: example_branch_operator.branching_venv scheduled__2026-03-22T00:00:00+00:00 [queued]>
[2026-03-23T09:38:20.412+0000] {taskinstance.py:2193} INFO - Starting attempt 1 of 1
[2026-03-23T09:38:20.446+0000] {taskinstance.py:2217} INFO - Executing <Task(BranchPythonVirtualenvOperator): branching_venv> on 2026-03-22 00:00:00+00:00
[2026-03-23T09:38:20.459+0000] {standard_task_runner.py:60} INFO - Started process 236 to run task
[2026-03-23T09:38:20.465+0000] {standard_task_runner.py:87} INFO - Running: ['***', 'tasks', 'run', 'example_branch_operator', 'branching_venv', 'scheduled__2026-03-22T00:00:00+00:00', '--job-id', '12', '--raw', '--subdir', '/home/***/.local/lib/python3.8/site-packages/***/example_dags/example_branch_operator.py', '--cfg-path', '/tmp/tmp2njp0s2t']
[2026-03-23T09:38:20.470+0000] {standard_task_runner.py:88} INFO - Job 12: Subtask branching_venv
[2026-03-23T09:38:20.570+0000] {task_command.py:423} INFO - Running <TaskInstance: example_branch_operator.branching_venv scheduled__2026-03-22T00:00:00+00:00 [running]> on host 69bc8a9e394b
[2026-03-23T09:38:20.716+0000] {taskinstance.py:2513} INFO - Exporting env vars: AIRFLOW_CTX_DAG_OWNER='***' AIRFLOW_CTX_DAG_ID='example_branch_operator' AIRFLOW_CTX_TASK_ID='branching_venv' AIRFLOW_CTX_EXECUTION_DATE='2026-03-22T00:00:00+00:00' AIRFLOW_CTX_TRY_NUMBER='1' AIRFLOW_CTX_DAG_RUN_ID='scheduled__2026-03-22T00:00:00+00:00'
[2026-03-23T09:38:20.736+0000] {python.py:672} INFO - Python virtual environment will be cached in /tmp/venv-ebe3c33d
[2026-03-23T09:38:36.110+0000] {python.py:684} INFO - Re-using cached Python virtual environment in /tmp/venv-ebe3c33d
[2026-03-23T09:38:36.126+0000] {process_utils.py:182} INFO - Executing cmd: /tmp/venv-ebe3c33d/bin/python /tmp/venv-call2qd8rszu/script.py /tmp/venv-call2qd8rszu/script.in /tmp/venv-call2qd8rszu/script.out /tmp/venv-call2qd8rszu/string_args.txt /tmp/venv-call2qd8rszu/termination.log
[2026-03-23T09:38:36.157+0000] {process_utils.py:186} INFO - Output:
[2026-03-23T09:38:38.957+0000] {process_utils.py:190} INFO - Some numpy stuff: [0 1 2 3 4 5]
[2026-03-23T09:38:39.265+0000] {python.py:202} INFO - Done. Returned value was: venv_d
[2026-03-23T09:38:39.266+0000] {branch.py:35} INFO - Branch into venv_d
[2026-03-23T09:38:39.267+0000] {skipmixin.py:178} INFO - Following branch venv_d
[2026-03-23T09:38:39.324+0000] {skipmixin.py:244} INFO - Skipping tasks [('venv_c', -1), ('venv_b', -1), ('venv_a', -1)]
[2026-03-23T09:38:39.408+0000] {taskinstance.py:1149} INFO - Marking task as SUCCESS. dag_id=example_branch_operator, task_id=branching_venv, execution_date=20260322T000000, start_date=20260323T093820, end_date=20260323T093839
[2026-03-23T09:38:39.487+0000] {local_task_job_runner.py:234} INFO - Task exited with return code 0
[2026-03-23T09:38:39.549+0000] {taskinstance.py:3312} INFO - 1 downstream tasks scheduled from follow-on schedule check
