[2026-03-23T04:30:59.504+0000] {taskinstance.py:1979} INFO - Dependencies all met for dep_context=non-requeueable deps ti=<TaskInstance: tutorial.templated scheduled__2026-03-22T00:00:00+00:00 [queued]>
[2026-03-23T04:30:59.533+0000] {taskinstance.py:1979} INFO - Dependencies all met for dep_context=requeueable deps ti=<TaskInstance: tutorial.templated scheduled__2026-03-22T00:00:00+00:00 [queued]>
[2026-03-23T04:30:59.535+0000] {taskinstance.py:2193} INFO - Starting attempt 1 of 2
[2026-03-23T04:30:59.576+0000] {taskinstance.py:2217} INFO - Executing <Task(BashOperator): templated> on 2026-03-22 00:00:00+00:00
[2026-03-23T04:30:59.589+0000] {standard_task_runner.py:60} INFO - Started process 238 to run task
[2026-03-23T04:30:59.593+0000] {standard_task_runner.py:87} INFO - Running: ['***', 'tasks', 'run', 'tutorial', 'templated', 'scheduled__2026-03-22T00:00:00+00:00', '--job-id', '15', '--raw', '--subdir', '/home/***/.local/lib/python3.8/site-packages/***/example_dags/tutorial.py', '--cfg-path', '/tmp/tmpjpqg34ha']
[2026-03-23T04:30:59.598+0000] {standard_task_runner.py:88} INFO - Job 15: Subtask templated
[2026-03-23T04:30:59.689+0000] {task_command.py:423} INFO - Running <TaskInstance: tutorial.templated scheduled__2026-03-22T00:00:00+00:00 [running]> on host 7fe58015eb78
[2026-03-23T04:30:59.839+0000] {taskinstance.py:2513} INFO - Exporting env vars: AIRFLOW_CTX_DAG_EMAIL='***@example.com' AIRFLOW_CTX_DAG_OWNER='***' AIRFLOW_CTX_DAG_ID='tutorial' AIRFLOW_CTX_TASK_ID='templated' AIRFLOW_CTX_EXECUTION_DATE='2026-03-22T00:00:00+00:00' AIRFLOW_CTX_TRY_NUMBER='1' AIRFLOW_CTX_DAG_RUN_ID='scheduled__2026-03-22T00:00:00+00:00'
[2026-03-23T04:30:59.844+0000] {subprocess.py:63} INFO - Tmp dir root location: /tmp
[2026-03-23T04:30:59.847+0000] {subprocess.py:75} INFO - Running command: ['/usr/bin/bash', '-c', '\n\n    echo "2026-03-22"\n    echo "2026-03-29"\n\n    echo "2026-03-22"\n    echo "2026-03-29"\n\n    echo "2026-03-22"\n    echo "2026-03-29"\n\n    echo "2026-03-22"\n    echo "2026-03-29"\n\n    echo "2026-03-22"\n    echo "2026-03-29"\n']
[2026-03-23T04:30:59.887+0000] {subprocess.py:86} INFO - Output:
[2026-03-23T04:30:59.890+0000] {subprocess.py:93} INFO - 2026-03-22
[2026-03-23T04:30:59.891+0000] {subprocess.py:93} INFO - 2026-03-29
[2026-03-23T04:30:59.892+0000] {subprocess.py:93} INFO - 2026-03-22
[2026-03-23T04:30:59.892+0000] {subprocess.py:93} INFO - 2026-03-29
[2026-03-23T04:30:59.893+0000] {subprocess.py:93} INFO - 2026-03-22
[2026-03-23T04:30:59.894+0000] {subprocess.py:93} INFO - 2026-03-29
[2026-03-23T04:30:59.895+0000] {subprocess.py:93} INFO - 2026-03-22
[2026-03-23T04:30:59.895+0000] {subprocess.py:93} INFO - 2026-03-29
[2026-03-23T04:30:59.896+0000] {subprocess.py:93} INFO - 2026-03-22
[2026-03-23T04:30:59.897+0000] {subprocess.py:93} INFO - 2026-03-29
[2026-03-23T04:30:59.899+0000] {subprocess.py:97} INFO - Command exited with return code 0
[2026-03-23T04:30:59.953+0000] {taskinstance.py:1149} INFO - Marking task as SUCCESS. dag_id=tutorial, task_id=templated, execution_date=20260322T000000, start_date=20260323T043059, end_date=20260323T043059
[2026-03-23T04:31:00.009+0000] {local_task_job_runner.py:234} INFO - Task exited with return code 0
[2026-03-23T04:31:00.041+0000] {taskinstance.py:3312} INFO - 0 downstream tasks scheduled from follow-on schedule check
