[2026-03-23T09:38:20.374+0000] {taskinstance.py:1979} INFO - Dependencies all met for dep_context=non-requeueable deps ti=<TaskInstance: example_branch_operator.branching_venv manual__2026-03-23T09:37:39.776946+00:00 [queued]>
[2026-03-23T09:38:20.394+0000] {taskinstance.py:1979} INFO - Dependencies all met for dep_context=requeueable deps ti=<TaskInstance: example_branch_operator.branching_venv manual__2026-03-23T09:37:39.776946+00:00 [queued]>
[2026-03-23T09:38:20.395+0000] {taskinstance.py:2193} INFO - Starting attempt 1 of 1
[2026-03-23T09:38:20.426+0000] {taskinstance.py:2217} INFO - Executing <Task(BranchPythonVirtualenvOperator): branching_venv> on 2026-03-23 09:37:39.776946+00:00
[2026-03-23T09:38:20.440+0000] {standard_task_runner.py:60} INFO - Started process 235 to run task
[2026-03-23T09:38:20.446+0000] {standard_task_runner.py:87} INFO - Running: ['***', 'tasks', 'run', 'example_branch_operator', 'branching_venv', 'manual__2026-03-23T09:37:39.776946+00:00', '--job-id', '11', '--raw', '--subdir', '/home/***/.local/lib/python3.8/site-packages/***/example_dags/example_branch_operator.py', '--cfg-path', '/tmp/tmpihp9kmux']
[2026-03-23T09:38:20.451+0000] {standard_task_runner.py:88} INFO - Job 11: Subtask branching_venv
[2026-03-23T09:38:20.538+0000] {task_command.py:423} INFO - Running <TaskInstance: example_branch_operator.branching_venv manual__2026-03-23T09:37:39.776946+00:00 [running]> on host 69bc8a9e394b
[2026-03-23T09:38:20.674+0000] {taskinstance.py:2513} INFO - Exporting env vars: AIRFLOW_CTX_DAG_OWNER='***' AIRFLOW_CTX_DAG_ID='example_branch_operator' AIRFLOW_CTX_TASK_ID='branching_venv' AIRFLOW_CTX_EXECUTION_DATE='2026-03-23T09:37:39.776946+00:00' AIRFLOW_CTX_TRY_NUMBER='1' AIRFLOW_CTX_DAG_RUN_ID='manual__2026-03-23T09:37:39.776946+00:00'
[2026-03-23T09:38:20.694+0000] {python.py:672} INFO - Python virtual environment will be cached in /tmp/venv-ebe3c33d
[2026-03-23T09:38:20.700+0000] {process_utils.py:182} INFO - Executing cmd: /usr/local/bin/python -m virtualenv /tmp/venv-ebe3c33d --system-site-packages --python=python
[2026-03-23T09:38:20.728+0000] {process_utils.py:186} INFO - Output:
[2026-03-23T09:38:23.524+0000] {process_utils.py:190} INFO - created virtual environment CPython3.8.18.final.0-64 in 1554ms
[2026-03-23T09:38:23.527+0000] {process_utils.py:190} INFO -   creator CPython3Posix(dest=/tmp/venv-ebe3c33d, clear=False, no_vcs_ignore=False, global=True)
[2026-03-23T09:38:23.528+0000] {process_utils.py:190} INFO -   seeder FromAppData(download=False, pip=bundle, setuptools=bundle, wheel=bundle, via=copy, app_data_dir=/home/***/.local/share/virtualenv)
[2026-03-23T09:38:23.529+0000] {process_utils.py:190} INFO -     added seed packages: pip==24.0, setuptools==69.1.0, wheel==0.42.0
[2026-03-23T09:38:23.531+0000] {process_utils.py:190} INFO -   activators BashActivator,CShellActivator,FishActivator,NushellActivator,PowerShellActivator,PythonActivator
[2026-03-23T09:38:23.639+0000] {process_utils.py:182} INFO - Executing cmd: /tmp/venv-ebe3c33d/bin/pip install -r /tmp/venv-ebe3c33d/requirements.txt
[2026-03-23T09:38:23.671+0000] {process_utils.py:186} INFO - Output:
[2026-03-23T09:38:26.828+0000] {process_utils.py:190} INFO - Requirement already satisfied: numpy~=1.24.4 in /home/***/.local/lib/python3.8/site-packages (from -r /tmp/venv-ebe3c33d/requirements.txt (line 1)) (1.24.4)
[2026-03-23T09:38:35.739+0000] {process_utils.py:190} INFO - 
[2026-03-23T09:38:35.740+0000] {process_utils.py:190} INFO - [notice] A new release of pip is available: 24.0 -> 25.0.1
[2026-03-23T09:38:35.741+0000] {process_utils.py:190} INFO - [notice] To update, run: python -m pip install --upgrade pip
[2026-03-23T09:38:36.107+0000] {python.py:710} INFO - New Python virtual environment created in /tmp/venv-ebe3c33d
[2026-03-23T09:38:36.135+0000] {process_utils.py:182} INFO - Executing cmd: /tmp/venv-ebe3c33d/bin/python /tmp/venv-callepn8bjoa/script.py /tmp/venv-callepn8bjoa/script.in /tmp/venv-callepn8bjoa/script.out /tmp/venv-callepn8bjoa/string_args.txt /tmp/venv-callepn8bjoa/termination.log
[2026-03-23T09:38:36.169+0000] {process_utils.py:186} INFO - Output:
[2026-03-23T09:38:38.957+0000] {process_utils.py:190} INFO - Some numpy stuff: [0 1 2 3 4 5]
[2026-03-23T09:38:39.267+0000] {python.py:202} INFO - Done. Returned value was: venv_a
[2026-03-23T09:38:39.267+0000] {branch.py:35} INFO - Branch into venv_a
[2026-03-23T09:38:39.268+0000] {skipmixin.py:178} INFO - Following branch venv_a
[2026-03-23T09:38:39.322+0000] {skipmixin.py:244} INFO - Skipping tasks [('venv_c', -1), ('venv_b', -1), ('venv_d', -1)]
[2026-03-23T09:38:39.401+0000] {taskinstance.py:1149} INFO - Marking task as SUCCESS. dag_id=example_branch_operator, task_id=branching_venv, execution_date=20260323T093739, start_date=20260323T093820, end_date=20260323T093839
[2026-03-23T09:38:39.453+0000] {local_task_job_runner.py:234} INFO - Task exited with return code 0
[2026-03-23T09:38:39.517+0000] {taskinstance.py:3312} INFO - 1 downstream tasks scheduled from follow-on schedule check
