[2026-03-23T10:22:36.994+0000] {taskinstance.py:1979} INFO - Dependencies all met for dep_context=non-requeueable deps ti=<TaskInstance: our_first_dag.V4.thrid_task scheduled__2025-08-02T00:00:00+00:00 [queued]>
[2026-03-23T10:22:37.012+0000] {taskinstance.py:1979} INFO - Dependencies all met for dep_context=requeueable deps ti=<TaskInstance: our_first_dag.V4.thrid_task scheduled__2025-08-02T00:00:00+00:00 [queued]>
[2026-03-23T10:22:37.015+0000] {taskinstance.py:2193} INFO - Starting attempt 1 of 6
[2026-03-23T10:22:37.050+0000] {taskinstance.py:2217} INFO - Executing <Task(BashOperator): thrid_task> on 2025-08-02 00:00:00+00:00
[2026-03-23T10:22:37.064+0000] {standard_task_runner.py:60} INFO - Started process 1885 to run task
[2026-03-23T10:22:37.072+0000] {standard_task_runner.py:87} INFO - Running: ['***', 'tasks', 'run', 'our_first_dag.V4', 'thrid_task', 'scheduled__2025-08-02T00:00:00+00:00', '--job-id', '510', '--raw', '--subdir', 'DAGS_FOLDER/our_first_dag.py', '--cfg-path', '/tmp/tmp8r35n7hs']
[2026-03-23T10:22:37.076+0000] {standard_task_runner.py:88} INFO - Job 510: Subtask thrid_task
[2026-03-23T10:22:37.180+0000] {task_command.py:423} INFO - Running <TaskInstance: our_first_dag.V4.thrid_task scheduled__2025-08-02T00:00:00+00:00 [running]> on host db60e85c4eb2
[2026-03-23T10:22:37.330+0000] {taskinstance.py:2513} INFO - Exporting env vars: AIRFLOW_CTX_DAG_OWNER='ninepongsapat' AIRFLOW_CTX_DAG_ID='our_first_dag.V4' AIRFLOW_CTX_TASK_ID='thrid_task' AIRFLOW_CTX_EXECUTION_DATE='2025-08-02T00:00:00+00:00' AIRFLOW_CTX_TRY_NUMBER='1' AIRFLOW_CTX_DAG_RUN_ID='scheduled__2025-08-02T00:00:00+00:00'
[2026-03-23T10:22:37.333+0000] {subprocess.py:63} INFO - Tmp dir root location: /tmp
[2026-03-23T10:22:37.335+0000] {subprocess.py:75} INFO - Running command: ['/usr/bin/bash', '-c', "echo hello, i'm task3 and will be running after task1 at the same time with task2"]
[2026-03-23T10:22:37.361+0000] {subprocess.py:86} INFO - Output:
[2026-03-23T10:22:37.365+0000] {subprocess.py:93} INFO - /usr/bin/bash: -c: line 1: unexpected EOF while looking for matching `''
[2026-03-23T10:22:37.367+0000] {subprocess.py:97} INFO - Command exited with return code 2
[2026-03-23T10:22:37.389+0000] {taskinstance.py:2731} ERROR - Task failed with exception
Traceback (most recent call last):
  File "/home/airflow/.local/lib/python3.8/site-packages/airflow/models/taskinstance.py", line 444, in _execute_task
    result = _execute_callable(context=context, **execute_callable_kwargs)
  File "/home/airflow/.local/lib/python3.8/site-packages/airflow/models/taskinstance.py", line 414, in _execute_callable
    return execute_callable(context=context, **execute_callable_kwargs)
  File "/home/airflow/.local/lib/python3.8/site-packages/airflow/operators/bash.py", line 212, in execute
    raise AirflowException(
airflow.exceptions.AirflowException: Bash command failed. The command returned a non-zero exit code 2.
[2026-03-23T10:22:37.397+0000] {taskinstance.py:1149} INFO - Marking task as UP_FOR_RETRY. dag_id=our_first_dag.V4, task_id=thrid_task, execution_date=20250802T000000, start_date=20260323T102236, end_date=20260323T102237
[2026-03-23T10:22:37.428+0000] {standard_task_runner.py:107} ERROR - Failed to execute job 510 for task thrid_task (Bash command failed. The command returned a non-zero exit code 2.; 1885)
[2026-03-23T10:22:37.486+0000] {local_task_job_runner.py:234} INFO - Task exited with return code 1
[2026-03-23T10:22:37.963+0000] {taskinstance.py:3312} INFO - 0 downstream tasks scheduled from follow-on schedule check
